[2024-12-28T19:32:42.836+0000] {local_task_job_runner.py:123} INFO - ::group::Pre task execution logs
[2024-12-28T19:32:42.848+0000] {taskinstance.py:2613} INFO - Dependencies all met for dep_context=non-requeueable deps ti=<TaskInstance: spark_clickhouse_example.spark_submit_job manual__2024-12-28T19:32:42.243219+00:00 [queued]>
[2024-12-28T19:32:42.854+0000] {taskinstance.py:2613} INFO - Dependencies all met for dep_context=requeueable deps ti=<TaskInstance: spark_clickhouse_example.spark_submit_job manual__2024-12-28T19:32:42.243219+00:00 [queued]>
[2024-12-28T19:32:42.854+0000] {taskinstance.py:2866} INFO - Starting attempt 1 of 1
[2024-12-28T19:32:42.864+0000] {taskinstance.py:2889} INFO - Executing <Task(SparkSubmitOperator): spark_submit_job> on 2024-12-28 19:32:42.243219+00:00
[2024-12-28T19:32:42.871+0000] {warnings.py:112} WARNING - /home/***/.local/lib/python3.12/site-packages/***/task/task_runner/standard_task_runner.py:70: DeprecationWarning: This process (pid=1859) is multi-threaded, use of fork() may lead to deadlocks in the child.
  pid = os.fork()

[2024-12-28T19:32:42.872+0000] {standard_task_runner.py:72} INFO - Started process 1860 to run task
[2024-12-28T19:32:42.873+0000] {standard_task_runner.py:104} INFO - Running: ['***', 'tasks', 'run', 'spark_clickhouse_example', 'spark_submit_job', 'manual__2024-12-28T19:32:42.243219+00:00', '--job-id', '14', '--raw', '--subdir', 'DAGS_FOLDER/test_spark_clickhouse.py', '--cfg-path', '/tmp/tmp27myqbvt']
[2024-12-28T19:32:42.874+0000] {standard_task_runner.py:105} INFO - Job 14: Subtask spark_submit_job
[2024-12-28T19:32:42.905+0000] {task_command.py:467} INFO - Running <TaskInstance: spark_clickhouse_example.spark_submit_job manual__2024-12-28T19:32:42.243219+00:00 [running]> on host 471d7521a401
[2024-12-28T19:32:42.968+0000] {taskinstance.py:3132} INFO - Exporting env vars: AIRFLOW_CTX_DAG_OWNER='TKO' AIRFLOW_CTX_DAG_ID='spark_clickhouse_example' AIRFLOW_CTX_TASK_ID='spark_submit_job' AIRFLOW_CTX_EXECUTION_DATE='2024-12-28T19:32:42.243219+00:00' AIRFLOW_CTX_TRY_NUMBER='1' AIRFLOW_CTX_DAG_RUN_ID='manual__2024-12-28T19:32:42.243219+00:00'
[2024-12-28T19:32:42.969+0000] {taskinstance.py:731} INFO - ::endgroup::
[2024-12-28T19:32:42.976+0000] {base.py:84} INFO - Retrieving connection 'spark'
[2024-12-28T19:32:42.977+0000] {spark_submit.py:327} ERROR - Failed to decode base64 keytab: Incorrect padding
[2024-12-28T19:32:42.978+0000] {spark_submit.py:304} INFO - Could not load connection string spark, defaulting to spark://spark-master:7077
[2024-12-28T19:32:42.979+0000] {spark_submit.py:473} INFO - Spark-Submit cmd: spark-submit --master spark://spark-master:7077 --num-executors 1 --total-executor-cores 1 --executor-cores 1 --executor-memory 12g --driver-memory 12g --name arrow-spark --verbose --deploy-mode client dags/spark_app/spark_1.py
[2024-12-28T19:32:44.062+0000] {spark_submit.py:634} INFO - Using properties file: null
[2024-12-28T19:32:44.158+0000] {spark_submit.py:634} INFO - Parsed arguments:
[2024-12-28T19:32:44.158+0000] {spark_submit.py:634} INFO - master                  spark://spark-master:7077
[2024-12-28T19:32:44.159+0000] {spark_submit.py:634} INFO - remote                  null
[2024-12-28T19:32:44.159+0000] {spark_submit.py:634} INFO - deployMode              client
[2024-12-28T19:32:44.159+0000] {spark_submit.py:634} INFO - executorMemory          12g
[2024-12-28T19:32:44.159+0000] {spark_submit.py:634} INFO - executorCores           1
[2024-12-28T19:32:44.159+0000] {spark_submit.py:634} INFO - totalExecutorCores      1
[2024-12-28T19:32:44.160+0000] {spark_submit.py:634} INFO - propertiesFile          null
[2024-12-28T19:32:44.160+0000] {spark_submit.py:634} INFO - driverMemory            12g
[2024-12-28T19:32:44.160+0000] {spark_submit.py:634} INFO - driverCores             null
[2024-12-28T19:32:44.160+0000] {spark_submit.py:634} INFO - driverExtraClassPath    null
[2024-12-28T19:32:44.160+0000] {spark_submit.py:634} INFO - driverExtraLibraryPath  null
[2024-12-28T19:32:44.161+0000] {spark_submit.py:634} INFO - driverExtraJavaOptions  null
[2024-12-28T19:32:44.161+0000] {spark_submit.py:634} INFO - supervise               false
[2024-12-28T19:32:44.161+0000] {spark_submit.py:634} INFO - queue                   null
[2024-12-28T19:32:44.161+0000] {spark_submit.py:634} INFO - numExecutors            1
[2024-12-28T19:32:44.161+0000] {spark_submit.py:634} INFO - files                   null
[2024-12-28T19:32:44.162+0000] {spark_submit.py:634} INFO - pyFiles                 null
[2024-12-28T19:32:44.162+0000] {spark_submit.py:634} INFO - archives                null
[2024-12-28T19:32:44.162+0000] {spark_submit.py:634} INFO - mainClass               null
[2024-12-28T19:32:44.162+0000] {spark_submit.py:634} INFO - primaryResource         file:/opt/***/dags/spark_app/spark_1.py
[2024-12-28T19:32:44.162+0000] {spark_submit.py:634} INFO - name                    arrow-spark
[2024-12-28T19:32:44.162+0000] {spark_submit.py:634} INFO - childArgs               []
[2024-12-28T19:32:44.163+0000] {spark_submit.py:634} INFO - jars                    null
[2024-12-28T19:32:44.163+0000] {spark_submit.py:634} INFO - packages                null
[2024-12-28T19:32:44.163+0000] {spark_submit.py:634} INFO - packagesExclusions      null
[2024-12-28T19:32:44.163+0000] {spark_submit.py:634} INFO - repositories            null
[2024-12-28T19:32:44.163+0000] {spark_submit.py:634} INFO - verbose                 true
[2024-12-28T19:32:44.163+0000] {spark_submit.py:634} INFO - 
[2024-12-28T19:32:44.163+0000] {spark_submit.py:634} INFO - Spark properties used, including those specified through
[2024-12-28T19:32:44.163+0000] {spark_submit.py:634} INFO - --conf and those from the properties file null:
[2024-12-28T19:32:44.164+0000] {spark_submit.py:634} INFO - (spark.driver.memory,12g)
[2024-12-28T19:32:44.164+0000] {spark_submit.py:634} INFO - 
[2024-12-28T19:32:44.164+0000] {spark_submit.py:634} INFO - 
[2024-12-28T19:32:44.358+0000] {spark_submit.py:634} INFO - Main class:
[2024-12-28T19:32:44.358+0000] {spark_submit.py:634} INFO - org.apache.spark.deploy.PythonRunner
[2024-12-28T19:32:44.358+0000] {spark_submit.py:634} INFO - Arguments:
[2024-12-28T19:32:44.358+0000] {spark_submit.py:634} INFO - file:/opt/***/dags/spark_app/spark_1.py
[2024-12-28T19:32:44.359+0000] {spark_submit.py:634} INFO - null
[2024-12-28T19:32:44.360+0000] {spark_submit.py:634} INFO - Spark config:
[2024-12-28T19:32:44.360+0000] {spark_submit.py:634} INFO - (spark.app.name,arrow-spark)
[2024-12-28T19:32:44.360+0000] {spark_submit.py:634} INFO - (spark.app.submitTime,1735414364343)
[2024-12-28T19:32:44.361+0000] {spark_submit.py:634} INFO - (spark.cores.max,1)
[2024-12-28T19:32:44.361+0000] {spark_submit.py:634} INFO - (spark.driver.memory,12g)
[2024-12-28T19:32:44.361+0000] {spark_submit.py:634} INFO - (spark.executor.cores,1)
[2024-12-28T19:32:44.361+0000] {spark_submit.py:634} INFO - (spark.executor.memory,12g)
[2024-12-28T19:32:44.361+0000] {spark_submit.py:634} INFO - (spark.master,spark://spark-master:7077)
[2024-12-28T19:32:44.362+0000] {spark_submit.py:634} INFO - (spark.submit.deployMode,client)
[2024-12-28T19:32:44.362+0000] {spark_submit.py:634} INFO - (spark.submit.pyFiles,)
[2024-12-28T19:32:44.362+0000] {spark_submit.py:634} INFO - Classpath elements:
[2024-12-28T19:32:44.362+0000] {spark_submit.py:634} INFO - 
[2024-12-28T19:32:44.362+0000] {spark_submit.py:634} INFO - 
[2024-12-28T19:32:44.362+0000] {spark_submit.py:634} INFO - 
[2024-12-28T19:32:45.425+0000] {spark_submit.py:634} INFO - 24/12/28 19:32:45 INFO SparkContext: Running Spark version 3.5.4
[2024-12-28T19:32:45.427+0000] {spark_submit.py:634} INFO - 24/12/28 19:32:45 INFO SparkContext: OS info Linux, 5.10.0-33-cloud-amd64, amd64
[2024-12-28T19:32:45.427+0000] {spark_submit.py:634} INFO - 24/12/28 19:32:45 INFO SparkContext: Java version 17.0.13
[2024-12-28T19:32:45.467+0000] {spark_submit.py:634} INFO - 24/12/28 19:32:45 WARN NativeCodeLoader: Unable to load native-hadoop library for your platform... using builtin-java classes where applicable
[2024-12-28T19:32:45.539+0000] {spark_submit.py:634} INFO - 24/12/28 19:32:45 INFO ResourceUtils: ==============================================================
[2024-12-28T19:32:45.539+0000] {spark_submit.py:634} INFO - 24/12/28 19:32:45 INFO ResourceUtils: No custom resources configured for spark.driver.
[2024-12-28T19:32:45.540+0000] {spark_submit.py:634} INFO - 24/12/28 19:32:45 INFO ResourceUtils: ==============================================================
[2024-12-28T19:32:45.540+0000] {spark_submit.py:634} INFO - 24/12/28 19:32:45 INFO SparkContext: Submitted application: ExampleJob111
[2024-12-28T19:32:45.556+0000] {spark_submit.py:634} INFO - 24/12/28 19:32:45 INFO ResourceProfile: Default ResourceProfile created, executor resources: Map(cores -> name: cores, amount: 1, script: , vendor: , memory -> name: memory, amount: 12288, script: , vendor: , offHeap -> name: offHeap, amount: 0, script: , vendor: ), task resources: Map(cpus -> name: cpus, amount: 1.0)
[2024-12-28T19:32:45.563+0000] {spark_submit.py:634} INFO - 24/12/28 19:32:45 INFO ResourceProfile: Limiting resource is cpus at 1 tasks per executor
[2024-12-28T19:32:45.565+0000] {spark_submit.py:634} INFO - 24/12/28 19:32:45 INFO ResourceProfileManager: Added ResourceProfile id: 0
[2024-12-28T19:32:45.605+0000] {spark_submit.py:634} INFO - 24/12/28 19:32:45 INFO SecurityManager: Changing view acls to: default
[2024-12-28T19:32:45.606+0000] {spark_submit.py:634} INFO - 24/12/28 19:32:45 INFO SecurityManager: Changing modify acls to: default
[2024-12-28T19:32:45.606+0000] {spark_submit.py:634} INFO - 24/12/28 19:32:45 INFO SecurityManager: Changing view acls groups to:
[2024-12-28T19:32:45.606+0000] {spark_submit.py:634} INFO - 24/12/28 19:32:45 INFO SecurityManager: Changing modify acls groups to:
[2024-12-28T19:32:45.607+0000] {spark_submit.py:634} INFO - 24/12/28 19:32:45 INFO SecurityManager: SecurityManager: authentication disabled; ui acls disabled; users with view permissions: default; groups with view permissions: EMPTY; users with modify permissions: default; groups with modify permissions: EMPTY
[2024-12-28T19:32:45.833+0000] {spark_submit.py:634} INFO - 24/12/28 19:32:45 INFO Utils: Successfully started service 'sparkDriver' on port 36145.
[2024-12-28T19:32:45.854+0000] {spark_submit.py:634} INFO - 24/12/28 19:32:45 INFO SparkEnv: Registering MapOutputTracker
[2024-12-28T19:32:45.885+0000] {spark_submit.py:634} INFO - 24/12/28 19:32:45 INFO SparkEnv: Registering BlockManagerMaster
[2024-12-28T19:32:45.903+0000] {spark_submit.py:634} INFO - 24/12/28 19:32:45 INFO BlockManagerMasterEndpoint: Using org.apache.spark.storage.DefaultTopologyMapper for getting topology information
[2024-12-28T19:32:45.904+0000] {spark_submit.py:634} INFO - 24/12/28 19:32:45 INFO BlockManagerMasterEndpoint: BlockManagerMasterEndpoint up
[2024-12-28T19:32:45.910+0000] {spark_submit.py:634} INFO - 24/12/28 19:32:45 INFO SparkEnv: Registering BlockManagerMasterHeartbeat
[2024-12-28T19:32:45.928+0000] {spark_submit.py:634} INFO - 24/12/28 19:32:45 INFO DiskBlockManager: Created local directory at /tmp/blockmgr-2d46d530-0215-45bf-877b-a8c0f9e0b81a
[2024-12-28T19:32:45.941+0000] {spark_submit.py:634} INFO - 24/12/28 19:32:45 INFO MemoryStore: MemoryStore started with capacity 7.0 GiB
[2024-12-28T19:32:45.954+0000] {spark_submit.py:634} INFO - 24/12/28 19:32:45 INFO SparkEnv: Registering OutputCommitCoordinator
[2024-12-28T19:32:46.060+0000] {spark_submit.py:634} INFO - 24/12/28 19:32:46 INFO JettyUtils: Start Jetty 0.0.0.0:4040 for SparkUI
[2024-12-28T19:32:46.096+0000] {spark_submit.py:634} INFO - 24/12/28 19:32:46 INFO Utils: Successfully started service 'SparkUI' on port 4040.
[2024-12-28T19:32:46.219+0000] {spark_submit.py:634} INFO - 24/12/28 19:32:46 INFO StandaloneAppClient$ClientEndpoint: Connecting to master spark://spark-master:7077...
[2024-12-28T19:32:46.258+0000] {spark_submit.py:634} INFO - 24/12/28 19:32:46 INFO TransportClientFactory: Successfully created connection to spark-master/172.18.0.8:7077 after 21 ms (0 ms spent in bootstraps)
[2024-12-28T19:32:46.348+0000] {spark_submit.py:634} INFO - 24/12/28 19:32:46 INFO StandaloneSchedulerBackend: Connected to Spark cluster with app ID app-20241228193246-0003
[2024-12-28T19:32:46.348+0000] {spark_submit.py:634} INFO - 24/12/28 19:32:46 INFO StandaloneAppClient$ClientEndpoint: Executor added: app-20241228193246-0003/0 on worker-20241228182544-172.18.0.9-43053 (172.18.0.9:43053) with 1 core(s)
[2024-12-28T19:32:46.348+0000] {spark_submit.py:634} INFO - 24/12/28 19:32:46 INFO StandaloneSchedulerBackend: Granted executor ID app-20241228193246-0003/0 on hostPort 172.18.0.9:43053 with 1 core(s), 12.0 GiB RAM
[2024-12-28T19:32:46.349+0000] {spark_submit.py:634} INFO - 24/12/28 19:32:46 INFO Utils: Successfully started service 'org.apache.spark.network.netty.NettyBlockTransferService' on port 40047.
[2024-12-28T19:32:46.349+0000] {spark_submit.py:634} INFO - 24/12/28 19:32:46 INFO NettyBlockTransferService: Server created on 471d7521a401:40047
[2024-12-28T19:32:46.351+0000] {spark_submit.py:634} INFO - 24/12/28 19:32:46 INFO BlockManager: Using org.apache.spark.storage.RandomBlockReplicationPolicy for block replication policy
[2024-12-28T19:32:46.357+0000] {spark_submit.py:634} INFO - 24/12/28 19:32:46 INFO BlockManagerMaster: Registering BlockManager BlockManagerId(driver, 471d7521a401, 40047, None)
[2024-12-28T19:32:46.360+0000] {spark_submit.py:634} INFO - 24/12/28 19:32:46 INFO BlockManagerMasterEndpoint: Registering block manager 471d7521a401:40047 with 7.0 GiB RAM, BlockManagerId(driver, 471d7521a401, 40047, None)
[2024-12-28T19:32:46.361+0000] {spark_submit.py:634} INFO - 24/12/28 19:32:46 INFO BlockManagerMaster: Registered BlockManager BlockManagerId(driver, 471d7521a401, 40047, None)
[2024-12-28T19:32:46.362+0000] {spark_submit.py:634} INFO - 24/12/28 19:32:46 INFO BlockManager: Initialized BlockManager: BlockManagerId(driver, 471d7521a401, 40047, None)
[2024-12-28T19:32:46.385+0000] {spark_submit.py:634} INFO - 24/12/28 19:32:46 INFO StandaloneAppClient$ClientEndpoint: Executor updated: app-20241228193246-0003/0 is now RUNNING
[2024-12-28T19:32:46.618+0000] {spark_submit.py:634} INFO - 24/12/28 19:32:46 INFO StandaloneSchedulerBackend: SchedulerBackend is ready for scheduling beginning after reached minRegisteredResourcesRatio: 0.0
[2024-12-28T19:32:47.310+0000] {spark_submit.py:634} INFO - 24/12/28 19:32:47 INFO SharedState: Setting hive.metastore.warehouse.dir ('null') to the value of spark.sql.warehouse.dir.
[2024-12-28T19:32:47.321+0000] {spark_submit.py:634} INFO - 24/12/28 19:32:47 INFO SharedState: Warehouse path is 'file:/opt/***/spark-warehouse'.
[2024-12-28T19:32:49.216+0000] {spark_submit.py:634} INFO - 24/12/28 19:32:49 INFO StandaloneSchedulerBackend$StandaloneDriverEndpoint: Registered executor NettyRpcEndpointRef(spark-client://Executor) (172.18.0.9:51790) with ID 0,  ResourceProfileId 0
[2024-12-28T19:32:49.317+0000] {spark_submit.py:634} INFO - 24/12/28 19:32:49 INFO BlockManagerMasterEndpoint: Registering block manager 172.18.0.9:44135 with 7.0 GiB RAM, BlockManagerId(0, 172.18.0.9, 44135, None)
[2024-12-28T19:32:49.675+0000] {spark_submit.py:634} INFO - 24/12/28 19:32:49 INFO FileOutputCommitter: File Output Committer Algorithm version is 1
[2024-12-28T19:32:49.676+0000] {spark_submit.py:634} INFO - 24/12/28 19:32:49 INFO FileOutputCommitter: FileOutputCommitter skip cleanup _temporary folders under output directory:false, ignore cleanup failures: false
[2024-12-28T19:32:49.676+0000] {spark_submit.py:634} INFO - 24/12/28 19:32:49 INFO SQLHadoopMapReduceCommitProtocol: Using output committer class org.apache.hadoop.mapreduce.lib.output.FileOutputCommitter
[2024-12-28T19:32:49.912+0000] {spark_submit.py:634} INFO - 24/12/28 19:32:49 INFO CodeGenerator: Code generated in 179.38509 ms
[2024-12-28T19:32:49.940+0000] {spark_submit.py:634} INFO - 24/12/28 19:32:49 INFO SparkContext: Starting job: csv at NativeMethodAccessorImpl.java:0
[2024-12-28T19:32:49.950+0000] {spark_submit.py:634} INFO - 24/12/28 19:32:49 INFO DAGScheduler: Got job 0 (csv at NativeMethodAccessorImpl.java:0) with 2 output partitions
[2024-12-28T19:32:49.951+0000] {spark_submit.py:634} INFO - 24/12/28 19:32:49 INFO DAGScheduler: Final stage: ResultStage 0 (csv at NativeMethodAccessorImpl.java:0)
[2024-12-28T19:32:49.951+0000] {spark_submit.py:634} INFO - 24/12/28 19:32:49 INFO DAGScheduler: Parents of final stage: List()
[2024-12-28T19:32:49.953+0000] {spark_submit.py:634} INFO - 24/12/28 19:32:49 INFO DAGScheduler: Missing parents: List()
[2024-12-28T19:32:49.966+0000] {spark_submit.py:634} INFO - 24/12/28 19:32:49 INFO DAGScheduler: Submitting ResultStage 0 (MapPartitionsRDD[6] at csv at NativeMethodAccessorImpl.java:0), which has no missing parents
[2024-12-28T19:32:50.080+0000] {spark_submit.py:634} INFO - 24/12/28 19:32:50 INFO MemoryStore: Block broadcast_0 stored as values in memory (estimated size 214.9 KiB, free 7.0 GiB)
[2024-12-28T19:32:50.106+0000] {spark_submit.py:634} INFO - 24/12/28 19:32:50 INFO MemoryStore: Block broadcast_0_piece0 stored as bytes in memory (estimated size 78.4 KiB, free 7.0 GiB)
[2024-12-28T19:32:50.109+0000] {spark_submit.py:634} INFO - 24/12/28 19:32:50 INFO BlockManagerInfo: Added broadcast_0_piece0 in memory on 471d7521a401:40047 (size: 78.4 KiB, free: 7.0 GiB)
[2024-12-28T19:32:50.112+0000] {spark_submit.py:634} INFO - 24/12/28 19:32:50 INFO SparkContext: Created broadcast 0 from broadcast at DAGScheduler.scala:1585
[2024-12-28T19:32:50.125+0000] {spark_submit.py:634} INFO - 24/12/28 19:32:50 INFO DAGScheduler: Submitting 2 missing tasks from ResultStage 0 (MapPartitionsRDD[6] at csv at NativeMethodAccessorImpl.java:0) (first 15 tasks are for partitions Vector(0, 1))
[2024-12-28T19:32:50.126+0000] {spark_submit.py:634} INFO - 24/12/28 19:32:50 INFO TaskSchedulerImpl: Adding task set 0.0 with 2 tasks resource profile 0
[2024-12-28T19:32:50.150+0000] {spark_submit.py:634} INFO - 24/12/28 19:32:50 INFO TaskSetManager: Starting task 0.0 in stage 0.0 (TID 0) (172.18.0.9, executor 0, partition 0, PROCESS_LOCAL, 9020 bytes)
[2024-12-28T19:32:50.372+0000] {spark_submit.py:634} INFO - 24/12/28 19:32:50 INFO BlockManagerInfo: Added broadcast_0_piece0 in memory on 172.18.0.9:44135 (size: 78.4 KiB, free: 7.0 GiB)
[2024-12-28T19:32:51.805+0000] {spark_submit.py:634} INFO - 24/12/28 19:32:51 INFO TaskSetManager: Starting task 1.0 in stage 0.0 (TID 1) (172.18.0.9, executor 0, partition 1, PROCESS_LOCAL, 9057 bytes)
[2024-12-28T19:32:51.812+0000] {spark_submit.py:634} INFO - 24/12/28 19:32:51 INFO TaskSetManager: Finished task 0.0 in stage 0.0 (TID 0) in 1671 ms on 172.18.0.9 (executor 0) (1/2)
[2024-12-28T19:32:51.820+0000] {spark_submit.py:634} INFO - 24/12/28 19:32:51 INFO PythonAccumulatorV2: Connected to AccumulatorServer at host: 127.0.0.1 port: 37175
[2024-12-28T19:32:51.963+0000] {spark_submit.py:634} INFO - 24/12/28 19:32:51 INFO TaskSetManager: Finished task 1.0 in stage 0.0 (TID 1) in 160 ms on 172.18.0.9 (executor 0) (2/2)
[2024-12-28T19:32:51.967+0000] {spark_submit.py:634} INFO - 24/12/28 19:32:51 INFO TaskSchedulerImpl: Removed TaskSet 0.0, whose tasks have all completed, from pool
[2024-12-28T19:32:51.967+0000] {spark_submit.py:634} INFO - 24/12/28 19:32:51 INFO DAGScheduler: ResultStage 0 (csv at NativeMethodAccessorImpl.java:0) finished in 1.986 s
[2024-12-28T19:32:51.967+0000] {spark_submit.py:634} INFO - 24/12/28 19:32:51 INFO DAGScheduler: Job 0 is finished. Cancelling potential speculative or zombie tasks for this job
[2024-12-28T19:32:51.968+0000] {spark_submit.py:634} INFO - 24/12/28 19:32:51 INFO TaskSchedulerImpl: Killing all running tasks in stage 0: Stage finished
[2024-12-28T19:32:51.969+0000] {spark_submit.py:634} INFO - 24/12/28 19:32:51 INFO DAGScheduler: Job 0 finished: csv at NativeMethodAccessorImpl.java:0, took 2.028796 s
[2024-12-28T19:32:51.973+0000] {spark_submit.py:634} INFO - 24/12/28 19:32:51 INFO FileFormatWriter: Start to commit write Job be02e651-c588-4f9c-82dc-2bd241cd08ba.
[2024-12-28T19:32:51.997+0000] {spark_submit.py:634} INFO - 24/12/28 19:32:51 INFO FileFormatWriter: Write Job be02e651-c588-4f9c-82dc-2bd241cd08ba committed. Elapsed time: 23 ms.
[2024-12-28T19:32:52.001+0000] {spark_submit.py:634} INFO - 24/12/28 19:32:52 INFO FileFormatWriter: Finished processing stats for write job be02e651-c588-4f9c-82dc-2bd241cd08ba.
[2024-12-28T19:32:52.048+0000] {spark_submit.py:634} INFO - 24/12/28 19:32:52 INFO InMemoryFileIndex: It took 12 ms to list leaf files for 1 paths.
[2024-12-28T19:32:52.082+0000] {spark_submit.py:634} INFO - 24/12/28 19:32:52 INFO InMemoryFileIndex: It took 2 ms to list leaf files for 1 paths.
[2024-12-28T19:32:52.894+0000] {spark_submit.py:634} INFO - 24/12/28 19:32:52 INFO FileSourceStrategy: Pushed Filters:
[2024-12-28T19:32:52.895+0000] {spark_submit.py:634} INFO - 24/12/28 19:32:52 INFO FileSourceStrategy: Post-Scan Filters: (length(trim(value#6, None)) > 0)
[2024-12-28T19:32:52.953+0000] {spark_submit.py:634} INFO - 24/12/28 19:32:52 INFO BlockManagerInfo: Removed broadcast_0_piece0 on 172.18.0.9:44135 in memory (size: 78.4 KiB, free: 7.0 GiB)
[2024-12-28T19:32:52.954+0000] {spark_submit.py:634} INFO - 24/12/28 19:32:52 INFO BlockManagerInfo: Removed broadcast_0_piece0 on 471d7521a401:40047 in memory (size: 78.4 KiB, free: 7.0 GiB)
[2024-12-28T19:32:52.988+0000] {spark_submit.py:634} INFO - 24/12/28 19:32:52 INFO CodeGenerator: Code generated in 24.825601 ms
[2024-12-28T19:32:53.003+0000] {spark_submit.py:634} INFO - 24/12/28 19:32:53 INFO MemoryStore: Block broadcast_1 stored as values in memory (estimated size 200.3 KiB, free 7.0 GiB)
[2024-12-28T19:32:53.013+0000] {spark_submit.py:634} INFO - 24/12/28 19:32:53 INFO MemoryStore: Block broadcast_1_piece0 stored as bytes in memory (estimated size 34.4 KiB, free 7.0 GiB)
[2024-12-28T19:32:53.014+0000] {spark_submit.py:634} INFO - 24/12/28 19:32:53 INFO BlockManagerInfo: Added broadcast_1_piece0 in memory on 471d7521a401:40047 (size: 34.4 KiB, free: 7.0 GiB)
[2024-12-28T19:32:53.015+0000] {spark_submit.py:634} INFO - 24/12/28 19:32:53 INFO SparkContext: Created broadcast 1 from csv at NativeMethodAccessorImpl.java:0
[2024-12-28T19:32:53.024+0000] {spark_submit.py:634} INFO - 24/12/28 19:32:53 INFO FileSourceScanExec: Planning scan with bin packing, max size: 4194304 bytes, open cost is considered as scanning 4194304 bytes.
[2024-12-28T19:32:53.059+0000] {spark_submit.py:634} INFO - 24/12/28 19:32:53 INFO SparkContext: Starting job: csv at NativeMethodAccessorImpl.java:0
[2024-12-28T19:32:53.060+0000] {spark_submit.py:634} INFO - 24/12/28 19:32:53 INFO DAGScheduler: Got job 1 (csv at NativeMethodAccessorImpl.java:0) with 1 output partitions
[2024-12-28T19:32:53.060+0000] {spark_submit.py:634} INFO - 24/12/28 19:32:53 INFO DAGScheduler: Final stage: ResultStage 1 (csv at NativeMethodAccessorImpl.java:0)
[2024-12-28T19:32:53.060+0000] {spark_submit.py:634} INFO - 24/12/28 19:32:53 INFO DAGScheduler: Parents of final stage: List()
[2024-12-28T19:32:53.060+0000] {spark_submit.py:634} INFO - 24/12/28 19:32:53 INFO DAGScheduler: Missing parents: List()
[2024-12-28T19:32:53.061+0000] {spark_submit.py:634} INFO - 24/12/28 19:32:53 INFO DAGScheduler: Submitting ResultStage 1 (MapPartitionsRDD[10] at csv at NativeMethodAccessorImpl.java:0), which has no missing parents
[2024-12-28T19:32:53.075+0000] {spark_submit.py:634} INFO - 24/12/28 19:32:53 INFO MemoryStore: Block broadcast_2 stored as values in memory (estimated size 13.5 KiB, free 7.0 GiB)
[2024-12-28T19:32:53.077+0000] {spark_submit.py:634} INFO - 24/12/28 19:32:53 INFO MemoryStore: Block broadcast_2_piece0 stored as bytes in memory (estimated size 6.4 KiB, free 7.0 GiB)
[2024-12-28T19:32:53.077+0000] {spark_submit.py:634} INFO - 24/12/28 19:32:53 INFO BlockManagerInfo: Added broadcast_2_piece0 in memory on 471d7521a401:40047 (size: 6.4 KiB, free: 7.0 GiB)
[2024-12-28T19:32:53.078+0000] {spark_submit.py:634} INFO - 24/12/28 19:32:53 INFO SparkContext: Created broadcast 2 from broadcast at DAGScheduler.scala:1585
[2024-12-28T19:32:53.079+0000] {spark_submit.py:634} INFO - 24/12/28 19:32:53 INFO DAGScheduler: Submitting 1 missing tasks from ResultStage 1 (MapPartitionsRDD[10] at csv at NativeMethodAccessorImpl.java:0) (first 15 tasks are for partitions Vector(0))
[2024-12-28T19:32:53.079+0000] {spark_submit.py:634} INFO - 24/12/28 19:32:53 INFO TaskSchedulerImpl: Adding task set 1.0 with 1 tasks resource profile 0
[2024-12-28T19:32:53.083+0000] {spark_submit.py:634} INFO - 24/12/28 19:32:53 INFO TaskSetManager: Starting task 0.0 in stage 1.0 (TID 2) (172.18.0.9, executor 0, partition 0, PROCESS_LOCAL, 9602 bytes)
[2024-12-28T19:32:53.105+0000] {spark_submit.py:634} INFO - 24/12/28 19:32:53 INFO BlockManagerInfo: Added broadcast_2_piece0 in memory on 172.18.0.9:44135 (size: 6.4 KiB, free: 7.0 GiB)
[2024-12-28T19:32:53.280+0000] {spark_submit.py:634} INFO - 24/12/28 19:32:53 INFO BlockManagerInfo: Added broadcast_1_piece0 in memory on 172.18.0.9:44135 (size: 34.4 KiB, free: 7.0 GiB)
[2024-12-28T19:32:53.369+0000] {spark_submit.py:634} INFO - 24/12/28 19:32:53 INFO TaskSetManager: Finished task 0.0 in stage 1.0 (TID 2) in 288 ms on 172.18.0.9 (executor 0) (1/1)
[2024-12-28T19:32:53.369+0000] {spark_submit.py:634} INFO - 24/12/28 19:32:53 INFO TaskSchedulerImpl: Removed TaskSet 1.0, whose tasks have all completed, from pool
[2024-12-28T19:32:53.370+0000] {spark_submit.py:634} INFO - 24/12/28 19:32:53 INFO DAGScheduler: ResultStage 1 (csv at NativeMethodAccessorImpl.java:0) finished in 0.306 s
[2024-12-28T19:32:53.370+0000] {spark_submit.py:634} INFO - 24/12/28 19:32:53 INFO DAGScheduler: Job 1 is finished. Cancelling potential speculative or zombie tasks for this job
[2024-12-28T19:32:53.370+0000] {spark_submit.py:634} INFO - 24/12/28 19:32:53 INFO TaskSchedulerImpl: Killing all running tasks in stage 1: Stage finished
[2024-12-28T19:32:53.371+0000] {spark_submit.py:634} INFO - 24/12/28 19:32:53 INFO DAGScheduler: Job 1 finished: csv at NativeMethodAccessorImpl.java:0, took 0.311596 s
[2024-12-28T19:32:53.391+0000] {spark_submit.py:634} INFO - 24/12/28 19:32:53 INFO CodeGenerator: Code generated in 10.537147 ms
[2024-12-28T19:32:53.421+0000] {spark_submit.py:634} INFO - 24/12/28 19:32:53 INFO FileSourceStrategy: Pushed Filters:
[2024-12-28T19:32:53.422+0000] {spark_submit.py:634} INFO - 24/12/28 19:32:53 INFO FileSourceStrategy: Post-Scan Filters:
[2024-12-28T19:32:53.428+0000] {spark_submit.py:634} INFO - 24/12/28 19:32:53 INFO MemoryStore: Block broadcast_3 stored as values in memory (estimated size 200.3 KiB, free 7.0 GiB)
[2024-12-28T19:32:53.437+0000] {spark_submit.py:634} INFO - 24/12/28 19:32:53 INFO MemoryStore: Block broadcast_3_piece0 stored as bytes in memory (estimated size 34.4 KiB, free 7.0 GiB)
[2024-12-28T19:32:53.438+0000] {spark_submit.py:634} INFO - 24/12/28 19:32:53 INFO BlockManagerInfo: Added broadcast_3_piece0 in memory on 471d7521a401:40047 (size: 34.4 KiB, free: 7.0 GiB)
[2024-12-28T19:32:53.439+0000] {spark_submit.py:634} INFO - 24/12/28 19:32:53 INFO SparkContext: Created broadcast 3 from csv at NativeMethodAccessorImpl.java:0
[2024-12-28T19:32:53.440+0000] {spark_submit.py:634} INFO - 24/12/28 19:32:53 INFO FileSourceScanExec: Planning scan with bin packing, max size: 4194304 bytes, open cost is considered as scanning 4194304 bytes.
[2024-12-28T19:32:53.472+0000] {spark_submit.py:634} INFO - 24/12/28 19:32:53 INFO SparkContext: Starting job: csv at NativeMethodAccessorImpl.java:0
[2024-12-28T19:32:53.473+0000] {spark_submit.py:634} INFO - 24/12/28 19:32:53 INFO DAGScheduler: Got job 2 (csv at NativeMethodAccessorImpl.java:0) with 1 output partitions
[2024-12-28T19:32:53.473+0000] {spark_submit.py:634} INFO - 24/12/28 19:32:53 INFO DAGScheduler: Final stage: ResultStage 2 (csv at NativeMethodAccessorImpl.java:0)
[2024-12-28T19:32:53.473+0000] {spark_submit.py:634} INFO - 24/12/28 19:32:53 INFO DAGScheduler: Parents of final stage: List()
[2024-12-28T19:32:53.474+0000] {spark_submit.py:634} INFO - 24/12/28 19:32:53 INFO DAGScheduler: Missing parents: List()
[2024-12-28T19:32:53.474+0000] {spark_submit.py:634} INFO - 24/12/28 19:32:53 INFO DAGScheduler: Submitting ResultStage 2 (MapPartitionsRDD[16] at csv at NativeMethodAccessorImpl.java:0), which has no missing parents
[2024-12-28T19:32:53.488+0000] {spark_submit.py:634} INFO - 24/12/28 19:32:53 INFO MemoryStore: Block broadcast_4 stored as values in memory (estimated size 27.7 KiB, free 7.0 GiB)
[2024-12-28T19:32:53.489+0000] {spark_submit.py:634} INFO - 24/12/28 19:32:53 INFO MemoryStore: Block broadcast_4_piece0 stored as bytes in memory (estimated size 12.7 KiB, free 7.0 GiB)
[2024-12-28T19:32:53.490+0000] {spark_submit.py:634} INFO - 24/12/28 19:32:53 INFO BlockManagerInfo: Added broadcast_4_piece0 in memory on 471d7521a401:40047 (size: 12.7 KiB, free: 7.0 GiB)
[2024-12-28T19:32:53.491+0000] {spark_submit.py:634} INFO - 24/12/28 19:32:53 INFO SparkContext: Created broadcast 4 from broadcast at DAGScheduler.scala:1585
[2024-12-28T19:32:53.491+0000] {spark_submit.py:634} INFO - 24/12/28 19:32:53 INFO DAGScheduler: Submitting 1 missing tasks from ResultStage 2 (MapPartitionsRDD[16] at csv at NativeMethodAccessorImpl.java:0) (first 15 tasks are for partitions Vector(0))
[2024-12-28T19:32:53.491+0000] {spark_submit.py:634} INFO - 24/12/28 19:32:53 INFO TaskSchedulerImpl: Adding task set 2.0 with 1 tasks resource profile 0
[2024-12-28T19:32:53.493+0000] {spark_submit.py:634} INFO - 24/12/28 19:32:53 INFO TaskSetManager: Starting task 0.0 in stage 2.0 (TID 3) (172.18.0.9, executor 0, partition 0, PROCESS_LOCAL, 9602 bytes)
[2024-12-28T19:32:53.508+0000] {spark_submit.py:634} INFO - 24/12/28 19:32:53 INFO BlockManagerInfo: Added broadcast_4_piece0 in memory on 172.18.0.9:44135 (size: 12.7 KiB, free: 7.0 GiB)
[2024-12-28T19:32:54.316+0000] {spark_submit.py:634} INFO - 24/12/28 19:32:54 INFO BlockManagerInfo: Added broadcast_3_piece0 in memory on 172.18.0.9:44135 (size: 34.4 KiB, free: 7.0 GiB)
[2024-12-28T19:32:54.358+0000] {spark_submit.py:634} INFO - 24/12/28 19:32:54 INFO TaskSetManager: Finished task 0.0 in stage 2.0 (TID 3) in 865 ms on 172.18.0.9 (executor 0) (1/1)
[2024-12-28T19:32:54.358+0000] {spark_submit.py:634} INFO - 24/12/28 19:32:54 INFO TaskSchedulerImpl: Removed TaskSet 2.0, whose tasks have all completed, from pool
[2024-12-28T19:32:54.361+0000] {spark_submit.py:634} INFO - 24/12/28 19:32:54 INFO DAGScheduler: ResultStage 2 (csv at NativeMethodAccessorImpl.java:0) finished in 0.884 s
[2024-12-28T19:32:54.361+0000] {spark_submit.py:634} INFO - 24/12/28 19:32:54 INFO DAGScheduler: Job 2 is finished. Cancelling potential speculative or zombie tasks for this job
[2024-12-28T19:32:54.361+0000] {spark_submit.py:634} INFO - 24/12/28 19:32:54 INFO TaskSchedulerImpl: Killing all running tasks in stage 2: Stage finished
[2024-12-28T19:32:54.368+0000] {spark_submit.py:634} INFO - 24/12/28 19:32:54 INFO DAGScheduler: Job 2 finished: csv at NativeMethodAccessorImpl.java:0, took 0.890122 s
[2024-12-28T19:32:54.394+0000] {spark_submit.py:634} INFO - 24/12/28 19:32:54 INFO FileSourceStrategy: Pushed Filters:
[2024-12-28T19:32:54.394+0000] {spark_submit.py:634} INFO - 24/12/28 19:32:54 INFO FileSourceStrategy: Post-Scan Filters:
[2024-12-28T19:32:54.426+0000] {spark_submit.py:634} INFO - 24/12/28 19:32:54 INFO CodeGenerator: Code generated in 10.30358 ms
[2024-12-28T19:32:54.430+0000] {spark_submit.py:634} INFO - 24/12/28 19:32:54 INFO MemoryStore: Block broadcast_5 stored as values in memory (estimated size 200.2 KiB, free 7.0 GiB)
[2024-12-28T19:32:54.440+0000] {spark_submit.py:634} INFO - 24/12/28 19:32:54 INFO MemoryStore: Block broadcast_5_piece0 stored as bytes in memory (estimated size 34.4 KiB, free 7.0 GiB)
[2024-12-28T19:32:54.441+0000] {spark_submit.py:634} INFO - 24/12/28 19:32:54 INFO BlockManagerInfo: Added broadcast_5_piece0 in memory on 471d7521a401:40047 (size: 34.4 KiB, free: 7.0 GiB)
[2024-12-28T19:32:54.442+0000] {spark_submit.py:634} INFO - 24/12/28 19:32:54 INFO SparkContext: Created broadcast 5 from showString at NativeMethodAccessorImpl.java:0
[2024-12-28T19:32:54.446+0000] {spark_submit.py:634} INFO - 24/12/28 19:32:54 INFO FileSourceScanExec: Planning scan with bin packing, max size: 4194304 bytes, open cost is considered as scanning 4194304 bytes.
[2024-12-28T19:32:54.455+0000] {spark_submit.py:634} INFO - 24/12/28 19:32:54 INFO SparkContext: Starting job: showString at NativeMethodAccessorImpl.java:0
[2024-12-28T19:32:54.456+0000] {spark_submit.py:634} INFO - 24/12/28 19:32:54 INFO DAGScheduler: Got job 3 (showString at NativeMethodAccessorImpl.java:0) with 1 output partitions
[2024-12-28T19:32:54.457+0000] {spark_submit.py:634} INFO - 24/12/28 19:32:54 INFO DAGScheduler: Final stage: ResultStage 3 (showString at NativeMethodAccessorImpl.java:0)
[2024-12-28T19:32:54.457+0000] {spark_submit.py:634} INFO - 24/12/28 19:32:54 INFO DAGScheduler: Parents of final stage: List()
[2024-12-28T19:32:54.457+0000] {spark_submit.py:634} INFO - 24/12/28 19:32:54 INFO DAGScheduler: Missing parents: List()
[2024-12-28T19:32:54.457+0000] {spark_submit.py:634} INFO - 24/12/28 19:32:54 INFO DAGScheduler: Submitting ResultStage 3 (MapPartitionsRDD[20] at showString at NativeMethodAccessorImpl.java:0), which has no missing parents
[2024-12-28T19:32:54.460+0000] {spark_submit.py:634} INFO - 24/12/28 19:32:54 INFO MemoryStore: Block broadcast_6 stored as values in memory (estimated size 15.2 KiB, free 7.0 GiB)
[2024-12-28T19:32:54.480+0000] {spark_submit.py:634} INFO - 24/12/28 19:32:54 INFO MemoryStore: Block broadcast_6_piece0 stored as bytes in memory (estimated size 7.5 KiB, free 7.0 GiB)
[2024-12-28T19:32:54.481+0000] {spark_submit.py:634} INFO - 24/12/28 19:32:54 INFO BlockManagerInfo: Added broadcast_6_piece0 in memory on 471d7521a401:40047 (size: 7.5 KiB, free: 7.0 GiB)
[2024-12-28T19:32:54.483+0000] {spark_submit.py:634} INFO - 24/12/28 19:32:54 INFO SparkContext: Created broadcast 6 from broadcast at DAGScheduler.scala:1585
[2024-12-28T19:32:54.484+0000] {spark_submit.py:634} INFO - 24/12/28 19:32:54 INFO DAGScheduler: Submitting 1 missing tasks from ResultStage 3 (MapPartitionsRDD[20] at showString at NativeMethodAccessorImpl.java:0) (first 15 tasks are for partitions Vector(0))
[2024-12-28T19:32:54.484+0000] {spark_submit.py:634} INFO - 24/12/28 19:32:54 INFO TaskSchedulerImpl: Adding task set 3.0 with 1 tasks resource profile 0
[2024-12-28T19:32:54.484+0000] {spark_submit.py:634} INFO - 24/12/28 19:32:54 INFO TaskSetManager: Starting task 0.0 in stage 3.0 (TID 4) (172.18.0.9, executor 0, partition 0, PROCESS_LOCAL, 9602 bytes)
[2024-12-28T19:32:54.491+0000] {spark_submit.py:634} INFO - 24/12/28 19:32:54 INFO BlockManagerInfo: Removed broadcast_1_piece0 on 172.18.0.9:44135 in memory (size: 34.4 KiB, free: 7.0 GiB)
[2024-12-28T19:32:54.492+0000] {spark_submit.py:634} INFO - 24/12/28 19:32:54 INFO BlockManagerInfo: Removed broadcast_1_piece0 on 471d7521a401:40047 in memory (size: 34.4 KiB, free: 7.0 GiB)
[2024-12-28T19:32:54.504+0000] {spark_submit.py:634} INFO - 24/12/28 19:32:54 INFO BlockManagerInfo: Removed broadcast_2_piece0 on 471d7521a401:40047 in memory (size: 6.4 KiB, free: 7.0 GiB)
[2024-12-28T19:32:54.508+0000] {spark_submit.py:634} INFO - 24/12/28 19:32:54 INFO BlockManagerInfo: Removed broadcast_2_piece0 on 172.18.0.9:44135 in memory (size: 6.4 KiB, free: 7.0 GiB)
[2024-12-28T19:32:54.512+0000] {spark_submit.py:634} INFO - 24/12/28 19:32:54 INFO BlockManagerInfo: Added broadcast_6_piece0 in memory on 172.18.0.9:44135 (size: 7.5 KiB, free: 7.0 GiB)
[2024-12-28T19:32:54.517+0000] {spark_submit.py:634} INFO - 24/12/28 19:32:54 INFO BlockManagerInfo: Removed broadcast_4_piece0 on 471d7521a401:40047 in memory (size: 12.7 KiB, free: 7.0 GiB)
[2024-12-28T19:32:54.526+0000] {spark_submit.py:634} INFO - 24/12/28 19:32:54 INFO BlockManagerInfo: Removed broadcast_4_piece0 on 172.18.0.9:44135 in memory (size: 12.7 KiB, free: 7.0 GiB)
[2024-12-28T19:32:54.536+0000] {spark_submit.py:634} INFO - 24/12/28 19:32:54 INFO BlockManagerInfo: Removed broadcast_3_piece0 on 471d7521a401:40047 in memory (size: 34.4 KiB, free: 7.0 GiB)
[2024-12-28T19:32:54.540+0000] {spark_submit.py:634} INFO - 24/12/28 19:32:54 INFO BlockManagerInfo: Removed broadcast_3_piece0 on 172.18.0.9:44135 in memory (size: 34.4 KiB, free: 7.0 GiB)
[2024-12-28T19:32:54.558+0000] {spark_submit.py:634} INFO - 24/12/28 19:32:54 INFO BlockManagerInfo: Added broadcast_5_piece0 in memory on 172.18.0.9:44135 (size: 34.4 KiB, free: 7.0 GiB)
[2024-12-28T19:32:54.598+0000] {spark_submit.py:634} INFO - 24/12/28 19:32:54 INFO TaskSetManager: Finished task 0.0 in stage 3.0 (TID 4) in 113 ms on 172.18.0.9 (executor 0) (1/1)
[2024-12-28T19:32:54.598+0000] {spark_submit.py:634} INFO - 24/12/28 19:32:54 INFO TaskSchedulerImpl: Removed TaskSet 3.0, whose tasks have all completed, from pool
[2024-12-28T19:32:54.600+0000] {spark_submit.py:634} INFO - 24/12/28 19:32:54 INFO DAGScheduler: ResultStage 3 (showString at NativeMethodAccessorImpl.java:0) finished in 0.141 s
[2024-12-28T19:32:54.600+0000] {spark_submit.py:634} INFO - 24/12/28 19:32:54 INFO DAGScheduler: Job 3 is finished. Cancelling potential speculative or zombie tasks for this job
[2024-12-28T19:32:54.600+0000] {spark_submit.py:634} INFO - 24/12/28 19:32:54 INFO TaskSchedulerImpl: Killing all running tasks in stage 3: Stage finished
[2024-12-28T19:32:54.601+0000] {spark_submit.py:634} INFO - 24/12/28 19:32:54 INFO DAGScheduler: Job 3 finished: showString at NativeMethodAccessorImpl.java:0, took 0.144962 s
[2024-12-28T19:32:54.615+0000] {spark_submit.py:634} INFO - 24/12/28 19:32:54 INFO CodeGenerator: Code generated in 9.515071 ms
[2024-12-28T19:32:54.622+0000] {spark_submit.py:634} INFO - +-------+-----+
[2024-12-28T19:32:54.623+0000] {spark_submit.py:634} INFO - |   Name|Value|
[2024-12-28T19:32:54.623+0000] {spark_submit.py:634} INFO - +-------+-----+
[2024-12-28T19:32:54.623+0000] {spark_submit.py:634} INFO - |  Alice|    1|
[2024-12-28T19:32:54.623+0000] {spark_submit.py:634} INFO - |    Bob|    2|
[2024-12-28T19:32:54.624+0000] {spark_submit.py:634} INFO - |Charlie|    3|
[2024-12-28T19:32:54.624+0000] {spark_submit.py:634} INFO - +-------+-----+
[2024-12-28T19:32:54.624+0000] {spark_submit.py:634} INFO - 
[2024-12-28T19:32:54.644+0000] {spark_submit.py:634} INFO - 24/12/28 19:32:54 INFO FileSourceStrategy: Pushed Filters:
[2024-12-28T19:32:54.645+0000] {spark_submit.py:634} INFO - 24/12/28 19:32:54 INFO FileSourceStrategy: Post-Scan Filters:
[2024-12-28T19:32:54.661+0000] {spark_submit.py:634} INFO - 24/12/28 19:32:54 INFO MemoryStore: Block broadcast_7 stored as values in memory (estimated size 200.2 KiB, free 7.0 GiB)
[2024-12-28T19:32:54.670+0000] {spark_submit.py:634} INFO - 24/12/28 19:32:54 INFO MemoryStore: Block broadcast_7_piece0 stored as bytes in memory (estimated size 34.4 KiB, free 7.0 GiB)
[2024-12-28T19:32:54.671+0000] {spark_submit.py:634} INFO - 24/12/28 19:32:54 INFO BlockManagerInfo: Added broadcast_7_piece0 in memory on 471d7521a401:40047 (size: 34.4 KiB, free: 7.0 GiB)
[2024-12-28T19:32:54.672+0000] {spark_submit.py:634} INFO - 24/12/28 19:32:54 INFO SparkContext: Created broadcast 7 from showString at NativeMethodAccessorImpl.java:0
[2024-12-28T19:32:54.673+0000] {spark_submit.py:634} INFO - 24/12/28 19:32:54 INFO FileSourceScanExec: Planning scan with bin packing, max size: 4194304 bytes, open cost is considered as scanning 4194304 bytes.
[2024-12-28T19:32:54.682+0000] {spark_submit.py:634} INFO - 24/12/28 19:32:54 INFO SparkContext: Starting job: showString at NativeMethodAccessorImpl.java:0
[2024-12-28T19:32:54.682+0000] {spark_submit.py:634} INFO - 24/12/28 19:32:54 INFO DAGScheduler: Got job 4 (showString at NativeMethodAccessorImpl.java:0) with 1 output partitions
[2024-12-28T19:32:54.683+0000] {spark_submit.py:634} INFO - 24/12/28 19:32:54 INFO DAGScheduler: Final stage: ResultStage 4 (showString at NativeMethodAccessorImpl.java:0)
[2024-12-28T19:32:54.683+0000] {spark_submit.py:634} INFO - 24/12/28 19:32:54 INFO DAGScheduler: Parents of final stage: List()
[2024-12-28T19:32:54.683+0000] {spark_submit.py:634} INFO - 24/12/28 19:32:54 INFO DAGScheduler: Missing parents: List()
[2024-12-28T19:32:54.683+0000] {spark_submit.py:634} INFO - 24/12/28 19:32:54 INFO DAGScheduler: Submitting ResultStage 4 (MapPartitionsRDD[24] at showString at NativeMethodAccessorImpl.java:0), which has no missing parents
[2024-12-28T19:32:54.685+0000] {spark_submit.py:634} INFO - 24/12/28 19:32:54 INFO MemoryStore: Block broadcast_8 stored as values in memory (estimated size 15.2 KiB, free 7.0 GiB)
[2024-12-28T19:32:54.686+0000] {spark_submit.py:634} INFO - 24/12/28 19:32:54 INFO MemoryStore: Block broadcast_8_piece0 stored as bytes in memory (estimated size 7.4 KiB, free 7.0 GiB)
[2024-12-28T19:32:54.687+0000] {spark_submit.py:634} INFO - 24/12/28 19:32:54 INFO BlockManagerInfo: Added broadcast_8_piece0 in memory on 471d7521a401:40047 (size: 7.4 KiB, free: 7.0 GiB)
[2024-12-28T19:32:54.688+0000] {spark_submit.py:634} INFO - 24/12/28 19:32:54 INFO SparkContext: Created broadcast 8 from broadcast at DAGScheduler.scala:1585
[2024-12-28T19:32:54.688+0000] {spark_submit.py:634} INFO - 24/12/28 19:32:54 INFO DAGScheduler: Submitting 1 missing tasks from ResultStage 4 (MapPartitionsRDD[24] at showString at NativeMethodAccessorImpl.java:0) (first 15 tasks are for partitions Vector(0))
[2024-12-28T19:32:54.688+0000] {spark_submit.py:634} INFO - 24/12/28 19:32:54 INFO TaskSchedulerImpl: Adding task set 4.0 with 1 tasks resource profile 0
[2024-12-28T19:32:54.690+0000] {spark_submit.py:634} INFO - 24/12/28 19:32:54 INFO TaskSetManager: Starting task 0.0 in stage 4.0 (TID 5) (172.18.0.9, executor 0, partition 0, PROCESS_LOCAL, 9602 bytes)
[2024-12-28T19:32:54.703+0000] {spark_submit.py:634} INFO - 24/12/28 19:32:54 INFO BlockManagerInfo: Added broadcast_8_piece0 in memory on 172.18.0.9:44135 (size: 7.4 KiB, free: 7.0 GiB)
[2024-12-28T19:32:54.717+0000] {spark_submit.py:634} INFO - 24/12/28 19:32:54 INFO BlockManagerInfo: Added broadcast_7_piece0 in memory on 172.18.0.9:44135 (size: 34.4 KiB, free: 7.0 GiB)
[2024-12-28T19:32:54.741+0000] {spark_submit.py:634} INFO - 24/12/28 19:32:54 INFO TaskSetManager: Finished task 0.0 in stage 4.0 (TID 5) in 51 ms on 172.18.0.9 (executor 0) (1/1)
[2024-12-28T19:32:54.741+0000] {spark_submit.py:634} INFO - 24/12/28 19:32:54 INFO TaskSchedulerImpl: Removed TaskSet 4.0, whose tasks have all completed, from pool
[2024-12-28T19:32:54.741+0000] {spark_submit.py:634} INFO - 24/12/28 19:32:54 INFO DAGScheduler: ResultStage 4 (showString at NativeMethodAccessorImpl.java:0) finished in 0.056 s
[2024-12-28T19:32:54.742+0000] {spark_submit.py:634} INFO - 24/12/28 19:32:54 INFO DAGScheduler: Job 4 is finished. Cancelling potential speculative or zombie tasks for this job
[2024-12-28T19:32:54.742+0000] {spark_submit.py:634} INFO - 24/12/28 19:32:54 INFO TaskSchedulerImpl: Killing all running tasks in stage 4: Stage finished
[2024-12-28T19:32:54.742+0000] {spark_submit.py:634} INFO - 24/12/28 19:32:54 INFO DAGScheduler: Job 4 finished: showString at NativeMethodAccessorImpl.java:0, took 0.059753 s
[2024-12-28T19:32:54.749+0000] {spark_submit.py:634} INFO - +-------+-----+
[2024-12-28T19:32:54.749+0000] {spark_submit.py:634} INFO - |   Name|Value|
[2024-12-28T19:32:54.750+0000] {spark_submit.py:634} INFO - +-------+-----+
[2024-12-28T19:32:54.750+0000] {spark_submit.py:634} INFO - |  Alice|    1|
[2024-12-28T19:32:54.750+0000] {spark_submit.py:634} INFO - |    Bob|    2|
[2024-12-28T19:32:54.750+0000] {spark_submit.py:634} INFO - |Charlie|    3|
[2024-12-28T19:32:54.750+0000] {spark_submit.py:634} INFO - +-------+-----+
[2024-12-28T19:32:54.751+0000] {spark_submit.py:634} INFO - 
[2024-12-28T19:32:54.757+0000] {spark_submit.py:634} INFO - Traceback (most recent call last):
[2024-12-28T19:32:54.757+0000] {spark_submit.py:634} INFO - File "/opt/***/dags/spark_app/spark_1.py", line 23, in <module>
[2024-12-28T19:32:54.757+0000] {spark_submit.py:634} INFO - run()
[2024-12-28T19:32:54.758+0000] {spark_submit.py:634} INFO - File "/opt/***/dags/spark_app/spark_1.py", line 16, in run
[2024-12-28T19:32:54.758+0000] {spark_submit.py:634} INFO - df.to_Pandas().to_csv("/opt/***/test/df_test1.csv", index=False)
[2024-12-28T19:32:54.758+0000] {spark_submit.py:634} INFO - ^^^^^^^^^^^^
[2024-12-28T19:32:54.758+0000] {spark_submit.py:634} INFO - File "/home/***/.local/lib/python3.12/site-packages/pyspark/python/lib/pyspark.zip/pyspark/sql/dataframe.py", line 3129, in __getattr__
[2024-12-28T19:32:54.758+0000] {spark_submit.py:634} INFO - AttributeError: 'DataFrame' object has no attribute 'to_Pandas'. Did you mean: 'toPandas'?
[2024-12-28T19:32:54.837+0000] {spark_submit.py:634} INFO - 24/12/28 19:32:54 INFO SparkContext: Invoking stop() from shutdown hook
[2024-12-28T19:32:54.837+0000] {spark_submit.py:634} INFO - 24/12/28 19:32:54 INFO SparkContext: SparkContext is stopping with exitCode 0.
[2024-12-28T19:32:54.844+0000] {spark_submit.py:634} INFO - 24/12/28 19:32:54 INFO SparkUI: Stopped Spark web UI at http://471d7521a401:4040
[2024-12-28T19:32:54.846+0000] {spark_submit.py:634} INFO - 24/12/28 19:32:54 INFO StandaloneSchedulerBackend: Shutting down all executors
[2024-12-28T19:32:54.846+0000] {spark_submit.py:634} INFO - 24/12/28 19:32:54 INFO StandaloneSchedulerBackend$StandaloneDriverEndpoint: Asking each executor to shut down
[2024-12-28T19:32:54.864+0000] {spark_submit.py:634} INFO - 24/12/28 19:32:54 INFO MapOutputTrackerMasterEndpoint: MapOutputTrackerMasterEndpoint stopped!
[2024-12-28T19:32:54.881+0000] {spark_submit.py:634} INFO - 24/12/28 19:32:54 INFO MemoryStore: MemoryStore cleared
[2024-12-28T19:32:54.882+0000] {spark_submit.py:634} INFO - 24/12/28 19:32:54 INFO BlockManager: BlockManager stopped
[2024-12-28T19:32:54.887+0000] {spark_submit.py:634} INFO - 24/12/28 19:32:54 INFO BlockManagerMaster: BlockManagerMaster stopped
[2024-12-28T19:32:54.887+0000] {spark_submit.py:634} INFO - 24/12/28 19:32:54 INFO OutputCommitCoordinator$OutputCommitCoordinatorEndpoint: OutputCommitCoordinator stopped!
[2024-12-28T19:32:54.900+0000] {spark_submit.py:634} INFO - 24/12/28 19:32:54 INFO SparkContext: Successfully stopped SparkContext
[2024-12-28T19:32:54.900+0000] {spark_submit.py:634} INFO - 24/12/28 19:32:54 INFO ShutdownHookManager: Shutdown hook called
[2024-12-28T19:32:54.900+0000] {spark_submit.py:634} INFO - 24/12/28 19:32:54 INFO ShutdownHookManager: Deleting directory /tmp/spark-e62ce0b3-0fc5-4e53-9e68-dde953f0ab4c
[2024-12-28T19:32:54.904+0000] {spark_submit.py:634} INFO - 24/12/28 19:32:54 INFO ShutdownHookManager: Deleting directory /tmp/spark-1532a602-33e1-41e7-9305-daf3b55acae2
[2024-12-28T19:32:54.909+0000] {spark_submit.py:634} INFO - 24/12/28 19:32:54 INFO ShutdownHookManager: Deleting directory /tmp/spark-e62ce0b3-0fc5-4e53-9e68-dde953f0ab4c/pyspark-ef0b9d56-10a4-4e73-8c1f-93a7f844631a
[2024-12-28T19:32:54.948+0000] {taskinstance.py:3311} ERROR - Task failed with exception
Traceback (most recent call last):
  File "/home/airflow/.local/lib/python3.12/site-packages/airflow/models/taskinstance.py", line 767, in _execute_task
    result = _execute_callable(context=context, **execute_callable_kwargs)
             ^^^^^^^^^^^^^^^^^^^^^^^^^^^^^^^^^^^^^^^^^^^^^^^^^^^^^^^^^^^^^
  File "/home/airflow/.local/lib/python3.12/site-packages/airflow/models/taskinstance.py", line 733, in _execute_callable
    return ExecutionCallableRunner(
           ^^^^^^^^^^^^^^^^^^^^^^^^
  File "/home/airflow/.local/lib/python3.12/site-packages/airflow/utils/operator_helpers.py", line 252, in run
    return self.func(*args, **kwargs)
           ^^^^^^^^^^^^^^^^^^^^^^^^^^
  File "/home/airflow/.local/lib/python3.12/site-packages/airflow/models/baseoperator.py", line 417, in wrapper
    return func(self, *args, **kwargs)
           ^^^^^^^^^^^^^^^^^^^^^^^^^^^
  File "/home/airflow/.local/lib/python3.12/site-packages/airflow/providers/apache/spark/operators/spark_submit.py", line 176, in execute
    self._hook.submit(self.application)
  File "/home/airflow/.local/lib/python3.12/site-packages/airflow/providers/apache/spark/hooks/spark_submit.py", line 560, in submit
    raise AirflowException(
airflow.exceptions.AirflowException: Cannot execute: spark-submit --master spark://spark-master:7077 --num-executors 1 --total-executor-cores 1 --executor-cores 1 --executor-memory 12g --driver-memory 12g --name arrow-spark --verbose --deploy-mode client dags/spark_app/spark_1.py. Error code is: 1.
[2024-12-28T19:32:54.952+0000] {taskinstance.py:1225} INFO - Marking task as FAILED. dag_id=spark_clickhouse_example, task_id=spark_submit_job, run_id=manual__2024-12-28T19:32:42.243219+00:00, execution_date=20241228T193242, start_date=20241228T193242, end_date=20241228T193254
[2024-12-28T19:32:54.962+0000] {taskinstance.py:340} INFO - ::group::Post task execution logs
[2024-12-28T19:32:54.962+0000] {standard_task_runner.py:124} ERROR - Failed to execute job 14 for task spark_submit_job (Cannot execute: spark-submit --master spark://spark-master:7077 --num-executors 1 --total-executor-cores 1 --executor-cores 1 --executor-memory 12g --driver-memory 12g --name arrow-spark --verbose --deploy-mode client dags/spark_app/spark_1.py. Error code is: 1.; 1860)
Traceback (most recent call last):
  File "/home/airflow/.local/lib/python3.12/site-packages/airflow/task/task_runner/standard_task_runner.py", line 117, in _start_by_fork
    ret = args.func(args, dag=self.dag)
          ^^^^^^^^^^^^^^^^^^^^^^^^^^^^^
  File "/home/airflow/.local/lib/python3.12/site-packages/airflow/cli/cli_config.py", line 49, in command
    return func(*args, **kwargs)
           ^^^^^^^^^^^^^^^^^^^^^
  File "/home/airflow/.local/lib/python3.12/site-packages/airflow/utils/cli.py", line 116, in wrapper
    return f(*args, **kwargs)
           ^^^^^^^^^^^^^^^^^^
  File "/home/airflow/.local/lib/python3.12/site-packages/airflow/cli/commands/task_command.py", line 483, in task_run
    task_return_code = _run_task_by_selected_method(args, _dag, ti)
                       ^^^^^^^^^^^^^^^^^^^^^^^^^^^^^^^^^^^^^^^^^^^^
  File "/home/airflow/.local/lib/python3.12/site-packages/airflow/cli/commands/task_command.py", line 256, in _run_task_by_selected_method
    return _run_raw_task(args, ti)
           ^^^^^^^^^^^^^^^^^^^^^^^
  File "/home/airflow/.local/lib/python3.12/site-packages/airflow/cli/commands/task_command.py", line 341, in _run_raw_task
    return ti._run_raw_task(
           ^^^^^^^^^^^^^^^^^
  File "/home/airflow/.local/lib/python3.12/site-packages/airflow/utils/session.py", line 97, in wrapper
    return func(*args, session=session, **kwargs)
           ^^^^^^^^^^^^^^^^^^^^^^^^^^^^^^^^^^^^^^
  File "/home/airflow/.local/lib/python3.12/site-packages/airflow/models/taskinstance.py", line 3005, in _run_raw_task
    return _run_raw_task(
           ^^^^^^^^^^^^^^
  File "/home/airflow/.local/lib/python3.12/site-packages/airflow/models/taskinstance.py", line 273, in _run_raw_task
    TaskInstance._execute_task_with_callbacks(
  File "/home/airflow/.local/lib/python3.12/site-packages/airflow/models/taskinstance.py", line 3159, in _execute_task_with_callbacks
    result = self._execute_task(context, task_orig)
             ^^^^^^^^^^^^^^^^^^^^^^^^^^^^^^^^^^^^^^
  File "/home/airflow/.local/lib/python3.12/site-packages/airflow/models/taskinstance.py", line 3183, in _execute_task
    return _execute_task(self, context, task_orig)
           ^^^^^^^^^^^^^^^^^^^^^^^^^^^^^^^^^^^^^^^
  File "/home/airflow/.local/lib/python3.12/site-packages/airflow/models/taskinstance.py", line 767, in _execute_task
    result = _execute_callable(context=context, **execute_callable_kwargs)
             ^^^^^^^^^^^^^^^^^^^^^^^^^^^^^^^^^^^^^^^^^^^^^^^^^^^^^^^^^^^^^
  File "/home/airflow/.local/lib/python3.12/site-packages/airflow/models/taskinstance.py", line 733, in _execute_callable
    return ExecutionCallableRunner(
           ^^^^^^^^^^^^^^^^^^^^^^^^
  File "/home/airflow/.local/lib/python3.12/site-packages/airflow/utils/operator_helpers.py", line 252, in run
    return self.func(*args, **kwargs)
           ^^^^^^^^^^^^^^^^^^^^^^^^^^
  File "/home/airflow/.local/lib/python3.12/site-packages/airflow/models/baseoperator.py", line 417, in wrapper
    return func(self, *args, **kwargs)
           ^^^^^^^^^^^^^^^^^^^^^^^^^^^
  File "/home/airflow/.local/lib/python3.12/site-packages/airflow/providers/apache/spark/operators/spark_submit.py", line 176, in execute
    self._hook.submit(self.application)
  File "/home/airflow/.local/lib/python3.12/site-packages/airflow/providers/apache/spark/hooks/spark_submit.py", line 560, in submit
    raise AirflowException(
airflow.exceptions.AirflowException: Cannot execute: spark-submit --master spark://spark-master:7077 --num-executors 1 --total-executor-cores 1 --executor-cores 1 --executor-memory 12g --driver-memory 12g --name arrow-spark --verbose --deploy-mode client dags/spark_app/spark_1.py. Error code is: 1.
[2024-12-28T19:32:54.988+0000] {local_task_job_runner.py:266} INFO - Task exited with return code 1
[2024-12-28T19:32:55.002+0000] {taskinstance.py:3895} INFO - 0 downstream tasks scheduled from follow-on schedule check
[2024-12-28T19:32:55.003+0000] {local_task_job_runner.py:245} INFO - ::endgroup::
