[2025-01-18T20:23:23.952+0000] {local_task_job_runner.py:123} INFO - ::group::Pre task execution logs
[2025-01-18T20:23:23.965+0000] {taskinstance.py:2613} INFO - Dependencies all met for dep_context=non-requeueable deps ti=<TaskInstance: spark_clickhouse_example.spark_submit_job manual__2025-01-18T20:23:22.318037+00:00 [queued]>
[2025-01-18T20:23:23.973+0000] {taskinstance.py:2613} INFO - Dependencies all met for dep_context=requeueable deps ti=<TaskInstance: spark_clickhouse_example.spark_submit_job manual__2025-01-18T20:23:22.318037+00:00 [queued]>
[2025-01-18T20:23:23.973+0000] {taskinstance.py:2866} INFO - Starting attempt 1 of 1
[2025-01-18T20:23:23.986+0000] {taskinstance.py:2889} INFO - Executing <Task(SparkSubmitOperator): spark_submit_job> on 2025-01-18 20:23:22.318037+00:00
[2025-01-18T20:23:23.994+0000] {warnings.py:112} WARNING - /home/***/.local/lib/python3.12/site-packages/***/task/task_runner/standard_task_runner.py:70: DeprecationWarning: This process (pid=57) is multi-threaded, use of fork() may lead to deadlocks in the child.
  pid = os.fork()

[2025-01-18T20:23:23.995+0000] {standard_task_runner.py:72} INFO - Started process 59 to run task
[2025-01-18T20:23:23.997+0000] {standard_task_runner.py:104} INFO - Running: ['***', 'tasks', 'run', 'spark_clickhouse_example', 'spark_submit_job', 'manual__2025-01-18T20:23:22.318037+00:00', '--job-id', '116', '--raw', '--subdir', 'DAGS_FOLDER/test_spark_clickhouse.py', '--cfg-path', '/tmp/tmpsitnxjt4']
[2025-01-18T20:23:23.998+0000] {standard_task_runner.py:105} INFO - Job 116: Subtask spark_submit_job
[2025-01-18T20:23:24.033+0000] {task_command.py:467} INFO - Running <TaskInstance: spark_clickhouse_example.spark_submit_job manual__2025-01-18T20:23:22.318037+00:00 [running]> on host 42cd8ade4520
[2025-01-18T20:23:24.104+0000] {taskinstance.py:3132} INFO - Exporting env vars: AIRFLOW_CTX_DAG_OWNER='TKO' AIRFLOW_CTX_DAG_ID='spark_clickhouse_example' AIRFLOW_CTX_TASK_ID='spark_submit_job' AIRFLOW_CTX_EXECUTION_DATE='2025-01-18T20:23:22.318037+00:00' AIRFLOW_CTX_TRY_NUMBER='1' AIRFLOW_CTX_DAG_RUN_ID='manual__2025-01-18T20:23:22.318037+00:00'
[2025-01-18T20:23:24.105+0000] {taskinstance.py:731} INFO - ::endgroup::
[2025-01-18T20:23:24.113+0000] {base.py:84} INFO - Retrieving connection 'spark'
[2025-01-18T20:23:24.114+0000] {spark_submit.py:327} ERROR - Failed to decode base64 keytab: Incorrect padding
[2025-01-18T20:23:24.115+0000] {spark_submit.py:304} INFO - Could not load connection string spark, defaulting to spark://spark-master:7077
[2025-01-18T20:23:24.117+0000] {spark_submit.py:473} INFO - Spark-Submit cmd: spark-submit --master spark://spark-master:7077 --packages com.clickhouse.spark:clickhouse-spark-runtime-3.5_2.12:0.8.1,com.clickhouse:clickhouse-jdbc:0.7.0,com.clickhouse:clickhouse-client:0.7.0,com.clickhouse:clickhouse-http-client:0.7.0,org.apache.httpcomponents.client5:httpclient5:5.3.1 --executor-memory 12g --driver-memory 12g --name arrow-spark --verbose --deploy-mode client dags/spark_app/spark_1.py
[2025-01-18T20:23:25.256+0000] {spark_submit.py:634} INFO - Using properties file: null
[2025-01-18T20:23:25.349+0000] {spark_submit.py:634} INFO - Parsed arguments:
[2025-01-18T20:23:25.350+0000] {spark_submit.py:634} INFO - master                  spark://spark-master:7077
[2025-01-18T20:23:25.350+0000] {spark_submit.py:634} INFO - remote                  null
[2025-01-18T20:23:25.350+0000] {spark_submit.py:634} INFO - deployMode              client
[2025-01-18T20:23:25.351+0000] {spark_submit.py:634} INFO - executorMemory          12g
[2025-01-18T20:23:25.351+0000] {spark_submit.py:634} INFO - executorCores           null
[2025-01-18T20:23:25.351+0000] {spark_submit.py:634} INFO - totalExecutorCores      null
[2025-01-18T20:23:25.352+0000] {spark_submit.py:634} INFO - propertiesFile          null
[2025-01-18T20:23:25.352+0000] {spark_submit.py:634} INFO - driverMemory            12g
[2025-01-18T20:23:25.352+0000] {spark_submit.py:634} INFO - driverCores             null
[2025-01-18T20:23:25.352+0000] {spark_submit.py:634} INFO - driverExtraClassPath    null
[2025-01-18T20:23:25.352+0000] {spark_submit.py:634} INFO - driverExtraLibraryPath  null
[2025-01-18T20:23:25.353+0000] {spark_submit.py:634} INFO - driverExtraJavaOptions  null
[2025-01-18T20:23:25.353+0000] {spark_submit.py:634} INFO - supervise               false
[2025-01-18T20:23:25.353+0000] {spark_submit.py:634} INFO - queue                   null
[2025-01-18T20:23:25.353+0000] {spark_submit.py:634} INFO - numExecutors            null
[2025-01-18T20:23:25.353+0000] {spark_submit.py:634} INFO - files                   null
[2025-01-18T20:23:25.354+0000] {spark_submit.py:634} INFO - pyFiles                 null
[2025-01-18T20:23:25.354+0000] {spark_submit.py:634} INFO - archives                null
[2025-01-18T20:23:25.354+0000] {spark_submit.py:634} INFO - mainClass               null
[2025-01-18T20:23:25.354+0000] {spark_submit.py:634} INFO - primaryResource         file:/opt/***/dags/spark_app/spark_1.py
[2025-01-18T20:23:25.354+0000] {spark_submit.py:634} INFO - name                    arrow-spark
[2025-01-18T20:23:25.355+0000] {spark_submit.py:634} INFO - childArgs               []
[2025-01-18T20:23:25.355+0000] {spark_submit.py:634} INFO - jars                    null
[2025-01-18T20:23:25.355+0000] {spark_submit.py:634} INFO - packages                com.clickhouse.spark:clickhouse-spark-runtime-3.5_2.12:0.8.1,com.clickhouse:clickhouse-jdbc:0.7.0,com.clickhouse:clickhouse-client:0.7.0,com.clickhouse:clickhouse-http-client:0.7.0,org.apache.httpcomponents.client5:httpclient5:5.3.1
[2025-01-18T20:23:25.355+0000] {spark_submit.py:634} INFO - packagesExclusions      null
[2025-01-18T20:23:25.355+0000] {spark_submit.py:634} INFO - repositories            null
[2025-01-18T20:23:25.356+0000] {spark_submit.py:634} INFO - verbose                 true
[2025-01-18T20:23:25.356+0000] {spark_submit.py:634} INFO - 
[2025-01-18T20:23:25.356+0000] {spark_submit.py:634} INFO - Spark properties used, including those specified through
[2025-01-18T20:23:25.356+0000] {spark_submit.py:634} INFO - --conf and those from the properties file null:
[2025-01-18T20:23:25.356+0000] {spark_submit.py:634} INFO - (spark.driver.memory,12g)
[2025-01-18T20:23:25.357+0000] {spark_submit.py:634} INFO - 
[2025-01-18T20:23:25.357+0000] {spark_submit.py:634} INFO - 
[2025-01-18T20:23:25.449+0000] {spark_submit.py:634} INFO - :: loading settings :: url = jar:file:/home/***/.local/lib/python3.12/site-packages/pyspark/jars/ivy-2.5.1.jar!/org/apache/ivy/core/settings/ivysettings.xml
[2025-01-18T20:23:25.511+0000] {spark_submit.py:634} INFO - Ivy Default Cache set to: /home/***/.ivy2/cache
[2025-01-18T20:23:25.512+0000] {spark_submit.py:634} INFO - The jars for the packages stored in: /home/***/.ivy2/jars
[2025-01-18T20:23:25.515+0000] {spark_submit.py:634} INFO - com.clickhouse.spark#clickhouse-spark-runtime-3.5_2.12 added as a dependency
[2025-01-18T20:23:25.516+0000] {spark_submit.py:634} INFO - com.clickhouse#clickhouse-jdbc added as a dependency
[2025-01-18T20:23:25.516+0000] {spark_submit.py:634} INFO - com.clickhouse#clickhouse-client added as a dependency
[2025-01-18T20:23:25.517+0000] {spark_submit.py:634} INFO - com.clickhouse#clickhouse-http-client added as a dependency
[2025-01-18T20:23:25.517+0000] {spark_submit.py:634} INFO - org.apache.httpcomponents.client5#httpclient5 added as a dependency
[2025-01-18T20:23:25.517+0000] {spark_submit.py:634} INFO - :: resolving dependencies :: org.apache.spark#spark-submit-parent-31ec97cc-776d-4d01-a6e6-68e1a23efaaa;1.0
[2025-01-18T20:23:25.517+0000] {spark_submit.py:634} INFO - confs: [default]
[2025-01-18T20:23:25.902+0000] {spark_submit.py:634} INFO - found com.clickhouse.spark#clickhouse-spark-runtime-3.5_2.12;0.8.1 in central
[2025-01-18T20:23:25.958+0000] {spark_submit.py:634} INFO - found com.clickhouse#clickhouse-jdbc;0.7.0 in central
[2025-01-18T20:23:26.011+0000] {spark_submit.py:634} INFO - found com.clickhouse#clickhouse-client;0.7.0 in central
[2025-01-18T20:23:26.088+0000] {spark_submit.py:634} INFO - found com.clickhouse#clickhouse-data;0.7.0 in central
[2025-01-18T20:23:26.147+0000] {spark_submit.py:634} INFO - found com.clickhouse#clickhouse-http-client;0.7.0 in central
[2025-01-18T20:23:26.950+0000] {spark_submit.py:634} INFO - found org.apache.httpcomponents.client5#httpclient5;5.3.1 in central
[2025-01-18T20:23:27.447+0000] {spark_submit.py:634} INFO - found org.apache.httpcomponents.core5#httpcore5;5.2.4 in central
[2025-01-18T20:23:27.510+0000] {spark_submit.py:634} INFO - found org.apache.httpcomponents.core5#httpcore5-h2;5.2.4 in central
[2025-01-18T20:23:27.640+0000] {spark_submit.py:634} INFO - found org.slf4j#slf4j-api;1.7.36 in central
[2025-01-18T20:23:27.661+0000] {spark_submit.py:634} INFO - downloading https://repo1.maven.org/maven2/com/clickhouse/spark/clickhouse-spark-runtime-3.5_2.12/0.8.1/clickhouse-spark-runtime-3.5_2.12-0.8.1.jar ...
[2025-01-18T20:23:27.729+0000] {spark_submit.py:634} INFO - [SUCCESSFUL ] com.clickhouse.spark#clickhouse-spark-runtime-3.5_2.12;0.8.1!clickhouse-spark-runtime-3.5_2.12.jar (81ms)
[2025-01-18T20:23:27.746+0000] {spark_submit.py:634} INFO - downloading https://repo1.maven.org/maven2/com/clickhouse/clickhouse-jdbc/0.7.0/clickhouse-jdbc-0.7.0.jar ...
[2025-01-18T20:23:27.780+0000] {spark_submit.py:634} INFO - [SUCCESSFUL ] com.clickhouse#clickhouse-jdbc;0.7.0!clickhouse-jdbc.jar (50ms)
[2025-01-18T20:23:27.795+0000] {spark_submit.py:634} INFO - downloading https://repo1.maven.org/maven2/com/clickhouse/clickhouse-client/0.7.0/clickhouse-client-0.7.0.jar ...
[2025-01-18T20:23:27.816+0000] {spark_submit.py:634} INFO - [SUCCESSFUL ] com.clickhouse#clickhouse-client;0.7.0!clickhouse-client.jar (35ms)
[2025-01-18T20:23:27.829+0000] {spark_submit.py:634} INFO - downloading https://repo1.maven.org/maven2/com/clickhouse/clickhouse-http-client/0.7.0/clickhouse-http-client-0.7.0.jar ...
[2025-01-18T20:23:27.846+0000] {spark_submit.py:634} INFO - [SUCCESSFUL ] com.clickhouse#clickhouse-http-client;0.7.0!clickhouse-http-client.jar (27ms)
[2025-01-18T20:23:27.859+0000] {spark_submit.py:634} INFO - downloading https://repo1.maven.org/maven2/org/apache/httpcomponents/client5/httpclient5/5.3.1/httpclient5-5.3.1.jar ...
[2025-01-18T20:23:27.880+0000] {spark_submit.py:634} INFO - [SUCCESSFUL ] org.apache.httpcomponents.client5#httpclient5;5.3.1!httpclient5.jar (35ms)
[2025-01-18T20:23:27.895+0000] {spark_submit.py:634} INFO - downloading https://repo1.maven.org/maven2/com/clickhouse/clickhouse-data/0.7.0/clickhouse-data-0.7.0.jar ...
[2025-01-18T20:23:27.915+0000] {spark_submit.py:634} INFO - [SUCCESSFUL ] com.clickhouse#clickhouse-data;0.7.0!clickhouse-data.jar (32ms)
[2025-01-18T20:23:27.928+0000] {spark_submit.py:634} INFO - downloading https://repo1.maven.org/maven2/org/apache/httpcomponents/core5/httpcore5/5.2.4/httpcore5-5.2.4.jar ...
[2025-01-18T20:23:27.949+0000] {spark_submit.py:634} INFO - [SUCCESSFUL ] org.apache.httpcomponents.core5#httpcore5;5.2.4!httpcore5.jar (32ms)
[2025-01-18T20:23:27.964+0000] {spark_submit.py:634} INFO - downloading https://repo1.maven.org/maven2/org/apache/httpcomponents/core5/httpcore5-h2/5.2.4/httpcore5-h2-5.2.4.jar ...
[2025-01-18T20:23:27.980+0000] {spark_submit.py:634} INFO - [SUCCESSFUL ] org.apache.httpcomponents.core5#httpcore5-h2;5.2.4!httpcore5-h2.jar (30ms)
[2025-01-18T20:23:27.994+0000] {spark_submit.py:634} INFO - downloading https://repo1.maven.org/maven2/org/slf4j/slf4j-api/1.7.36/slf4j-api-1.7.36.jar ...
[2025-01-18T20:23:28.006+0000] {spark_submit.py:634} INFO - [SUCCESSFUL ] org.slf4j#slf4j-api;1.7.36!slf4j-api.jar (26ms)
[2025-01-18T20:23:28.007+0000] {spark_submit.py:634} INFO - :: resolution report :: resolve 2131ms :: artifacts dl 359ms
[2025-01-18T20:23:28.007+0000] {spark_submit.py:634} INFO - :: modules in use:
[2025-01-18T20:23:28.007+0000] {spark_submit.py:634} INFO - com.clickhouse#clickhouse-client;0.7.0 from central in [default]
[2025-01-18T20:23:28.007+0000] {spark_submit.py:634} INFO - com.clickhouse#clickhouse-data;0.7.0 from central in [default]
[2025-01-18T20:23:28.007+0000] {spark_submit.py:634} INFO - com.clickhouse#clickhouse-http-client;0.7.0 from central in [default]
[2025-01-18T20:23:28.008+0000] {spark_submit.py:634} INFO - com.clickhouse#clickhouse-jdbc;0.7.0 from central in [default]
[2025-01-18T20:23:28.008+0000] {spark_submit.py:634} INFO - com.clickhouse.spark#clickhouse-spark-runtime-3.5_2.12;0.8.1 from central in [default]
[2025-01-18T20:23:28.008+0000] {spark_submit.py:634} INFO - org.apache.httpcomponents.client5#httpclient5;5.3.1 from central in [default]
[2025-01-18T20:23:28.008+0000] {spark_submit.py:634} INFO - org.apache.httpcomponents.core5#httpcore5;5.2.4 from central in [default]
[2025-01-18T20:23:28.008+0000] {spark_submit.py:634} INFO - org.apache.httpcomponents.core5#httpcore5-h2;5.2.4 from central in [default]
[2025-01-18T20:23:28.009+0000] {spark_submit.py:634} INFO - org.slf4j#slf4j-api;1.7.36 from central in [default]
[2025-01-18T20:23:28.009+0000] {spark_submit.py:634} INFO - :: evicted modules:
[2025-01-18T20:23:28.009+0000] {spark_submit.py:634} INFO - com.clickhouse#clickhouse-http-client;0.7.0-SNAPSHOT by [com.clickhouse#clickhouse-http-client;0.7.0] in [default]
[2025-01-18T20:23:28.009+0000] {spark_submit.py:634} INFO - ---------------------------------------------------------------------
[2025-01-18T20:23:28.009+0000] {spark_submit.py:634} INFO - |                  |            modules            ||   artifacts   |
[2025-01-18T20:23:28.009+0000] {spark_submit.py:634} INFO - |       conf       | number| search|dwnlded|evicted|| number|dwnlded|
[2025-01-18T20:23:28.010+0000] {spark_submit.py:634} INFO - ---------------------------------------------------------------------
[2025-01-18T20:23:28.010+0000] {spark_submit.py:634} INFO - |      default     |   10  |   9   |   9   |   1   ||   9   |   9   |
[2025-01-18T20:23:28.010+0000] {spark_submit.py:634} INFO - ---------------------------------------------------------------------
[2025-01-18T20:23:28.012+0000] {spark_submit.py:634} INFO - :: retrieving :: org.apache.spark#spark-submit-parent-31ec97cc-776d-4d01-a6e6-68e1a23efaaa
[2025-01-18T20:23:28.012+0000] {spark_submit.py:634} INFO - confs: [default]
[2025-01-18T20:23:28.027+0000] {spark_submit.py:634} INFO - 9 artifacts copied, 0 already retrieved (5143kB/14ms)
[2025-01-18T20:23:28.190+0000] {spark_submit.py:634} INFO - 25/01/18 20:23:28 WARN NativeCodeLoader: Unable to load native-hadoop library for your platform... using builtin-java classes where applicable
[2025-01-18T20:23:28.362+0000] {spark_submit.py:634} INFO - Main class:
[2025-01-18T20:23:28.363+0000] {spark_submit.py:634} INFO - org.apache.spark.deploy.PythonRunner
[2025-01-18T20:23:28.363+0000] {spark_submit.py:634} INFO - Arguments:
[2025-01-18T20:23:28.364+0000] {spark_submit.py:634} INFO - file:/opt/***/dags/spark_app/spark_1.py
[2025-01-18T20:23:28.364+0000] {spark_submit.py:634} INFO - file:///home/***/.ivy2/jars/com.clickhouse.spark_clickhouse-spark-runtime-3.5_2.12-0.8.1.jar,file:///home/***/.ivy2/jars/com.clickhouse_clickhouse-jdbc-0.7.0.jar,file:///home/***/.ivy2/jars/com.clickhouse_clickhouse-client-0.7.0.jar,file:///home/***/.ivy2/jars/com.clickhouse_clickhouse-http-client-0.7.0.jar,file:///home/***/.ivy2/jars/org.apache.httpcomponents.client5_httpclient5-5.3.1.jar,file:///home/***/.ivy2/jars/com.clickhouse_clickhouse-data-0.7.0.jar,file:///home/***/.ivy2/jars/org.apache.httpcomponents.core5_httpcore5-5.2.4.jar,file:///home/***/.ivy2/jars/org.apache.httpcomponents.core5_httpcore5-h2-5.2.4.jar,file:///home/***/.ivy2/jars/org.slf4j_slf4j-api-1.7.36.jar
[2025-01-18T20:23:28.365+0000] {spark_submit.py:634} INFO - Spark config:
[2025-01-18T20:23:28.366+0000] {spark_submit.py:634} INFO - (spark.app.name,arrow-spark)
[2025-01-18T20:23:28.366+0000] {spark_submit.py:634} INFO - (spark.app.submitTime,1737231808348)
[2025-01-18T20:23:28.367+0000] {spark_submit.py:634} INFO - (spark.driver.memory,12g)
[2025-01-18T20:23:28.367+0000] {spark_submit.py:634} INFO - (spark.executor.memory,12g)
[2025-01-18T20:23:28.367+0000] {spark_submit.py:634} INFO - (spark.files,file:///home/***/.ivy2/jars/com.clickhouse.spark_clickhouse-spark-runtime-3.5_2.12-0.8.1.jar,file:///home/***/.ivy2/jars/com.clickhouse_clickhouse-jdbc-0.7.0.jar,file:///home/***/.ivy2/jars/com.clickhouse_clickhouse-client-0.7.0.jar,file:///home/***/.ivy2/jars/com.clickhouse_clickhouse-http-client-0.7.0.jar,file:///home/***/.ivy2/jars/org.apache.httpcomponents.client5_httpclient5-5.3.1.jar,file:///home/***/.ivy2/jars/com.clickhouse_clickhouse-data-0.7.0.jar,file:///home/***/.ivy2/jars/org.apache.httpcomponents.core5_httpcore5-5.2.4.jar,file:///home/***/.ivy2/jars/org.apache.httpcomponents.core5_httpcore5-h2-5.2.4.jar,file:///home/***/.ivy2/jars/org.slf4j_slf4j-api-1.7.36.jar)
[2025-01-18T20:23:28.368+0000] {spark_submit.py:634} INFO - (spark.jars,file:///home/***/.ivy2/jars/com.clickhouse.spark_clickhouse-spark-runtime-3.5_2.12-0.8.1.jar,file:///home/***/.ivy2/jars/com.clickhouse_clickhouse-jdbc-0.7.0.jar,file:///home/***/.ivy2/jars/com.clickhouse_clickhouse-client-0.7.0.jar,file:///home/***/.ivy2/jars/com.clickhouse_clickhouse-http-client-0.7.0.jar,file:///home/***/.ivy2/jars/org.apache.httpcomponents.client5_httpclient5-5.3.1.jar,file:///home/***/.ivy2/jars/com.clickhouse_clickhouse-data-0.7.0.jar,file:///home/***/.ivy2/jars/org.apache.httpcomponents.core5_httpcore5-5.2.4.jar,file:///home/***/.ivy2/jars/org.apache.httpcomponents.core5_httpcore5-h2-5.2.4.jar,file:///home/***/.ivy2/jars/org.slf4j_slf4j-api-1.7.36.jar)
[2025-01-18T20:23:28.369+0000] {spark_submit.py:634} INFO - (spark.master,spark://spark-master:7077)
[2025-01-18T20:23:28.370+0000] {spark_submit.py:634} INFO - (spark.repl.local.jars,file:///home/***/.ivy2/jars/com.clickhouse.spark_clickhouse-spark-runtime-3.5_2.12-0.8.1.jar,file:///home/***/.ivy2/jars/com.clickhouse_clickhouse-jdbc-0.7.0.jar,file:///home/***/.ivy2/jars/com.clickhouse_clickhouse-client-0.7.0.jar,file:///home/***/.ivy2/jars/com.clickhouse_clickhouse-http-client-0.7.0.jar,file:///home/***/.ivy2/jars/org.apache.httpcomponents.client5_httpclient5-5.3.1.jar,file:///home/***/.ivy2/jars/com.clickhouse_clickhouse-data-0.7.0.jar,file:///home/***/.ivy2/jars/org.apache.httpcomponents.core5_httpcore5-5.2.4.jar,file:///home/***/.ivy2/jars/org.apache.httpcomponents.core5_httpcore5-h2-5.2.4.jar,file:///home/***/.ivy2/jars/org.slf4j_slf4j-api-1.7.36.jar)
[2025-01-18T20:23:28.370+0000] {spark_submit.py:634} INFO - (spark.submit.deployMode,client)
[2025-01-18T20:23:28.370+0000] {spark_submit.py:634} INFO - (spark.submit.pyFiles,/home/***/.ivy2/jars/com.clickhouse.spark_clickhouse-spark-runtime-3.5_2.12-0.8.1.jar,/home/***/.ivy2/jars/com.clickhouse_clickhouse-jdbc-0.7.0.jar,/home/***/.ivy2/jars/com.clickhouse_clickhouse-client-0.7.0.jar,/home/***/.ivy2/jars/com.clickhouse_clickhouse-http-client-0.7.0.jar,/home/***/.ivy2/jars/org.apache.httpcomponents.client5_httpclient5-5.3.1.jar,/home/***/.ivy2/jars/com.clickhouse_clickhouse-data-0.7.0.jar,/home/***/.ivy2/jars/org.apache.httpcomponents.core5_httpcore5-5.2.4.jar,/home/***/.ivy2/jars/org.apache.httpcomponents.core5_httpcore5-h2-5.2.4.jar,/home/***/.ivy2/jars/org.slf4j_slf4j-api-1.7.36.jar)
[2025-01-18T20:23:28.371+0000] {spark_submit.py:634} INFO - Classpath elements:
[2025-01-18T20:23:28.371+0000] {spark_submit.py:634} INFO - file:///home/***/.ivy2/jars/com.clickhouse.spark_clickhouse-spark-runtime-3.5_2.12-0.8.1.jar
[2025-01-18T20:23:28.371+0000] {spark_submit.py:634} INFO - file:///home/***/.ivy2/jars/com.clickhouse_clickhouse-jdbc-0.7.0.jar
[2025-01-18T20:23:28.371+0000] {spark_submit.py:634} INFO - file:///home/***/.ivy2/jars/com.clickhouse_clickhouse-client-0.7.0.jar
[2025-01-18T20:23:28.372+0000] {spark_submit.py:634} INFO - file:///home/***/.ivy2/jars/com.clickhouse_clickhouse-http-client-0.7.0.jar
[2025-01-18T20:23:28.372+0000] {spark_submit.py:634} INFO - file:///home/***/.ivy2/jars/org.apache.httpcomponents.client5_httpclient5-5.3.1.jar
[2025-01-18T20:23:28.372+0000] {spark_submit.py:634} INFO - file:///home/***/.ivy2/jars/com.clickhouse_clickhouse-data-0.7.0.jar
[2025-01-18T20:23:28.372+0000] {spark_submit.py:634} INFO - file:///home/***/.ivy2/jars/org.apache.httpcomponents.core5_httpcore5-5.2.4.jar
[2025-01-18T20:23:28.373+0000] {spark_submit.py:634} INFO - file:///home/***/.ivy2/jars/org.apache.httpcomponents.core5_httpcore5-h2-5.2.4.jar
[2025-01-18T20:23:28.373+0000] {spark_submit.py:634} INFO - file:///home/***/.ivy2/jars/org.slf4j_slf4j-api-1.7.36.jar
[2025-01-18T20:23:28.373+0000] {spark_submit.py:634} INFO - 
[2025-01-18T20:23:28.373+0000] {spark_submit.py:634} INFO - 
[2025-01-18T20:23:29.464+0000] {spark_submit.py:634} INFO - 25/01/18 20:23:29 INFO SparkContext: Running Spark version 3.5.4
[2025-01-18T20:23:29.465+0000] {spark_submit.py:634} INFO - 25/01/18 20:23:29 INFO SparkContext: OS info Linux, 5.10.0-33-cloud-amd64, amd64
[2025-01-18T20:23:29.465+0000] {spark_submit.py:634} INFO - 25/01/18 20:23:29 INFO SparkContext: Java version 17.0.13
[2025-01-18T20:23:29.493+0000] {spark_submit.py:634} INFO - 25/01/18 20:23:29 INFO ResourceUtils: ==============================================================
[2025-01-18T20:23:29.494+0000] {spark_submit.py:634} INFO - 25/01/18 20:23:29 INFO ResourceUtils: No custom resources configured for spark.driver.
[2025-01-18T20:23:29.495+0000] {spark_submit.py:634} INFO - 25/01/18 20:23:29 INFO ResourceUtils: ==============================================================
[2025-01-18T20:23:29.495+0000] {spark_submit.py:634} INFO - 25/01/18 20:23:29 INFO SparkContext: Submitted application: arrow-spark
[2025-01-18T20:23:29.513+0000] {spark_submit.py:634} INFO - 25/01/18 20:23:29 INFO ResourceProfile: Default ResourceProfile created, executor resources: Map(memory -> name: memory, amount: 12288, script: , vendor: , offHeap -> name: offHeap, amount: 0, script: , vendor: ), task resources: Map(cpus -> name: cpus, amount: 1.0)
[2025-01-18T20:23:29.519+0000] {spark_submit.py:634} INFO - 25/01/18 20:23:29 INFO ResourceProfile: Limiting resource is cpu
[2025-01-18T20:23:29.519+0000] {spark_submit.py:634} INFO - 25/01/18 20:23:29 INFO ResourceProfileManager: Added ResourceProfile id: 0
[2025-01-18T20:23:29.557+0000] {spark_submit.py:634} INFO - 25/01/18 20:23:29 INFO SecurityManager: Changing view acls to: default
[2025-01-18T20:23:29.558+0000] {spark_submit.py:634} INFO - 25/01/18 20:23:29 INFO SecurityManager: Changing modify acls to: default
[2025-01-18T20:23:29.558+0000] {spark_submit.py:634} INFO - 25/01/18 20:23:29 INFO SecurityManager: Changing view acls groups to:
[2025-01-18T20:23:29.558+0000] {spark_submit.py:634} INFO - 25/01/18 20:23:29 INFO SecurityManager: Changing modify acls groups to:
[2025-01-18T20:23:29.558+0000] {spark_submit.py:634} INFO - 25/01/18 20:23:29 INFO SecurityManager: SecurityManager: authentication disabled; ui acls disabled; users with view permissions: default; groups with view permissions: EMPTY; users with modify permissions: default; groups with modify permissions: EMPTY
[2025-01-18T20:23:29.757+0000] {spark_submit.py:634} INFO - 25/01/18 20:23:29 INFO Utils: Successfully started service 'sparkDriver' on port 34005.
[2025-01-18T20:23:29.781+0000] {spark_submit.py:634} INFO - 25/01/18 20:23:29 INFO SparkEnv: Registering MapOutputTracker
[2025-01-18T20:23:29.805+0000] {spark_submit.py:634} INFO - 25/01/18 20:23:29 INFO SparkEnv: Registering BlockManagerMaster
[2025-01-18T20:23:29.817+0000] {spark_submit.py:634} INFO - 25/01/18 20:23:29 INFO BlockManagerMasterEndpoint: Using org.apache.spark.storage.DefaultTopologyMapper for getting topology information
[2025-01-18T20:23:29.818+0000] {spark_submit.py:634} INFO - 25/01/18 20:23:29 INFO BlockManagerMasterEndpoint: BlockManagerMasterEndpoint up
[2025-01-18T20:23:29.820+0000] {spark_submit.py:634} INFO - 25/01/18 20:23:29 INFO SparkEnv: Registering BlockManagerMasterHeartbeat
[2025-01-18T20:23:29.832+0000] {spark_submit.py:634} INFO - 25/01/18 20:23:29 INFO DiskBlockManager: Created local directory at /tmp/blockmgr-0f7c21dc-a192-4145-85c4-5bf1c87270bf
[2025-01-18T20:23:29.842+0000] {spark_submit.py:634} INFO - 25/01/18 20:23:29 INFO MemoryStore: MemoryStore started with capacity 7.0 GiB
[2025-01-18T20:23:29.853+0000] {spark_submit.py:634} INFO - 25/01/18 20:23:29 INFO SparkEnv: Registering OutputCommitCoordinator
[2025-01-18T20:23:29.949+0000] {spark_submit.py:634} INFO - 25/01/18 20:23:29 INFO JettyUtils: Start Jetty 0.0.0.0:4040 for SparkUI
[2025-01-18T20:23:30.014+0000] {spark_submit.py:634} INFO - 25/01/18 20:23:30 INFO Utils: Successfully started service 'SparkUI' on port 4040.
[2025-01-18T20:23:30.042+0000] {spark_submit.py:634} INFO - 25/01/18 20:23:30 INFO SparkContext: Added JAR file:///home/***/.ivy2/jars/com.clickhouse.spark_clickhouse-spark-runtime-3.5_2.12-0.8.1.jar at spark://42cd8ade4520:34005/jars/com.clickhouse.spark_clickhouse-spark-runtime-3.5_2.12-0.8.1.jar with timestamp 1737231809457
[2025-01-18T20:23:30.042+0000] {spark_submit.py:634} INFO - 25/01/18 20:23:30 INFO SparkContext: Added JAR file:///home/***/.ivy2/jars/com.clickhouse_clickhouse-jdbc-0.7.0.jar at spark://42cd8ade4520:34005/jars/com.clickhouse_clickhouse-jdbc-0.7.0.jar with timestamp 1737231809457
[2025-01-18T20:23:30.043+0000] {spark_submit.py:634} INFO - 25/01/18 20:23:30 INFO SparkContext: Added JAR file:///home/***/.ivy2/jars/com.clickhouse_clickhouse-client-0.7.0.jar at spark://42cd8ade4520:34005/jars/com.clickhouse_clickhouse-client-0.7.0.jar with timestamp 1737231809457
[2025-01-18T20:23:30.043+0000] {spark_submit.py:634} INFO - 25/01/18 20:23:30 INFO SparkContext: Added JAR file:///home/***/.ivy2/jars/com.clickhouse_clickhouse-http-client-0.7.0.jar at spark://42cd8ade4520:34005/jars/com.clickhouse_clickhouse-http-client-0.7.0.jar with timestamp 1737231809457
[2025-01-18T20:23:30.044+0000] {spark_submit.py:634} INFO - 25/01/18 20:23:30 INFO SparkContext: Added JAR file:///home/***/.ivy2/jars/org.apache.httpcomponents.client5_httpclient5-5.3.1.jar at spark://42cd8ade4520:34005/jars/org.apache.httpcomponents.client5_httpclient5-5.3.1.jar with timestamp 1737231809457
[2025-01-18T20:23:30.044+0000] {spark_submit.py:634} INFO - 25/01/18 20:23:30 INFO SparkContext: Added JAR file:///home/***/.ivy2/jars/com.clickhouse_clickhouse-data-0.7.0.jar at spark://42cd8ade4520:34005/jars/com.clickhouse_clickhouse-data-0.7.0.jar with timestamp 1737231809457
[2025-01-18T20:23:30.045+0000] {spark_submit.py:634} INFO - 25/01/18 20:23:30 INFO SparkContext: Added JAR file:///home/***/.ivy2/jars/org.apache.httpcomponents.core5_httpcore5-5.2.4.jar at spark://42cd8ade4520:34005/jars/org.apache.httpcomponents.core5_httpcore5-5.2.4.jar with timestamp 1737231809457
[2025-01-18T20:23:30.045+0000] {spark_submit.py:634} INFO - 25/01/18 20:23:30 INFO SparkContext: Added JAR file:///home/***/.ivy2/jars/org.apache.httpcomponents.core5_httpcore5-h2-5.2.4.jar at spark://42cd8ade4520:34005/jars/org.apache.httpcomponents.core5_httpcore5-h2-5.2.4.jar with timestamp 1737231809457
[2025-01-18T20:23:30.046+0000] {spark_submit.py:634} INFO - 25/01/18 20:23:30 INFO SparkContext: Added JAR file:///home/***/.ivy2/jars/org.slf4j_slf4j-api-1.7.36.jar at spark://42cd8ade4520:34005/jars/org.slf4j_slf4j-api-1.7.36.jar with timestamp 1737231809457
[2025-01-18T20:23:30.046+0000] {spark_submit.py:634} INFO - 25/01/18 20:23:30 INFO SparkContext: Added file file:///home/***/.ivy2/jars/com.clickhouse.spark_clickhouse-spark-runtime-3.5_2.12-0.8.1.jar at spark://42cd8ade4520:34005/files/com.clickhouse.spark_clickhouse-spark-runtime-3.5_2.12-0.8.1.jar with timestamp 1737231809457
[2025-01-18T20:23:30.047+0000] {spark_submit.py:634} INFO - 25/01/18 20:23:30 INFO Utils: Copying /home/***/.ivy2/jars/com.clickhouse.spark_clickhouse-spark-runtime-3.5_2.12-0.8.1.jar to /tmp/spark-f38f97b1-07cf-4604-b391-93d9370c7942/userFiles-ea8f797f-9ce6-430e-aef2-79801bd34bd5/com.clickhouse.spark_clickhouse-spark-runtime-3.5_2.12-0.8.1.jar
[2025-01-18T20:23:30.060+0000] {spark_submit.py:634} INFO - 25/01/18 20:23:30 INFO SparkContext: Added file file:///home/***/.ivy2/jars/com.clickhouse_clickhouse-jdbc-0.7.0.jar at spark://42cd8ade4520:34005/files/com.clickhouse_clickhouse-jdbc-0.7.0.jar with timestamp 1737231809457
[2025-01-18T20:23:30.061+0000] {spark_submit.py:634} INFO - 25/01/18 20:23:30 INFO Utils: Copying /home/***/.ivy2/jars/com.clickhouse_clickhouse-jdbc-0.7.0.jar to /tmp/spark-f38f97b1-07cf-4604-b391-93d9370c7942/userFiles-ea8f797f-9ce6-430e-aef2-79801bd34bd5/com.clickhouse_clickhouse-jdbc-0.7.0.jar
[2025-01-18T20:23:30.065+0000] {spark_submit.py:634} INFO - 25/01/18 20:23:30 INFO SparkContext: Added file file:///home/***/.ivy2/jars/com.clickhouse_clickhouse-client-0.7.0.jar at spark://42cd8ade4520:34005/files/com.clickhouse_clickhouse-client-0.7.0.jar with timestamp 1737231809457
[2025-01-18T20:23:30.065+0000] {spark_submit.py:634} INFO - 25/01/18 20:23:30 INFO Utils: Copying /home/***/.ivy2/jars/com.clickhouse_clickhouse-client-0.7.0.jar to /tmp/spark-f38f97b1-07cf-4604-b391-93d9370c7942/userFiles-ea8f797f-9ce6-430e-aef2-79801bd34bd5/com.clickhouse_clickhouse-client-0.7.0.jar
[2025-01-18T20:23:30.069+0000] {spark_submit.py:634} INFO - 25/01/18 20:23:30 INFO SparkContext: Added file file:///home/***/.ivy2/jars/com.clickhouse_clickhouse-http-client-0.7.0.jar at spark://42cd8ade4520:34005/files/com.clickhouse_clickhouse-http-client-0.7.0.jar with timestamp 1737231809457
[2025-01-18T20:23:30.069+0000] {spark_submit.py:634} INFO - 25/01/18 20:23:30 INFO Utils: Copying /home/***/.ivy2/jars/com.clickhouse_clickhouse-http-client-0.7.0.jar to /tmp/spark-f38f97b1-07cf-4604-b391-93d9370c7942/userFiles-ea8f797f-9ce6-430e-aef2-79801bd34bd5/com.clickhouse_clickhouse-http-client-0.7.0.jar
[2025-01-18T20:23:30.076+0000] {spark_submit.py:634} INFO - 25/01/18 20:23:30 INFO SparkContext: Added file file:///home/***/.ivy2/jars/org.apache.httpcomponents.client5_httpclient5-5.3.1.jar at spark://42cd8ade4520:34005/files/org.apache.httpcomponents.client5_httpclient5-5.3.1.jar with timestamp 1737231809457
[2025-01-18T20:23:30.076+0000] {spark_submit.py:634} INFO - 25/01/18 20:23:30 INFO Utils: Copying /home/***/.ivy2/jars/org.apache.httpcomponents.client5_httpclient5-5.3.1.jar to /tmp/spark-f38f97b1-07cf-4604-b391-93d9370c7942/userFiles-ea8f797f-9ce6-430e-aef2-79801bd34bd5/org.apache.httpcomponents.client5_httpclient5-5.3.1.jar
[2025-01-18T20:23:30.081+0000] {spark_submit.py:634} INFO - 25/01/18 20:23:30 INFO SparkContext: Added file file:///home/***/.ivy2/jars/com.clickhouse_clickhouse-data-0.7.0.jar at spark://42cd8ade4520:34005/files/com.clickhouse_clickhouse-data-0.7.0.jar with timestamp 1737231809457
[2025-01-18T20:23:30.081+0000] {spark_submit.py:634} INFO - 25/01/18 20:23:30 INFO Utils: Copying /home/***/.ivy2/jars/com.clickhouse_clickhouse-data-0.7.0.jar to /tmp/spark-f38f97b1-07cf-4604-b391-93d9370c7942/userFiles-ea8f797f-9ce6-430e-aef2-79801bd34bd5/com.clickhouse_clickhouse-data-0.7.0.jar
[2025-01-18T20:23:30.086+0000] {spark_submit.py:634} INFO - 25/01/18 20:23:30 INFO SparkContext: Added file file:///home/***/.ivy2/jars/org.apache.httpcomponents.core5_httpcore5-5.2.4.jar at spark://42cd8ade4520:34005/files/org.apache.httpcomponents.core5_httpcore5-5.2.4.jar with timestamp 1737231809457
[2025-01-18T20:23:30.087+0000] {spark_submit.py:634} INFO - 25/01/18 20:23:30 INFO Utils: Copying /home/***/.ivy2/jars/org.apache.httpcomponents.core5_httpcore5-5.2.4.jar to /tmp/spark-f38f97b1-07cf-4604-b391-93d9370c7942/userFiles-ea8f797f-9ce6-430e-aef2-79801bd34bd5/org.apache.httpcomponents.core5_httpcore5-5.2.4.jar
[2025-01-18T20:23:30.091+0000] {spark_submit.py:634} INFO - 25/01/18 20:23:30 INFO SparkContext: Added file file:///home/***/.ivy2/jars/org.apache.httpcomponents.core5_httpcore5-h2-5.2.4.jar at spark://42cd8ade4520:34005/files/org.apache.httpcomponents.core5_httpcore5-h2-5.2.4.jar with timestamp 1737231809457
[2025-01-18T20:23:30.091+0000] {spark_submit.py:634} INFO - 25/01/18 20:23:30 INFO Utils: Copying /home/***/.ivy2/jars/org.apache.httpcomponents.core5_httpcore5-h2-5.2.4.jar to /tmp/spark-f38f97b1-07cf-4604-b391-93d9370c7942/userFiles-ea8f797f-9ce6-430e-aef2-79801bd34bd5/org.apache.httpcomponents.core5_httpcore5-h2-5.2.4.jar
[2025-01-18T20:23:30.095+0000] {spark_submit.py:634} INFO - 25/01/18 20:23:30 INFO SparkContext: Added file file:///home/***/.ivy2/jars/org.slf4j_slf4j-api-1.7.36.jar at spark://42cd8ade4520:34005/files/org.slf4j_slf4j-api-1.7.36.jar with timestamp 1737231809457
[2025-01-18T20:23:30.095+0000] {spark_submit.py:634} INFO - 25/01/18 20:23:30 INFO Utils: Copying /home/***/.ivy2/jars/org.slf4j_slf4j-api-1.7.36.jar to /tmp/spark-f38f97b1-07cf-4604-b391-93d9370c7942/userFiles-ea8f797f-9ce6-430e-aef2-79801bd34bd5/org.slf4j_slf4j-api-1.7.36.jar
[2025-01-18T20:23:30.171+0000] {spark_submit.py:634} INFO - 25/01/18 20:23:30 INFO StandaloneAppClient$ClientEndpoint: Connecting to master spark://spark-master:7077...
[2025-01-18T20:23:30.216+0000] {spark_submit.py:634} INFO - 25/01/18 20:23:30 INFO TransportClientFactory: Successfully created connection to spark-master/172.18.0.4:7077 after 29 ms (0 ms spent in bootstraps)
[2025-01-18T20:23:30.336+0000] {spark_submit.py:634} INFO - 25/01/18 20:23:30 INFO StandaloneSchedulerBackend: Connected to Spark cluster with app ID app-20250118202330-0000
[2025-01-18T20:23:30.342+0000] {spark_submit.py:634} INFO - 25/01/18 20:23:30 INFO Utils: Successfully started service 'org.apache.spark.network.netty.NettyBlockTransferService' on port 46115.
[2025-01-18T20:23:30.342+0000] {spark_submit.py:634} INFO - 25/01/18 20:23:30 INFO NettyBlockTransferService: Server created on 42cd8ade4520:46115
[2025-01-18T20:23:30.344+0000] {spark_submit.py:634} INFO - 25/01/18 20:23:30 INFO BlockManager: Using org.apache.spark.storage.RandomBlockReplicationPolicy for block replication policy
[2025-01-18T20:23:30.350+0000] {spark_submit.py:634} INFO - 25/01/18 20:23:30 INFO BlockManagerMaster: Registering BlockManager BlockManagerId(driver, 42cd8ade4520, 46115, None)
[2025-01-18T20:23:30.357+0000] {spark_submit.py:634} INFO - 25/01/18 20:23:30 INFO BlockManagerMasterEndpoint: Registering block manager 42cd8ade4520:46115 with 7.0 GiB RAM, BlockManagerId(driver, 42cd8ade4520, 46115, None)
[2025-01-18T20:23:30.361+0000] {spark_submit.py:634} INFO - 25/01/18 20:23:30 INFO BlockManagerMaster: Registered BlockManager BlockManagerId(driver, 42cd8ade4520, 46115, None)
[2025-01-18T20:23:30.383+0000] {spark_submit.py:634} INFO - 25/01/18 20:23:30 INFO StandaloneAppClient$ClientEndpoint: Executor added: app-20250118202330-0000/0 on worker-20250118202214-172.18.0.5-34373 (172.18.0.5:34373) with 4 core(s)
[2025-01-18T20:23:30.384+0000] {spark_submit.py:634} INFO - 25/01/18 20:23:30 INFO StandaloneSchedulerBackend: Granted executor ID app-20250118202330-0000/0 on hostPort 172.18.0.5:34373 with 4 core(s), 12.0 GiB RAM
[2025-01-18T20:23:30.384+0000] {spark_submit.py:634} INFO - 25/01/18 20:23:30 INFO BlockManager: Initialized BlockManager: BlockManagerId(driver, 42cd8ade4520, 46115, None)
[2025-01-18T20:23:30.622+0000] {spark_submit.py:634} INFO - 25/01/18 20:23:30 INFO StandaloneAppClient$ClientEndpoint: Executor updated: app-20250118202330-0000/0 is now RUNNING
[2025-01-18T20:23:30.628+0000] {spark_submit.py:634} INFO - 25/01/18 20:23:30 INFO StandaloneSchedulerBackend: SchedulerBackend is ready for scheduling beginning after reached minRegisteredResourcesRatio: 0.0
[2025-01-18T20:23:30.920+0000] {spark_submit.py:634} INFO - 25/01/18 20:23:30 INFO SharedState: Setting hive.metastore.warehouse.dir ('null') to the value of spark.sql.warehouse.dir.
[2025-01-18T20:23:30.926+0000] {spark_submit.py:634} INFO - 25/01/18 20:23:30 INFO SharedState: Warehouse path is 'file:/opt/***/spark-warehouse'.
[2025-01-18T20:23:32.905+0000] {spark_submit.py:634} INFO - 25/01/18 20:23:32 INFO ClickHouseCatalog: Detect ClickHouse server timezone: Etc/UTC
[2025-01-18T20:23:33.035+0000] {spark_submit.py:634} INFO - 25/01/18 20:23:33 INFO ClickHouseCatalog: Detect 1 ClickHouse clusters: default
[2025-01-18T20:23:33.036+0000] {spark_submit.py:634} INFO - 25/01/18 20:23:33 INFO ClickHouseCatalog: ClickHouse clusters' detail: List(cluster: default, shards: [shard_num: 1, shard_weight: 1, replicas: [[HTTP]default@localhost:8123}/default, replica_num: 1]])
[2025-01-18T20:23:33.037+0000] {spark_submit.py:634} INFO - 25/01/18 20:23:33 INFO ClickHouseCatalog: Registered functions: ck_xx_hash64,clickhouse_xxHash64,clickhouse_cityHash64,clickhouse_murmurHash2_64,clickhouse_murmurHash3_32,clickhouse_murmurHash3_64,clickhouse_murmurHash2_32,ck_xx_hash64_shard,clickhouse_shard_xxHash64
[2025-01-18T20:23:33.762+0000] {spark_submit.py:634} INFO - 25/01/18 20:23:33 INFO StandaloneSchedulerBackend$StandaloneDriverEndpoint: Registered executor NettyRpcEndpointRef(spark-client://Executor) (172.18.0.5:47752) with ID 0,  ResourceProfileId 0
[2025-01-18T20:23:33.900+0000] {spark_submit.py:634} INFO - 25/01/18 20:23:33 INFO BlockManagerMasterEndpoint: Registering block manager 172.18.0.5:39283 with 7.0 GiB RAM, BlockManagerId(0, 172.18.0.5, 39283, None)
[2025-01-18T20:23:34.927+0000] {spark_submit.py:634} INFO - 25/01/18 20:23:34 INFO V2ScanRelationPushDown:
[2025-01-18T20:23:34.928+0000] {spark_submit.py:634} INFO - Output: age#0, workclass#1, fnlwgt#2L, education#3, educational-num#4, marital-status#5, occupation#6, relationship#7, race#8, gender#9, capital-gain#10L, capital-loss#11, hours-per-week#12, native-country#13, income_>50K#14
[2025-01-18T20:23:34.928+0000] {spark_submit.py:634} INFO - 
[2025-01-18T20:23:35.494+0000] {spark_submit.py:634} INFO - 25/01/18 20:23:35 INFO CodeGenerator: Code generated in 146.418425 ms
[2025-01-18T20:23:35.558+0000] {spark_submit.py:634} INFO - 25/01/18 20:23:35 INFO SparkContext: Starting job: showString at NativeMethodAccessorImpl.java:0
[2025-01-18T20:23:35.571+0000] {spark_submit.py:634} INFO - 25/01/18 20:23:35 INFO DAGScheduler: Got job 0 (showString at NativeMethodAccessorImpl.java:0) with 1 output partitions
[2025-01-18T20:23:35.571+0000] {spark_submit.py:634} INFO - 25/01/18 20:23:35 INFO DAGScheduler: Final stage: ResultStage 0 (showString at NativeMethodAccessorImpl.java:0)
[2025-01-18T20:23:35.571+0000] {spark_submit.py:634} INFO - 25/01/18 20:23:35 INFO DAGScheduler: Parents of final stage: List()
[2025-01-18T20:23:35.572+0000] {spark_submit.py:634} INFO - 25/01/18 20:23:35 INFO DAGScheduler: Missing parents: List()
[2025-01-18T20:23:35.576+0000] {spark_submit.py:634} INFO - 25/01/18 20:23:35 INFO DAGScheduler: Submitting ResultStage 0 (MapPartitionsRDD[3] at showString at NativeMethodAccessorImpl.java:0), which has no missing parents
[2025-01-18T20:23:35.657+0000] {spark_submit.py:634} INFO - 25/01/18 20:23:35 INFO MemoryStore: Block broadcast_0 stored as values in memory (estimated size 18.0 KiB, free 7.0 GiB)
[2025-01-18T20:23:35.671+0000] {spark_submit.py:634} INFO - 25/01/18 20:23:35 INFO MemoryStore: Block broadcast_0_piece0 stored as bytes in memory (estimated size 7.8 KiB, free 7.0 GiB)
[2025-01-18T20:23:35.673+0000] {spark_submit.py:634} INFO - 25/01/18 20:23:35 INFO BlockManagerInfo: Added broadcast_0_piece0 in memory on 42cd8ade4520:46115 (size: 7.8 KiB, free: 7.0 GiB)
[2025-01-18T20:23:35.676+0000] {spark_submit.py:634} INFO - 25/01/18 20:23:35 INFO SparkContext: Created broadcast 0 from broadcast at DAGScheduler.scala:1585
[2025-01-18T20:23:35.689+0000] {spark_submit.py:634} INFO - 25/01/18 20:23:35 INFO DAGScheduler: Submitting 1 missing tasks from ResultStage 0 (MapPartitionsRDD[3] at showString at NativeMethodAccessorImpl.java:0) (first 15 tasks are for partitions Vector(0))
[2025-01-18T20:23:35.689+0000] {spark_submit.py:634} INFO - 25/01/18 20:23:35 INFO TaskSchedulerImpl: Adding task set 0.0 with 1 tasks resource profile 0
[2025-01-18T20:23:35.713+0000] {spark_submit.py:634} INFO - 25/01/18 20:23:35 INFO TaskSetManager: Starting task 0.0 in stage 0.0 (TID 0) (172.18.0.5, executor 0, partition 0, ANY, 13336 bytes)
[2025-01-18T20:23:35.931+0000] {spark_submit.py:634} INFO - 25/01/18 20:23:35 INFO BlockManagerInfo: Added broadcast_0_piece0 in memory on 172.18.0.5:39283 (size: 7.8 KiB, free: 7.0 GiB)
[2025-01-18T20:23:37.009+0000] {spark_submit.py:634} INFO - 25/01/18 20:23:37 INFO TaskSetManager: Finished task 0.0 in stage 0.0 (TID 0) in 1307 ms on 172.18.0.5 (executor 0) (1/1)
[2025-01-18T20:23:37.010+0000] {spark_submit.py:634} INFO - 25/01/18 20:23:37 INFO TaskSchedulerImpl: Removed TaskSet 0.0, whose tasks have all completed, from pool
[2025-01-18T20:23:37.017+0000] {spark_submit.py:634} INFO - 25/01/18 20:23:37 INFO DAGScheduler: ResultStage 0 (showString at NativeMethodAccessorImpl.java:0) finished in 1.429 s
[2025-01-18T20:23:37.020+0000] {spark_submit.py:634} INFO - 25/01/18 20:23:37 INFO DAGScheduler: Job 0 is finished. Cancelling potential speculative or zombie tasks for this job
[2025-01-18T20:23:37.021+0000] {spark_submit.py:634} INFO - 25/01/18 20:23:37 INFO TaskSchedulerImpl: Killing all running tasks in stage 0: Stage finished
[2025-01-18T20:23:37.024+0000] {spark_submit.py:634} INFO - 25/01/18 20:23:37 INFO DAGScheduler: Job 0 finished: showString at NativeMethodAccessorImpl.java:0, took 1.465480 s
[2025-01-18T20:23:37.531+0000] {spark_submit.py:634} INFO - 25/01/18 20:23:37 INFO BlockManagerInfo: Removed broadcast_0_piece0 on 172.18.0.5:39283 in memory (size: 7.8 KiB, free: 7.0 GiB)
[2025-01-18T20:23:37.539+0000] {spark_submit.py:634} INFO - 25/01/18 20:23:37 INFO BlockManagerInfo: Removed broadcast_0_piece0 on 42cd8ade4520:46115 in memory (size: 7.8 KiB, free: 7.0 GiB)
[2025-01-18T20:23:37.802+0000] {spark_submit.py:634} INFO - 25/01/18 20:23:37 INFO CodeGenerator: Code generated in 31.814693 ms
[2025-01-18T20:23:37.822+0000] {spark_submit.py:634} INFO - +---+----------------+------+------------+---------------+------------------+-----------------+-------------+------------------+------+------------+------------+--------------+--------------+-----------+
[2025-01-18T20:23:37.822+0000] {spark_submit.py:634} INFO - |age|       workclass|fnlwgt|   education|educational-num|    marital-status|       occupation| relationship|              race|gender|capital-gain|capital-loss|hours-per-week|native-country|income_>50K|
[2025-01-18T20:23:37.823+0000] {spark_submit.py:634} INFO - +---+----------------+------+------------+---------------+------------------+-----------------+-------------+------------------+------+------------+------------+--------------+--------------+-----------+
[2025-01-18T20:23:37.823+0000] {spark_submit.py:634} INFO - | 67|         Private|366425|   Doctorate|             16|          Divorced|  Exec-managerial|Not-in-family|             White|  Male|       99999|           0|            60| United-States|          1|
[2025-01-18T20:23:37.823+0000] {spark_submit.py:634} INFO - | 17|         Private|244602|        12th|              8|     Never-married|    Other-service|    Own-child|             White|  Male|           0|           0|            15| United-States|          0|
[2025-01-18T20:23:37.823+0000] {spark_submit.py:634} INFO - | 31|         Private|174201|   Bachelors|             13|Married-civ-spouse|  Exec-managerial|      Husband|             White|  Male|           0|           0|            40| United-States|          1|
[2025-01-18T20:23:37.823+0000] {spark_submit.py:634} INFO - | 58|       State-gov|110199|     7th-8th|              4|Married-civ-spouse| Transport-moving|      Husband|             White|  Male|           0|           0|            40| United-States|          0|
[2025-01-18T20:23:37.824+0000] {spark_submit.py:634} INFO - | 25|       State-gov|149248|Some-college|             10|     Never-married|    Other-service|Not-in-family|             Black|  Male|           0|           0|            40| United-States|          0|
[2025-01-18T20:23:37.824+0000] {spark_submit.py:634} INFO - | 59|       State-gov|105363|     HS-grad|              9|     Never-married|     Adm-clerical|    Own-child|             White|  Male|           0|           0|            40| United-States|          0|
[2025-01-18T20:23:37.824+0000] {spark_submit.py:634} INFO - | 70|         Private|216390|         9th|              5|Married-civ-spouse|Machine-op-inspct|         Wife|             White|Female|        2653|           0|            40| United-States|          0|
[2025-01-18T20:23:37.824+0000] {spark_submit.py:634} INFO - | 35|Self-emp-not-inc|361888|   Bachelors|             13|Married-civ-spouse|            Sales|      Husband|             White|  Male|           0|           0|            60|         Japan|          0|
[2025-01-18T20:23:37.825+0000] {spark_submit.py:634} INFO - | 28|         Private| 74784|     HS-grad|              9|     Never-married|Handlers-cleaners|Not-in-family|             White|  Male|           0|           0|            50| United-States|          0|
[2025-01-18T20:23:37.825+0000] {spark_submit.py:634} INFO - | 28|         Private|118089|     HS-grad|              9|Married-civ-spouse|  Exec-managerial|      Husband|             White|  Male|        4386|           0|            45| United-States|          1|
[2025-01-18T20:23:37.825+0000] {spark_submit.py:634} INFO - | 21|         Private|138513|Some-college|             10|     Never-married|  Exec-managerial|    Own-child|             White|  Male|           0|           0|            25| United-States|          0|
[2025-01-18T20:23:37.825+0000] {spark_submit.py:634} INFO - | 30|Self-emp-not-inc|100252|     HS-grad|              9|Married-civ-spouse|Machine-op-inspct|    Own-child|Asian-Pac-Islander|  Male|           0|           0|            60|         South|          0|
[2025-01-18T20:23:37.826+0000] {spark_submit.py:634} INFO - | 59|Self-emp-not-inc|241297|Some-college|             10|           Widowed|  Farming-fishing|Not-in-family|             White|Female|        6849|           0|            40| United-States|          0|
[2025-01-18T20:23:37.826+0000] {spark_submit.py:634} INFO - | 20|         Private| 39764|     HS-grad|              9|     Never-married|Handlers-cleaners|    Own-child|             White|  Male|           0|           0|            40| United-States|          0|
[2025-01-18T20:23:37.826+0000] {spark_submit.py:634} INFO - | 45|         Private| 30690|     7th-8th|              4|     Never-married|    Other-service|Not-in-family|             White|  Male|           0|           0|            10| United-States|          0|
[2025-01-18T20:23:37.826+0000] {spark_submit.py:634} INFO - | 76|         Private|316185|     7th-8th|              4|           Widowed|  Protective-serv|Not-in-family|             White|Female|           0|           0|            12| United-States|          0|
[2025-01-18T20:23:37.826+0000] {spark_submit.py:634} INFO - | 30|         Private|110239|        10th|              6|Married-civ-spouse| Transport-moving|      Husband|             White|  Male|           0|           0|            55| United-States|          0|
[2025-01-18T20:23:37.826+0000] {spark_submit.py:634} INFO - | 54|     Federal-gov|278076|     HS-grad|              9|Married-civ-spouse|  Exec-managerial|      Husband|             White|  Male|        5178|           0|            40| United-States|          1|
[2025-01-18T20:23:37.827+0000] {spark_submit.py:634} INFO - | 19|       Local-gov|259169|Some-college|             10|     Never-married|   Prof-specialty|    Own-child|             White|Female|           0|           0|            30| United-States|          0|
[2025-01-18T20:23:37.827+0000] {spark_submit.py:634} INFO - | 44|         Private|136986|   Doctorate|             16|Married-civ-spouse|   Prof-specialty|      Husband|             White|  Male|           0|           0|            50| United-States|          1|
[2025-01-18T20:23:37.827+0000] {spark_submit.py:634} INFO - +---+----------------+------+------------+---------------+------------------+-----------------+-------------+------------------+------+------------+------------+--------------+--------------+-----------+
[2025-01-18T20:23:37.827+0000] {spark_submit.py:634} INFO - only showing top 20 rows
[2025-01-18T20:23:37.827+0000] {spark_submit.py:634} INFO - 
[2025-01-18T20:23:39.162+0000] {spark_submit.py:634} INFO - 25/01/18 20:23:39 INFO FileOutputCommitter: File Output Committer Algorithm version is 1
[2025-01-18T20:23:39.163+0000] {spark_submit.py:634} INFO - 25/01/18 20:23:39 INFO FileOutputCommitter: FileOutputCommitter skip cleanup _temporary folders under output directory:false, ignore cleanup failures: false
[2025-01-18T20:23:39.164+0000] {spark_submit.py:634} INFO - 25/01/18 20:23:39 INFO SQLHadoopMapReduceCommitProtocol: Using output committer class org.apache.hadoop.mapreduce.lib.output.FileOutputCommitter
[2025-01-18T20:23:39.192+0000] {spark_submit.py:634} INFO - 25/01/18 20:23:39 INFO CodeGenerator: Code generated in 12.073743 ms
[2025-01-18T20:23:39.204+0000] {spark_submit.py:634} INFO - 25/01/18 20:23:39 INFO SparkContext: Starting job: csv at NativeMethodAccessorImpl.java:0
[2025-01-18T20:23:39.209+0000] {spark_submit.py:634} INFO - 25/01/18 20:23:39 INFO DAGScheduler: Got job 1 (csv at NativeMethodAccessorImpl.java:0) with 4 output partitions
[2025-01-18T20:23:39.209+0000] {spark_submit.py:634} INFO - 25/01/18 20:23:39 INFO DAGScheduler: Final stage: ResultStage 1 (csv at NativeMethodAccessorImpl.java:0)
[2025-01-18T20:23:39.209+0000] {spark_submit.py:634} INFO - 25/01/18 20:23:39 INFO DAGScheduler: Parents of final stage: List()
[2025-01-18T20:23:39.210+0000] {spark_submit.py:634} INFO - 25/01/18 20:23:39 INFO DAGScheduler: Missing parents: List()
[2025-01-18T20:23:39.210+0000] {spark_submit.py:634} INFO - 25/01/18 20:23:39 INFO DAGScheduler: Submitting ResultStage 1 (MapPartitionsRDD[10] at csv at NativeMethodAccessorImpl.java:0), which has no missing parents
[2025-01-18T20:23:39.258+0000] {spark_submit.py:634} INFO - 25/01/18 20:23:39 INFO MemoryStore: Block broadcast_1 stored as values in memory (estimated size 225.8 KiB, free 7.0 GiB)
[2025-01-18T20:23:39.260+0000] {spark_submit.py:634} INFO - 25/01/18 20:23:39 INFO MemoryStore: Block broadcast_1_piece0 stored as bytes in memory (estimated size 81.2 KiB, free 7.0 GiB)
[2025-01-18T20:23:39.260+0000] {spark_submit.py:634} INFO - 25/01/18 20:23:39 INFO BlockManagerInfo: Added broadcast_1_piece0 in memory on 42cd8ade4520:46115 (size: 81.2 KiB, free: 7.0 GiB)
[2025-01-18T20:23:39.261+0000] {spark_submit.py:634} INFO - 25/01/18 20:23:39 INFO SparkContext: Created broadcast 1 from broadcast at DAGScheduler.scala:1585
[2025-01-18T20:23:39.262+0000] {spark_submit.py:634} INFO - 25/01/18 20:23:39 INFO DAGScheduler: Submitting 4 missing tasks from ResultStage 1 (MapPartitionsRDD[10] at csv at NativeMethodAccessorImpl.java:0) (first 15 tasks are for partitions Vector(0, 1, 2, 3))
[2025-01-18T20:23:39.262+0000] {spark_submit.py:634} INFO - 25/01/18 20:23:39 INFO TaskSchedulerImpl: Adding task set 1.0 with 4 tasks resource profile 0
[2025-01-18T20:23:39.266+0000] {spark_submit.py:634} INFO - 25/01/18 20:23:39 INFO TaskSetManager: Starting task 0.0 in stage 1.0 (TID 1) (172.18.0.5, executor 0, partition 0, PROCESS_LOCAL, 10837 bytes)
[2025-01-18T20:23:39.267+0000] {spark_submit.py:634} INFO - 25/01/18 20:23:39 INFO TaskSetManager: Starting task 1.0 in stage 1.0 (TID 2) (172.18.0.5, executor 0, partition 1, PROCESS_LOCAL, 10874 bytes)
[2025-01-18T20:23:39.270+0000] {spark_submit.py:634} INFO - 25/01/18 20:23:39 INFO TaskSetManager: Starting task 2.0 in stage 1.0 (TID 3) (172.18.0.5, executor 0, partition 2, PROCESS_LOCAL, 10872 bytes)
[2025-01-18T20:23:39.270+0000] {spark_submit.py:634} INFO - 25/01/18 20:23:39 INFO TaskSetManager: Starting task 3.0 in stage 1.0 (TID 4) (172.18.0.5, executor 0, partition 3, PROCESS_LOCAL, 10876 bytes)
[2025-01-18T20:23:39.306+0000] {spark_submit.py:634} INFO - 25/01/18 20:23:39 INFO BlockManagerInfo: Added broadcast_1_piece0 in memory on 172.18.0.5:39283 (size: 81.2 KiB, free: 7.0 GiB)
[2025-01-18T20:23:40.842+0000] {spark_submit.py:634} INFO - 25/01/18 20:23:40 INFO TaskSetManager: Finished task 2.0 in stage 1.0 (TID 3) in 1568 ms on 172.18.0.5 (executor 0) (1/4)
[2025-01-18T20:23:40.845+0000] {spark_submit.py:634} INFO - 25/01/18 20:23:40 INFO TaskSetManager: Finished task 0.0 in stage 1.0 (TID 1) in 1573 ms on 172.18.0.5 (executor 0) (2/4)
[2025-01-18T20:23:40.845+0000] {spark_submit.py:634} INFO - 25/01/18 20:23:40 INFO PythonAccumulatorV2: Connected to AccumulatorServer at host: 127.0.0.1 port: 56205
[2025-01-18T20:23:40.857+0000] {spark_submit.py:634} INFO - 25/01/18 20:23:40 INFO TaskSetManager: Finished task 1.0 in stage 1.0 (TID 2) in 1591 ms on 172.18.0.5 (executor 0) (3/4)
[2025-01-18T20:23:40.900+0000] {spark_submit.py:634} INFO - 25/01/18 20:23:40 INFO TaskSetManager: Finished task 3.0 in stage 1.0 (TID 4) in 1629 ms on 172.18.0.5 (executor 0) (4/4)
[2025-01-18T20:23:40.900+0000] {spark_submit.py:634} INFO - 25/01/18 20:23:40 INFO TaskSchedulerImpl: Removed TaskSet 1.0, whose tasks have all completed, from pool
[2025-01-18T20:23:40.907+0000] {spark_submit.py:634} INFO - 25/01/18 20:23:40 INFO DAGScheduler: ResultStage 1 (csv at NativeMethodAccessorImpl.java:0) finished in 1.690 s
[2025-01-18T20:23:40.908+0000] {spark_submit.py:634} INFO - 25/01/18 20:23:40 INFO DAGScheduler: Job 1 is finished. Cancelling potential speculative or zombie tasks for this job
[2025-01-18T20:23:40.908+0000] {spark_submit.py:634} INFO - 25/01/18 20:23:40 INFO TaskSchedulerImpl: Killing all running tasks in stage 1: Stage finished
[2025-01-18T20:23:40.909+0000] {spark_submit.py:634} INFO - 25/01/18 20:23:40 INFO DAGScheduler: Job 1 finished: csv at NativeMethodAccessorImpl.java:0, took 1.695186 s
[2025-01-18T20:23:40.909+0000] {spark_submit.py:634} INFO - 25/01/18 20:23:40 INFO FileFormatWriter: Start to commit write Job 3222e989-ca9a-4987-b4ed-267fb1576410.
[2025-01-18T20:23:40.978+0000] {spark_submit.py:634} INFO - 25/01/18 20:23:40 INFO FileFormatWriter: Write Job 3222e989-ca9a-4987-b4ed-267fb1576410 committed. Elapsed time: 74 ms.
[2025-01-18T20:23:40.982+0000] {spark_submit.py:634} INFO - 25/01/18 20:23:40 INFO FileFormatWriter: Finished processing stats for write job 3222e989-ca9a-4987-b4ed-267fb1576410.
[2025-01-18T20:23:41.035+0000] {spark_submit.py:634} INFO - 25/01/18 20:23:41 INFO InMemoryFileIndex: It took 12 ms to list leaf files for 1 paths.
[2025-01-18T20:23:41.115+0000] {spark_submit.py:634} INFO - 25/01/18 20:23:41 INFO InMemoryFileIndex: It took 2 ms to list leaf files for 1 paths.
[2025-01-18T20:23:41.293+0000] {spark_submit.py:634} INFO - 25/01/18 20:23:41 INFO FileSourceStrategy: Pushed Filters:
[2025-01-18T20:23:41.294+0000] {spark_submit.py:634} INFO - 25/01/18 20:23:41 INFO FileSourceStrategy: Post-Scan Filters: (length(trim(value#117, None)) > 0)
[2025-01-18T20:23:41.325+0000] {spark_submit.py:634} INFO - 25/01/18 20:23:41 INFO CodeGenerator: Code generated in 9.607655 ms
[2025-01-18T20:23:41.343+0000] {spark_submit.py:634} INFO - 25/01/18 20:23:41 INFO MemoryStore: Block broadcast_2 stored as values in memory (estimated size 206.3 KiB, free 7.0 GiB)
[2025-01-18T20:23:41.355+0000] {spark_submit.py:634} INFO - 25/01/18 20:23:41 INFO MemoryStore: Block broadcast_2_piece0 stored as bytes in memory (estimated size 36.1 KiB, free 7.0 GiB)
[2025-01-18T20:23:41.356+0000] {spark_submit.py:634} INFO - 25/01/18 20:23:41 INFO BlockManagerInfo: Added broadcast_2_piece0 in memory on 42cd8ade4520:46115 (size: 36.1 KiB, free: 7.0 GiB)
[2025-01-18T20:23:41.358+0000] {spark_submit.py:634} INFO - 25/01/18 20:23:41 INFO SparkContext: Created broadcast 2 from csv at NativeMethodAccessorImpl.java:0
[2025-01-18T20:23:41.367+0000] {spark_submit.py:634} INFO - 25/01/18 20:23:41 INFO FileSourceScanExec: Planning scan with bin packing, max size: 4194304 bytes, open cost is considered as scanning 4194304 bytes.
[2025-01-18T20:23:41.448+0000] {spark_submit.py:634} INFO - 25/01/18 20:23:41 INFO SparkContext: Starting job: csv at NativeMethodAccessorImpl.java:0
[2025-01-18T20:23:41.451+0000] {spark_submit.py:634} INFO - 25/01/18 20:23:41 INFO DAGScheduler: Got job 2 (csv at NativeMethodAccessorImpl.java:0) with 1 output partitions
[2025-01-18T20:23:41.452+0000] {spark_submit.py:634} INFO - 25/01/18 20:23:41 INFO DAGScheduler: Final stage: ResultStage 2 (csv at NativeMethodAccessorImpl.java:0)
[2025-01-18T20:23:41.453+0000] {spark_submit.py:634} INFO - 25/01/18 20:23:41 INFO DAGScheduler: Parents of final stage: List()
[2025-01-18T20:23:41.453+0000] {spark_submit.py:634} INFO - 25/01/18 20:23:41 INFO DAGScheduler: Missing parents: List()
[2025-01-18T20:23:41.453+0000] {spark_submit.py:634} INFO - 25/01/18 20:23:41 INFO DAGScheduler: Submitting ResultStage 2 (MapPartitionsRDD[14] at csv at NativeMethodAccessorImpl.java:0), which has no missing parents
[2025-01-18T20:23:41.466+0000] {spark_submit.py:634} INFO - 25/01/18 20:23:41 INFO BlockManagerInfo: Removed broadcast_1_piece0 on 172.18.0.5:39283 in memory (size: 81.2 KiB, free: 7.0 GiB)
[2025-01-18T20:23:41.478+0000] {spark_submit.py:634} INFO - 25/01/18 20:23:41 INFO BlockManagerInfo: Removed broadcast_1_piece0 on 42cd8ade4520:46115 in memory (size: 81.2 KiB, free: 7.0 GiB)
[2025-01-18T20:23:41.479+0000] {spark_submit.py:634} INFO - 25/01/18 20:23:41 INFO MemoryStore: Block broadcast_3 stored as values in memory (estimated size 13.5 KiB, free 7.0 GiB)
[2025-01-18T20:23:41.483+0000] {spark_submit.py:634} INFO - 25/01/18 20:23:41 INFO MemoryStore: Block broadcast_3_piece0 stored as bytes in memory (estimated size 6.4 KiB, free 7.0 GiB)
[2025-01-18T20:23:41.486+0000] {spark_submit.py:634} INFO - 25/01/18 20:23:41 INFO BlockManagerInfo: Added broadcast_3_piece0 in memory on 42cd8ade4520:46115 (size: 6.4 KiB, free: 7.0 GiB)
[2025-01-18T20:23:41.489+0000] {spark_submit.py:634} INFO - 25/01/18 20:23:41 INFO SparkContext: Created broadcast 3 from broadcast at DAGScheduler.scala:1585
[2025-01-18T20:23:41.504+0000] {spark_submit.py:634} INFO - 25/01/18 20:23:41 INFO DAGScheduler: Submitting 1 missing tasks from ResultStage 2 (MapPartitionsRDD[14] at csv at NativeMethodAccessorImpl.java:0) (first 15 tasks are for partitions Vector(0))
[2025-01-18T20:23:41.505+0000] {spark_submit.py:634} INFO - 25/01/18 20:23:41 INFO TaskSchedulerImpl: Adding task set 2.0 with 1 tasks resource profile 0
[2025-01-18T20:23:41.522+0000] {spark_submit.py:634} INFO - 25/01/18 20:23:41 INFO TaskSetManager: Starting task 0.0 in stage 2.0 (TID 5) (172.18.0.5, executor 0, partition 0, PROCESS_LOCAL, 11456 bytes)
[2025-01-18T20:23:41.597+0000] {spark_submit.py:634} INFO - 25/01/18 20:23:41 INFO BlockManagerInfo: Added broadcast_3_piece0 in memory on 172.18.0.5:39283 (size: 6.4 KiB, free: 7.0 GiB)
[2025-01-18T20:23:41.976+0000] {spark_submit.py:634} INFO - 25/01/18 20:23:41 INFO BlockManagerInfo: Added broadcast_2_piece0 in memory on 172.18.0.5:39283 (size: 36.1 KiB, free: 7.0 GiB)
[2025-01-18T20:23:42.095+0000] {spark_submit.py:634} INFO - 25/01/18 20:23:42 INFO TaskSetManager: Finished task 0.0 in stage 2.0 (TID 5) in 582 ms on 172.18.0.5 (executor 0) (1/1)
[2025-01-18T20:23:42.095+0000] {spark_submit.py:634} INFO - 25/01/18 20:23:42 INFO TaskSchedulerImpl: Removed TaskSet 2.0, whose tasks have all completed, from pool
[2025-01-18T20:23:42.097+0000] {spark_submit.py:634} INFO - 25/01/18 20:23:42 INFO DAGScheduler: ResultStage 2 (csv at NativeMethodAccessorImpl.java:0) finished in 0.644 s
[2025-01-18T20:23:42.105+0000] {spark_submit.py:634} INFO - 25/01/18 20:23:42 INFO DAGScheduler: Job 2 is finished. Cancelling potential speculative or zombie tasks for this job
[2025-01-18T20:23:42.105+0000] {spark_submit.py:634} INFO - 25/01/18 20:23:42 INFO TaskSchedulerImpl: Killing all running tasks in stage 2: Stage finished
[2025-01-18T20:23:42.105+0000] {spark_submit.py:634} INFO - 25/01/18 20:23:42 INFO DAGScheduler: Job 2 finished: csv at NativeMethodAccessorImpl.java:0, took 0.648504 s
[2025-01-18T20:23:42.122+0000] {spark_submit.py:634} INFO - 25/01/18 20:23:42 INFO CodeGenerator: Code generated in 21.475779 ms
[2025-01-18T20:23:42.184+0000] {spark_submit.py:634} INFO - 25/01/18 20:23:42 INFO FileSourceStrategy: Pushed Filters:
[2025-01-18T20:23:42.192+0000] {spark_submit.py:634} INFO - 25/01/18 20:23:42 INFO FileSourceStrategy: Post-Scan Filters:
[2025-01-18T20:23:42.230+0000] {spark_submit.py:634} INFO - 25/01/18 20:23:42 INFO MemoryStore: Block broadcast_4 stored as values in memory (estimated size 206.3 KiB, free 7.0 GiB)
[2025-01-18T20:23:42.261+0000] {spark_submit.py:634} INFO - 25/01/18 20:23:42 INFO MemoryStore: Block broadcast_4_piece0 stored as bytes in memory (estimated size 36.1 KiB, free 7.0 GiB)
[2025-01-18T20:23:42.267+0000] {spark_submit.py:634} INFO - 25/01/18 20:23:42 INFO BlockManagerInfo: Added broadcast_4_piece0 in memory on 42cd8ade4520:46115 (size: 36.1 KiB, free: 7.0 GiB)
[2025-01-18T20:23:42.272+0000] {spark_submit.py:634} INFO - 25/01/18 20:23:42 INFO SparkContext: Created broadcast 4 from csv at NativeMethodAccessorImpl.java:0
[2025-01-18T20:23:42.274+0000] {spark_submit.py:634} INFO - 25/01/18 20:23:42 INFO FileSourceScanExec: Planning scan with bin packing, max size: 4194304 bytes, open cost is considered as scanning 4194304 bytes.
[2025-01-18T20:23:42.361+0000] {spark_submit.py:634} INFO - 25/01/18 20:23:42 INFO SparkContext: Starting job: csv at NativeMethodAccessorImpl.java:0
[2025-01-18T20:23:42.364+0000] {spark_submit.py:634} INFO - 25/01/18 20:23:42 INFO DAGScheduler: Got job 3 (csv at NativeMethodAccessorImpl.java:0) with 1 output partitions
[2025-01-18T20:23:42.364+0000] {spark_submit.py:634} INFO - 25/01/18 20:23:42 INFO DAGScheduler: Final stage: ResultStage 3 (csv at NativeMethodAccessorImpl.java:0)
[2025-01-18T20:23:42.364+0000] {spark_submit.py:634} INFO - 25/01/18 20:23:42 INFO DAGScheduler: Parents of final stage: List()
[2025-01-18T20:23:42.364+0000] {spark_submit.py:634} INFO - 25/01/18 20:23:42 INFO DAGScheduler: Missing parents: List()
[2025-01-18T20:23:42.364+0000] {spark_submit.py:634} INFO - 25/01/18 20:23:42 INFO DAGScheduler: Submitting ResultStage 3 (MapPartitionsRDD[20] at csv at NativeMethodAccessorImpl.java:0), which has no missing parents
[2025-01-18T20:23:42.380+0000] {spark_submit.py:634} INFO - 25/01/18 20:23:42 INFO MemoryStore: Block broadcast_5 stored as values in memory (estimated size 32.4 KiB, free 7.0 GiB)
[2025-01-18T20:23:42.381+0000] {spark_submit.py:634} INFO - 25/01/18 20:23:42 INFO MemoryStore: Block broadcast_5_piece0 stored as bytes in memory (estimated size 13.7 KiB, free 7.0 GiB)
[2025-01-18T20:23:42.382+0000] {spark_submit.py:634} INFO - 25/01/18 20:23:42 INFO BlockManagerInfo: Added broadcast_5_piece0 in memory on 42cd8ade4520:46115 (size: 13.7 KiB, free: 7.0 GiB)
[2025-01-18T20:23:42.382+0000] {spark_submit.py:634} INFO - 25/01/18 20:23:42 INFO SparkContext: Created broadcast 5 from broadcast at DAGScheduler.scala:1585
[2025-01-18T20:23:42.383+0000] {spark_submit.py:634} INFO - 25/01/18 20:23:42 INFO DAGScheduler: Submitting 1 missing tasks from ResultStage 3 (MapPartitionsRDD[20] at csv at NativeMethodAccessorImpl.java:0) (first 15 tasks are for partitions Vector(0))
[2025-01-18T20:23:42.383+0000] {spark_submit.py:634} INFO - 25/01/18 20:23:42 INFO TaskSchedulerImpl: Adding task set 3.0 with 1 tasks resource profile 0
[2025-01-18T20:23:42.389+0000] {spark_submit.py:634} INFO - 25/01/18 20:23:42 INFO TaskSetManager: Starting task 0.0 in stage 3.0 (TID 6) (172.18.0.5, executor 0, partition 0, PROCESS_LOCAL, 11456 bytes)
[2025-01-18T20:23:42.408+0000] {spark_submit.py:634} INFO - 25/01/18 20:23:42 INFO BlockManagerInfo: Added broadcast_5_piece0 in memory on 172.18.0.5:39283 (size: 13.7 KiB, free: 7.0 GiB)
[2025-01-18T20:23:43.752+0000] {spark_submit.py:634} INFO - 25/01/18 20:23:43 INFO BlockManagerInfo: Added broadcast_4_piece0 in memory on 172.18.0.5:39283 (size: 36.1 KiB, free: 7.0 GiB)
[2025-01-18T20:23:43.802+0000] {spark_submit.py:634} INFO - 25/01/18 20:23:43 INFO TaskSetManager: Finished task 0.0 in stage 3.0 (TID 6) in 1417 ms on 172.18.0.5 (executor 0) (1/1)
[2025-01-18T20:23:43.803+0000] {spark_submit.py:634} INFO - 25/01/18 20:23:43 INFO TaskSchedulerImpl: Removed TaskSet 3.0, whose tasks have all completed, from pool
[2025-01-18T20:23:43.807+0000] {spark_submit.py:634} INFO - 25/01/18 20:23:43 INFO DAGScheduler: ResultStage 3 (csv at NativeMethodAccessorImpl.java:0) finished in 1.437 s
[2025-01-18T20:23:43.808+0000] {spark_submit.py:634} INFO - 25/01/18 20:23:43 INFO DAGScheduler: Job 3 is finished. Cancelling potential speculative or zombie tasks for this job
[2025-01-18T20:23:43.809+0000] {spark_submit.py:634} INFO - 25/01/18 20:23:43 INFO TaskSchedulerImpl: Killing all running tasks in stage 3: Stage finished
[2025-01-18T20:23:43.810+0000] {spark_submit.py:634} INFO - 25/01/18 20:23:43 INFO DAGScheduler: Job 3 finished: csv at NativeMethodAccessorImpl.java:0, took 1.443269 s
[2025-01-18T20:23:43.834+0000] {spark_submit.py:634} INFO - 25/01/18 20:23:43 INFO FileSourceStrategy: Pushed Filters:
[2025-01-18T20:23:43.835+0000] {spark_submit.py:634} INFO - 25/01/18 20:23:43 INFO FileSourceStrategy: Post-Scan Filters:
[2025-01-18T20:23:43.862+0000] {spark_submit.py:634} INFO - 25/01/18 20:23:43 INFO CodeGenerator: Code generated in 16.067213 ms
[2025-01-18T20:23:43.877+0000] {spark_submit.py:634} INFO - 25/01/18 20:23:43 INFO MemoryStore: Block broadcast_6 stored as values in memory (estimated size 206.2 KiB, free 7.0 GiB)
[2025-01-18T20:23:43.912+0000] {spark_submit.py:634} INFO - 25/01/18 20:23:43 INFO MemoryStore: Block broadcast_6_piece0 stored as bytes in memory (estimated size 36.0 KiB, free 7.0 GiB)
[2025-01-18T20:23:43.914+0000] {spark_submit.py:634} INFO - 25/01/18 20:23:43 INFO BlockManagerInfo: Added broadcast_6_piece0 in memory on 42cd8ade4520:46115 (size: 36.0 KiB, free: 7.0 GiB)
[2025-01-18T20:23:43.915+0000] {spark_submit.py:634} INFO - 25/01/18 20:23:43 INFO BlockManagerInfo: Removed broadcast_4_piece0 on 172.18.0.5:39283 in memory (size: 36.1 KiB, free: 7.0 GiB)
[2025-01-18T20:23:43.916+0000] {spark_submit.py:634} INFO - 25/01/18 20:23:43 INFO SparkContext: Created broadcast 6 from showString at NativeMethodAccessorImpl.java:0
[2025-01-18T20:23:43.918+0000] {spark_submit.py:634} INFO - 25/01/18 20:23:43 INFO BlockManagerInfo: Removed broadcast_4_piece0 on 42cd8ade4520:46115 in memory (size: 36.1 KiB, free: 7.0 GiB)
[2025-01-18T20:23:43.922+0000] {spark_submit.py:634} INFO - 25/01/18 20:23:43 INFO FileSourceScanExec: Planning scan with bin packing, max size: 4194304 bytes, open cost is considered as scanning 4194304 bytes.
[2025-01-18T20:23:43.932+0000] {spark_submit.py:634} INFO - 25/01/18 20:23:43 INFO SparkContext: Starting job: showString at NativeMethodAccessorImpl.java:0
[2025-01-18T20:23:43.938+0000] {spark_submit.py:634} INFO - 25/01/18 20:23:43 INFO BlockManagerInfo: Removed broadcast_5_piece0 on 172.18.0.5:39283 in memory (size: 13.7 KiB, free: 7.0 GiB)
[2025-01-18T20:23:43.938+0000] {spark_submit.py:634} INFO - 25/01/18 20:23:43 INFO BlockManagerInfo: Removed broadcast_5_piece0 on 42cd8ade4520:46115 in memory (size: 13.7 KiB, free: 7.0 GiB)
[2025-01-18T20:23:43.944+0000] {spark_submit.py:634} INFO - 25/01/18 20:23:43 INFO DAGScheduler: Got job 4 (showString at NativeMethodAccessorImpl.java:0) with 1 output partitions
[2025-01-18T20:23:43.944+0000] {spark_submit.py:634} INFO - 25/01/18 20:23:43 INFO DAGScheduler: Final stage: ResultStage 4 (showString at NativeMethodAccessorImpl.java:0)
[2025-01-18T20:23:43.944+0000] {spark_submit.py:634} INFO - 25/01/18 20:23:43 INFO DAGScheduler: Parents of final stage: List()
[2025-01-18T20:23:43.944+0000] {spark_submit.py:634} INFO - 25/01/18 20:23:43 INFO DAGScheduler: Missing parents: List()
[2025-01-18T20:23:43.946+0000] {spark_submit.py:634} INFO - 25/01/18 20:23:43 INFO DAGScheduler: Submitting ResultStage 4 (MapPartitionsRDD[24] at showString at NativeMethodAccessorImpl.java:0), which has no missing parents
[2025-01-18T20:23:43.949+0000] {spark_submit.py:634} INFO - 25/01/18 20:23:43 INFO MemoryStore: Block broadcast_7 stored as values in memory (estimated size 15.3 KiB, free 7.0 GiB)
[2025-01-18T20:23:43.951+0000] {spark_submit.py:634} INFO - 25/01/18 20:23:43 INFO MemoryStore: Block broadcast_7_piece0 stored as bytes in memory (estimated size 7.5 KiB, free 7.0 GiB)
[2025-01-18T20:23:43.951+0000] {spark_submit.py:634} INFO - 25/01/18 20:23:43 INFO BlockManagerInfo: Added broadcast_7_piece0 in memory on 42cd8ade4520:46115 (size: 7.5 KiB, free: 7.0 GiB)
[2025-01-18T20:23:43.952+0000] {spark_submit.py:634} INFO - 25/01/18 20:23:43 INFO SparkContext: Created broadcast 7 from broadcast at DAGScheduler.scala:1585
[2025-01-18T20:23:43.953+0000] {spark_submit.py:634} INFO - 25/01/18 20:23:43 INFO DAGScheduler: Submitting 1 missing tasks from ResultStage 4 (MapPartitionsRDD[24] at showString at NativeMethodAccessorImpl.java:0) (first 15 tasks are for partitions Vector(0))
[2025-01-18T20:23:43.953+0000] {spark_submit.py:634} INFO - 25/01/18 20:23:43 INFO TaskSchedulerImpl: Adding task set 4.0 with 1 tasks resource profile 0
[2025-01-18T20:23:43.955+0000] {spark_submit.py:634} INFO - 25/01/18 20:23:43 INFO TaskSetManager: Starting task 0.0 in stage 4.0 (TID 7) (172.18.0.5, executor 0, partition 0, PROCESS_LOCAL, 11456 bytes)
[2025-01-18T20:23:43.963+0000] {spark_submit.py:634} INFO - 25/01/18 20:23:43 INFO BlockManagerInfo: Removed broadcast_3_piece0 on 42cd8ade4520:46115 in memory (size: 6.4 KiB, free: 7.0 GiB)
[2025-01-18T20:23:43.976+0000] {spark_submit.py:634} INFO - 25/01/18 20:23:43 INFO BlockManagerInfo: Removed broadcast_3_piece0 on 172.18.0.5:39283 in memory (size: 6.4 KiB, free: 7.0 GiB)
[2025-01-18T20:23:43.984+0000] {spark_submit.py:634} INFO - 25/01/18 20:23:43 INFO BlockManagerInfo: Added broadcast_7_piece0 in memory on 172.18.0.5:39283 (size: 7.5 KiB, free: 7.0 GiB)
[2025-01-18T20:23:43.998+0000] {spark_submit.py:634} INFO - 25/01/18 20:23:43 INFO BlockManagerInfo: Removed broadcast_2_piece0 on 42cd8ade4520:46115 in memory (size: 36.1 KiB, free: 7.0 GiB)
[2025-01-18T20:23:43.999+0000] {spark_submit.py:634} INFO - 25/01/18 20:23:43 INFO BlockManagerInfo: Removed broadcast_2_piece0 on 172.18.0.5:39283 in memory (size: 36.1 KiB, free: 7.0 GiB)
[2025-01-18T20:23:44.052+0000] {spark_submit.py:634} INFO - 25/01/18 20:23:44 INFO BlockManagerInfo: Added broadcast_6_piece0 in memory on 172.18.0.5:39283 (size: 36.0 KiB, free: 7.0 GiB)
[2025-01-18T20:23:44.152+0000] {spark_submit.py:634} INFO - 25/01/18 20:23:44 INFO TaskSetManager: Finished task 0.0 in stage 4.0 (TID 7) in 199 ms on 172.18.0.5 (executor 0) (1/1)
[2025-01-18T20:23:44.162+0000] {spark_submit.py:634} INFO - 25/01/18 20:23:44 INFO TaskSchedulerImpl: Removed TaskSet 4.0, whose tasks have all completed, from pool
[2025-01-18T20:23:44.164+0000] {spark_submit.py:634} INFO - 25/01/18 20:23:44 INFO DAGScheduler: ResultStage 4 (showString at NativeMethodAccessorImpl.java:0) finished in 0.206 s
[2025-01-18T20:23:44.164+0000] {spark_submit.py:634} INFO - 25/01/18 20:23:44 INFO DAGScheduler: Job 4 is finished. Cancelling potential speculative or zombie tasks for this job
[2025-01-18T20:23:44.164+0000] {spark_submit.py:634} INFO - 25/01/18 20:23:44 INFO TaskSchedulerImpl: Killing all running tasks in stage 4: Stage finished
[2025-01-18T20:23:44.165+0000] {spark_submit.py:634} INFO - 25/01/18 20:23:44 INFO DAGScheduler: Job 4 finished: showString at NativeMethodAccessorImpl.java:0, took 0.221871 s
[2025-01-18T20:23:44.171+0000] {spark_submit.py:634} INFO - 25/01/18 20:23:44 INFO CodeGenerator: Code generated in 13.318281 ms
[2025-01-18T20:23:44.185+0000] {spark_submit.py:634} INFO - +-------+-----+
[2025-01-18T20:23:44.185+0000] {spark_submit.py:634} INFO - |   Name|Value|
[2025-01-18T20:23:44.185+0000] {spark_submit.py:634} INFO - +-------+-----+
[2025-01-18T20:23:44.186+0000] {spark_submit.py:634} INFO - |  Alice|    1|
[2025-01-18T20:23:44.186+0000] {spark_submit.py:634} INFO - |    Bob|    2|
[2025-01-18T20:23:44.186+0000] {spark_submit.py:634} INFO - |Charlie|    3|
[2025-01-18T20:23:44.186+0000] {spark_submit.py:634} INFO - +-------+-----+
[2025-01-18T20:23:44.186+0000] {spark_submit.py:634} INFO - 
[2025-01-18T20:23:44.205+0000] {spark_submit.py:634} INFO - 25/01/18 20:23:44 INFO FileSourceStrategy: Pushed Filters:
[2025-01-18T20:23:44.205+0000] {spark_submit.py:634} INFO - 25/01/18 20:23:44 INFO FileSourceStrategy: Post-Scan Filters:
[2025-01-18T20:23:44.223+0000] {spark_submit.py:634} INFO - 25/01/18 20:23:44 INFO MemoryStore: Block broadcast_8 stored as values in memory (estimated size 206.2 KiB, free 7.0 GiB)
[2025-01-18T20:23:44.245+0000] {spark_submit.py:634} INFO - 25/01/18 20:23:44 INFO BlockManagerInfo: Removed broadcast_7_piece0 on 42cd8ade4520:46115 in memory (size: 7.5 KiB, free: 7.0 GiB)
[2025-01-18T20:23:44.245+0000] {spark_submit.py:634} INFO - 25/01/18 20:23:44 INFO BlockManagerInfo: Removed broadcast_7_piece0 on 172.18.0.5:39283 in memory (size: 7.5 KiB, free: 7.0 GiB)
[2025-01-18T20:23:44.257+0000] {spark_submit.py:634} INFO - 25/01/18 20:23:44 INFO MemoryStore: Block broadcast_8_piece0 stored as bytes in memory (estimated size 36.0 KiB, free 7.0 GiB)
[2025-01-18T20:23:44.260+0000] {spark_submit.py:634} INFO - 25/01/18 20:23:44 INFO BlockManagerInfo: Added broadcast_8_piece0 in memory on 42cd8ade4520:46115 (size: 36.0 KiB, free: 7.0 GiB)
[2025-01-18T20:23:44.268+0000] {spark_submit.py:634} INFO - 25/01/18 20:23:44 INFO SparkContext: Created broadcast 8 from showString at NativeMethodAccessorImpl.java:0
[2025-01-18T20:23:44.270+0000] {spark_submit.py:634} INFO - 25/01/18 20:23:44 INFO FileSourceScanExec: Planning scan with bin packing, max size: 4194304 bytes, open cost is considered as scanning 4194304 bytes.
[2025-01-18T20:23:44.281+0000] {spark_submit.py:634} INFO - 25/01/18 20:23:44 INFO BlockManagerInfo: Removed broadcast_6_piece0 on 42cd8ade4520:46115 in memory (size: 36.0 KiB, free: 7.0 GiB)
[2025-01-18T20:23:44.287+0000] {spark_submit.py:634} INFO - 25/01/18 20:23:44 INFO SparkContext: Starting job: showString at NativeMethodAccessorImpl.java:0
[2025-01-18T20:23:44.292+0000] {spark_submit.py:634} INFO - 25/01/18 20:23:44 INFO BlockManagerInfo: Removed broadcast_6_piece0 on 172.18.0.5:39283 in memory (size: 36.0 KiB, free: 7.0 GiB)
[2025-01-18T20:23:44.303+0000] {spark_submit.py:634} INFO - 25/01/18 20:23:44 INFO DAGScheduler: Got job 5 (showString at NativeMethodAccessorImpl.java:0) with 1 output partitions
[2025-01-18T20:23:44.303+0000] {spark_submit.py:634} INFO - 25/01/18 20:23:44 INFO DAGScheduler: Final stage: ResultStage 5 (showString at NativeMethodAccessorImpl.java:0)
[2025-01-18T20:23:44.303+0000] {spark_submit.py:634} INFO - 25/01/18 20:23:44 INFO DAGScheduler: Parents of final stage: List()
[2025-01-18T20:23:44.303+0000] {spark_submit.py:634} INFO - 25/01/18 20:23:44 INFO DAGScheduler: Missing parents: List()
[2025-01-18T20:23:44.307+0000] {spark_submit.py:634} INFO - 25/01/18 20:23:44 INFO DAGScheduler: Submitting ResultStage 5 (MapPartitionsRDD[28] at showString at NativeMethodAccessorImpl.java:0), which has no missing parents
[2025-01-18T20:23:44.307+0000] {spark_submit.py:634} INFO - 25/01/18 20:23:44 INFO MemoryStore: Block broadcast_9 stored as values in memory (estimated size 15.3 KiB, free 7.0 GiB)
[2025-01-18T20:23:44.318+0000] {spark_submit.py:634} INFO - 25/01/18 20:23:44 INFO MemoryStore: Block broadcast_9_piece0 stored as bytes in memory (estimated size 7.5 KiB, free 7.0 GiB)
[2025-01-18T20:23:44.319+0000] {spark_submit.py:634} INFO - 25/01/18 20:23:44 INFO BlockManagerInfo: Added broadcast_9_piece0 in memory on 42cd8ade4520:46115 (size: 7.5 KiB, free: 7.0 GiB)
[2025-01-18T20:23:44.321+0000] {spark_submit.py:634} INFO - 25/01/18 20:23:44 INFO SparkContext: Created broadcast 9 from broadcast at DAGScheduler.scala:1585
[2025-01-18T20:23:44.322+0000] {spark_submit.py:634} INFO - 25/01/18 20:23:44 INFO DAGScheduler: Submitting 1 missing tasks from ResultStage 5 (MapPartitionsRDD[28] at showString at NativeMethodAccessorImpl.java:0) (first 15 tasks are for partitions Vector(0))
[2025-01-18T20:23:44.325+0000] {spark_submit.py:634} INFO - 25/01/18 20:23:44 INFO TaskSchedulerImpl: Adding task set 5.0 with 1 tasks resource profile 0
[2025-01-18T20:23:44.328+0000] {spark_submit.py:634} INFO - 25/01/18 20:23:44 INFO TaskSetManager: Starting task 0.0 in stage 5.0 (TID 8) (172.18.0.5, executor 0, partition 0, PROCESS_LOCAL, 11456 bytes)
[2025-01-18T20:23:44.359+0000] {spark_submit.py:634} INFO - 25/01/18 20:23:44 INFO BlockManagerInfo: Added broadcast_9_piece0 in memory on 172.18.0.5:39283 (size: 7.5 KiB, free: 7.0 GiB)
[2025-01-18T20:23:44.395+0000] {spark_submit.py:634} INFO - 25/01/18 20:23:44 INFO BlockManagerInfo: Added broadcast_8_piece0 in memory on 172.18.0.5:39283 (size: 36.0 KiB, free: 7.0 GiB)
[2025-01-18T20:23:44.446+0000] {spark_submit.py:634} INFO - 25/01/18 20:23:44 INFO TaskSetManager: Finished task 0.0 in stage 5.0 (TID 8) in 118 ms on 172.18.0.5 (executor 0) (1/1)
[2025-01-18T20:23:44.449+0000] {spark_submit.py:634} INFO - 25/01/18 20:23:44 INFO TaskSchedulerImpl: Removed TaskSet 5.0, whose tasks have all completed, from pool
[2025-01-18T20:23:44.450+0000] {spark_submit.py:634} INFO - 25/01/18 20:23:44 INFO DAGScheduler: ResultStage 5 (showString at NativeMethodAccessorImpl.java:0) finished in 0.142 s
[2025-01-18T20:23:44.450+0000] {spark_submit.py:634} INFO - 25/01/18 20:23:44 INFO DAGScheduler: Job 5 is finished. Cancelling potential speculative or zombie tasks for this job
[2025-01-18T20:23:44.451+0000] {spark_submit.py:634} INFO - 25/01/18 20:23:44 INFO TaskSchedulerImpl: Killing all running tasks in stage 5: Stage finished
[2025-01-18T20:23:44.452+0000] {spark_submit.py:634} INFO - 25/01/18 20:23:44 INFO DAGScheduler: Job 5 finished: showString at NativeMethodAccessorImpl.java:0, took 0.155138 s
[2025-01-18T20:23:44.463+0000] {spark_submit.py:634} INFO - +-------+-----+
[2025-01-18T20:23:44.464+0000] {spark_submit.py:634} INFO - |   Name|Value|
[2025-01-18T20:23:44.467+0000] {spark_submit.py:634} INFO - +-------+-----+
[2025-01-18T20:23:44.468+0000] {spark_submit.py:634} INFO - |  Alice|    1|
[2025-01-18T20:23:44.468+0000] {spark_submit.py:634} INFO - |    Bob|    2|
[2025-01-18T20:23:44.469+0000] {spark_submit.py:634} INFO - |Charlie|    3|
[2025-01-18T20:23:44.469+0000] {spark_submit.py:634} INFO - +-------+-----+
[2025-01-18T20:23:44.470+0000] {spark_submit.py:634} INFO - 
[2025-01-18T20:23:44.901+0000] {spark_submit.py:634} INFO - 25/01/18 20:23:44 INFO FileSourceStrategy: Pushed Filters:
[2025-01-18T20:23:44.901+0000] {spark_submit.py:634} INFO - 25/01/18 20:23:44 INFO FileSourceStrategy: Post-Scan Filters:
[2025-01-18T20:23:44.907+0000] {spark_submit.py:634} INFO - 25/01/18 20:23:44 INFO MemoryStore: Block broadcast_10 stored as values in memory (estimated size 206.2 KiB, free 7.0 GiB)
[2025-01-18T20:23:44.917+0000] {spark_submit.py:634} INFO - 25/01/18 20:23:44 INFO BlockManagerInfo: Removed broadcast_8_piece0 on 42cd8ade4520:46115 in memory (size: 36.0 KiB, free: 7.0 GiB)
[2025-01-18T20:23:44.920+0000] {spark_submit.py:634} INFO - 25/01/18 20:23:44 INFO BlockManagerInfo: Removed broadcast_8_piece0 on 172.18.0.5:39283 in memory (size: 36.0 KiB, free: 7.0 GiB)
[2025-01-18T20:23:44.922+0000] {spark_submit.py:634} INFO - 25/01/18 20:23:44 INFO MemoryStore: Block broadcast_10_piece0 stored as bytes in memory (estimated size 36.0 KiB, free 7.0 GiB)
[2025-01-18T20:23:44.923+0000] {spark_submit.py:634} INFO - 25/01/18 20:23:44 INFO BlockManagerInfo: Added broadcast_10_piece0 in memory on 42cd8ade4520:46115 (size: 36.0 KiB, free: 7.0 GiB)
[2025-01-18T20:23:44.923+0000] {spark_submit.py:634} INFO - 25/01/18 20:23:44 INFO SparkContext: Created broadcast 10 from toPandas at /opt/***/dags/spark_app/spark_1.py:40
[2025-01-18T20:23:44.924+0000] {spark_submit.py:634} INFO - 25/01/18 20:23:44 INFO FileSourceScanExec: Planning scan with bin packing, max size: 4194304 bytes, open cost is considered as scanning 4194304 bytes.
[2025-01-18T20:23:44.928+0000] {spark_submit.py:634} INFO - 25/01/18 20:23:44 INFO BlockManagerInfo: Removed broadcast_9_piece0 on 42cd8ade4520:46115 in memory (size: 7.5 KiB, free: 7.0 GiB)
[2025-01-18T20:23:44.930+0000] {spark_submit.py:634} INFO - 25/01/18 20:23:44 INFO BlockManagerInfo: Removed broadcast_9_piece0 on 172.18.0.5:39283 in memory (size: 7.5 KiB, free: 7.0 GiB)
[2025-01-18T20:23:44.937+0000] {spark_submit.py:634} INFO - 25/01/18 20:23:44 INFO SparkContext: Starting job: toPandas at /opt/***/dags/spark_app/spark_1.py:40
[2025-01-18T20:23:44.938+0000] {spark_submit.py:634} INFO - 25/01/18 20:23:44 INFO DAGScheduler: Got job 6 (toPandas at /opt/***/dags/spark_app/spark_1.py:40) with 1 output partitions
[2025-01-18T20:23:44.939+0000] {spark_submit.py:634} INFO - 25/01/18 20:23:44 INFO DAGScheduler: Final stage: ResultStage 6 (toPandas at /opt/***/dags/spark_app/spark_1.py:40)
[2025-01-18T20:23:44.939+0000] {spark_submit.py:634} INFO - 25/01/18 20:23:44 INFO DAGScheduler: Parents of final stage: List()
[2025-01-18T20:23:44.940+0000] {spark_submit.py:634} INFO - 25/01/18 20:23:44 INFO DAGScheduler: Missing parents: List()
[2025-01-18T20:23:44.940+0000] {spark_submit.py:634} INFO - 25/01/18 20:23:44 INFO DAGScheduler: Submitting ResultStage 6 (MapPartitionsRDD[31] at toPandas at /opt/***/dags/spark_app/spark_1.py:40), which has no missing parents
[2025-01-18T20:23:44.941+0000] {spark_submit.py:634} INFO - 25/01/18 20:23:44 INFO MemoryStore: Block broadcast_11 stored as values in memory (estimated size 11.8 KiB, free 7.0 GiB)
[2025-01-18T20:23:44.942+0000] {spark_submit.py:634} INFO - 25/01/18 20:23:44 INFO MemoryStore: Block broadcast_11_piece0 stored as bytes in memory (estimated size 6.2 KiB, free 7.0 GiB)
[2025-01-18T20:23:44.943+0000] {spark_submit.py:634} INFO - 25/01/18 20:23:44 INFO BlockManagerInfo: Added broadcast_11_piece0 in memory on 42cd8ade4520:46115 (size: 6.2 KiB, free: 7.0 GiB)
[2025-01-18T20:23:44.943+0000] {spark_submit.py:634} INFO - 25/01/18 20:23:44 INFO SparkContext: Created broadcast 11 from broadcast at DAGScheduler.scala:1585
[2025-01-18T20:23:44.944+0000] {spark_submit.py:634} INFO - 25/01/18 20:23:44 INFO DAGScheduler: Submitting 1 missing tasks from ResultStage 6 (MapPartitionsRDD[31] at toPandas at /opt/***/dags/spark_app/spark_1.py:40) (first 15 tasks are for partitions Vector(0))
[2025-01-18T20:23:44.944+0000] {spark_submit.py:634} INFO - 25/01/18 20:23:44 INFO TaskSchedulerImpl: Adding task set 6.0 with 1 tasks resource profile 0
[2025-01-18T20:23:44.945+0000] {spark_submit.py:634} INFO - 25/01/18 20:23:44 INFO TaskSetManager: Starting task 0.0 in stage 6.0 (TID 9) (172.18.0.5, executor 0, partition 0, PROCESS_LOCAL, 11456 bytes)
[2025-01-18T20:23:44.960+0000] {spark_submit.py:634} INFO - 25/01/18 20:23:44 INFO BlockManagerInfo: Added broadcast_11_piece0 in memory on 172.18.0.5:39283 (size: 6.2 KiB, free: 7.0 GiB)
[2025-01-18T20:23:44.976+0000] {spark_submit.py:634} INFO - 25/01/18 20:23:44 INFO BlockManagerInfo: Added broadcast_10_piece0 in memory on 172.18.0.5:39283 (size: 36.0 KiB, free: 7.0 GiB)
[2025-01-18T20:23:44.997+0000] {spark_submit.py:634} INFO - 25/01/18 20:23:44 INFO TaskSetManager: Finished task 0.0 in stage 6.0 (TID 9) in 51 ms on 172.18.0.5 (executor 0) (1/1)
[2025-01-18T20:23:44.997+0000] {spark_submit.py:634} INFO - 25/01/18 20:23:44 INFO TaskSchedulerImpl: Removed TaskSet 6.0, whose tasks have all completed, from pool
[2025-01-18T20:23:45.001+0000] {spark_submit.py:634} INFO - 25/01/18 20:23:45 INFO DAGScheduler: ResultStage 6 (toPandas at /opt/***/dags/spark_app/spark_1.py:40) finished in 0.061 s
[2025-01-18T20:23:45.001+0000] {spark_submit.py:634} INFO - 25/01/18 20:23:45 INFO DAGScheduler: Job 6 is finished. Cancelling potential speculative or zombie tasks for this job
[2025-01-18T20:23:45.002+0000] {spark_submit.py:634} INFO - 25/01/18 20:23:45 INFO TaskSchedulerImpl: Killing all running tasks in stage 6: Stage finished
[2025-01-18T20:23:45.002+0000] {spark_submit.py:634} INFO - 25/01/18 20:23:45 INFO DAGScheduler: Job 6 finished: toPandas at /opt/***/dags/spark_app/spark_1.py:40, took 0.063048 s
[2025-01-18T20:23:45.036+0000] {spark_submit.py:634} INFO - 25/01/18 20:23:45 INFO SparkContext: SparkContext is stopping with exitCode 0.
[2025-01-18T20:23:45.042+0000] {spark_submit.py:634} INFO - 25/01/18 20:23:45 INFO SparkUI: Stopped Spark web UI at http://42cd8ade4520:4040
[2025-01-18T20:23:45.044+0000] {spark_submit.py:634} INFO - 25/01/18 20:23:45 INFO StandaloneSchedulerBackend: Shutting down all executors
[2025-01-18T20:23:45.045+0000] {spark_submit.py:634} INFO - 25/01/18 20:23:45 INFO StandaloneSchedulerBackend$StandaloneDriverEndpoint: Asking each executor to shut down
[2025-01-18T20:23:45.079+0000] {spark_submit.py:634} INFO - 25/01/18 20:23:45 INFO MapOutputTrackerMasterEndpoint: MapOutputTrackerMasterEndpoint stopped!
[2025-01-18T20:23:45.109+0000] {spark_submit.py:634} INFO - 25/01/18 20:23:45 INFO MemoryStore: MemoryStore cleared
[2025-01-18T20:23:45.110+0000] {spark_submit.py:634} INFO - 25/01/18 20:23:45 INFO BlockManager: BlockManager stopped
[2025-01-18T20:23:45.115+0000] {spark_submit.py:634} INFO - 25/01/18 20:23:45 INFO BlockManagerMaster: BlockManagerMaster stopped
[2025-01-18T20:23:45.115+0000] {spark_submit.py:634} INFO - 25/01/18 20:23:45 INFO OutputCommitCoordinator$OutputCommitCoordinatorEndpoint: OutputCommitCoordinator stopped!
[2025-01-18T20:23:45.122+0000] {spark_submit.py:634} INFO - 25/01/18 20:23:45 INFO SparkContext: Successfully stopped SparkContext
[2025-01-18T20:23:46.007+0000] {spark_submit.py:634} INFO - 25/01/18 20:23:46 INFO ShutdownHookManager: Shutdown hook called
[2025-01-18T20:23:46.008+0000] {spark_submit.py:634} INFO - 25/01/18 20:23:46 INFO ShutdownHookManager: Deleting directory /tmp/spark-f38f97b1-07cf-4604-b391-93d9370c7942
[2025-01-18T20:23:46.012+0000] {spark_submit.py:634} INFO - 25/01/18 20:23:46 INFO ShutdownHookManager: Deleting directory /tmp/spark-f38f97b1-07cf-4604-b391-93d9370c7942/pyspark-ac2a1a22-b234-4e18-8680-bff66f1fa248
[2025-01-18T20:23:46.015+0000] {spark_submit.py:634} INFO - 25/01/18 20:23:46 INFO ShutdownHookManager: Deleting directory /tmp/spark-9c539fd6-577f-479a-bfab-9029ece33469
[2025-01-18T20:23:46.055+0000] {taskinstance.py:340} INFO - ::group::Post task execution logs
[2025-01-18T20:23:46.056+0000] {taskinstance.py:352} INFO - Marking task as SUCCESS. dag_id=spark_clickhouse_example, task_id=spark_submit_job, run_id=manual__2025-01-18T20:23:22.318037+00:00, execution_date=20250118T202322, start_date=20250118T202323, end_date=20250118T202346
[2025-01-18T20:23:46.107+0000] {local_task_job_runner.py:266} INFO - Task exited with return code 0
[2025-01-18T20:23:46.124+0000] {taskinstance.py:3895} INFO - 1 downstream tasks scheduled from follow-on schedule check
[2025-01-18T20:23:46.125+0000] {local_task_job_runner.py:245} INFO - ::endgroup::
