[2024-12-28T18:40:42.352+0000] {local_task_job_runner.py:123} INFO - ::group::Pre task execution logs
[2024-12-28T18:40:42.365+0000] {taskinstance.py:2613} INFO - Dependencies all met for dep_context=non-requeueable deps ti=<TaskInstance: spark_clickhouse_example.spark_submit_job manual__2024-12-28T18:40:41.647856+00:00 [queued]>
[2024-12-28T18:40:42.372+0000] {taskinstance.py:2613} INFO - Dependencies all met for dep_context=requeueable deps ti=<TaskInstance: spark_clickhouse_example.spark_submit_job manual__2024-12-28T18:40:41.647856+00:00 [queued]>
[2024-12-28T18:40:42.372+0000] {taskinstance.py:2866} INFO - Starting attempt 1 of 1
[2024-12-28T18:40:42.382+0000] {taskinstance.py:2889} INFO - Executing <Task(SparkSubmitOperator): spark_submit_job> on 2024-12-28 18:40:41.647856+00:00
[2024-12-28T18:40:42.388+0000] {warnings.py:112} WARNING - /home/***/.local/lib/python3.12/site-packages/***/task/task_runner/standard_task_runner.py:70: DeprecationWarning: This process (pid=541) is multi-threaded, use of fork() may lead to deadlocks in the child.
  pid = os.fork()

[2024-12-28T18:40:42.389+0000] {standard_task_runner.py:72} INFO - Started process 542 to run task
[2024-12-28T18:40:42.390+0000] {standard_task_runner.py:104} INFO - Running: ['***', 'tasks', 'run', 'spark_clickhouse_example', 'spark_submit_job', 'manual__2024-12-28T18:40:41.647856+00:00', '--job-id', '8', '--raw', '--subdir', 'DAGS_FOLDER/test_spark_clickhouse.py', '--cfg-path', '/tmp/tmp7slr4e8z']
[2024-12-28T18:40:42.391+0000] {standard_task_runner.py:105} INFO - Job 8: Subtask spark_submit_job
[2024-12-28T18:40:42.423+0000] {task_command.py:467} INFO - Running <TaskInstance: spark_clickhouse_example.spark_submit_job manual__2024-12-28T18:40:41.647856+00:00 [running]> on host 471d7521a401
[2024-12-28T18:40:42.480+0000] {taskinstance.py:3132} INFO - Exporting env vars: AIRFLOW_CTX_DAG_OWNER='TKO' AIRFLOW_CTX_DAG_ID='spark_clickhouse_example' AIRFLOW_CTX_TASK_ID='spark_submit_job' AIRFLOW_CTX_EXECUTION_DATE='2024-12-28T18:40:41.647856+00:00' AIRFLOW_CTX_TRY_NUMBER='1' AIRFLOW_CTX_DAG_RUN_ID='manual__2024-12-28T18:40:41.647856+00:00'
[2024-12-28T18:40:42.480+0000] {taskinstance.py:731} INFO - ::endgroup::
[2024-12-28T18:40:42.487+0000] {base.py:84} INFO - Retrieving connection 'spark'
[2024-12-28T18:40:42.488+0000] {spark_submit.py:327} ERROR - Failed to decode base64 keytab: Incorrect padding
[2024-12-28T18:40:42.489+0000] {spark_submit.py:304} INFO - Could not load connection string spark, defaulting to spark://spark-master:7077
[2024-12-28T18:40:42.490+0000] {spark_submit.py:473} INFO - Spark-Submit cmd: spark-submit --master spark://spark-master:7077 --num-executors 1 --total-executor-cores 1 --executor-cores 1 --executor-memory 12g --driver-memory 12g --name arrow-spark --verbose --deploy-mode client dags/spark_app/spark_1.py
[2024-12-28T18:40:43.711+0000] {spark_submit.py:634} INFO - Using properties file: null
[2024-12-28T18:40:43.818+0000] {spark_submit.py:634} INFO - Parsed arguments:
[2024-12-28T18:40:43.818+0000] {spark_submit.py:634} INFO - master                  spark://spark-master:7077
[2024-12-28T18:40:43.818+0000] {spark_submit.py:634} INFO - remote                  null
[2024-12-28T18:40:43.819+0000] {spark_submit.py:634} INFO - deployMode              client
[2024-12-28T18:40:43.819+0000] {spark_submit.py:634} INFO - executorMemory          12g
[2024-12-28T18:40:43.819+0000] {spark_submit.py:634} INFO - executorCores           1
[2024-12-28T18:40:43.819+0000] {spark_submit.py:634} INFO - totalExecutorCores      1
[2024-12-28T18:40:43.819+0000] {spark_submit.py:634} INFO - propertiesFile          null
[2024-12-28T18:40:43.819+0000] {spark_submit.py:634} INFO - driverMemory            12g
[2024-12-28T18:40:43.820+0000] {spark_submit.py:634} INFO - driverCores             null
[2024-12-28T18:40:43.820+0000] {spark_submit.py:634} INFO - driverExtraClassPath    null
[2024-12-28T18:40:43.820+0000] {spark_submit.py:634} INFO - driverExtraLibraryPath  null
[2024-12-28T18:40:43.820+0000] {spark_submit.py:634} INFO - driverExtraJavaOptions  null
[2024-12-28T18:40:43.820+0000] {spark_submit.py:634} INFO - supervise               false
[2024-12-28T18:40:43.821+0000] {spark_submit.py:634} INFO - queue                   null
[2024-12-28T18:40:43.821+0000] {spark_submit.py:634} INFO - numExecutors            1
[2024-12-28T18:40:43.821+0000] {spark_submit.py:634} INFO - files                   null
[2024-12-28T18:40:43.821+0000] {spark_submit.py:634} INFO - pyFiles                 null
[2024-12-28T18:40:43.821+0000] {spark_submit.py:634} INFO - archives                null
[2024-12-28T18:40:43.822+0000] {spark_submit.py:634} INFO - mainClass               null
[2024-12-28T18:40:43.822+0000] {spark_submit.py:634} INFO - primaryResource         file:/opt/***/dags/spark_app/spark_1.py
[2024-12-28T18:40:43.822+0000] {spark_submit.py:634} INFO - name                    arrow-spark
[2024-12-28T18:40:43.822+0000] {spark_submit.py:634} INFO - childArgs               []
[2024-12-28T18:40:43.822+0000] {spark_submit.py:634} INFO - jars                    null
[2024-12-28T18:40:43.822+0000] {spark_submit.py:634} INFO - packages                null
[2024-12-28T18:40:43.823+0000] {spark_submit.py:634} INFO - packagesExclusions      null
[2024-12-28T18:40:43.823+0000] {spark_submit.py:634} INFO - repositories            null
[2024-12-28T18:40:43.823+0000] {spark_submit.py:634} INFO - verbose                 true
[2024-12-28T18:40:43.823+0000] {spark_submit.py:634} INFO - 
[2024-12-28T18:40:43.823+0000] {spark_submit.py:634} INFO - Spark properties used, including those specified through
[2024-12-28T18:40:43.823+0000] {spark_submit.py:634} INFO - --conf and those from the properties file null:
[2024-12-28T18:40:43.824+0000] {spark_submit.py:634} INFO - (spark.driver.memory,12g)
[2024-12-28T18:40:43.824+0000] {spark_submit.py:634} INFO - 
[2024-12-28T18:40:43.824+0000] {spark_submit.py:634} INFO - 
[2024-12-28T18:40:44.054+0000] {spark_submit.py:634} INFO - Main class:
[2024-12-28T18:40:44.055+0000] {spark_submit.py:634} INFO - org.apache.spark.deploy.PythonRunner
[2024-12-28T18:40:44.055+0000] {spark_submit.py:634} INFO - Arguments:
[2024-12-28T18:40:44.055+0000] {spark_submit.py:634} INFO - file:/opt/***/dags/spark_app/spark_1.py
[2024-12-28T18:40:44.055+0000] {spark_submit.py:634} INFO - null
[2024-12-28T18:40:44.058+0000] {spark_submit.py:634} INFO - Spark config:
[2024-12-28T18:40:44.058+0000] {spark_submit.py:634} INFO - (spark.app.name,arrow-spark)
[2024-12-28T18:40:44.058+0000] {spark_submit.py:634} INFO - (spark.app.submitTime,1735411244038)
[2024-12-28T18:40:44.059+0000] {spark_submit.py:634} INFO - (spark.cores.max,1)
[2024-12-28T18:40:44.059+0000] {spark_submit.py:634} INFO - (spark.driver.memory,12g)
[2024-12-28T18:40:44.059+0000] {spark_submit.py:634} INFO - (spark.executor.cores,1)
[2024-12-28T18:40:44.059+0000] {spark_submit.py:634} INFO - (spark.executor.memory,12g)
[2024-12-28T18:40:44.060+0000] {spark_submit.py:634} INFO - (spark.master,spark://spark-master:7077)
[2024-12-28T18:40:44.060+0000] {spark_submit.py:634} INFO - (spark.submit.deployMode,client)
[2024-12-28T18:40:44.060+0000] {spark_submit.py:634} INFO - (spark.submit.pyFiles,)
[2024-12-28T18:40:44.060+0000] {spark_submit.py:634} INFO - Classpath elements:
[2024-12-28T18:40:44.060+0000] {spark_submit.py:634} INFO - 
[2024-12-28T18:40:44.061+0000] {spark_submit.py:634} INFO - 
[2024-12-28T18:40:44.061+0000] {spark_submit.py:634} INFO - 
[2024-12-28T18:40:45.106+0000] {spark_submit.py:634} INFO - 24/12/28 18:40:45 INFO SparkContext: Running Spark version 3.5.4
[2024-12-28T18:40:45.107+0000] {spark_submit.py:634} INFO - 24/12/28 18:40:45 INFO SparkContext: OS info Linux, 5.10.0-33-cloud-amd64, amd64
[2024-12-28T18:40:45.108+0000] {spark_submit.py:634} INFO - 24/12/28 18:40:45 INFO SparkContext: Java version 17.0.13
[2024-12-28T18:40:45.159+0000] {spark_submit.py:634} INFO - 24/12/28 18:40:45 WARN NativeCodeLoader: Unable to load native-hadoop library for your platform... using builtin-java classes where applicable
[2024-12-28T18:40:45.245+0000] {spark_submit.py:634} INFO - 24/12/28 18:40:45 INFO ResourceUtils: ==============================================================
[2024-12-28T18:40:45.245+0000] {spark_submit.py:634} INFO - 24/12/28 18:40:45 INFO ResourceUtils: No custom resources configured for spark.driver.
[2024-12-28T18:40:45.246+0000] {spark_submit.py:634} INFO - 24/12/28 18:40:45 INFO ResourceUtils: ==============================================================
[2024-12-28T18:40:45.246+0000] {spark_submit.py:634} INFO - 24/12/28 18:40:45 INFO SparkContext: Submitted application: ExampleJob111
[2024-12-28T18:40:45.262+0000] {spark_submit.py:634} INFO - 24/12/28 18:40:45 INFO ResourceProfile: Default ResourceProfile created, executor resources: Map(cores -> name: cores, amount: 1, script: , vendor: , memory -> name: memory, amount: 12288, script: , vendor: , offHeap -> name: offHeap, amount: 0, script: , vendor: ), task resources: Map(cpus -> name: cpus, amount: 1.0)
[2024-12-28T18:40:45.272+0000] {spark_submit.py:634} INFO - 24/12/28 18:40:45 INFO ResourceProfile: Limiting resource is cpus at 1 tasks per executor
[2024-12-28T18:40:45.274+0000] {spark_submit.py:634} INFO - 24/12/28 18:40:45 INFO ResourceProfileManager: Added ResourceProfile id: 0
[2024-12-28T18:40:45.320+0000] {spark_submit.py:634} INFO - 24/12/28 18:40:45 INFO SecurityManager: Changing view acls to: default
[2024-12-28T18:40:45.320+0000] {spark_submit.py:634} INFO - 24/12/28 18:40:45 INFO SecurityManager: Changing modify acls to: default
[2024-12-28T18:40:45.321+0000] {spark_submit.py:634} INFO - 24/12/28 18:40:45 INFO SecurityManager: Changing view acls groups to:
[2024-12-28T18:40:45.321+0000] {spark_submit.py:634} INFO - 24/12/28 18:40:45 INFO SecurityManager: Changing modify acls groups to:
[2024-12-28T18:40:45.322+0000] {spark_submit.py:634} INFO - 24/12/28 18:40:45 INFO SecurityManager: SecurityManager: authentication disabled; ui acls disabled; users with view permissions: default; groups with view permissions: EMPTY; users with modify permissions: default; groups with modify permissions: EMPTY
[2024-12-28T18:40:45.527+0000] {spark_submit.py:634} INFO - 24/12/28 18:40:45 INFO Utils: Successfully started service 'sparkDriver' on port 37595.
[2024-12-28T18:40:45.549+0000] {spark_submit.py:634} INFO - 24/12/28 18:40:45 INFO SparkEnv: Registering MapOutputTracker
[2024-12-28T18:40:45.580+0000] {spark_submit.py:634} INFO - 24/12/28 18:40:45 INFO SparkEnv: Registering BlockManagerMaster
[2024-12-28T18:40:45.595+0000] {spark_submit.py:634} INFO - 24/12/28 18:40:45 INFO BlockManagerMasterEndpoint: Using org.apache.spark.storage.DefaultTopologyMapper for getting topology information
[2024-12-28T18:40:45.596+0000] {spark_submit.py:634} INFO - 24/12/28 18:40:45 INFO BlockManagerMasterEndpoint: BlockManagerMasterEndpoint up
[2024-12-28T18:40:45.599+0000] {spark_submit.py:634} INFO - 24/12/28 18:40:45 INFO SparkEnv: Registering BlockManagerMasterHeartbeat
[2024-12-28T18:40:45.617+0000] {spark_submit.py:634} INFO - 24/12/28 18:40:45 INFO DiskBlockManager: Created local directory at /tmp/blockmgr-688c5d8c-cfbc-4583-bf79-55d628021880
[2024-12-28T18:40:45.630+0000] {spark_submit.py:634} INFO - 24/12/28 18:40:45 INFO MemoryStore: MemoryStore started with capacity 7.0 GiB
[2024-12-28T18:40:45.643+0000] {spark_submit.py:634} INFO - 24/12/28 18:40:45 INFO SparkEnv: Registering OutputCommitCoordinator
[2024-12-28T18:40:45.742+0000] {spark_submit.py:634} INFO - 24/12/28 18:40:45 INFO JettyUtils: Start Jetty 0.0.0.0:4040 for SparkUI
[2024-12-28T18:40:45.778+0000] {spark_submit.py:634} INFO - 24/12/28 18:40:45 INFO Utils: Successfully started service 'SparkUI' on port 4040.
[2024-12-28T18:40:45.913+0000] {spark_submit.py:634} INFO - 24/12/28 18:40:45 INFO StandaloneAppClient$ClientEndpoint: Connecting to master spark://spark-master:7077...
[2024-12-28T18:40:45.952+0000] {spark_submit.py:634} INFO - 24/12/28 18:40:45 INFO TransportClientFactory: Successfully created connection to spark-master/172.18.0.8:7077 after 20 ms (0 ms spent in bootstraps)
[2024-12-28T18:40:46.071+0000] {spark_submit.py:634} INFO - 24/12/28 18:40:46 INFO StandaloneSchedulerBackend: Connected to Spark cluster with app ID app-20241228184046-0000
[2024-12-28T18:40:46.085+0000] {spark_submit.py:634} INFO - 24/12/28 18:40:46 INFO Utils: Successfully started service 'org.apache.spark.network.netty.NettyBlockTransferService' on port 37667.
[2024-12-28T18:40:46.085+0000] {spark_submit.py:634} INFO - 24/12/28 18:40:46 INFO NettyBlockTransferService: Server created on 471d7521a401:37667
[2024-12-28T18:40:46.087+0000] {spark_submit.py:634} INFO - 24/12/28 18:40:46 INFO BlockManager: Using org.apache.spark.storage.RandomBlockReplicationPolicy for block replication policy
[2024-12-28T18:40:46.096+0000] {spark_submit.py:634} INFO - 24/12/28 18:40:46 INFO BlockManagerMaster: Registering BlockManager BlockManagerId(driver, 471d7521a401, 37667, None)
[2024-12-28T18:40:46.097+0000] {spark_submit.py:634} INFO - 24/12/28 18:40:46 INFO BlockManagerMasterEndpoint: Registering block manager 471d7521a401:37667 with 7.0 GiB RAM, BlockManagerId(driver, 471d7521a401, 37667, None)
[2024-12-28T18:40:46.099+0000] {spark_submit.py:634} INFO - 24/12/28 18:40:46 INFO BlockManagerMaster: Registered BlockManager BlockManagerId(driver, 471d7521a401, 37667, None)
[2024-12-28T18:40:46.102+0000] {spark_submit.py:634} INFO - 24/12/28 18:40:46 INFO BlockManager: Initialized BlockManager: BlockManagerId(driver, 471d7521a401, 37667, None)
[2024-12-28T18:40:46.134+0000] {spark_submit.py:634} INFO - 24/12/28 18:40:46 INFO StandaloneAppClient$ClientEndpoint: Executor added: app-20241228184046-0000/0 on worker-20241228182544-172.18.0.9-43053 (172.18.0.9:43053) with 1 core(s)
[2024-12-28T18:40:46.138+0000] {spark_submit.py:634} INFO - 24/12/28 18:40:46 INFO StandaloneSchedulerBackend: Granted executor ID app-20241228184046-0000/0 on hostPort 172.18.0.9:43053 with 1 core(s), 12.0 GiB RAM
[2024-12-28T18:40:46.384+0000] {spark_submit.py:634} INFO - 24/12/28 18:40:46 INFO StandaloneAppClient$ClientEndpoint: Executor updated: app-20241228184046-0000/0 is now RUNNING
[2024-12-28T18:40:46.400+0000] {spark_submit.py:634} INFO - 24/12/28 18:40:46 INFO StandaloneSchedulerBackend: SchedulerBackend is ready for scheduling beginning after reached minRegisteredResourcesRatio: 0.0
[2024-12-28T18:40:47.089+0000] {spark_submit.py:634} INFO - 24/12/28 18:40:47 INFO SharedState: Setting hive.metastore.warehouse.dir ('null') to the value of spark.sql.warehouse.dir.
[2024-12-28T18:40:47.101+0000] {spark_submit.py:634} INFO - 24/12/28 18:40:47 INFO SharedState: Warehouse path is 'file:/opt/***/spark-warehouse'.
[2024-12-28T18:40:49.683+0000] {spark_submit.py:634} INFO - 24/12/28 18:40:49 INFO StandaloneSchedulerBackend$StandaloneDriverEndpoint: Registered executor NettyRpcEndpointRef(spark-client://Executor) (172.18.0.9:44698) with ID 0,  ResourceProfileId 0
[2024-12-28T18:40:49.845+0000] {spark_submit.py:634} INFO - 24/12/28 18:40:49 INFO BlockManagerMasterEndpoint: Registering block manager 172.18.0.9:45445 with 7.0 GiB RAM, BlockManagerId(0, 172.18.0.9, 45445, None)
[2024-12-28T18:40:50.811+0000] {spark_submit.py:634} INFO - 24/12/28 18:40:50 INFO CodeGenerator: Code generated in 263.673624 ms
[2024-12-28T18:40:50.912+0000] {spark_submit.py:634} INFO - 24/12/28 18:40:50 INFO SparkContext: Starting job: toPandas at /opt/***/dags/spark_app/spark_1.py:7
[2024-12-28T18:40:50.945+0000] {spark_submit.py:634} INFO - 24/12/28 18:40:50 INFO DAGScheduler: Got job 0 (toPandas at /opt/***/dags/spark_app/spark_1.py:7) with 2 output partitions
[2024-12-28T18:40:50.945+0000] {spark_submit.py:634} INFO - 24/12/28 18:40:50 INFO DAGScheduler: Final stage: ResultStage 0 (toPandas at /opt/***/dags/spark_app/spark_1.py:7)
[2024-12-28T18:40:50.946+0000] {spark_submit.py:634} INFO - 24/12/28 18:40:50 INFO DAGScheduler: Parents of final stage: List()
[2024-12-28T18:40:50.946+0000] {spark_submit.py:634} INFO - 24/12/28 18:40:50 INFO DAGScheduler: Missing parents: List()
[2024-12-28T18:40:50.951+0000] {spark_submit.py:634} INFO - 24/12/28 18:40:50 INFO DAGScheduler: Submitting ResultStage 0 (MapPartitionsRDD[6] at toPandas at /opt/***/dags/spark_app/spark_1.py:7), which has no missing parents
[2024-12-28T18:40:51.107+0000] {spark_submit.py:634} INFO - 24/12/28 18:40:51 INFO MemoryStore: Block broadcast_0 stored as values in memory (estimated size 12.5 KiB, free 7.0 GiB)
[2024-12-28T18:40:51.148+0000] {spark_submit.py:634} INFO - 24/12/28 18:40:51 INFO MemoryStore: Block broadcast_0_piece0 stored as bytes in memory (estimated size 6.6 KiB, free 7.0 GiB)
[2024-12-28T18:40:51.153+0000] {spark_submit.py:634} INFO - 24/12/28 18:40:51 INFO BlockManagerInfo: Added broadcast_0_piece0 in memory on 471d7521a401:37667 (size: 6.6 KiB, free: 7.0 GiB)
[2024-12-28T18:40:51.155+0000] {spark_submit.py:634} INFO - 24/12/28 18:40:51 INFO SparkContext: Created broadcast 0 from broadcast at DAGScheduler.scala:1585
[2024-12-28T18:40:51.197+0000] {spark_submit.py:634} INFO - 24/12/28 18:40:51 INFO DAGScheduler: Submitting 2 missing tasks from ResultStage 0 (MapPartitionsRDD[6] at toPandas at /opt/***/dags/spark_app/spark_1.py:7) (first 15 tasks are for partitions Vector(0, 1))
[2024-12-28T18:40:51.197+0000] {spark_submit.py:634} INFO - 24/12/28 18:40:51 INFO TaskSchedulerImpl: Adding task set 0.0 with 2 tasks resource profile 0
[2024-12-28T18:40:51.231+0000] {spark_submit.py:634} INFO - 24/12/28 18:40:51 INFO TaskSetManager: Starting task 0.0 in stage 0.0 (TID 0) (172.18.0.9, executor 0, partition 0, PROCESS_LOCAL, 9020 bytes)
[2024-12-28T18:40:51.581+0000] {spark_submit.py:634} INFO - 24/12/28 18:40:51 INFO BlockManagerInfo: Added broadcast_0_piece0 in memory on 172.18.0.9:45445 (size: 6.6 KiB, free: 7.0 GiB)
[2024-12-28T18:40:53.190+0000] {spark_submit.py:634} INFO - 24/12/28 18:40:53 INFO TaskSetManager: Starting task 1.0 in stage 0.0 (TID 1) (172.18.0.9, executor 0, partition 1, PROCESS_LOCAL, 9057 bytes)
[2024-12-28T18:40:53.201+0000] {spark_submit.py:634} INFO - 24/12/28 18:40:53 INFO TaskSetManager: Finished task 0.0 in stage 0.0 (TID 0) in 1980 ms on 172.18.0.9 (executor 0) (1/2)
[2024-12-28T18:40:53.215+0000] {spark_submit.py:634} INFO - 24/12/28 18:40:53 INFO PythonAccumulatorV2: Connected to AccumulatorServer at host: 127.0.0.1 port: 34853
[2024-12-28T18:40:53.327+0000] {spark_submit.py:634} INFO - 24/12/28 18:40:53 INFO TaskSetManager: Finished task 1.0 in stage 0.0 (TID 1) in 138 ms on 172.18.0.9 (executor 0) (2/2)
[2024-12-28T18:40:53.328+0000] {spark_submit.py:634} INFO - 24/12/28 18:40:53 INFO TaskSchedulerImpl: Removed TaskSet 0.0, whose tasks have all completed, from pool
[2024-12-28T18:40:53.330+0000] {spark_submit.py:634} INFO - 24/12/28 18:40:53 INFO DAGScheduler: ResultStage 0 (toPandas at /opt/***/dags/spark_app/spark_1.py:7) finished in 2.353 s
[2024-12-28T18:40:53.332+0000] {spark_submit.py:634} INFO - 24/12/28 18:40:53 INFO DAGScheduler: Job 0 is finished. Cancelling potential speculative or zombie tasks for this job
[2024-12-28T18:40:53.332+0000] {spark_submit.py:634} INFO - 24/12/28 18:40:53 INFO TaskSchedulerImpl: Killing all running tasks in stage 0: Stage finished
[2024-12-28T18:40:53.334+0000] {spark_submit.py:634} INFO - 24/12/28 18:40:53 INFO DAGScheduler: Job 0 finished: toPandas at /opt/***/dags/spark_app/spark_1.py:7, took 2.421257 s
[2024-12-28T18:40:53.379+0000] {spark_submit.py:634} INFO - Traceback (most recent call last):
[2024-12-28T18:40:53.379+0000] {spark_submit.py:634} INFO - File "/opt/***/dags/spark_app/spark_1.py", line 23, in <module>
[2024-12-28T18:40:53.379+0000] {spark_submit.py:634} INFO - run()
[2024-12-28T18:40:53.379+0000] {spark_submit.py:634} INFO - File "/opt/***/dags/spark_app/spark_1.py", line 7, in run
[2024-12-28T18:40:53.380+0000] {spark_submit.py:634} INFO - df.toPandas().to_csv("/opt/***/test/df_test.csv", index=False)
[2024-12-28T18:40:53.380+0000] {spark_submit.py:634} INFO - File "/home/***/.local/lib/python3.12/site-packages/pandas/core/generic.py", line 3902, in to_csv
[2024-12-28T18:40:53.381+0000] {spark_submit.py:634} INFO - return DataFrameRenderer(formatter).to_csv(
[2024-12-28T18:40:53.381+0000] {spark_submit.py:634} INFO - ^^^^^^^^^^^^^^^^^^^^^^^^^^^^^^^^^^^^
[2024-12-28T18:40:53.381+0000] {spark_submit.py:634} INFO - File "/home/***/.local/lib/python3.12/site-packages/pandas/io/formats/format.py", line 1152, in to_csv
[2024-12-28T18:40:53.382+0000] {spark_submit.py:634} INFO - csv_formatter.save()
[2024-12-28T18:40:53.382+0000] {spark_submit.py:634} INFO - File "/home/***/.local/lib/python3.12/site-packages/pandas/io/formats/csvs.py", line 247, in save
[2024-12-28T18:40:53.382+0000] {spark_submit.py:634} INFO - with get_handle(
[2024-12-28T18:40:53.383+0000] {spark_submit.py:634} INFO - ^^^^^^^^^^^
[2024-12-28T18:40:53.383+0000] {spark_submit.py:634} INFO - File "/home/***/.local/lib/python3.12/site-packages/pandas/io/common.py", line 739, in get_handle
[2024-12-28T18:40:53.383+0000] {spark_submit.py:634} INFO - check_parent_directory(str(handle))
[2024-12-28T18:40:53.384+0000] {spark_submit.py:634} INFO - File "/home/***/.local/lib/python3.12/site-packages/pandas/io/common.py", line 604, in check_parent_directory
[2024-12-28T18:40:53.384+0000] {spark_submit.py:634} INFO - raise OSError(rf"Cannot save file into a non-existent directory: '{parent}'")
[2024-12-28T18:40:53.384+0000] {spark_submit.py:634} INFO - OSError: Cannot save file into a non-existent directory: '/opt/***/test'
[2024-12-28T18:40:53.482+0000] {spark_submit.py:634} INFO - 24/12/28 18:40:53 INFO SparkContext: Invoking stop() from shutdown hook
[2024-12-28T18:40:53.483+0000] {spark_submit.py:634} INFO - 24/12/28 18:40:53 INFO SparkContext: SparkContext is stopping with exitCode 0.
[2024-12-28T18:40:53.494+0000] {spark_submit.py:634} INFO - 24/12/28 18:40:53 INFO SparkUI: Stopped Spark web UI at http://471d7521a401:4040
[2024-12-28T18:40:53.497+0000] {spark_submit.py:634} INFO - 24/12/28 18:40:53 INFO StandaloneSchedulerBackend: Shutting down all executors
[2024-12-28T18:40:53.498+0000] {spark_submit.py:634} INFO - 24/12/28 18:40:53 INFO StandaloneSchedulerBackend$StandaloneDriverEndpoint: Asking each executor to shut down
[2024-12-28T18:40:53.556+0000] {spark_submit.py:634} INFO - 24/12/28 18:40:53 INFO MapOutputTrackerMasterEndpoint: MapOutputTrackerMasterEndpoint stopped!
[2024-12-28T18:40:53.620+0000] {spark_submit.py:634} INFO - 24/12/28 18:40:53 INFO MemoryStore: MemoryStore cleared
[2024-12-28T18:40:53.620+0000] {spark_submit.py:634} INFO - 24/12/28 18:40:53 INFO BlockManager: BlockManager stopped
[2024-12-28T18:40:53.623+0000] {spark_submit.py:634} INFO - 24/12/28 18:40:53 INFO BlockManagerMaster: BlockManagerMaster stopped
[2024-12-28T18:40:53.625+0000] {spark_submit.py:634} INFO - 24/12/28 18:40:53 INFO OutputCommitCoordinator$OutputCommitCoordinatorEndpoint: OutputCommitCoordinator stopped!
[2024-12-28T18:40:53.650+0000] {spark_submit.py:634} INFO - 24/12/28 18:40:53 INFO SparkContext: Successfully stopped SparkContext
[2024-12-28T18:40:53.651+0000] {spark_submit.py:634} INFO - 24/12/28 18:40:53 INFO ShutdownHookManager: Shutdown hook called
[2024-12-28T18:40:53.651+0000] {spark_submit.py:634} INFO - 24/12/28 18:40:53 INFO ShutdownHookManager: Deleting directory /tmp/spark-4c3061a0-2822-4a82-9018-8f0b3c54f078/pyspark-7de976fc-0f65-4fb5-a034-212e39fb9283
[2024-12-28T18:40:53.657+0000] {spark_submit.py:634} INFO - 24/12/28 18:40:53 INFO ShutdownHookManager: Deleting directory /tmp/spark-4c3061a0-2822-4a82-9018-8f0b3c54f078
[2024-12-28T18:40:53.666+0000] {spark_submit.py:634} INFO - 24/12/28 18:40:53 INFO ShutdownHookManager: Deleting directory /tmp/spark-d809c3a5-4b5e-4d50-8f00-b8312e6fa699
[2024-12-28T18:40:53.714+0000] {taskinstance.py:3311} ERROR - Task failed with exception
Traceback (most recent call last):
  File "/home/airflow/.local/lib/python3.12/site-packages/airflow/models/taskinstance.py", line 767, in _execute_task
    result = _execute_callable(context=context, **execute_callable_kwargs)
             ^^^^^^^^^^^^^^^^^^^^^^^^^^^^^^^^^^^^^^^^^^^^^^^^^^^^^^^^^^^^^
  File "/home/airflow/.local/lib/python3.12/site-packages/airflow/models/taskinstance.py", line 733, in _execute_callable
    return ExecutionCallableRunner(
           ^^^^^^^^^^^^^^^^^^^^^^^^
  File "/home/airflow/.local/lib/python3.12/site-packages/airflow/utils/operator_helpers.py", line 252, in run
    return self.func(*args, **kwargs)
           ^^^^^^^^^^^^^^^^^^^^^^^^^^
  File "/home/airflow/.local/lib/python3.12/site-packages/airflow/models/baseoperator.py", line 417, in wrapper
    return func(self, *args, **kwargs)
           ^^^^^^^^^^^^^^^^^^^^^^^^^^^
  File "/home/airflow/.local/lib/python3.12/site-packages/airflow/providers/apache/spark/operators/spark_submit.py", line 176, in execute
    self._hook.submit(self.application)
  File "/home/airflow/.local/lib/python3.12/site-packages/airflow/providers/apache/spark/hooks/spark_submit.py", line 560, in submit
    raise AirflowException(
airflow.exceptions.AirflowException: Cannot execute: spark-submit --master spark://spark-master:7077 --num-executors 1 --total-executor-cores 1 --executor-cores 1 --executor-memory 12g --driver-memory 12g --name arrow-spark --verbose --deploy-mode client dags/spark_app/spark_1.py. Error code is: 1.
[2024-12-28T18:40:53.717+0000] {taskinstance.py:1225} INFO - Marking task as FAILED. dag_id=spark_clickhouse_example, task_id=spark_submit_job, run_id=manual__2024-12-28T18:40:41.647856+00:00, execution_date=20241228T184041, start_date=20241228T184042, end_date=20241228T184053
[2024-12-28T18:40:53.726+0000] {taskinstance.py:340} INFO - ::group::Post task execution logs
[2024-12-28T18:40:53.726+0000] {standard_task_runner.py:124} ERROR - Failed to execute job 8 for task spark_submit_job (Cannot execute: spark-submit --master spark://spark-master:7077 --num-executors 1 --total-executor-cores 1 --executor-cores 1 --executor-memory 12g --driver-memory 12g --name arrow-spark --verbose --deploy-mode client dags/spark_app/spark_1.py. Error code is: 1.; 542)
Traceback (most recent call last):
  File "/home/airflow/.local/lib/python3.12/site-packages/airflow/task/task_runner/standard_task_runner.py", line 117, in _start_by_fork
    ret = args.func(args, dag=self.dag)
          ^^^^^^^^^^^^^^^^^^^^^^^^^^^^^
  File "/home/airflow/.local/lib/python3.12/site-packages/airflow/cli/cli_config.py", line 49, in command
    return func(*args, **kwargs)
           ^^^^^^^^^^^^^^^^^^^^^
  File "/home/airflow/.local/lib/python3.12/site-packages/airflow/utils/cli.py", line 116, in wrapper
    return f(*args, **kwargs)
           ^^^^^^^^^^^^^^^^^^
  File "/home/airflow/.local/lib/python3.12/site-packages/airflow/cli/commands/task_command.py", line 483, in task_run
    task_return_code = _run_task_by_selected_method(args, _dag, ti)
                       ^^^^^^^^^^^^^^^^^^^^^^^^^^^^^^^^^^^^^^^^^^^^
  File "/home/airflow/.local/lib/python3.12/site-packages/airflow/cli/commands/task_command.py", line 256, in _run_task_by_selected_method
    return _run_raw_task(args, ti)
           ^^^^^^^^^^^^^^^^^^^^^^^
  File "/home/airflow/.local/lib/python3.12/site-packages/airflow/cli/commands/task_command.py", line 341, in _run_raw_task
    return ti._run_raw_task(
           ^^^^^^^^^^^^^^^^^
  File "/home/airflow/.local/lib/python3.12/site-packages/airflow/utils/session.py", line 97, in wrapper
    return func(*args, session=session, **kwargs)
           ^^^^^^^^^^^^^^^^^^^^^^^^^^^^^^^^^^^^^^
  File "/home/airflow/.local/lib/python3.12/site-packages/airflow/models/taskinstance.py", line 3005, in _run_raw_task
    return _run_raw_task(
           ^^^^^^^^^^^^^^
  File "/home/airflow/.local/lib/python3.12/site-packages/airflow/models/taskinstance.py", line 273, in _run_raw_task
    TaskInstance._execute_task_with_callbacks(
  File "/home/airflow/.local/lib/python3.12/site-packages/airflow/models/taskinstance.py", line 3159, in _execute_task_with_callbacks
    result = self._execute_task(context, task_orig)
             ^^^^^^^^^^^^^^^^^^^^^^^^^^^^^^^^^^^^^^
  File "/home/airflow/.local/lib/python3.12/site-packages/airflow/models/taskinstance.py", line 3183, in _execute_task
    return _execute_task(self, context, task_orig)
           ^^^^^^^^^^^^^^^^^^^^^^^^^^^^^^^^^^^^^^^
  File "/home/airflow/.local/lib/python3.12/site-packages/airflow/models/taskinstance.py", line 767, in _execute_task
    result = _execute_callable(context=context, **execute_callable_kwargs)
             ^^^^^^^^^^^^^^^^^^^^^^^^^^^^^^^^^^^^^^^^^^^^^^^^^^^^^^^^^^^^^
  File "/home/airflow/.local/lib/python3.12/site-packages/airflow/models/taskinstance.py", line 733, in _execute_callable
    return ExecutionCallableRunner(
           ^^^^^^^^^^^^^^^^^^^^^^^^
  File "/home/airflow/.local/lib/python3.12/site-packages/airflow/utils/operator_helpers.py", line 252, in run
    return self.func(*args, **kwargs)
           ^^^^^^^^^^^^^^^^^^^^^^^^^^
  File "/home/airflow/.local/lib/python3.12/site-packages/airflow/models/baseoperator.py", line 417, in wrapper
    return func(self, *args, **kwargs)
           ^^^^^^^^^^^^^^^^^^^^^^^^^^^
  File "/home/airflow/.local/lib/python3.12/site-packages/airflow/providers/apache/spark/operators/spark_submit.py", line 176, in execute
    self._hook.submit(self.application)
  File "/home/airflow/.local/lib/python3.12/site-packages/airflow/providers/apache/spark/hooks/spark_submit.py", line 560, in submit
    raise AirflowException(
airflow.exceptions.AirflowException: Cannot execute: spark-submit --master spark://spark-master:7077 --num-executors 1 --total-executor-cores 1 --executor-cores 1 --executor-memory 12g --driver-memory 12g --name arrow-spark --verbose --deploy-mode client dags/spark_app/spark_1.py. Error code is: 1.
[2024-12-28T18:40:53.753+0000] {local_task_job_runner.py:266} INFO - Task exited with return code 1
[2024-12-28T18:40:53.771+0000] {taskinstance.py:3895} INFO - 0 downstream tasks scheduled from follow-on schedule check
[2024-12-28T18:40:53.774+0000] {local_task_job_runner.py:245} INFO - ::endgroup::
