[2024-12-28T19:43:03.838+0000] {local_task_job_runner.py:123} INFO - ::group::Pre task execution logs
[2024-12-28T19:43:03.850+0000] {taskinstance.py:2613} INFO - Dependencies all met for dep_context=non-requeueable deps ti=<TaskInstance: spark_clickhouse_example.ch_list_count_rows_start_of_month manual__2024-12-28T19:42:43.067077+00:00 [queued]>
[2024-12-28T19:43:03.856+0000] {taskinstance.py:2613} INFO - Dependencies all met for dep_context=requeueable deps ti=<TaskInstance: spark_clickhouse_example.ch_list_count_rows_start_of_month manual__2024-12-28T19:42:43.067077+00:00 [queued]>
[2024-12-28T19:43:03.857+0000] {taskinstance.py:2866} INFO - Starting attempt 1 of 1
[2024-12-28T19:43:03.866+0000] {taskinstance.py:2889} INFO - Executing <Task(ClickHouseOperatorExtended): ch_list_count_rows_start_of_month> on 2024-12-28 19:42:43.067077+00:00
[2024-12-28T19:43:03.874+0000] {warnings.py:112} WARNING - /home/***/.local/lib/python3.12/site-packages/***/task/task_runner/standard_task_runner.py:70: DeprecationWarning: This process (pid=279) is multi-threaded, use of fork() may lead to deadlocks in the child.
  pid = os.fork()

[2024-12-28T19:43:03.874+0000] {standard_task_runner.py:72} INFO - Started process 280 to run task
[2024-12-28T19:43:03.875+0000] {standard_task_runner.py:104} INFO - Running: ['***', 'tasks', 'run', 'spark_clickhouse_example', 'ch_list_count_rows_start_of_month', 'manual__2024-12-28T19:42:43.067077+00:00', '--job-id', '21', '--raw', '--subdir', 'DAGS_FOLDER/test_spark_clickhouse.py', '--cfg-path', '/tmp/tmprahwih9r']
[2024-12-28T19:43:03.876+0000] {standard_task_runner.py:105} INFO - Job 21: Subtask ch_list_count_rows_start_of_month
[2024-12-28T19:43:03.906+0000] {task_command.py:467} INFO - Running <TaskInstance: spark_clickhouse_example.ch_list_count_rows_start_of_month manual__2024-12-28T19:42:43.067077+00:00 [running]> on host 471d7521a401
[2024-12-28T19:43:03.965+0000] {taskinstance.py:3132} INFO - Exporting env vars: AIRFLOW_CTX_DAG_OWNER='TKO' AIRFLOW_CTX_DAG_ID='spark_clickhouse_example' AIRFLOW_CTX_TASK_ID='ch_list_count_rows_start_of_month' AIRFLOW_CTX_EXECUTION_DATE='2024-12-28T19:42:43.067077+00:00' AIRFLOW_CTX_TRY_NUMBER='1' AIRFLOW_CTX_DAG_RUN_ID='manual__2024-12-28T19:42:43.067077+00:00'
[2024-12-28T19:43:03.966+0000] {taskinstance.py:731} INFO - ::endgroup::
[2024-12-28T19:43:03.973+0000] {base.py:84} INFO - Retrieving connection 'clickhouse'
[2024-12-28T19:43:03.973+0000] {clickhouse.py:79} INFO - SELECT now() as version
[2024-12-28T19:43:04.333+0000] {taskinstance.py:340} INFO - ::group::Post task execution logs
[2024-12-28T19:43:04.334+0000] {taskinstance.py:352} INFO - Marking task as SUCCESS. dag_id=spark_clickhouse_example, task_id=ch_list_count_rows_start_of_month, run_id=manual__2024-12-28T19:42:43.067077+00:00, execution_date=20241228T194243, start_date=20241228T194303, end_date=20241228T194304
[2024-12-28T19:43:04.369+0000] {local_task_job_runner.py:266} INFO - Task exited with return code 0
[2024-12-28T19:43:04.381+0000] {taskinstance.py:3895} INFO - 0 downstream tasks scheduled from follow-on schedule check
[2024-12-28T19:43:04.382+0000] {local_task_job_runner.py:245} INFO - ::endgroup::
