[2025-02-26T19:44:56.685+0000] {processor.py:186} INFO - Started process (PID=35) to work on /opt/airflow/dags/spark_example.py
[2025-02-26T19:44:56.685+0000] {processor.py:914} INFO - Processing file /opt/airflow/dags/spark_example.py for tasks to queue
[2025-02-26T19:44:56.687+0000] {logging_mixin.py:190} INFO - [2025-02-26T19:44:56.687+0000] {dagbag.py:588} INFO - Filling up the DagBag from /opt/airflow/dags/spark_example.py
[2025-02-26T19:44:56.699+0000] {processor.py:925} INFO - DAG(s) 'spark_example' retrieved from /opt/airflow/dags/spark_example.py
[2025-02-26T19:44:56.734+0000] {logging_mixin.py:190} INFO - [2025-02-26T19:44:56.734+0000] {dag.py:3239} INFO - Sync 1 DAGs
[2025-02-26T19:44:56.765+0000] {logging_mixin.py:190} INFO - [2025-02-26T19:44:56.761+0000] {dag.py:4180} INFO - Setting next_dagrun for spark_example to None, run_after=None
[2025-02-26T19:44:56.794+0000] {processor.py:208} INFO - Processing /opt/airflow/dags/spark_example.py took 0.115 seconds
[2025-02-26T19:45:27.175+0000] {processor.py:186} INFO - Started process (PID=43) to work on /opt/airflow/dags/spark_example.py
[2025-02-26T19:45:27.176+0000] {processor.py:914} INFO - Processing file /opt/airflow/dags/spark_example.py for tasks to queue
[2025-02-26T19:45:27.178+0000] {logging_mixin.py:190} INFO - [2025-02-26T19:45:27.177+0000] {dagbag.py:588} INFO - Filling up the DagBag from /opt/airflow/dags/spark_example.py
[2025-02-26T19:45:27.183+0000] {processor.py:925} INFO - DAG(s) 'spark_example' retrieved from /opt/airflow/dags/spark_example.py
[2025-02-26T19:45:27.204+0000] {logging_mixin.py:190} INFO - [2025-02-26T19:45:27.203+0000] {dag.py:3239} INFO - Sync 1 DAGs
[2025-02-26T19:45:27.215+0000] {logging_mixin.py:190} INFO - [2025-02-26T19:45:27.215+0000] {dag.py:4180} INFO - Setting next_dagrun for spark_example to None, run_after=None
[2025-02-26T19:45:27.228+0000] {processor.py:208} INFO - Processing /opt/airflow/dags/spark_example.py took 0.057 seconds
[2025-02-26T19:45:57.522+0000] {processor.py:186} INFO - Started process (PID=52) to work on /opt/airflow/dags/spark_example.py
[2025-02-26T19:45:57.523+0000] {processor.py:914} INFO - Processing file /opt/airflow/dags/spark_example.py for tasks to queue
[2025-02-26T19:45:57.525+0000] {logging_mixin.py:190} INFO - [2025-02-26T19:45:57.525+0000] {dagbag.py:588} INFO - Filling up the DagBag from /opt/airflow/dags/spark_example.py
[2025-02-26T19:45:57.533+0000] {processor.py:925} INFO - DAG(s) 'spark_example' retrieved from /opt/airflow/dags/spark_example.py
[2025-02-26T19:45:57.559+0000] {logging_mixin.py:190} INFO - [2025-02-26T19:45:57.559+0000] {dag.py:3239} INFO - Sync 1 DAGs
[2025-02-26T19:45:57.575+0000] {logging_mixin.py:190} INFO - [2025-02-26T19:45:57.575+0000] {dag.py:4180} INFO - Setting next_dagrun for spark_example to None, run_after=None
[2025-02-26T19:45:57.593+0000] {processor.py:208} INFO - Processing /opt/airflow/dags/spark_example.py took 0.077 seconds
[2025-02-26T19:46:28.029+0000] {processor.py:186} INFO - Started process (PID=61) to work on /opt/airflow/dags/spark_example.py
[2025-02-26T19:46:28.030+0000] {processor.py:914} INFO - Processing file /opt/airflow/dags/spark_example.py for tasks to queue
[2025-02-26T19:46:28.031+0000] {logging_mixin.py:190} INFO - [2025-02-26T19:46:28.031+0000] {dagbag.py:588} INFO - Filling up the DagBag from /opt/airflow/dags/spark_example.py
[2025-02-26T19:46:28.037+0000] {processor.py:925} INFO - DAG(s) 'spark_example' retrieved from /opt/airflow/dags/spark_example.py
[2025-02-26T19:46:28.056+0000] {logging_mixin.py:190} INFO - [2025-02-26T19:46:28.056+0000] {dag.py:3239} INFO - Sync 1 DAGs
[2025-02-26T19:46:28.067+0000] {logging_mixin.py:190} INFO - [2025-02-26T19:46:28.067+0000] {dag.py:4180} INFO - Setting next_dagrun for spark_example to None, run_after=None
[2025-02-26T19:46:28.080+0000] {processor.py:208} INFO - Processing /opt/airflow/dags/spark_example.py took 0.056 seconds
[2025-02-26T19:46:58.486+0000] {processor.py:186} INFO - Started process (PID=70) to work on /opt/airflow/dags/spark_example.py
[2025-02-26T19:46:58.488+0000] {processor.py:914} INFO - Processing file /opt/airflow/dags/spark_example.py for tasks to queue
[2025-02-26T19:46:58.489+0000] {logging_mixin.py:190} INFO - [2025-02-26T19:46:58.489+0000] {dagbag.py:588} INFO - Filling up the DagBag from /opt/airflow/dags/spark_example.py
[2025-02-26T19:46:58.495+0000] {processor.py:925} INFO - DAG(s) 'spark_example' retrieved from /opt/airflow/dags/spark_example.py
[2025-02-26T19:46:58.514+0000] {logging_mixin.py:190} INFO - [2025-02-26T19:46:58.514+0000] {dag.py:3239} INFO - Sync 1 DAGs
[2025-02-26T19:46:58.646+0000] {logging_mixin.py:190} INFO - [2025-02-26T19:46:58.646+0000] {dag.py:4180} INFO - Setting next_dagrun for spark_example to None, run_after=None
[2025-02-26T19:46:58.664+0000] {processor.py:208} INFO - Processing /opt/airflow/dags/spark_example.py took 0.183 seconds
[2025-02-26T19:47:28.968+0000] {processor.py:186} INFO - Started process (PID=79) to work on /opt/airflow/dags/spark_example.py
[2025-02-26T19:47:28.969+0000] {processor.py:914} INFO - Processing file /opt/airflow/dags/spark_example.py for tasks to queue
[2025-02-26T19:47:28.970+0000] {logging_mixin.py:190} INFO - [2025-02-26T19:47:28.970+0000] {dagbag.py:588} INFO - Filling up the DagBag from /opt/airflow/dags/spark_example.py
[2025-02-26T19:47:28.976+0000] {processor.py:925} INFO - DAG(s) 'spark_example' retrieved from /opt/airflow/dags/spark_example.py
[2025-02-26T19:47:28.995+0000] {logging_mixin.py:190} INFO - [2025-02-26T19:47:28.995+0000] {dag.py:3239} INFO - Sync 1 DAGs
[2025-02-26T19:47:29.120+0000] {logging_mixin.py:190} INFO - [2025-02-26T19:47:29.120+0000] {dag.py:4180} INFO - Setting next_dagrun for spark_example to None, run_after=None
[2025-02-26T19:47:29.133+0000] {processor.py:208} INFO - Processing /opt/airflow/dags/spark_example.py took 0.170 seconds
[2025-02-26T19:47:59.417+0000] {processor.py:186} INFO - Started process (PID=88) to work on /opt/airflow/dags/spark_example.py
[2025-02-26T19:47:59.424+0000] {processor.py:914} INFO - Processing file /opt/airflow/dags/spark_example.py for tasks to queue
[2025-02-26T19:47:59.425+0000] {logging_mixin.py:190} INFO - [2025-02-26T19:47:59.425+0000] {dagbag.py:588} INFO - Filling up the DagBag from /opt/airflow/dags/spark_example.py
[2025-02-26T19:47:59.556+0000] {processor.py:925} INFO - DAG(s) 'spark_example' retrieved from /opt/airflow/dags/spark_example.py
[2025-02-26T19:47:59.573+0000] {logging_mixin.py:190} INFO - [2025-02-26T19:47:59.573+0000] {dag.py:3239} INFO - Sync 1 DAGs
[2025-02-26T19:47:59.584+0000] {logging_mixin.py:190} INFO - [2025-02-26T19:47:59.584+0000] {dag.py:4180} INFO - Setting next_dagrun for spark_example to None, run_after=None
[2025-02-26T19:47:59.597+0000] {processor.py:208} INFO - Processing /opt/airflow/dags/spark_example.py took 0.184 seconds
[2025-02-26T19:48:29.891+0000] {processor.py:186} INFO - Started process (PID=97) to work on /opt/airflow/dags/spark_example.py
[2025-02-26T19:48:29.892+0000] {processor.py:914} INFO - Processing file /opt/airflow/dags/spark_example.py for tasks to queue
[2025-02-26T19:48:29.894+0000] {logging_mixin.py:190} INFO - [2025-02-26T19:48:29.893+0000] {dagbag.py:588} INFO - Filling up the DagBag from /opt/airflow/dags/spark_example.py
[2025-02-26T19:48:29.901+0000] {processor.py:925} INFO - DAG(s) 'spark_example' retrieved from /opt/airflow/dags/spark_example.py
[2025-02-26T19:48:29.928+0000] {logging_mixin.py:190} INFO - [2025-02-26T19:48:29.928+0000] {dag.py:3239} INFO - Sync 1 DAGs
[2025-02-26T19:48:29.944+0000] {logging_mixin.py:190} INFO - [2025-02-26T19:48:29.944+0000] {dag.py:4180} INFO - Setting next_dagrun for spark_example to None, run_after=None
[2025-02-26T19:48:29.963+0000] {processor.py:208} INFO - Processing /opt/airflow/dags/spark_example.py took 0.079 seconds
[2025-02-26T19:49:00.327+0000] {processor.py:186} INFO - Started process (PID=106) to work on /opt/airflow/dags/spark_example.py
[2025-02-26T19:49:00.330+0000] {processor.py:914} INFO - Processing file /opt/airflow/dags/spark_example.py for tasks to queue
[2025-02-26T19:49:00.332+0000] {logging_mixin.py:190} INFO - [2025-02-26T19:49:00.332+0000] {dagbag.py:588} INFO - Filling up the DagBag from /opt/airflow/dags/spark_example.py
[2025-02-26T19:49:00.337+0000] {processor.py:925} INFO - DAG(s) 'spark_example' retrieved from /opt/airflow/dags/spark_example.py
[2025-02-26T19:49:00.357+0000] {logging_mixin.py:190} INFO - [2025-02-26T19:49:00.356+0000] {dag.py:3239} INFO - Sync 1 DAGs
[2025-02-26T19:49:00.368+0000] {logging_mixin.py:190} INFO - [2025-02-26T19:49:00.368+0000] {dag.py:4180} INFO - Setting next_dagrun for spark_example to None, run_after=None
[2025-02-26T19:49:00.382+0000] {processor.py:208} INFO - Processing /opt/airflow/dags/spark_example.py took 0.060 seconds
[2025-02-26T19:49:30.664+0000] {processor.py:186} INFO - Started process (PID=115) to work on /opt/airflow/dags/spark_example.py
[2025-02-26T19:49:30.664+0000] {processor.py:914} INFO - Processing file /opt/airflow/dags/spark_example.py for tasks to queue
[2025-02-26T19:49:30.666+0000] {logging_mixin.py:190} INFO - [2025-02-26T19:49:30.666+0000] {dagbag.py:588} INFO - Filling up the DagBag from /opt/airflow/dags/spark_example.py
[2025-02-26T19:49:30.671+0000] {processor.py:925} INFO - DAG(s) 'spark_example' retrieved from /opt/airflow/dags/spark_example.py
[2025-02-26T19:49:30.691+0000] {logging_mixin.py:190} INFO - [2025-02-26T19:49:30.691+0000] {dag.py:3239} INFO - Sync 1 DAGs
[2025-02-26T19:49:30.704+0000] {logging_mixin.py:190} INFO - [2025-02-26T19:49:30.704+0000] {dag.py:4180} INFO - Setting next_dagrun for spark_example to None, run_after=None
[2025-02-26T19:49:30.719+0000] {processor.py:208} INFO - Processing /opt/airflow/dags/spark_example.py took 0.060 seconds
[2025-02-26T19:50:01.003+0000] {processor.py:186} INFO - Started process (PID=124) to work on /opt/airflow/dags/spark_example.py
[2025-02-26T19:50:01.004+0000] {processor.py:914} INFO - Processing file /opt/airflow/dags/spark_example.py for tasks to queue
[2025-02-26T19:50:01.006+0000] {logging_mixin.py:190} INFO - [2025-02-26T19:50:01.006+0000] {dagbag.py:588} INFO - Filling up the DagBag from /opt/airflow/dags/spark_example.py
[2025-02-26T19:50:01.011+0000] {processor.py:925} INFO - DAG(s) 'spark_example' retrieved from /opt/airflow/dags/spark_example.py
[2025-02-26T19:50:01.031+0000] {logging_mixin.py:190} INFO - [2025-02-26T19:50:01.031+0000] {dag.py:3239} INFO - Sync 1 DAGs
[2025-02-26T19:50:01.042+0000] {logging_mixin.py:190} INFO - [2025-02-26T19:50:01.042+0000] {dag.py:4180} INFO - Setting next_dagrun for spark_example to None, run_after=None
[2025-02-26T19:50:01.056+0000] {processor.py:208} INFO - Processing /opt/airflow/dags/spark_example.py took 0.057 seconds
[2025-02-26T19:50:31.336+0000] {processor.py:186} INFO - Started process (PID=133) to work on /opt/airflow/dags/spark_example.py
[2025-02-26T19:50:31.336+0000] {processor.py:914} INFO - Processing file /opt/airflow/dags/spark_example.py for tasks to queue
[2025-02-26T19:50:31.338+0000] {logging_mixin.py:190} INFO - [2025-02-26T19:50:31.338+0000] {dagbag.py:588} INFO - Filling up the DagBag from /opt/airflow/dags/spark_example.py
[2025-02-26T19:50:31.343+0000] {processor.py:925} INFO - DAG(s) 'spark_example' retrieved from /opt/airflow/dags/spark_example.py
[2025-02-26T19:50:31.363+0000] {logging_mixin.py:190} INFO - [2025-02-26T19:50:31.362+0000] {dag.py:3239} INFO - Sync 1 DAGs
[2025-02-26T19:50:31.374+0000] {logging_mixin.py:190} INFO - [2025-02-26T19:50:31.374+0000] {dag.py:4180} INFO - Setting next_dagrun for spark_example to None, run_after=None
[2025-02-26T19:50:31.387+0000] {processor.py:208} INFO - Processing /opt/airflow/dags/spark_example.py took 0.056 seconds
[2025-02-26T19:51:01.667+0000] {processor.py:186} INFO - Started process (PID=142) to work on /opt/airflow/dags/spark_example.py
[2025-02-26T19:51:01.668+0000] {processor.py:914} INFO - Processing file /opt/airflow/dags/spark_example.py for tasks to queue
[2025-02-26T19:51:01.670+0000] {logging_mixin.py:190} INFO - [2025-02-26T19:51:01.670+0000] {dagbag.py:588} INFO - Filling up the DagBag from /opt/airflow/dags/spark_example.py
[2025-02-26T19:51:01.675+0000] {processor.py:925} INFO - DAG(s) 'spark_example' retrieved from /opt/airflow/dags/spark_example.py
[2025-02-26T19:51:01.698+0000] {logging_mixin.py:190} INFO - [2025-02-26T19:51:01.698+0000] {dag.py:3239} INFO - Sync 1 DAGs
[2025-02-26T19:51:01.710+0000] {logging_mixin.py:190} INFO - [2025-02-26T19:51:01.710+0000] {dag.py:4180} INFO - Setting next_dagrun for spark_example to None, run_after=None
[2025-02-26T19:51:01.723+0000] {processor.py:208} INFO - Processing /opt/airflow/dags/spark_example.py took 0.061 seconds
[2025-02-26T19:51:31.999+0000] {processor.py:186} INFO - Started process (PID=151) to work on /opt/airflow/dags/spark_example.py
[2025-02-26T19:51:32.000+0000] {processor.py:914} INFO - Processing file /opt/airflow/dags/spark_example.py for tasks to queue
[2025-02-26T19:51:32.001+0000] {logging_mixin.py:190} INFO - [2025-02-26T19:51:32.001+0000] {dagbag.py:588} INFO - Filling up the DagBag from /opt/airflow/dags/spark_example.py
[2025-02-26T19:51:32.007+0000] {processor.py:925} INFO - DAG(s) 'spark_example' retrieved from /opt/airflow/dags/spark_example.py
[2025-02-26T19:51:32.026+0000] {logging_mixin.py:190} INFO - [2025-02-26T19:51:32.026+0000] {dag.py:3239} INFO - Sync 1 DAGs
[2025-02-26T19:51:32.038+0000] {logging_mixin.py:190} INFO - [2025-02-26T19:51:32.038+0000] {dag.py:4180} INFO - Setting next_dagrun for spark_example to None, run_after=None
[2025-02-26T19:51:32.051+0000] {processor.py:208} INFO - Processing /opt/airflow/dags/spark_example.py took 0.057 seconds
[2025-02-26T19:52:02.340+0000] {processor.py:186} INFO - Started process (PID=160) to work on /opt/airflow/dags/spark_example.py
[2025-02-26T19:52:02.344+0000] {processor.py:914} INFO - Processing file /opt/airflow/dags/spark_example.py for tasks to queue
[2025-02-26T19:52:02.346+0000] {logging_mixin.py:190} INFO - [2025-02-26T19:52:02.346+0000] {dagbag.py:588} INFO - Filling up the DagBag from /opt/airflow/dags/spark_example.py
[2025-02-26T19:52:02.352+0000] {processor.py:925} INFO - DAG(s) 'spark_example' retrieved from /opt/airflow/dags/spark_example.py
[2025-02-26T19:52:02.373+0000] {logging_mixin.py:190} INFO - [2025-02-26T19:52:02.372+0000] {dag.py:3239} INFO - Sync 1 DAGs
[2025-02-26T19:52:02.384+0000] {logging_mixin.py:190} INFO - [2025-02-26T19:52:02.384+0000] {dag.py:4180} INFO - Setting next_dagrun for spark_example to None, run_after=None
[2025-02-26T19:52:02.397+0000] {processor.py:208} INFO - Processing /opt/airflow/dags/spark_example.py took 0.061 seconds
[2025-02-26T19:52:32.673+0000] {processor.py:186} INFO - Started process (PID=169) to work on /opt/airflow/dags/spark_example.py
[2025-02-26T19:52:32.674+0000] {processor.py:914} INFO - Processing file /opt/airflow/dags/spark_example.py for tasks to queue
[2025-02-26T19:52:32.676+0000] {logging_mixin.py:190} INFO - [2025-02-26T19:52:32.676+0000] {dagbag.py:588} INFO - Filling up the DagBag from /opt/airflow/dags/spark_example.py
[2025-02-26T19:52:32.681+0000] {processor.py:925} INFO - DAG(s) 'spark_example' retrieved from /opt/airflow/dags/spark_example.py
[2025-02-26T19:52:32.701+0000] {logging_mixin.py:190} INFO - [2025-02-26T19:52:32.700+0000] {dag.py:3239} INFO - Sync 1 DAGs
[2025-02-26T19:52:32.712+0000] {logging_mixin.py:190} INFO - [2025-02-26T19:52:32.712+0000] {dag.py:4180} INFO - Setting next_dagrun for spark_example to None, run_after=None
[2025-02-26T19:52:32.725+0000] {processor.py:208} INFO - Processing /opt/airflow/dags/spark_example.py took 0.057 seconds
[2025-02-26T19:53:03.006+0000] {processor.py:186} INFO - Started process (PID=178) to work on /opt/airflow/dags/spark_example.py
[2025-02-26T19:53:03.007+0000] {processor.py:914} INFO - Processing file /opt/airflow/dags/spark_example.py for tasks to queue
[2025-02-26T19:53:03.009+0000] {logging_mixin.py:190} INFO - [2025-02-26T19:53:03.009+0000] {dagbag.py:588} INFO - Filling up the DagBag from /opt/airflow/dags/spark_example.py
[2025-02-26T19:53:03.014+0000] {processor.py:925} INFO - DAG(s) 'spark_example' retrieved from /opt/airflow/dags/spark_example.py
[2025-02-26T19:53:03.039+0000] {logging_mixin.py:190} INFO - [2025-02-26T19:53:03.039+0000] {dag.py:3239} INFO - Sync 1 DAGs
[2025-02-26T19:53:03.053+0000] {logging_mixin.py:190} INFO - [2025-02-26T19:53:03.052+0000] {dag.py:4180} INFO - Setting next_dagrun for spark_example to None, run_after=None
[2025-02-26T19:53:03.066+0000] {processor.py:208} INFO - Processing /opt/airflow/dags/spark_example.py took 0.065 seconds
[2025-02-26T19:53:33.338+0000] {processor.py:186} INFO - Started process (PID=187) to work on /opt/airflow/dags/spark_example.py
[2025-02-26T19:53:33.339+0000] {processor.py:914} INFO - Processing file /opt/airflow/dags/spark_example.py for tasks to queue
[2025-02-26T19:53:33.341+0000] {logging_mixin.py:190} INFO - [2025-02-26T19:53:33.340+0000] {dagbag.py:588} INFO - Filling up the DagBag from /opt/airflow/dags/spark_example.py
[2025-02-26T19:53:33.346+0000] {processor.py:925} INFO - DAG(s) 'spark_example' retrieved from /opt/airflow/dags/spark_example.py
[2025-02-26T19:53:33.366+0000] {logging_mixin.py:190} INFO - [2025-02-26T19:53:33.365+0000] {dag.py:3239} INFO - Sync 1 DAGs
[2025-02-26T19:53:33.377+0000] {logging_mixin.py:190} INFO - [2025-02-26T19:53:33.377+0000] {dag.py:4180} INFO - Setting next_dagrun for spark_example to None, run_after=None
[2025-02-26T19:53:33.390+0000] {processor.py:208} INFO - Processing /opt/airflow/dags/spark_example.py took 0.056 seconds
[2025-02-26T19:54:03.680+0000] {processor.py:186} INFO - Started process (PID=196) to work on /opt/airflow/dags/spark_example.py
[2025-02-26T19:54:03.681+0000] {processor.py:914} INFO - Processing file /opt/airflow/dags/spark_example.py for tasks to queue
[2025-02-26T19:54:03.683+0000] {logging_mixin.py:190} INFO - [2025-02-26T19:54:03.682+0000] {dagbag.py:588} INFO - Filling up the DagBag from /opt/airflow/dags/spark_example.py
[2025-02-26T19:54:03.688+0000] {processor.py:925} INFO - DAG(s) 'spark_example' retrieved from /opt/airflow/dags/spark_example.py
[2025-02-26T19:54:03.707+0000] {logging_mixin.py:190} INFO - [2025-02-26T19:54:03.707+0000] {dag.py:3239} INFO - Sync 1 DAGs
[2025-02-26T19:54:03.721+0000] {logging_mixin.py:190} INFO - [2025-02-26T19:54:03.720+0000] {dag.py:4180} INFO - Setting next_dagrun for spark_example to None, run_after=None
[2025-02-26T19:54:03.735+0000] {processor.py:208} INFO - Processing /opt/airflow/dags/spark_example.py took 0.061 seconds
[2025-02-26T19:54:34.002+0000] {processor.py:186} INFO - Started process (PID=205) to work on /opt/airflow/dags/spark_example.py
[2025-02-26T19:54:34.003+0000] {processor.py:914} INFO - Processing file /opt/airflow/dags/spark_example.py for tasks to queue
[2025-02-26T19:54:34.004+0000] {logging_mixin.py:190} INFO - [2025-02-26T19:54:34.004+0000] {dagbag.py:588} INFO - Filling up the DagBag from /opt/airflow/dags/spark_example.py
[2025-02-26T19:54:34.010+0000] {processor.py:925} INFO - DAG(s) 'spark_example' retrieved from /opt/airflow/dags/spark_example.py
[2025-02-26T19:54:34.029+0000] {logging_mixin.py:190} INFO - [2025-02-26T19:54:34.029+0000] {dag.py:3239} INFO - Sync 1 DAGs
[2025-02-26T19:54:34.041+0000] {logging_mixin.py:190} INFO - [2025-02-26T19:54:34.041+0000] {dag.py:4180} INFO - Setting next_dagrun for spark_example to None, run_after=None
[2025-02-26T19:54:34.054+0000] {processor.py:208} INFO - Processing /opt/airflow/dags/spark_example.py took 0.057 seconds
[2025-02-26T19:55:04.344+0000] {processor.py:186} INFO - Started process (PID=214) to work on /opt/airflow/dags/spark_example.py
[2025-02-26T19:55:04.345+0000] {processor.py:914} INFO - Processing file /opt/airflow/dags/spark_example.py for tasks to queue
[2025-02-26T19:55:04.347+0000] {logging_mixin.py:190} INFO - [2025-02-26T19:55:04.347+0000] {dagbag.py:588} INFO - Filling up the DagBag from /opt/airflow/dags/spark_example.py
[2025-02-26T19:55:04.353+0000] {processor.py:925} INFO - DAG(s) 'spark_example' retrieved from /opt/airflow/dags/spark_example.py
[2025-02-26T19:55:04.372+0000] {logging_mixin.py:190} INFO - [2025-02-26T19:55:04.372+0000] {dag.py:3239} INFO - Sync 1 DAGs
[2025-02-26T19:55:04.383+0000] {logging_mixin.py:190} INFO - [2025-02-26T19:55:04.383+0000] {dag.py:4180} INFO - Setting next_dagrun for spark_example to None, run_after=None
[2025-02-26T19:55:04.397+0000] {processor.py:208} INFO - Processing /opt/airflow/dags/spark_example.py took 0.058 seconds
[2025-02-26T19:55:34.684+0000] {processor.py:186} INFO - Started process (PID=223) to work on /opt/airflow/dags/spark_example.py
[2025-02-26T19:55:34.685+0000] {processor.py:914} INFO - Processing file /opt/airflow/dags/spark_example.py for tasks to queue
[2025-02-26T19:55:34.687+0000] {logging_mixin.py:190} INFO - [2025-02-26T19:55:34.687+0000] {dagbag.py:588} INFO - Filling up the DagBag from /opt/airflow/dags/spark_example.py
[2025-02-26T19:55:34.692+0000] {processor.py:925} INFO - DAG(s) 'spark_example' retrieved from /opt/airflow/dags/spark_example.py
[2025-02-26T19:55:34.711+0000] {logging_mixin.py:190} INFO - [2025-02-26T19:55:34.711+0000] {dag.py:3239} INFO - Sync 1 DAGs
[2025-02-26T19:55:34.723+0000] {logging_mixin.py:190} INFO - [2025-02-26T19:55:34.723+0000] {dag.py:4180} INFO - Setting next_dagrun for spark_example to None, run_after=None
[2025-02-26T19:55:34.736+0000] {processor.py:208} INFO - Processing /opt/airflow/dags/spark_example.py took 0.056 seconds
[2025-02-26T19:56:05.026+0000] {processor.py:186} INFO - Started process (PID=232) to work on /opt/airflow/dags/spark_example.py
[2025-02-26T19:56:05.028+0000] {processor.py:914} INFO - Processing file /opt/airflow/dags/spark_example.py for tasks to queue
[2025-02-26T19:56:05.029+0000] {logging_mixin.py:190} INFO - [2025-02-26T19:56:05.029+0000] {dagbag.py:588} INFO - Filling up the DagBag from /opt/airflow/dags/spark_example.py
[2025-02-26T19:56:05.035+0000] {processor.py:925} INFO - DAG(s) 'spark_example' retrieved from /opt/airflow/dags/spark_example.py
[2025-02-26T19:56:05.059+0000] {logging_mixin.py:190} INFO - [2025-02-26T19:56:05.059+0000] {dag.py:3239} INFO - Sync 1 DAGs
[2025-02-26T19:56:05.072+0000] {logging_mixin.py:190} INFO - [2025-02-26T19:56:05.072+0000] {dag.py:4180} INFO - Setting next_dagrun for spark_example to None, run_after=None
[2025-02-26T19:56:05.085+0000] {processor.py:208} INFO - Processing /opt/airflow/dags/spark_example.py took 0.063 seconds
[2025-02-26T19:56:35.366+0000] {processor.py:186} INFO - Started process (PID=241) to work on /opt/airflow/dags/spark_example.py
[2025-02-26T19:56:35.366+0000] {processor.py:914} INFO - Processing file /opt/airflow/dags/spark_example.py for tasks to queue
[2025-02-26T19:56:35.368+0000] {logging_mixin.py:190} INFO - [2025-02-26T19:56:35.368+0000] {dagbag.py:588} INFO - Filling up the DagBag from /opt/airflow/dags/spark_example.py
[2025-02-26T19:56:35.373+0000] {processor.py:925} INFO - DAG(s) 'spark_example' retrieved from /opt/airflow/dags/spark_example.py
[2025-02-26T19:56:35.393+0000] {logging_mixin.py:190} INFO - [2025-02-26T19:56:35.393+0000] {dag.py:3239} INFO - Sync 1 DAGs
[2025-02-26T19:56:35.405+0000] {logging_mixin.py:190} INFO - [2025-02-26T19:56:35.404+0000] {dag.py:4180} INFO - Setting next_dagrun for spark_example to None, run_after=None
[2025-02-26T19:56:35.418+0000] {processor.py:208} INFO - Processing /opt/airflow/dags/spark_example.py took 0.057 seconds
[2025-02-26T19:57:05.705+0000] {processor.py:186} INFO - Started process (PID=250) to work on /opt/airflow/dags/spark_example.py
[2025-02-26T19:57:05.711+0000] {processor.py:914} INFO - Processing file /opt/airflow/dags/spark_example.py for tasks to queue
[2025-02-26T19:57:05.713+0000] {logging_mixin.py:190} INFO - [2025-02-26T19:57:05.713+0000] {dagbag.py:588} INFO - Filling up the DagBag from /opt/airflow/dags/spark_example.py
[2025-02-26T19:57:05.718+0000] {processor.py:925} INFO - DAG(s) 'spark_example' retrieved from /opt/airflow/dags/spark_example.py
[2025-02-26T19:57:05.738+0000] {logging_mixin.py:190} INFO - [2025-02-26T19:57:05.738+0000] {dag.py:3239} INFO - Sync 1 DAGs
[2025-02-26T19:57:05.749+0000] {logging_mixin.py:190} INFO - [2025-02-26T19:57:05.749+0000] {dag.py:4180} INFO - Setting next_dagrun for spark_example to None, run_after=None
[2025-02-26T19:57:05.762+0000] {processor.py:208} INFO - Processing /opt/airflow/dags/spark_example.py took 0.063 seconds
[2025-02-26T19:57:36.036+0000] {processor.py:186} INFO - Started process (PID=259) to work on /opt/airflow/dags/spark_example.py
[2025-02-26T19:57:36.036+0000] {processor.py:914} INFO - Processing file /opt/airflow/dags/spark_example.py for tasks to queue
[2025-02-26T19:57:36.038+0000] {logging_mixin.py:190} INFO - [2025-02-26T19:57:36.038+0000] {dagbag.py:588} INFO - Filling up the DagBag from /opt/airflow/dags/spark_example.py
[2025-02-26T19:57:36.044+0000] {processor.py:925} INFO - DAG(s) 'spark_example' retrieved from /opt/airflow/dags/spark_example.py
[2025-02-26T19:57:36.063+0000] {logging_mixin.py:190} INFO - [2025-02-26T19:57:36.063+0000] {dag.py:3239} INFO - Sync 1 DAGs
[2025-02-26T19:57:36.074+0000] {logging_mixin.py:190} INFO - [2025-02-26T19:57:36.074+0000] {dag.py:4180} INFO - Setting next_dagrun for spark_example to None, run_after=None
[2025-02-26T19:57:36.087+0000] {processor.py:208} INFO - Processing /opt/airflow/dags/spark_example.py took 0.056 seconds
