[2025-02-17T19:42:32.540+0000] {processor.py:186} INFO - Started process (PID=35) to work on /opt/airflow/dags/spark_example.py
[2025-02-17T19:42:32.540+0000] {processor.py:914} INFO - Processing file /opt/airflow/dags/spark_example.py for tasks to queue
[2025-02-17T19:42:32.542+0000] {logging_mixin.py:190} INFO - [2025-02-17T19:42:32.541+0000] {dagbag.py:588} INFO - Filling up the DagBag from /opt/airflow/dags/spark_example.py
[2025-02-17T19:42:32.551+0000] {processor.py:925} INFO - DAG(s) 'spark_example' retrieved from /opt/airflow/dags/spark_example.py
[2025-02-17T19:42:32.584+0000] {logging_mixin.py:190} INFO - [2025-02-17T19:42:32.584+0000] {dag.py:3239} INFO - Sync 1 DAGs
[2025-02-17T19:42:32.607+0000] {logging_mixin.py:190} INFO - [2025-02-17T19:42:32.607+0000] {dag.py:4180} INFO - Setting next_dagrun for spark_example to None, run_after=None
[2025-02-17T19:42:32.627+0000] {processor.py:208} INFO - Processing /opt/airflow/dags/spark_example.py took 0.092 seconds
[2025-02-17T19:43:03.128+0000] {processor.py:186} INFO - Started process (PID=44) to work on /opt/airflow/dags/spark_example.py
[2025-02-17T19:43:03.137+0000] {processor.py:914} INFO - Processing file /opt/airflow/dags/spark_example.py for tasks to queue
[2025-02-17T19:43:03.139+0000] {logging_mixin.py:190} INFO - [2025-02-17T19:43:03.138+0000] {dagbag.py:588} INFO - Filling up the DagBag from /opt/airflow/dags/spark_example.py
[2025-02-17T19:43:03.144+0000] {processor.py:925} INFO - DAG(s) 'spark_example' retrieved from /opt/airflow/dags/spark_example.py
[2025-02-17T19:43:03.169+0000] {logging_mixin.py:190} INFO - [2025-02-17T19:43:03.169+0000] {dag.py:3239} INFO - Sync 1 DAGs
[2025-02-17T19:43:03.185+0000] {logging_mixin.py:190} INFO - [2025-02-17T19:43:03.184+0000] {dag.py:4180} INFO - Setting next_dagrun for spark_example to None, run_after=None
[2025-02-17T19:43:03.198+0000] {processor.py:208} INFO - Processing /opt/airflow/dags/spark_example.py took 0.075 seconds
[2025-02-17T19:43:33.674+0000] {processor.py:186} INFO - Started process (PID=53) to work on /opt/airflow/dags/spark_example.py
[2025-02-17T19:43:33.674+0000] {processor.py:914} INFO - Processing file /opt/airflow/dags/spark_example.py for tasks to queue
[2025-02-17T19:43:33.676+0000] {logging_mixin.py:190} INFO - [2025-02-17T19:43:33.675+0000] {dagbag.py:588} INFO - Filling up the DagBag from /opt/airflow/dags/spark_example.py
[2025-02-17T19:43:33.681+0000] {processor.py:925} INFO - DAG(s) 'spark_example' retrieved from /opt/airflow/dags/spark_example.py
[2025-02-17T19:43:33.700+0000] {logging_mixin.py:190} INFO - [2025-02-17T19:43:33.700+0000] {dag.py:3239} INFO - Sync 1 DAGs
[2025-02-17T19:43:33.712+0000] {logging_mixin.py:190} INFO - [2025-02-17T19:43:33.712+0000] {dag.py:4180} INFO - Setting next_dagrun for spark_example to None, run_after=None
[2025-02-17T19:43:33.725+0000] {processor.py:208} INFO - Processing /opt/airflow/dags/spark_example.py took 0.056 seconds
[2025-02-17T19:44:04.195+0000] {processor.py:186} INFO - Started process (PID=62) to work on /opt/airflow/dags/spark_example.py
[2025-02-17T19:44:04.205+0000] {processor.py:914} INFO - Processing file /opt/airflow/dags/spark_example.py for tasks to queue
[2025-02-17T19:44:04.206+0000] {logging_mixin.py:190} INFO - [2025-02-17T19:44:04.206+0000] {dagbag.py:588} INFO - Filling up the DagBag from /opt/airflow/dags/spark_example.py
[2025-02-17T19:44:04.211+0000] {processor.py:925} INFO - DAG(s) 'spark_example' retrieved from /opt/airflow/dags/spark_example.py
[2025-02-17T19:44:04.235+0000] {logging_mixin.py:190} INFO - [2025-02-17T19:44:04.235+0000] {dag.py:3239} INFO - Sync 1 DAGs
[2025-02-17T19:44:04.247+0000] {logging_mixin.py:190} INFO - [2025-02-17T19:44:04.247+0000] {dag.py:4180} INFO - Setting next_dagrun for spark_example to None, run_after=None
[2025-02-17T19:44:04.384+0000] {processor.py:208} INFO - Processing /opt/airflow/dags/spark_example.py took 0.193 seconds
[2025-02-17T19:44:34.706+0000] {processor.py:186} INFO - Started process (PID=71) to work on /opt/airflow/dags/spark_example.py
[2025-02-17T19:44:34.707+0000] {processor.py:914} INFO - Processing file /opt/airflow/dags/spark_example.py for tasks to queue
[2025-02-17T19:44:34.708+0000] {logging_mixin.py:190} INFO - [2025-02-17T19:44:34.708+0000] {dagbag.py:588} INFO - Filling up the DagBag from /opt/airflow/dags/spark_example.py
[2025-02-17T19:44:34.714+0000] {processor.py:925} INFO - DAG(s) 'spark_example' retrieved from /opt/airflow/dags/spark_example.py
[2025-02-17T19:44:34.733+0000] {logging_mixin.py:190} INFO - [2025-02-17T19:44:34.733+0000] {dag.py:3239} INFO - Sync 1 DAGs
[2025-02-17T19:44:34.863+0000] {logging_mixin.py:190} INFO - [2025-02-17T19:44:34.863+0000] {dag.py:4180} INFO - Setting next_dagrun for spark_example to None, run_after=None
[2025-02-17T19:44:34.876+0000] {processor.py:208} INFO - Processing /opt/airflow/dags/spark_example.py took 0.174 seconds
[2025-02-17T19:45:05.222+0000] {processor.py:186} INFO - Started process (PID=80) to work on /opt/airflow/dags/spark_example.py
[2025-02-17T19:45:05.223+0000] {processor.py:914} INFO - Processing file /opt/airflow/dags/spark_example.py for tasks to queue
[2025-02-17T19:45:05.225+0000] {logging_mixin.py:190} INFO - [2025-02-17T19:45:05.225+0000] {dagbag.py:588} INFO - Filling up the DagBag from /opt/airflow/dags/spark_example.py
[2025-02-17T19:45:05.358+0000] {processor.py:925} INFO - DAG(s) 'spark_example' retrieved from /opt/airflow/dags/spark_example.py
[2025-02-17T19:45:05.375+0000] {logging_mixin.py:190} INFO - [2025-02-17T19:45:05.374+0000] {dag.py:3239} INFO - Sync 1 DAGs
[2025-02-17T19:45:05.385+0000] {logging_mixin.py:190} INFO - [2025-02-17T19:45:05.385+0000] {dag.py:4180} INFO - Setting next_dagrun for spark_example to None, run_after=None
[2025-02-17T19:45:05.397+0000] {processor.py:208} INFO - Processing /opt/airflow/dags/spark_example.py took 0.180 seconds
[2025-02-17T19:45:35.861+0000] {processor.py:186} INFO - Started process (PID=89) to work on /opt/airflow/dags/spark_example.py
[2025-02-17T19:45:35.862+0000] {processor.py:914} INFO - Processing file /opt/airflow/dags/spark_example.py for tasks to queue
[2025-02-17T19:45:35.864+0000] {logging_mixin.py:190} INFO - [2025-02-17T19:45:35.863+0000] {dagbag.py:588} INFO - Filling up the DagBag from /opt/airflow/dags/spark_example.py
[2025-02-17T19:45:35.869+0000] {processor.py:925} INFO - DAG(s) 'spark_example' retrieved from /opt/airflow/dags/spark_example.py
[2025-02-17T19:45:35.889+0000] {logging_mixin.py:190} INFO - [2025-02-17T19:45:35.888+0000] {dag.py:3239} INFO - Sync 1 DAGs
[2025-02-17T19:45:35.900+0000] {logging_mixin.py:190} INFO - [2025-02-17T19:45:35.900+0000] {dag.py:4180} INFO - Setting next_dagrun for spark_example to None, run_after=None
[2025-02-17T19:45:35.914+0000] {processor.py:208} INFO - Processing /opt/airflow/dags/spark_example.py took 0.057 seconds
[2025-02-17T19:46:06.054+0000] {processor.py:186} INFO - Started process (PID=97) to work on /opt/airflow/dags/spark_example.py
[2025-02-17T19:46:06.055+0000] {processor.py:914} INFO - Processing file /opt/airflow/dags/spark_example.py for tasks to queue
[2025-02-17T19:46:06.057+0000] {logging_mixin.py:190} INFO - [2025-02-17T19:46:06.056+0000] {dagbag.py:588} INFO - Filling up the DagBag from /opt/airflow/dags/spark_example.py
[2025-02-17T19:46:06.063+0000] {processor.py:925} INFO - DAG(s) 'spark_example' retrieved from /opt/airflow/dags/spark_example.py
[2025-02-17T19:46:06.083+0000] {logging_mixin.py:190} INFO - [2025-02-17T19:46:06.083+0000] {dag.py:3239} INFO - Sync 1 DAGs
[2025-02-17T19:46:06.095+0000] {logging_mixin.py:190} INFO - [2025-02-17T19:46:06.094+0000] {dag.py:4180} INFO - Setting next_dagrun for spark_example to None, run_after=None
[2025-02-17T19:46:06.109+0000] {processor.py:208} INFO - Processing /opt/airflow/dags/spark_example.py took 0.060 seconds
[2025-02-17T19:46:36.408+0000] {processor.py:186} INFO - Started process (PID=106) to work on /opt/airflow/dags/spark_example.py
[2025-02-17T19:46:36.410+0000] {processor.py:914} INFO - Processing file /opt/airflow/dags/spark_example.py for tasks to queue
[2025-02-17T19:46:36.411+0000] {logging_mixin.py:190} INFO - [2025-02-17T19:46:36.411+0000] {dagbag.py:588} INFO - Filling up the DagBag from /opt/airflow/dags/spark_example.py
[2025-02-17T19:46:36.417+0000] {processor.py:925} INFO - DAG(s) 'spark_example' retrieved from /opt/airflow/dags/spark_example.py
[2025-02-17T19:46:36.436+0000] {logging_mixin.py:190} INFO - [2025-02-17T19:46:36.436+0000] {dag.py:3239} INFO - Sync 1 DAGs
[2025-02-17T19:46:36.448+0000] {logging_mixin.py:190} INFO - [2025-02-17T19:46:36.448+0000] {dag.py:4180} INFO - Setting next_dagrun for spark_example to None, run_after=None
[2025-02-17T19:46:36.461+0000] {processor.py:208} INFO - Processing /opt/airflow/dags/spark_example.py took 0.057 seconds
[2025-02-17T19:47:06.764+0000] {processor.py:186} INFO - Started process (PID=115) to work on /opt/airflow/dags/spark_example.py
[2025-02-17T19:47:06.765+0000] {processor.py:914} INFO - Processing file /opt/airflow/dags/spark_example.py for tasks to queue
[2025-02-17T19:47:06.767+0000] {logging_mixin.py:190} INFO - [2025-02-17T19:47:06.766+0000] {dagbag.py:588} INFO - Filling up the DagBag from /opt/airflow/dags/spark_example.py
[2025-02-17T19:47:06.772+0000] {processor.py:925} INFO - DAG(s) 'spark_example' retrieved from /opt/airflow/dags/spark_example.py
[2025-02-17T19:47:06.791+0000] {logging_mixin.py:190} INFO - [2025-02-17T19:47:06.791+0000] {dag.py:3239} INFO - Sync 1 DAGs
[2025-02-17T19:47:06.803+0000] {logging_mixin.py:190} INFO - [2025-02-17T19:47:06.803+0000] {dag.py:4180} INFO - Setting next_dagrun for spark_example to None, run_after=None
[2025-02-17T19:47:06.816+0000] {processor.py:208} INFO - Processing /opt/airflow/dags/spark_example.py took 0.056 seconds
