[2025-02-05T19:38:45.543+0000] {processor.py:186} INFO - Started process (PID=31) to work on /opt/airflow/dags/spark_example.py
[2025-02-05T19:38:45.544+0000] {processor.py:914} INFO - Processing file /opt/airflow/dags/spark_example.py for tasks to queue
[2025-02-05T19:38:45.546+0000] {logging_mixin.py:190} INFO - [2025-02-05T19:38:45.546+0000] {dagbag.py:588} INFO - Filling up the DagBag from /opt/airflow/dags/spark_example.py
[2025-02-05T19:38:45.562+0000] {processor.py:925} INFO - DAG(s) 'spark_example' retrieved from /opt/airflow/dags/spark_example.py
[2025-02-05T19:38:45.606+0000] {logging_mixin.py:190} INFO - [2025-02-05T19:38:45.605+0000] {dag.py:3239} INFO - Sync 1 DAGs
[2025-02-05T19:38:45.639+0000] {logging_mixin.py:190} INFO - [2025-02-05T19:38:45.638+0000] {dag.py:4180} INFO - Setting next_dagrun for spark_example to None, run_after=None
[2025-02-05T19:38:45.659+0000] {processor.py:208} INFO - Processing /opt/airflow/dags/spark_example.py took 0.122 seconds
[2025-02-05T19:39:16.202+0000] {processor.py:186} INFO - Started process (PID=39) to work on /opt/airflow/dags/spark_example.py
[2025-02-05T19:39:16.203+0000] {processor.py:914} INFO - Processing file /opt/airflow/dags/spark_example.py for tasks to queue
[2025-02-05T19:39:16.205+0000] {logging_mixin.py:190} INFO - [2025-02-05T19:39:16.204+0000] {dagbag.py:588} INFO - Filling up the DagBag from /opt/airflow/dags/spark_example.py
[2025-02-05T19:39:16.210+0000] {processor.py:925} INFO - DAG(s) 'spark_example' retrieved from /opt/airflow/dags/spark_example.py
[2025-02-05T19:39:16.236+0000] {logging_mixin.py:190} INFO - [2025-02-05T19:39:16.236+0000] {dag.py:3239} INFO - Sync 1 DAGs
[2025-02-05T19:39:16.249+0000] {logging_mixin.py:190} INFO - [2025-02-05T19:39:16.249+0000] {dag.py:4180} INFO - Setting next_dagrun for spark_example to None, run_after=None
[2025-02-05T19:39:16.263+0000] {processor.py:208} INFO - Processing /opt/airflow/dags/spark_example.py took 0.065 seconds
[2025-02-05T19:39:46.559+0000] {processor.py:186} INFO - Started process (PID=49) to work on /opt/airflow/dags/spark_example.py
[2025-02-05T19:39:46.564+0000] {processor.py:914} INFO - Processing file /opt/airflow/dags/spark_example.py for tasks to queue
[2025-02-05T19:39:46.566+0000] {logging_mixin.py:190} INFO - [2025-02-05T19:39:46.565+0000] {dagbag.py:588} INFO - Filling up the DagBag from /opt/airflow/dags/spark_example.py
[2025-02-05T19:39:46.571+0000] {processor.py:925} INFO - DAG(s) 'spark_example' retrieved from /opt/airflow/dags/spark_example.py
[2025-02-05T19:39:46.595+0000] {logging_mixin.py:190} INFO - [2025-02-05T19:39:46.595+0000] {dag.py:3239} INFO - Sync 1 DAGs
[2025-02-05T19:39:46.611+0000] {logging_mixin.py:190} INFO - [2025-02-05T19:39:46.610+0000] {dag.py:4180} INFO - Setting next_dagrun for spark_example to None, run_after=None
[2025-02-05T19:39:46.628+0000] {processor.py:208} INFO - Processing /opt/airflow/dags/spark_example.py took 0.074 seconds
[2025-02-05T19:40:17.039+0000] {processor.py:186} INFO - Started process (PID=58) to work on /opt/airflow/dags/spark_example.py
[2025-02-05T19:40:17.039+0000] {processor.py:914} INFO - Processing file /opt/airflow/dags/spark_example.py for tasks to queue
[2025-02-05T19:40:17.041+0000] {logging_mixin.py:190} INFO - [2025-02-05T19:40:17.041+0000] {dagbag.py:588} INFO - Filling up the DagBag from /opt/airflow/dags/spark_example.py
[2025-02-05T19:40:17.046+0000] {processor.py:925} INFO - DAG(s) 'spark_example' retrieved from /opt/airflow/dags/spark_example.py
[2025-02-05T19:40:17.070+0000] {logging_mixin.py:190} INFO - [2025-02-05T19:40:17.069+0000] {dag.py:3239} INFO - Sync 1 DAGs
[2025-02-05T19:40:17.082+0000] {logging_mixin.py:190} INFO - [2025-02-05T19:40:17.081+0000] {dag.py:4180} INFO - Setting next_dagrun for spark_example to None, run_after=None
[2025-02-05T19:40:17.096+0000] {processor.py:208} INFO - Processing /opt/airflow/dags/spark_example.py took 0.062 seconds
[2025-02-05T19:40:47.494+0000] {processor.py:186} INFO - Started process (PID=67) to work on /opt/airflow/dags/spark_example.py
[2025-02-05T19:40:47.495+0000] {processor.py:914} INFO - Processing file /opt/airflow/dags/spark_example.py for tasks to queue
[2025-02-05T19:40:47.497+0000] {logging_mixin.py:190} INFO - [2025-02-05T19:40:47.497+0000] {dagbag.py:588} INFO - Filling up the DagBag from /opt/airflow/dags/spark_example.py
[2025-02-05T19:40:47.503+0000] {processor.py:925} INFO - DAG(s) 'spark_example' retrieved from /opt/airflow/dags/spark_example.py
[2025-02-05T19:40:47.527+0000] {logging_mixin.py:190} INFO - [2025-02-05T19:40:47.526+0000] {dag.py:3239} INFO - Sync 1 DAGs
[2025-02-05T19:40:47.539+0000] {logging_mixin.py:190} INFO - [2025-02-05T19:40:47.539+0000] {dag.py:4180} INFO - Setting next_dagrun for spark_example to None, run_after=None
[2025-02-05T19:40:47.673+0000] {processor.py:208} INFO - Processing /opt/airflow/dags/spark_example.py took 0.183 seconds
[2025-02-05T19:41:17.957+0000] {processor.py:186} INFO - Started process (PID=76) to work on /opt/airflow/dags/spark_example.py
[2025-02-05T19:41:17.958+0000] {processor.py:914} INFO - Processing file /opt/airflow/dags/spark_example.py for tasks to queue
[2025-02-05T19:41:17.959+0000] {logging_mixin.py:190} INFO - [2025-02-05T19:41:17.959+0000] {dagbag.py:588} INFO - Filling up the DagBag from /opt/airflow/dags/spark_example.py
[2025-02-05T19:41:17.965+0000] {processor.py:925} INFO - DAG(s) 'spark_example' retrieved from /opt/airflow/dags/spark_example.py
[2025-02-05T19:41:17.985+0000] {logging_mixin.py:190} INFO - [2025-02-05T19:41:17.985+0000] {dag.py:3239} INFO - Sync 1 DAGs
[2025-02-05T19:41:18.113+0000] {logging_mixin.py:190} INFO - [2025-02-05T19:41:18.113+0000] {dag.py:4180} INFO - Setting next_dagrun for spark_example to None, run_after=None
[2025-02-05T19:41:18.128+0000] {processor.py:208} INFO - Processing /opt/airflow/dags/spark_example.py took 0.175 seconds
[2025-02-05T19:41:48.416+0000] {processor.py:186} INFO - Started process (PID=86) to work on /opt/airflow/dags/spark_example.py
[2025-02-05T19:41:48.419+0000] {processor.py:914} INFO - Processing file /opt/airflow/dags/spark_example.py for tasks to queue
[2025-02-05T19:41:48.420+0000] {logging_mixin.py:190} INFO - [2025-02-05T19:41:48.420+0000] {dagbag.py:588} INFO - Filling up the DagBag from /opt/airflow/dags/spark_example.py
[2025-02-05T19:41:48.426+0000] {processor.py:925} INFO - DAG(s) 'spark_example' retrieved from /opt/airflow/dags/spark_example.py
[2025-02-05T19:41:48.592+0000] {logging_mixin.py:190} INFO - [2025-02-05T19:41:48.592+0000] {dag.py:3239} INFO - Sync 1 DAGs
[2025-02-05T19:41:48.603+0000] {logging_mixin.py:190} INFO - [2025-02-05T19:41:48.603+0000] {dag.py:4180} INFO - Setting next_dagrun for spark_example to None, run_after=None
[2025-02-05T19:41:48.616+0000] {processor.py:208} INFO - Processing /opt/airflow/dags/spark_example.py took 0.205 seconds
[2025-02-05T19:42:18.904+0000] {processor.py:186} INFO - Started process (PID=95) to work on /opt/airflow/dags/spark_example.py
[2025-02-05T19:42:18.905+0000] {processor.py:914} INFO - Processing file /opt/airflow/dags/spark_example.py for tasks to queue
[2025-02-05T19:42:18.906+0000] {logging_mixin.py:190} INFO - [2025-02-05T19:42:18.906+0000] {dagbag.py:588} INFO - Filling up the DagBag from /opt/airflow/dags/spark_example.py
[2025-02-05T19:42:18.912+0000] {processor.py:925} INFO - DAG(s) 'spark_example' retrieved from /opt/airflow/dags/spark_example.py
[2025-02-05T19:42:18.935+0000] {logging_mixin.py:190} INFO - [2025-02-05T19:42:18.934+0000] {dag.py:3239} INFO - Sync 1 DAGs
[2025-02-05T19:42:18.946+0000] {logging_mixin.py:190} INFO - [2025-02-05T19:42:18.946+0000] {dag.py:4180} INFO - Setting next_dagrun for spark_example to None, run_after=None
[2025-02-05T19:42:18.961+0000] {processor.py:208} INFO - Processing /opt/airflow/dags/spark_example.py took 0.062 seconds
[2025-02-05T19:42:49.252+0000] {processor.py:186} INFO - Started process (PID=104) to work on /opt/airflow/dags/spark_example.py
[2025-02-05T19:42:49.253+0000] {processor.py:914} INFO - Processing file /opt/airflow/dags/spark_example.py for tasks to queue
[2025-02-05T19:42:49.255+0000] {logging_mixin.py:190} INFO - [2025-02-05T19:42:49.255+0000] {dagbag.py:588} INFO - Filling up the DagBag from /opt/airflow/dags/spark_example.py
[2025-02-05T19:42:49.260+0000] {processor.py:925} INFO - DAG(s) 'spark_example' retrieved from /opt/airflow/dags/spark_example.py
[2025-02-05T19:42:49.285+0000] {logging_mixin.py:190} INFO - [2025-02-05T19:42:49.285+0000] {dag.py:3239} INFO - Sync 1 DAGs
[2025-02-05T19:42:49.300+0000] {logging_mixin.py:190} INFO - [2025-02-05T19:42:49.300+0000] {dag.py:4180} INFO - Setting next_dagrun for spark_example to None, run_after=None
[2025-02-05T19:42:49.318+0000] {processor.py:208} INFO - Processing /opt/airflow/dags/spark_example.py took 0.071 seconds
[2025-02-05T19:43:19.613+0000] {processor.py:186} INFO - Started process (PID=114) to work on /opt/airflow/dags/spark_example.py
[2025-02-05T19:43:19.613+0000] {processor.py:914} INFO - Processing file /opt/airflow/dags/spark_example.py for tasks to queue
[2025-02-05T19:43:19.615+0000] {logging_mixin.py:190} INFO - [2025-02-05T19:43:19.615+0000] {dagbag.py:588} INFO - Filling up the DagBag from /opt/airflow/dags/spark_example.py
[2025-02-05T19:43:19.620+0000] {processor.py:925} INFO - DAG(s) 'spark_example' retrieved from /opt/airflow/dags/spark_example.py
[2025-02-05T19:43:19.645+0000] {logging_mixin.py:190} INFO - [2025-02-05T19:43:19.644+0000] {dag.py:3239} INFO - Sync 1 DAGs
[2025-02-05T19:43:19.660+0000] {logging_mixin.py:190} INFO - [2025-02-05T19:43:19.660+0000] {dag.py:4180} INFO - Setting next_dagrun for spark_example to None, run_after=None
[2025-02-05T19:43:19.677+0000] {processor.py:208} INFO - Processing /opt/airflow/dags/spark_example.py took 0.069 seconds
[2025-02-05T19:43:49.989+0000] {processor.py:186} INFO - Started process (PID=123) to work on /opt/airflow/dags/spark_example.py
[2025-02-05T19:43:49.990+0000] {processor.py:914} INFO - Processing file /opt/airflow/dags/spark_example.py for tasks to queue
[2025-02-05T19:43:49.992+0000] {logging_mixin.py:190} INFO - [2025-02-05T19:43:49.992+0000] {dagbag.py:588} INFO - Filling up the DagBag from /opt/airflow/dags/spark_example.py
[2025-02-05T19:43:49.997+0000] {processor.py:925} INFO - DAG(s) 'spark_example' retrieved from /opt/airflow/dags/spark_example.py
[2025-02-05T19:43:50.018+0000] {logging_mixin.py:190} INFO - [2025-02-05T19:43:50.018+0000] {dag.py:3239} INFO - Sync 1 DAGs
[2025-02-05T19:43:50.030+0000] {logging_mixin.py:190} INFO - [2025-02-05T19:43:50.029+0000] {dag.py:4180} INFO - Setting next_dagrun for spark_example to None, run_after=None
[2025-02-05T19:43:50.044+0000] {processor.py:208} INFO - Processing /opt/airflow/dags/spark_example.py took 0.061 seconds
[2025-02-05T19:44:20.376+0000] {processor.py:186} INFO - Started process (PID=132) to work on /opt/airflow/dags/spark_example.py
[2025-02-05T19:44:20.377+0000] {processor.py:914} INFO - Processing file /opt/airflow/dags/spark_example.py for tasks to queue
[2025-02-05T19:44:20.379+0000] {logging_mixin.py:190} INFO - [2025-02-05T19:44:20.379+0000] {dagbag.py:588} INFO - Filling up the DagBag from /opt/airflow/dags/spark_example.py
[2025-02-05T19:44:20.386+0000] {processor.py:925} INFO - DAG(s) 'spark_example' retrieved from /opt/airflow/dags/spark_example.py
[2025-02-05T19:44:20.414+0000] {logging_mixin.py:190} INFO - [2025-02-05T19:44:20.414+0000] {dag.py:3239} INFO - Sync 1 DAGs
[2025-02-05T19:44:20.431+0000] {logging_mixin.py:190} INFO - [2025-02-05T19:44:20.430+0000] {dag.py:4180} INFO - Setting next_dagrun for spark_example to None, run_after=None
[2025-02-05T19:44:20.450+0000] {processor.py:208} INFO - Processing /opt/airflow/dags/spark_example.py took 0.082 seconds
[2025-02-05T19:44:50.849+0000] {processor.py:186} INFO - Started process (PID=141) to work on /opt/airflow/dags/spark_example.py
[2025-02-05T19:44:50.850+0000] {processor.py:914} INFO - Processing file /opt/airflow/dags/spark_example.py for tasks to queue
[2025-02-05T19:44:50.852+0000] {logging_mixin.py:190} INFO - [2025-02-05T19:44:50.852+0000] {dagbag.py:588} INFO - Filling up the DagBag from /opt/airflow/dags/spark_example.py
[2025-02-05T19:44:50.860+0000] {processor.py:925} INFO - DAG(s) 'spark_example' retrieved from /opt/airflow/dags/spark_example.py
[2025-02-05T19:44:50.886+0000] {logging_mixin.py:190} INFO - [2025-02-05T19:44:50.885+0000] {dag.py:3239} INFO - Sync 1 DAGs
[2025-02-05T19:44:50.902+0000] {logging_mixin.py:190} INFO - [2025-02-05T19:44:50.902+0000] {dag.py:4180} INFO - Setting next_dagrun for spark_example to None, run_after=None
[2025-02-05T19:44:50.920+0000] {processor.py:208} INFO - Processing /opt/airflow/dags/spark_example.py took 0.077 seconds
[2025-02-05T19:45:21.219+0000] {processor.py:186} INFO - Started process (PID=150) to work on /opt/airflow/dags/spark_example.py
[2025-02-05T19:45:21.220+0000] {processor.py:914} INFO - Processing file /opt/airflow/dags/spark_example.py for tasks to queue
[2025-02-05T19:45:21.221+0000] {logging_mixin.py:190} INFO - [2025-02-05T19:45:21.221+0000] {dagbag.py:588} INFO - Filling up the DagBag from /opt/airflow/dags/spark_example.py
[2025-02-05T19:45:21.227+0000] {processor.py:925} INFO - DAG(s) 'spark_example' retrieved from /opt/airflow/dags/spark_example.py
[2025-02-05T19:45:21.252+0000] {logging_mixin.py:190} INFO - [2025-02-05T19:45:21.251+0000] {dag.py:3239} INFO - Sync 1 DAGs
[2025-02-05T19:45:21.265+0000] {logging_mixin.py:190} INFO - [2025-02-05T19:45:21.265+0000] {dag.py:4180} INFO - Setting next_dagrun for spark_example to None, run_after=None
[2025-02-05T19:45:21.279+0000] {processor.py:208} INFO - Processing /opt/airflow/dags/spark_example.py took 0.065 seconds
[2025-02-05T19:45:51.570+0000] {processor.py:186} INFO - Started process (PID=160) to work on /opt/airflow/dags/spark_example.py
[2025-02-05T19:45:51.571+0000] {processor.py:914} INFO - Processing file /opt/airflow/dags/spark_example.py for tasks to queue
[2025-02-05T19:45:51.572+0000] {logging_mixin.py:190} INFO - [2025-02-05T19:45:51.572+0000] {dagbag.py:588} INFO - Filling up the DagBag from /opt/airflow/dags/spark_example.py
[2025-02-05T19:45:51.578+0000] {processor.py:925} INFO - DAG(s) 'spark_example' retrieved from /opt/airflow/dags/spark_example.py
[2025-02-05T19:45:51.602+0000] {logging_mixin.py:190} INFO - [2025-02-05T19:45:51.602+0000] {dag.py:3239} INFO - Sync 1 DAGs
[2025-02-05T19:45:51.618+0000] {logging_mixin.py:190} INFO - [2025-02-05T19:45:51.618+0000] {dag.py:4180} INFO - Setting next_dagrun for spark_example to None, run_after=None
[2025-02-05T19:45:51.635+0000] {processor.py:208} INFO - Processing /opt/airflow/dags/spark_example.py took 0.070 seconds
[2025-02-05T19:46:21.933+0000] {processor.py:186} INFO - Started process (PID=169) to work on /opt/airflow/dags/spark_example.py
[2025-02-05T19:46:21.934+0000] {processor.py:914} INFO - Processing file /opt/airflow/dags/spark_example.py for tasks to queue
[2025-02-05T19:46:21.936+0000] {logging_mixin.py:190} INFO - [2025-02-05T19:46:21.935+0000] {dagbag.py:588} INFO - Filling up the DagBag from /opt/airflow/dags/spark_example.py
[2025-02-05T19:46:21.941+0000] {processor.py:925} INFO - DAG(s) 'spark_example' retrieved from /opt/airflow/dags/spark_example.py
[2025-02-05T19:46:21.965+0000] {logging_mixin.py:190} INFO - [2025-02-05T19:46:21.965+0000] {dag.py:3239} INFO - Sync 1 DAGs
[2025-02-05T19:46:21.980+0000] {logging_mixin.py:190} INFO - [2025-02-05T19:46:21.980+0000] {dag.py:4180} INFO - Setting next_dagrun for spark_example to None, run_after=None
[2025-02-05T19:46:21.997+0000] {processor.py:208} INFO - Processing /opt/airflow/dags/spark_example.py took 0.069 seconds
[2025-02-05T19:46:52.286+0000] {processor.py:186} INFO - Started process (PID=178) to work on /opt/airflow/dags/spark_example.py
[2025-02-05T19:46:52.287+0000] {processor.py:914} INFO - Processing file /opt/airflow/dags/spark_example.py for tasks to queue
[2025-02-05T19:46:52.288+0000] {logging_mixin.py:190} INFO - [2025-02-05T19:46:52.288+0000] {dagbag.py:588} INFO - Filling up the DagBag from /opt/airflow/dags/spark_example.py
[2025-02-05T19:46:52.294+0000] {processor.py:925} INFO - DAG(s) 'spark_example' retrieved from /opt/airflow/dags/spark_example.py
[2025-02-05T19:46:52.318+0000] {logging_mixin.py:190} INFO - [2025-02-05T19:46:52.318+0000] {dag.py:3239} INFO - Sync 1 DAGs
[2025-02-05T19:46:52.333+0000] {logging_mixin.py:190} INFO - [2025-02-05T19:46:52.333+0000] {dag.py:4180} INFO - Setting next_dagrun for spark_example to None, run_after=None
[2025-02-05T19:46:52.350+0000] {processor.py:208} INFO - Processing /opt/airflow/dags/spark_example.py took 0.069 seconds
[2025-02-05T19:47:22.648+0000] {processor.py:186} INFO - Started process (PID=187) to work on /opt/airflow/dags/spark_example.py
[2025-02-05T19:47:22.649+0000] {processor.py:914} INFO - Processing file /opt/airflow/dags/spark_example.py for tasks to queue
[2025-02-05T19:47:22.651+0000] {logging_mixin.py:190} INFO - [2025-02-05T19:47:22.650+0000] {dagbag.py:588} INFO - Filling up the DagBag from /opt/airflow/dags/spark_example.py
[2025-02-05T19:47:22.656+0000] {processor.py:925} INFO - DAG(s) 'spark_example' retrieved from /opt/airflow/dags/spark_example.py
[2025-02-05T19:47:22.676+0000] {logging_mixin.py:190} INFO - [2025-02-05T19:47:22.676+0000] {dag.py:3239} INFO - Sync 1 DAGs
[2025-02-05T19:47:22.688+0000] {logging_mixin.py:190} INFO - [2025-02-05T19:47:22.687+0000] {dag.py:4180} INFO - Setting next_dagrun for spark_example to None, run_after=None
[2025-02-05T19:47:22.702+0000] {processor.py:208} INFO - Processing /opt/airflow/dags/spark_example.py took 0.059 seconds
[2025-02-05T19:47:52.993+0000] {processor.py:186} INFO - Started process (PID=196) to work on /opt/airflow/dags/spark_example.py
[2025-02-05T19:47:52.994+0000] {processor.py:914} INFO - Processing file /opt/airflow/dags/spark_example.py for tasks to queue
[2025-02-05T19:47:52.996+0000] {logging_mixin.py:190} INFO - [2025-02-05T19:47:52.995+0000] {dagbag.py:588} INFO - Filling up the DagBag from /opt/airflow/dags/spark_example.py
[2025-02-05T19:47:53.001+0000] {processor.py:925} INFO - DAG(s) 'spark_example' retrieved from /opt/airflow/dags/spark_example.py
[2025-02-05T19:47:53.022+0000] {logging_mixin.py:190} INFO - [2025-02-05T19:47:53.021+0000] {dag.py:3239} INFO - Sync 1 DAGs
[2025-02-05T19:47:53.034+0000] {logging_mixin.py:190} INFO - [2025-02-05T19:47:53.034+0000] {dag.py:4180} INFO - Setting next_dagrun for spark_example to None, run_after=None
[2025-02-05T19:47:53.049+0000] {processor.py:208} INFO - Processing /opt/airflow/dags/spark_example.py took 0.061 seconds
[2025-02-05T19:48:23.341+0000] {processor.py:186} INFO - Started process (PID=205) to work on /opt/airflow/dags/spark_example.py
[2025-02-05T19:48:23.342+0000] {processor.py:914} INFO - Processing file /opt/airflow/dags/spark_example.py for tasks to queue
[2025-02-05T19:48:23.343+0000] {logging_mixin.py:190} INFO - [2025-02-05T19:48:23.343+0000] {dagbag.py:588} INFO - Filling up the DagBag from /opt/airflow/dags/spark_example.py
[2025-02-05T19:48:23.349+0000] {processor.py:925} INFO - DAG(s) 'spark_example' retrieved from /opt/airflow/dags/spark_example.py
[2025-02-05T19:48:23.369+0000] {logging_mixin.py:190} INFO - [2025-02-05T19:48:23.369+0000] {dag.py:3239} INFO - Sync 1 DAGs
[2025-02-05T19:48:23.381+0000] {logging_mixin.py:190} INFO - [2025-02-05T19:48:23.381+0000] {dag.py:4180} INFO - Setting next_dagrun for spark_example to None, run_after=None
[2025-02-05T19:48:23.395+0000] {processor.py:208} INFO - Processing /opt/airflow/dags/spark_example.py took 0.059 seconds
[2025-02-05T19:48:53.693+0000] {processor.py:186} INFO - Started process (PID=214) to work on /opt/airflow/dags/spark_example.py
[2025-02-05T19:48:53.694+0000] {processor.py:914} INFO - Processing file /opt/airflow/dags/spark_example.py for tasks to queue
[2025-02-05T19:48:53.696+0000] {logging_mixin.py:190} INFO - [2025-02-05T19:48:53.695+0000] {dagbag.py:588} INFO - Filling up the DagBag from /opt/airflow/dags/spark_example.py
[2025-02-05T19:48:53.701+0000] {processor.py:925} INFO - DAG(s) 'spark_example' retrieved from /opt/airflow/dags/spark_example.py
[2025-02-05T19:48:53.722+0000] {logging_mixin.py:190} INFO - [2025-02-05T19:48:53.722+0000] {dag.py:3239} INFO - Sync 1 DAGs
[2025-02-05T19:48:53.734+0000] {logging_mixin.py:190} INFO - [2025-02-05T19:48:53.734+0000] {dag.py:4180} INFO - Setting next_dagrun for spark_example to None, run_after=None
[2025-02-05T19:48:53.748+0000] {processor.py:208} INFO - Processing /opt/airflow/dags/spark_example.py took 0.060 seconds
[2025-02-05T19:49:24.037+0000] {processor.py:186} INFO - Started process (PID=223) to work on /opt/airflow/dags/spark_example.py
[2025-02-05T19:49:24.038+0000] {processor.py:914} INFO - Processing file /opt/airflow/dags/spark_example.py for tasks to queue
[2025-02-05T19:49:24.040+0000] {logging_mixin.py:190} INFO - [2025-02-05T19:49:24.040+0000] {dagbag.py:588} INFO - Filling up the DagBag from /opt/airflow/dags/spark_example.py
[2025-02-05T19:49:24.047+0000] {processor.py:925} INFO - DAG(s) 'spark_example' retrieved from /opt/airflow/dags/spark_example.py
[2025-02-05T19:49:24.069+0000] {logging_mixin.py:190} INFO - [2025-02-05T19:49:24.068+0000] {dag.py:3239} INFO - Sync 1 DAGs
[2025-02-05T19:49:24.080+0000] {logging_mixin.py:190} INFO - [2025-02-05T19:49:24.080+0000] {dag.py:4180} INFO - Setting next_dagrun for spark_example to None, run_after=None
[2025-02-05T19:49:24.094+0000] {processor.py:208} INFO - Processing /opt/airflow/dags/spark_example.py took 0.063 seconds
[2025-02-05T19:49:54.380+0000] {processor.py:186} INFO - Started process (PID=232) to work on /opt/airflow/dags/spark_example.py
[2025-02-05T19:49:54.382+0000] {processor.py:914} INFO - Processing file /opt/airflow/dags/spark_example.py for tasks to queue
[2025-02-05T19:49:54.383+0000] {logging_mixin.py:190} INFO - [2025-02-05T19:49:54.383+0000] {dagbag.py:588} INFO - Filling up the DagBag from /opt/airflow/dags/spark_example.py
[2025-02-05T19:49:54.389+0000] {processor.py:925} INFO - DAG(s) 'spark_example' retrieved from /opt/airflow/dags/spark_example.py
[2025-02-05T19:49:54.413+0000] {logging_mixin.py:190} INFO - [2025-02-05T19:49:54.412+0000] {dag.py:3239} INFO - Sync 1 DAGs
[2025-02-05T19:49:54.424+0000] {logging_mixin.py:190} INFO - [2025-02-05T19:49:54.424+0000] {dag.py:4180} INFO - Setting next_dagrun for spark_example to None, run_after=None
[2025-02-05T19:49:54.439+0000] {processor.py:208} INFO - Processing /opt/airflow/dags/spark_example.py took 0.064 seconds
[2025-02-05T19:50:24.728+0000] {processor.py:186} INFO - Started process (PID=241) to work on /opt/airflow/dags/spark_example.py
[2025-02-05T19:50:24.729+0000] {processor.py:914} INFO - Processing file /opt/airflow/dags/spark_example.py for tasks to queue
[2025-02-05T19:50:24.731+0000] {logging_mixin.py:190} INFO - [2025-02-05T19:50:24.730+0000] {dagbag.py:588} INFO - Filling up the DagBag from /opt/airflow/dags/spark_example.py
[2025-02-05T19:50:24.736+0000] {processor.py:925} INFO - DAG(s) 'spark_example' retrieved from /opt/airflow/dags/spark_example.py
[2025-02-05T19:50:24.756+0000] {logging_mixin.py:190} INFO - [2025-02-05T19:50:24.756+0000] {dag.py:3239} INFO - Sync 1 DAGs
[2025-02-05T19:50:24.768+0000] {logging_mixin.py:190} INFO - [2025-02-05T19:50:24.768+0000] {dag.py:4180} INFO - Setting next_dagrun for spark_example to None, run_after=None
[2025-02-05T19:50:24.787+0000] {processor.py:208} INFO - Processing /opt/airflow/dags/spark_example.py took 0.063 seconds
[2025-02-05T19:50:55.093+0000] {processor.py:186} INFO - Started process (PID=256) to work on /opt/airflow/dags/spark_example.py
[2025-02-05T19:50:55.094+0000] {processor.py:914} INFO - Processing file /opt/airflow/dags/spark_example.py for tasks to queue
[2025-02-05T19:50:55.096+0000] {logging_mixin.py:190} INFO - [2025-02-05T19:50:55.096+0000] {dagbag.py:588} INFO - Filling up the DagBag from /opt/airflow/dags/spark_example.py
[2025-02-05T19:50:55.101+0000] {processor.py:925} INFO - DAG(s) 'spark_example' retrieved from /opt/airflow/dags/spark_example.py
[2025-02-05T19:50:55.126+0000] {logging_mixin.py:190} INFO - [2025-02-05T19:50:55.126+0000] {dag.py:3239} INFO - Sync 1 DAGs
[2025-02-05T19:50:55.142+0000] {logging_mixin.py:190} INFO - [2025-02-05T19:50:55.141+0000] {dag.py:4180} INFO - Setting next_dagrun for spark_example to None, run_after=None
[2025-02-05T19:50:55.157+0000] {processor.py:208} INFO - Processing /opt/airflow/dags/spark_example.py took 0.069 seconds
[2025-02-05T19:51:25.453+0000] {processor.py:186} INFO - Started process (PID=265) to work on /opt/airflow/dags/spark_example.py
[2025-02-05T19:51:25.453+0000] {processor.py:914} INFO - Processing file /opt/airflow/dags/spark_example.py for tasks to queue
[2025-02-05T19:51:25.455+0000] {logging_mixin.py:190} INFO - [2025-02-05T19:51:25.455+0000] {dagbag.py:588} INFO - Filling up the DagBag from /opt/airflow/dags/spark_example.py
[2025-02-05T19:51:25.461+0000] {processor.py:925} INFO - DAG(s) 'spark_example' retrieved from /opt/airflow/dags/spark_example.py
[2025-02-05T19:51:25.480+0000] {logging_mixin.py:190} INFO - [2025-02-05T19:51:25.480+0000] {dag.py:3239} INFO - Sync 1 DAGs
[2025-02-05T19:51:25.492+0000] {logging_mixin.py:190} INFO - [2025-02-05T19:51:25.492+0000] {dag.py:4180} INFO - Setting next_dagrun for spark_example to None, run_after=None
[2025-02-05T19:51:25.507+0000] {processor.py:208} INFO - Processing /opt/airflow/dags/spark_example.py took 0.059 seconds
[2025-02-05T19:51:55.869+0000] {processor.py:186} INFO - Started process (PID=274) to work on /opt/airflow/dags/spark_example.py
[2025-02-05T19:51:55.870+0000] {processor.py:914} INFO - Processing file /opt/airflow/dags/spark_example.py for tasks to queue
[2025-02-05T19:51:55.872+0000] {logging_mixin.py:190} INFO - [2025-02-05T19:51:55.872+0000] {dagbag.py:588} INFO - Filling up the DagBag from /opt/airflow/dags/spark_example.py
[2025-02-05T19:51:55.877+0000] {processor.py:925} INFO - DAG(s) 'spark_example' retrieved from /opt/airflow/dags/spark_example.py
[2025-02-05T19:51:55.903+0000] {logging_mixin.py:190} INFO - [2025-02-05T19:51:55.903+0000] {dag.py:3239} INFO - Sync 1 DAGs
[2025-02-05T19:51:55.918+0000] {logging_mixin.py:190} INFO - [2025-02-05T19:51:55.918+0000] {dag.py:4180} INFO - Setting next_dagrun for spark_example to None, run_after=None
[2025-02-05T19:51:55.936+0000] {processor.py:208} INFO - Processing /opt/airflow/dags/spark_example.py took 0.072 seconds
[2025-02-05T19:52:26.225+0000] {processor.py:186} INFO - Started process (PID=283) to work on /opt/airflow/dags/spark_example.py
[2025-02-05T19:52:26.225+0000] {processor.py:914} INFO - Processing file /opt/airflow/dags/spark_example.py for tasks to queue
[2025-02-05T19:52:26.227+0000] {logging_mixin.py:190} INFO - [2025-02-05T19:52:26.227+0000] {dagbag.py:588} INFO - Filling up the DagBag from /opt/airflow/dags/spark_example.py
[2025-02-05T19:52:26.233+0000] {processor.py:925} INFO - DAG(s) 'spark_example' retrieved from /opt/airflow/dags/spark_example.py
[2025-02-05T19:52:26.252+0000] {logging_mixin.py:190} INFO - [2025-02-05T19:52:26.252+0000] {dag.py:3239} INFO - Sync 1 DAGs
[2025-02-05T19:52:26.264+0000] {logging_mixin.py:190} INFO - [2025-02-05T19:52:26.264+0000] {dag.py:4180} INFO - Setting next_dagrun for spark_example to None, run_after=None
[2025-02-05T19:52:26.279+0000] {processor.py:208} INFO - Processing /opt/airflow/dags/spark_example.py took 0.060 seconds
[2025-02-05T19:52:56.618+0000] {processor.py:186} INFO - Started process (PID=292) to work on /opt/airflow/dags/spark_example.py
[2025-02-05T19:52:56.619+0000] {processor.py:914} INFO - Processing file /opt/airflow/dags/spark_example.py for tasks to queue
[2025-02-05T19:52:56.621+0000] {logging_mixin.py:190} INFO - [2025-02-05T19:52:56.621+0000] {dagbag.py:588} INFO - Filling up the DagBag from /opt/airflow/dags/spark_example.py
[2025-02-05T19:52:56.629+0000] {processor.py:925} INFO - DAG(s) 'spark_example' retrieved from /opt/airflow/dags/spark_example.py
[2025-02-05T19:52:56.656+0000] {logging_mixin.py:190} INFO - [2025-02-05T19:52:56.656+0000] {dag.py:3239} INFO - Sync 1 DAGs
[2025-02-05T19:52:56.674+0000] {logging_mixin.py:190} INFO - [2025-02-05T19:52:56.674+0000] {dag.py:4180} INFO - Setting next_dagrun for spark_example to None, run_after=None
[2025-02-05T19:52:56.692+0000] {processor.py:208} INFO - Processing /opt/airflow/dags/spark_example.py took 0.081 seconds
[2025-02-05T19:53:26.996+0000] {processor.py:186} INFO - Started process (PID=301) to work on /opt/airflow/dags/spark_example.py
[2025-02-05T19:53:26.997+0000] {processor.py:914} INFO - Processing file /opt/airflow/dags/spark_example.py for tasks to queue
[2025-02-05T19:53:26.998+0000] {logging_mixin.py:190} INFO - [2025-02-05T19:53:26.998+0000] {dagbag.py:588} INFO - Filling up the DagBag from /opt/airflow/dags/spark_example.py
[2025-02-05T19:53:27.004+0000] {processor.py:925} INFO - DAG(s) 'spark_example' retrieved from /opt/airflow/dags/spark_example.py
[2025-02-05T19:53:27.024+0000] {logging_mixin.py:190} INFO - [2025-02-05T19:53:27.024+0000] {dag.py:3239} INFO - Sync 1 DAGs
[2025-02-05T19:53:27.036+0000] {logging_mixin.py:190} INFO - [2025-02-05T19:53:27.036+0000] {dag.py:4180} INFO - Setting next_dagrun for spark_example to None, run_after=None
[2025-02-05T19:53:27.050+0000] {processor.py:208} INFO - Processing /opt/airflow/dags/spark_example.py took 0.059 seconds
[2025-02-05T19:53:57.343+0000] {processor.py:186} INFO - Started process (PID=310) to work on /opt/airflow/dags/spark_example.py
[2025-02-05T19:53:57.344+0000] {processor.py:914} INFO - Processing file /opt/airflow/dags/spark_example.py for tasks to queue
[2025-02-05T19:53:57.346+0000] {logging_mixin.py:190} INFO - [2025-02-05T19:53:57.345+0000] {dagbag.py:588} INFO - Filling up the DagBag from /opt/airflow/dags/spark_example.py
[2025-02-05T19:53:57.351+0000] {processor.py:925} INFO - DAG(s) 'spark_example' retrieved from /opt/airflow/dags/spark_example.py
[2025-02-05T19:53:57.375+0000] {logging_mixin.py:190} INFO - [2025-02-05T19:53:57.375+0000] {dag.py:3239} INFO - Sync 1 DAGs
[2025-02-05T19:53:57.390+0000] {logging_mixin.py:190} INFO - [2025-02-05T19:53:57.390+0000] {dag.py:4180} INFO - Setting next_dagrun for spark_example to None, run_after=None
[2025-02-05T19:53:57.407+0000] {processor.py:208} INFO - Processing /opt/airflow/dags/spark_example.py took 0.070 seconds
[2025-02-05T19:54:27.707+0000] {processor.py:186} INFO - Started process (PID=319) to work on /opt/airflow/dags/spark_example.py
[2025-02-05T19:54:27.708+0000] {processor.py:914} INFO - Processing file /opt/airflow/dags/spark_example.py for tasks to queue
[2025-02-05T19:54:27.709+0000] {logging_mixin.py:190} INFO - [2025-02-05T19:54:27.709+0000] {dagbag.py:588} INFO - Filling up the DagBag from /opt/airflow/dags/spark_example.py
[2025-02-05T19:54:27.715+0000] {processor.py:925} INFO - DAG(s) 'spark_example' retrieved from /opt/airflow/dags/spark_example.py
[2025-02-05T19:54:27.739+0000] {logging_mixin.py:190} INFO - [2025-02-05T19:54:27.739+0000] {dag.py:3239} INFO - Sync 1 DAGs
[2025-02-05T19:54:27.751+0000] {logging_mixin.py:190} INFO - [2025-02-05T19:54:27.751+0000] {dag.py:4180} INFO - Setting next_dagrun for spark_example to None, run_after=None
[2025-02-05T19:54:27.765+0000] {processor.py:208} INFO - Processing /opt/airflow/dags/spark_example.py took 0.063 seconds
[2025-02-05T19:54:58.056+0000] {processor.py:186} INFO - Started process (PID=328) to work on /opt/airflow/dags/spark_example.py
[2025-02-05T19:54:58.057+0000] {processor.py:914} INFO - Processing file /opt/airflow/dags/spark_example.py for tasks to queue
[2025-02-05T19:54:58.059+0000] {logging_mixin.py:190} INFO - [2025-02-05T19:54:58.059+0000] {dagbag.py:588} INFO - Filling up the DagBag from /opt/airflow/dags/spark_example.py
[2025-02-05T19:54:58.065+0000] {processor.py:925} INFO - DAG(s) 'spark_example' retrieved from /opt/airflow/dags/spark_example.py
[2025-02-05T19:54:58.089+0000] {logging_mixin.py:190} INFO - [2025-02-05T19:54:58.089+0000] {dag.py:3239} INFO - Sync 1 DAGs
[2025-02-05T19:54:58.105+0000] {logging_mixin.py:190} INFO - [2025-02-05T19:54:58.104+0000] {dag.py:4180} INFO - Setting next_dagrun for spark_example to None, run_after=None
[2025-02-05T19:54:58.121+0000] {processor.py:208} INFO - Processing /opt/airflow/dags/spark_example.py took 0.070 seconds
[2025-02-05T19:55:28.410+0000] {processor.py:186} INFO - Started process (PID=337) to work on /opt/airflow/dags/spark_example.py
[2025-02-05T19:55:28.411+0000] {processor.py:914} INFO - Processing file /opt/airflow/dags/spark_example.py for tasks to queue
[2025-02-05T19:55:28.412+0000] {logging_mixin.py:190} INFO - [2025-02-05T19:55:28.412+0000] {dagbag.py:588} INFO - Filling up the DagBag from /opt/airflow/dags/spark_example.py
[2025-02-05T19:55:28.418+0000] {processor.py:925} INFO - DAG(s) 'spark_example' retrieved from /opt/airflow/dags/spark_example.py
[2025-02-05T19:55:28.443+0000] {logging_mixin.py:190} INFO - [2025-02-05T19:55:28.443+0000] {dag.py:3239} INFO - Sync 1 DAGs
[2025-02-05T19:55:28.458+0000] {logging_mixin.py:190} INFO - [2025-02-05T19:55:28.458+0000] {dag.py:4180} INFO - Setting next_dagrun for spark_example to None, run_after=None
[2025-02-05T19:55:28.474+0000] {processor.py:208} INFO - Processing /opt/airflow/dags/spark_example.py took 0.069 seconds
[2025-02-05T19:55:58.763+0000] {processor.py:186} INFO - Started process (PID=346) to work on /opt/airflow/dags/spark_example.py
[2025-02-05T19:55:58.764+0000] {processor.py:914} INFO - Processing file /opt/airflow/dags/spark_example.py for tasks to queue
[2025-02-05T19:55:58.766+0000] {logging_mixin.py:190} INFO - [2025-02-05T19:55:58.766+0000] {dagbag.py:588} INFO - Filling up the DagBag from /opt/airflow/dags/spark_example.py
[2025-02-05T19:55:58.771+0000] {processor.py:925} INFO - DAG(s) 'spark_example' retrieved from /opt/airflow/dags/spark_example.py
[2025-02-05T19:55:58.796+0000] {logging_mixin.py:190} INFO - [2025-02-05T19:55:58.796+0000] {dag.py:3239} INFO - Sync 1 DAGs
[2025-02-05T19:55:58.811+0000] {logging_mixin.py:190} INFO - [2025-02-05T19:55:58.811+0000] {dag.py:4180} INFO - Setting next_dagrun for spark_example to None, run_after=None
[2025-02-05T19:55:58.828+0000] {processor.py:208} INFO - Processing /opt/airflow/dags/spark_example.py took 0.070 seconds
[2025-02-05T19:56:29.125+0000] {processor.py:186} INFO - Started process (PID=355) to work on /opt/airflow/dags/spark_example.py
[2025-02-05T19:56:29.126+0000] {processor.py:914} INFO - Processing file /opt/airflow/dags/spark_example.py for tasks to queue
[2025-02-05T19:56:29.127+0000] {logging_mixin.py:190} INFO - [2025-02-05T19:56:29.127+0000] {dagbag.py:588} INFO - Filling up the DagBag from /opt/airflow/dags/spark_example.py
[2025-02-05T19:56:29.133+0000] {processor.py:925} INFO - DAG(s) 'spark_example' retrieved from /opt/airflow/dags/spark_example.py
[2025-02-05T19:56:29.156+0000] {logging_mixin.py:190} INFO - [2025-02-05T19:56:29.156+0000] {dag.py:3239} INFO - Sync 1 DAGs
[2025-02-05T19:56:29.168+0000] {logging_mixin.py:190} INFO - [2025-02-05T19:56:29.168+0000] {dag.py:4180} INFO - Setting next_dagrun for spark_example to None, run_after=None
[2025-02-05T19:56:29.182+0000] {processor.py:208} INFO - Processing /opt/airflow/dags/spark_example.py took 0.062 seconds
[2025-02-05T19:56:59.476+0000] {processor.py:186} INFO - Started process (PID=364) to work on /opt/airflow/dags/spark_example.py
[2025-02-05T19:56:59.478+0000] {processor.py:914} INFO - Processing file /opt/airflow/dags/spark_example.py for tasks to queue
[2025-02-05T19:56:59.480+0000] {logging_mixin.py:190} INFO - [2025-02-05T19:56:59.480+0000] {dagbag.py:588} INFO - Filling up the DagBag from /opt/airflow/dags/spark_example.py
[2025-02-05T19:56:59.485+0000] {processor.py:925} INFO - DAG(s) 'spark_example' retrieved from /opt/airflow/dags/spark_example.py
[2025-02-05T19:56:59.505+0000] {logging_mixin.py:190} INFO - [2025-02-05T19:56:59.505+0000] {dag.py:3239} INFO - Sync 1 DAGs
[2025-02-05T19:56:59.516+0000] {logging_mixin.py:190} INFO - [2025-02-05T19:56:59.516+0000] {dag.py:4180} INFO - Setting next_dagrun for spark_example to None, run_after=None
[2025-02-05T19:56:59.531+0000] {processor.py:208} INFO - Processing /opt/airflow/dags/spark_example.py took 0.061 seconds
[2025-02-05T19:57:29.839+0000] {processor.py:186} INFO - Started process (PID=373) to work on /opt/airflow/dags/spark_example.py
[2025-02-05T19:57:29.840+0000] {processor.py:914} INFO - Processing file /opt/airflow/dags/spark_example.py for tasks to queue
[2025-02-05T19:57:29.841+0000] {logging_mixin.py:190} INFO - [2025-02-05T19:57:29.841+0000] {dagbag.py:588} INFO - Filling up the DagBag from /opt/airflow/dags/spark_example.py
[2025-02-05T19:57:29.847+0000] {processor.py:925} INFO - DAG(s) 'spark_example' retrieved from /opt/airflow/dags/spark_example.py
[2025-02-05T19:57:29.871+0000] {logging_mixin.py:190} INFO - [2025-02-05T19:57:29.870+0000] {dag.py:3239} INFO - Sync 1 DAGs
[2025-02-05T19:57:29.886+0000] {logging_mixin.py:190} INFO - [2025-02-05T19:57:29.886+0000] {dag.py:4180} INFO - Setting next_dagrun for spark_example to None, run_after=None
[2025-02-05T19:57:29.902+0000] {processor.py:208} INFO - Processing /opt/airflow/dags/spark_example.py took 0.068 seconds
