[2024-12-14T19:28:30.934+0000] {processor.py:186} INFO - Started process (PID=60) to work on /home/airflow/.local/lib/python3.12/site-packages/airflow/example_dags/example_branch_python_dop_operator_3.py
[2024-12-14T19:28:30.934+0000] {processor.py:914} INFO - Processing file /home/airflow/.local/lib/python3.12/site-packages/airflow/example_dags/example_branch_python_dop_operator_3.py for tasks to queue
[2024-12-14T19:28:30.936+0000] {logging_mixin.py:190} INFO - [2024-12-14T19:28:30.936+0000] {dagbag.py:588} INFO - Filling up the DagBag from /home/airflow/.local/lib/python3.12/site-packages/airflow/example_dags/example_branch_python_dop_operator_3.py
[2024-12-14T19:28:30.948+0000] {processor.py:925} INFO - DAG(s) 'example_branch_dop_operator_v3' retrieved from /home/airflow/.local/lib/python3.12/site-packages/airflow/example_dags/example_branch_python_dop_operator_3.py
[2024-12-14T19:28:31.065+0000] {logging_mixin.py:190} INFO - [2024-12-14T19:28:31.064+0000] {override.py:1911} INFO - Created Permission View: can edit on DAG:example_branch_dop_operator_v3
[2024-12-14T19:28:31.074+0000] {logging_mixin.py:190} INFO - [2024-12-14T19:28:31.074+0000] {override.py:1911} INFO - Created Permission View: can delete on DAG:example_branch_dop_operator_v3
[2024-12-14T19:28:31.080+0000] {logging_mixin.py:190} INFO - [2024-12-14T19:28:31.079+0000] {override.py:1911} INFO - Created Permission View: can read on DAG:example_branch_dop_operator_v3
[2024-12-14T19:28:31.086+0000] {logging_mixin.py:190} INFO - [2024-12-14T19:28:31.086+0000] {override.py:1911} INFO - Created Permission View: menu access on DAG Run:example_branch_dop_operator_v3
[2024-12-14T19:28:31.091+0000] {logging_mixin.py:190} INFO - [2024-12-14T19:28:31.091+0000] {override.py:1911} INFO - Created Permission View: can delete on DAG Run:example_branch_dop_operator_v3
[2024-12-14T19:28:31.097+0000] {logging_mixin.py:190} INFO - [2024-12-14T19:28:31.097+0000] {override.py:1911} INFO - Created Permission View: can create on DAG Run:example_branch_dop_operator_v3
[2024-12-14T19:28:31.104+0000] {logging_mixin.py:190} INFO - [2024-12-14T19:28:31.103+0000] {override.py:1911} INFO - Created Permission View: can read on DAG Run:example_branch_dop_operator_v3
[2024-12-14T19:28:31.104+0000] {logging_mixin.py:190} INFO - [2024-12-14T19:28:31.104+0000] {dag.py:3239} INFO - Sync 1 DAGs
[2024-12-14T19:28:31.118+0000] {logging_mixin.py:190} INFO - [2024-12-14T19:28:31.118+0000] {dag.py:3262} INFO - Creating ORM DAG for example_branch_dop_operator_v3
[2024-12-14T19:28:31.131+0000] {logging_mixin.py:190} INFO - [2024-12-14T19:28:31.131+0000] {dag.py:4180} INFO - Setting next_dagrun for example_branch_dop_operator_v3 to 2024-12-14 19:27:00+00:00, run_after=2024-12-14 19:28:00+00:00
[2024-12-14T19:28:31.145+0000] {processor.py:208} INFO - Processing /home/airflow/.local/lib/python3.12/site-packages/airflow/example_dags/example_branch_python_dop_operator_3.py took 0.216 seconds
[2024-12-14T19:29:01.662+0000] {processor.py:186} INFO - Started process (PID=123) to work on /home/airflow/.local/lib/python3.12/site-packages/airflow/example_dags/example_branch_python_dop_operator_3.py
[2024-12-14T19:29:01.663+0000] {processor.py:914} INFO - Processing file /home/airflow/.local/lib/python3.12/site-packages/airflow/example_dags/example_branch_python_dop_operator_3.py for tasks to queue
[2024-12-14T19:29:01.665+0000] {logging_mixin.py:190} INFO - [2024-12-14T19:29:01.665+0000] {dagbag.py:588} INFO - Filling up the DagBag from /home/airflow/.local/lib/python3.12/site-packages/airflow/example_dags/example_branch_python_dop_operator_3.py
[2024-12-14T19:29:01.677+0000] {processor.py:925} INFO - DAG(s) 'example_branch_dop_operator_v3' retrieved from /home/airflow/.local/lib/python3.12/site-packages/airflow/example_dags/example_branch_python_dop_operator_3.py
[2024-12-14T19:29:01.697+0000] {logging_mixin.py:190} INFO - [2024-12-14T19:29:01.697+0000] {dag.py:3239} INFO - Sync 1 DAGs
[2024-12-14T19:29:01.736+0000] {logging_mixin.py:190} INFO - [2024-12-14T19:29:01.736+0000] {dag.py:4180} INFO - Setting next_dagrun for example_branch_dop_operator_v3 to 2024-12-14 19:28:00+00:00, run_after=2024-12-14 19:29:00+00:00
[2024-12-14T19:29:01.769+0000] {processor.py:208} INFO - Processing /home/airflow/.local/lib/python3.12/site-packages/airflow/example_dags/example_branch_python_dop_operator_3.py took 0.113 seconds
[2024-12-14T19:29:32.676+0000] {processor.py:186} INFO - Started process (PID=186) to work on /home/airflow/.local/lib/python3.12/site-packages/airflow/example_dags/example_branch_python_dop_operator_3.py
[2024-12-14T19:29:32.677+0000] {processor.py:914} INFO - Processing file /home/airflow/.local/lib/python3.12/site-packages/airflow/example_dags/example_branch_python_dop_operator_3.py for tasks to queue
[2024-12-14T19:29:32.679+0000] {logging_mixin.py:190} INFO - [2024-12-14T19:29:32.678+0000] {dagbag.py:588} INFO - Filling up the DagBag from /home/airflow/.local/lib/python3.12/site-packages/airflow/example_dags/example_branch_python_dop_operator_3.py
[2024-12-14T19:29:32.687+0000] {processor.py:925} INFO - DAG(s) 'example_branch_dop_operator_v3' retrieved from /home/airflow/.local/lib/python3.12/site-packages/airflow/example_dags/example_branch_python_dop_operator_3.py
[2024-12-14T19:29:32.703+0000] {logging_mixin.py:190} INFO - [2024-12-14T19:29:32.703+0000] {dag.py:3239} INFO - Sync 1 DAGs
[2024-12-14T19:29:32.726+0000] {logging_mixin.py:190} INFO - [2024-12-14T19:29:32.726+0000] {dag.py:4180} INFO - Setting next_dagrun for example_branch_dop_operator_v3 to 2024-12-14 19:28:00+00:00, run_after=2024-12-14 19:29:00+00:00
[2024-12-14T19:29:32.742+0000] {processor.py:208} INFO - Processing /home/airflow/.local/lib/python3.12/site-packages/airflow/example_dags/example_branch_python_dop_operator_3.py took 0.071 seconds
[2024-12-14T19:30:02.909+0000] {processor.py:186} INFO - Started process (PID=248) to work on /home/airflow/.local/lib/python3.12/site-packages/airflow/example_dags/example_branch_python_dop_operator_3.py
[2024-12-14T19:30:02.910+0000] {processor.py:914} INFO - Processing file /home/airflow/.local/lib/python3.12/site-packages/airflow/example_dags/example_branch_python_dop_operator_3.py for tasks to queue
[2024-12-14T19:30:02.912+0000] {logging_mixin.py:190} INFO - [2024-12-14T19:30:02.911+0000] {dagbag.py:588} INFO - Filling up the DagBag from /home/airflow/.local/lib/python3.12/site-packages/airflow/example_dags/example_branch_python_dop_operator_3.py
[2024-12-14T19:30:02.920+0000] {processor.py:925} INFO - DAG(s) 'example_branch_dop_operator_v3' retrieved from /home/airflow/.local/lib/python3.12/site-packages/airflow/example_dags/example_branch_python_dop_operator_3.py
[2024-12-14T19:30:02.938+0000] {logging_mixin.py:190} INFO - [2024-12-14T19:30:02.938+0000] {dag.py:3239} INFO - Sync 1 DAGs
[2024-12-14T19:30:02.962+0000] {logging_mixin.py:190} INFO - [2024-12-14T19:30:02.962+0000] {dag.py:4180} INFO - Setting next_dagrun for example_branch_dop_operator_v3 to 2024-12-14 19:29:00+00:00, run_after=2024-12-14 19:30:00+00:00
[2024-12-14T19:30:02.979+0000] {processor.py:208} INFO - Processing /home/airflow/.local/lib/python3.12/site-packages/airflow/example_dags/example_branch_python_dop_operator_3.py took 0.076 seconds
[2024-12-14T19:30:33.137+0000] {processor.py:186} INFO - Started process (PID=311) to work on /home/airflow/.local/lib/python3.12/site-packages/airflow/example_dags/example_branch_python_dop_operator_3.py
[2024-12-14T19:30:33.138+0000] {processor.py:914} INFO - Processing file /home/airflow/.local/lib/python3.12/site-packages/airflow/example_dags/example_branch_python_dop_operator_3.py for tasks to queue
[2024-12-14T19:30:33.140+0000] {logging_mixin.py:190} INFO - [2024-12-14T19:30:33.139+0000] {dagbag.py:588} INFO - Filling up the DagBag from /home/airflow/.local/lib/python3.12/site-packages/airflow/example_dags/example_branch_python_dop_operator_3.py
[2024-12-14T19:30:33.148+0000] {processor.py:925} INFO - DAG(s) 'example_branch_dop_operator_v3' retrieved from /home/airflow/.local/lib/python3.12/site-packages/airflow/example_dags/example_branch_python_dop_operator_3.py
[2024-12-14T19:30:33.164+0000] {logging_mixin.py:190} INFO - [2024-12-14T19:30:33.164+0000] {dag.py:3239} INFO - Sync 1 DAGs
[2024-12-14T19:30:33.186+0000] {logging_mixin.py:190} INFO - [2024-12-14T19:30:33.186+0000] {dag.py:4180} INFO - Setting next_dagrun for example_branch_dop_operator_v3 to 2024-12-14 19:29:00+00:00, run_after=2024-12-14 19:30:00+00:00
[2024-12-14T19:30:33.201+0000] {processor.py:208} INFO - Processing /home/airflow/.local/lib/python3.12/site-packages/airflow/example_dags/example_branch_python_dop_operator_3.py took 0.068 seconds
[2024-12-14T19:31:42.271+0000] {processor.py:186} INFO - Started process (PID=61) to work on /home/airflow/.local/lib/python3.12/site-packages/airflow/example_dags/example_branch_python_dop_operator_3.py
[2024-12-14T19:31:42.272+0000] {processor.py:914} INFO - Processing file /home/airflow/.local/lib/python3.12/site-packages/airflow/example_dags/example_branch_python_dop_operator_3.py for tasks to queue
[2024-12-14T19:31:42.274+0000] {logging_mixin.py:190} INFO - [2024-12-14T19:31:42.274+0000] {dagbag.py:588} INFO - Filling up the DagBag from /home/airflow/.local/lib/python3.12/site-packages/airflow/example_dags/example_branch_python_dop_operator_3.py
[2024-12-14T19:31:42.288+0000] {processor.py:925} INFO - DAG(s) 'example_branch_dop_operator_v3' retrieved from /home/airflow/.local/lib/python3.12/site-packages/airflow/example_dags/example_branch_python_dop_operator_3.py
[2024-12-14T19:31:42.317+0000] {logging_mixin.py:190} INFO - [2024-12-14T19:31:42.316+0000] {dag.py:3239} INFO - Sync 1 DAGs
[2024-12-14T19:31:42.350+0000] {logging_mixin.py:190} INFO - [2024-12-14T19:31:42.350+0000] {dag.py:4180} INFO - Setting next_dagrun for example_branch_dop_operator_v3 to 2024-12-14 19:30:00+00:00, run_after=2024-12-14 19:31:00+00:00
[2024-12-14T19:31:42.372+0000] {processor.py:208} INFO - Processing /home/airflow/.local/lib/python3.12/site-packages/airflow/example_dags/example_branch_python_dop_operator_3.py took 0.108 seconds
[2024-12-14T19:32:12.563+0000] {processor.py:186} INFO - Started process (PID=125) to work on /home/airflow/.local/lib/python3.12/site-packages/airflow/example_dags/example_branch_python_dop_operator_3.py
[2024-12-14T19:32:12.564+0000] {processor.py:914} INFO - Processing file /home/airflow/.local/lib/python3.12/site-packages/airflow/example_dags/example_branch_python_dop_operator_3.py for tasks to queue
[2024-12-14T19:32:12.565+0000] {logging_mixin.py:190} INFO - [2024-12-14T19:32:12.565+0000] {dagbag.py:588} INFO - Filling up the DagBag from /home/airflow/.local/lib/python3.12/site-packages/airflow/example_dags/example_branch_python_dop_operator_3.py
[2024-12-14T19:32:12.574+0000] {processor.py:925} INFO - DAG(s) 'example_branch_dop_operator_v3' retrieved from /home/airflow/.local/lib/python3.12/site-packages/airflow/example_dags/example_branch_python_dop_operator_3.py
[2024-12-14T19:32:12.590+0000] {logging_mixin.py:190} INFO - [2024-12-14T19:32:12.590+0000] {dag.py:3239} INFO - Sync 1 DAGs
[2024-12-14T19:32:12.613+0000] {logging_mixin.py:190} INFO - [2024-12-14T19:32:12.613+0000] {dag.py:4180} INFO - Setting next_dagrun for example_branch_dop_operator_v3 to 2024-12-14 19:31:00+00:00, run_after=2024-12-14 19:32:00+00:00
[2024-12-14T19:32:12.629+0000] {processor.py:208} INFO - Processing /home/airflow/.local/lib/python3.12/site-packages/airflow/example_dags/example_branch_python_dop_operator_3.py took 0.071 seconds
[2024-12-14T19:32:44.316+0000] {processor.py:186} INFO - Started process (PID=188) to work on /home/airflow/.local/lib/python3.12/site-packages/airflow/example_dags/example_branch_python_dop_operator_3.py
[2024-12-14T19:32:44.317+0000] {processor.py:914} INFO - Processing file /home/airflow/.local/lib/python3.12/site-packages/airflow/example_dags/example_branch_python_dop_operator_3.py for tasks to queue
[2024-12-14T19:32:44.319+0000] {logging_mixin.py:190} INFO - [2024-12-14T19:32:44.318+0000] {dagbag.py:588} INFO - Filling up the DagBag from /home/airflow/.local/lib/python3.12/site-packages/airflow/example_dags/example_branch_python_dop_operator_3.py
[2024-12-14T19:32:44.327+0000] {processor.py:925} INFO - DAG(s) 'example_branch_dop_operator_v3' retrieved from /home/airflow/.local/lib/python3.12/site-packages/airflow/example_dags/example_branch_python_dop_operator_3.py
[2024-12-14T19:32:44.343+0000] {logging_mixin.py:190} INFO - [2024-12-14T19:32:44.342+0000] {dag.py:3239} INFO - Sync 1 DAGs
[2024-12-14T19:32:44.366+0000] {logging_mixin.py:190} INFO - [2024-12-14T19:32:44.366+0000] {dag.py:4180} INFO - Setting next_dagrun for example_branch_dop_operator_v3 to 2024-12-14 19:31:00+00:00, run_after=2024-12-14 19:32:00+00:00
[2024-12-14T19:32:44.382+0000] {processor.py:208} INFO - Processing /home/airflow/.local/lib/python3.12/site-packages/airflow/example_dags/example_branch_python_dop_operator_3.py took 0.072 seconds
[2024-12-14T19:33:15.513+0000] {processor.py:186} INFO - Started process (PID=251) to work on /home/airflow/.local/lib/python3.12/site-packages/airflow/example_dags/example_branch_python_dop_operator_3.py
[2024-12-14T19:33:15.514+0000] {processor.py:914} INFO - Processing file /home/airflow/.local/lib/python3.12/site-packages/airflow/example_dags/example_branch_python_dop_operator_3.py for tasks to queue
[2024-12-14T19:33:15.516+0000] {logging_mixin.py:190} INFO - [2024-12-14T19:33:15.515+0000] {dagbag.py:588} INFO - Filling up the DagBag from /home/airflow/.local/lib/python3.12/site-packages/airflow/example_dags/example_branch_python_dop_operator_3.py
[2024-12-14T19:33:15.525+0000] {processor.py:925} INFO - DAG(s) 'example_branch_dop_operator_v3' retrieved from /home/airflow/.local/lib/python3.12/site-packages/airflow/example_dags/example_branch_python_dop_operator_3.py
[2024-12-14T19:33:15.544+0000] {logging_mixin.py:190} INFO - [2024-12-14T19:33:15.544+0000] {dag.py:3239} INFO - Sync 1 DAGs
[2024-12-14T19:33:15.573+0000] {logging_mixin.py:190} INFO - [2024-12-14T19:33:15.573+0000] {dag.py:4180} INFO - Setting next_dagrun for example_branch_dop_operator_v3 to 2024-12-14 19:32:00+00:00, run_after=2024-12-14 19:33:00+00:00
[2024-12-14T19:33:15.590+0000] {processor.py:208} INFO - Processing /home/airflow/.local/lib/python3.12/site-packages/airflow/example_dags/example_branch_python_dop_operator_3.py took 0.082 seconds
[2024-12-14T19:33:46.955+0000] {processor.py:186} INFO - Started process (PID=314) to work on /home/airflow/.local/lib/python3.12/site-packages/airflow/example_dags/example_branch_python_dop_operator_3.py
[2024-12-14T19:33:46.956+0000] {processor.py:914} INFO - Processing file /home/airflow/.local/lib/python3.12/site-packages/airflow/example_dags/example_branch_python_dop_operator_3.py for tasks to queue
[2024-12-14T19:33:46.958+0000] {logging_mixin.py:190} INFO - [2024-12-14T19:33:46.958+0000] {dagbag.py:588} INFO - Filling up the DagBag from /home/airflow/.local/lib/python3.12/site-packages/airflow/example_dags/example_branch_python_dop_operator_3.py
[2024-12-14T19:33:46.967+0000] {processor.py:925} INFO - DAG(s) 'example_branch_dop_operator_v3' retrieved from /home/airflow/.local/lib/python3.12/site-packages/airflow/example_dags/example_branch_python_dop_operator_3.py
[2024-12-14T19:33:46.983+0000] {logging_mixin.py:190} INFO - [2024-12-14T19:33:46.983+0000] {dag.py:3239} INFO - Sync 1 DAGs
[2024-12-14T19:33:47.007+0000] {logging_mixin.py:190} INFO - [2024-12-14T19:33:47.007+0000] {dag.py:4180} INFO - Setting next_dagrun for example_branch_dop_operator_v3 to 2024-12-14 19:32:00+00:00, run_after=2024-12-14 19:33:00+00:00
[2024-12-14T19:33:47.021+0000] {processor.py:208} INFO - Processing /home/airflow/.local/lib/python3.12/site-packages/airflow/example_dags/example_branch_python_dop_operator_3.py took 0.071 seconds
[2024-12-14T19:34:18.196+0000] {processor.py:186} INFO - Started process (PID=377) to work on /home/airflow/.local/lib/python3.12/site-packages/airflow/example_dags/example_branch_python_dop_operator_3.py
[2024-12-14T19:34:18.197+0000] {processor.py:914} INFO - Processing file /home/airflow/.local/lib/python3.12/site-packages/airflow/example_dags/example_branch_python_dop_operator_3.py for tasks to queue
[2024-12-14T19:34:18.199+0000] {logging_mixin.py:190} INFO - [2024-12-14T19:34:18.198+0000] {dagbag.py:588} INFO - Filling up the DagBag from /home/airflow/.local/lib/python3.12/site-packages/airflow/example_dags/example_branch_python_dop_operator_3.py
[2024-12-14T19:34:18.207+0000] {processor.py:925} INFO - DAG(s) 'example_branch_dop_operator_v3' retrieved from /home/airflow/.local/lib/python3.12/site-packages/airflow/example_dags/example_branch_python_dop_operator_3.py
[2024-12-14T19:34:18.226+0000] {logging_mixin.py:190} INFO - [2024-12-14T19:34:18.225+0000] {dag.py:3239} INFO - Sync 1 DAGs
[2024-12-14T19:34:18.255+0000] {logging_mixin.py:190} INFO - [2024-12-14T19:34:18.255+0000] {dag.py:4180} INFO - Setting next_dagrun for example_branch_dop_operator_v3 to 2024-12-14 19:33:00+00:00, run_after=2024-12-14 19:34:00+00:00
[2024-12-14T19:34:18.272+0000] {processor.py:208} INFO - Processing /home/airflow/.local/lib/python3.12/site-packages/airflow/example_dags/example_branch_python_dop_operator_3.py took 0.081 seconds
[2024-12-14T19:34:49.597+0000] {processor.py:186} INFO - Started process (PID=440) to work on /home/airflow/.local/lib/python3.12/site-packages/airflow/example_dags/example_branch_python_dop_operator_3.py
[2024-12-14T19:34:49.598+0000] {processor.py:914} INFO - Processing file /home/airflow/.local/lib/python3.12/site-packages/airflow/example_dags/example_branch_python_dop_operator_3.py for tasks to queue
[2024-12-14T19:34:49.600+0000] {logging_mixin.py:190} INFO - [2024-12-14T19:34:49.600+0000] {dagbag.py:588} INFO - Filling up the DagBag from /home/airflow/.local/lib/python3.12/site-packages/airflow/example_dags/example_branch_python_dop_operator_3.py
[2024-12-14T19:34:49.609+0000] {processor.py:925} INFO - DAG(s) 'example_branch_dop_operator_v3' retrieved from /home/airflow/.local/lib/python3.12/site-packages/airflow/example_dags/example_branch_python_dop_operator_3.py
[2024-12-14T19:34:49.624+0000] {logging_mixin.py:190} INFO - [2024-12-14T19:34:49.624+0000] {dag.py:3239} INFO - Sync 1 DAGs
[2024-12-14T19:34:49.646+0000] {logging_mixin.py:190} INFO - [2024-12-14T19:34:49.646+0000] {dag.py:4180} INFO - Setting next_dagrun for example_branch_dop_operator_v3 to 2024-12-14 19:33:00+00:00, run_after=2024-12-14 19:34:00+00:00
[2024-12-14T19:34:49.661+0000] {processor.py:208} INFO - Processing /home/airflow/.local/lib/python3.12/site-packages/airflow/example_dags/example_branch_python_dop_operator_3.py took 0.069 seconds
[2024-12-14T19:35:53.498+0000] {processor.py:186} INFO - Started process (PID=54) to work on /home/airflow/.local/lib/python3.12/site-packages/airflow/example_dags/example_branch_python_dop_operator_3.py
[2024-12-14T19:35:53.499+0000] {processor.py:914} INFO - Processing file /home/airflow/.local/lib/python3.12/site-packages/airflow/example_dags/example_branch_python_dop_operator_3.py for tasks to queue
[2024-12-14T19:35:53.500+0000] {logging_mixin.py:190} INFO - [2024-12-14T19:35:53.500+0000] {dagbag.py:588} INFO - Filling up the DagBag from /home/airflow/.local/lib/python3.12/site-packages/airflow/example_dags/example_branch_python_dop_operator_3.py
[2024-12-14T19:35:53.509+0000] {processor.py:925} INFO - DAG(s) 'example_branch_dop_operator_v3' retrieved from /home/airflow/.local/lib/python3.12/site-packages/airflow/example_dags/example_branch_python_dop_operator_3.py
[2024-12-14T19:35:53.529+0000] {logging_mixin.py:190} INFO - [2024-12-14T19:35:53.529+0000] {dag.py:3239} INFO - Sync 1 DAGs
[2024-12-14T19:35:53.552+0000] {logging_mixin.py:190} INFO - [2024-12-14T19:35:53.551+0000] {dag.py:4180} INFO - Setting next_dagrun for example_branch_dop_operator_v3 to 2024-12-14 19:34:00+00:00, run_after=2024-12-14 19:35:00+00:00
[2024-12-14T19:35:53.566+0000] {processor.py:208} INFO - Processing /home/airflow/.local/lib/python3.12/site-packages/airflow/example_dags/example_branch_python_dop_operator_3.py took 0.073 seconds
[2024-12-14T19:36:24.701+0000] {processor.py:186} INFO - Started process (PID=117) to work on /home/airflow/.local/lib/python3.12/site-packages/airflow/example_dags/example_branch_python_dop_operator_3.py
[2024-12-14T19:36:24.702+0000] {processor.py:914} INFO - Processing file /home/airflow/.local/lib/python3.12/site-packages/airflow/example_dags/example_branch_python_dop_operator_3.py for tasks to queue
[2024-12-14T19:36:24.704+0000] {logging_mixin.py:190} INFO - [2024-12-14T19:36:24.703+0000] {dagbag.py:588} INFO - Filling up the DagBag from /home/airflow/.local/lib/python3.12/site-packages/airflow/example_dags/example_branch_python_dop_operator_3.py
[2024-12-14T19:36:24.714+0000] {processor.py:925} INFO - DAG(s) 'example_branch_dop_operator_v3' retrieved from /home/airflow/.local/lib/python3.12/site-packages/airflow/example_dags/example_branch_python_dop_operator_3.py
[2024-12-14T19:36:24.731+0000] {logging_mixin.py:190} INFO - [2024-12-14T19:36:24.731+0000] {dag.py:3239} INFO - Sync 1 DAGs
[2024-12-14T19:36:24.758+0000] {logging_mixin.py:190} INFO - [2024-12-14T19:36:24.758+0000] {dag.py:4180} INFO - Setting next_dagrun for example_branch_dop_operator_v3 to 2024-12-14 19:35:00+00:00, run_after=2024-12-14 19:36:00+00:00
[2024-12-14T19:36:24.774+0000] {processor.py:208} INFO - Processing /home/airflow/.local/lib/python3.12/site-packages/airflow/example_dags/example_branch_python_dop_operator_3.py took 0.078 seconds
[2024-12-14T19:36:55.716+0000] {processor.py:186} INFO - Started process (PID=180) to work on /home/airflow/.local/lib/python3.12/site-packages/airflow/example_dags/example_branch_python_dop_operator_3.py
[2024-12-14T19:36:55.717+0000] {processor.py:914} INFO - Processing file /home/airflow/.local/lib/python3.12/site-packages/airflow/example_dags/example_branch_python_dop_operator_3.py for tasks to queue
[2024-12-14T19:36:55.719+0000] {logging_mixin.py:190} INFO - [2024-12-14T19:36:55.719+0000] {dagbag.py:588} INFO - Filling up the DagBag from /home/airflow/.local/lib/python3.12/site-packages/airflow/example_dags/example_branch_python_dop_operator_3.py
[2024-12-14T19:36:55.728+0000] {processor.py:925} INFO - DAG(s) 'example_branch_dop_operator_v3' retrieved from /home/airflow/.local/lib/python3.12/site-packages/airflow/example_dags/example_branch_python_dop_operator_3.py
[2024-12-14T19:36:55.746+0000] {logging_mixin.py:190} INFO - [2024-12-14T19:36:55.746+0000] {dag.py:3239} INFO - Sync 1 DAGs
[2024-12-14T19:36:55.774+0000] {logging_mixin.py:190} INFO - [2024-12-14T19:36:55.774+0000] {dag.py:4180} INFO - Setting next_dagrun for example_branch_dop_operator_v3 to 2024-12-14 19:35:00+00:00, run_after=2024-12-14 19:36:00+00:00
[2024-12-14T19:36:55.791+0000] {processor.py:208} INFO - Processing /home/airflow/.local/lib/python3.12/site-packages/airflow/example_dags/example_branch_python_dop_operator_3.py took 0.080 seconds
[2024-12-14T19:37:26.732+0000] {processor.py:186} INFO - Started process (PID=243) to work on /home/airflow/.local/lib/python3.12/site-packages/airflow/example_dags/example_branch_python_dop_operator_3.py
[2024-12-14T19:37:26.733+0000] {processor.py:914} INFO - Processing file /home/airflow/.local/lib/python3.12/site-packages/airflow/example_dags/example_branch_python_dop_operator_3.py for tasks to queue
[2024-12-14T19:37:26.734+0000] {logging_mixin.py:190} INFO - [2024-12-14T19:37:26.734+0000] {dagbag.py:588} INFO - Filling up the DagBag from /home/airflow/.local/lib/python3.12/site-packages/airflow/example_dags/example_branch_python_dop_operator_3.py
[2024-12-14T19:37:26.743+0000] {processor.py:925} INFO - DAG(s) 'example_branch_dop_operator_v3' retrieved from /home/airflow/.local/lib/python3.12/site-packages/airflow/example_dags/example_branch_python_dop_operator_3.py
[2024-12-14T19:37:26.760+0000] {logging_mixin.py:190} INFO - [2024-12-14T19:37:26.760+0000] {dag.py:3239} INFO - Sync 1 DAGs
[2024-12-14T19:37:26.788+0000] {logging_mixin.py:190} INFO - [2024-12-14T19:37:26.787+0000] {dag.py:4180} INFO - Setting next_dagrun for example_branch_dop_operator_v3 to 2024-12-14 19:36:00+00:00, run_after=2024-12-14 19:37:00+00:00
[2024-12-14T19:37:26.804+0000] {processor.py:208} INFO - Processing /home/airflow/.local/lib/python3.12/site-packages/airflow/example_dags/example_branch_python_dop_operator_3.py took 0.078 seconds
[2024-12-14T19:37:57.691+0000] {processor.py:186} INFO - Started process (PID=306) to work on /home/airflow/.local/lib/python3.12/site-packages/airflow/example_dags/example_branch_python_dop_operator_3.py
[2024-12-14T19:37:57.692+0000] {processor.py:914} INFO - Processing file /home/airflow/.local/lib/python3.12/site-packages/airflow/example_dags/example_branch_python_dop_operator_3.py for tasks to queue
[2024-12-14T19:37:57.694+0000] {logging_mixin.py:190} INFO - [2024-12-14T19:37:57.694+0000] {dagbag.py:588} INFO - Filling up the DagBag from /home/airflow/.local/lib/python3.12/site-packages/airflow/example_dags/example_branch_python_dop_operator_3.py
[2024-12-14T19:37:57.702+0000] {processor.py:925} INFO - DAG(s) 'example_branch_dop_operator_v3' retrieved from /home/airflow/.local/lib/python3.12/site-packages/airflow/example_dags/example_branch_python_dop_operator_3.py
[2024-12-14T19:37:57.719+0000] {logging_mixin.py:190} INFO - [2024-12-14T19:37:57.719+0000] {dag.py:3239} INFO - Sync 1 DAGs
[2024-12-14T19:37:57.742+0000] {logging_mixin.py:190} INFO - [2024-12-14T19:37:57.742+0000] {dag.py:4180} INFO - Setting next_dagrun for example_branch_dop_operator_v3 to 2024-12-14 19:36:00+00:00, run_after=2024-12-14 19:37:00+00:00
[2024-12-14T19:37:57.757+0000] {processor.py:208} INFO - Processing /home/airflow/.local/lib/python3.12/site-packages/airflow/example_dags/example_branch_python_dop_operator_3.py took 0.071 seconds
[2024-12-14T19:38:28.697+0000] {processor.py:186} INFO - Started process (PID=369) to work on /home/airflow/.local/lib/python3.12/site-packages/airflow/example_dags/example_branch_python_dop_operator_3.py
[2024-12-14T19:38:28.698+0000] {processor.py:914} INFO - Processing file /home/airflow/.local/lib/python3.12/site-packages/airflow/example_dags/example_branch_python_dop_operator_3.py for tasks to queue
[2024-12-14T19:38:28.700+0000] {logging_mixin.py:190} INFO - [2024-12-14T19:38:28.700+0000] {dagbag.py:588} INFO - Filling up the DagBag from /home/airflow/.local/lib/python3.12/site-packages/airflow/example_dags/example_branch_python_dop_operator_3.py
[2024-12-14T19:38:28.708+0000] {processor.py:925} INFO - DAG(s) 'example_branch_dop_operator_v3' retrieved from /home/airflow/.local/lib/python3.12/site-packages/airflow/example_dags/example_branch_python_dop_operator_3.py
[2024-12-14T19:38:28.726+0000] {logging_mixin.py:190} INFO - [2024-12-14T19:38:28.725+0000] {dag.py:3239} INFO - Sync 1 DAGs
[2024-12-14T19:38:28.748+0000] {logging_mixin.py:190} INFO - [2024-12-14T19:38:28.748+0000] {dag.py:4180} INFO - Setting next_dagrun for example_branch_dop_operator_v3 to 2024-12-14 19:37:00+00:00, run_after=2024-12-14 19:38:00+00:00
[2024-12-14T19:38:28.765+0000] {processor.py:208} INFO - Processing /home/airflow/.local/lib/python3.12/site-packages/airflow/example_dags/example_branch_python_dop_operator_3.py took 0.074 seconds
[2024-12-14T19:38:59.898+0000] {processor.py:186} INFO - Started process (PID=432) to work on /home/airflow/.local/lib/python3.12/site-packages/airflow/example_dags/example_branch_python_dop_operator_3.py
[2024-12-14T19:38:59.899+0000] {processor.py:914} INFO - Processing file /home/airflow/.local/lib/python3.12/site-packages/airflow/example_dags/example_branch_python_dop_operator_3.py for tasks to queue
[2024-12-14T19:38:59.901+0000] {logging_mixin.py:190} INFO - [2024-12-14T19:38:59.900+0000] {dagbag.py:588} INFO - Filling up the DagBag from /home/airflow/.local/lib/python3.12/site-packages/airflow/example_dags/example_branch_python_dop_operator_3.py
[2024-12-14T19:38:59.909+0000] {processor.py:925} INFO - DAG(s) 'example_branch_dop_operator_v3' retrieved from /home/airflow/.local/lib/python3.12/site-packages/airflow/example_dags/example_branch_python_dop_operator_3.py
[2024-12-14T19:38:59.927+0000] {logging_mixin.py:190} INFO - [2024-12-14T19:38:59.927+0000] {dag.py:3239} INFO - Sync 1 DAGs
[2024-12-14T19:38:59.955+0000] {logging_mixin.py:190} INFO - [2024-12-14T19:38:59.955+0000] {dag.py:4180} INFO - Setting next_dagrun for example_branch_dop_operator_v3 to 2024-12-14 19:37:00+00:00, run_after=2024-12-14 19:38:00+00:00
[2024-12-14T19:38:59.969+0000] {processor.py:208} INFO - Processing /home/airflow/.local/lib/python3.12/site-packages/airflow/example_dags/example_branch_python_dop_operator_3.py took 0.076 seconds
[2024-12-14T19:39:31.388+0000] {processor.py:186} INFO - Started process (PID=495) to work on /home/airflow/.local/lib/python3.12/site-packages/airflow/example_dags/example_branch_python_dop_operator_3.py
[2024-12-14T19:39:31.389+0000] {processor.py:914} INFO - Processing file /home/airflow/.local/lib/python3.12/site-packages/airflow/example_dags/example_branch_python_dop_operator_3.py for tasks to queue
[2024-12-14T19:39:31.391+0000] {logging_mixin.py:190} INFO - [2024-12-14T19:39:31.391+0000] {dagbag.py:588} INFO - Filling up the DagBag from /home/airflow/.local/lib/python3.12/site-packages/airflow/example_dags/example_branch_python_dop_operator_3.py
[2024-12-14T19:39:31.399+0000] {processor.py:925} INFO - DAG(s) 'example_branch_dop_operator_v3' retrieved from /home/airflow/.local/lib/python3.12/site-packages/airflow/example_dags/example_branch_python_dop_operator_3.py
[2024-12-14T19:39:31.416+0000] {logging_mixin.py:190} INFO - [2024-12-14T19:39:31.416+0000] {dag.py:3239} INFO - Sync 1 DAGs
[2024-12-14T19:39:31.440+0000] {logging_mixin.py:190} INFO - [2024-12-14T19:39:31.440+0000] {dag.py:4180} INFO - Setting next_dagrun for example_branch_dop_operator_v3 to 2024-12-14 19:38:00+00:00, run_after=2024-12-14 19:39:00+00:00
[2024-12-14T19:39:31.456+0000] {processor.py:208} INFO - Processing /home/airflow/.local/lib/python3.12/site-packages/airflow/example_dags/example_branch_python_dop_operator_3.py took 0.073 seconds
[2024-12-14T19:40:02.421+0000] {processor.py:186} INFO - Started process (PID=558) to work on /home/airflow/.local/lib/python3.12/site-packages/airflow/example_dags/example_branch_python_dop_operator_3.py
[2024-12-14T19:40:02.423+0000] {processor.py:914} INFO - Processing file /home/airflow/.local/lib/python3.12/site-packages/airflow/example_dags/example_branch_python_dop_operator_3.py for tasks to queue
[2024-12-14T19:40:02.425+0000] {logging_mixin.py:190} INFO - [2024-12-14T19:40:02.425+0000] {dagbag.py:588} INFO - Filling up the DagBag from /home/airflow/.local/lib/python3.12/site-packages/airflow/example_dags/example_branch_python_dop_operator_3.py
[2024-12-14T19:40:02.437+0000] {processor.py:925} INFO - DAG(s) 'example_branch_dop_operator_v3' retrieved from /home/airflow/.local/lib/python3.12/site-packages/airflow/example_dags/example_branch_python_dop_operator_3.py
[2024-12-14T19:40:02.459+0000] {logging_mixin.py:190} INFO - [2024-12-14T19:40:02.458+0000] {dag.py:3239} INFO - Sync 1 DAGs
[2024-12-14T19:40:02.490+0000] {logging_mixin.py:190} INFO - [2024-12-14T19:40:02.490+0000] {dag.py:4180} INFO - Setting next_dagrun for example_branch_dop_operator_v3 to 2024-12-14 19:39:00+00:00, run_after=2024-12-14 19:40:00+00:00
[2024-12-14T19:40:02.510+0000] {processor.py:208} INFO - Processing /home/airflow/.local/lib/python3.12/site-packages/airflow/example_dags/example_branch_python_dop_operator_3.py took 0.096 seconds
[2024-12-14T19:40:33.028+0000] {processor.py:186} INFO - Started process (PID=621) to work on /home/airflow/.local/lib/python3.12/site-packages/airflow/example_dags/example_branch_python_dop_operator_3.py
[2024-12-14T19:40:33.029+0000] {processor.py:914} INFO - Processing file /home/airflow/.local/lib/python3.12/site-packages/airflow/example_dags/example_branch_python_dop_operator_3.py for tasks to queue
[2024-12-14T19:40:33.031+0000] {logging_mixin.py:190} INFO - [2024-12-14T19:40:33.031+0000] {dagbag.py:588} INFO - Filling up the DagBag from /home/airflow/.local/lib/python3.12/site-packages/airflow/example_dags/example_branch_python_dop_operator_3.py
[2024-12-14T19:40:33.039+0000] {processor.py:925} INFO - DAG(s) 'example_branch_dop_operator_v3' retrieved from /home/airflow/.local/lib/python3.12/site-packages/airflow/example_dags/example_branch_python_dop_operator_3.py
[2024-12-14T19:40:33.056+0000] {logging_mixin.py:190} INFO - [2024-12-14T19:40:33.056+0000] {dag.py:3239} INFO - Sync 1 DAGs
[2024-12-14T19:40:33.082+0000] {logging_mixin.py:190} INFO - [2024-12-14T19:40:33.082+0000] {dag.py:4180} INFO - Setting next_dagrun for example_branch_dop_operator_v3 to 2024-12-14 19:39:00+00:00, run_after=2024-12-14 19:40:00+00:00
[2024-12-14T19:40:33.099+0000] {processor.py:208} INFO - Processing /home/airflow/.local/lib/python3.12/site-packages/airflow/example_dags/example_branch_python_dop_operator_3.py took 0.076 seconds
[2024-12-14T19:41:04.246+0000] {processor.py:186} INFO - Started process (PID=691) to work on /home/airflow/.local/lib/python3.12/site-packages/airflow/example_dags/example_branch_python_dop_operator_3.py
[2024-12-14T19:41:04.247+0000] {processor.py:914} INFO - Processing file /home/airflow/.local/lib/python3.12/site-packages/airflow/example_dags/example_branch_python_dop_operator_3.py for tasks to queue
[2024-12-14T19:41:04.249+0000] {logging_mixin.py:190} INFO - [2024-12-14T19:41:04.249+0000] {dagbag.py:588} INFO - Filling up the DagBag from /home/airflow/.local/lib/python3.12/site-packages/airflow/example_dags/example_branch_python_dop_operator_3.py
[2024-12-14T19:41:04.257+0000] {processor.py:925} INFO - DAG(s) 'example_branch_dop_operator_v3' retrieved from /home/airflow/.local/lib/python3.12/site-packages/airflow/example_dags/example_branch_python_dop_operator_3.py
[2024-12-14T19:41:04.273+0000] {logging_mixin.py:190} INFO - [2024-12-14T19:41:04.272+0000] {dag.py:3239} INFO - Sync 1 DAGs
[2024-12-14T19:41:04.295+0000] {logging_mixin.py:190} INFO - [2024-12-14T19:41:04.295+0000] {dag.py:4180} INFO - Setting next_dagrun for example_branch_dop_operator_v3 to 2024-12-14 19:40:00+00:00, run_after=2024-12-14 19:41:00+00:00
[2024-12-14T19:41:04.309+0000] {processor.py:208} INFO - Processing /home/airflow/.local/lib/python3.12/site-packages/airflow/example_dags/example_branch_python_dop_operator_3.py took 0.067 seconds
[2024-12-14T19:41:35.518+0000] {processor.py:186} INFO - Started process (PID=753) to work on /home/airflow/.local/lib/python3.12/site-packages/airflow/example_dags/example_branch_python_dop_operator_3.py
[2024-12-14T19:41:35.519+0000] {processor.py:914} INFO - Processing file /home/airflow/.local/lib/python3.12/site-packages/airflow/example_dags/example_branch_python_dop_operator_3.py for tasks to queue
[2024-12-14T19:41:35.521+0000] {logging_mixin.py:190} INFO - [2024-12-14T19:41:35.521+0000] {dagbag.py:588} INFO - Filling up the DagBag from /home/airflow/.local/lib/python3.12/site-packages/airflow/example_dags/example_branch_python_dop_operator_3.py
[2024-12-14T19:41:35.530+0000] {processor.py:925} INFO - DAG(s) 'example_branch_dop_operator_v3' retrieved from /home/airflow/.local/lib/python3.12/site-packages/airflow/example_dags/example_branch_python_dop_operator_3.py
[2024-12-14T19:41:35.547+0000] {logging_mixin.py:190} INFO - [2024-12-14T19:41:35.546+0000] {dag.py:3239} INFO - Sync 1 DAGs
[2024-12-14T19:41:35.570+0000] {logging_mixin.py:190} INFO - [2024-12-14T19:41:35.570+0000] {dag.py:4180} INFO - Setting next_dagrun for example_branch_dop_operator_v3 to 2024-12-14 19:40:00+00:00, run_after=2024-12-14 19:41:00+00:00
[2024-12-14T19:41:35.586+0000] {processor.py:208} INFO - Processing /home/airflow/.local/lib/python3.12/site-packages/airflow/example_dags/example_branch_python_dop_operator_3.py took 0.073 seconds
[2024-12-14T19:42:07.225+0000] {processor.py:186} INFO - Started process (PID=815) to work on /home/airflow/.local/lib/python3.12/site-packages/airflow/example_dags/example_branch_python_dop_operator_3.py
[2024-12-14T19:42:07.227+0000] {processor.py:914} INFO - Processing file /home/airflow/.local/lib/python3.12/site-packages/airflow/example_dags/example_branch_python_dop_operator_3.py for tasks to queue
[2024-12-14T19:42:07.228+0000] {logging_mixin.py:190} INFO - [2024-12-14T19:42:07.228+0000] {dagbag.py:588} INFO - Filling up the DagBag from /home/airflow/.local/lib/python3.12/site-packages/airflow/example_dags/example_branch_python_dop_operator_3.py
[2024-12-14T19:42:07.237+0000] {processor.py:925} INFO - DAG(s) 'example_branch_dop_operator_v3' retrieved from /home/airflow/.local/lib/python3.12/site-packages/airflow/example_dags/example_branch_python_dop_operator_3.py
[2024-12-14T19:42:07.254+0000] {logging_mixin.py:190} INFO - [2024-12-14T19:42:07.254+0000] {dag.py:3239} INFO - Sync 1 DAGs
[2024-12-14T19:42:07.283+0000] {logging_mixin.py:190} INFO - [2024-12-14T19:42:07.283+0000] {dag.py:4180} INFO - Setting next_dagrun for example_branch_dop_operator_v3 to 2024-12-14 19:41:00+00:00, run_after=2024-12-14 19:42:00+00:00
[2024-12-14T19:42:07.302+0000] {processor.py:208} INFO - Processing /home/airflow/.local/lib/python3.12/site-packages/airflow/example_dags/example_branch_python_dop_operator_3.py took 0.082 seconds
[2024-12-14T19:42:38.457+0000] {processor.py:186} INFO - Started process (PID=878) to work on /home/airflow/.local/lib/python3.12/site-packages/airflow/example_dags/example_branch_python_dop_operator_3.py
[2024-12-14T19:42:38.458+0000] {processor.py:914} INFO - Processing file /home/airflow/.local/lib/python3.12/site-packages/airflow/example_dags/example_branch_python_dop_operator_3.py for tasks to queue
[2024-12-14T19:42:38.460+0000] {logging_mixin.py:190} INFO - [2024-12-14T19:42:38.460+0000] {dagbag.py:588} INFO - Filling up the DagBag from /home/airflow/.local/lib/python3.12/site-packages/airflow/example_dags/example_branch_python_dop_operator_3.py
[2024-12-14T19:42:38.470+0000] {processor.py:925} INFO - DAG(s) 'example_branch_dop_operator_v3' retrieved from /home/airflow/.local/lib/python3.12/site-packages/airflow/example_dags/example_branch_python_dop_operator_3.py
[2024-12-14T19:42:38.487+0000] {logging_mixin.py:190} INFO - [2024-12-14T19:42:38.487+0000] {dag.py:3239} INFO - Sync 1 DAGs
[2024-12-14T19:42:38.511+0000] {logging_mixin.py:190} INFO - [2024-12-14T19:42:38.511+0000] {dag.py:4180} INFO - Setting next_dagrun for example_branch_dop_operator_v3 to 2024-12-14 19:41:00+00:00, run_after=2024-12-14 19:42:00+00:00
[2024-12-14T19:42:38.525+0000] {processor.py:208} INFO - Processing /home/airflow/.local/lib/python3.12/site-packages/airflow/example_dags/example_branch_python_dop_operator_3.py took 0.073 seconds
[2024-12-14T19:43:08.606+0000] {processor.py:186} INFO - Started process (PID=940) to work on /home/airflow/.local/lib/python3.12/site-packages/airflow/example_dags/example_branch_python_dop_operator_3.py
[2024-12-14T19:43:08.607+0000] {processor.py:914} INFO - Processing file /home/airflow/.local/lib/python3.12/site-packages/airflow/example_dags/example_branch_python_dop_operator_3.py for tasks to queue
[2024-12-14T19:43:08.609+0000] {logging_mixin.py:190} INFO - [2024-12-14T19:43:08.609+0000] {dagbag.py:588} INFO - Filling up the DagBag from /home/airflow/.local/lib/python3.12/site-packages/airflow/example_dags/example_branch_python_dop_operator_3.py
[2024-12-14T19:43:08.621+0000] {processor.py:925} INFO - DAG(s) 'example_branch_dop_operator_v3' retrieved from /home/airflow/.local/lib/python3.12/site-packages/airflow/example_dags/example_branch_python_dop_operator_3.py
[2024-12-14T19:43:08.642+0000] {logging_mixin.py:190} INFO - [2024-12-14T19:43:08.642+0000] {dag.py:3239} INFO - Sync 1 DAGs
[2024-12-14T19:43:08.675+0000] {logging_mixin.py:190} INFO - [2024-12-14T19:43:08.675+0000] {dag.py:4180} INFO - Setting next_dagrun for example_branch_dop_operator_v3 to 2024-12-14 19:42:00+00:00, run_after=2024-12-14 19:43:00+00:00
[2024-12-14T19:43:08.694+0000] {processor.py:208} INFO - Processing /home/airflow/.local/lib/python3.12/site-packages/airflow/example_dags/example_branch_python_dop_operator_3.py took 0.094 seconds
[2024-12-14T19:43:39.715+0000] {processor.py:186} INFO - Started process (PID=1003) to work on /home/airflow/.local/lib/python3.12/site-packages/airflow/example_dags/example_branch_python_dop_operator_3.py
[2024-12-14T19:43:39.716+0000] {processor.py:914} INFO - Processing file /home/airflow/.local/lib/python3.12/site-packages/airflow/example_dags/example_branch_python_dop_operator_3.py for tasks to queue
[2024-12-14T19:43:39.717+0000] {logging_mixin.py:190} INFO - [2024-12-14T19:43:39.717+0000] {dagbag.py:588} INFO - Filling up the DagBag from /home/airflow/.local/lib/python3.12/site-packages/airflow/example_dags/example_branch_python_dop_operator_3.py
[2024-12-14T19:43:39.726+0000] {processor.py:925} INFO - DAG(s) 'example_branch_dop_operator_v3' retrieved from /home/airflow/.local/lib/python3.12/site-packages/airflow/example_dags/example_branch_python_dop_operator_3.py
[2024-12-14T19:43:39.741+0000] {logging_mixin.py:190} INFO - [2024-12-14T19:43:39.741+0000] {dag.py:3239} INFO - Sync 1 DAGs
[2024-12-14T19:43:39.763+0000] {logging_mixin.py:190} INFO - [2024-12-14T19:43:39.763+0000] {dag.py:4180} INFO - Setting next_dagrun for example_branch_dop_operator_v3 to 2024-12-14 19:42:00+00:00, run_after=2024-12-14 19:43:00+00:00
[2024-12-14T19:43:39.782+0000] {processor.py:208} INFO - Processing /home/airflow/.local/lib/python3.12/site-packages/airflow/example_dags/example_branch_python_dop_operator_3.py took 0.072 seconds
[2024-12-14T19:44:10.310+0000] {processor.py:186} INFO - Started process (PID=1066) to work on /home/airflow/.local/lib/python3.12/site-packages/airflow/example_dags/example_branch_python_dop_operator_3.py
[2024-12-14T19:44:10.311+0000] {processor.py:914} INFO - Processing file /home/airflow/.local/lib/python3.12/site-packages/airflow/example_dags/example_branch_python_dop_operator_3.py for tasks to queue
[2024-12-14T19:44:10.312+0000] {logging_mixin.py:190} INFO - [2024-12-14T19:44:10.312+0000] {dagbag.py:588} INFO - Filling up the DagBag from /home/airflow/.local/lib/python3.12/site-packages/airflow/example_dags/example_branch_python_dop_operator_3.py
[2024-12-14T19:44:10.321+0000] {processor.py:925} INFO - DAG(s) 'example_branch_dop_operator_v3' retrieved from /home/airflow/.local/lib/python3.12/site-packages/airflow/example_dags/example_branch_python_dop_operator_3.py
[2024-12-14T19:44:10.338+0000] {logging_mixin.py:190} INFO - [2024-12-14T19:44:10.338+0000] {dag.py:3239} INFO - Sync 1 DAGs
[2024-12-14T19:44:10.364+0000] {logging_mixin.py:190} INFO - [2024-12-14T19:44:10.364+0000] {dag.py:4180} INFO - Setting next_dagrun for example_branch_dop_operator_v3 to 2024-12-14 19:43:00+00:00, run_after=2024-12-14 19:44:00+00:00
[2024-12-14T19:44:10.382+0000] {processor.py:208} INFO - Processing /home/airflow/.local/lib/python3.12/site-packages/airflow/example_dags/example_branch_python_dop_operator_3.py took 0.077 seconds
[2024-12-14T19:44:41.753+0000] {processor.py:186} INFO - Started process (PID=1129) to work on /home/airflow/.local/lib/python3.12/site-packages/airflow/example_dags/example_branch_python_dop_operator_3.py
[2024-12-14T19:44:41.754+0000] {processor.py:914} INFO - Processing file /home/airflow/.local/lib/python3.12/site-packages/airflow/example_dags/example_branch_python_dop_operator_3.py for tasks to queue
[2024-12-14T19:44:41.756+0000] {logging_mixin.py:190} INFO - [2024-12-14T19:44:41.755+0000] {dagbag.py:588} INFO - Filling up the DagBag from /home/airflow/.local/lib/python3.12/site-packages/airflow/example_dags/example_branch_python_dop_operator_3.py
[2024-12-14T19:44:41.765+0000] {processor.py:925} INFO - DAG(s) 'example_branch_dop_operator_v3' retrieved from /home/airflow/.local/lib/python3.12/site-packages/airflow/example_dags/example_branch_python_dop_operator_3.py
[2024-12-14T19:44:41.783+0000] {logging_mixin.py:190} INFO - [2024-12-14T19:44:41.782+0000] {dag.py:3239} INFO - Sync 1 DAGs
[2024-12-14T19:44:41.806+0000] {logging_mixin.py:190} INFO - [2024-12-14T19:44:41.806+0000] {dag.py:4180} INFO - Setting next_dagrun for example_branch_dop_operator_v3 to 2024-12-14 19:43:00+00:00, run_after=2024-12-14 19:44:00+00:00
[2024-12-14T19:44:41.823+0000] {processor.py:208} INFO - Processing /home/airflow/.local/lib/python3.12/site-packages/airflow/example_dags/example_branch_python_dop_operator_3.py took 0.076 seconds
[2024-12-14T19:45:13.732+0000] {processor.py:186} INFO - Started process (PID=1193) to work on /home/airflow/.local/lib/python3.12/site-packages/airflow/example_dags/example_branch_python_dop_operator_3.py
[2024-12-14T19:45:13.732+0000] {processor.py:914} INFO - Processing file /home/airflow/.local/lib/python3.12/site-packages/airflow/example_dags/example_branch_python_dop_operator_3.py for tasks to queue
[2024-12-14T19:45:13.734+0000] {logging_mixin.py:190} INFO - [2024-12-14T19:45:13.734+0000] {dagbag.py:588} INFO - Filling up the DagBag from /home/airflow/.local/lib/python3.12/site-packages/airflow/example_dags/example_branch_python_dop_operator_3.py
[2024-12-14T19:45:13.745+0000] {processor.py:925} INFO - DAG(s) 'example_branch_dop_operator_v3' retrieved from /home/airflow/.local/lib/python3.12/site-packages/airflow/example_dags/example_branch_python_dop_operator_3.py
[2024-12-14T19:45:13.763+0000] {logging_mixin.py:190} INFO - [2024-12-14T19:45:13.762+0000] {dag.py:3239} INFO - Sync 1 DAGs
[2024-12-14T19:45:13.787+0000] {logging_mixin.py:190} INFO - [2024-12-14T19:45:13.787+0000] {dag.py:4180} INFO - Setting next_dagrun for example_branch_dop_operator_v3 to 2024-12-14 19:44:00+00:00, run_after=2024-12-14 19:45:00+00:00
[2024-12-14T19:45:13.802+0000] {processor.py:208} INFO - Processing /home/airflow/.local/lib/python3.12/site-packages/airflow/example_dags/example_branch_python_dop_operator_3.py took 0.076 seconds
[2024-12-14T19:45:44.472+0000] {processor.py:186} INFO - Started process (PID=1256) to work on /home/airflow/.local/lib/python3.12/site-packages/airflow/example_dags/example_branch_python_dop_operator_3.py
[2024-12-14T19:45:44.473+0000] {processor.py:914} INFO - Processing file /home/airflow/.local/lib/python3.12/site-packages/airflow/example_dags/example_branch_python_dop_operator_3.py for tasks to queue
[2024-12-14T19:45:44.475+0000] {logging_mixin.py:190} INFO - [2024-12-14T19:45:44.474+0000] {dagbag.py:588} INFO - Filling up the DagBag from /home/airflow/.local/lib/python3.12/site-packages/airflow/example_dags/example_branch_python_dop_operator_3.py
[2024-12-14T19:45:44.484+0000] {processor.py:925} INFO - DAG(s) 'example_branch_dop_operator_v3' retrieved from /home/airflow/.local/lib/python3.12/site-packages/airflow/example_dags/example_branch_python_dop_operator_3.py
[2024-12-14T19:45:44.503+0000] {logging_mixin.py:190} INFO - [2024-12-14T19:45:44.503+0000] {dag.py:3239} INFO - Sync 1 DAGs
[2024-12-14T19:45:44.530+0000] {logging_mixin.py:190} INFO - [2024-12-14T19:45:44.530+0000] {dag.py:4180} INFO - Setting next_dagrun for example_branch_dop_operator_v3 to 2024-12-14 19:44:00+00:00, run_after=2024-12-14 19:45:00+00:00
[2024-12-14T19:45:44.548+0000] {processor.py:208} INFO - Processing /home/airflow/.local/lib/python3.12/site-packages/airflow/example_dags/example_branch_python_dop_operator_3.py took 0.080 seconds
