[2024-12-14T19:28:32.567+0000] {processor.py:186} INFO - Started process (PID=72) to work on /home/airflow/.local/lib/python3.12/site-packages/airflow/example_dags/example_bash_operator.py
[2024-12-14T19:28:32.567+0000] {processor.py:914} INFO - Processing file /home/airflow/.local/lib/python3.12/site-packages/airflow/example_dags/example_bash_operator.py for tasks to queue
[2024-12-14T19:28:32.570+0000] {logging_mixin.py:190} INFO - [2024-12-14T19:28:32.569+0000] {dagbag.py:588} INFO - Filling up the DagBag from /home/airflow/.local/lib/python3.12/site-packages/airflow/example_dags/example_bash_operator.py
[2024-12-14T19:28:32.586+0000] {processor.py:925} INFO - DAG(s) 'example_bash_operator' retrieved from /home/airflow/.local/lib/python3.12/site-packages/airflow/example_dags/example_bash_operator.py
[2024-12-14T19:28:32.716+0000] {logging_mixin.py:190} INFO - [2024-12-14T19:28:32.715+0000] {override.py:1911} INFO - Created Permission View: can edit on DAG:example_bash_operator
[2024-12-14T19:28:32.726+0000] {logging_mixin.py:190} INFO - [2024-12-14T19:28:32.726+0000] {override.py:1911} INFO - Created Permission View: can delete on DAG:example_bash_operator
[2024-12-14T19:28:32.733+0000] {logging_mixin.py:190} INFO - [2024-12-14T19:28:32.733+0000] {override.py:1911} INFO - Created Permission View: can read on DAG:example_bash_operator
[2024-12-14T19:28:32.739+0000] {logging_mixin.py:190} INFO - [2024-12-14T19:28:32.739+0000] {override.py:1911} INFO - Created Permission View: menu access on DAG Run:example_bash_operator
[2024-12-14T19:28:32.746+0000] {logging_mixin.py:190} INFO - [2024-12-14T19:28:32.745+0000] {override.py:1911} INFO - Created Permission View: can delete on DAG Run:example_bash_operator
[2024-12-14T19:28:32.753+0000] {logging_mixin.py:190} INFO - [2024-12-14T19:28:32.753+0000] {override.py:1911} INFO - Created Permission View: can create on DAG Run:example_bash_operator
[2024-12-14T19:28:32.759+0000] {logging_mixin.py:190} INFO - [2024-12-14T19:28:32.758+0000] {override.py:1911} INFO - Created Permission View: can read on DAG Run:example_bash_operator
[2024-12-14T19:28:32.759+0000] {logging_mixin.py:190} INFO - [2024-12-14T19:28:32.759+0000] {dag.py:3239} INFO - Sync 1 DAGs
[2024-12-14T19:28:32.773+0000] {logging_mixin.py:190} INFO - [2024-12-14T19:28:32.773+0000] {dag.py:3262} INFO - Creating ORM DAG for example_bash_operator
[2024-12-14T19:28:32.784+0000] {logging_mixin.py:190} INFO - [2024-12-14T19:28:32.783+0000] {dag.py:4180} INFO - Setting next_dagrun for example_bash_operator to 2024-12-13 00:00:00+00:00, run_after=2024-12-14 00:00:00+00:00
[2024-12-14T19:28:32.800+0000] {processor.py:208} INFO - Processing /home/airflow/.local/lib/python3.12/site-packages/airflow/example_dags/example_bash_operator.py took 0.240 seconds
[2024-12-14T19:29:03.027+0000] {processor.py:186} INFO - Started process (PID=135) to work on /home/airflow/.local/lib/python3.12/site-packages/airflow/example_dags/example_bash_operator.py
[2024-12-14T19:29:03.027+0000] {processor.py:914} INFO - Processing file /home/airflow/.local/lib/python3.12/site-packages/airflow/example_dags/example_bash_operator.py for tasks to queue
[2024-12-14T19:29:03.029+0000] {logging_mixin.py:190} INFO - [2024-12-14T19:29:03.029+0000] {dagbag.py:588} INFO - Filling up the DagBag from /home/airflow/.local/lib/python3.12/site-packages/airflow/example_dags/example_bash_operator.py
[2024-12-14T19:29:03.057+0000] {processor.py:925} INFO - DAG(s) 'example_bash_operator' retrieved from /home/airflow/.local/lib/python3.12/site-packages/airflow/example_dags/example_bash_operator.py
[2024-12-14T19:29:03.132+0000] {logging_mixin.py:190} INFO - [2024-12-14T19:29:03.132+0000] {dag.py:3239} INFO - Sync 1 DAGs
[2024-12-14T19:29:03.174+0000] {logging_mixin.py:190} INFO - [2024-12-14T19:29:03.174+0000] {dag.py:4180} INFO - Setting next_dagrun for example_bash_operator to 2024-12-13 00:00:00+00:00, run_after=2024-12-14 00:00:00+00:00
[2024-12-14T19:29:03.223+0000] {processor.py:208} INFO - Processing /home/airflow/.local/lib/python3.12/site-packages/airflow/example_dags/example_bash_operator.py took 0.203 seconds
[2024-12-14T19:29:33.588+0000] {processor.py:186} INFO - Started process (PID=198) to work on /home/airflow/.local/lib/python3.12/site-packages/airflow/example_dags/example_bash_operator.py
[2024-12-14T19:29:33.589+0000] {processor.py:914} INFO - Processing file /home/airflow/.local/lib/python3.12/site-packages/airflow/example_dags/example_bash_operator.py for tasks to queue
[2024-12-14T19:29:33.590+0000] {logging_mixin.py:190} INFO - [2024-12-14T19:29:33.590+0000] {dagbag.py:588} INFO - Filling up the DagBag from /home/airflow/.local/lib/python3.12/site-packages/airflow/example_dags/example_bash_operator.py
[2024-12-14T19:29:33.602+0000] {processor.py:925} INFO - DAG(s) 'example_bash_operator' retrieved from /home/airflow/.local/lib/python3.12/site-packages/airflow/example_dags/example_bash_operator.py
[2024-12-14T19:29:33.631+0000] {logging_mixin.py:190} INFO - [2024-12-14T19:29:33.631+0000] {dag.py:3239} INFO - Sync 1 DAGs
[2024-12-14T19:29:33.657+0000] {logging_mixin.py:190} INFO - [2024-12-14T19:29:33.657+0000] {dag.py:4180} INFO - Setting next_dagrun for example_bash_operator to 2024-12-13 00:00:00+00:00, run_after=2024-12-14 00:00:00+00:00
[2024-12-14T19:29:33.675+0000] {processor.py:208} INFO - Processing /home/airflow/.local/lib/python3.12/site-packages/airflow/example_dags/example_bash_operator.py took 0.092 seconds
[2024-12-14T19:30:03.967+0000] {processor.py:186} INFO - Started process (PID=261) to work on /home/airflow/.local/lib/python3.12/site-packages/airflow/example_dags/example_bash_operator.py
[2024-12-14T19:30:03.968+0000] {processor.py:914} INFO - Processing file /home/airflow/.local/lib/python3.12/site-packages/airflow/example_dags/example_bash_operator.py for tasks to queue
[2024-12-14T19:30:03.969+0000] {logging_mixin.py:190} INFO - [2024-12-14T19:30:03.969+0000] {dagbag.py:588} INFO - Filling up the DagBag from /home/airflow/.local/lib/python3.12/site-packages/airflow/example_dags/example_bash_operator.py
[2024-12-14T19:30:03.981+0000] {processor.py:925} INFO - DAG(s) 'example_bash_operator' retrieved from /home/airflow/.local/lib/python3.12/site-packages/airflow/example_dags/example_bash_operator.py
[2024-12-14T19:30:04.004+0000] {logging_mixin.py:190} INFO - [2024-12-14T19:30:04.004+0000] {dag.py:3239} INFO - Sync 1 DAGs
[2024-12-14T19:30:04.026+0000] {logging_mixin.py:190} INFO - [2024-12-14T19:30:04.026+0000] {dag.py:4180} INFO - Setting next_dagrun for example_bash_operator to 2024-12-13 00:00:00+00:00, run_after=2024-12-14 00:00:00+00:00
[2024-12-14T19:30:04.042+0000] {processor.py:208} INFO - Processing /home/airflow/.local/lib/python3.12/site-packages/airflow/example_dags/example_bash_operator.py took 0.081 seconds
[2024-12-14T19:30:34.082+0000] {processor.py:186} INFO - Started process (PID=323) to work on /home/airflow/.local/lib/python3.12/site-packages/airflow/example_dags/example_bash_operator.py
[2024-12-14T19:30:34.082+0000] {processor.py:914} INFO - Processing file /home/airflow/.local/lib/python3.12/site-packages/airflow/example_dags/example_bash_operator.py for tasks to queue
[2024-12-14T19:30:34.084+0000] {logging_mixin.py:190} INFO - [2024-12-14T19:30:34.084+0000] {dagbag.py:588} INFO - Filling up the DagBag from /home/airflow/.local/lib/python3.12/site-packages/airflow/example_dags/example_bash_operator.py
[2024-12-14T19:30:34.095+0000] {processor.py:925} INFO - DAG(s) 'example_bash_operator' retrieved from /home/airflow/.local/lib/python3.12/site-packages/airflow/example_dags/example_bash_operator.py
[2024-12-14T19:30:34.118+0000] {logging_mixin.py:190} INFO - [2024-12-14T19:30:34.118+0000] {dag.py:3239} INFO - Sync 1 DAGs
[2024-12-14T19:30:34.140+0000] {logging_mixin.py:190} INFO - [2024-12-14T19:30:34.140+0000] {dag.py:4180} INFO - Setting next_dagrun for example_bash_operator to 2024-12-13 00:00:00+00:00, run_after=2024-12-14 00:00:00+00:00
[2024-12-14T19:30:34.155+0000] {processor.py:208} INFO - Processing /home/airflow/.local/lib/python3.12/site-packages/airflow/example_dags/example_bash_operator.py took 0.078 seconds
[2024-12-14T19:31:43.697+0000] {processor.py:186} INFO - Started process (PID=73) to work on /home/airflow/.local/lib/python3.12/site-packages/airflow/example_dags/example_bash_operator.py
[2024-12-14T19:31:43.699+0000] {processor.py:914} INFO - Processing file /home/airflow/.local/lib/python3.12/site-packages/airflow/example_dags/example_bash_operator.py for tasks to queue
[2024-12-14T19:31:43.702+0000] {logging_mixin.py:190} INFO - [2024-12-14T19:31:43.701+0000] {dagbag.py:588} INFO - Filling up the DagBag from /home/airflow/.local/lib/python3.12/site-packages/airflow/example_dags/example_bash_operator.py
[2024-12-14T19:31:43.750+0000] {processor.py:925} INFO - DAG(s) 'example_bash_operator' retrieved from /home/airflow/.local/lib/python3.12/site-packages/airflow/example_dags/example_bash_operator.py
[2024-12-14T19:31:43.798+0000] {logging_mixin.py:190} INFO - [2024-12-14T19:31:43.798+0000] {dag.py:3239} INFO - Sync 1 DAGs
[2024-12-14T19:31:43.861+0000] {logging_mixin.py:190} INFO - [2024-12-14T19:31:43.861+0000] {dag.py:4180} INFO - Setting next_dagrun for example_bash_operator to 2024-12-13 00:00:00+00:00, run_after=2024-12-14 00:00:00+00:00
[2024-12-14T19:31:43.898+0000] {processor.py:208} INFO - Processing /home/airflow/.local/lib/python3.12/site-packages/airflow/example_dags/example_bash_operator.py took 0.227 seconds
[2024-12-14T19:32:14.702+0000] {processor.py:186} INFO - Started process (PID=137) to work on /home/airflow/.local/lib/python3.12/site-packages/airflow/example_dags/example_bash_operator.py
[2024-12-14T19:32:14.703+0000] {processor.py:914} INFO - Processing file /home/airflow/.local/lib/python3.12/site-packages/airflow/example_dags/example_bash_operator.py for tasks to queue
[2024-12-14T19:32:14.705+0000] {logging_mixin.py:190} INFO - [2024-12-14T19:32:14.704+0000] {dagbag.py:588} INFO - Filling up the DagBag from /home/airflow/.local/lib/python3.12/site-packages/airflow/example_dags/example_bash_operator.py
[2024-12-14T19:32:14.716+0000] {processor.py:925} INFO - DAG(s) 'example_bash_operator' retrieved from /home/airflow/.local/lib/python3.12/site-packages/airflow/example_dags/example_bash_operator.py
[2024-12-14T19:32:14.739+0000] {logging_mixin.py:190} INFO - [2024-12-14T19:32:14.739+0000] {dag.py:3239} INFO - Sync 1 DAGs
[2024-12-14T19:32:14.762+0000] {logging_mixin.py:190} INFO - [2024-12-14T19:32:14.761+0000] {dag.py:4180} INFO - Setting next_dagrun for example_bash_operator to 2024-12-13 00:00:00+00:00, run_after=2024-12-14 00:00:00+00:00
[2024-12-14T19:32:14.777+0000] {processor.py:208} INFO - Processing /home/airflow/.local/lib/python3.12/site-packages/airflow/example_dags/example_bash_operator.py took 0.080 seconds
[2024-12-14T19:32:44.894+0000] {processor.py:186} INFO - Started process (PID=200) to work on /home/airflow/.local/lib/python3.12/site-packages/airflow/example_dags/example_bash_operator.py
[2024-12-14T19:32:44.895+0000] {processor.py:914} INFO - Processing file /home/airflow/.local/lib/python3.12/site-packages/airflow/example_dags/example_bash_operator.py for tasks to queue
[2024-12-14T19:32:44.897+0000] {logging_mixin.py:190} INFO - [2024-12-14T19:32:44.896+0000] {dagbag.py:588} INFO - Filling up the DagBag from /home/airflow/.local/lib/python3.12/site-packages/airflow/example_dags/example_bash_operator.py
[2024-12-14T19:32:44.908+0000] {processor.py:925} INFO - DAG(s) 'example_bash_operator' retrieved from /home/airflow/.local/lib/python3.12/site-packages/airflow/example_dags/example_bash_operator.py
[2024-12-14T19:32:44.930+0000] {logging_mixin.py:190} INFO - [2024-12-14T19:32:44.930+0000] {dag.py:3239} INFO - Sync 1 DAGs
[2024-12-14T19:32:44.954+0000] {logging_mixin.py:190} INFO - [2024-12-14T19:32:44.954+0000] {dag.py:4180} INFO - Setting next_dagrun for example_bash_operator to 2024-12-13 00:00:00+00:00, run_after=2024-12-14 00:00:00+00:00
[2024-12-14T19:32:44.971+0000] {processor.py:208} INFO - Processing /home/airflow/.local/lib/python3.12/site-packages/airflow/example_dags/example_bash_operator.py took 0.082 seconds
[2024-12-14T19:33:16.062+0000] {processor.py:186} INFO - Started process (PID=263) to work on /home/airflow/.local/lib/python3.12/site-packages/airflow/example_dags/example_bash_operator.py
[2024-12-14T19:33:16.063+0000] {processor.py:914} INFO - Processing file /home/airflow/.local/lib/python3.12/site-packages/airflow/example_dags/example_bash_operator.py for tasks to queue
[2024-12-14T19:33:16.065+0000] {logging_mixin.py:190} INFO - [2024-12-14T19:33:16.064+0000] {dagbag.py:588} INFO - Filling up the DagBag from /home/airflow/.local/lib/python3.12/site-packages/airflow/example_dags/example_bash_operator.py
[2024-12-14T19:33:16.075+0000] {processor.py:925} INFO - DAG(s) 'example_bash_operator' retrieved from /home/airflow/.local/lib/python3.12/site-packages/airflow/example_dags/example_bash_operator.py
[2024-12-14T19:33:16.100+0000] {logging_mixin.py:190} INFO - [2024-12-14T19:33:16.100+0000] {dag.py:3239} INFO - Sync 1 DAGs
[2024-12-14T19:33:16.121+0000] {logging_mixin.py:190} INFO - [2024-12-14T19:33:16.120+0000] {dag.py:4180} INFO - Setting next_dagrun for example_bash_operator to 2024-12-13 00:00:00+00:00, run_after=2024-12-14 00:00:00+00:00
[2024-12-14T19:33:16.137+0000] {processor.py:208} INFO - Processing /home/airflow/.local/lib/python3.12/site-packages/airflow/example_dags/example_bash_operator.py took 0.079 seconds
[2024-12-14T19:33:47.485+0000] {processor.py:186} INFO - Started process (PID=326) to work on /home/airflow/.local/lib/python3.12/site-packages/airflow/example_dags/example_bash_operator.py
[2024-12-14T19:33:47.486+0000] {processor.py:914} INFO - Processing file /home/airflow/.local/lib/python3.12/site-packages/airflow/example_dags/example_bash_operator.py for tasks to queue
[2024-12-14T19:33:47.488+0000] {logging_mixin.py:190} INFO - [2024-12-14T19:33:47.488+0000] {dagbag.py:588} INFO - Filling up the DagBag from /home/airflow/.local/lib/python3.12/site-packages/airflow/example_dags/example_bash_operator.py
[2024-12-14T19:33:47.499+0000] {processor.py:925} INFO - DAG(s) 'example_bash_operator' retrieved from /home/airflow/.local/lib/python3.12/site-packages/airflow/example_dags/example_bash_operator.py
[2024-12-14T19:33:47.522+0000] {logging_mixin.py:190} INFO - [2024-12-14T19:33:47.521+0000] {dag.py:3239} INFO - Sync 1 DAGs
[2024-12-14T19:33:47.542+0000] {logging_mixin.py:190} INFO - [2024-12-14T19:33:47.542+0000] {dag.py:4180} INFO - Setting next_dagrun for example_bash_operator to 2024-12-13 00:00:00+00:00, run_after=2024-12-14 00:00:00+00:00
[2024-12-14T19:33:47.557+0000] {processor.py:208} INFO - Processing /home/airflow/.local/lib/python3.12/site-packages/airflow/example_dags/example_bash_operator.py took 0.076 seconds
[2024-12-14T19:34:18.979+0000] {processor.py:186} INFO - Started process (PID=389) to work on /home/airflow/.local/lib/python3.12/site-packages/airflow/example_dags/example_bash_operator.py
[2024-12-14T19:34:18.980+0000] {processor.py:914} INFO - Processing file /home/airflow/.local/lib/python3.12/site-packages/airflow/example_dags/example_bash_operator.py for tasks to queue
[2024-12-14T19:34:18.981+0000] {logging_mixin.py:190} INFO - [2024-12-14T19:34:18.981+0000] {dagbag.py:588} INFO - Filling up the DagBag from /home/airflow/.local/lib/python3.12/site-packages/airflow/example_dags/example_bash_operator.py
[2024-12-14T19:34:18.993+0000] {processor.py:925} INFO - DAG(s) 'example_bash_operator' retrieved from /home/airflow/.local/lib/python3.12/site-packages/airflow/example_dags/example_bash_operator.py
[2024-12-14T19:34:19.023+0000] {logging_mixin.py:190} INFO - [2024-12-14T19:34:19.023+0000] {dag.py:3239} INFO - Sync 1 DAGs
[2024-12-14T19:34:19.049+0000] {logging_mixin.py:190} INFO - [2024-12-14T19:34:19.049+0000] {dag.py:4180} INFO - Setting next_dagrun for example_bash_operator to 2024-12-13 00:00:00+00:00, run_after=2024-12-14 00:00:00+00:00
[2024-12-14T19:34:19.065+0000] {processor.py:208} INFO - Processing /home/airflow/.local/lib/python3.12/site-packages/airflow/example_dags/example_bash_operator.py took 0.091 seconds
[2024-12-14T19:34:50.122+0000] {processor.py:186} INFO - Started process (PID=452) to work on /home/airflow/.local/lib/python3.12/site-packages/airflow/example_dags/example_bash_operator.py
[2024-12-14T19:34:50.123+0000] {processor.py:914} INFO - Processing file /home/airflow/.local/lib/python3.12/site-packages/airflow/example_dags/example_bash_operator.py for tasks to queue
[2024-12-14T19:34:50.124+0000] {logging_mixin.py:190} INFO - [2024-12-14T19:34:50.124+0000] {dagbag.py:588} INFO - Filling up the DagBag from /home/airflow/.local/lib/python3.12/site-packages/airflow/example_dags/example_bash_operator.py
[2024-12-14T19:34:50.135+0000] {processor.py:925} INFO - DAG(s) 'example_bash_operator' retrieved from /home/airflow/.local/lib/python3.12/site-packages/airflow/example_dags/example_bash_operator.py
[2024-12-14T19:34:50.157+0000] {logging_mixin.py:190} INFO - [2024-12-14T19:34:50.157+0000] {dag.py:3239} INFO - Sync 1 DAGs
[2024-12-14T19:34:50.178+0000] {logging_mixin.py:190} INFO - [2024-12-14T19:34:50.177+0000] {dag.py:4180} INFO - Setting next_dagrun for example_bash_operator to 2024-12-13 00:00:00+00:00, run_after=2024-12-14 00:00:00+00:00
[2024-12-14T19:34:50.193+0000] {processor.py:208} INFO - Processing /home/airflow/.local/lib/python3.12/site-packages/airflow/example_dags/example_bash_operator.py took 0.076 seconds
[2024-12-14T19:35:54.223+0000] {processor.py:186} INFO - Started process (PID=66) to work on /home/airflow/.local/lib/python3.12/site-packages/airflow/example_dags/example_bash_operator.py
[2024-12-14T19:35:54.224+0000] {processor.py:914} INFO - Processing file /home/airflow/.local/lib/python3.12/site-packages/airflow/example_dags/example_bash_operator.py for tasks to queue
[2024-12-14T19:35:54.226+0000] {logging_mixin.py:190} INFO - [2024-12-14T19:35:54.226+0000] {dagbag.py:588} INFO - Filling up the DagBag from /home/airflow/.local/lib/python3.12/site-packages/airflow/example_dags/example_bash_operator.py
[2024-12-14T19:35:54.237+0000] {processor.py:925} INFO - DAG(s) 'example_bash_operator' retrieved from /home/airflow/.local/lib/python3.12/site-packages/airflow/example_dags/example_bash_operator.py
[2024-12-14T19:35:54.266+0000] {logging_mixin.py:190} INFO - [2024-12-14T19:35:54.266+0000] {dag.py:3239} INFO - Sync 1 DAGs
[2024-12-14T19:35:54.289+0000] {logging_mixin.py:190} INFO - [2024-12-14T19:35:54.288+0000] {dag.py:4180} INFO - Setting next_dagrun for example_bash_operator to 2024-12-13 00:00:00+00:00, run_after=2024-12-14 00:00:00+00:00
[2024-12-14T19:35:54.303+0000] {processor.py:208} INFO - Processing /home/airflow/.local/lib/python3.12/site-packages/airflow/example_dags/example_bash_operator.py took 0.085 seconds
[2024-12-14T19:36:25.255+0000] {processor.py:186} INFO - Started process (PID=129) to work on /home/airflow/.local/lib/python3.12/site-packages/airflow/example_dags/example_bash_operator.py
[2024-12-14T19:36:25.256+0000] {processor.py:914} INFO - Processing file /home/airflow/.local/lib/python3.12/site-packages/airflow/example_dags/example_bash_operator.py for tasks to queue
[2024-12-14T19:36:25.258+0000] {logging_mixin.py:190} INFO - [2024-12-14T19:36:25.257+0000] {dagbag.py:588} INFO - Filling up the DagBag from /home/airflow/.local/lib/python3.12/site-packages/airflow/example_dags/example_bash_operator.py
[2024-12-14T19:36:25.272+0000] {processor.py:925} INFO - DAG(s) 'example_bash_operator' retrieved from /home/airflow/.local/lib/python3.12/site-packages/airflow/example_dags/example_bash_operator.py
[2024-12-14T19:36:25.297+0000] {logging_mixin.py:190} INFO - [2024-12-14T19:36:25.297+0000] {dag.py:3239} INFO - Sync 1 DAGs
[2024-12-14T19:36:25.320+0000] {logging_mixin.py:190} INFO - [2024-12-14T19:36:25.320+0000] {dag.py:4180} INFO - Setting next_dagrun for example_bash_operator to 2024-12-13 00:00:00+00:00, run_after=2024-12-14 00:00:00+00:00
[2024-12-14T19:36:25.334+0000] {processor.py:208} INFO - Processing /home/airflow/.local/lib/python3.12/site-packages/airflow/example_dags/example_bash_operator.py took 0.085 seconds
[2024-12-14T19:36:56.283+0000] {processor.py:186} INFO - Started process (PID=192) to work on /home/airflow/.local/lib/python3.12/site-packages/airflow/example_dags/example_bash_operator.py
[2024-12-14T19:36:56.284+0000] {processor.py:914} INFO - Processing file /home/airflow/.local/lib/python3.12/site-packages/airflow/example_dags/example_bash_operator.py for tasks to queue
[2024-12-14T19:36:56.286+0000] {logging_mixin.py:190} INFO - [2024-12-14T19:36:56.285+0000] {dagbag.py:588} INFO - Filling up the DagBag from /home/airflow/.local/lib/python3.12/site-packages/airflow/example_dags/example_bash_operator.py
[2024-12-14T19:36:56.296+0000] {processor.py:925} INFO - DAG(s) 'example_bash_operator' retrieved from /home/airflow/.local/lib/python3.12/site-packages/airflow/example_dags/example_bash_operator.py
[2024-12-14T19:36:56.318+0000] {logging_mixin.py:190} INFO - [2024-12-14T19:36:56.318+0000] {dag.py:3239} INFO - Sync 1 DAGs
[2024-12-14T19:36:56.338+0000] {logging_mixin.py:190} INFO - [2024-12-14T19:36:56.338+0000] {dag.py:4180} INFO - Setting next_dagrun for example_bash_operator to 2024-12-13 00:00:00+00:00, run_after=2024-12-14 00:00:00+00:00
[2024-12-14T19:36:56.352+0000] {processor.py:208} INFO - Processing /home/airflow/.local/lib/python3.12/site-packages/airflow/example_dags/example_bash_operator.py took 0.074 seconds
[2024-12-14T19:37:27.283+0000] {processor.py:186} INFO - Started process (PID=255) to work on /home/airflow/.local/lib/python3.12/site-packages/airflow/example_dags/example_bash_operator.py
[2024-12-14T19:37:27.284+0000] {processor.py:914} INFO - Processing file /home/airflow/.local/lib/python3.12/site-packages/airflow/example_dags/example_bash_operator.py for tasks to queue
[2024-12-14T19:37:27.285+0000] {logging_mixin.py:190} INFO - [2024-12-14T19:37:27.285+0000] {dagbag.py:588} INFO - Filling up the DagBag from /home/airflow/.local/lib/python3.12/site-packages/airflow/example_dags/example_bash_operator.py
[2024-12-14T19:37:27.296+0000] {processor.py:925} INFO - DAG(s) 'example_bash_operator' retrieved from /home/airflow/.local/lib/python3.12/site-packages/airflow/example_dags/example_bash_operator.py
[2024-12-14T19:37:27.322+0000] {logging_mixin.py:190} INFO - [2024-12-14T19:37:27.322+0000] {dag.py:3239} INFO - Sync 1 DAGs
[2024-12-14T19:37:27.343+0000] {logging_mixin.py:190} INFO - [2024-12-14T19:37:27.342+0000] {dag.py:4180} INFO - Setting next_dagrun for example_bash_operator to 2024-12-13 00:00:00+00:00, run_after=2024-12-14 00:00:00+00:00
[2024-12-14T19:37:27.361+0000] {processor.py:208} INFO - Processing /home/airflow/.local/lib/python3.12/site-packages/airflow/example_dags/example_bash_operator.py took 0.083 seconds
[2024-12-14T19:37:58.243+0000] {processor.py:186} INFO - Started process (PID=318) to work on /home/airflow/.local/lib/python3.12/site-packages/airflow/example_dags/example_bash_operator.py
[2024-12-14T19:37:58.244+0000] {processor.py:914} INFO - Processing file /home/airflow/.local/lib/python3.12/site-packages/airflow/example_dags/example_bash_operator.py for tasks to queue
[2024-12-14T19:37:58.246+0000] {logging_mixin.py:190} INFO - [2024-12-14T19:37:58.245+0000] {dagbag.py:588} INFO - Filling up the DagBag from /home/airflow/.local/lib/python3.12/site-packages/airflow/example_dags/example_bash_operator.py
[2024-12-14T19:37:58.258+0000] {processor.py:925} INFO - DAG(s) 'example_bash_operator' retrieved from /home/airflow/.local/lib/python3.12/site-packages/airflow/example_dags/example_bash_operator.py
[2024-12-14T19:37:58.280+0000] {logging_mixin.py:190} INFO - [2024-12-14T19:37:58.280+0000] {dag.py:3239} INFO - Sync 1 DAGs
[2024-12-14T19:37:58.301+0000] {logging_mixin.py:190} INFO - [2024-12-14T19:37:58.301+0000] {dag.py:4180} INFO - Setting next_dagrun for example_bash_operator to 2024-12-13 00:00:00+00:00, run_after=2024-12-14 00:00:00+00:00
[2024-12-14T19:37:58.317+0000] {processor.py:208} INFO - Processing /home/airflow/.local/lib/python3.12/site-packages/airflow/example_dags/example_bash_operator.py took 0.078 seconds
[2024-12-14T19:38:29.319+0000] {processor.py:186} INFO - Started process (PID=381) to work on /home/airflow/.local/lib/python3.12/site-packages/airflow/example_dags/example_bash_operator.py
[2024-12-14T19:38:29.320+0000] {processor.py:914} INFO - Processing file /home/airflow/.local/lib/python3.12/site-packages/airflow/example_dags/example_bash_operator.py for tasks to queue
[2024-12-14T19:38:29.322+0000] {logging_mixin.py:190} INFO - [2024-12-14T19:38:29.322+0000] {dagbag.py:588} INFO - Filling up the DagBag from /home/airflow/.local/lib/python3.12/site-packages/airflow/example_dags/example_bash_operator.py
[2024-12-14T19:38:29.333+0000] {processor.py:925} INFO - DAG(s) 'example_bash_operator' retrieved from /home/airflow/.local/lib/python3.12/site-packages/airflow/example_dags/example_bash_operator.py
[2024-12-14T19:38:29.357+0000] {logging_mixin.py:190} INFO - [2024-12-14T19:38:29.357+0000] {dag.py:3239} INFO - Sync 1 DAGs
[2024-12-14T19:38:29.378+0000] {logging_mixin.py:190} INFO - [2024-12-14T19:38:29.377+0000] {dag.py:4180} INFO - Setting next_dagrun for example_bash_operator to 2024-12-13 00:00:00+00:00, run_after=2024-12-14 00:00:00+00:00
[2024-12-14T19:38:29.393+0000] {processor.py:208} INFO - Processing /home/airflow/.local/lib/python3.12/site-packages/airflow/example_dags/example_bash_operator.py took 0.078 seconds
[2024-12-14T19:39:00.587+0000] {processor.py:186} INFO - Started process (PID=444) to work on /home/airflow/.local/lib/python3.12/site-packages/airflow/example_dags/example_bash_operator.py
[2024-12-14T19:39:00.588+0000] {processor.py:914} INFO - Processing file /home/airflow/.local/lib/python3.12/site-packages/airflow/example_dags/example_bash_operator.py for tasks to queue
[2024-12-14T19:39:00.590+0000] {logging_mixin.py:190} INFO - [2024-12-14T19:39:00.589+0000] {dagbag.py:588} INFO - Filling up the DagBag from /home/airflow/.local/lib/python3.12/site-packages/airflow/example_dags/example_bash_operator.py
[2024-12-14T19:39:00.601+0000] {processor.py:925} INFO - DAG(s) 'example_bash_operator' retrieved from /home/airflow/.local/lib/python3.12/site-packages/airflow/example_dags/example_bash_operator.py
[2024-12-14T19:39:00.628+0000] {logging_mixin.py:190} INFO - [2024-12-14T19:39:00.628+0000] {dag.py:3239} INFO - Sync 1 DAGs
[2024-12-14T19:39:00.653+0000] {logging_mixin.py:190} INFO - [2024-12-14T19:39:00.653+0000] {dag.py:4180} INFO - Setting next_dagrun for example_bash_operator to 2024-12-13 00:00:00+00:00, run_after=2024-12-14 00:00:00+00:00
[2024-12-14T19:39:00.669+0000] {processor.py:208} INFO - Processing /home/airflow/.local/lib/python3.12/site-packages/airflow/example_dags/example_bash_operator.py took 0.087 seconds
[2024-12-14T19:39:31.997+0000] {processor.py:186} INFO - Started process (PID=507) to work on /home/airflow/.local/lib/python3.12/site-packages/airflow/example_dags/example_bash_operator.py
[2024-12-14T19:39:31.998+0000] {processor.py:914} INFO - Processing file /home/airflow/.local/lib/python3.12/site-packages/airflow/example_dags/example_bash_operator.py for tasks to queue
[2024-12-14T19:39:31.999+0000] {logging_mixin.py:190} INFO - [2024-12-14T19:39:31.999+0000] {dagbag.py:588} INFO - Filling up the DagBag from /home/airflow/.local/lib/python3.12/site-packages/airflow/example_dags/example_bash_operator.py
[2024-12-14T19:39:32.012+0000] {processor.py:925} INFO - DAG(s) 'example_bash_operator' retrieved from /home/airflow/.local/lib/python3.12/site-packages/airflow/example_dags/example_bash_operator.py
[2024-12-14T19:39:32.036+0000] {logging_mixin.py:190} INFO - [2024-12-14T19:39:32.036+0000] {dag.py:3239} INFO - Sync 1 DAGs
[2024-12-14T19:39:32.057+0000] {logging_mixin.py:190} INFO - [2024-12-14T19:39:32.057+0000] {dag.py:4180} INFO - Setting next_dagrun for example_bash_operator to 2024-12-13 00:00:00+00:00, run_after=2024-12-14 00:00:00+00:00
[2024-12-14T19:39:32.073+0000] {processor.py:208} INFO - Processing /home/airflow/.local/lib/python3.12/site-packages/airflow/example_dags/example_bash_operator.py took 0.081 seconds
[2024-12-14T19:40:03.422+0000] {processor.py:186} INFO - Started process (PID=570) to work on /home/airflow/.local/lib/python3.12/site-packages/airflow/example_dags/example_bash_operator.py
[2024-12-14T19:40:03.422+0000] {processor.py:914} INFO - Processing file /home/airflow/.local/lib/python3.12/site-packages/airflow/example_dags/example_bash_operator.py for tasks to queue
[2024-12-14T19:40:03.424+0000] {logging_mixin.py:190} INFO - [2024-12-14T19:40:03.424+0000] {dagbag.py:588} INFO - Filling up the DagBag from /home/airflow/.local/lib/python3.12/site-packages/airflow/example_dags/example_bash_operator.py
[2024-12-14T19:40:03.435+0000] {processor.py:925} INFO - DAG(s) 'example_bash_operator' retrieved from /home/airflow/.local/lib/python3.12/site-packages/airflow/example_dags/example_bash_operator.py
[2024-12-14T19:40:03.458+0000] {logging_mixin.py:190} INFO - [2024-12-14T19:40:03.458+0000] {dag.py:3239} INFO - Sync 1 DAGs
[2024-12-14T19:40:03.482+0000] {logging_mixin.py:190} INFO - [2024-12-14T19:40:03.481+0000] {dag.py:4180} INFO - Setting next_dagrun for example_bash_operator to 2024-12-13 00:00:00+00:00, run_after=2024-12-14 00:00:00+00:00
[2024-12-14T19:40:03.497+0000] {processor.py:208} INFO - Processing /home/airflow/.local/lib/python3.12/site-packages/airflow/example_dags/example_bash_operator.py took 0.080 seconds
[2024-12-14T19:40:34.329+0000] {processor.py:186} INFO - Started process (PID=640) to work on /home/airflow/.local/lib/python3.12/site-packages/airflow/example_dags/example_bash_operator.py
[2024-12-14T19:40:34.330+0000] {processor.py:914} INFO - Processing file /home/airflow/.local/lib/python3.12/site-packages/airflow/example_dags/example_bash_operator.py for tasks to queue
[2024-12-14T19:40:34.332+0000] {logging_mixin.py:190} INFO - [2024-12-14T19:40:34.332+0000] {dagbag.py:588} INFO - Filling up the DagBag from /home/airflow/.local/lib/python3.12/site-packages/airflow/example_dags/example_bash_operator.py
[2024-12-14T19:40:34.344+0000] {processor.py:925} INFO - DAG(s) 'example_bash_operator' retrieved from /home/airflow/.local/lib/python3.12/site-packages/airflow/example_dags/example_bash_operator.py
[2024-12-14T19:40:34.373+0000] {logging_mixin.py:190} INFO - [2024-12-14T19:40:34.373+0000] {dag.py:3239} INFO - Sync 1 DAGs
[2024-12-14T19:40:34.396+0000] {logging_mixin.py:190} INFO - [2024-12-14T19:40:34.395+0000] {dag.py:4180} INFO - Setting next_dagrun for example_bash_operator to 2024-12-13 00:00:00+00:00, run_after=2024-12-14 00:00:00+00:00
[2024-12-14T19:40:34.410+0000] {processor.py:208} INFO - Processing /home/airflow/.local/lib/python3.12/site-packages/airflow/example_dags/example_bash_operator.py took 0.085 seconds
[2024-12-14T19:41:05.128+0000] {processor.py:186} INFO - Started process (PID=703) to work on /home/airflow/.local/lib/python3.12/site-packages/airflow/example_dags/example_bash_operator.py
[2024-12-14T19:41:05.129+0000] {processor.py:914} INFO - Processing file /home/airflow/.local/lib/python3.12/site-packages/airflow/example_dags/example_bash_operator.py for tasks to queue
[2024-12-14T19:41:05.131+0000] {logging_mixin.py:190} INFO - [2024-12-14T19:41:05.131+0000] {dagbag.py:588} INFO - Filling up the DagBag from /home/airflow/.local/lib/python3.12/site-packages/airflow/example_dags/example_bash_operator.py
[2024-12-14T19:41:05.141+0000] {processor.py:925} INFO - DAG(s) 'example_bash_operator' retrieved from /home/airflow/.local/lib/python3.12/site-packages/airflow/example_dags/example_bash_operator.py
[2024-12-14T19:41:05.167+0000] {logging_mixin.py:190} INFO - [2024-12-14T19:41:05.167+0000] {dag.py:3239} INFO - Sync 1 DAGs
[2024-12-14T19:41:05.192+0000] {logging_mixin.py:190} INFO - [2024-12-14T19:41:05.191+0000] {dag.py:4180} INFO - Setting next_dagrun for example_bash_operator to 2024-12-13 00:00:00+00:00, run_after=2024-12-14 00:00:00+00:00
[2024-12-14T19:41:05.208+0000] {processor.py:208} INFO - Processing /home/airflow/.local/lib/python3.12/site-packages/airflow/example_dags/example_bash_operator.py took 0.084 seconds
[2024-12-14T19:41:36.414+0000] {processor.py:186} INFO - Started process (PID=766) to work on /home/airflow/.local/lib/python3.12/site-packages/airflow/example_dags/example_bash_operator.py
[2024-12-14T19:41:36.415+0000] {processor.py:914} INFO - Processing file /home/airflow/.local/lib/python3.12/site-packages/airflow/example_dags/example_bash_operator.py for tasks to queue
[2024-12-14T19:41:36.417+0000] {logging_mixin.py:190} INFO - [2024-12-14T19:41:36.416+0000] {dagbag.py:588} INFO - Filling up the DagBag from /home/airflow/.local/lib/python3.12/site-packages/airflow/example_dags/example_bash_operator.py
[2024-12-14T19:41:36.427+0000] {processor.py:925} INFO - DAG(s) 'example_bash_operator' retrieved from /home/airflow/.local/lib/python3.12/site-packages/airflow/example_dags/example_bash_operator.py
[2024-12-14T19:41:36.454+0000] {logging_mixin.py:190} INFO - [2024-12-14T19:41:36.453+0000] {dag.py:3239} INFO - Sync 1 DAGs
[2024-12-14T19:41:36.477+0000] {logging_mixin.py:190} INFO - [2024-12-14T19:41:36.477+0000] {dag.py:4180} INFO - Setting next_dagrun for example_bash_operator to 2024-12-13 00:00:00+00:00, run_after=2024-12-14 00:00:00+00:00
[2024-12-14T19:41:36.492+0000] {processor.py:208} INFO - Processing /home/airflow/.local/lib/python3.12/site-packages/airflow/example_dags/example_bash_operator.py took 0.084 seconds
[2024-12-14T19:42:07.901+0000] {processor.py:186} INFO - Started process (PID=828) to work on /home/airflow/.local/lib/python3.12/site-packages/airflow/example_dags/example_bash_operator.py
[2024-12-14T19:42:07.902+0000] {processor.py:914} INFO - Processing file /home/airflow/.local/lib/python3.12/site-packages/airflow/example_dags/example_bash_operator.py for tasks to queue
[2024-12-14T19:42:07.904+0000] {logging_mixin.py:190} INFO - [2024-12-14T19:42:07.903+0000] {dagbag.py:588} INFO - Filling up the DagBag from /home/airflow/.local/lib/python3.12/site-packages/airflow/example_dags/example_bash_operator.py
[2024-12-14T19:42:07.915+0000] {processor.py:925} INFO - DAG(s) 'example_bash_operator' retrieved from /home/airflow/.local/lib/python3.12/site-packages/airflow/example_dags/example_bash_operator.py
[2024-12-14T19:42:07.938+0000] {logging_mixin.py:190} INFO - [2024-12-14T19:42:07.938+0000] {dag.py:3239} INFO - Sync 1 DAGs
[2024-12-14T19:42:07.958+0000] {logging_mixin.py:190} INFO - [2024-12-14T19:42:07.958+0000] {dag.py:4180} INFO - Setting next_dagrun for example_bash_operator to 2024-12-13 00:00:00+00:00, run_after=2024-12-14 00:00:00+00:00
[2024-12-14T19:42:07.974+0000] {processor.py:208} INFO - Processing /home/airflow/.local/lib/python3.12/site-packages/airflow/example_dags/example_bash_operator.py took 0.078 seconds
[2024-12-14T19:42:39.166+0000] {processor.py:186} INFO - Started process (PID=890) to work on /home/airflow/.local/lib/python3.12/site-packages/airflow/example_dags/example_bash_operator.py
[2024-12-14T19:42:39.167+0000] {processor.py:914} INFO - Processing file /home/airflow/.local/lib/python3.12/site-packages/airflow/example_dags/example_bash_operator.py for tasks to queue
[2024-12-14T19:42:39.169+0000] {logging_mixin.py:190} INFO - [2024-12-14T19:42:39.169+0000] {dagbag.py:588} INFO - Filling up the DagBag from /home/airflow/.local/lib/python3.12/site-packages/airflow/example_dags/example_bash_operator.py
[2024-12-14T19:42:39.185+0000] {processor.py:925} INFO - DAG(s) 'example_bash_operator' retrieved from /home/airflow/.local/lib/python3.12/site-packages/airflow/example_dags/example_bash_operator.py
[2024-12-14T19:42:39.209+0000] {logging_mixin.py:190} INFO - [2024-12-14T19:42:39.209+0000] {dag.py:3239} INFO - Sync 1 DAGs
[2024-12-14T19:42:39.233+0000] {logging_mixin.py:190} INFO - [2024-12-14T19:42:39.233+0000] {dag.py:4180} INFO - Setting next_dagrun for example_bash_operator to 2024-12-13 00:00:00+00:00, run_after=2024-12-14 00:00:00+00:00
[2024-12-14T19:42:39.251+0000] {processor.py:208} INFO - Processing /home/airflow/.local/lib/python3.12/site-packages/airflow/example_dags/example_bash_operator.py took 0.091 seconds
[2024-12-14T19:43:09.618+0000] {processor.py:186} INFO - Started process (PID=953) to work on /home/airflow/.local/lib/python3.12/site-packages/airflow/example_dags/example_bash_operator.py
[2024-12-14T19:43:09.618+0000] {processor.py:914} INFO - Processing file /home/airflow/.local/lib/python3.12/site-packages/airflow/example_dags/example_bash_operator.py for tasks to queue
[2024-12-14T19:43:09.621+0000] {logging_mixin.py:190} INFO - [2024-12-14T19:43:09.620+0000] {dagbag.py:588} INFO - Filling up the DagBag from /home/airflow/.local/lib/python3.12/site-packages/airflow/example_dags/example_bash_operator.py
[2024-12-14T19:43:09.635+0000] {processor.py:925} INFO - DAG(s) 'example_bash_operator' retrieved from /home/airflow/.local/lib/python3.12/site-packages/airflow/example_dags/example_bash_operator.py
[2024-12-14T19:43:09.664+0000] {logging_mixin.py:190} INFO - [2024-12-14T19:43:09.664+0000] {dag.py:3239} INFO - Sync 1 DAGs
[2024-12-14T19:43:09.691+0000] {logging_mixin.py:190} INFO - [2024-12-14T19:43:09.690+0000] {dag.py:4180} INFO - Setting next_dagrun for example_bash_operator to 2024-12-13 00:00:00+00:00, run_after=2024-12-14 00:00:00+00:00
[2024-12-14T19:43:09.710+0000] {processor.py:208} INFO - Processing /home/airflow/.local/lib/python3.12/site-packages/airflow/example_dags/example_bash_operator.py took 0.099 seconds
[2024-12-14T19:43:40.537+0000] {processor.py:186} INFO - Started process (PID=1016) to work on /home/airflow/.local/lib/python3.12/site-packages/airflow/example_dags/example_bash_operator.py
[2024-12-14T19:43:40.538+0000] {processor.py:914} INFO - Processing file /home/airflow/.local/lib/python3.12/site-packages/airflow/example_dags/example_bash_operator.py for tasks to queue
[2024-12-14T19:43:40.539+0000] {logging_mixin.py:190} INFO - [2024-12-14T19:43:40.539+0000] {dagbag.py:588} INFO - Filling up the DagBag from /home/airflow/.local/lib/python3.12/site-packages/airflow/example_dags/example_bash_operator.py
[2024-12-14T19:43:40.550+0000] {processor.py:925} INFO - DAG(s) 'example_bash_operator' retrieved from /home/airflow/.local/lib/python3.12/site-packages/airflow/example_dags/example_bash_operator.py
[2024-12-14T19:43:40.581+0000] {logging_mixin.py:190} INFO - [2024-12-14T19:43:40.581+0000] {dag.py:3239} INFO - Sync 1 DAGs
[2024-12-14T19:43:40.609+0000] {logging_mixin.py:190} INFO - [2024-12-14T19:43:40.609+0000] {dag.py:4180} INFO - Setting next_dagrun for example_bash_operator to 2024-12-13 00:00:00+00:00, run_after=2024-12-14 00:00:00+00:00
[2024-12-14T19:43:40.627+0000] {processor.py:208} INFO - Processing /home/airflow/.local/lib/python3.12/site-packages/airflow/example_dags/example_bash_operator.py took 0.095 seconds
[2024-12-14T19:44:10.954+0000] {processor.py:186} INFO - Started process (PID=1078) to work on /home/airflow/.local/lib/python3.12/site-packages/airflow/example_dags/example_bash_operator.py
[2024-12-14T19:44:10.955+0000] {processor.py:914} INFO - Processing file /home/airflow/.local/lib/python3.12/site-packages/airflow/example_dags/example_bash_operator.py for tasks to queue
[2024-12-14T19:44:10.957+0000] {logging_mixin.py:190} INFO - [2024-12-14T19:44:10.957+0000] {dagbag.py:588} INFO - Filling up the DagBag from /home/airflow/.local/lib/python3.12/site-packages/airflow/example_dags/example_bash_operator.py
[2024-12-14T19:44:10.968+0000] {processor.py:925} INFO - DAG(s) 'example_bash_operator' retrieved from /home/airflow/.local/lib/python3.12/site-packages/airflow/example_dags/example_bash_operator.py
[2024-12-14T19:44:10.992+0000] {logging_mixin.py:190} INFO - [2024-12-14T19:44:10.991+0000] {dag.py:3239} INFO - Sync 1 DAGs
[2024-12-14T19:44:11.012+0000] {logging_mixin.py:190} INFO - [2024-12-14T19:44:11.012+0000] {dag.py:4180} INFO - Setting next_dagrun for example_bash_operator to 2024-12-13 00:00:00+00:00, run_after=2024-12-14 00:00:00+00:00
[2024-12-14T19:44:11.028+0000] {processor.py:208} INFO - Processing /home/airflow/.local/lib/python3.12/site-packages/airflow/example_dags/example_bash_operator.py took 0.080 seconds
[2024-12-14T19:44:42.604+0000] {processor.py:186} INFO - Started process (PID=1142) to work on /home/airflow/.local/lib/python3.12/site-packages/airflow/example_dags/example_bash_operator.py
[2024-12-14T19:44:42.606+0000] {processor.py:914} INFO - Processing file /home/airflow/.local/lib/python3.12/site-packages/airflow/example_dags/example_bash_operator.py for tasks to queue
[2024-12-14T19:44:42.607+0000] {logging_mixin.py:190} INFO - [2024-12-14T19:44:42.607+0000] {dagbag.py:588} INFO - Filling up the DagBag from /home/airflow/.local/lib/python3.12/site-packages/airflow/example_dags/example_bash_operator.py
[2024-12-14T19:44:42.619+0000] {processor.py:925} INFO - DAG(s) 'example_bash_operator' retrieved from /home/airflow/.local/lib/python3.12/site-packages/airflow/example_dags/example_bash_operator.py
[2024-12-14T19:44:42.642+0000] {logging_mixin.py:190} INFO - [2024-12-14T19:44:42.642+0000] {dag.py:3239} INFO - Sync 1 DAGs
[2024-12-14T19:44:42.663+0000] {logging_mixin.py:190} INFO - [2024-12-14T19:44:42.663+0000] {dag.py:4180} INFO - Setting next_dagrun for example_bash_operator to 2024-12-13 00:00:00+00:00, run_after=2024-12-14 00:00:00+00:00
[2024-12-14T19:44:42.680+0000] {processor.py:208} INFO - Processing /home/airflow/.local/lib/python3.12/site-packages/airflow/example_dags/example_bash_operator.py took 0.081 seconds
[2024-12-14T19:45:14.289+0000] {processor.py:186} INFO - Started process (PID=1205) to work on /home/airflow/.local/lib/python3.12/site-packages/airflow/example_dags/example_bash_operator.py
[2024-12-14T19:45:14.290+0000] {processor.py:914} INFO - Processing file /home/airflow/.local/lib/python3.12/site-packages/airflow/example_dags/example_bash_operator.py for tasks to queue
[2024-12-14T19:45:14.292+0000] {logging_mixin.py:190} INFO - [2024-12-14T19:45:14.291+0000] {dagbag.py:588} INFO - Filling up the DagBag from /home/airflow/.local/lib/python3.12/site-packages/airflow/example_dags/example_bash_operator.py
[2024-12-14T19:45:14.303+0000] {processor.py:925} INFO - DAG(s) 'example_bash_operator' retrieved from /home/airflow/.local/lib/python3.12/site-packages/airflow/example_dags/example_bash_operator.py
[2024-12-14T19:45:14.328+0000] {logging_mixin.py:190} INFO - [2024-12-14T19:45:14.328+0000] {dag.py:3239} INFO - Sync 1 DAGs
[2024-12-14T19:45:14.351+0000] {logging_mixin.py:190} INFO - [2024-12-14T19:45:14.351+0000] {dag.py:4180} INFO - Setting next_dagrun for example_bash_operator to 2024-12-13 00:00:00+00:00, run_after=2024-12-14 00:00:00+00:00
[2024-12-14T19:45:14.371+0000] {processor.py:208} INFO - Processing /home/airflow/.local/lib/python3.12/site-packages/airflow/example_dags/example_bash_operator.py took 0.087 seconds
[2024-12-14T19:45:45.202+0000] {processor.py:186} INFO - Started process (PID=1268) to work on /home/airflow/.local/lib/python3.12/site-packages/airflow/example_dags/example_bash_operator.py
[2024-12-14T19:45:45.203+0000] {processor.py:914} INFO - Processing file /home/airflow/.local/lib/python3.12/site-packages/airflow/example_dags/example_bash_operator.py for tasks to queue
[2024-12-14T19:45:45.205+0000] {logging_mixin.py:190} INFO - [2024-12-14T19:45:45.205+0000] {dagbag.py:588} INFO - Filling up the DagBag from /home/airflow/.local/lib/python3.12/site-packages/airflow/example_dags/example_bash_operator.py
[2024-12-14T19:45:45.216+0000] {processor.py:925} INFO - DAG(s) 'example_bash_operator' retrieved from /home/airflow/.local/lib/python3.12/site-packages/airflow/example_dags/example_bash_operator.py
[2024-12-14T19:45:45.238+0000] {logging_mixin.py:190} INFO - [2024-12-14T19:45:45.238+0000] {dag.py:3239} INFO - Sync 1 DAGs
[2024-12-14T19:45:45.259+0000] {logging_mixin.py:190} INFO - [2024-12-14T19:45:45.259+0000] {dag.py:4180} INFO - Setting next_dagrun for example_bash_operator to 2024-12-13 00:00:00+00:00, run_after=2024-12-14 00:00:00+00:00
[2024-12-14T19:45:45.273+0000] {processor.py:208} INFO - Processing /home/airflow/.local/lib/python3.12/site-packages/airflow/example_dags/example_bash_operator.py took 0.076 seconds
