[2024-12-14T19:28:29.424+0000] {processor.py:186} INFO - Started process (PID=54) to work on /home/airflow/.local/lib/python3.12/site-packages/airflow/example_dags/example_sla_dag.py
[2024-12-14T19:28:29.425+0000] {processor.py:914} INFO - Processing file /home/airflow/.local/lib/python3.12/site-packages/airflow/example_dags/example_sla_dag.py for tasks to queue
[2024-12-14T19:28:29.427+0000] {logging_mixin.py:190} INFO - [2024-12-14T19:28:29.426+0000] {dagbag.py:588} INFO - Filling up the DagBag from /home/airflow/.local/lib/python3.12/site-packages/airflow/example_dags/example_sla_dag.py
[2024-12-14T19:28:29.455+0000] {processor.py:925} INFO - DAG(s) 'example_sla_dag' retrieved from /home/airflow/.local/lib/python3.12/site-packages/airflow/example_dags/example_sla_dag.py
[2024-12-14T19:28:29.734+0000] {logging_mixin.py:190} INFO - [2024-12-14T19:28:29.733+0000] {override.py:1911} INFO - Created Permission View: can edit on DAG:example_sla_dag
[2024-12-14T19:28:29.754+0000] {logging_mixin.py:190} INFO - [2024-12-14T19:28:29.754+0000] {override.py:1911} INFO - Created Permission View: can delete on DAG:example_sla_dag
[2024-12-14T19:28:29.760+0000] {logging_mixin.py:190} INFO - [2024-12-14T19:28:29.760+0000] {override.py:1911} INFO - Created Permission View: can read on DAG:example_sla_dag
[2024-12-14T19:28:29.766+0000] {logging_mixin.py:190} INFO - [2024-12-14T19:28:29.765+0000] {override.py:1911} INFO - Created Permission View: menu access on DAG Run:example_sla_dag
[2024-12-14T19:28:29.772+0000] {logging_mixin.py:190} INFO - [2024-12-14T19:28:29.771+0000] {override.py:1911} INFO - Created Permission View: can delete on DAG Run:example_sla_dag
[2024-12-14T19:28:29.778+0000] {logging_mixin.py:190} INFO - [2024-12-14T19:28:29.777+0000] {override.py:1911} INFO - Created Permission View: can create on DAG Run:example_sla_dag
[2024-12-14T19:28:29.784+0000] {logging_mixin.py:190} INFO - [2024-12-14T19:28:29.783+0000] {override.py:1911} INFO - Created Permission View: can read on DAG Run:example_sla_dag
[2024-12-14T19:28:29.784+0000] {logging_mixin.py:190} INFO - [2024-12-14T19:28:29.784+0000] {dag.py:3239} INFO - Sync 1 DAGs
[2024-12-14T19:28:29.799+0000] {logging_mixin.py:190} INFO - [2024-12-14T19:28:29.798+0000] {dag.py:3262} INFO - Creating ORM DAG for example_sla_dag
[2024-12-14T19:28:29.814+0000] {logging_mixin.py:190} INFO - [2024-12-14T19:28:29.814+0000] {dag.py:4180} INFO - Setting next_dagrun for example_sla_dag to 2024-12-14 19:26:00+00:00, run_after=2024-12-14 19:28:00+00:00
[2024-12-14T19:28:29.829+0000] {processor.py:208} INFO - Processing /home/airflow/.local/lib/python3.12/site-packages/airflow/example_dags/example_sla_dag.py took 0.441 seconds
[2024-12-14T19:28:59.966+0000] {processor.py:186} INFO - Started process (PID=116) to work on /home/airflow/.local/lib/python3.12/site-packages/airflow/example_dags/example_sla_dag.py
[2024-12-14T19:28:59.966+0000] {processor.py:914} INFO - Processing file /home/airflow/.local/lib/python3.12/site-packages/airflow/example_dags/example_sla_dag.py for tasks to queue
[2024-12-14T19:28:59.968+0000] {logging_mixin.py:190} INFO - [2024-12-14T19:28:59.968+0000] {dagbag.py:588} INFO - Filling up the DagBag from /home/airflow/.local/lib/python3.12/site-packages/airflow/example_dags/example_sla_dag.py
[2024-12-14T19:28:59.976+0000] {processor.py:925} INFO - DAG(s) 'example_sla_dag' retrieved from /home/airflow/.local/lib/python3.12/site-packages/airflow/example_dags/example_sla_dag.py
[2024-12-14T19:28:59.991+0000] {logging_mixin.py:190} INFO - [2024-12-14T19:28:59.991+0000] {dag.py:3239} INFO - Sync 1 DAGs
[2024-12-14T19:29:00.012+0000] {logging_mixin.py:190} INFO - [2024-12-14T19:29:00.012+0000] {dag.py:4180} INFO - Setting next_dagrun for example_sla_dag to 2024-12-14 19:26:00+00:00, run_after=2024-12-14 19:28:00+00:00
[2024-12-14T19:29:00.026+0000] {processor.py:208} INFO - Processing /home/airflow/.local/lib/python3.12/site-packages/airflow/example_dags/example_sla_dag.py took 0.065 seconds
[2024-12-14T19:29:30.779+0000] {processor.py:186} INFO - Started process (PID=179) to work on /home/airflow/.local/lib/python3.12/site-packages/airflow/example_dags/example_sla_dag.py
[2024-12-14T19:29:30.786+0000] {processor.py:914} INFO - Processing file /home/airflow/.local/lib/python3.12/site-packages/airflow/example_dags/example_sla_dag.py for tasks to queue
[2024-12-14T19:29:30.787+0000] {logging_mixin.py:190} INFO - [2024-12-14T19:29:30.787+0000] {dagbag.py:588} INFO - Filling up the DagBag from /home/airflow/.local/lib/python3.12/site-packages/airflow/example_dags/example_sla_dag.py
[2024-12-14T19:29:30.796+0000] {processor.py:925} INFO - DAG(s) 'example_sla_dag' retrieved from /home/airflow/.local/lib/python3.12/site-packages/airflow/example_dags/example_sla_dag.py
[2024-12-14T19:29:30.816+0000] {logging_mixin.py:190} INFO - [2024-12-14T19:29:30.816+0000] {dag.py:3239} INFO - Sync 1 DAGs
[2024-12-14T19:29:30.847+0000] {logging_mixin.py:190} INFO - [2024-12-14T19:29:30.846+0000] {dag.py:4180} INFO - Setting next_dagrun for example_sla_dag to 2024-12-14 19:26:00+00:00, run_after=2024-12-14 19:28:00+00:00
[2024-12-14T19:29:30.861+0000] {processor.py:208} INFO - Processing /home/airflow/.local/lib/python3.12/site-packages/airflow/example_dags/example_sla_dag.py took 0.087 seconds
[2024-12-14T19:30:01.151+0000] {processor.py:186} INFO - Started process (PID=241) to work on /home/airflow/.local/lib/python3.12/site-packages/airflow/example_dags/example_sla_dag.py
[2024-12-14T19:30:01.152+0000] {processor.py:914} INFO - Processing file /home/airflow/.local/lib/python3.12/site-packages/airflow/example_dags/example_sla_dag.py for tasks to queue
[2024-12-14T19:30:01.154+0000] {logging_mixin.py:190} INFO - [2024-12-14T19:30:01.153+0000] {dagbag.py:588} INFO - Filling up the DagBag from /home/airflow/.local/lib/python3.12/site-packages/airflow/example_dags/example_sla_dag.py
[2024-12-14T19:30:01.162+0000] {processor.py:925} INFO - DAG(s) 'example_sla_dag' retrieved from /home/airflow/.local/lib/python3.12/site-packages/airflow/example_dags/example_sla_dag.py
[2024-12-14T19:30:01.177+0000] {logging_mixin.py:190} INFO - [2024-12-14T19:30:01.177+0000] {dag.py:3239} INFO - Sync 1 DAGs
[2024-12-14T19:30:01.199+0000] {logging_mixin.py:190} INFO - [2024-12-14T19:30:01.198+0000] {dag.py:4180} INFO - Setting next_dagrun for example_sla_dag to 2024-12-14 19:28:00+00:00, run_after=2024-12-14 19:30:00+00:00
[2024-12-14T19:30:01.212+0000] {processor.py:208} INFO - Processing /home/airflow/.local/lib/python3.12/site-packages/airflow/example_dags/example_sla_dag.py took 0.067 seconds
[2024-12-14T19:30:31.802+0000] {processor.py:186} INFO - Started process (PID=304) to work on /home/airflow/.local/lib/python3.12/site-packages/airflow/example_dags/example_sla_dag.py
[2024-12-14T19:30:31.803+0000] {processor.py:914} INFO - Processing file /home/airflow/.local/lib/python3.12/site-packages/airflow/example_dags/example_sla_dag.py for tasks to queue
[2024-12-14T19:30:31.805+0000] {logging_mixin.py:190} INFO - [2024-12-14T19:30:31.805+0000] {dagbag.py:588} INFO - Filling up the DagBag from /home/airflow/.local/lib/python3.12/site-packages/airflow/example_dags/example_sla_dag.py
[2024-12-14T19:30:31.814+0000] {processor.py:925} INFO - DAG(s) 'example_sla_dag' retrieved from /home/airflow/.local/lib/python3.12/site-packages/airflow/example_dags/example_sla_dag.py
[2024-12-14T19:30:31.829+0000] {logging_mixin.py:190} INFO - [2024-12-14T19:30:31.829+0000] {dag.py:3239} INFO - Sync 1 DAGs
[2024-12-14T19:30:31.850+0000] {logging_mixin.py:190} INFO - [2024-12-14T19:30:31.850+0000] {dag.py:4180} INFO - Setting next_dagrun for example_sla_dag to 2024-12-14 19:28:00+00:00, run_after=2024-12-14 19:30:00+00:00
[2024-12-14T19:30:31.864+0000] {processor.py:208} INFO - Processing /home/airflow/.local/lib/python3.12/site-packages/airflow/example_dags/example_sla_dag.py took 0.067 seconds
[2024-12-14T19:31:41.407+0000] {processor.py:186} INFO - Started process (PID=49) to work on /home/airflow/.local/lib/python3.12/site-packages/airflow/example_dags/example_sla_dag.py
[2024-12-14T19:31:41.408+0000] {processor.py:914} INFO - Processing file /home/airflow/.local/lib/python3.12/site-packages/airflow/example_dags/example_sla_dag.py for tasks to queue
[2024-12-14T19:31:41.410+0000] {logging_mixin.py:190} INFO - [2024-12-14T19:31:41.410+0000] {dagbag.py:588} INFO - Filling up the DagBag from /home/airflow/.local/lib/python3.12/site-packages/airflow/example_dags/example_sla_dag.py
[2024-12-14T19:31:41.420+0000] {processor.py:925} INFO - DAG(s) 'example_sla_dag' retrieved from /home/airflow/.local/lib/python3.12/site-packages/airflow/example_dags/example_sla_dag.py
[2024-12-14T19:31:41.444+0000] {logging_mixin.py:190} INFO - [2024-12-14T19:31:41.443+0000] {dag.py:3239} INFO - Sync 1 DAGs
[2024-12-14T19:31:41.467+0000] {logging_mixin.py:190} INFO - [2024-12-14T19:31:41.467+0000] {dag.py:4180} INFO - Setting next_dagrun for example_sla_dag to 2024-12-14 19:28:00+00:00, run_after=2024-12-14 19:30:00+00:00
[2024-12-14T19:31:41.484+0000] {processor.py:208} INFO - Processing /home/airflow/.local/lib/python3.12/site-packages/airflow/example_dags/example_sla_dag.py took 0.082 seconds
[2024-12-14T19:32:12.166+0000] {processor.py:186} INFO - Started process (PID=118) to work on /home/airflow/.local/lib/python3.12/site-packages/airflow/example_dags/example_sla_dag.py
[2024-12-14T19:32:12.167+0000] {processor.py:914} INFO - Processing file /home/airflow/.local/lib/python3.12/site-packages/airflow/example_dags/example_sla_dag.py for tasks to queue
[2024-12-14T19:32:12.168+0000] {logging_mixin.py:190} INFO - [2024-12-14T19:32:12.168+0000] {dagbag.py:588} INFO - Filling up the DagBag from /home/airflow/.local/lib/python3.12/site-packages/airflow/example_dags/example_sla_dag.py
[2024-12-14T19:32:12.177+0000] {processor.py:925} INFO - DAG(s) 'example_sla_dag' retrieved from /home/airflow/.local/lib/python3.12/site-packages/airflow/example_dags/example_sla_dag.py
[2024-12-14T19:32:12.194+0000] {logging_mixin.py:190} INFO - [2024-12-14T19:32:12.194+0000] {dag.py:3239} INFO - Sync 1 DAGs
[2024-12-14T19:32:12.222+0000] {logging_mixin.py:190} INFO - [2024-12-14T19:32:12.222+0000] {dag.py:4180} INFO - Setting next_dagrun for example_sla_dag to 2024-12-14 19:30:00+00:00, run_after=2024-12-14 19:32:00+00:00
[2024-12-14T19:32:12.241+0000] {processor.py:208} INFO - Processing /home/airflow/.local/lib/python3.12/site-packages/airflow/example_dags/example_sla_dag.py took 0.080 seconds
[2024-12-14T19:32:43.688+0000] {processor.py:186} INFO - Started process (PID=181) to work on /home/airflow/.local/lib/python3.12/site-packages/airflow/example_dags/example_sla_dag.py
[2024-12-14T19:32:43.689+0000] {processor.py:914} INFO - Processing file /home/airflow/.local/lib/python3.12/site-packages/airflow/example_dags/example_sla_dag.py for tasks to queue
[2024-12-14T19:32:43.691+0000] {logging_mixin.py:190} INFO - [2024-12-14T19:32:43.691+0000] {dagbag.py:588} INFO - Filling up the DagBag from /home/airflow/.local/lib/python3.12/site-packages/airflow/example_dags/example_sla_dag.py
[2024-12-14T19:32:43.701+0000] {processor.py:925} INFO - DAG(s) 'example_sla_dag' retrieved from /home/airflow/.local/lib/python3.12/site-packages/airflow/example_dags/example_sla_dag.py
[2024-12-14T19:32:43.718+0000] {logging_mixin.py:190} INFO - [2024-12-14T19:32:43.718+0000] {dag.py:3239} INFO - Sync 1 DAGs
[2024-12-14T19:32:43.741+0000] {logging_mixin.py:190} INFO - [2024-12-14T19:32:43.740+0000] {dag.py:4180} INFO - Setting next_dagrun for example_sla_dag to 2024-12-14 19:30:00+00:00, run_after=2024-12-14 19:32:00+00:00
[2024-12-14T19:32:43.754+0000] {processor.py:208} INFO - Processing /home/airflow/.local/lib/python3.12/site-packages/airflow/example_dags/example_sla_dag.py took 0.072 seconds
[2024-12-14T19:33:15.095+0000] {processor.py:186} INFO - Started process (PID=245) to work on /home/airflow/.local/lib/python3.12/site-packages/airflow/example_dags/example_sla_dag.py
[2024-12-14T19:33:15.096+0000] {processor.py:914} INFO - Processing file /home/airflow/.local/lib/python3.12/site-packages/airflow/example_dags/example_sla_dag.py for tasks to queue
[2024-12-14T19:33:15.097+0000] {logging_mixin.py:190} INFO - [2024-12-14T19:33:15.097+0000] {dagbag.py:588} INFO - Filling up the DagBag from /home/airflow/.local/lib/python3.12/site-packages/airflow/example_dags/example_sla_dag.py
[2024-12-14T19:33:15.106+0000] {processor.py:925} INFO - DAG(s) 'example_sla_dag' retrieved from /home/airflow/.local/lib/python3.12/site-packages/airflow/example_dags/example_sla_dag.py
[2024-12-14T19:33:15.121+0000] {logging_mixin.py:190} INFO - [2024-12-14T19:33:15.121+0000] {dag.py:3239} INFO - Sync 1 DAGs
[2024-12-14T19:33:15.143+0000] {logging_mixin.py:190} INFO - [2024-12-14T19:33:15.143+0000] {dag.py:4180} INFO - Setting next_dagrun for example_sla_dag to 2024-12-14 19:30:00+00:00, run_after=2024-12-14 19:32:00+00:00
[2024-12-14T19:33:15.160+0000] {processor.py:208} INFO - Processing /home/airflow/.local/lib/python3.12/site-packages/airflow/example_dags/example_sla_dag.py took 0.071 seconds
[2024-12-14T19:33:46.364+0000] {processor.py:186} INFO - Started process (PID=308) to work on /home/airflow/.local/lib/python3.12/site-packages/airflow/example_dags/example_sla_dag.py
[2024-12-14T19:33:46.366+0000] {processor.py:914} INFO - Processing file /home/airflow/.local/lib/python3.12/site-packages/airflow/example_dags/example_sla_dag.py for tasks to queue
[2024-12-14T19:33:46.367+0000] {logging_mixin.py:190} INFO - [2024-12-14T19:33:46.367+0000] {dagbag.py:588} INFO - Filling up the DagBag from /home/airflow/.local/lib/python3.12/site-packages/airflow/example_dags/example_sla_dag.py
[2024-12-14T19:33:46.376+0000] {processor.py:925} INFO - DAG(s) 'example_sla_dag' retrieved from /home/airflow/.local/lib/python3.12/site-packages/airflow/example_dags/example_sla_dag.py
[2024-12-14T19:33:46.394+0000] {logging_mixin.py:190} INFO - [2024-12-14T19:33:46.394+0000] {dag.py:3239} INFO - Sync 1 DAGs
[2024-12-14T19:33:46.421+0000] {logging_mixin.py:190} INFO - [2024-12-14T19:33:46.421+0000] {dag.py:4180} INFO - Setting next_dagrun for example_sla_dag to 2024-12-14 19:30:00+00:00, run_after=2024-12-14 19:32:00+00:00
[2024-12-14T19:33:46.438+0000] {processor.py:208} INFO - Processing /home/airflow/.local/lib/python3.12/site-packages/airflow/example_dags/example_sla_dag.py took 0.079 seconds
[2024-12-14T19:34:17.922+0000] {processor.py:186} INFO - Started process (PID=371) to work on /home/airflow/.local/lib/python3.12/site-packages/airflow/example_dags/example_sla_dag.py
[2024-12-14T19:34:17.923+0000] {processor.py:914} INFO - Processing file /home/airflow/.local/lib/python3.12/site-packages/airflow/example_dags/example_sla_dag.py for tasks to queue
[2024-12-14T19:34:17.925+0000] {logging_mixin.py:190} INFO - [2024-12-14T19:34:17.925+0000] {dagbag.py:588} INFO - Filling up the DagBag from /home/airflow/.local/lib/python3.12/site-packages/airflow/example_dags/example_sla_dag.py
[2024-12-14T19:34:17.936+0000] {processor.py:925} INFO - DAG(s) 'example_sla_dag' retrieved from /home/airflow/.local/lib/python3.12/site-packages/airflow/example_dags/example_sla_dag.py
[2024-12-14T19:34:17.952+0000] {logging_mixin.py:190} INFO - [2024-12-14T19:34:17.952+0000] {dag.py:3239} INFO - Sync 1 DAGs
[2024-12-14T19:34:17.976+0000] {logging_mixin.py:190} INFO - [2024-12-14T19:34:17.976+0000] {dag.py:4180} INFO - Setting next_dagrun for example_sla_dag to 2024-12-14 19:32:00+00:00, run_after=2024-12-14 19:34:00+00:00
[2024-12-14T19:34:17.990+0000] {processor.py:208} INFO - Processing /home/airflow/.local/lib/python3.12/site-packages/airflow/example_dags/example_sla_dag.py took 0.074 seconds
[2024-12-14T19:34:49.323+0000] {processor.py:186} INFO - Started process (PID=434) to work on /home/airflow/.local/lib/python3.12/site-packages/airflow/example_dags/example_sla_dag.py
[2024-12-14T19:34:49.324+0000] {processor.py:914} INFO - Processing file /home/airflow/.local/lib/python3.12/site-packages/airflow/example_dags/example_sla_dag.py for tasks to queue
[2024-12-14T19:34:49.326+0000] {logging_mixin.py:190} INFO - [2024-12-14T19:34:49.326+0000] {dagbag.py:588} INFO - Filling up the DagBag from /home/airflow/.local/lib/python3.12/site-packages/airflow/example_dags/example_sla_dag.py
[2024-12-14T19:34:49.336+0000] {processor.py:925} INFO - DAG(s) 'example_sla_dag' retrieved from /home/airflow/.local/lib/python3.12/site-packages/airflow/example_dags/example_sla_dag.py
[2024-12-14T19:34:49.352+0000] {logging_mixin.py:190} INFO - [2024-12-14T19:34:49.352+0000] {dag.py:3239} INFO - Sync 1 DAGs
[2024-12-14T19:34:49.378+0000] {logging_mixin.py:190} INFO - [2024-12-14T19:34:49.378+0000] {dag.py:4180} INFO - Setting next_dagrun for example_sla_dag to 2024-12-14 19:32:00+00:00, run_after=2024-12-14 19:34:00+00:00
[2024-12-14T19:34:49.392+0000] {processor.py:208} INFO - Processing /home/airflow/.local/lib/python3.12/site-packages/airflow/example_dags/example_sla_dag.py took 0.074 seconds
[2024-12-14T19:35:52.894+0000] {processor.py:186} INFO - Started process (PID=48) to work on /home/airflow/.local/lib/python3.12/site-packages/airflow/example_dags/example_sla_dag.py
[2024-12-14T19:35:52.895+0000] {processor.py:914} INFO - Processing file /home/airflow/.local/lib/python3.12/site-packages/airflow/example_dags/example_sla_dag.py for tasks to queue
[2024-12-14T19:35:52.897+0000] {logging_mixin.py:190} INFO - [2024-12-14T19:35:52.896+0000] {dagbag.py:588} INFO - Filling up the DagBag from /home/airflow/.local/lib/python3.12/site-packages/airflow/example_dags/example_sla_dag.py
[2024-12-14T19:35:52.905+0000] {processor.py:925} INFO - DAG(s) 'example_sla_dag' retrieved from /home/airflow/.local/lib/python3.12/site-packages/airflow/example_dags/example_sla_dag.py
[2024-12-14T19:35:52.929+0000] {logging_mixin.py:190} INFO - [2024-12-14T19:35:52.929+0000] {dag.py:3239} INFO - Sync 1 DAGs
[2024-12-14T19:35:52.958+0000] {logging_mixin.py:190} INFO - [2024-12-14T19:35:52.958+0000] {dag.py:4180} INFO - Setting next_dagrun for example_sla_dag to 2024-12-14 19:32:00+00:00, run_after=2024-12-14 19:34:00+00:00
[2024-12-14T19:35:52.973+0000] {processor.py:208} INFO - Processing /home/airflow/.local/lib/python3.12/site-packages/airflow/example_dags/example_sla_dag.py took 0.084 seconds
[2024-12-14T19:36:24.378+0000] {processor.py:186} INFO - Started process (PID=111) to work on /home/airflow/.local/lib/python3.12/site-packages/airflow/example_dags/example_sla_dag.py
[2024-12-14T19:36:24.379+0000] {processor.py:914} INFO - Processing file /home/airflow/.local/lib/python3.12/site-packages/airflow/example_dags/example_sla_dag.py for tasks to queue
[2024-12-14T19:36:24.381+0000] {logging_mixin.py:190} INFO - [2024-12-14T19:36:24.380+0000] {dagbag.py:588} INFO - Filling up the DagBag from /home/airflow/.local/lib/python3.12/site-packages/airflow/example_dags/example_sla_dag.py
[2024-12-14T19:36:24.389+0000] {processor.py:925} INFO - DAG(s) 'example_sla_dag' retrieved from /home/airflow/.local/lib/python3.12/site-packages/airflow/example_dags/example_sla_dag.py
[2024-12-14T19:36:24.405+0000] {logging_mixin.py:190} INFO - [2024-12-14T19:36:24.404+0000] {dag.py:3239} INFO - Sync 1 DAGs
[2024-12-14T19:36:24.427+0000] {logging_mixin.py:190} INFO - [2024-12-14T19:36:24.427+0000] {dag.py:4180} INFO - Setting next_dagrun for example_sla_dag to 2024-12-14 19:34:00+00:00, run_after=2024-12-14 19:36:00+00:00
[2024-12-14T19:36:24.444+0000] {processor.py:208} INFO - Processing /home/airflow/.local/lib/python3.12/site-packages/airflow/example_dags/example_sla_dag.py took 0.070 seconds
[2024-12-14T19:36:55.359+0000] {processor.py:186} INFO - Started process (PID=174) to work on /home/airflow/.local/lib/python3.12/site-packages/airflow/example_dags/example_sla_dag.py
[2024-12-14T19:36:55.360+0000] {processor.py:914} INFO - Processing file /home/airflow/.local/lib/python3.12/site-packages/airflow/example_dags/example_sla_dag.py for tasks to queue
[2024-12-14T19:36:55.362+0000] {logging_mixin.py:190} INFO - [2024-12-14T19:36:55.362+0000] {dagbag.py:588} INFO - Filling up the DagBag from /home/airflow/.local/lib/python3.12/site-packages/airflow/example_dags/example_sla_dag.py
[2024-12-14T19:36:55.371+0000] {processor.py:925} INFO - DAG(s) 'example_sla_dag' retrieved from /home/airflow/.local/lib/python3.12/site-packages/airflow/example_dags/example_sla_dag.py
[2024-12-14T19:36:55.386+0000] {logging_mixin.py:190} INFO - [2024-12-14T19:36:55.386+0000] {dag.py:3239} INFO - Sync 1 DAGs
[2024-12-14T19:36:55.408+0000] {logging_mixin.py:190} INFO - [2024-12-14T19:36:55.408+0000] {dag.py:4180} INFO - Setting next_dagrun for example_sla_dag to 2024-12-14 19:34:00+00:00, run_after=2024-12-14 19:36:00+00:00
[2024-12-14T19:36:55.423+0000] {processor.py:208} INFO - Processing /home/airflow/.local/lib/python3.12/site-packages/airflow/example_dags/example_sla_dag.py took 0.069 seconds
[2024-12-14T19:37:26.362+0000] {processor.py:186} INFO - Started process (PID=237) to work on /home/airflow/.local/lib/python3.12/site-packages/airflow/example_dags/example_sla_dag.py
[2024-12-14T19:37:26.363+0000] {processor.py:914} INFO - Processing file /home/airflow/.local/lib/python3.12/site-packages/airflow/example_dags/example_sla_dag.py for tasks to queue
[2024-12-14T19:37:26.365+0000] {logging_mixin.py:190} INFO - [2024-12-14T19:37:26.365+0000] {dagbag.py:588} INFO - Filling up the DagBag from /home/airflow/.local/lib/python3.12/site-packages/airflow/example_dags/example_sla_dag.py
[2024-12-14T19:37:26.374+0000] {processor.py:925} INFO - DAG(s) 'example_sla_dag' retrieved from /home/airflow/.local/lib/python3.12/site-packages/airflow/example_dags/example_sla_dag.py
[2024-12-14T19:37:26.393+0000] {logging_mixin.py:190} INFO - [2024-12-14T19:37:26.392+0000] {dag.py:3239} INFO - Sync 1 DAGs
[2024-12-14T19:37:26.421+0000] {logging_mixin.py:190} INFO - [2024-12-14T19:37:26.421+0000] {dag.py:4180} INFO - Setting next_dagrun for example_sla_dag to 2024-12-14 19:34:00+00:00, run_after=2024-12-14 19:36:00+00:00
[2024-12-14T19:37:26.438+0000] {processor.py:208} INFO - Processing /home/airflow/.local/lib/python3.12/site-packages/airflow/example_dags/example_sla_dag.py took 0.081 seconds
[2024-12-14T19:37:57.421+0000] {processor.py:186} INFO - Started process (PID=300) to work on /home/airflow/.local/lib/python3.12/site-packages/airflow/example_dags/example_sla_dag.py
[2024-12-14T19:37:57.422+0000] {processor.py:914} INFO - Processing file /home/airflow/.local/lib/python3.12/site-packages/airflow/example_dags/example_sla_dag.py for tasks to queue
[2024-12-14T19:37:57.424+0000] {logging_mixin.py:190} INFO - [2024-12-14T19:37:57.424+0000] {dagbag.py:588} INFO - Filling up the DagBag from /home/airflow/.local/lib/python3.12/site-packages/airflow/example_dags/example_sla_dag.py
[2024-12-14T19:37:57.433+0000] {processor.py:925} INFO - DAG(s) 'example_sla_dag' retrieved from /home/airflow/.local/lib/python3.12/site-packages/airflow/example_dags/example_sla_dag.py
[2024-12-14T19:37:57.451+0000] {logging_mixin.py:190} INFO - [2024-12-14T19:37:57.451+0000] {dag.py:3239} INFO - Sync 1 DAGs
[2024-12-14T19:37:57.478+0000] {logging_mixin.py:190} INFO - [2024-12-14T19:37:57.477+0000] {dag.py:4180} INFO - Setting next_dagrun for example_sla_dag to 2024-12-14 19:34:00+00:00, run_after=2024-12-14 19:36:00+00:00
[2024-12-14T19:37:57.492+0000] {processor.py:208} INFO - Processing /home/airflow/.local/lib/python3.12/site-packages/airflow/example_dags/example_sla_dag.py took 0.076 seconds
[2024-12-14T19:38:28.451+0000] {processor.py:186} INFO - Started process (PID=363) to work on /home/airflow/.local/lib/python3.12/site-packages/airflow/example_dags/example_sla_dag.py
[2024-12-14T19:38:28.452+0000] {processor.py:914} INFO - Processing file /home/airflow/.local/lib/python3.12/site-packages/airflow/example_dags/example_sla_dag.py for tasks to queue
[2024-12-14T19:38:28.454+0000] {logging_mixin.py:190} INFO - [2024-12-14T19:38:28.453+0000] {dagbag.py:588} INFO - Filling up the DagBag from /home/airflow/.local/lib/python3.12/site-packages/airflow/example_dags/example_sla_dag.py
[2024-12-14T19:38:28.463+0000] {processor.py:925} INFO - DAG(s) 'example_sla_dag' retrieved from /home/airflow/.local/lib/python3.12/site-packages/airflow/example_dags/example_sla_dag.py
[2024-12-14T19:38:28.480+0000] {logging_mixin.py:190} INFO - [2024-12-14T19:38:28.480+0000] {dag.py:3239} INFO - Sync 1 DAGs
[2024-12-14T19:38:28.502+0000] {logging_mixin.py:190} INFO - [2024-12-14T19:38:28.502+0000] {dag.py:4180} INFO - Setting next_dagrun for example_sla_dag to 2024-12-14 19:36:00+00:00, run_after=2024-12-14 19:38:00+00:00
[2024-12-14T19:38:28.517+0000] {processor.py:208} INFO - Processing /home/airflow/.local/lib/python3.12/site-packages/airflow/example_dags/example_sla_dag.py took 0.071 seconds
[2024-12-14T19:38:59.570+0000] {processor.py:186} INFO - Started process (PID=426) to work on /home/airflow/.local/lib/python3.12/site-packages/airflow/example_dags/example_sla_dag.py
[2024-12-14T19:38:59.572+0000] {processor.py:914} INFO - Processing file /home/airflow/.local/lib/python3.12/site-packages/airflow/example_dags/example_sla_dag.py for tasks to queue
[2024-12-14T19:38:59.573+0000] {logging_mixin.py:190} INFO - [2024-12-14T19:38:59.573+0000] {dagbag.py:588} INFO - Filling up the DagBag from /home/airflow/.local/lib/python3.12/site-packages/airflow/example_dags/example_sla_dag.py
[2024-12-14T19:38:59.582+0000] {processor.py:925} INFO - DAG(s) 'example_sla_dag' retrieved from /home/airflow/.local/lib/python3.12/site-packages/airflow/example_dags/example_sla_dag.py
[2024-12-14T19:38:59.599+0000] {logging_mixin.py:190} INFO - [2024-12-14T19:38:59.599+0000] {dag.py:3239} INFO - Sync 1 DAGs
[2024-12-14T19:38:59.627+0000] {logging_mixin.py:190} INFO - [2024-12-14T19:38:59.627+0000] {dag.py:4180} INFO - Setting next_dagrun for example_sla_dag to 2024-12-14 19:36:00+00:00, run_after=2024-12-14 19:38:00+00:00
[2024-12-14T19:38:59.644+0000] {processor.py:208} INFO - Processing /home/airflow/.local/lib/python3.12/site-packages/airflow/example_dags/example_sla_dag.py took 0.079 seconds
[2024-12-14T19:39:30.857+0000] {processor.py:186} INFO - Started process (PID=489) to work on /home/airflow/.local/lib/python3.12/site-packages/airflow/example_dags/example_sla_dag.py
[2024-12-14T19:39:30.858+0000] {processor.py:914} INFO - Processing file /home/airflow/.local/lib/python3.12/site-packages/airflow/example_dags/example_sla_dag.py for tasks to queue
[2024-12-14T19:39:30.860+0000] {logging_mixin.py:190} INFO - [2024-12-14T19:39:30.860+0000] {dagbag.py:588} INFO - Filling up the DagBag from /home/airflow/.local/lib/python3.12/site-packages/airflow/example_dags/example_sla_dag.py
[2024-12-14T19:39:30.868+0000] {processor.py:925} INFO - DAG(s) 'example_sla_dag' retrieved from /home/airflow/.local/lib/python3.12/site-packages/airflow/example_dags/example_sla_dag.py
[2024-12-14T19:39:30.884+0000] {logging_mixin.py:190} INFO - [2024-12-14T19:39:30.884+0000] {dag.py:3239} INFO - Sync 1 DAGs
[2024-12-14T19:39:30.908+0000] {logging_mixin.py:190} INFO - [2024-12-14T19:39:30.907+0000] {dag.py:4180} INFO - Setting next_dagrun for example_sla_dag to 2024-12-14 19:36:00+00:00, run_after=2024-12-14 19:38:00+00:00
[2024-12-14T19:39:30.922+0000] {processor.py:208} INFO - Processing /home/airflow/.local/lib/python3.12/site-packages/airflow/example_dags/example_sla_dag.py took 0.070 seconds
[2024-12-14T19:40:02.006+0000] {processor.py:186} INFO - Started process (PID=551) to work on /home/airflow/.local/lib/python3.12/site-packages/airflow/example_dags/example_sla_dag.py
[2024-12-14T19:40:02.007+0000] {processor.py:914} INFO - Processing file /home/airflow/.local/lib/python3.12/site-packages/airflow/example_dags/example_sla_dag.py for tasks to queue
[2024-12-14T19:40:02.009+0000] {logging_mixin.py:190} INFO - [2024-12-14T19:40:02.009+0000] {dagbag.py:588} INFO - Filling up the DagBag from /home/airflow/.local/lib/python3.12/site-packages/airflow/example_dags/example_sla_dag.py
[2024-12-14T19:40:02.017+0000] {processor.py:925} INFO - DAG(s) 'example_sla_dag' retrieved from /home/airflow/.local/lib/python3.12/site-packages/airflow/example_dags/example_sla_dag.py
[2024-12-14T19:40:02.034+0000] {logging_mixin.py:190} INFO - [2024-12-14T19:40:02.034+0000] {dag.py:3239} INFO - Sync 1 DAGs
[2024-12-14T19:40:02.057+0000] {logging_mixin.py:190} INFO - [2024-12-14T19:40:02.056+0000] {dag.py:4180} INFO - Setting next_dagrun for example_sla_dag to 2024-12-14 19:38:00+00:00, run_after=2024-12-14 19:40:00+00:00
[2024-12-14T19:40:02.073+0000] {processor.py:208} INFO - Processing /home/airflow/.local/lib/python3.12/site-packages/airflow/example_dags/example_sla_dag.py took 0.073 seconds
[2024-12-14T19:40:32.786+0000] {processor.py:186} INFO - Started process (PID=615) to work on /home/airflow/.local/lib/python3.12/site-packages/airflow/example_dags/example_sla_dag.py
[2024-12-14T19:40:32.787+0000] {processor.py:914} INFO - Processing file /home/airflow/.local/lib/python3.12/site-packages/airflow/example_dags/example_sla_dag.py for tasks to queue
[2024-12-14T19:40:32.789+0000] {logging_mixin.py:190} INFO - [2024-12-14T19:40:32.789+0000] {dagbag.py:588} INFO - Filling up the DagBag from /home/airflow/.local/lib/python3.12/site-packages/airflow/example_dags/example_sla_dag.py
[2024-12-14T19:40:32.798+0000] {processor.py:925} INFO - DAG(s) 'example_sla_dag' retrieved from /home/airflow/.local/lib/python3.12/site-packages/airflow/example_dags/example_sla_dag.py
[2024-12-14T19:40:32.813+0000] {logging_mixin.py:190} INFO - [2024-12-14T19:40:32.813+0000] {dag.py:3239} INFO - Sync 1 DAGs
[2024-12-14T19:40:32.835+0000] {logging_mixin.py:190} INFO - [2024-12-14T19:40:32.835+0000] {dag.py:4180} INFO - Setting next_dagrun for example_sla_dag to 2024-12-14 19:38:00+00:00, run_after=2024-12-14 19:40:00+00:00
[2024-12-14T19:40:32.849+0000] {processor.py:208} INFO - Processing /home/airflow/.local/lib/python3.12/site-packages/airflow/example_dags/example_sla_dag.py took 0.069 seconds
[2024-12-14T19:41:03.830+0000] {processor.py:186} INFO - Started process (PID=684) to work on /home/airflow/.local/lib/python3.12/site-packages/airflow/example_dags/example_sla_dag.py
[2024-12-14T19:41:03.831+0000] {processor.py:914} INFO - Processing file /home/airflow/.local/lib/python3.12/site-packages/airflow/example_dags/example_sla_dag.py for tasks to queue
[2024-12-14T19:41:03.833+0000] {logging_mixin.py:190} INFO - [2024-12-14T19:41:03.832+0000] {dagbag.py:588} INFO - Filling up the DagBag from /home/airflow/.local/lib/python3.12/site-packages/airflow/example_dags/example_sla_dag.py
[2024-12-14T19:41:03.841+0000] {processor.py:925} INFO - DAG(s) 'example_sla_dag' retrieved from /home/airflow/.local/lib/python3.12/site-packages/airflow/example_dags/example_sla_dag.py
[2024-12-14T19:41:03.858+0000] {logging_mixin.py:190} INFO - [2024-12-14T19:41:03.858+0000] {dag.py:3239} INFO - Sync 1 DAGs
[2024-12-14T19:41:03.884+0000] {logging_mixin.py:190} INFO - [2024-12-14T19:41:03.883+0000] {dag.py:4180} INFO - Setting next_dagrun for example_sla_dag to 2024-12-14 19:38:00+00:00, run_after=2024-12-14 19:40:00+00:00
[2024-12-14T19:41:03.899+0000] {processor.py:208} INFO - Processing /home/airflow/.local/lib/python3.12/site-packages/airflow/example_dags/example_sla_dag.py took 0.075 seconds
[2024-12-14T19:41:34.792+0000] {processor.py:186} INFO - Started process (PID=747) to work on /home/airflow/.local/lib/python3.12/site-packages/airflow/example_dags/example_sla_dag.py
[2024-12-14T19:41:34.793+0000] {processor.py:914} INFO - Processing file /home/airflow/.local/lib/python3.12/site-packages/airflow/example_dags/example_sla_dag.py for tasks to queue
[2024-12-14T19:41:34.795+0000] {logging_mixin.py:190} INFO - [2024-12-14T19:41:34.795+0000] {dagbag.py:588} INFO - Filling up the DagBag from /home/airflow/.local/lib/python3.12/site-packages/airflow/example_dags/example_sla_dag.py
[2024-12-14T19:41:34.806+0000] {processor.py:925} INFO - DAG(s) 'example_sla_dag' retrieved from /home/airflow/.local/lib/python3.12/site-packages/airflow/example_dags/example_sla_dag.py
[2024-12-14T19:41:34.825+0000] {logging_mixin.py:190} INFO - [2024-12-14T19:41:34.825+0000] {dag.py:3239} INFO - Sync 1 DAGs
[2024-12-14T19:41:34.854+0000] {logging_mixin.py:190} INFO - [2024-12-14T19:41:34.854+0000] {dag.py:4180} INFO - Setting next_dagrun for example_sla_dag to 2024-12-14 19:38:00+00:00, run_after=2024-12-14 19:40:00+00:00
[2024-12-14T19:41:34.873+0000] {processor.py:208} INFO - Processing /home/airflow/.local/lib/python3.12/site-packages/airflow/example_dags/example_sla_dag.py took 0.087 seconds
[2024-12-14T19:42:06.300+0000] {processor.py:186} INFO - Started process (PID=808) to work on /home/airflow/.local/lib/python3.12/site-packages/airflow/example_dags/example_sla_dag.py
[2024-12-14T19:42:06.301+0000] {processor.py:914} INFO - Processing file /home/airflow/.local/lib/python3.12/site-packages/airflow/example_dags/example_sla_dag.py for tasks to queue
[2024-12-14T19:42:06.303+0000] {logging_mixin.py:190} INFO - [2024-12-14T19:42:06.303+0000] {dagbag.py:588} INFO - Filling up the DagBag from /home/airflow/.local/lib/python3.12/site-packages/airflow/example_dags/example_sla_dag.py
[2024-12-14T19:42:06.314+0000] {processor.py:925} INFO - DAG(s) 'example_sla_dag' retrieved from /home/airflow/.local/lib/python3.12/site-packages/airflow/example_dags/example_sla_dag.py
[2024-12-14T19:42:06.333+0000] {logging_mixin.py:190} INFO - [2024-12-14T19:42:06.333+0000] {dag.py:3239} INFO - Sync 1 DAGs
[2024-12-14T19:42:06.360+0000] {logging_mixin.py:190} INFO - [2024-12-14T19:42:06.360+0000] {dag.py:4180} INFO - Setting next_dagrun for example_sla_dag to 2024-12-14 19:40:00+00:00, run_after=2024-12-14 19:42:00+00:00
[2024-12-14T19:42:06.376+0000] {processor.py:208} INFO - Processing /home/airflow/.local/lib/python3.12/site-packages/airflow/example_dags/example_sla_dag.py took 0.082 seconds
[2024-12-14T19:42:36.908+0000] {processor.py:186} INFO - Started process (PID=871) to work on /home/airflow/.local/lib/python3.12/site-packages/airflow/example_dags/example_sla_dag.py
[2024-12-14T19:42:36.909+0000] {processor.py:914} INFO - Processing file /home/airflow/.local/lib/python3.12/site-packages/airflow/example_dags/example_sla_dag.py for tasks to queue
[2024-12-14T19:42:36.911+0000] {logging_mixin.py:190} INFO - [2024-12-14T19:42:36.911+0000] {dagbag.py:588} INFO - Filling up the DagBag from /home/airflow/.local/lib/python3.12/site-packages/airflow/example_dags/example_sla_dag.py
[2024-12-14T19:42:36.922+0000] {processor.py:925} INFO - DAG(s) 'example_sla_dag' retrieved from /home/airflow/.local/lib/python3.12/site-packages/airflow/example_dags/example_sla_dag.py
[2024-12-14T19:42:36.939+0000] {logging_mixin.py:190} INFO - [2024-12-14T19:42:36.939+0000] {dag.py:3239} INFO - Sync 1 DAGs
[2024-12-14T19:42:36.968+0000] {logging_mixin.py:190} INFO - [2024-12-14T19:42:36.968+0000] {dag.py:4180} INFO - Setting next_dagrun for example_sla_dag to 2024-12-14 19:40:00+00:00, run_after=2024-12-14 19:42:00+00:00
[2024-12-14T19:42:36.987+0000] {processor.py:208} INFO - Processing /home/airflow/.local/lib/python3.12/site-packages/airflow/example_dags/example_sla_dag.py took 0.085 seconds
[2024-12-14T19:43:08.207+0000] {processor.py:186} INFO - Started process (PID=934) to work on /home/airflow/.local/lib/python3.12/site-packages/airflow/example_dags/example_sla_dag.py
[2024-12-14T19:43:08.208+0000] {processor.py:914} INFO - Processing file /home/airflow/.local/lib/python3.12/site-packages/airflow/example_dags/example_sla_dag.py for tasks to queue
[2024-12-14T19:43:08.210+0000] {logging_mixin.py:190} INFO - [2024-12-14T19:43:08.210+0000] {dagbag.py:588} INFO - Filling up the DagBag from /home/airflow/.local/lib/python3.12/site-packages/airflow/example_dags/example_sla_dag.py
[2024-12-14T19:43:08.221+0000] {processor.py:925} INFO - DAG(s) 'example_sla_dag' retrieved from /home/airflow/.local/lib/python3.12/site-packages/airflow/example_dags/example_sla_dag.py
[2024-12-14T19:43:08.240+0000] {logging_mixin.py:190} INFO - [2024-12-14T19:43:08.240+0000] {dag.py:3239} INFO - Sync 1 DAGs
[2024-12-14T19:43:08.273+0000] {logging_mixin.py:190} INFO - [2024-12-14T19:43:08.273+0000] {dag.py:4180} INFO - Setting next_dagrun for example_sla_dag to 2024-12-14 19:40:00+00:00, run_after=2024-12-14 19:42:00+00:00
[2024-12-14T19:43:08.290+0000] {processor.py:208} INFO - Processing /home/airflow/.local/lib/python3.12/site-packages/airflow/example_dags/example_sla_dag.py took 0.089 seconds
[2024-12-14T19:43:39.398+0000] {processor.py:186} INFO - Started process (PID=997) to work on /home/airflow/.local/lib/python3.12/site-packages/airflow/example_dags/example_sla_dag.py
[2024-12-14T19:43:39.399+0000] {processor.py:914} INFO - Processing file /home/airflow/.local/lib/python3.12/site-packages/airflow/example_dags/example_sla_dag.py for tasks to queue
[2024-12-14T19:43:39.400+0000] {logging_mixin.py:190} INFO - [2024-12-14T19:43:39.400+0000] {dagbag.py:588} INFO - Filling up the DagBag from /home/airflow/.local/lib/python3.12/site-packages/airflow/example_dags/example_sla_dag.py
[2024-12-14T19:43:39.409+0000] {processor.py:925} INFO - DAG(s) 'example_sla_dag' retrieved from /home/airflow/.local/lib/python3.12/site-packages/airflow/example_dags/example_sla_dag.py
[2024-12-14T19:43:39.423+0000] {logging_mixin.py:190} INFO - [2024-12-14T19:43:39.422+0000] {dag.py:3239} INFO - Sync 1 DAGs
[2024-12-14T19:43:39.443+0000] {logging_mixin.py:190} INFO - [2024-12-14T19:43:39.443+0000] {dag.py:4180} INFO - Setting next_dagrun for example_sla_dag to 2024-12-14 19:40:00+00:00, run_after=2024-12-14 19:42:00+00:00
[2024-12-14T19:43:39.457+0000] {processor.py:208} INFO - Processing /home/airflow/.local/lib/python3.12/site-packages/airflow/example_dags/example_sla_dag.py took 0.064 seconds
[2024-12-14T19:44:09.976+0000] {processor.py:186} INFO - Started process (PID=1060) to work on /home/airflow/.local/lib/python3.12/site-packages/airflow/example_dags/example_sla_dag.py
[2024-12-14T19:44:09.977+0000] {processor.py:914} INFO - Processing file /home/airflow/.local/lib/python3.12/site-packages/airflow/example_dags/example_sla_dag.py for tasks to queue
[2024-12-14T19:44:09.979+0000] {logging_mixin.py:190} INFO - [2024-12-14T19:44:09.979+0000] {dagbag.py:588} INFO - Filling up the DagBag from /home/airflow/.local/lib/python3.12/site-packages/airflow/example_dags/example_sla_dag.py
[2024-12-14T19:44:09.988+0000] {processor.py:925} INFO - DAG(s) 'example_sla_dag' retrieved from /home/airflow/.local/lib/python3.12/site-packages/airflow/example_dags/example_sla_dag.py
[2024-12-14T19:44:10.003+0000] {logging_mixin.py:190} INFO - [2024-12-14T19:44:10.003+0000] {dag.py:3239} INFO - Sync 1 DAGs
[2024-12-14T19:44:10.029+0000] {logging_mixin.py:190} INFO - [2024-12-14T19:44:10.029+0000] {dag.py:4180} INFO - Setting next_dagrun for example_sla_dag to 2024-12-14 19:42:00+00:00, run_after=2024-12-14 19:44:00+00:00
[2024-12-14T19:44:10.045+0000] {processor.py:208} INFO - Processing /home/airflow/.local/lib/python3.12/site-packages/airflow/example_dags/example_sla_dag.py took 0.075 seconds
[2024-12-14T19:44:41.418+0000] {processor.py:186} INFO - Started process (PID=1123) to work on /home/airflow/.local/lib/python3.12/site-packages/airflow/example_dags/example_sla_dag.py
[2024-12-14T19:44:41.419+0000] {processor.py:914} INFO - Processing file /home/airflow/.local/lib/python3.12/site-packages/airflow/example_dags/example_sla_dag.py for tasks to queue
[2024-12-14T19:44:41.421+0000] {logging_mixin.py:190} INFO - [2024-12-14T19:44:41.421+0000] {dagbag.py:588} INFO - Filling up the DagBag from /home/airflow/.local/lib/python3.12/site-packages/airflow/example_dags/example_sla_dag.py
[2024-12-14T19:44:41.432+0000] {processor.py:925} INFO - DAG(s) 'example_sla_dag' retrieved from /home/airflow/.local/lib/python3.12/site-packages/airflow/example_dags/example_sla_dag.py
[2024-12-14T19:44:41.450+0000] {logging_mixin.py:190} INFO - [2024-12-14T19:44:41.450+0000] {dag.py:3239} INFO - Sync 1 DAGs
[2024-12-14T19:44:41.477+0000] {logging_mixin.py:190} INFO - [2024-12-14T19:44:41.477+0000] {dag.py:4180} INFO - Setting next_dagrun for example_sla_dag to 2024-12-14 19:42:00+00:00, run_after=2024-12-14 19:44:00+00:00
[2024-12-14T19:44:41.493+0000] {processor.py:208} INFO - Processing /home/airflow/.local/lib/python3.12/site-packages/airflow/example_dags/example_sla_dag.py took 0.080 seconds
[2024-12-14T19:45:12.756+0000] {processor.py:186} INFO - Started process (PID=1186) to work on /home/airflow/.local/lib/python3.12/site-packages/airflow/example_dags/example_sla_dag.py
[2024-12-14T19:45:12.757+0000] {processor.py:914} INFO - Processing file /home/airflow/.local/lib/python3.12/site-packages/airflow/example_dags/example_sla_dag.py for tasks to queue
[2024-12-14T19:45:12.759+0000] {logging_mixin.py:190} INFO - [2024-12-14T19:45:12.758+0000] {dagbag.py:588} INFO - Filling up the DagBag from /home/airflow/.local/lib/python3.12/site-packages/airflow/example_dags/example_sla_dag.py
[2024-12-14T19:45:12.767+0000] {processor.py:925} INFO - DAG(s) 'example_sla_dag' retrieved from /home/airflow/.local/lib/python3.12/site-packages/airflow/example_dags/example_sla_dag.py
[2024-12-14T19:45:12.781+0000] {logging_mixin.py:190} INFO - [2024-12-14T19:45:12.781+0000] {dag.py:3239} INFO - Sync 1 DAGs
[2024-12-14T19:45:12.802+0000] {logging_mixin.py:190} INFO - [2024-12-14T19:45:12.802+0000] {dag.py:4180} INFO - Setting next_dagrun for example_sla_dag to 2024-12-14 19:42:00+00:00, run_after=2024-12-14 19:44:00+00:00
[2024-12-14T19:45:12.815+0000] {processor.py:208} INFO - Processing /home/airflow/.local/lib/python3.12/site-packages/airflow/example_dags/example_sla_dag.py took 0.063 seconds
[2024-12-14T19:45:43.900+0000] {processor.py:186} INFO - Started process (PID=1249) to work on /home/airflow/.local/lib/python3.12/site-packages/airflow/example_dags/example_sla_dag.py
[2024-12-14T19:45:43.902+0000] {processor.py:914} INFO - Processing file /home/airflow/.local/lib/python3.12/site-packages/airflow/example_dags/example_sla_dag.py for tasks to queue
[2024-12-14T19:45:43.903+0000] {logging_mixin.py:190} INFO - [2024-12-14T19:45:43.903+0000] {dagbag.py:588} INFO - Filling up the DagBag from /home/airflow/.local/lib/python3.12/site-packages/airflow/example_dags/example_sla_dag.py
[2024-12-14T19:45:43.912+0000] {processor.py:925} INFO - DAG(s) 'example_sla_dag' retrieved from /home/airflow/.local/lib/python3.12/site-packages/airflow/example_dags/example_sla_dag.py
[2024-12-14T19:45:43.927+0000] {logging_mixin.py:190} INFO - [2024-12-14T19:45:43.927+0000] {dag.py:3239} INFO - Sync 1 DAGs
[2024-12-14T19:45:43.948+0000] {logging_mixin.py:190} INFO - [2024-12-14T19:45:43.948+0000] {dag.py:4180} INFO - Setting next_dagrun for example_sla_dag to 2024-12-14 19:42:00+00:00, run_after=2024-12-14 19:44:00+00:00
[2024-12-14T19:45:43.961+0000] {processor.py:208} INFO - Processing /home/airflow/.local/lib/python3.12/site-packages/airflow/example_dags/example_sla_dag.py took 0.066 seconds
