[2024-12-14T19:28:34.715+0000] {processor.py:186} INFO - Started process (PID=87) to work on /home/airflow/.local/lib/python3.12/site-packages/airflow/example_dags/example_branch_labels.py
[2024-12-14T19:28:34.716+0000] {processor.py:914} INFO - Processing file /home/airflow/.local/lib/python3.12/site-packages/airflow/example_dags/example_branch_labels.py for tasks to queue
[2024-12-14T19:28:34.719+0000] {logging_mixin.py:190} INFO - [2024-12-14T19:28:34.718+0000] {dagbag.py:588} INFO - Filling up the DagBag from /home/airflow/.local/lib/python3.12/site-packages/airflow/example_dags/example_branch_labels.py
[2024-12-14T19:28:34.730+0000] {processor.py:925} INFO - DAG(s) 'example_branch_labels' retrieved from /home/airflow/.local/lib/python3.12/site-packages/airflow/example_dags/example_branch_labels.py
[2024-12-14T19:28:34.844+0000] {logging_mixin.py:190} INFO - [2024-12-14T19:28:34.843+0000] {override.py:1911} INFO - Created Permission View: can edit on DAG:example_branch_labels
[2024-12-14T19:28:34.854+0000] {logging_mixin.py:190} INFO - [2024-12-14T19:28:34.853+0000] {override.py:1911} INFO - Created Permission View: can delete on DAG:example_branch_labels
[2024-12-14T19:28:34.859+0000] {logging_mixin.py:190} INFO - [2024-12-14T19:28:34.859+0000] {override.py:1911} INFO - Created Permission View: can read on DAG:example_branch_labels
[2024-12-14T19:28:34.865+0000] {logging_mixin.py:190} INFO - [2024-12-14T19:28:34.865+0000] {override.py:1911} INFO - Created Permission View: menu access on DAG Run:example_branch_labels
[2024-12-14T19:28:34.871+0000] {logging_mixin.py:190} INFO - [2024-12-14T19:28:34.871+0000] {override.py:1911} INFO - Created Permission View: can delete on DAG Run:example_branch_labels
[2024-12-14T19:28:34.876+0000] {logging_mixin.py:190} INFO - [2024-12-14T19:28:34.875+0000] {override.py:1911} INFO - Created Permission View: can create on DAG Run:example_branch_labels
[2024-12-14T19:28:34.880+0000] {logging_mixin.py:190} INFO - [2024-12-14T19:28:34.880+0000] {override.py:1911} INFO - Created Permission View: can read on DAG Run:example_branch_labels
[2024-12-14T19:28:34.880+0000] {logging_mixin.py:190} INFO - [2024-12-14T19:28:34.880+0000] {dag.py:3239} INFO - Sync 1 DAGs
[2024-12-14T19:28:34.890+0000] {logging_mixin.py:190} INFO - [2024-12-14T19:28:34.890+0000] {dag.py:3262} INFO - Creating ORM DAG for example_branch_labels
[2024-12-14T19:28:34.901+0000] {logging_mixin.py:190} INFO - [2024-12-14T19:28:34.901+0000] {dag.py:4180} INFO - Setting next_dagrun for example_branch_labels to 2024-12-13 00:00:00+00:00, run_after=2024-12-14 00:00:00+00:00
[2024-12-14T19:28:34.913+0000] {processor.py:208} INFO - Processing /home/airflow/.local/lib/python3.12/site-packages/airflow/example_dags/example_branch_labels.py took 0.207 seconds
[2024-12-14T19:29:05.322+0000] {processor.py:186} INFO - Started process (PID=150) to work on /home/airflow/.local/lib/python3.12/site-packages/airflow/example_dags/example_branch_labels.py
[2024-12-14T19:29:05.323+0000] {processor.py:914} INFO - Processing file /home/airflow/.local/lib/python3.12/site-packages/airflow/example_dags/example_branch_labels.py for tasks to queue
[2024-12-14T19:29:05.325+0000] {logging_mixin.py:190} INFO - [2024-12-14T19:29:05.325+0000] {dagbag.py:588} INFO - Filling up the DagBag from /home/airflow/.local/lib/python3.12/site-packages/airflow/example_dags/example_branch_labels.py
[2024-12-14T19:29:05.333+0000] {processor.py:925} INFO - DAG(s) 'example_branch_labels' retrieved from /home/airflow/.local/lib/python3.12/site-packages/airflow/example_dags/example_branch_labels.py
[2024-12-14T19:29:05.350+0000] {logging_mixin.py:190} INFO - [2024-12-14T19:29:05.349+0000] {dag.py:3239} INFO - Sync 1 DAGs
[2024-12-14T19:29:05.371+0000] {logging_mixin.py:190} INFO - [2024-12-14T19:29:05.371+0000] {dag.py:4180} INFO - Setting next_dagrun for example_branch_labels to 2024-12-13 00:00:00+00:00, run_after=2024-12-14 00:00:00+00:00
[2024-12-14T19:29:05.386+0000] {processor.py:208} INFO - Processing /home/airflow/.local/lib/python3.12/site-packages/airflow/example_dags/example_branch_labels.py took 0.068 seconds
[2024-12-14T19:29:36.374+0000] {processor.py:186} INFO - Started process (PID=213) to work on /home/airflow/.local/lib/python3.12/site-packages/airflow/example_dags/example_branch_labels.py
[2024-12-14T19:29:36.375+0000] {processor.py:914} INFO - Processing file /home/airflow/.local/lib/python3.12/site-packages/airflow/example_dags/example_branch_labels.py for tasks to queue
[2024-12-14T19:29:36.377+0000] {logging_mixin.py:190} INFO - [2024-12-14T19:29:36.377+0000] {dagbag.py:588} INFO - Filling up the DagBag from /home/airflow/.local/lib/python3.12/site-packages/airflow/example_dags/example_branch_labels.py
[2024-12-14T19:29:36.388+0000] {processor.py:925} INFO - DAG(s) 'example_branch_labels' retrieved from /home/airflow/.local/lib/python3.12/site-packages/airflow/example_dags/example_branch_labels.py
[2024-12-14T19:29:36.411+0000] {logging_mixin.py:190} INFO - [2024-12-14T19:29:36.410+0000] {dag.py:3239} INFO - Sync 1 DAGs
[2024-12-14T19:29:36.439+0000] {logging_mixin.py:190} INFO - [2024-12-14T19:29:36.439+0000] {dag.py:4180} INFO - Setting next_dagrun for example_branch_labels to 2024-12-13 00:00:00+00:00, run_after=2024-12-14 00:00:00+00:00
[2024-12-14T19:29:36.459+0000] {processor.py:208} INFO - Processing /home/airflow/.local/lib/python3.12/site-packages/airflow/example_dags/example_branch_labels.py took 0.091 seconds
[2024-12-14T19:30:06.551+0000] {processor.py:186} INFO - Started process (PID=275) to work on /home/airflow/.local/lib/python3.12/site-packages/airflow/example_dags/example_branch_labels.py
[2024-12-14T19:30:06.552+0000] {processor.py:914} INFO - Processing file /home/airflow/.local/lib/python3.12/site-packages/airflow/example_dags/example_branch_labels.py for tasks to queue
[2024-12-14T19:30:06.554+0000] {logging_mixin.py:190} INFO - [2024-12-14T19:30:06.553+0000] {dagbag.py:588} INFO - Filling up the DagBag from /home/airflow/.local/lib/python3.12/site-packages/airflow/example_dags/example_branch_labels.py
[2024-12-14T19:30:06.562+0000] {processor.py:925} INFO - DAG(s) 'example_branch_labels' retrieved from /home/airflow/.local/lib/python3.12/site-packages/airflow/example_dags/example_branch_labels.py
[2024-12-14T19:30:06.580+0000] {logging_mixin.py:190} INFO - [2024-12-14T19:30:06.580+0000] {dag.py:3239} INFO - Sync 1 DAGs
[2024-12-14T19:30:06.603+0000] {logging_mixin.py:190} INFO - [2024-12-14T19:30:06.603+0000] {dag.py:4180} INFO - Setting next_dagrun for example_branch_labels to 2024-12-13 00:00:00+00:00, run_after=2024-12-14 00:00:00+00:00
[2024-12-14T19:30:06.618+0000] {processor.py:208} INFO - Processing /home/airflow/.local/lib/python3.12/site-packages/airflow/example_dags/example_branch_labels.py took 0.071 seconds
[2024-12-14T19:30:37.018+0000] {processor.py:186} INFO - Started process (PID=338) to work on /home/airflow/.local/lib/python3.12/site-packages/airflow/example_dags/example_branch_labels.py
[2024-12-14T19:30:37.020+0000] {processor.py:914} INFO - Processing file /home/airflow/.local/lib/python3.12/site-packages/airflow/example_dags/example_branch_labels.py for tasks to queue
[2024-12-14T19:30:37.022+0000] {logging_mixin.py:190} INFO - [2024-12-14T19:30:37.021+0000] {dagbag.py:588} INFO - Filling up the DagBag from /home/airflow/.local/lib/python3.12/site-packages/airflow/example_dags/example_branch_labels.py
[2024-12-14T19:30:37.030+0000] {processor.py:925} INFO - DAG(s) 'example_branch_labels' retrieved from /home/airflow/.local/lib/python3.12/site-packages/airflow/example_dags/example_branch_labels.py
[2024-12-14T19:30:37.050+0000] {logging_mixin.py:190} INFO - [2024-12-14T19:30:37.050+0000] {dag.py:3239} INFO - Sync 1 DAGs
[2024-12-14T19:30:37.077+0000] {logging_mixin.py:190} INFO - [2024-12-14T19:30:37.077+0000] {dag.py:4180} INFO - Setting next_dagrun for example_branch_labels to 2024-12-13 00:00:00+00:00, run_after=2024-12-14 00:00:00+00:00
[2024-12-14T19:30:37.095+0000] {processor.py:208} INFO - Processing /home/airflow/.local/lib/python3.12/site-packages/airflow/example_dags/example_branch_labels.py took 0.081 seconds
[2024-12-14T19:31:45.918+0000] {processor.py:186} INFO - Started process (PID=88) to work on /home/airflow/.local/lib/python3.12/site-packages/airflow/example_dags/example_branch_labels.py
[2024-12-14T19:31:45.920+0000] {processor.py:914} INFO - Processing file /home/airflow/.local/lib/python3.12/site-packages/airflow/example_dags/example_branch_labels.py for tasks to queue
[2024-12-14T19:31:45.923+0000] {logging_mixin.py:190} INFO - [2024-12-14T19:31:45.922+0000] {dagbag.py:588} INFO - Filling up the DagBag from /home/airflow/.local/lib/python3.12/site-packages/airflow/example_dags/example_branch_labels.py
[2024-12-14T19:31:45.961+0000] {processor.py:925} INFO - DAG(s) 'example_branch_labels' retrieved from /home/airflow/.local/lib/python3.12/site-packages/airflow/example_dags/example_branch_labels.py
[2024-12-14T19:31:45.990+0000] {logging_mixin.py:190} INFO - [2024-12-14T19:31:45.989+0000] {dag.py:3239} INFO - Sync 1 DAGs
[2024-12-14T19:31:46.049+0000] {logging_mixin.py:190} INFO - [2024-12-14T19:31:46.049+0000] {dag.py:4180} INFO - Setting next_dagrun for example_branch_labels to 2024-12-13 00:00:00+00:00, run_after=2024-12-14 00:00:00+00:00
[2024-12-14T19:31:46.083+0000] {processor.py:208} INFO - Processing /home/airflow/.local/lib/python3.12/site-packages/airflow/example_dags/example_branch_labels.py took 0.172 seconds
[2024-12-14T19:32:16.756+0000] {processor.py:186} INFO - Started process (PID=152) to work on /home/airflow/.local/lib/python3.12/site-packages/airflow/example_dags/example_branch_labels.py
[2024-12-14T19:32:16.757+0000] {processor.py:914} INFO - Processing file /home/airflow/.local/lib/python3.12/site-packages/airflow/example_dags/example_branch_labels.py for tasks to queue
[2024-12-14T19:32:16.760+0000] {logging_mixin.py:190} INFO - [2024-12-14T19:32:16.759+0000] {dagbag.py:588} INFO - Filling up the DagBag from /home/airflow/.local/lib/python3.12/site-packages/airflow/example_dags/example_branch_labels.py
[2024-12-14T19:32:16.770+0000] {processor.py:925} INFO - DAG(s) 'example_branch_labels' retrieved from /home/airflow/.local/lib/python3.12/site-packages/airflow/example_dags/example_branch_labels.py
[2024-12-14T19:32:16.791+0000] {logging_mixin.py:190} INFO - [2024-12-14T19:32:16.791+0000] {dag.py:3239} INFO - Sync 1 DAGs
[2024-12-14T19:32:16.819+0000] {logging_mixin.py:190} INFO - [2024-12-14T19:32:16.819+0000] {dag.py:4180} INFO - Setting next_dagrun for example_branch_labels to 2024-12-13 00:00:00+00:00, run_after=2024-12-14 00:00:00+00:00
[2024-12-14T19:32:16.837+0000] {processor.py:208} INFO - Processing /home/airflow/.local/lib/python3.12/site-packages/airflow/example_dags/example_branch_labels.py took 0.087 seconds
[2024-12-14T19:32:47.726+0000] {processor.py:186} INFO - Started process (PID=215) to work on /home/airflow/.local/lib/python3.12/site-packages/airflow/example_dags/example_branch_labels.py
[2024-12-14T19:32:47.727+0000] {processor.py:914} INFO - Processing file /home/airflow/.local/lib/python3.12/site-packages/airflow/example_dags/example_branch_labels.py for tasks to queue
[2024-12-14T19:32:47.729+0000] {logging_mixin.py:190} INFO - [2024-12-14T19:32:47.728+0000] {dagbag.py:588} INFO - Filling up the DagBag from /home/airflow/.local/lib/python3.12/site-packages/airflow/example_dags/example_branch_labels.py
[2024-12-14T19:32:47.736+0000] {processor.py:925} INFO - DAG(s) 'example_branch_labels' retrieved from /home/airflow/.local/lib/python3.12/site-packages/airflow/example_dags/example_branch_labels.py
[2024-12-14T19:32:47.756+0000] {logging_mixin.py:190} INFO - [2024-12-14T19:32:47.756+0000] {dag.py:3239} INFO - Sync 1 DAGs
[2024-12-14T19:32:47.782+0000] {logging_mixin.py:190} INFO - [2024-12-14T19:32:47.782+0000] {dag.py:4180} INFO - Setting next_dagrun for example_branch_labels to 2024-12-13 00:00:00+00:00, run_after=2024-12-14 00:00:00+00:00
[2024-12-14T19:32:47.800+0000] {processor.py:208} INFO - Processing /home/airflow/.local/lib/python3.12/site-packages/airflow/example_dags/example_branch_labels.py took 0.079 seconds
[2024-12-14T19:33:18.819+0000] {processor.py:186} INFO - Started process (PID=278) to work on /home/airflow/.local/lib/python3.12/site-packages/airflow/example_dags/example_branch_labels.py
[2024-12-14T19:33:18.819+0000] {processor.py:914} INFO - Processing file /home/airflow/.local/lib/python3.12/site-packages/airflow/example_dags/example_branch_labels.py for tasks to queue
[2024-12-14T19:33:18.821+0000] {logging_mixin.py:190} INFO - [2024-12-14T19:33:18.821+0000] {dagbag.py:588} INFO - Filling up the DagBag from /home/airflow/.local/lib/python3.12/site-packages/airflow/example_dags/example_branch_labels.py
[2024-12-14T19:33:18.829+0000] {processor.py:925} INFO - DAG(s) 'example_branch_labels' retrieved from /home/airflow/.local/lib/python3.12/site-packages/airflow/example_dags/example_branch_labels.py
[2024-12-14T19:33:18.849+0000] {logging_mixin.py:190} INFO - [2024-12-14T19:33:18.848+0000] {dag.py:3239} INFO - Sync 1 DAGs
[2024-12-14T19:33:18.876+0000] {logging_mixin.py:190} INFO - [2024-12-14T19:33:18.875+0000] {dag.py:4180} INFO - Setting next_dagrun for example_branch_labels to 2024-12-13 00:00:00+00:00, run_after=2024-12-14 00:00:00+00:00
[2024-12-14T19:33:18.893+0000] {processor.py:208} INFO - Processing /home/airflow/.local/lib/python3.12/site-packages/airflow/example_dags/example_branch_labels.py took 0.079 seconds
[2024-12-14T19:33:49.109+0000] {processor.py:186} INFO - Started process (PID=340) to work on /home/airflow/.local/lib/python3.12/site-packages/airflow/example_dags/example_branch_labels.py
[2024-12-14T19:33:49.110+0000] {processor.py:914} INFO - Processing file /home/airflow/.local/lib/python3.12/site-packages/airflow/example_dags/example_branch_labels.py for tasks to queue
[2024-12-14T19:33:49.111+0000] {logging_mixin.py:190} INFO - [2024-12-14T19:33:49.111+0000] {dagbag.py:588} INFO - Filling up the DagBag from /home/airflow/.local/lib/python3.12/site-packages/airflow/example_dags/example_branch_labels.py
[2024-12-14T19:33:49.120+0000] {processor.py:925} INFO - DAG(s) 'example_branch_labels' retrieved from /home/airflow/.local/lib/python3.12/site-packages/airflow/example_dags/example_branch_labels.py
[2024-12-14T19:33:49.138+0000] {logging_mixin.py:190} INFO - [2024-12-14T19:33:49.138+0000] {dag.py:3239} INFO - Sync 1 DAGs
[2024-12-14T19:33:49.158+0000] {logging_mixin.py:190} INFO - [2024-12-14T19:33:49.158+0000] {dag.py:4180} INFO - Setting next_dagrun for example_branch_labels to 2024-12-13 00:00:00+00:00, run_after=2024-12-14 00:00:00+00:00
[2024-12-14T19:33:49.174+0000] {processor.py:208} INFO - Processing /home/airflow/.local/lib/python3.12/site-packages/airflow/example_dags/example_branch_labels.py took 0.071 seconds
[2024-12-14T19:34:19.618+0000] {processor.py:186} INFO - Started process (PID=403) to work on /home/airflow/.local/lib/python3.12/site-packages/airflow/example_dags/example_branch_labels.py
[2024-12-14T19:34:19.619+0000] {processor.py:914} INFO - Processing file /home/airflow/.local/lib/python3.12/site-packages/airflow/example_dags/example_branch_labels.py for tasks to queue
[2024-12-14T19:34:19.621+0000] {logging_mixin.py:190} INFO - [2024-12-14T19:34:19.621+0000] {dagbag.py:588} INFO - Filling up the DagBag from /home/airflow/.local/lib/python3.12/site-packages/airflow/example_dags/example_branch_labels.py
[2024-12-14T19:34:19.632+0000] {processor.py:925} INFO - DAG(s) 'example_branch_labels' retrieved from /home/airflow/.local/lib/python3.12/site-packages/airflow/example_dags/example_branch_labels.py
[2024-12-14T19:34:19.651+0000] {logging_mixin.py:190} INFO - [2024-12-14T19:34:19.651+0000] {dag.py:3239} INFO - Sync 1 DAGs
[2024-12-14T19:34:19.677+0000] {logging_mixin.py:190} INFO - [2024-12-14T19:34:19.677+0000] {dag.py:4180} INFO - Setting next_dagrun for example_branch_labels to 2024-12-13 00:00:00+00:00, run_after=2024-12-14 00:00:00+00:00
[2024-12-14T19:34:19.693+0000] {processor.py:208} INFO - Processing /home/airflow/.local/lib/python3.12/site-packages/airflow/example_dags/example_branch_labels.py took 0.080 seconds
[2024-12-14T19:34:50.819+0000] {processor.py:186} INFO - Started process (PID=466) to work on /home/airflow/.local/lib/python3.12/site-packages/airflow/example_dags/example_branch_labels.py
[2024-12-14T19:34:50.820+0000] {processor.py:914} INFO - Processing file /home/airflow/.local/lib/python3.12/site-packages/airflow/example_dags/example_branch_labels.py for tasks to queue
[2024-12-14T19:34:50.822+0000] {logging_mixin.py:190} INFO - [2024-12-14T19:34:50.822+0000] {dagbag.py:588} INFO - Filling up the DagBag from /home/airflow/.local/lib/python3.12/site-packages/airflow/example_dags/example_branch_labels.py
[2024-12-14T19:34:50.831+0000] {processor.py:925} INFO - DAG(s) 'example_branch_labels' retrieved from /home/airflow/.local/lib/python3.12/site-packages/airflow/example_dags/example_branch_labels.py
[2024-12-14T19:34:50.848+0000] {logging_mixin.py:190} INFO - [2024-12-14T19:34:50.848+0000] {dag.py:3239} INFO - Sync 1 DAGs
[2024-12-14T19:34:50.869+0000] {logging_mixin.py:190} INFO - [2024-12-14T19:34:50.869+0000] {dag.py:4180} INFO - Setting next_dagrun for example_branch_labels to 2024-12-13 00:00:00+00:00, run_after=2024-12-14 00:00:00+00:00
[2024-12-14T19:34:50.885+0000] {processor.py:208} INFO - Processing /home/airflow/.local/lib/python3.12/site-packages/airflow/example_dags/example_branch_labels.py took 0.071 seconds
[2024-12-14T19:35:55.222+0000] {processor.py:186} INFO - Started process (PID=81) to work on /home/airflow/.local/lib/python3.12/site-packages/airflow/example_dags/example_branch_labels.py
[2024-12-14T19:35:55.224+0000] {processor.py:914} INFO - Processing file /home/airflow/.local/lib/python3.12/site-packages/airflow/example_dags/example_branch_labels.py for tasks to queue
[2024-12-14T19:35:55.226+0000] {logging_mixin.py:190} INFO - [2024-12-14T19:35:55.226+0000] {dagbag.py:588} INFO - Filling up the DagBag from /home/airflow/.local/lib/python3.12/site-packages/airflow/example_dags/example_branch_labels.py
[2024-12-14T19:35:55.238+0000] {processor.py:925} INFO - DAG(s) 'example_branch_labels' retrieved from /home/airflow/.local/lib/python3.12/site-packages/airflow/example_dags/example_branch_labels.py
[2024-12-14T19:35:55.260+0000] {logging_mixin.py:190} INFO - [2024-12-14T19:35:55.260+0000] {dag.py:3239} INFO - Sync 1 DAGs
[2024-12-14T19:35:55.285+0000] {logging_mixin.py:190} INFO - [2024-12-14T19:35:55.285+0000] {dag.py:4180} INFO - Setting next_dagrun for example_branch_labels to 2024-12-13 00:00:00+00:00, run_after=2024-12-14 00:00:00+00:00
[2024-12-14T19:35:55.301+0000] {processor.py:208} INFO - Processing /home/airflow/.local/lib/python3.12/site-packages/airflow/example_dags/example_branch_labels.py took 0.085 seconds
[2024-12-14T19:36:26.154+0000] {processor.py:186} INFO - Started process (PID=144) to work on /home/airflow/.local/lib/python3.12/site-packages/airflow/example_dags/example_branch_labels.py
[2024-12-14T19:36:26.155+0000] {processor.py:914} INFO - Processing file /home/airflow/.local/lib/python3.12/site-packages/airflow/example_dags/example_branch_labels.py for tasks to queue
[2024-12-14T19:36:26.156+0000] {logging_mixin.py:190} INFO - [2024-12-14T19:36:26.156+0000] {dagbag.py:588} INFO - Filling up the DagBag from /home/airflow/.local/lib/python3.12/site-packages/airflow/example_dags/example_branch_labels.py
[2024-12-14T19:36:26.167+0000] {processor.py:925} INFO - DAG(s) 'example_branch_labels' retrieved from /home/airflow/.local/lib/python3.12/site-packages/airflow/example_dags/example_branch_labels.py
[2024-12-14T19:36:26.189+0000] {logging_mixin.py:190} INFO - [2024-12-14T19:36:26.188+0000] {dag.py:3239} INFO - Sync 1 DAGs
[2024-12-14T19:36:26.212+0000] {logging_mixin.py:190} INFO - [2024-12-14T19:36:26.211+0000] {dag.py:4180} INFO - Setting next_dagrun for example_branch_labels to 2024-12-13 00:00:00+00:00, run_after=2024-12-14 00:00:00+00:00
[2024-12-14T19:36:26.226+0000] {processor.py:208} INFO - Processing /home/airflow/.local/lib/python3.12/site-packages/airflow/example_dags/example_branch_labels.py took 0.077 seconds
[2024-12-14T19:36:57.239+0000] {processor.py:186} INFO - Started process (PID=207) to work on /home/airflow/.local/lib/python3.12/site-packages/airflow/example_dags/example_branch_labels.py
[2024-12-14T19:36:57.241+0000] {processor.py:914} INFO - Processing file /home/airflow/.local/lib/python3.12/site-packages/airflow/example_dags/example_branch_labels.py for tasks to queue
[2024-12-14T19:36:57.243+0000] {logging_mixin.py:190} INFO - [2024-12-14T19:36:57.242+0000] {dagbag.py:588} INFO - Filling up the DagBag from /home/airflow/.local/lib/python3.12/site-packages/airflow/example_dags/example_branch_labels.py
[2024-12-14T19:36:57.253+0000] {processor.py:925} INFO - DAG(s) 'example_branch_labels' retrieved from /home/airflow/.local/lib/python3.12/site-packages/airflow/example_dags/example_branch_labels.py
[2024-12-14T19:36:57.273+0000] {logging_mixin.py:190} INFO - [2024-12-14T19:36:57.273+0000] {dag.py:3239} INFO - Sync 1 DAGs
[2024-12-14T19:36:57.296+0000] {logging_mixin.py:190} INFO - [2024-12-14T19:36:57.296+0000] {dag.py:4180} INFO - Setting next_dagrun for example_branch_labels to 2024-12-13 00:00:00+00:00, run_after=2024-12-14 00:00:00+00:00
[2024-12-14T19:36:57.311+0000] {processor.py:208} INFO - Processing /home/airflow/.local/lib/python3.12/site-packages/airflow/example_dags/example_branch_labels.py took 0.077 seconds
[2024-12-14T19:37:28.257+0000] {processor.py:186} INFO - Started process (PID=270) to work on /home/airflow/.local/lib/python3.12/site-packages/airflow/example_dags/example_branch_labels.py
[2024-12-14T19:37:28.258+0000] {processor.py:914} INFO - Processing file /home/airflow/.local/lib/python3.12/site-packages/airflow/example_dags/example_branch_labels.py for tasks to queue
[2024-12-14T19:37:28.260+0000] {logging_mixin.py:190} INFO - [2024-12-14T19:37:28.260+0000] {dagbag.py:588} INFO - Filling up the DagBag from /home/airflow/.local/lib/python3.12/site-packages/airflow/example_dags/example_branch_labels.py
[2024-12-14T19:37:28.269+0000] {processor.py:925} INFO - DAG(s) 'example_branch_labels' retrieved from /home/airflow/.local/lib/python3.12/site-packages/airflow/example_dags/example_branch_labels.py
[2024-12-14T19:37:28.287+0000] {logging_mixin.py:190} INFO - [2024-12-14T19:37:28.287+0000] {dag.py:3239} INFO - Sync 1 DAGs
[2024-12-14T19:37:28.311+0000] {logging_mixin.py:190} INFO - [2024-12-14T19:37:28.310+0000] {dag.py:4180} INFO - Setting next_dagrun for example_branch_labels to 2024-12-13 00:00:00+00:00, run_after=2024-12-14 00:00:00+00:00
[2024-12-14T19:37:28.327+0000] {processor.py:208} INFO - Processing /home/airflow/.local/lib/python3.12/site-packages/airflow/example_dags/example_branch_labels.py took 0.075 seconds
[2024-12-14T19:37:59.257+0000] {processor.py:186} INFO - Started process (PID=333) to work on /home/airflow/.local/lib/python3.12/site-packages/airflow/example_dags/example_branch_labels.py
[2024-12-14T19:37:59.259+0000] {processor.py:914} INFO - Processing file /home/airflow/.local/lib/python3.12/site-packages/airflow/example_dags/example_branch_labels.py for tasks to queue
[2024-12-14T19:37:59.260+0000] {logging_mixin.py:190} INFO - [2024-12-14T19:37:59.260+0000] {dagbag.py:588} INFO - Filling up the DagBag from /home/airflow/.local/lib/python3.12/site-packages/airflow/example_dags/example_branch_labels.py
[2024-12-14T19:37:59.268+0000] {processor.py:925} INFO - DAG(s) 'example_branch_labels' retrieved from /home/airflow/.local/lib/python3.12/site-packages/airflow/example_dags/example_branch_labels.py
[2024-12-14T19:37:59.285+0000] {logging_mixin.py:190} INFO - [2024-12-14T19:37:59.285+0000] {dag.py:3239} INFO - Sync 1 DAGs
[2024-12-14T19:37:59.305+0000] {logging_mixin.py:190} INFO - [2024-12-14T19:37:59.305+0000] {dag.py:4180} INFO - Setting next_dagrun for example_branch_labels to 2024-12-13 00:00:00+00:00, run_after=2024-12-14 00:00:00+00:00
[2024-12-14T19:37:59.320+0000] {processor.py:208} INFO - Processing /home/airflow/.local/lib/python3.12/site-packages/airflow/example_dags/example_branch_labels.py took 0.068 seconds
[2024-12-14T19:38:30.325+0000] {processor.py:186} INFO - Started process (PID=396) to work on /home/airflow/.local/lib/python3.12/site-packages/airflow/example_dags/example_branch_labels.py
[2024-12-14T19:38:30.326+0000] {processor.py:914} INFO - Processing file /home/airflow/.local/lib/python3.12/site-packages/airflow/example_dags/example_branch_labels.py for tasks to queue
[2024-12-14T19:38:30.328+0000] {logging_mixin.py:190} INFO - [2024-12-14T19:38:30.327+0000] {dagbag.py:588} INFO - Filling up the DagBag from /home/airflow/.local/lib/python3.12/site-packages/airflow/example_dags/example_branch_labels.py
[2024-12-14T19:38:30.336+0000] {processor.py:925} INFO - DAG(s) 'example_branch_labels' retrieved from /home/airflow/.local/lib/python3.12/site-packages/airflow/example_dags/example_branch_labels.py
[2024-12-14T19:38:30.353+0000] {logging_mixin.py:190} INFO - [2024-12-14T19:38:30.353+0000] {dag.py:3239} INFO - Sync 1 DAGs
[2024-12-14T19:38:30.373+0000] {logging_mixin.py:190} INFO - [2024-12-14T19:38:30.373+0000] {dag.py:4180} INFO - Setting next_dagrun for example_branch_labels to 2024-12-13 00:00:00+00:00, run_after=2024-12-14 00:00:00+00:00
[2024-12-14T19:38:30.388+0000] {processor.py:208} INFO - Processing /home/airflow/.local/lib/python3.12/site-packages/airflow/example_dags/example_branch_labels.py took 0.068 seconds
[2024-12-14T19:39:01.421+0000] {processor.py:186} INFO - Started process (PID=459) to work on /home/airflow/.local/lib/python3.12/site-packages/airflow/example_dags/example_branch_labels.py
[2024-12-14T19:39:01.422+0000] {processor.py:914} INFO - Processing file /home/airflow/.local/lib/python3.12/site-packages/airflow/example_dags/example_branch_labels.py for tasks to queue
[2024-12-14T19:39:01.424+0000] {logging_mixin.py:190} INFO - [2024-12-14T19:39:01.424+0000] {dagbag.py:588} INFO - Filling up the DagBag from /home/airflow/.local/lib/python3.12/site-packages/airflow/example_dags/example_branch_labels.py
[2024-12-14T19:39:01.436+0000] {processor.py:925} INFO - DAG(s) 'example_branch_labels' retrieved from /home/airflow/.local/lib/python3.12/site-packages/airflow/example_dags/example_branch_labels.py
[2024-12-14T19:39:01.459+0000] {logging_mixin.py:190} INFO - [2024-12-14T19:39:01.459+0000] {dag.py:3239} INFO - Sync 1 DAGs
[2024-12-14T19:39:01.488+0000] {logging_mixin.py:190} INFO - [2024-12-14T19:39:01.488+0000] {dag.py:4180} INFO - Setting next_dagrun for example_branch_labels to 2024-12-13 00:00:00+00:00, run_after=2024-12-14 00:00:00+00:00
[2024-12-14T19:39:01.508+0000] {processor.py:208} INFO - Processing /home/airflow/.local/lib/python3.12/site-packages/airflow/example_dags/example_branch_labels.py took 0.094 seconds
[2024-12-14T19:39:32.628+0000] {processor.py:186} INFO - Started process (PID=521) to work on /home/airflow/.local/lib/python3.12/site-packages/airflow/example_dags/example_branch_labels.py
[2024-12-14T19:39:32.629+0000] {processor.py:914} INFO - Processing file /home/airflow/.local/lib/python3.12/site-packages/airflow/example_dags/example_branch_labels.py for tasks to queue
[2024-12-14T19:39:32.630+0000] {logging_mixin.py:190} INFO - [2024-12-14T19:39:32.630+0000] {dagbag.py:588} INFO - Filling up the DagBag from /home/airflow/.local/lib/python3.12/site-packages/airflow/example_dags/example_branch_labels.py
[2024-12-14T19:39:32.638+0000] {processor.py:925} INFO - DAG(s) 'example_branch_labels' retrieved from /home/airflow/.local/lib/python3.12/site-packages/airflow/example_dags/example_branch_labels.py
[2024-12-14T19:39:32.655+0000] {logging_mixin.py:190} INFO - [2024-12-14T19:39:32.654+0000] {dag.py:3239} INFO - Sync 1 DAGs
[2024-12-14T19:39:32.675+0000] {logging_mixin.py:190} INFO - [2024-12-14T19:39:32.675+0000] {dag.py:4180} INFO - Setting next_dagrun for example_branch_labels to 2024-12-13 00:00:00+00:00, run_after=2024-12-14 00:00:00+00:00
[2024-12-14T19:39:32.693+0000] {processor.py:208} INFO - Processing /home/airflow/.local/lib/python3.12/site-packages/airflow/example_dags/example_branch_labels.py took 0.069 seconds
[2024-12-14T19:40:04.587+0000] {processor.py:186} INFO - Started process (PID=592) to work on /home/airflow/.local/lib/python3.12/site-packages/airflow/example_dags/example_branch_labels.py
[2024-12-14T19:40:04.588+0000] {processor.py:914} INFO - Processing file /home/airflow/.local/lib/python3.12/site-packages/airflow/example_dags/example_branch_labels.py for tasks to queue
[2024-12-14T19:40:04.590+0000] {logging_mixin.py:190} INFO - [2024-12-14T19:40:04.590+0000] {dagbag.py:588} INFO - Filling up the DagBag from /home/airflow/.local/lib/python3.12/site-packages/airflow/example_dags/example_branch_labels.py
[2024-12-14T19:40:04.599+0000] {processor.py:925} INFO - DAG(s) 'example_branch_labels' retrieved from /home/airflow/.local/lib/python3.12/site-packages/airflow/example_dags/example_branch_labels.py
[2024-12-14T19:40:04.620+0000] {logging_mixin.py:190} INFO - [2024-12-14T19:40:04.619+0000] {dag.py:3239} INFO - Sync 1 DAGs
[2024-12-14T19:40:04.643+0000] {logging_mixin.py:190} INFO - [2024-12-14T19:40:04.643+0000] {dag.py:4180} INFO - Setting next_dagrun for example_branch_labels to 2024-12-13 00:00:00+00:00, run_after=2024-12-14 00:00:00+00:00
[2024-12-14T19:40:04.657+0000] {processor.py:208} INFO - Processing /home/airflow/.local/lib/python3.12/site-packages/airflow/example_dags/example_branch_labels.py took 0.074 seconds
[2024-12-14T19:40:35.288+0000] {processor.py:186} INFO - Started process (PID=655) to work on /home/airflow/.local/lib/python3.12/site-packages/airflow/example_dags/example_branch_labels.py
[2024-12-14T19:40:35.289+0000] {processor.py:914} INFO - Processing file /home/airflow/.local/lib/python3.12/site-packages/airflow/example_dags/example_branch_labels.py for tasks to queue
[2024-12-14T19:40:35.290+0000] {logging_mixin.py:190} INFO - [2024-12-14T19:40:35.290+0000] {dagbag.py:588} INFO - Filling up the DagBag from /home/airflow/.local/lib/python3.12/site-packages/airflow/example_dags/example_branch_labels.py
[2024-12-14T19:40:35.299+0000] {processor.py:925} INFO - DAG(s) 'example_branch_labels' retrieved from /home/airflow/.local/lib/python3.12/site-packages/airflow/example_dags/example_branch_labels.py
[2024-12-14T19:40:35.316+0000] {logging_mixin.py:190} INFO - [2024-12-14T19:40:35.316+0000] {dag.py:3239} INFO - Sync 1 DAGs
[2024-12-14T19:40:35.339+0000] {logging_mixin.py:190} INFO - [2024-12-14T19:40:35.338+0000] {dag.py:4180} INFO - Setting next_dagrun for example_branch_labels to 2024-12-13 00:00:00+00:00, run_after=2024-12-14 00:00:00+00:00
[2024-12-14T19:40:35.353+0000] {processor.py:208} INFO - Processing /home/airflow/.local/lib/python3.12/site-packages/airflow/example_dags/example_branch_labels.py took 0.071 seconds
[2024-12-14T19:41:05.986+0000] {processor.py:186} INFO - Started process (PID=718) to work on /home/airflow/.local/lib/python3.12/site-packages/airflow/example_dags/example_branch_labels.py
[2024-12-14T19:41:05.987+0000] {processor.py:914} INFO - Processing file /home/airflow/.local/lib/python3.12/site-packages/airflow/example_dags/example_branch_labels.py for tasks to queue
[2024-12-14T19:41:05.989+0000] {logging_mixin.py:190} INFO - [2024-12-14T19:41:05.988+0000] {dagbag.py:588} INFO - Filling up the DagBag from /home/airflow/.local/lib/python3.12/site-packages/airflow/example_dags/example_branch_labels.py
[2024-12-14T19:41:05.998+0000] {processor.py:925} INFO - DAG(s) 'example_branch_labels' retrieved from /home/airflow/.local/lib/python3.12/site-packages/airflow/example_dags/example_branch_labels.py
[2024-12-14T19:41:06.018+0000] {logging_mixin.py:190} INFO - [2024-12-14T19:41:06.017+0000] {dag.py:3239} INFO - Sync 1 DAGs
[2024-12-14T19:41:06.038+0000] {logging_mixin.py:190} INFO - [2024-12-14T19:41:06.038+0000] {dag.py:4180} INFO - Setting next_dagrun for example_branch_labels to 2024-12-13 00:00:00+00:00, run_after=2024-12-14 00:00:00+00:00
[2024-12-14T19:41:06.054+0000] {processor.py:208} INFO - Processing /home/airflow/.local/lib/python3.12/site-packages/airflow/example_dags/example_branch_labels.py took 0.075 seconds
[2024-12-14T19:41:37.613+0000] {processor.py:186} INFO - Started process (PID=781) to work on /home/airflow/.local/lib/python3.12/site-packages/airflow/example_dags/example_branch_labels.py
[2024-12-14T19:41:37.615+0000] {processor.py:914} INFO - Processing file /home/airflow/.local/lib/python3.12/site-packages/airflow/example_dags/example_branch_labels.py for tasks to queue
[2024-12-14T19:41:37.617+0000] {logging_mixin.py:190} INFO - [2024-12-14T19:41:37.617+0000] {dagbag.py:588} INFO - Filling up the DagBag from /home/airflow/.local/lib/python3.12/site-packages/airflow/example_dags/example_branch_labels.py
[2024-12-14T19:41:37.626+0000] {processor.py:925} INFO - DAG(s) 'example_branch_labels' retrieved from /home/airflow/.local/lib/python3.12/site-packages/airflow/example_dags/example_branch_labels.py
[2024-12-14T19:41:37.642+0000] {logging_mixin.py:190} INFO - [2024-12-14T19:41:37.642+0000] {dag.py:3239} INFO - Sync 1 DAGs
[2024-12-14T19:41:37.663+0000] {logging_mixin.py:190} INFO - [2024-12-14T19:41:37.663+0000] {dag.py:4180} INFO - Setting next_dagrun for example_branch_labels to 2024-12-13 00:00:00+00:00, run_after=2024-12-14 00:00:00+00:00
[2024-12-14T19:41:37.677+0000] {processor.py:208} INFO - Processing /home/airflow/.local/lib/python3.12/site-packages/airflow/example_dags/example_branch_labels.py took 0.069 seconds
[2024-12-14T19:42:09.265+0000] {processor.py:186} INFO - Started process (PID=843) to work on /home/airflow/.local/lib/python3.12/site-packages/airflow/example_dags/example_branch_labels.py
[2024-12-14T19:42:09.266+0000] {processor.py:914} INFO - Processing file /home/airflow/.local/lib/python3.12/site-packages/airflow/example_dags/example_branch_labels.py for tasks to queue
[2024-12-14T19:42:09.267+0000] {logging_mixin.py:190} INFO - [2024-12-14T19:42:09.267+0000] {dagbag.py:588} INFO - Filling up the DagBag from /home/airflow/.local/lib/python3.12/site-packages/airflow/example_dags/example_branch_labels.py
[2024-12-14T19:42:09.275+0000] {processor.py:925} INFO - DAG(s) 'example_branch_labels' retrieved from /home/airflow/.local/lib/python3.12/site-packages/airflow/example_dags/example_branch_labels.py
[2024-12-14T19:42:09.291+0000] {logging_mixin.py:190} INFO - [2024-12-14T19:42:09.291+0000] {dag.py:3239} INFO - Sync 1 DAGs
[2024-12-14T19:42:09.312+0000] {logging_mixin.py:190} INFO - [2024-12-14T19:42:09.312+0000] {dag.py:4180} INFO - Setting next_dagrun for example_branch_labels to 2024-12-13 00:00:00+00:00, run_after=2024-12-14 00:00:00+00:00
[2024-12-14T19:42:09.328+0000] {processor.py:208} INFO - Processing /home/airflow/.local/lib/python3.12/site-packages/airflow/example_dags/example_branch_labels.py took 0.068 seconds
[2024-12-14T19:42:40.446+0000] {processor.py:186} INFO - Started process (PID=906) to work on /home/airflow/.local/lib/python3.12/site-packages/airflow/example_dags/example_branch_labels.py
[2024-12-14T19:42:40.447+0000] {processor.py:914} INFO - Processing file /home/airflow/.local/lib/python3.12/site-packages/airflow/example_dags/example_branch_labels.py for tasks to queue
[2024-12-14T19:42:40.449+0000] {logging_mixin.py:190} INFO - [2024-12-14T19:42:40.449+0000] {dagbag.py:588} INFO - Filling up the DagBag from /home/airflow/.local/lib/python3.12/site-packages/airflow/example_dags/example_branch_labels.py
[2024-12-14T19:42:40.460+0000] {processor.py:925} INFO - DAG(s) 'example_branch_labels' retrieved from /home/airflow/.local/lib/python3.12/site-packages/airflow/example_dags/example_branch_labels.py
[2024-12-14T19:42:40.482+0000] {logging_mixin.py:190} INFO - [2024-12-14T19:42:40.482+0000] {dag.py:3239} INFO - Sync 1 DAGs
[2024-12-14T19:42:40.510+0000] {logging_mixin.py:190} INFO - [2024-12-14T19:42:40.510+0000] {dag.py:4180} INFO - Setting next_dagrun for example_branch_labels to 2024-12-13 00:00:00+00:00, run_after=2024-12-14 00:00:00+00:00
[2024-12-14T19:42:40.528+0000] {processor.py:208} INFO - Processing /home/airflow/.local/lib/python3.12/site-packages/airflow/example_dags/example_branch_labels.py took 0.088 seconds
[2024-12-14T19:43:10.720+0000] {processor.py:186} INFO - Started process (PID=968) to work on /home/airflow/.local/lib/python3.12/site-packages/airflow/example_dags/example_branch_labels.py
[2024-12-14T19:43:10.721+0000] {processor.py:914} INFO - Processing file /home/airflow/.local/lib/python3.12/site-packages/airflow/example_dags/example_branch_labels.py for tasks to queue
[2024-12-14T19:43:10.723+0000] {logging_mixin.py:190} INFO - [2024-12-14T19:43:10.723+0000] {dagbag.py:588} INFO - Filling up the DagBag from /home/airflow/.local/lib/python3.12/site-packages/airflow/example_dags/example_branch_labels.py
[2024-12-14T19:43:10.733+0000] {processor.py:925} INFO - DAG(s) 'example_branch_labels' retrieved from /home/airflow/.local/lib/python3.12/site-packages/airflow/example_dags/example_branch_labels.py
[2024-12-14T19:43:10.760+0000] {logging_mixin.py:190} INFO - [2024-12-14T19:43:10.760+0000] {dag.py:3239} INFO - Sync 1 DAGs
[2024-12-14T19:43:10.786+0000] {logging_mixin.py:190} INFO - [2024-12-14T19:43:10.786+0000] {dag.py:4180} INFO - Setting next_dagrun for example_branch_labels to 2024-12-13 00:00:00+00:00, run_after=2024-12-14 00:00:00+00:00
[2024-12-14T19:43:10.807+0000] {processor.py:208} INFO - Processing /home/airflow/.local/lib/python3.12/site-packages/airflow/example_dags/example_branch_labels.py took 0.093 seconds
[2024-12-14T19:43:41.822+0000] {processor.py:186} INFO - Started process (PID=1031) to work on /home/airflow/.local/lib/python3.12/site-packages/airflow/example_dags/example_branch_labels.py
[2024-12-14T19:43:41.823+0000] {processor.py:914} INFO - Processing file /home/airflow/.local/lib/python3.12/site-packages/airflow/example_dags/example_branch_labels.py for tasks to queue
[2024-12-14T19:43:41.826+0000] {logging_mixin.py:190} INFO - [2024-12-14T19:43:41.825+0000] {dagbag.py:588} INFO - Filling up the DagBag from /home/airflow/.local/lib/python3.12/site-packages/airflow/example_dags/example_branch_labels.py
[2024-12-14T19:43:41.836+0000] {processor.py:925} INFO - DAG(s) 'example_branch_labels' retrieved from /home/airflow/.local/lib/python3.12/site-packages/airflow/example_dags/example_branch_labels.py
[2024-12-14T19:43:41.857+0000] {logging_mixin.py:190} INFO - [2024-12-14T19:43:41.857+0000] {dag.py:3239} INFO - Sync 1 DAGs
[2024-12-14T19:43:41.885+0000] {logging_mixin.py:190} INFO - [2024-12-14T19:43:41.885+0000] {dag.py:4180} INFO - Setting next_dagrun for example_branch_labels to 2024-12-13 00:00:00+00:00, run_after=2024-12-14 00:00:00+00:00
[2024-12-14T19:43:41.900+0000] {processor.py:208} INFO - Processing /home/airflow/.local/lib/python3.12/site-packages/airflow/example_dags/example_branch_labels.py took 0.084 seconds
[2024-12-14T19:44:12.133+0000] {processor.py:186} INFO - Started process (PID=1094) to work on /home/airflow/.local/lib/python3.12/site-packages/airflow/example_dags/example_branch_labels.py
[2024-12-14T19:44:12.134+0000] {processor.py:914} INFO - Processing file /home/airflow/.local/lib/python3.12/site-packages/airflow/example_dags/example_branch_labels.py for tasks to queue
[2024-12-14T19:44:12.136+0000] {logging_mixin.py:190} INFO - [2024-12-14T19:44:12.136+0000] {dagbag.py:588} INFO - Filling up the DagBag from /home/airflow/.local/lib/python3.12/site-packages/airflow/example_dags/example_branch_labels.py
[2024-12-14T19:44:12.146+0000] {processor.py:925} INFO - DAG(s) 'example_branch_labels' retrieved from /home/airflow/.local/lib/python3.12/site-packages/airflow/example_dags/example_branch_labels.py
[2024-12-14T19:44:12.168+0000] {logging_mixin.py:190} INFO - [2024-12-14T19:44:12.168+0000] {dag.py:3239} INFO - Sync 1 DAGs
[2024-12-14T19:44:12.198+0000] {logging_mixin.py:190} INFO - [2024-12-14T19:44:12.197+0000] {dag.py:4180} INFO - Setting next_dagrun for example_branch_labels to 2024-12-13 00:00:00+00:00, run_after=2024-12-14 00:00:00+00:00
[2024-12-14T19:44:12.216+0000] {processor.py:208} INFO - Processing /home/airflow/.local/lib/python3.12/site-packages/airflow/example_dags/example_branch_labels.py took 0.088 seconds
[2024-12-14T19:44:43.478+0000] {processor.py:186} INFO - Started process (PID=1157) to work on /home/airflow/.local/lib/python3.12/site-packages/airflow/example_dags/example_branch_labels.py
[2024-12-14T19:44:43.479+0000] {processor.py:914} INFO - Processing file /home/airflow/.local/lib/python3.12/site-packages/airflow/example_dags/example_branch_labels.py for tasks to queue
[2024-12-14T19:44:43.480+0000] {logging_mixin.py:190} INFO - [2024-12-14T19:44:43.480+0000] {dagbag.py:588} INFO - Filling up the DagBag from /home/airflow/.local/lib/python3.12/site-packages/airflow/example_dags/example_branch_labels.py
[2024-12-14T19:44:43.488+0000] {processor.py:925} INFO - DAG(s) 'example_branch_labels' retrieved from /home/airflow/.local/lib/python3.12/site-packages/airflow/example_dags/example_branch_labels.py
[2024-12-14T19:44:43.508+0000] {logging_mixin.py:190} INFO - [2024-12-14T19:44:43.508+0000] {dag.py:3239} INFO - Sync 1 DAGs
[2024-12-14T19:44:43.532+0000] {logging_mixin.py:190} INFO - [2024-12-14T19:44:43.532+0000] {dag.py:4180} INFO - Setting next_dagrun for example_branch_labels to 2024-12-13 00:00:00+00:00, run_after=2024-12-14 00:00:00+00:00
[2024-12-14T19:44:43.548+0000] {processor.py:208} INFO - Processing /home/airflow/.local/lib/python3.12/site-packages/airflow/example_dags/example_branch_labels.py took 0.075 seconds
[2024-12-14T19:45:15.254+0000] {processor.py:186} INFO - Started process (PID=1220) to work on /home/airflow/.local/lib/python3.12/site-packages/airflow/example_dags/example_branch_labels.py
[2024-12-14T19:45:15.255+0000] {processor.py:914} INFO - Processing file /home/airflow/.local/lib/python3.12/site-packages/airflow/example_dags/example_branch_labels.py for tasks to queue
[2024-12-14T19:45:15.257+0000] {logging_mixin.py:190} INFO - [2024-12-14T19:45:15.257+0000] {dagbag.py:588} INFO - Filling up the DagBag from /home/airflow/.local/lib/python3.12/site-packages/airflow/example_dags/example_branch_labels.py
[2024-12-14T19:45:15.266+0000] {processor.py:925} INFO - DAG(s) 'example_branch_labels' retrieved from /home/airflow/.local/lib/python3.12/site-packages/airflow/example_dags/example_branch_labels.py
[2024-12-14T19:45:15.283+0000] {logging_mixin.py:190} INFO - [2024-12-14T19:45:15.283+0000] {dag.py:3239} INFO - Sync 1 DAGs
[2024-12-14T19:45:15.304+0000] {logging_mixin.py:190} INFO - [2024-12-14T19:45:15.303+0000] {dag.py:4180} INFO - Setting next_dagrun for example_branch_labels to 2024-12-13 00:00:00+00:00, run_after=2024-12-14 00:00:00+00:00
[2024-12-14T19:45:15.319+0000] {processor.py:208} INFO - Processing /home/airflow/.local/lib/python3.12/site-packages/airflow/example_dags/example_branch_labels.py took 0.070 seconds
[2024-12-14T19:45:46.161+0000] {processor.py:186} INFO - Started process (PID=1283) to work on /home/airflow/.local/lib/python3.12/site-packages/airflow/example_dags/example_branch_labels.py
[2024-12-14T19:45:46.162+0000] {processor.py:914} INFO - Processing file /home/airflow/.local/lib/python3.12/site-packages/airflow/example_dags/example_branch_labels.py for tasks to queue
[2024-12-14T19:45:46.164+0000] {logging_mixin.py:190} INFO - [2024-12-14T19:45:46.163+0000] {dagbag.py:588} INFO - Filling up the DagBag from /home/airflow/.local/lib/python3.12/site-packages/airflow/example_dags/example_branch_labels.py
[2024-12-14T19:45:46.174+0000] {processor.py:925} INFO - DAG(s) 'example_branch_labels' retrieved from /home/airflow/.local/lib/python3.12/site-packages/airflow/example_dags/example_branch_labels.py
[2024-12-14T19:45:46.193+0000] {logging_mixin.py:190} INFO - [2024-12-14T19:45:46.193+0000] {dag.py:3239} INFO - Sync 1 DAGs
[2024-12-14T19:45:46.217+0000] {logging_mixin.py:190} INFO - [2024-12-14T19:45:46.217+0000] {dag.py:4180} INFO - Setting next_dagrun for example_branch_labels to 2024-12-13 00:00:00+00:00, run_after=2024-12-14 00:00:00+00:00
[2024-12-14T19:45:46.233+0000] {processor.py:208} INFO - Processing /home/airflow/.local/lib/python3.12/site-packages/airflow/example_dags/example_branch_labels.py took 0.077 seconds
