[2024-12-14T19:28:31.581+0000] {processor.py:186} INFO - Started process (PID=65) to work on /home/airflow/.local/lib/python3.12/site-packages/airflow/example_dags/example_branch_operator.py
[2024-12-14T19:28:31.582+0000] {processor.py:914} INFO - Processing file /home/airflow/.local/lib/python3.12/site-packages/airflow/example_dags/example_branch_operator.py for tasks to queue
[2024-12-14T19:28:31.584+0000] {logging_mixin.py:190} INFO - [2024-12-14T19:28:31.584+0000] {dagbag.py:588} INFO - Filling up the DagBag from /home/airflow/.local/lib/python3.12/site-packages/airflow/example_dags/example_branch_operator.py
[2024-12-14T19:28:31.608+0000] {processor.py:925} INFO - DAG(s) 'example_branch_operator' retrieved from /home/airflow/.local/lib/python3.12/site-packages/airflow/example_dags/example_branch_operator.py
[2024-12-14T19:28:31.718+0000] {logging_mixin.py:190} INFO - [2024-12-14T19:28:31.717+0000] {override.py:1911} INFO - Created Permission View: can edit on DAG:example_branch_operator
[2024-12-14T19:28:31.726+0000] {logging_mixin.py:190} INFO - [2024-12-14T19:28:31.725+0000] {override.py:1911} INFO - Created Permission View: can delete on DAG:example_branch_operator
[2024-12-14T19:28:31.731+0000] {logging_mixin.py:190} INFO - [2024-12-14T19:28:31.730+0000] {override.py:1911} INFO - Created Permission View: can read on DAG:example_branch_operator
[2024-12-14T19:28:31.736+0000] {logging_mixin.py:190} INFO - [2024-12-14T19:28:31.736+0000] {override.py:1911} INFO - Created Permission View: menu access on DAG Run:example_branch_operator
[2024-12-14T19:28:31.741+0000] {logging_mixin.py:190} INFO - [2024-12-14T19:28:31.741+0000] {override.py:1911} INFO - Created Permission View: can delete on DAG Run:example_branch_operator
[2024-12-14T19:28:31.746+0000] {logging_mixin.py:190} INFO - [2024-12-14T19:28:31.746+0000] {override.py:1911} INFO - Created Permission View: can create on DAG Run:example_branch_operator
[2024-12-14T19:28:31.751+0000] {logging_mixin.py:190} INFO - [2024-12-14T19:28:31.751+0000] {override.py:1911} INFO - Created Permission View: can read on DAG Run:example_branch_operator
[2024-12-14T19:28:31.751+0000] {logging_mixin.py:190} INFO - [2024-12-14T19:28:31.751+0000] {dag.py:3239} INFO - Sync 1 DAGs
[2024-12-14T19:28:31.763+0000] {logging_mixin.py:190} INFO - [2024-12-14T19:28:31.763+0000] {dag.py:3262} INFO - Creating ORM DAG for example_branch_operator
[2024-12-14T19:28:31.772+0000] {logging_mixin.py:190} INFO - [2024-12-14T19:28:31.772+0000] {dag.py:4180} INFO - Setting next_dagrun for example_branch_operator to 2024-12-13 00:00:00+00:00, run_after=2024-12-14 00:00:00+00:00
[2024-12-14T19:28:31.788+0000] {processor.py:208} INFO - Processing /home/airflow/.local/lib/python3.12/site-packages/airflow/example_dags/example_branch_operator.py took 0.214 seconds
[2024-12-14T19:29:02.298+0000] {processor.py:186} INFO - Started process (PID=128) to work on /home/airflow/.local/lib/python3.12/site-packages/airflow/example_dags/example_branch_operator.py
[2024-12-14T19:29:02.298+0000] {processor.py:914} INFO - Processing file /home/airflow/.local/lib/python3.12/site-packages/airflow/example_dags/example_branch_operator.py for tasks to queue
[2024-12-14T19:29:02.312+0000] {logging_mixin.py:190} INFO - [2024-12-14T19:29:02.312+0000] {dagbag.py:588} INFO - Filling up the DagBag from /home/airflow/.local/lib/python3.12/site-packages/airflow/example_dags/example_branch_operator.py
[2024-12-14T19:29:02.345+0000] {processor.py:925} INFO - DAG(s) 'example_branch_operator' retrieved from /home/airflow/.local/lib/python3.12/site-packages/airflow/example_dags/example_branch_operator.py
[2024-12-14T19:29:02.386+0000] {logging_mixin.py:190} INFO - [2024-12-14T19:29:02.385+0000] {dag.py:3239} INFO - Sync 1 DAGs
[2024-12-14T19:29:02.413+0000] {logging_mixin.py:190} INFO - [2024-12-14T19:29:02.413+0000] {dag.py:4180} INFO - Setting next_dagrun for example_branch_operator to 2024-12-13 00:00:00+00:00, run_after=2024-12-14 00:00:00+00:00
[2024-12-14T19:29:02.440+0000] {processor.py:208} INFO - Processing /home/airflow/.local/lib/python3.12/site-packages/airflow/example_dags/example_branch_operator.py took 0.157 seconds
[2024-12-14T19:29:33.150+0000] {processor.py:186} INFO - Started process (PID=191) to work on /home/airflow/.local/lib/python3.12/site-packages/airflow/example_dags/example_branch_operator.py
[2024-12-14T19:29:33.151+0000] {processor.py:914} INFO - Processing file /home/airflow/.local/lib/python3.12/site-packages/airflow/example_dags/example_branch_operator.py for tasks to queue
[2024-12-14T19:29:33.153+0000] {logging_mixin.py:190} INFO - [2024-12-14T19:29:33.153+0000] {dagbag.py:588} INFO - Filling up the DagBag from /home/airflow/.local/lib/python3.12/site-packages/airflow/example_dags/example_branch_operator.py
[2024-12-14T19:29:33.168+0000] {processor.py:925} INFO - DAG(s) 'example_branch_operator' retrieved from /home/airflow/.local/lib/python3.12/site-packages/airflow/example_dags/example_branch_operator.py
[2024-12-14T19:29:33.197+0000] {logging_mixin.py:190} INFO - [2024-12-14T19:29:33.197+0000] {dag.py:3239} INFO - Sync 1 DAGs
[2024-12-14T19:29:33.223+0000] {logging_mixin.py:190} INFO - [2024-12-14T19:29:33.222+0000] {dag.py:4180} INFO - Setting next_dagrun for example_branch_operator to 2024-12-13 00:00:00+00:00, run_after=2024-12-14 00:00:00+00:00
[2024-12-14T19:29:33.239+0000] {processor.py:208} INFO - Processing /home/airflow/.local/lib/python3.12/site-packages/airflow/example_dags/example_branch_operator.py took 0.093 seconds
[2024-12-14T19:30:03.328+0000] {processor.py:186} INFO - Started process (PID=253) to work on /home/airflow/.local/lib/python3.12/site-packages/airflow/example_dags/example_branch_operator.py
[2024-12-14T19:30:03.329+0000] {processor.py:914} INFO - Processing file /home/airflow/.local/lib/python3.12/site-packages/airflow/example_dags/example_branch_operator.py for tasks to queue
[2024-12-14T19:30:03.331+0000] {logging_mixin.py:190} INFO - [2024-12-14T19:30:03.331+0000] {dagbag.py:588} INFO - Filling up the DagBag from /home/airflow/.local/lib/python3.12/site-packages/airflow/example_dags/example_branch_operator.py
[2024-12-14T19:30:03.346+0000] {processor.py:925} INFO - DAG(s) 'example_branch_operator' retrieved from /home/airflow/.local/lib/python3.12/site-packages/airflow/example_dags/example_branch_operator.py
[2024-12-14T19:30:03.377+0000] {logging_mixin.py:190} INFO - [2024-12-14T19:30:03.376+0000] {dag.py:3239} INFO - Sync 1 DAGs
[2024-12-14T19:30:03.403+0000] {logging_mixin.py:190} INFO - [2024-12-14T19:30:03.403+0000] {dag.py:4180} INFO - Setting next_dagrun for example_branch_operator to 2024-12-13 00:00:00+00:00, run_after=2024-12-14 00:00:00+00:00
[2024-12-14T19:30:03.418+0000] {processor.py:208} INFO - Processing /home/airflow/.local/lib/python3.12/site-packages/airflow/example_dags/example_branch_operator.py took 0.095 seconds
[2024-12-14T19:30:33.645+0000] {processor.py:186} INFO - Started process (PID=316) to work on /home/airflow/.local/lib/python3.12/site-packages/airflow/example_dags/example_branch_operator.py
[2024-12-14T19:30:33.645+0000] {processor.py:914} INFO - Processing file /home/airflow/.local/lib/python3.12/site-packages/airflow/example_dags/example_branch_operator.py for tasks to queue
[2024-12-14T19:30:33.647+0000] {logging_mixin.py:190} INFO - [2024-12-14T19:30:33.647+0000] {dagbag.py:588} INFO - Filling up the DagBag from /home/airflow/.local/lib/python3.12/site-packages/airflow/example_dags/example_branch_operator.py
[2024-12-14T19:30:33.662+0000] {processor.py:925} INFO - DAG(s) 'example_branch_operator' retrieved from /home/airflow/.local/lib/python3.12/site-packages/airflow/example_dags/example_branch_operator.py
[2024-12-14T19:30:33.686+0000] {logging_mixin.py:190} INFO - [2024-12-14T19:30:33.685+0000] {dag.py:3239} INFO - Sync 1 DAGs
[2024-12-14T19:30:33.709+0000] {logging_mixin.py:190} INFO - [2024-12-14T19:30:33.709+0000] {dag.py:4180} INFO - Setting next_dagrun for example_branch_operator to 2024-12-13 00:00:00+00:00, run_after=2024-12-14 00:00:00+00:00
[2024-12-14T19:30:33.725+0000] {processor.py:208} INFO - Processing /home/airflow/.local/lib/python3.12/site-packages/airflow/example_dags/example_branch_operator.py took 0.085 seconds
[2024-12-14T19:31:42.921+0000] {processor.py:186} INFO - Started process (PID=66) to work on /home/airflow/.local/lib/python3.12/site-packages/airflow/example_dags/example_branch_operator.py
[2024-12-14T19:31:42.925+0000] {processor.py:914} INFO - Processing file /home/airflow/.local/lib/python3.12/site-packages/airflow/example_dags/example_branch_operator.py for tasks to queue
[2024-12-14T19:31:42.927+0000] {logging_mixin.py:190} INFO - [2024-12-14T19:31:42.926+0000] {dagbag.py:588} INFO - Filling up the DagBag from /home/airflow/.local/lib/python3.12/site-packages/airflow/example_dags/example_branch_operator.py
[2024-12-14T19:31:42.963+0000] {processor.py:925} INFO - DAG(s) 'example_branch_operator' retrieved from /home/airflow/.local/lib/python3.12/site-packages/airflow/example_dags/example_branch_operator.py
[2024-12-14T19:31:43.165+0000] {logging_mixin.py:190} INFO - [2024-12-14T19:31:43.164+0000] {dag.py:3239} INFO - Sync 1 DAGs
[2024-12-14T19:31:43.203+0000] {logging_mixin.py:190} INFO - [2024-12-14T19:31:43.203+0000] {dag.py:4180} INFO - Setting next_dagrun for example_branch_operator to 2024-12-13 00:00:00+00:00, run_after=2024-12-14 00:00:00+00:00
[2024-12-14T19:31:43.255+0000] {processor.py:208} INFO - Processing /home/airflow/.local/lib/python3.12/site-packages/airflow/example_dags/example_branch_operator.py took 0.362 seconds
[2024-12-14T19:32:13.342+0000] {processor.py:186} INFO - Started process (PID=130) to work on /home/airflow/.local/lib/python3.12/site-packages/airflow/example_dags/example_branch_operator.py
[2024-12-14T19:32:13.343+0000] {processor.py:914} INFO - Processing file /home/airflow/.local/lib/python3.12/site-packages/airflow/example_dags/example_branch_operator.py for tasks to queue
[2024-12-14T19:32:13.344+0000] {logging_mixin.py:190} INFO - [2024-12-14T19:32:13.344+0000] {dagbag.py:588} INFO - Filling up the DagBag from /home/airflow/.local/lib/python3.12/site-packages/airflow/example_dags/example_branch_operator.py
[2024-12-14T19:32:13.360+0000] {processor.py:925} INFO - DAG(s) 'example_branch_operator' retrieved from /home/airflow/.local/lib/python3.12/site-packages/airflow/example_dags/example_branch_operator.py
[2024-12-14T19:32:13.390+0000] {logging_mixin.py:190} INFO - [2024-12-14T19:32:13.390+0000] {dag.py:3239} INFO - Sync 1 DAGs
[2024-12-14T19:32:13.416+0000] {logging_mixin.py:190} INFO - [2024-12-14T19:32:13.416+0000] {dag.py:4180} INFO - Setting next_dagrun for example_branch_operator to 2024-12-13 00:00:00+00:00, run_after=2024-12-14 00:00:00+00:00
[2024-12-14T19:32:13.432+0000] {processor.py:208} INFO - Processing /home/airflow/.local/lib/python3.12/site-packages/airflow/example_dags/example_branch_operator.py took 0.095 seconds
[2024-12-14T19:32:44.574+0000] {processor.py:186} INFO - Started process (PID=193) to work on /home/airflow/.local/lib/python3.12/site-packages/airflow/example_dags/example_branch_operator.py
[2024-12-14T19:32:44.575+0000] {processor.py:914} INFO - Processing file /home/airflow/.local/lib/python3.12/site-packages/airflow/example_dags/example_branch_operator.py for tasks to queue
[2024-12-14T19:32:44.577+0000] {logging_mixin.py:190} INFO - [2024-12-14T19:32:44.576+0000] {dagbag.py:588} INFO - Filling up the DagBag from /home/airflow/.local/lib/python3.12/site-packages/airflow/example_dags/example_branch_operator.py
[2024-12-14T19:32:44.593+0000] {processor.py:925} INFO - DAG(s) 'example_branch_operator' retrieved from /home/airflow/.local/lib/python3.12/site-packages/airflow/example_dags/example_branch_operator.py
[2024-12-14T19:32:44.623+0000] {logging_mixin.py:190} INFO - [2024-12-14T19:32:44.623+0000] {dag.py:3239} INFO - Sync 1 DAGs
[2024-12-14T19:32:44.646+0000] {logging_mixin.py:190} INFO - [2024-12-14T19:32:44.646+0000] {dag.py:4180} INFO - Setting next_dagrun for example_branch_operator to 2024-12-13 00:00:00+00:00, run_after=2024-12-14 00:00:00+00:00
[2024-12-14T19:32:44.661+0000] {processor.py:208} INFO - Processing /home/airflow/.local/lib/python3.12/site-packages/airflow/example_dags/example_branch_operator.py took 0.092 seconds
[2024-12-14T19:33:15.770+0000] {processor.py:186} INFO - Started process (PID=256) to work on /home/airflow/.local/lib/python3.12/site-packages/airflow/example_dags/example_branch_operator.py
[2024-12-14T19:33:15.771+0000] {processor.py:914} INFO - Processing file /home/airflow/.local/lib/python3.12/site-packages/airflow/example_dags/example_branch_operator.py for tasks to queue
[2024-12-14T19:33:15.773+0000] {logging_mixin.py:190} INFO - [2024-12-14T19:33:15.773+0000] {dagbag.py:588} INFO - Filling up the DagBag from /home/airflow/.local/lib/python3.12/site-packages/airflow/example_dags/example_branch_operator.py
[2024-12-14T19:33:15.789+0000] {processor.py:925} INFO - DAG(s) 'example_branch_operator' retrieved from /home/airflow/.local/lib/python3.12/site-packages/airflow/example_dags/example_branch_operator.py
[2024-12-14T19:33:15.814+0000] {logging_mixin.py:190} INFO - [2024-12-14T19:33:15.814+0000] {dag.py:3239} INFO - Sync 1 DAGs
[2024-12-14T19:33:15.835+0000] {logging_mixin.py:190} INFO - [2024-12-14T19:33:15.835+0000] {dag.py:4180} INFO - Setting next_dagrun for example_branch_operator to 2024-12-13 00:00:00+00:00, run_after=2024-12-14 00:00:00+00:00
[2024-12-14T19:33:15.850+0000] {processor.py:208} INFO - Processing /home/airflow/.local/lib/python3.12/site-packages/airflow/example_dags/example_branch_operator.py took 0.085 seconds
[2024-12-14T19:33:47.178+0000] {processor.py:186} INFO - Started process (PID=319) to work on /home/airflow/.local/lib/python3.12/site-packages/airflow/example_dags/example_branch_operator.py
[2024-12-14T19:33:47.179+0000] {processor.py:914} INFO - Processing file /home/airflow/.local/lib/python3.12/site-packages/airflow/example_dags/example_branch_operator.py for tasks to queue
[2024-12-14T19:33:47.180+0000] {logging_mixin.py:190} INFO - [2024-12-14T19:33:47.180+0000] {dagbag.py:588} INFO - Filling up the DagBag from /home/airflow/.local/lib/python3.12/site-packages/airflow/example_dags/example_branch_operator.py
[2024-12-14T19:33:47.194+0000] {processor.py:925} INFO - DAG(s) 'example_branch_operator' retrieved from /home/airflow/.local/lib/python3.12/site-packages/airflow/example_dags/example_branch_operator.py
[2024-12-14T19:33:47.218+0000] {logging_mixin.py:190} INFO - [2024-12-14T19:33:47.218+0000] {dag.py:3239} INFO - Sync 1 DAGs
[2024-12-14T19:33:47.240+0000] {logging_mixin.py:190} INFO - [2024-12-14T19:33:47.240+0000] {dag.py:4180} INFO - Setting next_dagrun for example_branch_operator to 2024-12-13 00:00:00+00:00, run_after=2024-12-14 00:00:00+00:00
[2024-12-14T19:33:47.255+0000] {processor.py:208} INFO - Processing /home/airflow/.local/lib/python3.12/site-packages/airflow/example_dags/example_branch_operator.py took 0.081 seconds
[2024-12-14T19:34:18.565+0000] {processor.py:186} INFO - Started process (PID=382) to work on /home/airflow/.local/lib/python3.12/site-packages/airflow/example_dags/example_branch_operator.py
[2024-12-14T19:34:18.566+0000] {processor.py:914} INFO - Processing file /home/airflow/.local/lib/python3.12/site-packages/airflow/example_dags/example_branch_operator.py for tasks to queue
[2024-12-14T19:34:18.568+0000] {logging_mixin.py:190} INFO - [2024-12-14T19:34:18.568+0000] {dagbag.py:588} INFO - Filling up the DagBag from /home/airflow/.local/lib/python3.12/site-packages/airflow/example_dags/example_branch_operator.py
[2024-12-14T19:34:18.583+0000] {processor.py:925} INFO - DAG(s) 'example_branch_operator' retrieved from /home/airflow/.local/lib/python3.12/site-packages/airflow/example_dags/example_branch_operator.py
[2024-12-14T19:34:18.606+0000] {logging_mixin.py:190} INFO - [2024-12-14T19:34:18.606+0000] {dag.py:3239} INFO - Sync 1 DAGs
[2024-12-14T19:34:18.626+0000] {logging_mixin.py:190} INFO - [2024-12-14T19:34:18.626+0000] {dag.py:4180} INFO - Setting next_dagrun for example_branch_operator to 2024-12-13 00:00:00+00:00, run_after=2024-12-14 00:00:00+00:00
[2024-12-14T19:34:18.641+0000] {processor.py:208} INFO - Processing /home/airflow/.local/lib/python3.12/site-packages/airflow/example_dags/example_branch_operator.py took 0.080 seconds
[2024-12-14T19:34:49.826+0000] {processor.py:186} INFO - Started process (PID=445) to work on /home/airflow/.local/lib/python3.12/site-packages/airflow/example_dags/example_branch_operator.py
[2024-12-14T19:34:49.827+0000] {processor.py:914} INFO - Processing file /home/airflow/.local/lib/python3.12/site-packages/airflow/example_dags/example_branch_operator.py for tasks to queue
[2024-12-14T19:34:49.829+0000] {logging_mixin.py:190} INFO - [2024-12-14T19:34:49.829+0000] {dagbag.py:588} INFO - Filling up the DagBag from /home/airflow/.local/lib/python3.12/site-packages/airflow/example_dags/example_branch_operator.py
[2024-12-14T19:34:49.843+0000] {processor.py:925} INFO - DAG(s) 'example_branch_operator' retrieved from /home/airflow/.local/lib/python3.12/site-packages/airflow/example_dags/example_branch_operator.py
[2024-12-14T19:34:49.869+0000] {logging_mixin.py:190} INFO - [2024-12-14T19:34:49.868+0000] {dag.py:3239} INFO - Sync 1 DAGs
[2024-12-14T19:34:49.889+0000] {logging_mixin.py:190} INFO - [2024-12-14T19:34:49.889+0000] {dag.py:4180} INFO - Setting next_dagrun for example_branch_operator to 2024-12-13 00:00:00+00:00, run_after=2024-12-14 00:00:00+00:00
[2024-12-14T19:34:49.903+0000] {processor.py:208} INFO - Processing /home/airflow/.local/lib/python3.12/site-packages/airflow/example_dags/example_branch_operator.py took 0.082 seconds
[2024-12-14T19:35:53.763+0000] {processor.py:186} INFO - Started process (PID=59) to work on /home/airflow/.local/lib/python3.12/site-packages/airflow/example_dags/example_branch_operator.py
[2024-12-14T19:35:53.764+0000] {processor.py:914} INFO - Processing file /home/airflow/.local/lib/python3.12/site-packages/airflow/example_dags/example_branch_operator.py for tasks to queue
[2024-12-14T19:35:53.765+0000] {logging_mixin.py:190} INFO - [2024-12-14T19:35:53.765+0000] {dagbag.py:588} INFO - Filling up the DagBag from /home/airflow/.local/lib/python3.12/site-packages/airflow/example_dags/example_branch_operator.py
[2024-12-14T19:35:53.780+0000] {processor.py:925} INFO - DAG(s) 'example_branch_operator' retrieved from /home/airflow/.local/lib/python3.12/site-packages/airflow/example_dags/example_branch_operator.py
[2024-12-14T19:35:53.899+0000] {logging_mixin.py:190} INFO - [2024-12-14T19:35:53.898+0000] {dag.py:3239} INFO - Sync 1 DAGs
[2024-12-14T19:35:53.917+0000] {logging_mixin.py:190} INFO - [2024-12-14T19:35:53.917+0000] {dag.py:4180} INFO - Setting next_dagrun for example_branch_operator to 2024-12-13 00:00:00+00:00, run_after=2024-12-14 00:00:00+00:00
[2024-12-14T19:35:53.933+0000] {processor.py:208} INFO - Processing /home/airflow/.local/lib/python3.12/site-packages/airflow/example_dags/example_branch_operator.py took 0.175 seconds
[2024-12-14T19:36:24.958+0000] {processor.py:186} INFO - Started process (PID=122) to work on /home/airflow/.local/lib/python3.12/site-packages/airflow/example_dags/example_branch_operator.py
[2024-12-14T19:36:24.959+0000] {processor.py:914} INFO - Processing file /home/airflow/.local/lib/python3.12/site-packages/airflow/example_dags/example_branch_operator.py for tasks to queue
[2024-12-14T19:36:24.961+0000] {logging_mixin.py:190} INFO - [2024-12-14T19:36:24.960+0000] {dagbag.py:588} INFO - Filling up the DagBag from /home/airflow/.local/lib/python3.12/site-packages/airflow/example_dags/example_branch_operator.py
[2024-12-14T19:36:24.977+0000] {processor.py:925} INFO - DAG(s) 'example_branch_operator' retrieved from /home/airflow/.local/lib/python3.12/site-packages/airflow/example_dags/example_branch_operator.py
[2024-12-14T19:36:25.001+0000] {logging_mixin.py:190} INFO - [2024-12-14T19:36:25.001+0000] {dag.py:3239} INFO - Sync 1 DAGs
[2024-12-14T19:36:25.023+0000] {logging_mixin.py:190} INFO - [2024-12-14T19:36:25.022+0000] {dag.py:4180} INFO - Setting next_dagrun for example_branch_operator to 2024-12-13 00:00:00+00:00, run_after=2024-12-14 00:00:00+00:00
[2024-12-14T19:36:25.039+0000] {processor.py:208} INFO - Processing /home/airflow/.local/lib/python3.12/site-packages/airflow/example_dags/example_branch_operator.py took 0.085 seconds
[2024-12-14T19:36:55.977+0000] {processor.py:186} INFO - Started process (PID=185) to work on /home/airflow/.local/lib/python3.12/site-packages/airflow/example_dags/example_branch_operator.py
[2024-12-14T19:36:55.979+0000] {processor.py:914} INFO - Processing file /home/airflow/.local/lib/python3.12/site-packages/airflow/example_dags/example_branch_operator.py for tasks to queue
[2024-12-14T19:36:55.980+0000] {logging_mixin.py:190} INFO - [2024-12-14T19:36:55.980+0000] {dagbag.py:588} INFO - Filling up the DagBag from /home/airflow/.local/lib/python3.12/site-packages/airflow/example_dags/example_branch_operator.py
[2024-12-14T19:36:55.996+0000] {processor.py:925} INFO - DAG(s) 'example_branch_operator' retrieved from /home/airflow/.local/lib/python3.12/site-packages/airflow/example_dags/example_branch_operator.py
[2024-12-14T19:36:56.022+0000] {logging_mixin.py:190} INFO - [2024-12-14T19:36:56.021+0000] {dag.py:3239} INFO - Sync 1 DAGs
[2024-12-14T19:36:56.044+0000] {logging_mixin.py:190} INFO - [2024-12-14T19:36:56.044+0000] {dag.py:4180} INFO - Setting next_dagrun for example_branch_operator to 2024-12-13 00:00:00+00:00, run_after=2024-12-14 00:00:00+00:00
[2024-12-14T19:36:56.060+0000] {processor.py:208} INFO - Processing /home/airflow/.local/lib/python3.12/site-packages/airflow/example_dags/example_branch_operator.py took 0.087 seconds
[2024-12-14T19:37:26.979+0000] {processor.py:186} INFO - Started process (PID=248) to work on /home/airflow/.local/lib/python3.12/site-packages/airflow/example_dags/example_branch_operator.py
[2024-12-14T19:37:26.981+0000] {processor.py:914} INFO - Processing file /home/airflow/.local/lib/python3.12/site-packages/airflow/example_dags/example_branch_operator.py for tasks to queue
[2024-12-14T19:37:26.982+0000] {logging_mixin.py:190} INFO - [2024-12-14T19:37:26.982+0000] {dagbag.py:588} INFO - Filling up the DagBag from /home/airflow/.local/lib/python3.12/site-packages/airflow/example_dags/example_branch_operator.py
[2024-12-14T19:37:26.997+0000] {processor.py:925} INFO - DAG(s) 'example_branch_operator' retrieved from /home/airflow/.local/lib/python3.12/site-packages/airflow/example_dags/example_branch_operator.py
[2024-12-14T19:37:27.026+0000] {logging_mixin.py:190} INFO - [2024-12-14T19:37:27.026+0000] {dag.py:3239} INFO - Sync 1 DAGs
[2024-12-14T19:37:27.048+0000] {logging_mixin.py:190} INFO - [2024-12-14T19:37:27.047+0000] {dag.py:4180} INFO - Setting next_dagrun for example_branch_operator to 2024-12-13 00:00:00+00:00, run_after=2024-12-14 00:00:00+00:00
[2024-12-14T19:37:27.063+0000] {processor.py:208} INFO - Processing /home/airflow/.local/lib/python3.12/site-packages/airflow/example_dags/example_branch_operator.py took 0.088 seconds
[2024-12-14T19:37:57.911+0000] {processor.py:186} INFO - Started process (PID=311) to work on /home/airflow/.local/lib/python3.12/site-packages/airflow/example_dags/example_branch_operator.py
[2024-12-14T19:37:57.913+0000] {processor.py:914} INFO - Processing file /home/airflow/.local/lib/python3.12/site-packages/airflow/example_dags/example_branch_operator.py for tasks to queue
[2024-12-14T19:37:57.914+0000] {logging_mixin.py:190} INFO - [2024-12-14T19:37:57.914+0000] {dagbag.py:588} INFO - Filling up the DagBag from /home/airflow/.local/lib/python3.12/site-packages/airflow/example_dags/example_branch_operator.py
[2024-12-14T19:37:57.930+0000] {processor.py:925} INFO - DAG(s) 'example_branch_operator' retrieved from /home/airflow/.local/lib/python3.12/site-packages/airflow/example_dags/example_branch_operator.py
[2024-12-14T19:37:57.955+0000] {logging_mixin.py:190} INFO - [2024-12-14T19:37:57.955+0000] {dag.py:3239} INFO - Sync 1 DAGs
[2024-12-14T19:37:57.978+0000] {logging_mixin.py:190} INFO - [2024-12-14T19:37:57.978+0000] {dag.py:4180} INFO - Setting next_dagrun for example_branch_operator to 2024-12-13 00:00:00+00:00, run_after=2024-12-14 00:00:00+00:00
[2024-12-14T19:37:57.994+0000] {processor.py:208} INFO - Processing /home/airflow/.local/lib/python3.12/site-packages/airflow/example_dags/example_branch_operator.py took 0.088 seconds
[2024-12-14T19:38:28.895+0000] {processor.py:186} INFO - Started process (PID=374) to work on /home/airflow/.local/lib/python3.12/site-packages/airflow/example_dags/example_branch_operator.py
[2024-12-14T19:38:28.896+0000] {processor.py:914} INFO - Processing file /home/airflow/.local/lib/python3.12/site-packages/airflow/example_dags/example_branch_operator.py for tasks to queue
[2024-12-14T19:38:28.898+0000] {logging_mixin.py:190} INFO - [2024-12-14T19:38:28.898+0000] {dagbag.py:588} INFO - Filling up the DagBag from /home/airflow/.local/lib/python3.12/site-packages/airflow/example_dags/example_branch_operator.py
[2024-12-14T19:38:28.913+0000] {processor.py:925} INFO - DAG(s) 'example_branch_operator' retrieved from /home/airflow/.local/lib/python3.12/site-packages/airflow/example_dags/example_branch_operator.py
[2024-12-14T19:38:28.944+0000] {logging_mixin.py:190} INFO - [2024-12-14T19:38:28.944+0000] {dag.py:3239} INFO - Sync 1 DAGs
[2024-12-14T19:38:28.970+0000] {logging_mixin.py:190} INFO - [2024-12-14T19:38:28.970+0000] {dag.py:4180} INFO - Setting next_dagrun for example_branch_operator to 2024-12-13 00:00:00+00:00, run_after=2024-12-14 00:00:00+00:00
[2024-12-14T19:38:28.987+0000] {processor.py:208} INFO - Processing /home/airflow/.local/lib/python3.12/site-packages/airflow/example_dags/example_branch_operator.py took 0.097 seconds
[2024-12-14T19:39:00.249+0000] {processor.py:186} INFO - Started process (PID=437) to work on /home/airflow/.local/lib/python3.12/site-packages/airflow/example_dags/example_branch_operator.py
[2024-12-14T19:39:00.250+0000] {processor.py:914} INFO - Processing file /home/airflow/.local/lib/python3.12/site-packages/airflow/example_dags/example_branch_operator.py for tasks to queue
[2024-12-14T19:39:00.252+0000] {logging_mixin.py:190} INFO - [2024-12-14T19:39:00.252+0000] {dagbag.py:588} INFO - Filling up the DagBag from /home/airflow/.local/lib/python3.12/site-packages/airflow/example_dags/example_branch_operator.py
[2024-12-14T19:39:00.267+0000] {processor.py:925} INFO - DAG(s) 'example_branch_operator' retrieved from /home/airflow/.local/lib/python3.12/site-packages/airflow/example_dags/example_branch_operator.py
[2024-12-14T19:39:00.297+0000] {logging_mixin.py:190} INFO - [2024-12-14T19:39:00.297+0000] {dag.py:3239} INFO - Sync 1 DAGs
[2024-12-14T19:39:00.322+0000] {logging_mixin.py:190} INFO - [2024-12-14T19:39:00.322+0000] {dag.py:4180} INFO - Setting next_dagrun for example_branch_operator to 2024-12-13 00:00:00+00:00, run_after=2024-12-14 00:00:00+00:00
[2024-12-14T19:39:00.338+0000] {processor.py:208} INFO - Processing /home/airflow/.local/lib/python3.12/site-packages/airflow/example_dags/example_branch_operator.py took 0.094 seconds
[2024-12-14T19:39:31.640+0000] {processor.py:186} INFO - Started process (PID=500) to work on /home/airflow/.local/lib/python3.12/site-packages/airflow/example_dags/example_branch_operator.py
[2024-12-14T19:39:31.641+0000] {processor.py:914} INFO - Processing file /home/airflow/.local/lib/python3.12/site-packages/airflow/example_dags/example_branch_operator.py for tasks to queue
[2024-12-14T19:39:31.643+0000] {logging_mixin.py:190} INFO - [2024-12-14T19:39:31.642+0000] {dagbag.py:588} INFO - Filling up the DagBag from /home/airflow/.local/lib/python3.12/site-packages/airflow/example_dags/example_branch_operator.py
[2024-12-14T19:39:31.658+0000] {processor.py:925} INFO - DAG(s) 'example_branch_operator' retrieved from /home/airflow/.local/lib/python3.12/site-packages/airflow/example_dags/example_branch_operator.py
[2024-12-14T19:39:31.683+0000] {logging_mixin.py:190} INFO - [2024-12-14T19:39:31.683+0000] {dag.py:3239} INFO - Sync 1 DAGs
[2024-12-14T19:39:31.705+0000] {logging_mixin.py:190} INFO - [2024-12-14T19:39:31.705+0000] {dag.py:4180} INFO - Setting next_dagrun for example_branch_operator to 2024-12-13 00:00:00+00:00, run_after=2024-12-14 00:00:00+00:00
[2024-12-14T19:39:31.721+0000] {processor.py:208} INFO - Processing /home/airflow/.local/lib/python3.12/site-packages/airflow/example_dags/example_branch_operator.py took 0.086 seconds
[2024-12-14T19:40:02.982+0000] {processor.py:186} INFO - Started process (PID=563) to work on /home/airflow/.local/lib/python3.12/site-packages/airflow/example_dags/example_branch_operator.py
[2024-12-14T19:40:02.982+0000] {processor.py:914} INFO - Processing file /home/airflow/.local/lib/python3.12/site-packages/airflow/example_dags/example_branch_operator.py for tasks to queue
[2024-12-14T19:40:02.984+0000] {logging_mixin.py:190} INFO - [2024-12-14T19:40:02.984+0000] {dagbag.py:588} INFO - Filling up the DagBag from /home/airflow/.local/lib/python3.12/site-packages/airflow/example_dags/example_branch_operator.py
[2024-12-14T19:40:02.999+0000] {processor.py:925} INFO - DAG(s) 'example_branch_operator' retrieved from /home/airflow/.local/lib/python3.12/site-packages/airflow/example_dags/example_branch_operator.py
[2024-12-14T19:40:03.032+0000] {logging_mixin.py:190} INFO - [2024-12-14T19:40:03.031+0000] {dag.py:3239} INFO - Sync 1 DAGs
[2024-12-14T19:40:03.059+0000] {logging_mixin.py:190} INFO - [2024-12-14T19:40:03.059+0000] {dag.py:4180} INFO - Setting next_dagrun for example_branch_operator to 2024-12-13 00:00:00+00:00, run_after=2024-12-14 00:00:00+00:00
[2024-12-14T19:40:03.077+0000] {processor.py:208} INFO - Processing /home/airflow/.local/lib/python3.12/site-packages/airflow/example_dags/example_branch_operator.py took 0.101 seconds
[2024-12-14T19:40:33.883+0000] {processor.py:186} INFO - Started process (PID=633) to work on /home/airflow/.local/lib/python3.12/site-packages/airflow/example_dags/example_branch_operator.py
[2024-12-14T19:40:33.884+0000] {processor.py:914} INFO - Processing file /home/airflow/.local/lib/python3.12/site-packages/airflow/example_dags/example_branch_operator.py for tasks to queue
[2024-12-14T19:40:33.886+0000] {logging_mixin.py:190} INFO - [2024-12-14T19:40:33.886+0000] {dagbag.py:588} INFO - Filling up the DagBag from /home/airflow/.local/lib/python3.12/site-packages/airflow/example_dags/example_branch_operator.py
[2024-12-14T19:40:33.902+0000] {processor.py:925} INFO - DAG(s) 'example_branch_operator' retrieved from /home/airflow/.local/lib/python3.12/site-packages/airflow/example_dags/example_branch_operator.py
[2024-12-14T19:40:33.928+0000] {logging_mixin.py:190} INFO - [2024-12-14T19:40:33.927+0000] {dag.py:3239} INFO - Sync 1 DAGs
[2024-12-14T19:40:33.950+0000] {logging_mixin.py:190} INFO - [2024-12-14T19:40:33.950+0000] {dag.py:4180} INFO - Setting next_dagrun for example_branch_operator to 2024-12-13 00:00:00+00:00, run_after=2024-12-14 00:00:00+00:00
[2024-12-14T19:40:33.966+0000] {processor.py:208} INFO - Processing /home/airflow/.local/lib/python3.12/site-packages/airflow/example_dags/example_branch_operator.py took 0.087 seconds
[2024-12-14T19:41:04.709+0000] {processor.py:186} INFO - Started process (PID=696) to work on /home/airflow/.local/lib/python3.12/site-packages/airflow/example_dags/example_branch_operator.py
[2024-12-14T19:41:04.710+0000] {processor.py:914} INFO - Processing file /home/airflow/.local/lib/python3.12/site-packages/airflow/example_dags/example_branch_operator.py for tasks to queue
[2024-12-14T19:41:04.711+0000] {logging_mixin.py:190} INFO - [2024-12-14T19:41:04.711+0000] {dagbag.py:588} INFO - Filling up the DagBag from /home/airflow/.local/lib/python3.12/site-packages/airflow/example_dags/example_branch_operator.py
[2024-12-14T19:41:04.726+0000] {processor.py:925} INFO - DAG(s) 'example_branch_operator' retrieved from /home/airflow/.local/lib/python3.12/site-packages/airflow/example_dags/example_branch_operator.py
[2024-12-14T19:41:04.750+0000] {logging_mixin.py:190} INFO - [2024-12-14T19:41:04.750+0000] {dag.py:3239} INFO - Sync 1 DAGs
[2024-12-14T19:41:04.771+0000] {logging_mixin.py:190} INFO - [2024-12-14T19:41:04.771+0000] {dag.py:4180} INFO - Setting next_dagrun for example_branch_operator to 2024-12-13 00:00:00+00:00, run_after=2024-12-14 00:00:00+00:00
[2024-12-14T19:41:04.786+0000] {processor.py:208} INFO - Processing /home/airflow/.local/lib/python3.12/site-packages/airflow/example_dags/example_branch_operator.py took 0.082 seconds
[2024-12-14T19:41:35.831+0000] {processor.py:186} INFO - Started process (PID=759) to work on /home/airflow/.local/lib/python3.12/site-packages/airflow/example_dags/example_branch_operator.py
[2024-12-14T19:41:35.832+0000] {processor.py:914} INFO - Processing file /home/airflow/.local/lib/python3.12/site-packages/airflow/example_dags/example_branch_operator.py for tasks to queue
[2024-12-14T19:41:35.833+0000] {logging_mixin.py:190} INFO - [2024-12-14T19:41:35.833+0000] {dagbag.py:588} INFO - Filling up the DagBag from /home/airflow/.local/lib/python3.12/site-packages/airflow/example_dags/example_branch_operator.py
[2024-12-14T19:41:35.848+0000] {processor.py:925} INFO - DAG(s) 'example_branch_operator' retrieved from /home/airflow/.local/lib/python3.12/site-packages/airflow/example_dags/example_branch_operator.py
[2024-12-14T19:41:35.872+0000] {logging_mixin.py:190} INFO - [2024-12-14T19:41:35.872+0000] {dag.py:3239} INFO - Sync 1 DAGs
[2024-12-14T19:41:35.893+0000] {logging_mixin.py:190} INFO - [2024-12-14T19:41:35.893+0000] {dag.py:4180} INFO - Setting next_dagrun for example_branch_operator to 2024-12-13 00:00:00+00:00, run_after=2024-12-14 00:00:00+00:00
[2024-12-14T19:41:35.908+0000] {processor.py:208} INFO - Processing /home/airflow/.local/lib/python3.12/site-packages/airflow/example_dags/example_branch_operator.py took 0.083 seconds
[2024-12-14T19:42:07.474+0000] {processor.py:186} INFO - Started process (PID=820) to work on /home/airflow/.local/lib/python3.12/site-packages/airflow/example_dags/example_branch_operator.py
[2024-12-14T19:42:07.475+0000] {processor.py:914} INFO - Processing file /home/airflow/.local/lib/python3.12/site-packages/airflow/example_dags/example_branch_operator.py for tasks to queue
[2024-12-14T19:42:07.477+0000] {logging_mixin.py:190} INFO - [2024-12-14T19:42:07.477+0000] {dagbag.py:588} INFO - Filling up the DagBag from /home/airflow/.local/lib/python3.12/site-packages/airflow/example_dags/example_branch_operator.py
[2024-12-14T19:42:07.498+0000] {processor.py:925} INFO - DAG(s) 'example_branch_operator' retrieved from /home/airflow/.local/lib/python3.12/site-packages/airflow/example_dags/example_branch_operator.py
[2024-12-14T19:42:07.528+0000] {logging_mixin.py:190} INFO - [2024-12-14T19:42:07.528+0000] {dag.py:3239} INFO - Sync 1 DAGs
[2024-12-14T19:42:07.550+0000] {logging_mixin.py:190} INFO - [2024-12-14T19:42:07.550+0000] {dag.py:4180} INFO - Setting next_dagrun for example_branch_operator to 2024-12-13 00:00:00+00:00, run_after=2024-12-14 00:00:00+00:00
[2024-12-14T19:42:07.565+0000] {processor.py:208} INFO - Processing /home/airflow/.local/lib/python3.12/site-packages/airflow/example_dags/example_branch_operator.py took 0.098 seconds
[2024-12-14T19:42:38.793+0000] {processor.py:186} INFO - Started process (PID=883) to work on /home/airflow/.local/lib/python3.12/site-packages/airflow/example_dags/example_branch_operator.py
[2024-12-14T19:42:38.794+0000] {processor.py:914} INFO - Processing file /home/airflow/.local/lib/python3.12/site-packages/airflow/example_dags/example_branch_operator.py for tasks to queue
[2024-12-14T19:42:38.796+0000] {logging_mixin.py:190} INFO - [2024-12-14T19:42:38.796+0000] {dagbag.py:588} INFO - Filling up the DagBag from /home/airflow/.local/lib/python3.12/site-packages/airflow/example_dags/example_branch_operator.py
[2024-12-14T19:42:38.812+0000] {processor.py:925} INFO - DAG(s) 'example_branch_operator' retrieved from /home/airflow/.local/lib/python3.12/site-packages/airflow/example_dags/example_branch_operator.py
[2024-12-14T19:42:38.846+0000] {logging_mixin.py:190} INFO - [2024-12-14T19:42:38.845+0000] {dag.py:3239} INFO - Sync 1 DAGs
[2024-12-14T19:42:38.874+0000] {logging_mixin.py:190} INFO - [2024-12-14T19:42:38.873+0000] {dag.py:4180} INFO - Setting next_dagrun for example_branch_operator to 2024-12-13 00:00:00+00:00, run_after=2024-12-14 00:00:00+00:00
[2024-12-14T19:42:38.889+0000] {processor.py:208} INFO - Processing /home/airflow/.local/lib/python3.12/site-packages/airflow/example_dags/example_branch_operator.py took 0.101 seconds
[2024-12-14T19:43:09.081+0000] {processor.py:186} INFO - Started process (PID=946) to work on /home/airflow/.local/lib/python3.12/site-packages/airflow/example_dags/example_branch_operator.py
[2024-12-14T19:43:09.082+0000] {processor.py:914} INFO - Processing file /home/airflow/.local/lib/python3.12/site-packages/airflow/example_dags/example_branch_operator.py for tasks to queue
[2024-12-14T19:43:09.084+0000] {logging_mixin.py:190} INFO - [2024-12-14T19:43:09.084+0000] {dagbag.py:588} INFO - Filling up the DagBag from /home/airflow/.local/lib/python3.12/site-packages/airflow/example_dags/example_branch_operator.py
[2024-12-14T19:43:09.105+0000] {processor.py:925} INFO - DAG(s) 'example_branch_operator' retrieved from /home/airflow/.local/lib/python3.12/site-packages/airflow/example_dags/example_branch_operator.py
[2024-12-14T19:43:09.139+0000] {logging_mixin.py:190} INFO - [2024-12-14T19:43:09.139+0000] {dag.py:3239} INFO - Sync 1 DAGs
[2024-12-14T19:43:09.169+0000] {logging_mixin.py:190} INFO - [2024-12-14T19:43:09.169+0000] {dag.py:4180} INFO - Setting next_dagrun for example_branch_operator to 2024-12-13 00:00:00+00:00, run_after=2024-12-14 00:00:00+00:00
[2024-12-14T19:43:09.189+0000] {processor.py:208} INFO - Processing /home/airflow/.local/lib/python3.12/site-packages/airflow/example_dags/example_branch_operator.py took 0.114 seconds
[2024-12-14T19:43:39.924+0000] {processor.py:186} INFO - Started process (PID=1008) to work on /home/airflow/.local/lib/python3.12/site-packages/airflow/example_dags/example_branch_operator.py
[2024-12-14T19:43:39.925+0000] {processor.py:914} INFO - Processing file /home/airflow/.local/lib/python3.12/site-packages/airflow/example_dags/example_branch_operator.py for tasks to queue
[2024-12-14T19:43:39.927+0000] {logging_mixin.py:190} INFO - [2024-12-14T19:43:39.926+0000] {dagbag.py:588} INFO - Filling up the DagBag from /home/airflow/.local/lib/python3.12/site-packages/airflow/example_dags/example_branch_operator.py
[2024-12-14T19:43:39.943+0000] {processor.py:925} INFO - DAG(s) 'example_branch_operator' retrieved from /home/airflow/.local/lib/python3.12/site-packages/airflow/example_dags/example_branch_operator.py
[2024-12-14T19:43:39.976+0000] {logging_mixin.py:190} INFO - [2024-12-14T19:43:39.976+0000] {dag.py:3239} INFO - Sync 1 DAGs
[2024-12-14T19:43:40.004+0000] {logging_mixin.py:190} INFO - [2024-12-14T19:43:40.004+0000] {dag.py:4180} INFO - Setting next_dagrun for example_branch_operator to 2024-12-13 00:00:00+00:00, run_after=2024-12-14 00:00:00+00:00
[2024-12-14T19:43:40.022+0000] {processor.py:208} INFO - Processing /home/airflow/.local/lib/python3.12/site-packages/airflow/example_dags/example_branch_operator.py took 0.103 seconds
[2024-12-14T19:44:10.510+0000] {processor.py:186} INFO - Started process (PID=1071) to work on /home/airflow/.local/lib/python3.12/site-packages/airflow/example_dags/example_branch_operator.py
[2024-12-14T19:44:10.511+0000] {processor.py:914} INFO - Processing file /home/airflow/.local/lib/python3.12/site-packages/airflow/example_dags/example_branch_operator.py for tasks to queue
[2024-12-14T19:44:10.513+0000] {logging_mixin.py:190} INFO - [2024-12-14T19:44:10.512+0000] {dagbag.py:588} INFO - Filling up the DagBag from /home/airflow/.local/lib/python3.12/site-packages/airflow/example_dags/example_branch_operator.py
[2024-12-14T19:44:10.528+0000] {processor.py:925} INFO - DAG(s) 'example_branch_operator' retrieved from /home/airflow/.local/lib/python3.12/site-packages/airflow/example_dags/example_branch_operator.py
[2024-12-14T19:44:10.558+0000] {logging_mixin.py:190} INFO - [2024-12-14T19:44:10.557+0000] {dag.py:3239} INFO - Sync 1 DAGs
[2024-12-14T19:44:10.583+0000] {logging_mixin.py:190} INFO - [2024-12-14T19:44:10.583+0000] {dag.py:4180} INFO - Setting next_dagrun for example_branch_operator to 2024-12-13 00:00:00+00:00, run_after=2024-12-14 00:00:00+00:00
[2024-12-14T19:44:10.598+0000] {processor.py:208} INFO - Processing /home/airflow/.local/lib/python3.12/site-packages/airflow/example_dags/example_branch_operator.py took 0.093 seconds
[2024-12-14T19:44:42.154+0000] {processor.py:186} INFO - Started process (PID=1135) to work on /home/airflow/.local/lib/python3.12/site-packages/airflow/example_dags/example_branch_operator.py
[2024-12-14T19:44:42.155+0000] {processor.py:914} INFO - Processing file /home/airflow/.local/lib/python3.12/site-packages/airflow/example_dags/example_branch_operator.py for tasks to queue
[2024-12-14T19:44:42.157+0000] {logging_mixin.py:190} INFO - [2024-12-14T19:44:42.157+0000] {dagbag.py:588} INFO - Filling up the DagBag from /home/airflow/.local/lib/python3.12/site-packages/airflow/example_dags/example_branch_operator.py
[2024-12-14T19:44:42.171+0000] {processor.py:925} INFO - DAG(s) 'example_branch_operator' retrieved from /home/airflow/.local/lib/python3.12/site-packages/airflow/example_dags/example_branch_operator.py
[2024-12-14T19:44:42.195+0000] {logging_mixin.py:190} INFO - [2024-12-14T19:44:42.194+0000] {dag.py:3239} INFO - Sync 1 DAGs
[2024-12-14T19:44:42.214+0000] {logging_mixin.py:190} INFO - [2024-12-14T19:44:42.214+0000] {dag.py:4180} INFO - Setting next_dagrun for example_branch_operator to 2024-12-13 00:00:00+00:00, run_after=2024-12-14 00:00:00+00:00
[2024-12-14T19:44:42.229+0000] {processor.py:208} INFO - Processing /home/airflow/.local/lib/python3.12/site-packages/airflow/example_dags/example_branch_operator.py took 0.080 seconds
[2024-12-14T19:45:13.994+0000] {processor.py:186} INFO - Started process (PID=1198) to work on /home/airflow/.local/lib/python3.12/site-packages/airflow/example_dags/example_branch_operator.py
[2024-12-14T19:45:13.994+0000] {processor.py:914} INFO - Processing file /home/airflow/.local/lib/python3.12/site-packages/airflow/example_dags/example_branch_operator.py for tasks to queue
[2024-12-14T19:45:13.996+0000] {logging_mixin.py:190} INFO - [2024-12-14T19:45:13.996+0000] {dagbag.py:588} INFO - Filling up the DagBag from /home/airflow/.local/lib/python3.12/site-packages/airflow/example_dags/example_branch_operator.py
[2024-12-14T19:45:14.011+0000] {processor.py:925} INFO - DAG(s) 'example_branch_operator' retrieved from /home/airflow/.local/lib/python3.12/site-packages/airflow/example_dags/example_branch_operator.py
[2024-12-14T19:45:14.039+0000] {logging_mixin.py:190} INFO - [2024-12-14T19:45:14.038+0000] {dag.py:3239} INFO - Sync 1 DAGs
[2024-12-14T19:45:14.062+0000] {logging_mixin.py:190} INFO - [2024-12-14T19:45:14.062+0000] {dag.py:4180} INFO - Setting next_dagrun for example_branch_operator to 2024-12-13 00:00:00+00:00, run_after=2024-12-14 00:00:00+00:00
[2024-12-14T19:45:14.080+0000] {processor.py:208} INFO - Processing /home/airflow/.local/lib/python3.12/site-packages/airflow/example_dags/example_branch_operator.py took 0.091 seconds
[2024-12-14T19:45:44.760+0000] {processor.py:186} INFO - Started process (PID=1261) to work on /home/airflow/.local/lib/python3.12/site-packages/airflow/example_dags/example_branch_operator.py
[2024-12-14T19:45:44.761+0000] {processor.py:914} INFO - Processing file /home/airflow/.local/lib/python3.12/site-packages/airflow/example_dags/example_branch_operator.py for tasks to queue
[2024-12-14T19:45:44.763+0000] {logging_mixin.py:190} INFO - [2024-12-14T19:45:44.763+0000] {dagbag.py:588} INFO - Filling up the DagBag from /home/airflow/.local/lib/python3.12/site-packages/airflow/example_dags/example_branch_operator.py
[2024-12-14T19:45:44.778+0000] {processor.py:925} INFO - DAG(s) 'example_branch_operator' retrieved from /home/airflow/.local/lib/python3.12/site-packages/airflow/example_dags/example_branch_operator.py
[2024-12-14T19:45:44.809+0000] {logging_mixin.py:190} INFO - [2024-12-14T19:45:44.809+0000] {dag.py:3239} INFO - Sync 1 DAGs
[2024-12-14T19:45:44.835+0000] {logging_mixin.py:190} INFO - [2024-12-14T19:45:44.835+0000] {dag.py:4180} INFO - Setting next_dagrun for example_branch_operator to 2024-12-13 00:00:00+00:00, run_after=2024-12-14 00:00:00+00:00
[2024-12-14T19:45:44.850+0000] {processor.py:208} INFO - Processing /home/airflow/.local/lib/python3.12/site-packages/airflow/example_dags/example_branch_operator.py took 0.095 seconds
