[2024-12-14T19:28:24.545+0000] {processor.py:186} INFO - Started process (PID=38) to work on /home/airflow/.local/lib/python3.12/site-packages/airflow/example_dags/example_inlet_event_extra.py
[2024-12-14T19:28:24.545+0000] {processor.py:914} INFO - Processing file /home/airflow/.local/lib/python3.12/site-packages/airflow/example_dags/example_inlet_event_extra.py for tasks to queue
[2024-12-14T19:28:24.547+0000] {logging_mixin.py:190} INFO - [2024-12-14T19:28:24.547+0000] {dagbag.py:588} INFO - Filling up the DagBag from /home/airflow/.local/lib/python3.12/site-packages/airflow/example_dags/example_inlet_event_extra.py
[2024-12-14T19:28:25.780+0000] {processor.py:925} INFO - DAG(s) 'read_dataset_event_from_classic', 'read_dataset_event' retrieved from /home/airflow/.local/lib/python3.12/site-packages/airflow/example_dags/example_inlet_event_extra.py
[2024-12-14T19:28:25.896+0000] {logging_mixin.py:190} INFO - [2024-12-14T19:28:25.895+0000] {override.py:1911} INFO - Created Permission View: can edit on DAG:read_dataset_event_from_classic
[2024-12-14T19:28:25.906+0000] {logging_mixin.py:190} INFO - [2024-12-14T19:28:25.906+0000] {override.py:1911} INFO - Created Permission View: can delete on DAG:read_dataset_event_from_classic
[2024-12-14T19:28:25.912+0000] {logging_mixin.py:190} INFO - [2024-12-14T19:28:25.912+0000] {override.py:1911} INFO - Created Permission View: can read on DAG:read_dataset_event_from_classic
[2024-12-14T19:28:25.918+0000] {logging_mixin.py:190} INFO - [2024-12-14T19:28:25.918+0000] {override.py:1911} INFO - Created Permission View: menu access on DAG Run:read_dataset_event_from_classic
[2024-12-14T19:28:25.923+0000] {logging_mixin.py:190} INFO - [2024-12-14T19:28:25.923+0000] {override.py:1911} INFO - Created Permission View: can delete on DAG Run:read_dataset_event_from_classic
[2024-12-14T19:28:25.929+0000] {logging_mixin.py:190} INFO - [2024-12-14T19:28:25.929+0000] {override.py:1911} INFO - Created Permission View: can create on DAG Run:read_dataset_event_from_classic
[2024-12-14T19:28:25.936+0000] {logging_mixin.py:190} INFO - [2024-12-14T19:28:25.936+0000] {override.py:1911} INFO - Created Permission View: can read on DAG Run:read_dataset_event_from_classic
[2024-12-14T19:28:25.948+0000] {logging_mixin.py:190} INFO - [2024-12-14T19:28:25.947+0000] {override.py:1911} INFO - Created Permission View: can edit on DAG:read_dataset_event
[2024-12-14T19:28:25.956+0000] {logging_mixin.py:190} INFO - [2024-12-14T19:28:25.956+0000] {override.py:1911} INFO - Created Permission View: can delete on DAG:read_dataset_event
[2024-12-14T19:28:25.961+0000] {logging_mixin.py:190} INFO - [2024-12-14T19:28:25.961+0000] {override.py:1911} INFO - Created Permission View: can read on DAG:read_dataset_event
[2024-12-14T19:28:25.968+0000] {logging_mixin.py:190} INFO - [2024-12-14T19:28:25.968+0000] {override.py:1911} INFO - Created Permission View: menu access on DAG Run:read_dataset_event
[2024-12-14T19:28:25.975+0000] {logging_mixin.py:190} INFO - [2024-12-14T19:28:25.974+0000] {override.py:1911} INFO - Created Permission View: can delete on DAG Run:read_dataset_event
[2024-12-14T19:28:25.981+0000] {logging_mixin.py:190} INFO - [2024-12-14T19:28:25.981+0000] {override.py:1911} INFO - Created Permission View: can create on DAG Run:read_dataset_event
[2024-12-14T19:28:25.987+0000] {logging_mixin.py:190} INFO - [2024-12-14T19:28:25.986+0000] {override.py:1911} INFO - Created Permission View: can read on DAG Run:read_dataset_event
[2024-12-14T19:28:25.987+0000] {logging_mixin.py:190} INFO - [2024-12-14T19:28:25.987+0000] {dag.py:3239} INFO - Sync 2 DAGs
[2024-12-14T19:28:26.007+0000] {logging_mixin.py:190} INFO - [2024-12-14T19:28:26.006+0000] {dag.py:3262} INFO - Creating ORM DAG for read_dataset_event
[2024-12-14T19:28:26.008+0000] {logging_mixin.py:190} INFO - [2024-12-14T19:28:26.007+0000] {dag.py:3262} INFO - Creating ORM DAG for read_dataset_event_from_classic
[2024-12-14T19:28:26.021+0000] {logging_mixin.py:190} INFO - [2024-12-14T19:28:26.020+0000] {dag.py:4180} INFO - Setting next_dagrun for read_dataset_event to 2024-12-13 00:00:00+00:00, run_after=2024-12-14 00:00:00+00:00
[2024-12-14T19:28:26.023+0000] {logging_mixin.py:190} INFO - [2024-12-14T19:28:26.023+0000] {dag.py:4180} INFO - Setting next_dagrun for read_dataset_event_from_classic to 2024-12-13 00:00:00+00:00, run_after=2024-12-14 00:00:00+00:00
[2024-12-14T19:28:26.041+0000] {processor.py:208} INFO - Processing /home/airflow/.local/lib/python3.12/site-packages/airflow/example_dags/example_inlet_event_extra.py took 1.503 seconds
[2024-12-14T19:28:56.418+0000] {processor.py:186} INFO - Started process (PID=100) to work on /home/airflow/.local/lib/python3.12/site-packages/airflow/example_dags/example_inlet_event_extra.py
[2024-12-14T19:28:56.425+0000] {processor.py:914} INFO - Processing file /home/airflow/.local/lib/python3.12/site-packages/airflow/example_dags/example_inlet_event_extra.py for tasks to queue
[2024-12-14T19:28:56.427+0000] {logging_mixin.py:190} INFO - [2024-12-14T19:28:56.427+0000] {dagbag.py:588} INFO - Filling up the DagBag from /home/airflow/.local/lib/python3.12/site-packages/airflow/example_dags/example_inlet_event_extra.py
[2024-12-14T19:28:56.994+0000] {processor.py:925} INFO - DAG(s) 'read_dataset_event', 'read_dataset_event_from_classic' retrieved from /home/airflow/.local/lib/python3.12/site-packages/airflow/example_dags/example_inlet_event_extra.py
[2024-12-14T19:28:57.013+0000] {logging_mixin.py:190} INFO - [2024-12-14T19:28:57.013+0000] {dag.py:3239} INFO - Sync 2 DAGs
[2024-12-14T19:28:57.042+0000] {logging_mixin.py:190} INFO - [2024-12-14T19:28:57.042+0000] {dag.py:4180} INFO - Setting next_dagrun for read_dataset_event to 2024-12-13 00:00:00+00:00, run_after=2024-12-14 00:00:00+00:00
[2024-12-14T19:28:57.047+0000] {logging_mixin.py:190} INFO - [2024-12-14T19:28:57.047+0000] {dag.py:4180} INFO - Setting next_dagrun for read_dataset_event_from_classic to 2024-12-13 00:00:00+00:00, run_after=2024-12-14 00:00:00+00:00
[2024-12-14T19:28:57.061+0000] {processor.py:208} INFO - Processing /home/airflow/.local/lib/python3.12/site-packages/airflow/example_dags/example_inlet_event_extra.py took 0.649 seconds
[2024-12-14T19:29:27.862+0000] {processor.py:186} INFO - Started process (PID=169) to work on /home/airflow/.local/lib/python3.12/site-packages/airflow/example_dags/example_inlet_event_extra.py
[2024-12-14T19:29:27.863+0000] {processor.py:914} INFO - Processing file /home/airflow/.local/lib/python3.12/site-packages/airflow/example_dags/example_inlet_event_extra.py for tasks to queue
[2024-12-14T19:29:27.865+0000] {logging_mixin.py:190} INFO - [2024-12-14T19:29:27.865+0000] {dagbag.py:588} INFO - Filling up the DagBag from /home/airflow/.local/lib/python3.12/site-packages/airflow/example_dags/example_inlet_event_extra.py
[2024-12-14T19:29:28.372+0000] {processor.py:925} INFO - DAG(s) 'read_dataset_event_from_classic', 'read_dataset_event' retrieved from /home/airflow/.local/lib/python3.12/site-packages/airflow/example_dags/example_inlet_event_extra.py
[2024-12-14T19:29:28.392+0000] {logging_mixin.py:190} INFO - [2024-12-14T19:29:28.392+0000] {dag.py:3239} INFO - Sync 2 DAGs
[2024-12-14T19:29:28.416+0000] {logging_mixin.py:190} INFO - [2024-12-14T19:29:28.416+0000] {dag.py:4180} INFO - Setting next_dagrun for read_dataset_event to 2024-12-13 00:00:00+00:00, run_after=2024-12-14 00:00:00+00:00
[2024-12-14T19:29:28.421+0000] {logging_mixin.py:190} INFO - [2024-12-14T19:29:28.420+0000] {dag.py:4180} INFO - Setting next_dagrun for read_dataset_event_from_classic to 2024-12-13 00:00:00+00:00, run_after=2024-12-14 00:00:00+00:00
[2024-12-14T19:29:28.434+0000] {processor.py:208} INFO - Processing /home/airflow/.local/lib/python3.12/site-packages/airflow/example_dags/example_inlet_event_extra.py took 0.577 seconds
[2024-12-14T19:29:59.138+0000] {processor.py:186} INFO - Started process (PID=232) to work on /home/airflow/.local/lib/python3.12/site-packages/airflow/example_dags/example_inlet_event_extra.py
[2024-12-14T19:29:59.139+0000] {processor.py:914} INFO - Processing file /home/airflow/.local/lib/python3.12/site-packages/airflow/example_dags/example_inlet_event_extra.py for tasks to queue
[2024-12-14T19:29:59.141+0000] {logging_mixin.py:190} INFO - [2024-12-14T19:29:59.141+0000] {dagbag.py:588} INFO - Filling up the DagBag from /home/airflow/.local/lib/python3.12/site-packages/airflow/example_dags/example_inlet_event_extra.py
[2024-12-14T19:29:59.706+0000] {processor.py:925} INFO - DAG(s) 'read_dataset_event', 'read_dataset_event_from_classic' retrieved from /home/airflow/.local/lib/python3.12/site-packages/airflow/example_dags/example_inlet_event_extra.py
[2024-12-14T19:29:59.725+0000] {logging_mixin.py:190} INFO - [2024-12-14T19:29:59.725+0000] {dag.py:3239} INFO - Sync 2 DAGs
[2024-12-14T19:29:59.749+0000] {logging_mixin.py:190} INFO - [2024-12-14T19:29:59.749+0000] {dag.py:4180} INFO - Setting next_dagrun for read_dataset_event to 2024-12-13 00:00:00+00:00, run_after=2024-12-14 00:00:00+00:00
[2024-12-14T19:29:59.754+0000] {logging_mixin.py:190} INFO - [2024-12-14T19:29:59.753+0000] {dag.py:4180} INFO - Setting next_dagrun for read_dataset_event_from_classic to 2024-12-13 00:00:00+00:00, run_after=2024-12-14 00:00:00+00:00
[2024-12-14T19:29:59.766+0000] {processor.py:208} INFO - Processing /home/airflow/.local/lib/python3.12/site-packages/airflow/example_dags/example_inlet_event_extra.py took 0.632 seconds
[2024-12-14T19:30:29.832+0000] {processor.py:186} INFO - Started process (PID=295) to work on /home/airflow/.local/lib/python3.12/site-packages/airflow/example_dags/example_inlet_event_extra.py
[2024-12-14T19:30:29.833+0000] {processor.py:914} INFO - Processing file /home/airflow/.local/lib/python3.12/site-packages/airflow/example_dags/example_inlet_event_extra.py for tasks to queue
[2024-12-14T19:30:29.835+0000] {logging_mixin.py:190} INFO - [2024-12-14T19:30:29.834+0000] {dagbag.py:588} INFO - Filling up the DagBag from /home/airflow/.local/lib/python3.12/site-packages/airflow/example_dags/example_inlet_event_extra.py
[2024-12-14T19:30:30.348+0000] {processor.py:925} INFO - DAG(s) 'read_dataset_event', 'read_dataset_event_from_classic' retrieved from /home/airflow/.local/lib/python3.12/site-packages/airflow/example_dags/example_inlet_event_extra.py
[2024-12-14T19:30:30.367+0000] {logging_mixin.py:190} INFO - [2024-12-14T19:30:30.367+0000] {dag.py:3239} INFO - Sync 2 DAGs
[2024-12-14T19:30:30.396+0000] {logging_mixin.py:190} INFO - [2024-12-14T19:30:30.396+0000] {dag.py:4180} INFO - Setting next_dagrun for read_dataset_event to 2024-12-13 00:00:00+00:00, run_after=2024-12-14 00:00:00+00:00
[2024-12-14T19:30:30.402+0000] {logging_mixin.py:190} INFO - [2024-12-14T19:30:30.401+0000] {dag.py:4180} INFO - Setting next_dagrun for read_dataset_event_from_classic to 2024-12-13 00:00:00+00:00, run_after=2024-12-14 00:00:00+00:00
[2024-12-14T19:30:30.415+0000] {processor.py:208} INFO - Processing /home/airflow/.local/lib/python3.12/site-packages/airflow/example_dags/example_inlet_event_extra.py took 0.588 seconds
[2024-12-14T19:31:38.300+0000] {processor.py:186} INFO - Started process (PID=38) to work on /home/airflow/.local/lib/python3.12/site-packages/airflow/example_dags/example_inlet_event_extra.py
[2024-12-14T19:31:38.301+0000] {processor.py:914} INFO - Processing file /home/airflow/.local/lib/python3.12/site-packages/airflow/example_dags/example_inlet_event_extra.py for tasks to queue
[2024-12-14T19:31:38.304+0000] {logging_mixin.py:190} INFO - [2024-12-14T19:31:38.303+0000] {dagbag.py:588} INFO - Filling up the DagBag from /home/airflow/.local/lib/python3.12/site-packages/airflow/example_dags/example_inlet_event_extra.py
[2024-12-14T19:31:40.223+0000] {processor.py:925} INFO - DAG(s) 'read_dataset_event_from_classic', 'read_dataset_event' retrieved from /home/airflow/.local/lib/python3.12/site-packages/airflow/example_dags/example_inlet_event_extra.py
[2024-12-14T19:31:40.254+0000] {logging_mixin.py:190} INFO - [2024-12-14T19:31:40.254+0000] {dag.py:3239} INFO - Sync 2 DAGs
[2024-12-14T19:31:40.289+0000] {logging_mixin.py:190} INFO - [2024-12-14T19:31:40.288+0000] {dag.py:4180} INFO - Setting next_dagrun for read_dataset_event to 2024-12-13 00:00:00+00:00, run_after=2024-12-14 00:00:00+00:00
[2024-12-14T19:31:40.295+0000] {logging_mixin.py:190} INFO - [2024-12-14T19:31:40.295+0000] {dag.py:4180} INFO - Setting next_dagrun for read_dataset_event_from_classic to 2024-12-13 00:00:00+00:00, run_after=2024-12-14 00:00:00+00:00
[2024-12-14T19:31:40.313+0000] {processor.py:208} INFO - Processing /home/airflow/.local/lib/python3.12/site-packages/airflow/example_dags/example_inlet_event_extra.py took 2.019 seconds
[2024-12-14T19:32:10.758+0000] {processor.py:186} INFO - Started process (PID=101) to work on /home/airflow/.local/lib/python3.12/site-packages/airflow/example_dags/example_inlet_event_extra.py
[2024-12-14T19:32:10.764+0000] {processor.py:914} INFO - Processing file /home/airflow/.local/lib/python3.12/site-packages/airflow/example_dags/example_inlet_event_extra.py for tasks to queue
[2024-12-14T19:32:10.766+0000] {logging_mixin.py:190} INFO - [2024-12-14T19:32:10.766+0000] {dagbag.py:588} INFO - Filling up the DagBag from /home/airflow/.local/lib/python3.12/site-packages/airflow/example_dags/example_inlet_event_extra.py
[2024-12-14T19:32:11.322+0000] {processor.py:925} INFO - DAG(s) 'read_dataset_event', 'read_dataset_event_from_classic' retrieved from /home/airflow/.local/lib/python3.12/site-packages/airflow/example_dags/example_inlet_event_extra.py
[2024-12-14T19:32:11.339+0000] {logging_mixin.py:190} INFO - [2024-12-14T19:32:11.339+0000] {dag.py:3239} INFO - Sync 2 DAGs
[2024-12-14T19:32:11.362+0000] {logging_mixin.py:190} INFO - [2024-12-14T19:32:11.361+0000] {dag.py:4180} INFO - Setting next_dagrun for read_dataset_event to 2024-12-13 00:00:00+00:00, run_after=2024-12-14 00:00:00+00:00
[2024-12-14T19:32:11.366+0000] {logging_mixin.py:190} INFO - [2024-12-14T19:32:11.366+0000] {dag.py:4180} INFO - Setting next_dagrun for read_dataset_event_from_classic to 2024-12-13 00:00:00+00:00, run_after=2024-12-14 00:00:00+00:00
[2024-12-14T19:32:11.379+0000] {processor.py:208} INFO - Processing /home/airflow/.local/lib/python3.12/site-packages/airflow/example_dags/example_inlet_event_extra.py took 0.625 seconds
[2024-12-14T19:32:42.347+0000] {processor.py:186} INFO - Started process (PID=171) to work on /home/airflow/.local/lib/python3.12/site-packages/airflow/example_dags/example_inlet_event_extra.py
[2024-12-14T19:32:42.348+0000] {processor.py:914} INFO - Processing file /home/airflow/.local/lib/python3.12/site-packages/airflow/example_dags/example_inlet_event_extra.py for tasks to queue
[2024-12-14T19:32:42.350+0000] {logging_mixin.py:190} INFO - [2024-12-14T19:32:42.350+0000] {dagbag.py:588} INFO - Filling up the DagBag from /home/airflow/.local/lib/python3.12/site-packages/airflow/example_dags/example_inlet_event_extra.py
[2024-12-14T19:32:42.864+0000] {processor.py:925} INFO - DAG(s) 'read_dataset_event_from_classic', 'read_dataset_event' retrieved from /home/airflow/.local/lib/python3.12/site-packages/airflow/example_dags/example_inlet_event_extra.py
[2024-12-14T19:32:42.884+0000] {logging_mixin.py:190} INFO - [2024-12-14T19:32:42.883+0000] {dag.py:3239} INFO - Sync 2 DAGs
[2024-12-14T19:32:42.916+0000] {logging_mixin.py:190} INFO - [2024-12-14T19:32:42.916+0000] {dag.py:4180} INFO - Setting next_dagrun for read_dataset_event to 2024-12-13 00:00:00+00:00, run_after=2024-12-14 00:00:00+00:00
[2024-12-14T19:32:42.922+0000] {logging_mixin.py:190} INFO - [2024-12-14T19:32:42.922+0000] {dag.py:4180} INFO - Setting next_dagrun for read_dataset_event_from_classic to 2024-12-13 00:00:00+00:00, run_after=2024-12-14 00:00:00+00:00
[2024-12-14T19:32:42.937+0000] {processor.py:208} INFO - Processing /home/airflow/.local/lib/python3.12/site-packages/airflow/example_dags/example_inlet_event_extra.py took 0.595 seconds
[2024-12-14T19:33:13.495+0000] {processor.py:186} INFO - Started process (PID=234) to work on /home/airflow/.local/lib/python3.12/site-packages/airflow/example_dags/example_inlet_event_extra.py
[2024-12-14T19:33:13.496+0000] {processor.py:914} INFO - Processing file /home/airflow/.local/lib/python3.12/site-packages/airflow/example_dags/example_inlet_event_extra.py for tasks to queue
[2024-12-14T19:33:13.498+0000] {logging_mixin.py:190} INFO - [2024-12-14T19:33:13.498+0000] {dagbag.py:588} INFO - Filling up the DagBag from /home/airflow/.local/lib/python3.12/site-packages/airflow/example_dags/example_inlet_event_extra.py
[2024-12-14T19:33:13.999+0000] {processor.py:925} INFO - DAG(s) 'read_dataset_event', 'read_dataset_event_from_classic' retrieved from /home/airflow/.local/lib/python3.12/site-packages/airflow/example_dags/example_inlet_event_extra.py
[2024-12-14T19:33:14.016+0000] {logging_mixin.py:190} INFO - [2024-12-14T19:33:14.015+0000] {dag.py:3239} INFO - Sync 2 DAGs
[2024-12-14T19:33:14.039+0000] {logging_mixin.py:190} INFO - [2024-12-14T19:33:14.038+0000] {dag.py:4180} INFO - Setting next_dagrun for read_dataset_event to 2024-12-13 00:00:00+00:00, run_after=2024-12-14 00:00:00+00:00
[2024-12-14T19:33:14.043+0000] {logging_mixin.py:190} INFO - [2024-12-14T19:33:14.043+0000] {dag.py:4180} INFO - Setting next_dagrun for read_dataset_event_from_classic to 2024-12-13 00:00:00+00:00, run_after=2024-12-14 00:00:00+00:00
[2024-12-14T19:33:14.056+0000] {processor.py:208} INFO - Processing /home/airflow/.local/lib/python3.12/site-packages/airflow/example_dags/example_inlet_event_extra.py took 0.566 seconds
[2024-12-14T19:33:44.668+0000] {processor.py:186} INFO - Started process (PID=297) to work on /home/airflow/.local/lib/python3.12/site-packages/airflow/example_dags/example_inlet_event_extra.py
[2024-12-14T19:33:44.669+0000] {processor.py:914} INFO - Processing file /home/airflow/.local/lib/python3.12/site-packages/airflow/example_dags/example_inlet_event_extra.py for tasks to queue
[2024-12-14T19:33:44.671+0000] {logging_mixin.py:190} INFO - [2024-12-14T19:33:44.671+0000] {dagbag.py:588} INFO - Filling up the DagBag from /home/airflow/.local/lib/python3.12/site-packages/airflow/example_dags/example_inlet_event_extra.py
[2024-12-14T19:33:45.177+0000] {processor.py:925} INFO - DAG(s) 'read_dataset_event_from_classic', 'read_dataset_event' retrieved from /home/airflow/.local/lib/python3.12/site-packages/airflow/example_dags/example_inlet_event_extra.py
[2024-12-14T19:33:45.194+0000] {logging_mixin.py:190} INFO - [2024-12-14T19:33:45.194+0000] {dag.py:3239} INFO - Sync 2 DAGs
[2024-12-14T19:33:45.218+0000] {logging_mixin.py:190} INFO - [2024-12-14T19:33:45.218+0000] {dag.py:4180} INFO - Setting next_dagrun for read_dataset_event to 2024-12-13 00:00:00+00:00, run_after=2024-12-14 00:00:00+00:00
[2024-12-14T19:33:45.223+0000] {logging_mixin.py:190} INFO - [2024-12-14T19:33:45.223+0000] {dag.py:4180} INFO - Setting next_dagrun for read_dataset_event_from_classic to 2024-12-13 00:00:00+00:00, run_after=2024-12-14 00:00:00+00:00
[2024-12-14T19:33:45.237+0000] {processor.py:208} INFO - Processing /home/airflow/.local/lib/python3.12/site-packages/airflow/example_dags/example_inlet_event_extra.py took 0.574 seconds
[2024-12-14T19:34:15.307+0000] {processor.py:186} INFO - Started process (PID=360) to work on /home/airflow/.local/lib/python3.12/site-packages/airflow/example_dags/example_inlet_event_extra.py
[2024-12-14T19:34:15.309+0000] {processor.py:914} INFO - Processing file /home/airflow/.local/lib/python3.12/site-packages/airflow/example_dags/example_inlet_event_extra.py for tasks to queue
[2024-12-14T19:34:15.311+0000] {logging_mixin.py:190} INFO - [2024-12-14T19:34:15.310+0000] {dagbag.py:588} INFO - Filling up the DagBag from /home/airflow/.local/lib/python3.12/site-packages/airflow/example_dags/example_inlet_event_extra.py
[2024-12-14T19:34:15.816+0000] {processor.py:925} INFO - DAG(s) 'read_dataset_event', 'read_dataset_event_from_classic' retrieved from /home/airflow/.local/lib/python3.12/site-packages/airflow/example_dags/example_inlet_event_extra.py
[2024-12-14T19:34:15.833+0000] {logging_mixin.py:190} INFO - [2024-12-14T19:34:15.833+0000] {dag.py:3239} INFO - Sync 2 DAGs
[2024-12-14T19:34:15.854+0000] {logging_mixin.py:190} INFO - [2024-12-14T19:34:15.854+0000] {dag.py:4180} INFO - Setting next_dagrun for read_dataset_event to 2024-12-13 00:00:00+00:00, run_after=2024-12-14 00:00:00+00:00
[2024-12-14T19:34:15.858+0000] {logging_mixin.py:190} INFO - [2024-12-14T19:34:15.858+0000] {dag.py:4180} INFO - Setting next_dagrun for read_dataset_event_from_classic to 2024-12-13 00:00:00+00:00, run_after=2024-12-14 00:00:00+00:00
[2024-12-14T19:34:15.871+0000] {processor.py:208} INFO - Processing /home/airflow/.local/lib/python3.12/site-packages/airflow/example_dags/example_inlet_event_extra.py took 0.569 seconds
[2024-12-14T19:34:46.774+0000] {processor.py:186} INFO - Started process (PID=423) to work on /home/airflow/.local/lib/python3.12/site-packages/airflow/example_dags/example_inlet_event_extra.py
[2024-12-14T19:34:46.775+0000] {processor.py:914} INFO - Processing file /home/airflow/.local/lib/python3.12/site-packages/airflow/example_dags/example_inlet_event_extra.py for tasks to queue
[2024-12-14T19:34:46.777+0000] {logging_mixin.py:190} INFO - [2024-12-14T19:34:46.777+0000] {dagbag.py:588} INFO - Filling up the DagBag from /home/airflow/.local/lib/python3.12/site-packages/airflow/example_dags/example_inlet_event_extra.py
[2024-12-14T19:34:47.280+0000] {processor.py:925} INFO - DAG(s) 'read_dataset_event_from_classic', 'read_dataset_event' retrieved from /home/airflow/.local/lib/python3.12/site-packages/airflow/example_dags/example_inlet_event_extra.py
[2024-12-14T19:34:47.296+0000] {logging_mixin.py:190} INFO - [2024-12-14T19:34:47.296+0000] {dag.py:3239} INFO - Sync 2 DAGs
[2024-12-14T19:34:47.317+0000] {logging_mixin.py:190} INFO - [2024-12-14T19:34:47.317+0000] {dag.py:4180} INFO - Setting next_dagrun for read_dataset_event to 2024-12-13 00:00:00+00:00, run_after=2024-12-14 00:00:00+00:00
[2024-12-14T19:34:47.321+0000] {logging_mixin.py:190} INFO - [2024-12-14T19:34:47.321+0000] {dag.py:4180} INFO - Setting next_dagrun for read_dataset_event_from_classic to 2024-12-13 00:00:00+00:00, run_after=2024-12-14 00:00:00+00:00
[2024-12-14T19:34:47.334+0000] {processor.py:208} INFO - Processing /home/airflow/.local/lib/python3.12/site-packages/airflow/example_dags/example_inlet_event_extra.py took 0.565 seconds
[2024-12-14T19:35:51.501+0000] {processor.py:186} INFO - Started process (PID=37) to work on /home/airflow/.local/lib/python3.12/site-packages/airflow/example_dags/example_inlet_event_extra.py
[2024-12-14T19:35:51.502+0000] {processor.py:914} INFO - Processing file /home/airflow/.local/lib/python3.12/site-packages/airflow/example_dags/example_inlet_event_extra.py for tasks to queue
[2024-12-14T19:35:51.504+0000] {logging_mixin.py:190} INFO - [2024-12-14T19:35:51.504+0000] {dagbag.py:588} INFO - Filling up the DagBag from /home/airflow/.local/lib/python3.12/site-packages/airflow/example_dags/example_inlet_event_extra.py
[2024-12-14T19:35:52.014+0000] {processor.py:925} INFO - DAG(s) 'read_dataset_event', 'read_dataset_event_from_classic' retrieved from /home/airflow/.local/lib/python3.12/site-packages/airflow/example_dags/example_inlet_event_extra.py
[2024-12-14T19:35:52.038+0000] {logging_mixin.py:190} INFO - [2024-12-14T19:35:52.038+0000] {dag.py:3239} INFO - Sync 2 DAGs
[2024-12-14T19:35:52.063+0000] {logging_mixin.py:190} INFO - [2024-12-14T19:35:52.063+0000] {dag.py:4180} INFO - Setting next_dagrun for read_dataset_event to 2024-12-13 00:00:00+00:00, run_after=2024-12-14 00:00:00+00:00
[2024-12-14T19:35:52.068+0000] {logging_mixin.py:190} INFO - [2024-12-14T19:35:52.068+0000] {dag.py:4180} INFO - Setting next_dagrun for read_dataset_event_from_classic to 2024-12-13 00:00:00+00:00, run_after=2024-12-14 00:00:00+00:00
[2024-12-14T19:35:52.081+0000] {processor.py:208} INFO - Processing /home/airflow/.local/lib/python3.12/site-packages/airflow/example_dags/example_inlet_event_extra.py took 0.585 seconds
[2024-12-14T19:36:22.765+0000] {processor.py:186} INFO - Started process (PID=100) to work on /home/airflow/.local/lib/python3.12/site-packages/airflow/example_dags/example_inlet_event_extra.py
[2024-12-14T19:36:22.766+0000] {processor.py:914} INFO - Processing file /home/airflow/.local/lib/python3.12/site-packages/airflow/example_dags/example_inlet_event_extra.py for tasks to queue
[2024-12-14T19:36:22.767+0000] {logging_mixin.py:190} INFO - [2024-12-14T19:36:22.767+0000] {dagbag.py:588} INFO - Filling up the DagBag from /home/airflow/.local/lib/python3.12/site-packages/airflow/example_dags/example_inlet_event_extra.py
[2024-12-14T19:36:23.267+0000] {processor.py:925} INFO - DAG(s) 'read_dataset_event_from_classic', 'read_dataset_event' retrieved from /home/airflow/.local/lib/python3.12/site-packages/airflow/example_dags/example_inlet_event_extra.py
[2024-12-14T19:36:23.288+0000] {logging_mixin.py:190} INFO - [2024-12-14T19:36:23.288+0000] {dag.py:3239} INFO - Sync 2 DAGs
[2024-12-14T19:36:23.317+0000] {logging_mixin.py:190} INFO - [2024-12-14T19:36:23.316+0000] {dag.py:4180} INFO - Setting next_dagrun for read_dataset_event to 2024-12-13 00:00:00+00:00, run_after=2024-12-14 00:00:00+00:00
[2024-12-14T19:36:23.322+0000] {logging_mixin.py:190} INFO - [2024-12-14T19:36:23.322+0000] {dag.py:4180} INFO - Setting next_dagrun for read_dataset_event_from_classic to 2024-12-13 00:00:00+00:00, run_after=2024-12-14 00:00:00+00:00
[2024-12-14T19:36:23.337+0000] {processor.py:208} INFO - Processing /home/airflow/.local/lib/python3.12/site-packages/airflow/example_dags/example_inlet_event_extra.py took 0.577 seconds
[2024-12-14T19:36:53.751+0000] {processor.py:186} INFO - Started process (PID=163) to work on /home/airflow/.local/lib/python3.12/site-packages/airflow/example_dags/example_inlet_event_extra.py
[2024-12-14T19:36:53.752+0000] {processor.py:914} INFO - Processing file /home/airflow/.local/lib/python3.12/site-packages/airflow/example_dags/example_inlet_event_extra.py for tasks to queue
[2024-12-14T19:36:53.753+0000] {logging_mixin.py:190} INFO - [2024-12-14T19:36:53.753+0000] {dagbag.py:588} INFO - Filling up the DagBag from /home/airflow/.local/lib/python3.12/site-packages/airflow/example_dags/example_inlet_event_extra.py
[2024-12-14T19:36:54.248+0000] {processor.py:925} INFO - DAG(s) 'read_dataset_event', 'read_dataset_event_from_classic' retrieved from /home/airflow/.local/lib/python3.12/site-packages/airflow/example_dags/example_inlet_event_extra.py
[2024-12-14T19:36:54.267+0000] {logging_mixin.py:190} INFO - [2024-12-14T19:36:54.267+0000] {dag.py:3239} INFO - Sync 2 DAGs
[2024-12-14T19:36:54.289+0000] {logging_mixin.py:190} INFO - [2024-12-14T19:36:54.289+0000] {dag.py:4180} INFO - Setting next_dagrun for read_dataset_event to 2024-12-13 00:00:00+00:00, run_after=2024-12-14 00:00:00+00:00
[2024-12-14T19:36:54.293+0000] {logging_mixin.py:190} INFO - [2024-12-14T19:36:54.293+0000] {dag.py:4180} INFO - Setting next_dagrun for read_dataset_event_from_classic to 2024-12-13 00:00:00+00:00, run_after=2024-12-14 00:00:00+00:00
[2024-12-14T19:36:54.308+0000] {processor.py:208} INFO - Processing /home/airflow/.local/lib/python3.12/site-packages/airflow/example_dags/example_inlet_event_extra.py took 0.562 seconds
[2024-12-14T19:37:24.751+0000] {processor.py:186} INFO - Started process (PID=226) to work on /home/airflow/.local/lib/python3.12/site-packages/airflow/example_dags/example_inlet_event_extra.py
[2024-12-14T19:37:24.752+0000] {processor.py:914} INFO - Processing file /home/airflow/.local/lib/python3.12/site-packages/airflow/example_dags/example_inlet_event_extra.py for tasks to queue
[2024-12-14T19:37:24.754+0000] {logging_mixin.py:190} INFO - [2024-12-14T19:37:24.753+0000] {dagbag.py:588} INFO - Filling up the DagBag from /home/airflow/.local/lib/python3.12/site-packages/airflow/example_dags/example_inlet_event_extra.py
[2024-12-14T19:37:25.265+0000] {processor.py:925} INFO - DAG(s) 'read_dataset_event_from_classic', 'read_dataset_event' retrieved from /home/airflow/.local/lib/python3.12/site-packages/airflow/example_dags/example_inlet_event_extra.py
[2024-12-14T19:37:25.282+0000] {logging_mixin.py:190} INFO - [2024-12-14T19:37:25.282+0000] {dag.py:3239} INFO - Sync 2 DAGs
[2024-12-14T19:37:25.305+0000] {logging_mixin.py:190} INFO - [2024-12-14T19:37:25.304+0000] {dag.py:4180} INFO - Setting next_dagrun for read_dataset_event to 2024-12-13 00:00:00+00:00, run_after=2024-12-14 00:00:00+00:00
[2024-12-14T19:37:25.310+0000] {logging_mixin.py:190} INFO - [2024-12-14T19:37:25.309+0000] {dag.py:4180} INFO - Setting next_dagrun for read_dataset_event_from_classic to 2024-12-13 00:00:00+00:00, run_after=2024-12-14 00:00:00+00:00
[2024-12-14T19:37:25.326+0000] {processor.py:208} INFO - Processing /home/airflow/.local/lib/python3.12/site-packages/airflow/example_dags/example_inlet_event_extra.py took 0.580 seconds
[2024-12-14T19:37:55.802+0000] {processor.py:186} INFO - Started process (PID=289) to work on /home/airflow/.local/lib/python3.12/site-packages/airflow/example_dags/example_inlet_event_extra.py
[2024-12-14T19:37:55.803+0000] {processor.py:914} INFO - Processing file /home/airflow/.local/lib/python3.12/site-packages/airflow/example_dags/example_inlet_event_extra.py for tasks to queue
[2024-12-14T19:37:55.805+0000] {logging_mixin.py:190} INFO - [2024-12-14T19:37:55.804+0000] {dagbag.py:588} INFO - Filling up the DagBag from /home/airflow/.local/lib/python3.12/site-packages/airflow/example_dags/example_inlet_event_extra.py
[2024-12-14T19:37:56.302+0000] {processor.py:925} INFO - DAG(s) 'read_dataset_event', 'read_dataset_event_from_classic' retrieved from /home/airflow/.local/lib/python3.12/site-packages/airflow/example_dags/example_inlet_event_extra.py
[2024-12-14T19:37:56.321+0000] {logging_mixin.py:190} INFO - [2024-12-14T19:37:56.321+0000] {dag.py:3239} INFO - Sync 2 DAGs
[2024-12-14T19:37:56.351+0000] {logging_mixin.py:190} INFO - [2024-12-14T19:37:56.351+0000] {dag.py:4180} INFO - Setting next_dagrun for read_dataset_event to 2024-12-13 00:00:00+00:00, run_after=2024-12-14 00:00:00+00:00
[2024-12-14T19:37:56.356+0000] {logging_mixin.py:190} INFO - [2024-12-14T19:37:56.355+0000] {dag.py:4180} INFO - Setting next_dagrun for read_dataset_event_from_classic to 2024-12-13 00:00:00+00:00, run_after=2024-12-14 00:00:00+00:00
[2024-12-14T19:37:56.370+0000] {processor.py:208} INFO - Processing /home/airflow/.local/lib/python3.12/site-packages/airflow/example_dags/example_inlet_event_extra.py took 0.573 seconds
[2024-12-14T19:38:26.830+0000] {processor.py:186} INFO - Started process (PID=352) to work on /home/airflow/.local/lib/python3.12/site-packages/airflow/example_dags/example_inlet_event_extra.py
[2024-12-14T19:38:26.831+0000] {processor.py:914} INFO - Processing file /home/airflow/.local/lib/python3.12/site-packages/airflow/example_dags/example_inlet_event_extra.py for tasks to queue
[2024-12-14T19:38:26.832+0000] {logging_mixin.py:190} INFO - [2024-12-14T19:38:26.832+0000] {dagbag.py:588} INFO - Filling up the DagBag from /home/airflow/.local/lib/python3.12/site-packages/airflow/example_dags/example_inlet_event_extra.py
[2024-12-14T19:38:27.332+0000] {processor.py:925} INFO - DAG(s) 'read_dataset_event_from_classic', 'read_dataset_event' retrieved from /home/airflow/.local/lib/python3.12/site-packages/airflow/example_dags/example_inlet_event_extra.py
[2024-12-14T19:38:27.351+0000] {logging_mixin.py:190} INFO - [2024-12-14T19:38:27.350+0000] {dag.py:3239} INFO - Sync 2 DAGs
[2024-12-14T19:38:27.373+0000] {logging_mixin.py:190} INFO - [2024-12-14T19:38:27.373+0000] {dag.py:4180} INFO - Setting next_dagrun for read_dataset_event to 2024-12-13 00:00:00+00:00, run_after=2024-12-14 00:00:00+00:00
[2024-12-14T19:38:27.377+0000] {logging_mixin.py:190} INFO - [2024-12-14T19:38:27.377+0000] {dag.py:4180} INFO - Setting next_dagrun for read_dataset_event_from_classic to 2024-12-13 00:00:00+00:00, run_after=2024-12-14 00:00:00+00:00
[2024-12-14T19:38:27.390+0000] {processor.py:208} INFO - Processing /home/airflow/.local/lib/python3.12/site-packages/airflow/example_dags/example_inlet_event_extra.py took 0.565 seconds
[2024-12-14T19:38:57.874+0000] {processor.py:186} INFO - Started process (PID=415) to work on /home/airflow/.local/lib/python3.12/site-packages/airflow/example_dags/example_inlet_event_extra.py
[2024-12-14T19:38:57.875+0000] {processor.py:914} INFO - Processing file /home/airflow/.local/lib/python3.12/site-packages/airflow/example_dags/example_inlet_event_extra.py for tasks to queue
[2024-12-14T19:38:57.877+0000] {logging_mixin.py:190} INFO - [2024-12-14T19:38:57.877+0000] {dagbag.py:588} INFO - Filling up the DagBag from /home/airflow/.local/lib/python3.12/site-packages/airflow/example_dags/example_inlet_event_extra.py
[2024-12-14T19:38:58.389+0000] {processor.py:925} INFO - DAG(s) 'read_dataset_event_from_classic', 'read_dataset_event' retrieved from /home/airflow/.local/lib/python3.12/site-packages/airflow/example_dags/example_inlet_event_extra.py
[2024-12-14T19:38:58.406+0000] {logging_mixin.py:190} INFO - [2024-12-14T19:38:58.406+0000] {dag.py:3239} INFO - Sync 2 DAGs
[2024-12-14T19:38:58.427+0000] {logging_mixin.py:190} INFO - [2024-12-14T19:38:58.427+0000] {dag.py:4180} INFO - Setting next_dagrun for read_dataset_event to 2024-12-13 00:00:00+00:00, run_after=2024-12-14 00:00:00+00:00
[2024-12-14T19:38:58.432+0000] {logging_mixin.py:190} INFO - [2024-12-14T19:38:58.432+0000] {dag.py:4180} INFO - Setting next_dagrun for read_dataset_event_from_classic to 2024-12-13 00:00:00+00:00, run_after=2024-12-14 00:00:00+00:00
[2024-12-14T19:38:58.445+0000] {processor.py:208} INFO - Processing /home/airflow/.local/lib/python3.12/site-packages/airflow/example_dags/example_inlet_event_extra.py took 0.576 seconds
[2024-12-14T19:39:29.181+0000] {processor.py:186} INFO - Started process (PID=478) to work on /home/airflow/.local/lib/python3.12/site-packages/airflow/example_dags/example_inlet_event_extra.py
[2024-12-14T19:39:29.183+0000] {processor.py:914} INFO - Processing file /home/airflow/.local/lib/python3.12/site-packages/airflow/example_dags/example_inlet_event_extra.py for tasks to queue
[2024-12-14T19:39:29.184+0000] {logging_mixin.py:190} INFO - [2024-12-14T19:39:29.184+0000] {dagbag.py:588} INFO - Filling up the DagBag from /home/airflow/.local/lib/python3.12/site-packages/airflow/example_dags/example_inlet_event_extra.py
[2024-12-14T19:39:29.682+0000] {processor.py:925} INFO - DAG(s) 'read_dataset_event', 'read_dataset_event_from_classic' retrieved from /home/airflow/.local/lib/python3.12/site-packages/airflow/example_dags/example_inlet_event_extra.py
[2024-12-14T19:39:29.699+0000] {logging_mixin.py:190} INFO - [2024-12-14T19:39:29.698+0000] {dag.py:3239} INFO - Sync 2 DAGs
[2024-12-14T19:39:29.719+0000] {logging_mixin.py:190} INFO - [2024-12-14T19:39:29.719+0000] {dag.py:4180} INFO - Setting next_dagrun for read_dataset_event to 2024-12-13 00:00:00+00:00, run_after=2024-12-14 00:00:00+00:00
[2024-12-14T19:39:29.724+0000] {logging_mixin.py:190} INFO - [2024-12-14T19:39:29.723+0000] {dag.py:4180} INFO - Setting next_dagrun for read_dataset_event_from_classic to 2024-12-13 00:00:00+00:00, run_after=2024-12-14 00:00:00+00:00
[2024-12-14T19:39:29.736+0000] {processor.py:208} INFO - Processing /home/airflow/.local/lib/python3.12/site-packages/airflow/example_dags/example_inlet_event_extra.py took 0.560 seconds
[2024-12-14T19:40:00.315+0000] {processor.py:186} INFO - Started process (PID=541) to work on /home/airflow/.local/lib/python3.12/site-packages/airflow/example_dags/example_inlet_event_extra.py
[2024-12-14T19:40:00.316+0000] {processor.py:914} INFO - Processing file /home/airflow/.local/lib/python3.12/site-packages/airflow/example_dags/example_inlet_event_extra.py for tasks to queue
[2024-12-14T19:40:00.318+0000] {logging_mixin.py:190} INFO - [2024-12-14T19:40:00.317+0000] {dagbag.py:588} INFO - Filling up the DagBag from /home/airflow/.local/lib/python3.12/site-packages/airflow/example_dags/example_inlet_event_extra.py
[2024-12-14T19:40:00.824+0000] {processor.py:925} INFO - DAG(s) 'read_dataset_event_from_classic', 'read_dataset_event' retrieved from /home/airflow/.local/lib/python3.12/site-packages/airflow/example_dags/example_inlet_event_extra.py
[2024-12-14T19:40:00.842+0000] {logging_mixin.py:190} INFO - [2024-12-14T19:40:00.842+0000] {dag.py:3239} INFO - Sync 2 DAGs
[2024-12-14T19:40:00.865+0000] {logging_mixin.py:190} INFO - [2024-12-14T19:40:00.865+0000] {dag.py:4180} INFO - Setting next_dagrun for read_dataset_event to 2024-12-13 00:00:00+00:00, run_after=2024-12-14 00:00:00+00:00
[2024-12-14T19:40:00.870+0000] {logging_mixin.py:190} INFO - [2024-12-14T19:40:00.870+0000] {dag.py:4180} INFO - Setting next_dagrun for read_dataset_event_from_classic to 2024-12-13 00:00:00+00:00, run_after=2024-12-14 00:00:00+00:00
[2024-12-14T19:40:00.884+0000] {processor.py:208} INFO - Processing /home/airflow/.local/lib/python3.12/site-packages/airflow/example_dags/example_inlet_event_extra.py took 0.573 seconds
[2024-12-14T19:40:31.177+0000] {processor.py:186} INFO - Started process (PID=605) to work on /home/airflow/.local/lib/python3.12/site-packages/airflow/example_dags/example_inlet_event_extra.py
[2024-12-14T19:40:31.178+0000] {processor.py:914} INFO - Processing file /home/airflow/.local/lib/python3.12/site-packages/airflow/example_dags/example_inlet_event_extra.py for tasks to queue
[2024-12-14T19:40:31.180+0000] {logging_mixin.py:190} INFO - [2024-12-14T19:40:31.180+0000] {dagbag.py:588} INFO - Filling up the DagBag from /home/airflow/.local/lib/python3.12/site-packages/airflow/example_dags/example_inlet_event_extra.py
[2024-12-14T19:40:31.691+0000] {processor.py:925} INFO - DAG(s) 'read_dataset_event', 'read_dataset_event_from_classic' retrieved from /home/airflow/.local/lib/python3.12/site-packages/airflow/example_dags/example_inlet_event_extra.py
[2024-12-14T19:40:31.710+0000] {logging_mixin.py:190} INFO - [2024-12-14T19:40:31.709+0000] {dag.py:3239} INFO - Sync 2 DAGs
[2024-12-14T19:40:31.732+0000] {logging_mixin.py:190} INFO - [2024-12-14T19:40:31.732+0000] {dag.py:4180} INFO - Setting next_dagrun for read_dataset_event to 2024-12-13 00:00:00+00:00, run_after=2024-12-14 00:00:00+00:00
[2024-12-14T19:40:31.736+0000] {logging_mixin.py:190} INFO - [2024-12-14T19:40:31.736+0000] {dag.py:4180} INFO - Setting next_dagrun for read_dataset_event_from_classic to 2024-12-13 00:00:00+00:00, run_after=2024-12-14 00:00:00+00:00
[2024-12-14T19:40:31.750+0000] {processor.py:208} INFO - Processing /home/airflow/.local/lib/python3.12/site-packages/airflow/example_dags/example_inlet_event_extra.py took 0.577 seconds
[2024-12-14T19:41:01.888+0000] {processor.py:186} INFO - Started process (PID=668) to work on /home/airflow/.local/lib/python3.12/site-packages/airflow/example_dags/example_inlet_event_extra.py
[2024-12-14T19:41:01.889+0000] {processor.py:914} INFO - Processing file /home/airflow/.local/lib/python3.12/site-packages/airflow/example_dags/example_inlet_event_extra.py for tasks to queue
[2024-12-14T19:41:01.892+0000] {logging_mixin.py:190} INFO - [2024-12-14T19:41:01.891+0000] {dagbag.py:588} INFO - Filling up the DagBag from /home/airflow/.local/lib/python3.12/site-packages/airflow/example_dags/example_inlet_event_extra.py
[2024-12-14T19:41:02.566+0000] {processor.py:925} INFO - DAG(s) 'read_dataset_event', 'read_dataset_event_from_classic' retrieved from /home/airflow/.local/lib/python3.12/site-packages/airflow/example_dags/example_inlet_event_extra.py
[2024-12-14T19:41:02.585+0000] {logging_mixin.py:190} INFO - [2024-12-14T19:41:02.585+0000] {dag.py:3239} INFO - Sync 2 DAGs
[2024-12-14T19:41:02.615+0000] {logging_mixin.py:190} INFO - [2024-12-14T19:41:02.615+0000] {dag.py:4180} INFO - Setting next_dagrun for read_dataset_event to 2024-12-13 00:00:00+00:00, run_after=2024-12-14 00:00:00+00:00
[2024-12-14T19:41:02.621+0000] {logging_mixin.py:190} INFO - [2024-12-14T19:41:02.621+0000] {dag.py:4180} INFO - Setting next_dagrun for read_dataset_event_from_classic to 2024-12-13 00:00:00+00:00, run_after=2024-12-14 00:00:00+00:00
[2024-12-14T19:41:02.638+0000] {processor.py:208} INFO - Processing /home/airflow/.local/lib/python3.12/site-packages/airflow/example_dags/example_inlet_event_extra.py took 0.756 seconds
[2024-12-14T19:41:33.599+0000] {processor.py:186} INFO - Started process (PID=731) to work on /home/airflow/.local/lib/python3.12/site-packages/airflow/example_dags/example_inlet_event_extra.py
[2024-12-14T19:41:33.600+0000] {processor.py:914} INFO - Processing file /home/airflow/.local/lib/python3.12/site-packages/airflow/example_dags/example_inlet_event_extra.py for tasks to queue
[2024-12-14T19:41:33.603+0000] {logging_mixin.py:190} INFO - [2024-12-14T19:41:33.603+0000] {dagbag.py:588} INFO - Filling up the DagBag from /home/airflow/.local/lib/python3.12/site-packages/airflow/example_dags/example_inlet_event_extra.py
[2024-12-14T19:41:34.200+0000] {processor.py:925} INFO - DAG(s) 'read_dataset_event_from_classic', 'read_dataset_event' retrieved from /home/airflow/.local/lib/python3.12/site-packages/airflow/example_dags/example_inlet_event_extra.py
[2024-12-14T19:41:34.218+0000] {logging_mixin.py:190} INFO - [2024-12-14T19:41:34.218+0000] {dag.py:3239} INFO - Sync 2 DAGs
[2024-12-14T19:41:34.241+0000] {logging_mixin.py:190} INFO - [2024-12-14T19:41:34.241+0000] {dag.py:4180} INFO - Setting next_dagrun for read_dataset_event to 2024-12-13 00:00:00+00:00, run_after=2024-12-14 00:00:00+00:00
[2024-12-14T19:41:34.245+0000] {logging_mixin.py:190} INFO - [2024-12-14T19:41:34.245+0000] {dag.py:4180} INFO - Setting next_dagrun for read_dataset_event_from_classic to 2024-12-13 00:00:00+00:00, run_after=2024-12-14 00:00:00+00:00
[2024-12-14T19:41:34.260+0000] {processor.py:208} INFO - Processing /home/airflow/.local/lib/python3.12/site-packages/airflow/example_dags/example_inlet_event_extra.py took 0.667 seconds
[2024-12-14T19:42:05.201+0000] {processor.py:186} INFO - Started process (PID=799) to work on /home/airflow/.local/lib/python3.12/site-packages/airflow/example_dags/example_inlet_event_extra.py
[2024-12-14T19:42:05.202+0000] {processor.py:914} INFO - Processing file /home/airflow/.local/lib/python3.12/site-packages/airflow/example_dags/example_inlet_event_extra.py for tasks to queue
[2024-12-14T19:42:05.204+0000] {logging_mixin.py:190} INFO - [2024-12-14T19:42:05.204+0000] {dagbag.py:588} INFO - Filling up the DagBag from /home/airflow/.local/lib/python3.12/site-packages/airflow/example_dags/example_inlet_event_extra.py
[2024-12-14T19:42:05.717+0000] {processor.py:925} INFO - DAG(s) 'read_dataset_event', 'read_dataset_event_from_classic' retrieved from /home/airflow/.local/lib/python3.12/site-packages/airflow/example_dags/example_inlet_event_extra.py
[2024-12-14T19:42:05.735+0000] {logging_mixin.py:190} INFO - [2024-12-14T19:42:05.735+0000] {dag.py:3239} INFO - Sync 2 DAGs
[2024-12-14T19:42:05.758+0000] {logging_mixin.py:190} INFO - [2024-12-14T19:42:05.758+0000] {dag.py:4180} INFO - Setting next_dagrun for read_dataset_event to 2024-12-13 00:00:00+00:00, run_after=2024-12-14 00:00:00+00:00
[2024-12-14T19:42:05.764+0000] {logging_mixin.py:190} INFO - [2024-12-14T19:42:05.764+0000] {dag.py:4180} INFO - Setting next_dagrun for read_dataset_event_from_classic to 2024-12-13 00:00:00+00:00, run_after=2024-12-14 00:00:00+00:00
[2024-12-14T19:42:05.780+0000] {processor.py:208} INFO - Processing /home/airflow/.local/lib/python3.12/site-packages/airflow/example_dags/example_inlet_event_extra.py took 0.583 seconds
[2024-12-14T19:42:35.850+0000] {processor.py:186} INFO - Started process (PID=862) to work on /home/airflow/.local/lib/python3.12/site-packages/airflow/example_dags/example_inlet_event_extra.py
[2024-12-14T19:42:35.851+0000] {processor.py:914} INFO - Processing file /home/airflow/.local/lib/python3.12/site-packages/airflow/example_dags/example_inlet_event_extra.py for tasks to queue
[2024-12-14T19:42:35.853+0000] {logging_mixin.py:190} INFO - [2024-12-14T19:42:35.853+0000] {dagbag.py:588} INFO - Filling up the DagBag from /home/airflow/.local/lib/python3.12/site-packages/airflow/example_dags/example_inlet_event_extra.py
[2024-12-14T19:42:36.384+0000] {processor.py:925} INFO - DAG(s) 'read_dataset_event', 'read_dataset_event_from_classic' retrieved from /home/airflow/.local/lib/python3.12/site-packages/airflow/example_dags/example_inlet_event_extra.py
[2024-12-14T19:42:36.401+0000] {logging_mixin.py:190} INFO - [2024-12-14T19:42:36.401+0000] {dag.py:3239} INFO - Sync 2 DAGs
[2024-12-14T19:42:36.421+0000] {logging_mixin.py:190} INFO - [2024-12-14T19:42:36.421+0000] {dag.py:4180} INFO - Setting next_dagrun for read_dataset_event to 2024-12-13 00:00:00+00:00, run_after=2024-12-14 00:00:00+00:00
[2024-12-14T19:42:36.425+0000] {logging_mixin.py:190} INFO - [2024-12-14T19:42:36.425+0000] {dag.py:4180} INFO - Setting next_dagrun for read_dataset_event_from_classic to 2024-12-13 00:00:00+00:00, run_after=2024-12-14 00:00:00+00:00
[2024-12-14T19:42:36.437+0000] {processor.py:208} INFO - Processing /home/airflow/.local/lib/python3.12/site-packages/airflow/example_dags/example_inlet_event_extra.py took 0.594 seconds
[2024-12-14T19:43:07.229+0000] {processor.py:186} INFO - Started process (PID=925) to work on /home/airflow/.local/lib/python3.12/site-packages/airflow/example_dags/example_inlet_event_extra.py
[2024-12-14T19:43:07.229+0000] {processor.py:914} INFO - Processing file /home/airflow/.local/lib/python3.12/site-packages/airflow/example_dags/example_inlet_event_extra.py for tasks to queue
[2024-12-14T19:43:07.231+0000] {logging_mixin.py:190} INFO - [2024-12-14T19:43:07.231+0000] {dagbag.py:588} INFO - Filling up the DagBag from /home/airflow/.local/lib/python3.12/site-packages/airflow/example_dags/example_inlet_event_extra.py
[2024-12-14T19:43:07.712+0000] {processor.py:925} INFO - DAG(s) 'read_dataset_event_from_classic', 'read_dataset_event' retrieved from /home/airflow/.local/lib/python3.12/site-packages/airflow/example_dags/example_inlet_event_extra.py
[2024-12-14T19:43:07.730+0000] {logging_mixin.py:190} INFO - [2024-12-14T19:43:07.730+0000] {dag.py:3239} INFO - Sync 2 DAGs
[2024-12-14T19:43:07.757+0000] {logging_mixin.py:190} INFO - [2024-12-14T19:43:07.757+0000] {dag.py:4180} INFO - Setting next_dagrun for read_dataset_event to 2024-12-13 00:00:00+00:00, run_after=2024-12-14 00:00:00+00:00
[2024-12-14T19:43:07.762+0000] {logging_mixin.py:190} INFO - [2024-12-14T19:43:07.762+0000] {dag.py:4180} INFO - Setting next_dagrun for read_dataset_event_from_classic to 2024-12-13 00:00:00+00:00, run_after=2024-12-14 00:00:00+00:00
[2024-12-14T19:43:07.778+0000] {processor.py:208} INFO - Processing /home/airflow/.local/lib/python3.12/site-packages/airflow/example_dags/example_inlet_event_extra.py took 0.554 seconds
[2024-12-14T19:43:38.377+0000] {processor.py:186} INFO - Started process (PID=988) to work on /home/airflow/.local/lib/python3.12/site-packages/airflow/example_dags/example_inlet_event_extra.py
[2024-12-14T19:43:38.378+0000] {processor.py:914} INFO - Processing file /home/airflow/.local/lib/python3.12/site-packages/airflow/example_dags/example_inlet_event_extra.py for tasks to queue
[2024-12-14T19:43:38.380+0000] {logging_mixin.py:190} INFO - [2024-12-14T19:43:38.380+0000] {dagbag.py:588} INFO - Filling up the DagBag from /home/airflow/.local/lib/python3.12/site-packages/airflow/example_dags/example_inlet_event_extra.py
[2024-12-14T19:43:38.884+0000] {processor.py:925} INFO - DAG(s) 'read_dataset_event', 'read_dataset_event_from_classic' retrieved from /home/airflow/.local/lib/python3.12/site-packages/airflow/example_dags/example_inlet_event_extra.py
[2024-12-14T19:43:38.902+0000] {logging_mixin.py:190} INFO - [2024-12-14T19:43:38.902+0000] {dag.py:3239} INFO - Sync 2 DAGs
[2024-12-14T19:43:38.922+0000] {logging_mixin.py:190} INFO - [2024-12-14T19:43:38.922+0000] {dag.py:4180} INFO - Setting next_dagrun for read_dataset_event to 2024-12-13 00:00:00+00:00, run_after=2024-12-14 00:00:00+00:00
[2024-12-14T19:43:38.926+0000] {logging_mixin.py:190} INFO - [2024-12-14T19:43:38.926+0000] {dag.py:4180} INFO - Setting next_dagrun for read_dataset_event_from_classic to 2024-12-13 00:00:00+00:00, run_after=2024-12-14 00:00:00+00:00
[2024-12-14T19:43:38.939+0000] {processor.py:208} INFO - Processing /home/airflow/.local/lib/python3.12/site-packages/airflow/example_dags/example_inlet_event_extra.py took 0.566 seconds
[2024-12-14T19:44:09.011+0000] {processor.py:186} INFO - Started process (PID=1051) to work on /home/airflow/.local/lib/python3.12/site-packages/airflow/example_dags/example_inlet_event_extra.py
[2024-12-14T19:44:09.012+0000] {processor.py:914} INFO - Processing file /home/airflow/.local/lib/python3.12/site-packages/airflow/example_dags/example_inlet_event_extra.py for tasks to queue
[2024-12-14T19:44:09.014+0000] {logging_mixin.py:190} INFO - [2024-12-14T19:44:09.014+0000] {dagbag.py:588} INFO - Filling up the DagBag from /home/airflow/.local/lib/python3.12/site-packages/airflow/example_dags/example_inlet_event_extra.py
[2024-12-14T19:44:09.520+0000] {processor.py:925} INFO - DAG(s) 'read_dataset_event_from_classic', 'read_dataset_event' retrieved from /home/airflow/.local/lib/python3.12/site-packages/airflow/example_dags/example_inlet_event_extra.py
[2024-12-14T19:44:09.539+0000] {logging_mixin.py:190} INFO - [2024-12-14T19:44:09.539+0000] {dag.py:3239} INFO - Sync 2 DAGs
[2024-12-14T19:44:09.567+0000] {logging_mixin.py:190} INFO - [2024-12-14T19:44:09.567+0000] {dag.py:4180} INFO - Setting next_dagrun for read_dataset_event to 2024-12-13 00:00:00+00:00, run_after=2024-12-14 00:00:00+00:00
[2024-12-14T19:44:09.573+0000] {logging_mixin.py:190} INFO - [2024-12-14T19:44:09.573+0000] {dag.py:4180} INFO - Setting next_dagrun for read_dataset_event_from_classic to 2024-12-13 00:00:00+00:00, run_after=2024-12-14 00:00:00+00:00
[2024-12-14T19:44:09.588+0000] {processor.py:208} INFO - Processing /home/airflow/.local/lib/python3.12/site-packages/airflow/example_dags/example_inlet_event_extra.py took 0.582 seconds
[2024-12-14T19:44:40.433+0000] {processor.py:186} INFO - Started process (PID=1114) to work on /home/airflow/.local/lib/python3.12/site-packages/airflow/example_dags/example_inlet_event_extra.py
[2024-12-14T19:44:40.434+0000] {processor.py:914} INFO - Processing file /home/airflow/.local/lib/python3.12/site-packages/airflow/example_dags/example_inlet_event_extra.py for tasks to queue
[2024-12-14T19:44:40.436+0000] {logging_mixin.py:190} INFO - [2024-12-14T19:44:40.436+0000] {dagbag.py:588} INFO - Filling up the DagBag from /home/airflow/.local/lib/python3.12/site-packages/airflow/example_dags/example_inlet_event_extra.py
[2024-12-14T19:44:40.947+0000] {processor.py:925} INFO - DAG(s) 'read_dataset_event_from_classic', 'read_dataset_event' retrieved from /home/airflow/.local/lib/python3.12/site-packages/airflow/example_dags/example_inlet_event_extra.py
[2024-12-14T19:44:40.964+0000] {logging_mixin.py:190} INFO - [2024-12-14T19:44:40.964+0000] {dag.py:3239} INFO - Sync 2 DAGs
[2024-12-14T19:44:40.993+0000] {logging_mixin.py:190} INFO - [2024-12-14T19:44:40.993+0000] {dag.py:4180} INFO - Setting next_dagrun for read_dataset_event to 2024-12-13 00:00:00+00:00, run_after=2024-12-14 00:00:00+00:00
[2024-12-14T19:44:40.999+0000] {logging_mixin.py:190} INFO - [2024-12-14T19:44:40.999+0000] {dag.py:4180} INFO - Setting next_dagrun for read_dataset_event_from_classic to 2024-12-13 00:00:00+00:00, run_after=2024-12-14 00:00:00+00:00
[2024-12-14T19:44:41.014+0000] {processor.py:208} INFO - Processing /home/airflow/.local/lib/python3.12/site-packages/airflow/example_dags/example_inlet_event_extra.py took 0.586 seconds
[2024-12-14T19:45:11.726+0000] {processor.py:186} INFO - Started process (PID=1177) to work on /home/airflow/.local/lib/python3.12/site-packages/airflow/example_dags/example_inlet_event_extra.py
[2024-12-14T19:45:11.726+0000] {processor.py:914} INFO - Processing file /home/airflow/.local/lib/python3.12/site-packages/airflow/example_dags/example_inlet_event_extra.py for tasks to queue
[2024-12-14T19:45:11.728+0000] {logging_mixin.py:190} INFO - [2024-12-14T19:45:11.728+0000] {dagbag.py:588} INFO - Filling up the DagBag from /home/airflow/.local/lib/python3.12/site-packages/airflow/example_dags/example_inlet_event_extra.py
[2024-12-14T19:45:12.231+0000] {processor.py:925} INFO - DAG(s) 'read_dataset_event', 'read_dataset_event_from_classic' retrieved from /home/airflow/.local/lib/python3.12/site-packages/airflow/example_dags/example_inlet_event_extra.py
[2024-12-14T19:45:12.247+0000] {logging_mixin.py:190} INFO - [2024-12-14T19:45:12.247+0000] {dag.py:3239} INFO - Sync 2 DAGs
[2024-12-14T19:45:12.268+0000] {logging_mixin.py:190} INFO - [2024-12-14T19:45:12.268+0000] {dag.py:4180} INFO - Setting next_dagrun for read_dataset_event to 2024-12-13 00:00:00+00:00, run_after=2024-12-14 00:00:00+00:00
[2024-12-14T19:45:12.272+0000] {logging_mixin.py:190} INFO - [2024-12-14T19:45:12.272+0000] {dag.py:4180} INFO - Setting next_dagrun for read_dataset_event_from_classic to 2024-12-13 00:00:00+00:00, run_after=2024-12-14 00:00:00+00:00
[2024-12-14T19:45:12.286+0000] {processor.py:208} INFO - Processing /home/airflow/.local/lib/python3.12/site-packages/airflow/example_dags/example_inlet_event_extra.py took 0.565 seconds
[2024-12-14T19:45:42.875+0000] {processor.py:186} INFO - Started process (PID=1240) to work on /home/airflow/.local/lib/python3.12/site-packages/airflow/example_dags/example_inlet_event_extra.py
[2024-12-14T19:45:42.877+0000] {processor.py:914} INFO - Processing file /home/airflow/.local/lib/python3.12/site-packages/airflow/example_dags/example_inlet_event_extra.py for tasks to queue
[2024-12-14T19:45:42.879+0000] {logging_mixin.py:190} INFO - [2024-12-14T19:45:42.879+0000] {dagbag.py:588} INFO - Filling up the DagBag from /home/airflow/.local/lib/python3.12/site-packages/airflow/example_dags/example_inlet_event_extra.py
[2024-12-14T19:45:43.386+0000] {processor.py:925} INFO - DAG(s) 'read_dataset_event', 'read_dataset_event_from_classic' retrieved from /home/airflow/.local/lib/python3.12/site-packages/airflow/example_dags/example_inlet_event_extra.py
[2024-12-14T19:45:43.403+0000] {logging_mixin.py:190} INFO - [2024-12-14T19:45:43.403+0000] {dag.py:3239} INFO - Sync 2 DAGs
[2024-12-14T19:45:43.424+0000] {logging_mixin.py:190} INFO - [2024-12-14T19:45:43.424+0000] {dag.py:4180} INFO - Setting next_dagrun for read_dataset_event to 2024-12-13 00:00:00+00:00, run_after=2024-12-14 00:00:00+00:00
[2024-12-14T19:45:43.428+0000] {logging_mixin.py:190} INFO - [2024-12-14T19:45:43.428+0000] {dag.py:4180} INFO - Setting next_dagrun for read_dataset_event_from_classic to 2024-12-13 00:00:00+00:00, run_after=2024-12-14 00:00:00+00:00
[2024-12-14T19:45:43.441+0000] {processor.py:208} INFO - Processing /home/airflow/.local/lib/python3.12/site-packages/airflow/example_dags/example_inlet_event_extra.py took 0.570 seconds
