[2024-12-14T19:28:34.102+0000] {processor.py:186} INFO - Started process (PID=83) to work on /home/airflow/.local/lib/python3.12/site-packages/airflow/example_dags/example_latest_only_with_trigger.py
[2024-12-14T19:28:34.103+0000] {processor.py:914} INFO - Processing file /home/airflow/.local/lib/python3.12/site-packages/airflow/example_dags/example_latest_only_with_trigger.py for tasks to queue
[2024-12-14T19:28:34.105+0000] {logging_mixin.py:190} INFO - [2024-12-14T19:28:34.105+0000] {dagbag.py:588} INFO - Filling up the DagBag from /home/airflow/.local/lib/python3.12/site-packages/airflow/example_dags/example_latest_only_with_trigger.py
[2024-12-14T19:28:34.112+0000] {processor.py:925} INFO - DAG(s) 'latest_only_with_trigger' retrieved from /home/airflow/.local/lib/python3.12/site-packages/airflow/example_dags/example_latest_only_with_trigger.py
[2024-12-14T19:28:34.208+0000] {logging_mixin.py:190} INFO - [2024-12-14T19:28:34.207+0000] {override.py:1911} INFO - Created Permission View: can edit on DAG:latest_only_with_trigger
[2024-12-14T19:28:34.219+0000] {logging_mixin.py:190} INFO - [2024-12-14T19:28:34.218+0000] {override.py:1911} INFO - Created Permission View: can delete on DAG:latest_only_with_trigger
[2024-12-14T19:28:34.224+0000] {logging_mixin.py:190} INFO - [2024-12-14T19:28:34.224+0000] {override.py:1911} INFO - Created Permission View: can read on DAG:latest_only_with_trigger
[2024-12-14T19:28:34.231+0000] {logging_mixin.py:190} INFO - [2024-12-14T19:28:34.231+0000] {override.py:1911} INFO - Created Permission View: menu access on DAG Run:latest_only_with_trigger
[2024-12-14T19:28:34.237+0000] {logging_mixin.py:190} INFO - [2024-12-14T19:28:34.237+0000] {override.py:1911} INFO - Created Permission View: can delete on DAG Run:latest_only_with_trigger
[2024-12-14T19:28:34.242+0000] {logging_mixin.py:190} INFO - [2024-12-14T19:28:34.242+0000] {override.py:1911} INFO - Created Permission View: can create on DAG Run:latest_only_with_trigger
[2024-12-14T19:28:34.249+0000] {logging_mixin.py:190} INFO - [2024-12-14T19:28:34.249+0000] {override.py:1911} INFO - Created Permission View: can read on DAG Run:latest_only_with_trigger
[2024-12-14T19:28:34.249+0000] {logging_mixin.py:190} INFO - [2024-12-14T19:28:34.249+0000] {dag.py:3239} INFO - Sync 1 DAGs
[2024-12-14T19:28:34.260+0000] {logging_mixin.py:190} INFO - [2024-12-14T19:28:34.260+0000] {dag.py:3262} INFO - Creating ORM DAG for latest_only_with_trigger
[2024-12-14T19:28:34.270+0000] {logging_mixin.py:190} INFO - [2024-12-14T19:28:34.269+0000] {dag.py:4180} INFO - Setting next_dagrun for latest_only_with_trigger to 2024-12-14 12:00:00+00:00, run_after=2024-12-14 16:00:00+00:00
[2024-12-14T19:28:34.291+0000] {processor.py:208} INFO - Processing /home/airflow/.local/lib/python3.12/site-packages/airflow/example_dags/example_latest_only_with_trigger.py took 0.194 seconds
[2024-12-14T19:29:04.953+0000] {processor.py:186} INFO - Started process (PID=146) to work on /home/airflow/.local/lib/python3.12/site-packages/airflow/example_dags/example_latest_only_with_trigger.py
[2024-12-14T19:29:04.953+0000] {processor.py:914} INFO - Processing file /home/airflow/.local/lib/python3.12/site-packages/airflow/example_dags/example_latest_only_with_trigger.py for tasks to queue
[2024-12-14T19:29:04.955+0000] {logging_mixin.py:190} INFO - [2024-12-14T19:29:04.955+0000] {dagbag.py:588} INFO - Filling up the DagBag from /home/airflow/.local/lib/python3.12/site-packages/airflow/example_dags/example_latest_only_with_trigger.py
[2024-12-14T19:29:04.961+0000] {processor.py:925} INFO - DAG(s) 'latest_only_with_trigger' retrieved from /home/airflow/.local/lib/python3.12/site-packages/airflow/example_dags/example_latest_only_with_trigger.py
[2024-12-14T19:29:04.977+0000] {logging_mixin.py:190} INFO - [2024-12-14T19:29:04.977+0000] {dag.py:3239} INFO - Sync 1 DAGs
[2024-12-14T19:29:04.999+0000] {logging_mixin.py:190} INFO - [2024-12-14T19:29:04.999+0000] {dag.py:4180} INFO - Setting next_dagrun for latest_only_with_trigger to 2024-12-14 12:00:00+00:00, run_after=2024-12-14 16:00:00+00:00
[2024-12-14T19:29:05.014+0000] {processor.py:208} INFO - Processing /home/airflow/.local/lib/python3.12/site-packages/airflow/example_dags/example_latest_only_with_trigger.py took 0.066 seconds
[2024-12-14T19:29:35.105+0000] {processor.py:186} INFO - Started process (PID=208) to work on /home/airflow/.local/lib/python3.12/site-packages/airflow/example_dags/example_latest_only_with_trigger.py
[2024-12-14T19:29:35.106+0000] {processor.py:914} INFO - Processing file /home/airflow/.local/lib/python3.12/site-packages/airflow/example_dags/example_latest_only_with_trigger.py for tasks to queue
[2024-12-14T19:29:35.108+0000] {logging_mixin.py:190} INFO - [2024-12-14T19:29:35.108+0000] {dagbag.py:588} INFO - Filling up the DagBag from /home/airflow/.local/lib/python3.12/site-packages/airflow/example_dags/example_latest_only_with_trigger.py
[2024-12-14T19:29:35.118+0000] {processor.py:925} INFO - DAG(s) 'latest_only_with_trigger' retrieved from /home/airflow/.local/lib/python3.12/site-packages/airflow/example_dags/example_latest_only_with_trigger.py
[2024-12-14T19:29:35.138+0000] {logging_mixin.py:190} INFO - [2024-12-14T19:29:35.138+0000] {dag.py:3239} INFO - Sync 1 DAGs
[2024-12-14T19:29:35.164+0000] {logging_mixin.py:190} INFO - [2024-12-14T19:29:35.164+0000] {dag.py:4180} INFO - Setting next_dagrun for latest_only_with_trigger to 2024-12-14 12:00:00+00:00, run_after=2024-12-14 16:00:00+00:00
[2024-12-14T19:29:35.184+0000] {processor.py:208} INFO - Processing /home/airflow/.local/lib/python3.12/site-packages/airflow/example_dags/example_latest_only_with_trigger.py took 0.085 seconds
[2024-12-14T19:30:05.449+0000] {processor.py:186} INFO - Started process (PID=271) to work on /home/airflow/.local/lib/python3.12/site-packages/airflow/example_dags/example_latest_only_with_trigger.py
[2024-12-14T19:30:05.449+0000] {processor.py:914} INFO - Processing file /home/airflow/.local/lib/python3.12/site-packages/airflow/example_dags/example_latest_only_with_trigger.py for tasks to queue
[2024-12-14T19:30:05.451+0000] {logging_mixin.py:190} INFO - [2024-12-14T19:30:05.451+0000] {dagbag.py:588} INFO - Filling up the DagBag from /home/airflow/.local/lib/python3.12/site-packages/airflow/example_dags/example_latest_only_with_trigger.py
[2024-12-14T19:30:05.457+0000] {processor.py:925} INFO - DAG(s) 'latest_only_with_trigger' retrieved from /home/airflow/.local/lib/python3.12/site-packages/airflow/example_dags/example_latest_only_with_trigger.py
[2024-12-14T19:30:05.473+0000] {logging_mixin.py:190} INFO - [2024-12-14T19:30:05.473+0000] {dag.py:3239} INFO - Sync 1 DAGs
[2024-12-14T19:30:05.493+0000] {logging_mixin.py:190} INFO - [2024-12-14T19:30:05.493+0000] {dag.py:4180} INFO - Setting next_dagrun for latest_only_with_trigger to 2024-12-14 12:00:00+00:00, run_after=2024-12-14 16:00:00+00:00
[2024-12-14T19:30:05.507+0000] {processor.py:208} INFO - Processing /home/airflow/.local/lib/python3.12/site-packages/airflow/example_dags/example_latest_only_with_trigger.py took 0.064 seconds
[2024-12-14T19:30:35.912+0000] {processor.py:186} INFO - Started process (PID=334) to work on /home/airflow/.local/lib/python3.12/site-packages/airflow/example_dags/example_latest_only_with_trigger.py
[2024-12-14T19:30:35.913+0000] {processor.py:914} INFO - Processing file /home/airflow/.local/lib/python3.12/site-packages/airflow/example_dags/example_latest_only_with_trigger.py for tasks to queue
[2024-12-14T19:30:35.915+0000] {logging_mixin.py:190} INFO - [2024-12-14T19:30:35.915+0000] {dagbag.py:588} INFO - Filling up the DagBag from /home/airflow/.local/lib/python3.12/site-packages/airflow/example_dags/example_latest_only_with_trigger.py
[2024-12-14T19:30:35.922+0000] {processor.py:925} INFO - DAG(s) 'latest_only_with_trigger' retrieved from /home/airflow/.local/lib/python3.12/site-packages/airflow/example_dags/example_latest_only_with_trigger.py
[2024-12-14T19:30:35.938+0000] {logging_mixin.py:190} INFO - [2024-12-14T19:30:35.938+0000] {dag.py:3239} INFO - Sync 1 DAGs
[2024-12-14T19:30:35.958+0000] {logging_mixin.py:190} INFO - [2024-12-14T19:30:35.958+0000] {dag.py:4180} INFO - Setting next_dagrun for latest_only_with_trigger to 2024-12-14 12:00:00+00:00, run_after=2024-12-14 16:00:00+00:00
[2024-12-14T19:30:35.973+0000] {processor.py:208} INFO - Processing /home/airflow/.local/lib/python3.12/site-packages/airflow/example_dags/example_latest_only_with_trigger.py took 0.067 seconds
[2024-12-14T19:31:45.554+0000] {processor.py:186} INFO - Started process (PID=84) to work on /home/airflow/.local/lib/python3.12/site-packages/airflow/example_dags/example_latest_only_with_trigger.py
[2024-12-14T19:31:45.561+0000] {processor.py:914} INFO - Processing file /home/airflow/.local/lib/python3.12/site-packages/airflow/example_dags/example_latest_only_with_trigger.py for tasks to queue
[2024-12-14T19:31:45.564+0000] {logging_mixin.py:190} INFO - [2024-12-14T19:31:45.564+0000] {dagbag.py:588} INFO - Filling up the DagBag from /home/airflow/.local/lib/python3.12/site-packages/airflow/example_dags/example_latest_only_with_trigger.py
[2024-12-14T19:31:45.585+0000] {processor.py:925} INFO - DAG(s) 'latest_only_with_trigger' retrieved from /home/airflow/.local/lib/python3.12/site-packages/airflow/example_dags/example_latest_only_with_trigger.py
[2024-12-14T19:31:45.656+0000] {logging_mixin.py:190} INFO - [2024-12-14T19:31:45.655+0000] {dag.py:3239} INFO - Sync 1 DAGs
[2024-12-14T19:31:45.724+0000] {logging_mixin.py:190} INFO - [2024-12-14T19:31:45.724+0000] {dag.py:4180} INFO - Setting next_dagrun for latest_only_with_trigger to 2024-12-14 12:00:00+00:00, run_after=2024-12-14 16:00:00+00:00
[2024-12-14T19:31:45.773+0000] {processor.py:208} INFO - Processing /home/airflow/.local/lib/python3.12/site-packages/airflow/example_dags/example_latest_only_with_trigger.py took 0.242 seconds
[2024-12-14T19:32:16.329+0000] {processor.py:186} INFO - Started process (PID=148) to work on /home/airflow/.local/lib/python3.12/site-packages/airflow/example_dags/example_latest_only_with_trigger.py
[2024-12-14T19:32:16.329+0000] {processor.py:914} INFO - Processing file /home/airflow/.local/lib/python3.12/site-packages/airflow/example_dags/example_latest_only_with_trigger.py for tasks to queue
[2024-12-14T19:32:16.331+0000] {logging_mixin.py:190} INFO - [2024-12-14T19:32:16.331+0000] {dagbag.py:588} INFO - Filling up the DagBag from /home/airflow/.local/lib/python3.12/site-packages/airflow/example_dags/example_latest_only_with_trigger.py
[2024-12-14T19:32:16.337+0000] {processor.py:925} INFO - DAG(s) 'latest_only_with_trigger' retrieved from /home/airflow/.local/lib/python3.12/site-packages/airflow/example_dags/example_latest_only_with_trigger.py
[2024-12-14T19:32:16.353+0000] {logging_mixin.py:190} INFO - [2024-12-14T19:32:16.353+0000] {dag.py:3239} INFO - Sync 1 DAGs
[2024-12-14T19:32:16.374+0000] {logging_mixin.py:190} INFO - [2024-12-14T19:32:16.373+0000] {dag.py:4180} INFO - Setting next_dagrun for latest_only_with_trigger to 2024-12-14 12:00:00+00:00, run_after=2024-12-14 16:00:00+00:00
[2024-12-14T19:32:16.388+0000] {processor.py:208} INFO - Processing /home/airflow/.local/lib/python3.12/site-packages/airflow/example_dags/example_latest_only_with_trigger.py took 0.065 seconds
[2024-12-14T19:32:46.438+0000] {processor.py:186} INFO - Started process (PID=210) to work on /home/airflow/.local/lib/python3.12/site-packages/airflow/example_dags/example_latest_only_with_trigger.py
[2024-12-14T19:32:46.439+0000] {processor.py:914} INFO - Processing file /home/airflow/.local/lib/python3.12/site-packages/airflow/example_dags/example_latest_only_with_trigger.py for tasks to queue
[2024-12-14T19:32:46.441+0000] {logging_mixin.py:190} INFO - [2024-12-14T19:32:46.441+0000] {dagbag.py:588} INFO - Filling up the DagBag from /home/airflow/.local/lib/python3.12/site-packages/airflow/example_dags/example_latest_only_with_trigger.py
[2024-12-14T19:32:46.447+0000] {processor.py:925} INFO - DAG(s) 'latest_only_with_trigger' retrieved from /home/airflow/.local/lib/python3.12/site-packages/airflow/example_dags/example_latest_only_with_trigger.py
[2024-12-14T19:32:46.462+0000] {logging_mixin.py:190} INFO - [2024-12-14T19:32:46.462+0000] {dag.py:3239} INFO - Sync 1 DAGs
[2024-12-14T19:32:46.481+0000] {logging_mixin.py:190} INFO - [2024-12-14T19:32:46.481+0000] {dag.py:4180} INFO - Setting next_dagrun for latest_only_with_trigger to 2024-12-14 12:00:00+00:00, run_after=2024-12-14 16:00:00+00:00
[2024-12-14T19:32:46.494+0000] {processor.py:208} INFO - Processing /home/airflow/.local/lib/python3.12/site-packages/airflow/example_dags/example_latest_only_with_trigger.py took 0.061 seconds
[2024-12-14T19:33:16.535+0000] {processor.py:186} INFO - Started process (PID=273) to work on /home/airflow/.local/lib/python3.12/site-packages/airflow/example_dags/example_latest_only_with_trigger.py
[2024-12-14T19:33:16.536+0000] {processor.py:914} INFO - Processing file /home/airflow/.local/lib/python3.12/site-packages/airflow/example_dags/example_latest_only_with_trigger.py for tasks to queue
[2024-12-14T19:33:16.538+0000] {logging_mixin.py:190} INFO - [2024-12-14T19:33:16.537+0000] {dagbag.py:588} INFO - Filling up the DagBag from /home/airflow/.local/lib/python3.12/site-packages/airflow/example_dags/example_latest_only_with_trigger.py
[2024-12-14T19:33:16.545+0000] {processor.py:925} INFO - DAG(s) 'latest_only_with_trigger' retrieved from /home/airflow/.local/lib/python3.12/site-packages/airflow/example_dags/example_latest_only_with_trigger.py
[2024-12-14T19:33:16.560+0000] {logging_mixin.py:190} INFO - [2024-12-14T19:33:16.560+0000] {dag.py:3239} INFO - Sync 1 DAGs
[2024-12-14T19:33:16.579+0000] {logging_mixin.py:190} INFO - [2024-12-14T19:33:16.579+0000] {dag.py:4180} INFO - Setting next_dagrun for latest_only_with_trigger to 2024-12-14 12:00:00+00:00, run_after=2024-12-14 16:00:00+00:00
[2024-12-14T19:33:16.593+0000] {processor.py:208} INFO - Processing /home/airflow/.local/lib/python3.12/site-packages/airflow/example_dags/example_latest_only_with_trigger.py took 0.063 seconds
[2024-12-14T19:33:48.013+0000] {processor.py:186} INFO - Started process (PID=336) to work on /home/airflow/.local/lib/python3.12/site-packages/airflow/example_dags/example_latest_only_with_trigger.py
[2024-12-14T19:33:48.014+0000] {processor.py:914} INFO - Processing file /home/airflow/.local/lib/python3.12/site-packages/airflow/example_dags/example_latest_only_with_trigger.py for tasks to queue
[2024-12-14T19:33:48.016+0000] {logging_mixin.py:190} INFO - [2024-12-14T19:33:48.015+0000] {dagbag.py:588} INFO - Filling up the DagBag from /home/airflow/.local/lib/python3.12/site-packages/airflow/example_dags/example_latest_only_with_trigger.py
[2024-12-14T19:33:48.022+0000] {processor.py:925} INFO - DAG(s) 'latest_only_with_trigger' retrieved from /home/airflow/.local/lib/python3.12/site-packages/airflow/example_dags/example_latest_only_with_trigger.py
[2024-12-14T19:33:48.039+0000] {logging_mixin.py:190} INFO - [2024-12-14T19:33:48.039+0000] {dag.py:3239} INFO - Sync 1 DAGs
[2024-12-14T19:33:48.059+0000] {logging_mixin.py:190} INFO - [2024-12-14T19:33:48.059+0000] {dag.py:4180} INFO - Setting next_dagrun for latest_only_with_trigger to 2024-12-14 12:00:00+00:00, run_after=2024-12-14 16:00:00+00:00
[2024-12-14T19:33:48.074+0000] {processor.py:208} INFO - Processing /home/airflow/.local/lib/python3.12/site-packages/airflow/example_dags/example_latest_only_with_trigger.py took 0.066 seconds
[2024-12-14T19:34:19.447+0000] {processor.py:186} INFO - Started process (PID=399) to work on /home/airflow/.local/lib/python3.12/site-packages/airflow/example_dags/example_latest_only_with_trigger.py
[2024-12-14T19:34:19.448+0000] {processor.py:914} INFO - Processing file /home/airflow/.local/lib/python3.12/site-packages/airflow/example_dags/example_latest_only_with_trigger.py for tasks to queue
[2024-12-14T19:34:19.449+0000] {logging_mixin.py:190} INFO - [2024-12-14T19:34:19.449+0000] {dagbag.py:588} INFO - Filling up the DagBag from /home/airflow/.local/lib/python3.12/site-packages/airflow/example_dags/example_latest_only_with_trigger.py
[2024-12-14T19:34:19.456+0000] {processor.py:925} INFO - DAG(s) 'latest_only_with_trigger' retrieved from /home/airflow/.local/lib/python3.12/site-packages/airflow/example_dags/example_latest_only_with_trigger.py
[2024-12-14T19:34:19.475+0000] {logging_mixin.py:190} INFO - [2024-12-14T19:34:19.475+0000] {dag.py:3239} INFO - Sync 1 DAGs
[2024-12-14T19:34:19.499+0000] {logging_mixin.py:190} INFO - [2024-12-14T19:34:19.499+0000] {dag.py:4180} INFO - Setting next_dagrun for latest_only_with_trigger to 2024-12-14 12:00:00+00:00, run_after=2024-12-14 16:00:00+00:00
[2024-12-14T19:34:19.515+0000] {processor.py:208} INFO - Processing /home/airflow/.local/lib/python3.12/site-packages/airflow/example_dags/example_latest_only_with_trigger.py took 0.073 seconds
[2024-12-14T19:34:50.583+0000] {processor.py:186} INFO - Started process (PID=462) to work on /home/airflow/.local/lib/python3.12/site-packages/airflow/example_dags/example_latest_only_with_trigger.py
[2024-12-14T19:34:50.584+0000] {processor.py:914} INFO - Processing file /home/airflow/.local/lib/python3.12/site-packages/airflow/example_dags/example_latest_only_with_trigger.py for tasks to queue
[2024-12-14T19:34:50.586+0000] {logging_mixin.py:190} INFO - [2024-12-14T19:34:50.585+0000] {dagbag.py:588} INFO - Filling up the DagBag from /home/airflow/.local/lib/python3.12/site-packages/airflow/example_dags/example_latest_only_with_trigger.py
[2024-12-14T19:34:50.592+0000] {processor.py:925} INFO - DAG(s) 'latest_only_with_trigger' retrieved from /home/airflow/.local/lib/python3.12/site-packages/airflow/example_dags/example_latest_only_with_trigger.py
[2024-12-14T19:34:50.609+0000] {logging_mixin.py:190} INFO - [2024-12-14T19:34:50.609+0000] {dag.py:3239} INFO - Sync 1 DAGs
[2024-12-14T19:34:50.631+0000] {logging_mixin.py:190} INFO - [2024-12-14T19:34:50.631+0000] {dag.py:4180} INFO - Setting next_dagrun for latest_only_with_trigger to 2024-12-14 12:00:00+00:00, run_after=2024-12-14 16:00:00+00:00
[2024-12-14T19:34:50.646+0000] {processor.py:208} INFO - Processing /home/airflow/.local/lib/python3.12/site-packages/airflow/example_dags/example_latest_only_with_trigger.py took 0.068 seconds
[2024-12-14T19:35:54.869+0000] {processor.py:186} INFO - Started process (PID=77) to work on /home/airflow/.local/lib/python3.12/site-packages/airflow/example_dags/example_latest_only_with_trigger.py
[2024-12-14T19:35:54.870+0000] {processor.py:914} INFO - Processing file /home/airflow/.local/lib/python3.12/site-packages/airflow/example_dags/example_latest_only_with_trigger.py for tasks to queue
[2024-12-14T19:35:54.872+0000] {logging_mixin.py:190} INFO - [2024-12-14T19:35:54.872+0000] {dagbag.py:588} INFO - Filling up the DagBag from /home/airflow/.local/lib/python3.12/site-packages/airflow/example_dags/example_latest_only_with_trigger.py
[2024-12-14T19:35:54.879+0000] {processor.py:925} INFO - DAG(s) 'latest_only_with_trigger' retrieved from /home/airflow/.local/lib/python3.12/site-packages/airflow/example_dags/example_latest_only_with_trigger.py
[2024-12-14T19:35:54.897+0000] {logging_mixin.py:190} INFO - [2024-12-14T19:35:54.897+0000] {dag.py:3239} INFO - Sync 1 DAGs
[2024-12-14T19:35:54.917+0000] {logging_mixin.py:190} INFO - [2024-12-14T19:35:54.917+0000] {dag.py:4180} INFO - Setting next_dagrun for latest_only_with_trigger to 2024-12-14 12:00:00+00:00, run_after=2024-12-14 16:00:00+00:00
[2024-12-14T19:35:54.932+0000] {processor.py:208} INFO - Processing /home/airflow/.local/lib/python3.12/site-packages/airflow/example_dags/example_latest_only_with_trigger.py took 0.067 seconds
[2024-12-14T19:36:25.813+0000] {processor.py:186} INFO - Started process (PID=140) to work on /home/airflow/.local/lib/python3.12/site-packages/airflow/example_dags/example_latest_only_with_trigger.py
[2024-12-14T19:36:25.814+0000] {processor.py:914} INFO - Processing file /home/airflow/.local/lib/python3.12/site-packages/airflow/example_dags/example_latest_only_with_trigger.py for tasks to queue
[2024-12-14T19:36:25.816+0000] {logging_mixin.py:190} INFO - [2024-12-14T19:36:25.815+0000] {dagbag.py:588} INFO - Filling up the DagBag from /home/airflow/.local/lib/python3.12/site-packages/airflow/example_dags/example_latest_only_with_trigger.py
[2024-12-14T19:36:25.822+0000] {processor.py:925} INFO - DAG(s) 'latest_only_with_trigger' retrieved from /home/airflow/.local/lib/python3.12/site-packages/airflow/example_dags/example_latest_only_with_trigger.py
[2024-12-14T19:36:25.839+0000] {logging_mixin.py:190} INFO - [2024-12-14T19:36:25.839+0000] {dag.py:3239} INFO - Sync 1 DAGs
[2024-12-14T19:36:25.859+0000] {logging_mixin.py:190} INFO - [2024-12-14T19:36:25.859+0000] {dag.py:4180} INFO - Setting next_dagrun for latest_only_with_trigger to 2024-12-14 12:00:00+00:00, run_after=2024-12-14 16:00:00+00:00
[2024-12-14T19:36:25.874+0000] {processor.py:208} INFO - Processing /home/airflow/.local/lib/python3.12/site-packages/airflow/example_dags/example_latest_only_with_trigger.py took 0.065 seconds
[2024-12-14T19:36:56.912+0000] {processor.py:186} INFO - Started process (PID=203) to work on /home/airflow/.local/lib/python3.12/site-packages/airflow/example_dags/example_latest_only_with_trigger.py
[2024-12-14T19:36:56.913+0000] {processor.py:914} INFO - Processing file /home/airflow/.local/lib/python3.12/site-packages/airflow/example_dags/example_latest_only_with_trigger.py for tasks to queue
[2024-12-14T19:36:56.915+0000] {logging_mixin.py:190} INFO - [2024-12-14T19:36:56.915+0000] {dagbag.py:588} INFO - Filling up the DagBag from /home/airflow/.local/lib/python3.12/site-packages/airflow/example_dags/example_latest_only_with_trigger.py
[2024-12-14T19:36:56.921+0000] {processor.py:925} INFO - DAG(s) 'latest_only_with_trigger' retrieved from /home/airflow/.local/lib/python3.12/site-packages/airflow/example_dags/example_latest_only_with_trigger.py
[2024-12-14T19:36:56.938+0000] {logging_mixin.py:190} INFO - [2024-12-14T19:36:56.938+0000] {dag.py:3239} INFO - Sync 1 DAGs
[2024-12-14T19:36:56.959+0000] {logging_mixin.py:190} INFO - [2024-12-14T19:36:56.959+0000] {dag.py:4180} INFO - Setting next_dagrun for latest_only_with_trigger to 2024-12-14 12:00:00+00:00, run_after=2024-12-14 16:00:00+00:00
[2024-12-14T19:36:56.973+0000] {processor.py:208} INFO - Processing /home/airflow/.local/lib/python3.12/site-packages/airflow/example_dags/example_latest_only_with_trigger.py took 0.066 seconds
[2024-12-14T19:37:27.958+0000] {processor.py:186} INFO - Started process (PID=266) to work on /home/airflow/.local/lib/python3.12/site-packages/airflow/example_dags/example_latest_only_with_trigger.py
[2024-12-14T19:37:27.959+0000] {processor.py:914} INFO - Processing file /home/airflow/.local/lib/python3.12/site-packages/airflow/example_dags/example_latest_only_with_trigger.py for tasks to queue
[2024-12-14T19:37:27.961+0000] {logging_mixin.py:190} INFO - [2024-12-14T19:37:27.961+0000] {dagbag.py:588} INFO - Filling up the DagBag from /home/airflow/.local/lib/python3.12/site-packages/airflow/example_dags/example_latest_only_with_trigger.py
[2024-12-14T19:37:27.968+0000] {processor.py:925} INFO - DAG(s) 'latest_only_with_trigger' retrieved from /home/airflow/.local/lib/python3.12/site-packages/airflow/example_dags/example_latest_only_with_trigger.py
[2024-12-14T19:37:27.986+0000] {logging_mixin.py:190} INFO - [2024-12-14T19:37:27.985+0000] {dag.py:3239} INFO - Sync 1 DAGs
[2024-12-14T19:37:28.008+0000] {logging_mixin.py:190} INFO - [2024-12-14T19:37:28.008+0000] {dag.py:4180} INFO - Setting next_dagrun for latest_only_with_trigger to 2024-12-14 12:00:00+00:00, run_after=2024-12-14 16:00:00+00:00
[2024-12-14T19:37:28.023+0000] {processor.py:208} INFO - Processing /home/airflow/.local/lib/python3.12/site-packages/airflow/example_dags/example_latest_only_with_trigger.py took 0.070 seconds
[2024-12-14T19:37:58.904+0000] {processor.py:186} INFO - Started process (PID=329) to work on /home/airflow/.local/lib/python3.12/site-packages/airflow/example_dags/example_latest_only_with_trigger.py
[2024-12-14T19:37:58.905+0000] {processor.py:914} INFO - Processing file /home/airflow/.local/lib/python3.12/site-packages/airflow/example_dags/example_latest_only_with_trigger.py for tasks to queue
[2024-12-14T19:37:58.907+0000] {logging_mixin.py:190} INFO - [2024-12-14T19:37:58.906+0000] {dagbag.py:588} INFO - Filling up the DagBag from /home/airflow/.local/lib/python3.12/site-packages/airflow/example_dags/example_latest_only_with_trigger.py
[2024-12-14T19:37:58.913+0000] {processor.py:925} INFO - DAG(s) 'latest_only_with_trigger' retrieved from /home/airflow/.local/lib/python3.12/site-packages/airflow/example_dags/example_latest_only_with_trigger.py
[2024-12-14T19:37:58.931+0000] {logging_mixin.py:190} INFO - [2024-12-14T19:37:58.930+0000] {dag.py:3239} INFO - Sync 1 DAGs
[2024-12-14T19:37:58.951+0000] {logging_mixin.py:190} INFO - [2024-12-14T19:37:58.950+0000] {dag.py:4180} INFO - Setting next_dagrun for latest_only_with_trigger to 2024-12-14 12:00:00+00:00, run_after=2024-12-14 16:00:00+00:00
[2024-12-14T19:37:58.966+0000] {processor.py:208} INFO - Processing /home/airflow/.local/lib/python3.12/site-packages/airflow/example_dags/example_latest_only_with_trigger.py took 0.068 seconds
[2024-12-14T19:38:29.966+0000] {processor.py:186} INFO - Started process (PID=392) to work on /home/airflow/.local/lib/python3.12/site-packages/airflow/example_dags/example_latest_only_with_trigger.py
[2024-12-14T19:38:29.967+0000] {processor.py:914} INFO - Processing file /home/airflow/.local/lib/python3.12/site-packages/airflow/example_dags/example_latest_only_with_trigger.py for tasks to queue
[2024-12-14T19:38:29.968+0000] {logging_mixin.py:190} INFO - [2024-12-14T19:38:29.968+0000] {dagbag.py:588} INFO - Filling up the DagBag from /home/airflow/.local/lib/python3.12/site-packages/airflow/example_dags/example_latest_only_with_trigger.py
[2024-12-14T19:38:29.975+0000] {processor.py:925} INFO - DAG(s) 'latest_only_with_trigger' retrieved from /home/airflow/.local/lib/python3.12/site-packages/airflow/example_dags/example_latest_only_with_trigger.py
[2024-12-14T19:38:29.992+0000] {logging_mixin.py:190} INFO - [2024-12-14T19:38:29.991+0000] {dag.py:3239} INFO - Sync 1 DAGs
[2024-12-14T19:38:30.012+0000] {logging_mixin.py:190} INFO - [2024-12-14T19:38:30.012+0000] {dag.py:4180} INFO - Setting next_dagrun for latest_only_with_trigger to 2024-12-14 12:00:00+00:00, run_after=2024-12-14 16:00:00+00:00
[2024-12-14T19:38:30.027+0000] {processor.py:208} INFO - Processing /home/airflow/.local/lib/python3.12/site-packages/airflow/example_dags/example_latest_only_with_trigger.py took 0.066 seconds
[2024-12-14T19:39:01.067+0000] {processor.py:186} INFO - Started process (PID=454) to work on /home/airflow/.local/lib/python3.12/site-packages/airflow/example_dags/example_latest_only_with_trigger.py
[2024-12-14T19:39:01.068+0000] {processor.py:914} INFO - Processing file /home/airflow/.local/lib/python3.12/site-packages/airflow/example_dags/example_latest_only_with_trigger.py for tasks to queue
[2024-12-14T19:39:01.070+0000] {logging_mixin.py:190} INFO - [2024-12-14T19:39:01.070+0000] {dagbag.py:588} INFO - Filling up the DagBag from /home/airflow/.local/lib/python3.12/site-packages/airflow/example_dags/example_latest_only_with_trigger.py
[2024-12-14T19:39:01.078+0000] {processor.py:925} INFO - DAG(s) 'latest_only_with_trigger' retrieved from /home/airflow/.local/lib/python3.12/site-packages/airflow/example_dags/example_latest_only_with_trigger.py
[2024-12-14T19:39:01.096+0000] {logging_mixin.py:190} INFO - [2024-12-14T19:39:01.096+0000] {dag.py:3239} INFO - Sync 1 DAGs
[2024-12-14T19:39:01.120+0000] {logging_mixin.py:190} INFO - [2024-12-14T19:39:01.120+0000] {dag.py:4180} INFO - Setting next_dagrun for latest_only_with_trigger to 2024-12-14 12:00:00+00:00, run_after=2024-12-14 16:00:00+00:00
[2024-12-14T19:39:01.135+0000] {processor.py:208} INFO - Processing /home/airflow/.local/lib/python3.12/site-packages/airflow/example_dags/example_latest_only_with_trigger.py took 0.075 seconds
[2024-12-14T19:39:32.466+0000] {processor.py:186} INFO - Started process (PID=517) to work on /home/airflow/.local/lib/python3.12/site-packages/airflow/example_dags/example_latest_only_with_trigger.py
[2024-12-14T19:39:32.467+0000] {processor.py:914} INFO - Processing file /home/airflow/.local/lib/python3.12/site-packages/airflow/example_dags/example_latest_only_with_trigger.py for tasks to queue
[2024-12-14T19:39:32.468+0000] {logging_mixin.py:190} INFO - [2024-12-14T19:39:32.468+0000] {dagbag.py:588} INFO - Filling up the DagBag from /home/airflow/.local/lib/python3.12/site-packages/airflow/example_dags/example_latest_only_with_trigger.py
[2024-12-14T19:39:32.474+0000] {processor.py:925} INFO - DAG(s) 'latest_only_with_trigger' retrieved from /home/airflow/.local/lib/python3.12/site-packages/airflow/example_dags/example_latest_only_with_trigger.py
[2024-12-14T19:39:32.491+0000] {logging_mixin.py:190} INFO - [2024-12-14T19:39:32.490+0000] {dag.py:3239} INFO - Sync 1 DAGs
[2024-12-14T19:39:32.513+0000] {logging_mixin.py:190} INFO - [2024-12-14T19:39:32.513+0000] {dag.py:4180} INFO - Setting next_dagrun for latest_only_with_trigger to 2024-12-14 12:00:00+00:00, run_after=2024-12-14 16:00:00+00:00
[2024-12-14T19:39:32.528+0000] {processor.py:208} INFO - Processing /home/airflow/.local/lib/python3.12/site-packages/airflow/example_dags/example_latest_only_with_trigger.py took 0.067 seconds
[2024-12-14T19:40:04.324+0000] {processor.py:186} INFO - Started process (PID=588) to work on /home/airflow/.local/lib/python3.12/site-packages/airflow/example_dags/example_latest_only_with_trigger.py
[2024-12-14T19:40:04.325+0000] {processor.py:914} INFO - Processing file /home/airflow/.local/lib/python3.12/site-packages/airflow/example_dags/example_latest_only_with_trigger.py for tasks to queue
[2024-12-14T19:40:04.327+0000] {logging_mixin.py:190} INFO - [2024-12-14T19:40:04.327+0000] {dagbag.py:588} INFO - Filling up the DagBag from /home/airflow/.local/lib/python3.12/site-packages/airflow/example_dags/example_latest_only_with_trigger.py
[2024-12-14T19:40:04.333+0000] {processor.py:925} INFO - DAG(s) 'latest_only_with_trigger' retrieved from /home/airflow/.local/lib/python3.12/site-packages/airflow/example_dags/example_latest_only_with_trigger.py
[2024-12-14T19:40:04.351+0000] {logging_mixin.py:190} INFO - [2024-12-14T19:40:04.351+0000] {dag.py:3239} INFO - Sync 1 DAGs
[2024-12-14T19:40:04.376+0000] {logging_mixin.py:190} INFO - [2024-12-14T19:40:04.376+0000] {dag.py:4180} INFO - Setting next_dagrun for latest_only_with_trigger to 2024-12-14 12:00:00+00:00, run_after=2024-12-14 16:00:00+00:00
[2024-12-14T19:40:04.394+0000] {processor.py:208} INFO - Processing /home/airflow/.local/lib/python3.12/site-packages/airflow/example_dags/example_latest_only_with_trigger.py took 0.075 seconds
[2024-12-14T19:40:34.927+0000] {processor.py:186} INFO - Started process (PID=651) to work on /home/airflow/.local/lib/python3.12/site-packages/airflow/example_dags/example_latest_only_with_trigger.py
[2024-12-14T19:40:34.928+0000] {processor.py:914} INFO - Processing file /home/airflow/.local/lib/python3.12/site-packages/airflow/example_dags/example_latest_only_with_trigger.py for tasks to queue
[2024-12-14T19:40:34.930+0000] {logging_mixin.py:190} INFO - [2024-12-14T19:40:34.929+0000] {dagbag.py:588} INFO - Filling up the DagBag from /home/airflow/.local/lib/python3.12/site-packages/airflow/example_dags/example_latest_only_with_trigger.py
[2024-12-14T19:40:34.936+0000] {processor.py:925} INFO - DAG(s) 'latest_only_with_trigger' retrieved from /home/airflow/.local/lib/python3.12/site-packages/airflow/example_dags/example_latest_only_with_trigger.py
[2024-12-14T19:40:34.953+0000] {logging_mixin.py:190} INFO - [2024-12-14T19:40:34.952+0000] {dag.py:3239} INFO - Sync 1 DAGs
[2024-12-14T19:40:34.974+0000] {logging_mixin.py:190} INFO - [2024-12-14T19:40:34.974+0000] {dag.py:4180} INFO - Setting next_dagrun for latest_only_with_trigger to 2024-12-14 12:00:00+00:00, run_after=2024-12-14 16:00:00+00:00
[2024-12-14T19:40:34.988+0000] {processor.py:208} INFO - Processing /home/airflow/.local/lib/python3.12/site-packages/airflow/example_dags/example_latest_only_with_trigger.py took 0.067 seconds
[2024-12-14T19:41:05.643+0000] {processor.py:186} INFO - Started process (PID=714) to work on /home/airflow/.local/lib/python3.12/site-packages/airflow/example_dags/example_latest_only_with_trigger.py
[2024-12-14T19:41:05.644+0000] {processor.py:914} INFO - Processing file /home/airflow/.local/lib/python3.12/site-packages/airflow/example_dags/example_latest_only_with_trigger.py for tasks to queue
[2024-12-14T19:41:05.646+0000] {logging_mixin.py:190} INFO - [2024-12-14T19:41:05.646+0000] {dagbag.py:588} INFO - Filling up the DagBag from /home/airflow/.local/lib/python3.12/site-packages/airflow/example_dags/example_latest_only_with_trigger.py
[2024-12-14T19:41:05.652+0000] {processor.py:925} INFO - DAG(s) 'latest_only_with_trigger' retrieved from /home/airflow/.local/lib/python3.12/site-packages/airflow/example_dags/example_latest_only_with_trigger.py
[2024-12-14T19:41:05.669+0000] {logging_mixin.py:190} INFO - [2024-12-14T19:41:05.668+0000] {dag.py:3239} INFO - Sync 1 DAGs
[2024-12-14T19:41:05.689+0000] {logging_mixin.py:190} INFO - [2024-12-14T19:41:05.689+0000] {dag.py:4180} INFO - Setting next_dagrun for latest_only_with_trigger to 2024-12-14 12:00:00+00:00, run_after=2024-12-14 16:00:00+00:00
[2024-12-14T19:41:05.704+0000] {processor.py:208} INFO - Processing /home/airflow/.local/lib/python3.12/site-packages/airflow/example_dags/example_latest_only_with_trigger.py took 0.065 seconds
[2024-12-14T19:41:36.877+0000] {processor.py:186} INFO - Started process (PID=776) to work on /home/airflow/.local/lib/python3.12/site-packages/airflow/example_dags/example_latest_only_with_trigger.py
[2024-12-14T19:41:36.879+0000] {processor.py:914} INFO - Processing file /home/airflow/.local/lib/python3.12/site-packages/airflow/example_dags/example_latest_only_with_trigger.py for tasks to queue
[2024-12-14T19:41:36.881+0000] {logging_mixin.py:190} INFO - [2024-12-14T19:41:36.881+0000] {dagbag.py:588} INFO - Filling up the DagBag from /home/airflow/.local/lib/python3.12/site-packages/airflow/example_dags/example_latest_only_with_trigger.py
[2024-12-14T19:41:36.886+0000] {processor.py:925} INFO - DAG(s) 'latest_only_with_trigger' retrieved from /home/airflow/.local/lib/python3.12/site-packages/airflow/example_dags/example_latest_only_with_trigger.py
[2024-12-14T19:41:36.902+0000] {logging_mixin.py:190} INFO - [2024-12-14T19:41:36.901+0000] {dag.py:3239} INFO - Sync 1 DAGs
[2024-12-14T19:41:36.920+0000] {logging_mixin.py:190} INFO - [2024-12-14T19:41:36.920+0000] {dag.py:4180} INFO - Setting next_dagrun for latest_only_with_trigger to 2024-12-14 12:00:00+00:00, run_after=2024-12-14 16:00:00+00:00
[2024-12-14T19:41:36.934+0000] {processor.py:208} INFO - Processing /home/airflow/.local/lib/python3.12/site-packages/airflow/example_dags/example_latest_only_with_trigger.py took 0.062 seconds
[2024-12-14T19:42:08.926+0000] {processor.py:186} INFO - Started process (PID=839) to work on /home/airflow/.local/lib/python3.12/site-packages/airflow/example_dags/example_latest_only_with_trigger.py
[2024-12-14T19:42:08.928+0000] {processor.py:914} INFO - Processing file /home/airflow/.local/lib/python3.12/site-packages/airflow/example_dags/example_latest_only_with_trigger.py for tasks to queue
[2024-12-14T19:42:08.930+0000] {logging_mixin.py:190} INFO - [2024-12-14T19:42:08.929+0000] {dagbag.py:588} INFO - Filling up the DagBag from /home/airflow/.local/lib/python3.12/site-packages/airflow/example_dags/example_latest_only_with_trigger.py
[2024-12-14T19:42:08.938+0000] {processor.py:925} INFO - DAG(s) 'latest_only_with_trigger' retrieved from /home/airflow/.local/lib/python3.12/site-packages/airflow/example_dags/example_latest_only_with_trigger.py
[2024-12-14T19:42:08.960+0000] {logging_mixin.py:190} INFO - [2024-12-14T19:42:08.960+0000] {dag.py:3239} INFO - Sync 1 DAGs
[2024-12-14T19:42:08.988+0000] {logging_mixin.py:190} INFO - [2024-12-14T19:42:08.988+0000] {dag.py:4180} INFO - Setting next_dagrun for latest_only_with_trigger to 2024-12-14 12:00:00+00:00, run_after=2024-12-14 16:00:00+00:00
[2024-12-14T19:42:09.007+0000] {processor.py:208} INFO - Processing /home/airflow/.local/lib/python3.12/site-packages/airflow/example_dags/example_latest_only_with_trigger.py took 0.087 seconds
[2024-12-14T19:42:40.108+0000] {processor.py:186} INFO - Started process (PID=901) to work on /home/airflow/.local/lib/python3.12/site-packages/airflow/example_dags/example_latest_only_with_trigger.py
[2024-12-14T19:42:40.109+0000] {processor.py:914} INFO - Processing file /home/airflow/.local/lib/python3.12/site-packages/airflow/example_dags/example_latest_only_with_trigger.py for tasks to queue
[2024-12-14T19:42:40.111+0000] {logging_mixin.py:190} INFO - [2024-12-14T19:42:40.111+0000] {dagbag.py:588} INFO - Filling up the DagBag from /home/airflow/.local/lib/python3.12/site-packages/airflow/example_dags/example_latest_only_with_trigger.py
[2024-12-14T19:42:40.118+0000] {processor.py:925} INFO - DAG(s) 'latest_only_with_trigger' retrieved from /home/airflow/.local/lib/python3.12/site-packages/airflow/example_dags/example_latest_only_with_trigger.py
[2024-12-14T19:42:40.139+0000] {logging_mixin.py:190} INFO - [2024-12-14T19:42:40.139+0000] {dag.py:3239} INFO - Sync 1 DAGs
[2024-12-14T19:42:40.161+0000] {logging_mixin.py:190} INFO - [2024-12-14T19:42:40.160+0000] {dag.py:4180} INFO - Setting next_dagrun for latest_only_with_trigger to 2024-12-14 12:00:00+00:00, run_after=2024-12-14 16:00:00+00:00
[2024-12-14T19:42:40.178+0000] {processor.py:208} INFO - Processing /home/airflow/.local/lib/python3.12/site-packages/airflow/example_dags/example_latest_only_with_trigger.py took 0.075 seconds
[2024-12-14T19:43:10.437+0000] {processor.py:186} INFO - Started process (PID=964) to work on /home/airflow/.local/lib/python3.12/site-packages/airflow/example_dags/example_latest_only_with_trigger.py
[2024-12-14T19:43:10.438+0000] {processor.py:914} INFO - Processing file /home/airflow/.local/lib/python3.12/site-packages/airflow/example_dags/example_latest_only_with_trigger.py for tasks to queue
[2024-12-14T19:43:10.440+0000] {logging_mixin.py:190} INFO - [2024-12-14T19:43:10.440+0000] {dagbag.py:588} INFO - Filling up the DagBag from /home/airflow/.local/lib/python3.12/site-packages/airflow/example_dags/example_latest_only_with_trigger.py
[2024-12-14T19:43:10.448+0000] {processor.py:925} INFO - DAG(s) 'latest_only_with_trigger' retrieved from /home/airflow/.local/lib/python3.12/site-packages/airflow/example_dags/example_latest_only_with_trigger.py
[2024-12-14T19:43:10.470+0000] {logging_mixin.py:190} INFO - [2024-12-14T19:43:10.470+0000] {dag.py:3239} INFO - Sync 1 DAGs
[2024-12-14T19:43:10.498+0000] {logging_mixin.py:190} INFO - [2024-12-14T19:43:10.498+0000] {dag.py:4180} INFO - Setting next_dagrun for latest_only_with_trigger to 2024-12-14 12:00:00+00:00, run_after=2024-12-14 16:00:00+00:00
[2024-12-14T19:43:10.517+0000] {processor.py:208} INFO - Processing /home/airflow/.local/lib/python3.12/site-packages/airflow/example_dags/example_latest_only_with_trigger.py took 0.086 seconds
[2024-12-14T19:43:41.457+0000] {processor.py:186} INFO - Started process (PID=1027) to work on /home/airflow/.local/lib/python3.12/site-packages/airflow/example_dags/example_latest_only_with_trigger.py
[2024-12-14T19:43:41.459+0000] {processor.py:914} INFO - Processing file /home/airflow/.local/lib/python3.12/site-packages/airflow/example_dags/example_latest_only_with_trigger.py for tasks to queue
[2024-12-14T19:43:41.461+0000] {logging_mixin.py:190} INFO - [2024-12-14T19:43:41.460+0000] {dagbag.py:588} INFO - Filling up the DagBag from /home/airflow/.local/lib/python3.12/site-packages/airflow/example_dags/example_latest_only_with_trigger.py
[2024-12-14T19:43:41.468+0000] {processor.py:925} INFO - DAG(s) 'latest_only_with_trigger' retrieved from /home/airflow/.local/lib/python3.12/site-packages/airflow/example_dags/example_latest_only_with_trigger.py
[2024-12-14T19:43:41.490+0000] {logging_mixin.py:190} INFO - [2024-12-14T19:43:41.489+0000] {dag.py:3239} INFO - Sync 1 DAGs
[2024-12-14T19:43:41.515+0000] {logging_mixin.py:190} INFO - [2024-12-14T19:43:41.515+0000] {dag.py:4180} INFO - Setting next_dagrun for latest_only_with_trigger to 2024-12-14 12:00:00+00:00, run_after=2024-12-14 16:00:00+00:00
[2024-12-14T19:43:41.535+0000] {processor.py:208} INFO - Processing /home/airflow/.local/lib/python3.12/site-packages/airflow/example_dags/example_latest_only_with_trigger.py took 0.083 seconds
[2024-12-14T19:44:11.794+0000] {processor.py:186} INFO - Started process (PID=1089) to work on /home/airflow/.local/lib/python3.12/site-packages/airflow/example_dags/example_latest_only_with_trigger.py
[2024-12-14T19:44:11.795+0000] {processor.py:914} INFO - Processing file /home/airflow/.local/lib/python3.12/site-packages/airflow/example_dags/example_latest_only_with_trigger.py for tasks to queue
[2024-12-14T19:44:11.797+0000] {logging_mixin.py:190} INFO - [2024-12-14T19:44:11.796+0000] {dagbag.py:588} INFO - Filling up the DagBag from /home/airflow/.local/lib/python3.12/site-packages/airflow/example_dags/example_latest_only_with_trigger.py
[2024-12-14T19:44:11.803+0000] {processor.py:925} INFO - DAG(s) 'latest_only_with_trigger' retrieved from /home/airflow/.local/lib/python3.12/site-packages/airflow/example_dags/example_latest_only_with_trigger.py
[2024-12-14T19:44:11.819+0000] {logging_mixin.py:190} INFO - [2024-12-14T19:44:11.819+0000] {dag.py:3239} INFO - Sync 1 DAGs
[2024-12-14T19:44:11.839+0000] {logging_mixin.py:190} INFO - [2024-12-14T19:44:11.838+0000] {dag.py:4180} INFO - Setting next_dagrun for latest_only_with_trigger to 2024-12-14 12:00:00+00:00, run_after=2024-12-14 16:00:00+00:00
[2024-12-14T19:44:11.852+0000] {processor.py:208} INFO - Processing /home/airflow/.local/lib/python3.12/site-packages/airflow/example_dags/example_latest_only_with_trigger.py took 0.063 seconds
[2024-12-14T19:44:43.109+0000] {processor.py:186} INFO - Started process (PID=1153) to work on /home/airflow/.local/lib/python3.12/site-packages/airflow/example_dags/example_latest_only_with_trigger.py
[2024-12-14T19:44:43.110+0000] {processor.py:914} INFO - Processing file /home/airflow/.local/lib/python3.12/site-packages/airflow/example_dags/example_latest_only_with_trigger.py for tasks to queue
[2024-12-14T19:44:43.112+0000] {logging_mixin.py:190} INFO - [2024-12-14T19:44:43.112+0000] {dagbag.py:588} INFO - Filling up the DagBag from /home/airflow/.local/lib/python3.12/site-packages/airflow/example_dags/example_latest_only_with_trigger.py
[2024-12-14T19:44:43.119+0000] {processor.py:925} INFO - DAG(s) 'latest_only_with_trigger' retrieved from /home/airflow/.local/lib/python3.12/site-packages/airflow/example_dags/example_latest_only_with_trigger.py
[2024-12-14T19:44:43.136+0000] {logging_mixin.py:190} INFO - [2024-12-14T19:44:43.136+0000] {dag.py:3239} INFO - Sync 1 DAGs
[2024-12-14T19:44:43.156+0000] {logging_mixin.py:190} INFO - [2024-12-14T19:44:43.156+0000] {dag.py:4180} INFO - Setting next_dagrun for latest_only_with_trigger to 2024-12-14 12:00:00+00:00, run_after=2024-12-14 16:00:00+00:00
[2024-12-14T19:44:43.172+0000] {processor.py:208} INFO - Processing /home/airflow/.local/lib/python3.12/site-packages/airflow/example_dags/example_latest_only_with_trigger.py took 0.068 seconds
[2024-12-14T19:45:14.944+0000] {processor.py:186} INFO - Started process (PID=1216) to work on /home/airflow/.local/lib/python3.12/site-packages/airflow/example_dags/example_latest_only_with_trigger.py
[2024-12-14T19:45:14.945+0000] {processor.py:914} INFO - Processing file /home/airflow/.local/lib/python3.12/site-packages/airflow/example_dags/example_latest_only_with_trigger.py for tasks to queue
[2024-12-14T19:45:14.947+0000] {logging_mixin.py:190} INFO - [2024-12-14T19:45:14.946+0000] {dagbag.py:588} INFO - Filling up the DagBag from /home/airflow/.local/lib/python3.12/site-packages/airflow/example_dags/example_latest_only_with_trigger.py
[2024-12-14T19:45:14.953+0000] {processor.py:925} INFO - DAG(s) 'latest_only_with_trigger' retrieved from /home/airflow/.local/lib/python3.12/site-packages/airflow/example_dags/example_latest_only_with_trigger.py
[2024-12-14T19:45:14.970+0000] {logging_mixin.py:190} INFO - [2024-12-14T19:45:14.970+0000] {dag.py:3239} INFO - Sync 1 DAGs
[2024-12-14T19:45:14.990+0000] {logging_mixin.py:190} INFO - [2024-12-14T19:45:14.990+0000] {dag.py:4180} INFO - Setting next_dagrun for latest_only_with_trigger to 2024-12-14 12:00:00+00:00, run_after=2024-12-14 16:00:00+00:00
[2024-12-14T19:45:15.008+0000] {processor.py:208} INFO - Processing /home/airflow/.local/lib/python3.12/site-packages/airflow/example_dags/example_latest_only_with_trigger.py took 0.069 seconds
[2024-12-14T19:45:45.915+0000] {processor.py:186} INFO - Started process (PID=1279) to work on /home/airflow/.local/lib/python3.12/site-packages/airflow/example_dags/example_latest_only_with_trigger.py
[2024-12-14T19:45:45.916+0000] {processor.py:914} INFO - Processing file /home/airflow/.local/lib/python3.12/site-packages/airflow/example_dags/example_latest_only_with_trigger.py for tasks to queue
[2024-12-14T19:45:45.918+0000] {logging_mixin.py:190} INFO - [2024-12-14T19:45:45.917+0000] {dagbag.py:588} INFO - Filling up the DagBag from /home/airflow/.local/lib/python3.12/site-packages/airflow/example_dags/example_latest_only_with_trigger.py
[2024-12-14T19:45:45.924+0000] {processor.py:925} INFO - DAG(s) 'latest_only_with_trigger' retrieved from /home/airflow/.local/lib/python3.12/site-packages/airflow/example_dags/example_latest_only_with_trigger.py
[2024-12-14T19:45:45.940+0000] {logging_mixin.py:190} INFO - [2024-12-14T19:45:45.940+0000] {dag.py:3239} INFO - Sync 1 DAGs
[2024-12-14T19:45:45.959+0000] {logging_mixin.py:190} INFO - [2024-12-14T19:45:45.959+0000] {dag.py:4180} INFO - Setting next_dagrun for latest_only_with_trigger to 2024-12-14 12:00:00+00:00, run_after=2024-12-14 16:00:00+00:00
[2024-12-14T19:45:45.975+0000] {processor.py:208} INFO - Processing /home/airflow/.local/lib/python3.12/site-packages/airflow/example_dags/example_latest_only_with_trigger.py took 0.065 seconds
