[2024-12-14T19:28:32.646+0000] {processor.py:186} INFO - Started process (PID=73) to work on /home/airflow/.local/lib/python3.12/site-packages/airflow/example_dags/example_task_group.py
[2024-12-14T19:28:32.647+0000] {processor.py:914} INFO - Processing file /home/airflow/.local/lib/python3.12/site-packages/airflow/example_dags/example_task_group.py for tasks to queue
[2024-12-14T19:28:32.648+0000] {logging_mixin.py:190} INFO - [2024-12-14T19:28:32.648+0000] {dagbag.py:588} INFO - Filling up the DagBag from /home/airflow/.local/lib/python3.12/site-packages/airflow/example_dags/example_task_group.py
[2024-12-14T19:28:32.657+0000] {processor.py:925} INFO - DAG(s) 'example_task_group' retrieved from /home/airflow/.local/lib/python3.12/site-packages/airflow/example_dags/example_task_group.py
[2024-12-14T19:28:32.750+0000] {logging_mixin.py:190} INFO - [2024-12-14T19:28:32.750+0000] {override.py:1911} INFO - Created Permission View: can edit on DAG:example_task_group
[2024-12-14T19:28:32.759+0000] {logging_mixin.py:190} INFO - [2024-12-14T19:28:32.759+0000] {override.py:1911} INFO - Created Permission View: can delete on DAG:example_task_group
[2024-12-14T19:28:32.764+0000] {logging_mixin.py:190} INFO - [2024-12-14T19:28:32.764+0000] {override.py:1911} INFO - Created Permission View: can read on DAG:example_task_group
[2024-12-14T19:28:32.769+0000] {logging_mixin.py:190} INFO - [2024-12-14T19:28:32.769+0000] {override.py:1911} INFO - Created Permission View: menu access on DAG Run:example_task_group
[2024-12-14T19:28:32.774+0000] {logging_mixin.py:190} INFO - [2024-12-14T19:28:32.774+0000] {override.py:1911} INFO - Created Permission View: can delete on DAG Run:example_task_group
[2024-12-14T19:28:32.782+0000] {logging_mixin.py:190} INFO - [2024-12-14T19:28:32.782+0000] {override.py:1911} INFO - Created Permission View: can create on DAG Run:example_task_group
[2024-12-14T19:28:32.787+0000] {logging_mixin.py:190} INFO - [2024-12-14T19:28:32.787+0000] {override.py:1911} INFO - Created Permission View: can read on DAG Run:example_task_group
[2024-12-14T19:28:32.788+0000] {logging_mixin.py:190} INFO - [2024-12-14T19:28:32.787+0000] {dag.py:3239} INFO - Sync 1 DAGs
[2024-12-14T19:28:32.802+0000] {logging_mixin.py:190} INFO - [2024-12-14T19:28:32.802+0000] {dag.py:3262} INFO - Creating ORM DAG for example_task_group
[2024-12-14T19:28:32.803+0000] {logging_mixin.py:190} INFO - [2024-12-14T19:28:32.802+0000] {dag.py:4180} INFO - Setting next_dagrun for example_task_group to None, run_after=None
[2024-12-14T19:28:32.830+0000] {processor.py:208} INFO - Processing /home/airflow/.local/lib/python3.12/site-packages/airflow/example_dags/example_task_group.py took 0.189 seconds
[2024-12-14T19:29:03.097+0000] {processor.py:186} INFO - Started process (PID=136) to work on /home/airflow/.local/lib/python3.12/site-packages/airflow/example_dags/example_task_group.py
[2024-12-14T19:29:03.098+0000] {processor.py:914} INFO - Processing file /home/airflow/.local/lib/python3.12/site-packages/airflow/example_dags/example_task_group.py for tasks to queue
[2024-12-14T19:29:03.100+0000] {logging_mixin.py:190} INFO - [2024-12-14T19:29:03.100+0000] {dagbag.py:588} INFO - Filling up the DagBag from /home/airflow/.local/lib/python3.12/site-packages/airflow/example_dags/example_task_group.py
[2024-12-14T19:29:03.110+0000] {processor.py:925} INFO - DAG(s) 'example_task_group' retrieved from /home/airflow/.local/lib/python3.12/site-packages/airflow/example_dags/example_task_group.py
[2024-12-14T19:29:03.133+0000] {logging_mixin.py:190} INFO - [2024-12-14T19:29:03.132+0000] {dag.py:3239} INFO - Sync 1 DAGs
[2024-12-14T19:29:03.149+0000] {logging_mixin.py:190} INFO - [2024-12-14T19:29:03.149+0000] {dag.py:4180} INFO - Setting next_dagrun for example_task_group to None, run_after=None
[2024-12-14T19:29:03.184+0000] {processor.py:208} INFO - Processing /home/airflow/.local/lib/python3.12/site-packages/airflow/example_dags/example_task_group.py took 0.093 seconds
[2024-12-14T19:29:33.677+0000] {processor.py:186} INFO - Started process (PID=199) to work on /home/airflow/.local/lib/python3.12/site-packages/airflow/example_dags/example_task_group.py
[2024-12-14T19:29:33.678+0000] {processor.py:914} INFO - Processing file /home/airflow/.local/lib/python3.12/site-packages/airflow/example_dags/example_task_group.py for tasks to queue
[2024-12-14T19:29:33.680+0000] {logging_mixin.py:190} INFO - [2024-12-14T19:29:33.680+0000] {dagbag.py:588} INFO - Filling up the DagBag from /home/airflow/.local/lib/python3.12/site-packages/airflow/example_dags/example_task_group.py
[2024-12-14T19:29:33.687+0000] {processor.py:925} INFO - DAG(s) 'example_task_group' retrieved from /home/airflow/.local/lib/python3.12/site-packages/airflow/example_dags/example_task_group.py
[2024-12-14T19:29:33.704+0000] {logging_mixin.py:190} INFO - [2024-12-14T19:29:33.704+0000] {dag.py:3239} INFO - Sync 1 DAGs
[2024-12-14T19:29:33.717+0000] {logging_mixin.py:190} INFO - [2024-12-14T19:29:33.717+0000] {dag.py:4180} INFO - Setting next_dagrun for example_task_group to None, run_after=None
[2024-12-14T19:29:33.734+0000] {processor.py:208} INFO - Processing /home/airflow/.local/lib/python3.12/site-packages/airflow/example_dags/example_task_group.py took 0.062 seconds
[2024-12-14T19:30:04.065+0000] {processor.py:186} INFO - Started process (PID=262) to work on /home/airflow/.local/lib/python3.12/site-packages/airflow/example_dags/example_task_group.py
[2024-12-14T19:30:04.066+0000] {processor.py:914} INFO - Processing file /home/airflow/.local/lib/python3.12/site-packages/airflow/example_dags/example_task_group.py for tasks to queue
[2024-12-14T19:30:04.068+0000] {logging_mixin.py:190} INFO - [2024-12-14T19:30:04.068+0000] {dagbag.py:588} INFO - Filling up the DagBag from /home/airflow/.local/lib/python3.12/site-packages/airflow/example_dags/example_task_group.py
[2024-12-14T19:30:04.076+0000] {processor.py:925} INFO - DAG(s) 'example_task_group' retrieved from /home/airflow/.local/lib/python3.12/site-packages/airflow/example_dags/example_task_group.py
[2024-12-14T19:30:04.096+0000] {logging_mixin.py:190} INFO - [2024-12-14T19:30:04.096+0000] {dag.py:3239} INFO - Sync 1 DAGs
[2024-12-14T19:30:04.109+0000] {logging_mixin.py:190} INFO - [2024-12-14T19:30:04.109+0000] {dag.py:4180} INFO - Setting next_dagrun for example_task_group to None, run_after=None
[2024-12-14T19:30:04.125+0000] {processor.py:208} INFO - Processing /home/airflow/.local/lib/python3.12/site-packages/airflow/example_dags/example_task_group.py took 0.065 seconds
[2024-12-14T19:30:34.182+0000] {processor.py:186} INFO - Started process (PID=325) to work on /home/airflow/.local/lib/python3.12/site-packages/airflow/example_dags/example_task_group.py
[2024-12-14T19:30:34.183+0000] {processor.py:914} INFO - Processing file /home/airflow/.local/lib/python3.12/site-packages/airflow/example_dags/example_task_group.py for tasks to queue
[2024-12-14T19:30:34.184+0000] {logging_mixin.py:190} INFO - [2024-12-14T19:30:34.184+0000] {dagbag.py:588} INFO - Filling up the DagBag from /home/airflow/.local/lib/python3.12/site-packages/airflow/example_dags/example_task_group.py
[2024-12-14T19:30:34.192+0000] {processor.py:925} INFO - DAG(s) 'example_task_group' retrieved from /home/airflow/.local/lib/python3.12/site-packages/airflow/example_dags/example_task_group.py
[2024-12-14T19:30:34.214+0000] {logging_mixin.py:190} INFO - [2024-12-14T19:30:34.214+0000] {dag.py:3239} INFO - Sync 1 DAGs
[2024-12-14T19:30:34.230+0000] {logging_mixin.py:190} INFO - [2024-12-14T19:30:34.230+0000] {dag.py:4180} INFO - Setting next_dagrun for example_task_group to None, run_after=None
[2024-12-14T19:30:34.248+0000] {processor.py:208} INFO - Processing /home/airflow/.local/lib/python3.12/site-packages/airflow/example_dags/example_task_group.py took 0.071 seconds
[2024-12-14T19:31:43.797+0000] {processor.py:186} INFO - Started process (PID=74) to work on /home/airflow/.local/lib/python3.12/site-packages/airflow/example_dags/example_task_group.py
[2024-12-14T19:31:43.807+0000] {processor.py:914} INFO - Processing file /home/airflow/.local/lib/python3.12/site-packages/airflow/example_dags/example_task_group.py for tasks to queue
[2024-12-14T19:31:43.810+0000] {logging_mixin.py:190} INFO - [2024-12-14T19:31:43.809+0000] {dagbag.py:588} INFO - Filling up the DagBag from /home/airflow/.local/lib/python3.12/site-packages/airflow/example_dags/example_task_group.py
[2024-12-14T19:31:43.826+0000] {processor.py:925} INFO - DAG(s) 'example_task_group' retrieved from /home/airflow/.local/lib/python3.12/site-packages/airflow/example_dags/example_task_group.py
[2024-12-14T19:31:43.869+0000] {logging_mixin.py:190} INFO - [2024-12-14T19:31:43.868+0000] {dag.py:3239} INFO - Sync 1 DAGs
[2024-12-14T19:31:43.909+0000] {logging_mixin.py:190} INFO - [2024-12-14T19:31:43.909+0000] {dag.py:4180} INFO - Setting next_dagrun for example_task_group to None, run_after=None
[2024-12-14T19:31:43.956+0000] {processor.py:208} INFO - Processing /home/airflow/.local/lib/python3.12/site-packages/airflow/example_dags/example_task_group.py took 0.176 seconds
[2024-12-14T19:32:14.707+0000] {processor.py:186} INFO - Started process (PID=138) to work on /home/airflow/.local/lib/python3.12/site-packages/airflow/example_dags/example_task_group.py
[2024-12-14T19:32:14.708+0000] {processor.py:914} INFO - Processing file /home/airflow/.local/lib/python3.12/site-packages/airflow/example_dags/example_task_group.py for tasks to queue
[2024-12-14T19:32:14.709+0000] {logging_mixin.py:190} INFO - [2024-12-14T19:32:14.709+0000] {dagbag.py:588} INFO - Filling up the DagBag from /home/airflow/.local/lib/python3.12/site-packages/airflow/example_dags/example_task_group.py
[2024-12-14T19:32:14.716+0000] {processor.py:925} INFO - DAG(s) 'example_task_group' retrieved from /home/airflow/.local/lib/python3.12/site-packages/airflow/example_dags/example_task_group.py
[2024-12-14T19:32:14.734+0000] {logging_mixin.py:190} INFO - [2024-12-14T19:32:14.734+0000] {dag.py:3239} INFO - Sync 1 DAGs
[2024-12-14T19:32:14.747+0000] {logging_mixin.py:190} INFO - [2024-12-14T19:32:14.746+0000] {dag.py:4180} INFO - Setting next_dagrun for example_task_group to None, run_after=None
[2024-12-14T19:32:14.763+0000] {processor.py:208} INFO - Processing /home/airflow/.local/lib/python3.12/site-packages/airflow/example_dags/example_task_group.py took 0.061 seconds
[2024-12-14T19:32:44.926+0000] {processor.py:186} INFO - Started process (PID=201) to work on /home/airflow/.local/lib/python3.12/site-packages/airflow/example_dags/example_task_group.py
[2024-12-14T19:32:44.927+0000] {processor.py:914} INFO - Processing file /home/airflow/.local/lib/python3.12/site-packages/airflow/example_dags/example_task_group.py for tasks to queue
[2024-12-14T19:32:44.929+0000] {logging_mixin.py:190} INFO - [2024-12-14T19:32:44.928+0000] {dagbag.py:588} INFO - Filling up the DagBag from /home/airflow/.local/lib/python3.12/site-packages/airflow/example_dags/example_task_group.py
[2024-12-14T19:32:44.936+0000] {processor.py:925} INFO - DAG(s) 'example_task_group' retrieved from /home/airflow/.local/lib/python3.12/site-packages/airflow/example_dags/example_task_group.py
[2024-12-14T19:32:44.954+0000] {logging_mixin.py:190} INFO - [2024-12-14T19:32:44.954+0000] {dag.py:3239} INFO - Sync 1 DAGs
[2024-12-14T19:32:44.967+0000] {logging_mixin.py:190} INFO - [2024-12-14T19:32:44.967+0000] {dag.py:4180} INFO - Setting next_dagrun for example_task_group to None, run_after=None
[2024-12-14T19:32:44.984+0000] {processor.py:208} INFO - Processing /home/airflow/.local/lib/python3.12/site-packages/airflow/example_dags/example_task_group.py took 0.063 seconds
[2024-12-14T19:33:16.112+0000] {processor.py:186} INFO - Started process (PID=264) to work on /home/airflow/.local/lib/python3.12/site-packages/airflow/example_dags/example_task_group.py
[2024-12-14T19:33:16.113+0000] {processor.py:914} INFO - Processing file /home/airflow/.local/lib/python3.12/site-packages/airflow/example_dags/example_task_group.py for tasks to queue
[2024-12-14T19:33:16.114+0000] {logging_mixin.py:190} INFO - [2024-12-14T19:33:16.114+0000] {dagbag.py:588} INFO - Filling up the DagBag from /home/airflow/.local/lib/python3.12/site-packages/airflow/example_dags/example_task_group.py
[2024-12-14T19:33:16.122+0000] {processor.py:925} INFO - DAG(s) 'example_task_group' retrieved from /home/airflow/.local/lib/python3.12/site-packages/airflow/example_dags/example_task_group.py
[2024-12-14T19:33:16.143+0000] {logging_mixin.py:190} INFO - [2024-12-14T19:33:16.142+0000] {dag.py:3239} INFO - Sync 1 DAGs
[2024-12-14T19:33:16.156+0000] {logging_mixin.py:190} INFO - [2024-12-14T19:33:16.156+0000] {dag.py:4180} INFO - Setting next_dagrun for example_task_group to None, run_after=None
[2024-12-14T19:33:16.174+0000] {processor.py:208} INFO - Processing /home/airflow/.local/lib/python3.12/site-packages/airflow/example_dags/example_task_group.py took 0.068 seconds
[2024-12-14T19:33:47.523+0000] {processor.py:186} INFO - Started process (PID=327) to work on /home/airflow/.local/lib/python3.12/site-packages/airflow/example_dags/example_task_group.py
[2024-12-14T19:33:47.523+0000] {processor.py:914} INFO - Processing file /home/airflow/.local/lib/python3.12/site-packages/airflow/example_dags/example_task_group.py for tasks to queue
[2024-12-14T19:33:47.525+0000] {logging_mixin.py:190} INFO - [2024-12-14T19:33:47.525+0000] {dagbag.py:588} INFO - Filling up the DagBag from /home/airflow/.local/lib/python3.12/site-packages/airflow/example_dags/example_task_group.py
[2024-12-14T19:33:47.533+0000] {processor.py:925} INFO - DAG(s) 'example_task_group' retrieved from /home/airflow/.local/lib/python3.12/site-packages/airflow/example_dags/example_task_group.py
[2024-12-14T19:33:47.550+0000] {logging_mixin.py:190} INFO - [2024-12-14T19:33:47.550+0000] {dag.py:3239} INFO - Sync 1 DAGs
[2024-12-14T19:33:47.562+0000] {logging_mixin.py:190} INFO - [2024-12-14T19:33:47.562+0000] {dag.py:4180} INFO - Setting next_dagrun for example_task_group to None, run_after=None
[2024-12-14T19:33:47.578+0000] {processor.py:208} INFO - Processing /home/airflow/.local/lib/python3.12/site-packages/airflow/example_dags/example_task_group.py took 0.060 seconds
[2024-12-14T19:34:18.983+0000] {processor.py:186} INFO - Started process (PID=390) to work on /home/airflow/.local/lib/python3.12/site-packages/airflow/example_dags/example_task_group.py
[2024-12-14T19:34:18.984+0000] {processor.py:914} INFO - Processing file /home/airflow/.local/lib/python3.12/site-packages/airflow/example_dags/example_task_group.py for tasks to queue
[2024-12-14T19:34:18.986+0000] {logging_mixin.py:190} INFO - [2024-12-14T19:34:18.985+0000] {dagbag.py:588} INFO - Filling up the DagBag from /home/airflow/.local/lib/python3.12/site-packages/airflow/example_dags/example_task_group.py
[2024-12-14T19:34:18.993+0000] {processor.py:925} INFO - DAG(s) 'example_task_group' retrieved from /home/airflow/.local/lib/python3.12/site-packages/airflow/example_dags/example_task_group.py
[2024-12-14T19:34:19.014+0000] {logging_mixin.py:190} INFO - [2024-12-14T19:34:19.014+0000] {dag.py:3239} INFO - Sync 1 DAGs
[2024-12-14T19:34:19.030+0000] {logging_mixin.py:190} INFO - [2024-12-14T19:34:19.029+0000] {dag.py:4180} INFO - Setting next_dagrun for example_task_group to None, run_after=None
[2024-12-14T19:34:19.046+0000] {processor.py:208} INFO - Processing /home/airflow/.local/lib/python3.12/site-packages/airflow/example_dags/example_task_group.py took 0.068 seconds
[2024-12-14T19:34:50.170+0000] {processor.py:186} INFO - Started process (PID=453) to work on /home/airflow/.local/lib/python3.12/site-packages/airflow/example_dags/example_task_group.py
[2024-12-14T19:34:50.171+0000] {processor.py:914} INFO - Processing file /home/airflow/.local/lib/python3.12/site-packages/airflow/example_dags/example_task_group.py for tasks to queue
[2024-12-14T19:34:50.172+0000] {logging_mixin.py:190} INFO - [2024-12-14T19:34:50.172+0000] {dagbag.py:588} INFO - Filling up the DagBag from /home/airflow/.local/lib/python3.12/site-packages/airflow/example_dags/example_task_group.py
[2024-12-14T19:34:50.179+0000] {processor.py:925} INFO - DAG(s) 'example_task_group' retrieved from /home/airflow/.local/lib/python3.12/site-packages/airflow/example_dags/example_task_group.py
[2024-12-14T19:34:50.196+0000] {logging_mixin.py:190} INFO - [2024-12-14T19:34:50.196+0000] {dag.py:3239} INFO - Sync 1 DAGs
[2024-12-14T19:34:50.210+0000] {logging_mixin.py:190} INFO - [2024-12-14T19:34:50.210+0000] {dag.py:4180} INFO - Setting next_dagrun for example_task_group to None, run_after=None
[2024-12-14T19:34:50.225+0000] {processor.py:208} INFO - Processing /home/airflow/.local/lib/python3.12/site-packages/airflow/example_dags/example_task_group.py took 0.060 seconds
[2024-12-14T19:35:54.228+0000] {processor.py:186} INFO - Started process (PID=67) to work on /home/airflow/.local/lib/python3.12/site-packages/airflow/example_dags/example_task_group.py
[2024-12-14T19:35:54.229+0000] {processor.py:914} INFO - Processing file /home/airflow/.local/lib/python3.12/site-packages/airflow/example_dags/example_task_group.py for tasks to queue
[2024-12-14T19:35:54.231+0000] {logging_mixin.py:190} INFO - [2024-12-14T19:35:54.231+0000] {dagbag.py:588} INFO - Filling up the DagBag from /home/airflow/.local/lib/python3.12/site-packages/airflow/example_dags/example_task_group.py
[2024-12-14T19:35:54.239+0000] {processor.py:925} INFO - DAG(s) 'example_task_group' retrieved from /home/airflow/.local/lib/python3.12/site-packages/airflow/example_dags/example_task_group.py
[2024-12-14T19:35:54.260+0000] {logging_mixin.py:190} INFO - [2024-12-14T19:35:54.260+0000] {dag.py:3239} INFO - Sync 1 DAGs
[2024-12-14T19:35:54.277+0000] {logging_mixin.py:190} INFO - [2024-12-14T19:35:54.277+0000] {dag.py:4180} INFO - Setting next_dagrun for example_task_group to None, run_after=None
[2024-12-14T19:35:54.293+0000] {processor.py:208} INFO - Processing /home/airflow/.local/lib/python3.12/site-packages/airflow/example_dags/example_task_group.py took 0.069 seconds
[2024-12-14T19:36:25.328+0000] {processor.py:186} INFO - Started process (PID=130) to work on /home/airflow/.local/lib/python3.12/site-packages/airflow/example_dags/example_task_group.py
[2024-12-14T19:36:25.329+0000] {processor.py:914} INFO - Processing file /home/airflow/.local/lib/python3.12/site-packages/airflow/example_dags/example_task_group.py for tasks to queue
[2024-12-14T19:36:25.331+0000] {logging_mixin.py:190} INFO - [2024-12-14T19:36:25.331+0000] {dagbag.py:588} INFO - Filling up the DagBag from /home/airflow/.local/lib/python3.12/site-packages/airflow/example_dags/example_task_group.py
[2024-12-14T19:36:25.340+0000] {processor.py:925} INFO - DAG(s) 'example_task_group' retrieved from /home/airflow/.local/lib/python3.12/site-packages/airflow/example_dags/example_task_group.py
[2024-12-14T19:36:25.358+0000] {logging_mixin.py:190} INFO - [2024-12-14T19:36:25.358+0000] {dag.py:3239} INFO - Sync 1 DAGs
[2024-12-14T19:36:25.370+0000] {logging_mixin.py:190} INFO - [2024-12-14T19:36:25.370+0000] {dag.py:4180} INFO - Setting next_dagrun for example_task_group to None, run_after=None
[2024-12-14T19:36:25.387+0000] {processor.py:208} INFO - Processing /home/airflow/.local/lib/python3.12/site-packages/airflow/example_dags/example_task_group.py took 0.064 seconds
[2024-12-14T19:36:56.340+0000] {processor.py:186} INFO - Started process (PID=193) to work on /home/airflow/.local/lib/python3.12/site-packages/airflow/example_dags/example_task_group.py
[2024-12-14T19:36:56.342+0000] {processor.py:914} INFO - Processing file /home/airflow/.local/lib/python3.12/site-packages/airflow/example_dags/example_task_group.py for tasks to queue
[2024-12-14T19:36:56.343+0000] {logging_mixin.py:190} INFO - [2024-12-14T19:36:56.343+0000] {dagbag.py:588} INFO - Filling up the DagBag from /home/airflow/.local/lib/python3.12/site-packages/airflow/example_dags/example_task_group.py
[2024-12-14T19:36:56.351+0000] {processor.py:925} INFO - DAG(s) 'example_task_group' retrieved from /home/airflow/.local/lib/python3.12/site-packages/airflow/example_dags/example_task_group.py
[2024-12-14T19:36:56.371+0000] {logging_mixin.py:190} INFO - [2024-12-14T19:36:56.371+0000] {dag.py:3239} INFO - Sync 1 DAGs
[2024-12-14T19:36:56.385+0000] {logging_mixin.py:190} INFO - [2024-12-14T19:36:56.385+0000] {dag.py:4180} INFO - Setting next_dagrun for example_task_group to None, run_after=None
[2024-12-14T19:36:56.401+0000] {processor.py:208} INFO - Processing /home/airflow/.local/lib/python3.12/site-packages/airflow/example_dags/example_task_group.py took 0.066 seconds
[2024-12-14T19:37:27.331+0000] {processor.py:186} INFO - Started process (PID=256) to work on /home/airflow/.local/lib/python3.12/site-packages/airflow/example_dags/example_task_group.py
[2024-12-14T19:37:27.332+0000] {processor.py:914} INFO - Processing file /home/airflow/.local/lib/python3.12/site-packages/airflow/example_dags/example_task_group.py for tasks to queue
[2024-12-14T19:37:27.334+0000] {logging_mixin.py:190} INFO - [2024-12-14T19:37:27.334+0000] {dagbag.py:588} INFO - Filling up the DagBag from /home/airflow/.local/lib/python3.12/site-packages/airflow/example_dags/example_task_group.py
[2024-12-14T19:37:27.341+0000] {processor.py:925} INFO - DAG(s) 'example_task_group' retrieved from /home/airflow/.local/lib/python3.12/site-packages/airflow/example_dags/example_task_group.py
[2024-12-14T19:37:27.362+0000] {logging_mixin.py:190} INFO - [2024-12-14T19:37:27.361+0000] {dag.py:3239} INFO - Sync 1 DAGs
[2024-12-14T19:37:27.376+0000] {logging_mixin.py:190} INFO - [2024-12-14T19:37:27.376+0000] {dag.py:4180} INFO - Setting next_dagrun for example_task_group to None, run_after=None
[2024-12-14T19:37:27.392+0000] {processor.py:208} INFO - Processing /home/airflow/.local/lib/python3.12/site-packages/airflow/example_dags/example_task_group.py took 0.066 seconds
[2024-12-14T19:37:58.270+0000] {processor.py:186} INFO - Started process (PID=319) to work on /home/airflow/.local/lib/python3.12/site-packages/airflow/example_dags/example_task_group.py
[2024-12-14T19:37:58.270+0000] {processor.py:914} INFO - Processing file /home/airflow/.local/lib/python3.12/site-packages/airflow/example_dags/example_task_group.py for tasks to queue
[2024-12-14T19:37:58.272+0000] {logging_mixin.py:190} INFO - [2024-12-14T19:37:58.272+0000] {dagbag.py:588} INFO - Filling up the DagBag from /home/airflow/.local/lib/python3.12/site-packages/airflow/example_dags/example_task_group.py
[2024-12-14T19:37:58.279+0000] {processor.py:925} INFO - DAG(s) 'example_task_group' retrieved from /home/airflow/.local/lib/python3.12/site-packages/airflow/example_dags/example_task_group.py
[2024-12-14T19:37:58.296+0000] {logging_mixin.py:190} INFO - [2024-12-14T19:37:58.296+0000] {dag.py:3239} INFO - Sync 1 DAGs
[2024-12-14T19:37:58.308+0000] {logging_mixin.py:190} INFO - [2024-12-14T19:37:58.308+0000] {dag.py:4180} INFO - Setting next_dagrun for example_task_group to None, run_after=None
[2024-12-14T19:37:58.322+0000] {processor.py:208} INFO - Processing /home/airflow/.local/lib/python3.12/site-packages/airflow/example_dags/example_task_group.py took 0.058 seconds
[2024-12-14T19:38:29.324+0000] {processor.py:186} INFO - Started process (PID=382) to work on /home/airflow/.local/lib/python3.12/site-packages/airflow/example_dags/example_task_group.py
[2024-12-14T19:38:29.325+0000] {processor.py:914} INFO - Processing file /home/airflow/.local/lib/python3.12/site-packages/airflow/example_dags/example_task_group.py for tasks to queue
[2024-12-14T19:38:29.327+0000] {logging_mixin.py:190} INFO - [2024-12-14T19:38:29.326+0000] {dagbag.py:588} INFO - Filling up the DagBag from /home/airflow/.local/lib/python3.12/site-packages/airflow/example_dags/example_task_group.py
[2024-12-14T19:38:29.334+0000] {processor.py:925} INFO - DAG(s) 'example_task_group' retrieved from /home/airflow/.local/lib/python3.12/site-packages/airflow/example_dags/example_task_group.py
[2024-12-14T19:38:29.351+0000] {logging_mixin.py:190} INFO - [2024-12-14T19:38:29.351+0000] {dag.py:3239} INFO - Sync 1 DAGs
[2024-12-14T19:38:29.364+0000] {logging_mixin.py:190} INFO - [2024-12-14T19:38:29.363+0000] {dag.py:4180} INFO - Setting next_dagrun for example_task_group to None, run_after=None
[2024-12-14T19:38:29.379+0000] {processor.py:208} INFO - Processing /home/airflow/.local/lib/python3.12/site-packages/airflow/example_dags/example_task_group.py took 0.059 seconds
[2024-12-14T19:39:00.678+0000] {processor.py:186} INFO - Started process (PID=445) to work on /home/airflow/.local/lib/python3.12/site-packages/airflow/example_dags/example_task_group.py
[2024-12-14T19:39:00.679+0000] {processor.py:914} INFO - Processing file /home/airflow/.local/lib/python3.12/site-packages/airflow/example_dags/example_task_group.py for tasks to queue
[2024-12-14T19:39:00.681+0000] {logging_mixin.py:190} INFO - [2024-12-14T19:39:00.681+0000] {dagbag.py:588} INFO - Filling up the DagBag from /home/airflow/.local/lib/python3.12/site-packages/airflow/example_dags/example_task_group.py
[2024-12-14T19:39:00.688+0000] {processor.py:925} INFO - DAG(s) 'example_task_group' retrieved from /home/airflow/.local/lib/python3.12/site-packages/airflow/example_dags/example_task_group.py
[2024-12-14T19:39:00.709+0000] {logging_mixin.py:190} INFO - [2024-12-14T19:39:00.709+0000] {dag.py:3239} INFO - Sync 1 DAGs
[2024-12-14T19:39:00.725+0000] {logging_mixin.py:190} INFO - [2024-12-14T19:39:00.725+0000] {dag.py:4180} INFO - Setting next_dagrun for example_task_group to None, run_after=None
[2024-12-14T19:39:00.743+0000] {processor.py:208} INFO - Processing /home/airflow/.local/lib/python3.12/site-packages/airflow/example_dags/example_task_group.py took 0.071 seconds
[2024-12-14T19:39:32.074+0000] {processor.py:186} INFO - Started process (PID=508) to work on /home/airflow/.local/lib/python3.12/site-packages/airflow/example_dags/example_task_group.py
[2024-12-14T19:39:32.075+0000] {processor.py:914} INFO - Processing file /home/airflow/.local/lib/python3.12/site-packages/airflow/example_dags/example_task_group.py for tasks to queue
[2024-12-14T19:39:32.076+0000] {logging_mixin.py:190} INFO - [2024-12-14T19:39:32.076+0000] {dagbag.py:588} INFO - Filling up the DagBag from /home/airflow/.local/lib/python3.12/site-packages/airflow/example_dags/example_task_group.py
[2024-12-14T19:39:32.084+0000] {processor.py:925} INFO - DAG(s) 'example_task_group' retrieved from /home/airflow/.local/lib/python3.12/site-packages/airflow/example_dags/example_task_group.py
[2024-12-14T19:39:32.106+0000] {logging_mixin.py:190} INFO - [2024-12-14T19:39:32.105+0000] {dag.py:3239} INFO - Sync 1 DAGs
[2024-12-14T19:39:32.120+0000] {logging_mixin.py:190} INFO - [2024-12-14T19:39:32.120+0000] {dag.py:4180} INFO - Setting next_dagrun for example_task_group to None, run_after=None
[2024-12-14T19:39:32.138+0000] {processor.py:208} INFO - Processing /home/airflow/.local/lib/python3.12/site-packages/airflow/example_dags/example_task_group.py took 0.070 seconds
[2024-12-14T19:40:03.516+0000] {processor.py:186} INFO - Started process (PID=571) to work on /home/airflow/.local/lib/python3.12/site-packages/airflow/example_dags/example_task_group.py
[2024-12-14T19:40:03.517+0000] {processor.py:914} INFO - Processing file /home/airflow/.local/lib/python3.12/site-packages/airflow/example_dags/example_task_group.py for tasks to queue
[2024-12-14T19:40:03.518+0000] {logging_mixin.py:190} INFO - [2024-12-14T19:40:03.518+0000] {dagbag.py:588} INFO - Filling up the DagBag from /home/airflow/.local/lib/python3.12/site-packages/airflow/example_dags/example_task_group.py
[2024-12-14T19:40:03.525+0000] {processor.py:925} INFO - DAG(s) 'example_task_group' retrieved from /home/airflow/.local/lib/python3.12/site-packages/airflow/example_dags/example_task_group.py
[2024-12-14T19:40:03.544+0000] {logging_mixin.py:190} INFO - [2024-12-14T19:40:03.544+0000] {dag.py:3239} INFO - Sync 1 DAGs
[2024-12-14T19:40:03.558+0000] {logging_mixin.py:190} INFO - [2024-12-14T19:40:03.557+0000] {dag.py:4180} INFO - Setting next_dagrun for example_task_group to None, run_after=None
[2024-12-14T19:40:03.575+0000] {processor.py:208} INFO - Processing /home/airflow/.local/lib/python3.12/site-packages/airflow/example_dags/example_task_group.py took 0.064 seconds
[2024-12-14T19:40:34.415+0000] {processor.py:186} INFO - Started process (PID=641) to work on /home/airflow/.local/lib/python3.12/site-packages/airflow/example_dags/example_task_group.py
[2024-12-14T19:40:34.416+0000] {processor.py:914} INFO - Processing file /home/airflow/.local/lib/python3.12/site-packages/airflow/example_dags/example_task_group.py for tasks to queue
[2024-12-14T19:40:34.418+0000] {logging_mixin.py:190} INFO - [2024-12-14T19:40:34.417+0000] {dagbag.py:588} INFO - Filling up the DagBag from /home/airflow/.local/lib/python3.12/site-packages/airflow/example_dags/example_task_group.py
[2024-12-14T19:40:34.427+0000] {processor.py:925} INFO - DAG(s) 'example_task_group' retrieved from /home/airflow/.local/lib/python3.12/site-packages/airflow/example_dags/example_task_group.py
[2024-12-14T19:40:34.445+0000] {logging_mixin.py:190} INFO - [2024-12-14T19:40:34.445+0000] {dag.py:3239} INFO - Sync 1 DAGs
[2024-12-14T19:40:34.459+0000] {logging_mixin.py:190} INFO - [2024-12-14T19:40:34.458+0000] {dag.py:4180} INFO - Setting next_dagrun for example_task_group to None, run_after=None
[2024-12-14T19:40:34.474+0000] {processor.py:208} INFO - Processing /home/airflow/.local/lib/python3.12/site-packages/airflow/example_dags/example_task_group.py took 0.064 seconds
[2024-12-14T19:41:05.218+0000] {processor.py:186} INFO - Started process (PID=704) to work on /home/airflow/.local/lib/python3.12/site-packages/airflow/example_dags/example_task_group.py
[2024-12-14T19:41:05.220+0000] {processor.py:914} INFO - Processing file /home/airflow/.local/lib/python3.12/site-packages/airflow/example_dags/example_task_group.py for tasks to queue
[2024-12-14T19:41:05.221+0000] {logging_mixin.py:190} INFO - [2024-12-14T19:41:05.221+0000] {dagbag.py:588} INFO - Filling up the DagBag from /home/airflow/.local/lib/python3.12/site-packages/airflow/example_dags/example_task_group.py
[2024-12-14T19:41:05.229+0000] {processor.py:925} INFO - DAG(s) 'example_task_group' retrieved from /home/airflow/.local/lib/python3.12/site-packages/airflow/example_dags/example_task_group.py
[2024-12-14T19:41:05.246+0000] {logging_mixin.py:190} INFO - [2024-12-14T19:41:05.245+0000] {dag.py:3239} INFO - Sync 1 DAGs
[2024-12-14T19:41:05.257+0000] {logging_mixin.py:190} INFO - [2024-12-14T19:41:05.257+0000] {dag.py:4180} INFO - Setting next_dagrun for example_task_group to None, run_after=None
[2024-12-14T19:41:05.271+0000] {processor.py:208} INFO - Processing /home/airflow/.local/lib/python3.12/site-packages/airflow/example_dags/example_task_group.py took 0.059 seconds
[2024-12-14T19:41:36.424+0000] {processor.py:186} INFO - Started process (PID=767) to work on /home/airflow/.local/lib/python3.12/site-packages/airflow/example_dags/example_task_group.py
[2024-12-14T19:41:36.425+0000] {processor.py:914} INFO - Processing file /home/airflow/.local/lib/python3.12/site-packages/airflow/example_dags/example_task_group.py for tasks to queue
[2024-12-14T19:41:36.426+0000] {logging_mixin.py:190} INFO - [2024-12-14T19:41:36.426+0000] {dagbag.py:588} INFO - Filling up the DagBag from /home/airflow/.local/lib/python3.12/site-packages/airflow/example_dags/example_task_group.py
[2024-12-14T19:41:36.433+0000] {processor.py:925} INFO - DAG(s) 'example_task_group' retrieved from /home/airflow/.local/lib/python3.12/site-packages/airflow/example_dags/example_task_group.py
[2024-12-14T19:41:36.453+0000] {logging_mixin.py:190} INFO - [2024-12-14T19:41:36.453+0000] {dag.py:3239} INFO - Sync 1 DAGs
[2024-12-14T19:41:36.468+0000] {logging_mixin.py:190} INFO - [2024-12-14T19:41:36.468+0000] {dag.py:4180} INFO - Setting next_dagrun for example_task_group to None, run_after=None
[2024-12-14T19:41:36.483+0000] {processor.py:208} INFO - Processing /home/airflow/.local/lib/python3.12/site-packages/airflow/example_dags/example_task_group.py took 0.064 seconds
[2024-12-14T19:42:07.997+0000] {processor.py:186} INFO - Started process (PID=829) to work on /home/airflow/.local/lib/python3.12/site-packages/airflow/example_dags/example_task_group.py
[2024-12-14T19:42:07.998+0000] {processor.py:914} INFO - Processing file /home/airflow/.local/lib/python3.12/site-packages/airflow/example_dags/example_task_group.py for tasks to queue
[2024-12-14T19:42:08.000+0000] {logging_mixin.py:190} INFO - [2024-12-14T19:42:08.000+0000] {dagbag.py:588} INFO - Filling up the DagBag from /home/airflow/.local/lib/python3.12/site-packages/airflow/example_dags/example_task_group.py
[2024-12-14T19:42:08.007+0000] {processor.py:925} INFO - DAG(s) 'example_task_group' retrieved from /home/airflow/.local/lib/python3.12/site-packages/airflow/example_dags/example_task_group.py
[2024-12-14T19:42:08.025+0000] {logging_mixin.py:190} INFO - [2024-12-14T19:42:08.024+0000] {dag.py:3239} INFO - Sync 1 DAGs
[2024-12-14T19:42:08.037+0000] {logging_mixin.py:190} INFO - [2024-12-14T19:42:08.037+0000] {dag.py:4180} INFO - Setting next_dagrun for example_task_group to None, run_after=None
[2024-12-14T19:42:08.052+0000] {processor.py:208} INFO - Processing /home/airflow/.local/lib/python3.12/site-packages/airflow/example_dags/example_task_group.py took 0.060 seconds
[2024-12-14T19:42:39.276+0000] {processor.py:186} INFO - Started process (PID=892) to work on /home/airflow/.local/lib/python3.12/site-packages/airflow/example_dags/example_task_group.py
[2024-12-14T19:42:39.277+0000] {processor.py:914} INFO - Processing file /home/airflow/.local/lib/python3.12/site-packages/airflow/example_dags/example_task_group.py for tasks to queue
[2024-12-14T19:42:39.280+0000] {logging_mixin.py:190} INFO - [2024-12-14T19:42:39.279+0000] {dagbag.py:588} INFO - Filling up the DagBag from /home/airflow/.local/lib/python3.12/site-packages/airflow/example_dags/example_task_group.py
[2024-12-14T19:42:39.289+0000] {processor.py:925} INFO - DAG(s) 'example_task_group' retrieved from /home/airflow/.local/lib/python3.12/site-packages/airflow/example_dags/example_task_group.py
[2024-12-14T19:42:39.312+0000] {logging_mixin.py:190} INFO - [2024-12-14T19:42:39.311+0000] {dag.py:3239} INFO - Sync 1 DAGs
[2024-12-14T19:42:39.328+0000] {logging_mixin.py:190} INFO - [2024-12-14T19:42:39.328+0000] {dag.py:4180} INFO - Setting next_dagrun for example_task_group to None, run_after=None
[2024-12-14T19:42:39.347+0000] {processor.py:208} INFO - Processing /home/airflow/.local/lib/python3.12/site-packages/airflow/example_dags/example_task_group.py took 0.077 seconds
[2024-12-14T19:43:09.696+0000] {processor.py:186} INFO - Started process (PID=954) to work on /home/airflow/.local/lib/python3.12/site-packages/airflow/example_dags/example_task_group.py
[2024-12-14T19:43:09.696+0000] {processor.py:914} INFO - Processing file /home/airflow/.local/lib/python3.12/site-packages/airflow/example_dags/example_task_group.py for tasks to queue
[2024-12-14T19:43:09.698+0000] {logging_mixin.py:190} INFO - [2024-12-14T19:43:09.698+0000] {dagbag.py:588} INFO - Filling up the DagBag from /home/airflow/.local/lib/python3.12/site-packages/airflow/example_dags/example_task_group.py
[2024-12-14T19:43:09.707+0000] {processor.py:925} INFO - DAG(s) 'example_task_group' retrieved from /home/airflow/.local/lib/python3.12/site-packages/airflow/example_dags/example_task_group.py
[2024-12-14T19:43:09.730+0000] {logging_mixin.py:190} INFO - [2024-12-14T19:43:09.730+0000] {dag.py:3239} INFO - Sync 1 DAGs
[2024-12-14T19:43:09.745+0000] {logging_mixin.py:190} INFO - [2024-12-14T19:43:09.745+0000] {dag.py:4180} INFO - Setting next_dagrun for example_task_group to None, run_after=None
[2024-12-14T19:43:09.764+0000] {processor.py:208} INFO - Processing /home/airflow/.local/lib/python3.12/site-packages/airflow/example_dags/example_task_group.py took 0.074 seconds
[2024-12-14T19:43:40.651+0000] {processor.py:186} INFO - Started process (PID=1017) to work on /home/airflow/.local/lib/python3.12/site-packages/airflow/example_dags/example_task_group.py
[2024-12-14T19:43:40.652+0000] {processor.py:914} INFO - Processing file /home/airflow/.local/lib/python3.12/site-packages/airflow/example_dags/example_task_group.py for tasks to queue
[2024-12-14T19:43:40.654+0000] {logging_mixin.py:190} INFO - [2024-12-14T19:43:40.654+0000] {dagbag.py:588} INFO - Filling up the DagBag from /home/airflow/.local/lib/python3.12/site-packages/airflow/example_dags/example_task_group.py
[2024-12-14T19:43:40.661+0000] {processor.py:925} INFO - DAG(s) 'example_task_group' retrieved from /home/airflow/.local/lib/python3.12/site-packages/airflow/example_dags/example_task_group.py
[2024-12-14T19:43:40.683+0000] {logging_mixin.py:190} INFO - [2024-12-14T19:43:40.682+0000] {dag.py:3239} INFO - Sync 1 DAGs
[2024-12-14T19:43:40.700+0000] {logging_mixin.py:190} INFO - [2024-12-14T19:43:40.699+0000] {dag.py:4180} INFO - Setting next_dagrun for example_task_group to None, run_after=None
[2024-12-14T19:43:40.718+0000] {processor.py:208} INFO - Processing /home/airflow/.local/lib/python3.12/site-packages/airflow/example_dags/example_task_group.py took 0.071 seconds
[2024-12-14T19:44:10.963+0000] {processor.py:186} INFO - Started process (PID=1079) to work on /home/airflow/.local/lib/python3.12/site-packages/airflow/example_dags/example_task_group.py
[2024-12-14T19:44:10.964+0000] {processor.py:914} INFO - Processing file /home/airflow/.local/lib/python3.12/site-packages/airflow/example_dags/example_task_group.py for tasks to queue
[2024-12-14T19:44:10.966+0000] {logging_mixin.py:190} INFO - [2024-12-14T19:44:10.965+0000] {dagbag.py:588} INFO - Filling up the DagBag from /home/airflow/.local/lib/python3.12/site-packages/airflow/example_dags/example_task_group.py
[2024-12-14T19:44:10.973+0000] {processor.py:925} INFO - DAG(s) 'example_task_group' retrieved from /home/airflow/.local/lib/python3.12/site-packages/airflow/example_dags/example_task_group.py
[2024-12-14T19:44:10.990+0000] {logging_mixin.py:190} INFO - [2024-12-14T19:44:10.990+0000] {dag.py:3239} INFO - Sync 1 DAGs
[2024-12-14T19:44:11.003+0000] {logging_mixin.py:190} INFO - [2024-12-14T19:44:11.003+0000] {dag.py:4180} INFO - Setting next_dagrun for example_task_group to None, run_after=None
[2024-12-14T19:44:11.018+0000] {processor.py:208} INFO - Processing /home/airflow/.local/lib/python3.12/site-packages/airflow/example_dags/example_task_group.py took 0.060 seconds
[2024-12-14T19:44:42.663+0000] {processor.py:186} INFO - Started process (PID=1143) to work on /home/airflow/.local/lib/python3.12/site-packages/airflow/example_dags/example_task_group.py
[2024-12-14T19:44:42.664+0000] {processor.py:914} INFO - Processing file /home/airflow/.local/lib/python3.12/site-packages/airflow/example_dags/example_task_group.py for tasks to queue
[2024-12-14T19:44:42.666+0000] {logging_mixin.py:190} INFO - [2024-12-14T19:44:42.665+0000] {dagbag.py:588} INFO - Filling up the DagBag from /home/airflow/.local/lib/python3.12/site-packages/airflow/example_dags/example_task_group.py
[2024-12-14T19:44:42.673+0000] {processor.py:925} INFO - DAG(s) 'example_task_group' retrieved from /home/airflow/.local/lib/python3.12/site-packages/airflow/example_dags/example_task_group.py
[2024-12-14T19:44:42.691+0000] {logging_mixin.py:190} INFO - [2024-12-14T19:44:42.691+0000] {dag.py:3239} INFO - Sync 1 DAGs
[2024-12-14T19:44:42.703+0000] {logging_mixin.py:190} INFO - [2024-12-14T19:44:42.703+0000] {dag.py:4180} INFO - Setting next_dagrun for example_task_group to None, run_after=None
[2024-12-14T19:44:42.718+0000] {processor.py:208} INFO - Processing /home/airflow/.local/lib/python3.12/site-packages/airflow/example_dags/example_task_group.py took 0.060 seconds
[2024-12-14T19:45:14.366+0000] {processor.py:186} INFO - Started process (PID=1206) to work on /home/airflow/.local/lib/python3.12/site-packages/airflow/example_dags/example_task_group.py
[2024-12-14T19:45:14.366+0000] {processor.py:914} INFO - Processing file /home/airflow/.local/lib/python3.12/site-packages/airflow/example_dags/example_task_group.py for tasks to queue
[2024-12-14T19:45:14.369+0000] {logging_mixin.py:190} INFO - [2024-12-14T19:45:14.368+0000] {dagbag.py:588} INFO - Filling up the DagBag from /home/airflow/.local/lib/python3.12/site-packages/airflow/example_dags/example_task_group.py
[2024-12-14T19:45:14.378+0000] {processor.py:925} INFO - DAG(s) 'example_task_group' retrieved from /home/airflow/.local/lib/python3.12/site-packages/airflow/example_dags/example_task_group.py
[2024-12-14T19:45:14.399+0000] {logging_mixin.py:190} INFO - [2024-12-14T19:45:14.398+0000] {dag.py:3239} INFO - Sync 1 DAGs
[2024-12-14T19:45:14.413+0000] {logging_mixin.py:190} INFO - [2024-12-14T19:45:14.413+0000] {dag.py:4180} INFO - Setting next_dagrun for example_task_group to None, run_after=None
[2024-12-14T19:45:14.430+0000] {processor.py:208} INFO - Processing /home/airflow/.local/lib/python3.12/site-packages/airflow/example_dags/example_task_group.py took 0.071 seconds
[2024-12-14T19:45:45.294+0000] {processor.py:186} INFO - Started process (PID=1269) to work on /home/airflow/.local/lib/python3.12/site-packages/airflow/example_dags/example_task_group.py
[2024-12-14T19:45:45.295+0000] {processor.py:914} INFO - Processing file /home/airflow/.local/lib/python3.12/site-packages/airflow/example_dags/example_task_group.py for tasks to queue
[2024-12-14T19:45:45.297+0000] {logging_mixin.py:190} INFO - [2024-12-14T19:45:45.297+0000] {dagbag.py:588} INFO - Filling up the DagBag from /home/airflow/.local/lib/python3.12/site-packages/airflow/example_dags/example_task_group.py
[2024-12-14T19:45:45.304+0000] {processor.py:925} INFO - DAG(s) 'example_task_group' retrieved from /home/airflow/.local/lib/python3.12/site-packages/airflow/example_dags/example_task_group.py
[2024-12-14T19:45:45.323+0000] {logging_mixin.py:190} INFO - [2024-12-14T19:45:45.323+0000] {dag.py:3239} INFO - Sync 1 DAGs
[2024-12-14T19:45:45.337+0000] {logging_mixin.py:190} INFO - [2024-12-14T19:45:45.337+0000] {dag.py:4180} INFO - Setting next_dagrun for example_task_group to None, run_after=None
[2024-12-14T19:45:45.352+0000] {processor.py:208} INFO - Processing /home/airflow/.local/lib/python3.12/site-packages/airflow/example_dags/example_task_group.py took 0.063 seconds
