[2024-12-14T19:28:26.434+0000] {processor.py:186} INFO - Started process (PID=46) to work on /home/airflow/.local/lib/python3.12/site-packages/airflow/example_dags/example_trigger_target_dag.py
[2024-12-14T19:28:26.435+0000] {processor.py:914} INFO - Processing file /home/airflow/.local/lib/python3.12/site-packages/airflow/example_dags/example_trigger_target_dag.py for tasks to queue
[2024-12-14T19:28:26.437+0000] {logging_mixin.py:190} INFO - [2024-12-14T19:28:26.436+0000] {dagbag.py:588} INFO - Filling up the DagBag from /home/airflow/.local/lib/python3.12/site-packages/airflow/example_dags/example_trigger_target_dag.py
[2024-12-14T19:28:26.446+0000] {processor.py:925} INFO - DAG(s) 'example_trigger_target_dag' retrieved from /home/airflow/.local/lib/python3.12/site-packages/airflow/example_dags/example_trigger_target_dag.py
[2024-12-14T19:28:26.600+0000] {logging_mixin.py:190} INFO - [2024-12-14T19:28:26.599+0000] {override.py:1911} INFO - Created Permission View: can edit on DAG:example_trigger_target_dag
[2024-12-14T19:28:26.610+0000] {logging_mixin.py:190} INFO - [2024-12-14T19:28:26.609+0000] {override.py:1911} INFO - Created Permission View: can delete on DAG:example_trigger_target_dag
[2024-12-14T19:28:26.616+0000] {logging_mixin.py:190} INFO - [2024-12-14T19:28:26.616+0000] {override.py:1911} INFO - Created Permission View: can read on DAG:example_trigger_target_dag
[2024-12-14T19:28:26.622+0000] {logging_mixin.py:190} INFO - [2024-12-14T19:28:26.622+0000] {override.py:1911} INFO - Created Permission View: menu access on DAG Run:example_trigger_target_dag
[2024-12-14T19:28:26.629+0000] {logging_mixin.py:190} INFO - [2024-12-14T19:28:26.628+0000] {override.py:1911} INFO - Created Permission View: can delete on DAG Run:example_trigger_target_dag
[2024-12-14T19:28:26.635+0000] {logging_mixin.py:190} INFO - [2024-12-14T19:28:26.634+0000] {override.py:1911} INFO - Created Permission View: can create on DAG Run:example_trigger_target_dag
[2024-12-14T19:28:26.641+0000] {logging_mixin.py:190} INFO - [2024-12-14T19:28:26.640+0000] {override.py:1911} INFO - Created Permission View: can read on DAG Run:example_trigger_target_dag
[2024-12-14T19:28:26.641+0000] {logging_mixin.py:190} INFO - [2024-12-14T19:28:26.641+0000] {dag.py:3239} INFO - Sync 1 DAGs
[2024-12-14T19:28:26.655+0000] {logging_mixin.py:190} INFO - [2024-12-14T19:28:26.655+0000] {dag.py:3262} INFO - Creating ORM DAG for example_trigger_target_dag
[2024-12-14T19:28:26.656+0000] {logging_mixin.py:190} INFO - [2024-12-14T19:28:26.656+0000] {dag.py:4180} INFO - Setting next_dagrun for example_trigger_target_dag to None, run_after=None
[2024-12-14T19:28:26.672+0000] {processor.py:208} INFO - Processing /home/airflow/.local/lib/python3.12/site-packages/airflow/example_dags/example_trigger_target_dag.py took 0.246 seconds
[2024-12-14T19:28:57.104+0000] {processor.py:186} INFO - Started process (PID=108) to work on /home/airflow/.local/lib/python3.12/site-packages/airflow/example_dags/example_trigger_target_dag.py
[2024-12-14T19:28:57.115+0000] {processor.py:914} INFO - Processing file /home/airflow/.local/lib/python3.12/site-packages/airflow/example_dags/example_trigger_target_dag.py for tasks to queue
[2024-12-14T19:28:57.117+0000] {logging_mixin.py:190} INFO - [2024-12-14T19:28:57.117+0000] {dagbag.py:588} INFO - Filling up the DagBag from /home/airflow/.local/lib/python3.12/site-packages/airflow/example_dags/example_trigger_target_dag.py
[2024-12-14T19:28:57.124+0000] {processor.py:925} INFO - DAG(s) 'example_trigger_target_dag' retrieved from /home/airflow/.local/lib/python3.12/site-packages/airflow/example_dags/example_trigger_target_dag.py
[2024-12-14T19:28:57.142+0000] {logging_mixin.py:190} INFO - [2024-12-14T19:28:57.142+0000] {dag.py:3239} INFO - Sync 1 DAGs
[2024-12-14T19:28:57.158+0000] {logging_mixin.py:190} INFO - [2024-12-14T19:28:57.158+0000] {dag.py:4180} INFO - Setting next_dagrun for example_trigger_target_dag to None, run_after=None
[2024-12-14T19:28:57.175+0000] {processor.py:208} INFO - Processing /home/airflow/.local/lib/python3.12/site-packages/airflow/example_dags/example_trigger_target_dag.py took 0.076 seconds
[2024-12-14T19:29:28.472+0000] {processor.py:186} INFO - Started process (PID=171) to work on /home/airflow/.local/lib/python3.12/site-packages/airflow/example_dags/example_trigger_target_dag.py
[2024-12-14T19:29:28.473+0000] {processor.py:914} INFO - Processing file /home/airflow/.local/lib/python3.12/site-packages/airflow/example_dags/example_trigger_target_dag.py for tasks to queue
[2024-12-14T19:29:28.474+0000] {logging_mixin.py:190} INFO - [2024-12-14T19:29:28.474+0000] {dagbag.py:588} INFO - Filling up the DagBag from /home/airflow/.local/lib/python3.12/site-packages/airflow/example_dags/example_trigger_target_dag.py
[2024-12-14T19:29:28.481+0000] {processor.py:925} INFO - DAG(s) 'example_trigger_target_dag' retrieved from /home/airflow/.local/lib/python3.12/site-packages/airflow/example_dags/example_trigger_target_dag.py
[2024-12-14T19:29:28.498+0000] {logging_mixin.py:190} INFO - [2024-12-14T19:29:28.497+0000] {dag.py:3239} INFO - Sync 1 DAGs
[2024-12-14T19:29:28.513+0000] {logging_mixin.py:190} INFO - [2024-12-14T19:29:28.513+0000] {dag.py:4180} INFO - Setting next_dagrun for example_trigger_target_dag to None, run_after=None
[2024-12-14T19:29:28.530+0000] {processor.py:208} INFO - Processing /home/airflow/.local/lib/python3.12/site-packages/airflow/example_dags/example_trigger_target_dag.py took 0.063 seconds
[2024-12-14T19:29:59.794+0000] {processor.py:186} INFO - Started process (PID=234) to work on /home/airflow/.local/lib/python3.12/site-packages/airflow/example_dags/example_trigger_target_dag.py
[2024-12-14T19:29:59.795+0000] {processor.py:914} INFO - Processing file /home/airflow/.local/lib/python3.12/site-packages/airflow/example_dags/example_trigger_target_dag.py for tasks to queue
[2024-12-14T19:29:59.797+0000] {logging_mixin.py:190} INFO - [2024-12-14T19:29:59.797+0000] {dagbag.py:588} INFO - Filling up the DagBag from /home/airflow/.local/lib/python3.12/site-packages/airflow/example_dags/example_trigger_target_dag.py
[2024-12-14T19:29:59.804+0000] {processor.py:925} INFO - DAG(s) 'example_trigger_target_dag' retrieved from /home/airflow/.local/lib/python3.12/site-packages/airflow/example_dags/example_trigger_target_dag.py
[2024-12-14T19:29:59.820+0000] {logging_mixin.py:190} INFO - [2024-12-14T19:29:59.820+0000] {dag.py:3239} INFO - Sync 1 DAGs
[2024-12-14T19:29:59.834+0000] {logging_mixin.py:190} INFO - [2024-12-14T19:29:59.834+0000] {dag.py:4180} INFO - Setting next_dagrun for example_trigger_target_dag to None, run_after=None
[2024-12-14T19:29:59.849+0000] {processor.py:208} INFO - Processing /home/airflow/.local/lib/python3.12/site-packages/airflow/example_dags/example_trigger_target_dag.py took 0.060 seconds
[2024-12-14T19:30:30.444+0000] {processor.py:186} INFO - Started process (PID=297) to work on /home/airflow/.local/lib/python3.12/site-packages/airflow/example_dags/example_trigger_target_dag.py
[2024-12-14T19:30:30.445+0000] {processor.py:914} INFO - Processing file /home/airflow/.local/lib/python3.12/site-packages/airflow/example_dags/example_trigger_target_dag.py for tasks to queue
[2024-12-14T19:30:30.447+0000] {logging_mixin.py:190} INFO - [2024-12-14T19:30:30.446+0000] {dagbag.py:588} INFO - Filling up the DagBag from /home/airflow/.local/lib/python3.12/site-packages/airflow/example_dags/example_trigger_target_dag.py
[2024-12-14T19:30:30.455+0000] {processor.py:925} INFO - DAG(s) 'example_trigger_target_dag' retrieved from /home/airflow/.local/lib/python3.12/site-packages/airflow/example_dags/example_trigger_target_dag.py
[2024-12-14T19:30:30.474+0000] {logging_mixin.py:190} INFO - [2024-12-14T19:30:30.473+0000] {dag.py:3239} INFO - Sync 1 DAGs
[2024-12-14T19:30:30.489+0000] {logging_mixin.py:190} INFO - [2024-12-14T19:30:30.489+0000] {dag.py:4180} INFO - Setting next_dagrun for example_trigger_target_dag to None, run_after=None
[2024-12-14T19:30:30.506+0000] {processor.py:208} INFO - Processing /home/airflow/.local/lib/python3.12/site-packages/airflow/example_dags/example_trigger_target_dag.py took 0.068 seconds
[2024-12-14T19:31:40.534+0000] {processor.py:186} INFO - Started process (PID=41) to work on /home/airflow/.local/lib/python3.12/site-packages/airflow/example_dags/example_trigger_target_dag.py
[2024-12-14T19:31:40.534+0000] {processor.py:914} INFO - Processing file /home/airflow/.local/lib/python3.12/site-packages/airflow/example_dags/example_trigger_target_dag.py for tasks to queue
[2024-12-14T19:31:40.537+0000] {logging_mixin.py:190} INFO - [2024-12-14T19:31:40.536+0000] {dagbag.py:588} INFO - Filling up the DagBag from /home/airflow/.local/lib/python3.12/site-packages/airflow/example_dags/example_trigger_target_dag.py
[2024-12-14T19:31:40.546+0000] {processor.py:925} INFO - DAG(s) 'example_trigger_target_dag' retrieved from /home/airflow/.local/lib/python3.12/site-packages/airflow/example_dags/example_trigger_target_dag.py
[2024-12-14T19:31:40.575+0000] {logging_mixin.py:190} INFO - [2024-12-14T19:31:40.575+0000] {dag.py:3239} INFO - Sync 1 DAGs
[2024-12-14T19:31:40.592+0000] {logging_mixin.py:190} INFO - [2024-12-14T19:31:40.592+0000] {dag.py:4180} INFO - Setting next_dagrun for example_trigger_target_dag to None, run_after=None
[2024-12-14T19:31:40.612+0000] {processor.py:208} INFO - Processing /home/airflow/.local/lib/python3.12/site-packages/airflow/example_dags/example_trigger_target_dag.py took 0.085 seconds
[2024-12-14T19:32:11.490+0000] {processor.py:186} INFO - Started process (PID=103) to work on /home/airflow/.local/lib/python3.12/site-packages/airflow/example_dags/example_trigger_target_dag.py
[2024-12-14T19:32:11.491+0000] {processor.py:914} INFO - Processing file /home/airflow/.local/lib/python3.12/site-packages/airflow/example_dags/example_trigger_target_dag.py for tasks to queue
[2024-12-14T19:32:11.492+0000] {logging_mixin.py:190} INFO - [2024-12-14T19:32:11.492+0000] {dagbag.py:588} INFO - Filling up the DagBag from /home/airflow/.local/lib/python3.12/site-packages/airflow/example_dags/example_trigger_target_dag.py
[2024-12-14T19:32:11.499+0000] {processor.py:925} INFO - DAG(s) 'example_trigger_target_dag' retrieved from /home/airflow/.local/lib/python3.12/site-packages/airflow/example_dags/example_trigger_target_dag.py
[2024-12-14T19:32:11.514+0000] {logging_mixin.py:190} INFO - [2024-12-14T19:32:11.513+0000] {dag.py:3239} INFO - Sync 1 DAGs
[2024-12-14T19:32:11.526+0000] {logging_mixin.py:190} INFO - [2024-12-14T19:32:11.526+0000] {dag.py:4180} INFO - Setting next_dagrun for example_trigger_target_dag to None, run_after=None
[2024-12-14T19:32:11.540+0000] {processor.py:208} INFO - Processing /home/airflow/.local/lib/python3.12/site-packages/airflow/example_dags/example_trigger_target_dag.py took 0.055 seconds
[2024-12-14T19:32:43.055+0000] {processor.py:186} INFO - Started process (PID=174) to work on /home/airflow/.local/lib/python3.12/site-packages/airflow/example_dags/example_trigger_target_dag.py
[2024-12-14T19:32:43.056+0000] {processor.py:914} INFO - Processing file /home/airflow/.local/lib/python3.12/site-packages/airflow/example_dags/example_trigger_target_dag.py for tasks to queue
[2024-12-14T19:32:43.057+0000] {logging_mixin.py:190} INFO - [2024-12-14T19:32:43.057+0000] {dagbag.py:588} INFO - Filling up the DagBag from /home/airflow/.local/lib/python3.12/site-packages/airflow/example_dags/example_trigger_target_dag.py
[2024-12-14T19:32:43.064+0000] {processor.py:925} INFO - DAG(s) 'example_trigger_target_dag' retrieved from /home/airflow/.local/lib/python3.12/site-packages/airflow/example_dags/example_trigger_target_dag.py
[2024-12-14T19:32:43.080+0000] {logging_mixin.py:190} INFO - [2024-12-14T19:32:43.080+0000] {dag.py:3239} INFO - Sync 1 DAGs
[2024-12-14T19:32:43.093+0000] {logging_mixin.py:190} INFO - [2024-12-14T19:32:43.093+0000] {dag.py:4180} INFO - Setting next_dagrun for example_trigger_target_dag to None, run_after=None
[2024-12-14T19:32:43.109+0000] {processor.py:208} INFO - Processing /home/airflow/.local/lib/python3.12/site-packages/airflow/example_dags/example_trigger_target_dag.py took 0.060 seconds
[2024-12-14T19:33:14.101+0000] {processor.py:186} INFO - Started process (PID=236) to work on /home/airflow/.local/lib/python3.12/site-packages/airflow/example_dags/example_trigger_target_dag.py
[2024-12-14T19:33:14.102+0000] {processor.py:914} INFO - Processing file /home/airflow/.local/lib/python3.12/site-packages/airflow/example_dags/example_trigger_target_dag.py for tasks to queue
[2024-12-14T19:33:14.104+0000] {logging_mixin.py:190} INFO - [2024-12-14T19:33:14.103+0000] {dagbag.py:588} INFO - Filling up the DagBag from /home/airflow/.local/lib/python3.12/site-packages/airflow/example_dags/example_trigger_target_dag.py
[2024-12-14T19:33:14.110+0000] {processor.py:925} INFO - DAG(s) 'example_trigger_target_dag' retrieved from /home/airflow/.local/lib/python3.12/site-packages/airflow/example_dags/example_trigger_target_dag.py
[2024-12-14T19:33:14.127+0000] {logging_mixin.py:190} INFO - [2024-12-14T19:33:14.127+0000] {dag.py:3239} INFO - Sync 1 DAGs
[2024-12-14T19:33:14.143+0000] {logging_mixin.py:190} INFO - [2024-12-14T19:33:14.142+0000] {dag.py:4180} INFO - Setting next_dagrun for example_trigger_target_dag to None, run_after=None
[2024-12-14T19:33:14.159+0000] {processor.py:208} INFO - Processing /home/airflow/.local/lib/python3.12/site-packages/airflow/example_dags/example_trigger_target_dag.py took 0.064 seconds
[2024-12-14T19:33:45.278+0000] {processor.py:186} INFO - Started process (PID=299) to work on /home/airflow/.local/lib/python3.12/site-packages/airflow/example_dags/example_trigger_target_dag.py
[2024-12-14T19:33:45.279+0000] {processor.py:914} INFO - Processing file /home/airflow/.local/lib/python3.12/site-packages/airflow/example_dags/example_trigger_target_dag.py for tasks to queue
[2024-12-14T19:33:45.280+0000] {logging_mixin.py:190} INFO - [2024-12-14T19:33:45.280+0000] {dagbag.py:588} INFO - Filling up the DagBag from /home/airflow/.local/lib/python3.12/site-packages/airflow/example_dags/example_trigger_target_dag.py
[2024-12-14T19:33:45.287+0000] {processor.py:925} INFO - DAG(s) 'example_trigger_target_dag' retrieved from /home/airflow/.local/lib/python3.12/site-packages/airflow/example_dags/example_trigger_target_dag.py
[2024-12-14T19:33:45.302+0000] {logging_mixin.py:190} INFO - [2024-12-14T19:33:45.301+0000] {dag.py:3239} INFO - Sync 1 DAGs
[2024-12-14T19:33:45.315+0000] {logging_mixin.py:190} INFO - [2024-12-14T19:33:45.315+0000] {dag.py:4180} INFO - Setting next_dagrun for example_trigger_target_dag to None, run_after=None
[2024-12-14T19:33:45.330+0000] {processor.py:208} INFO - Processing /home/airflow/.local/lib/python3.12/site-packages/airflow/example_dags/example_trigger_target_dag.py took 0.058 seconds
[2024-12-14T19:34:15.923+0000] {processor.py:186} INFO - Started process (PID=362) to work on /home/airflow/.local/lib/python3.12/site-packages/airflow/example_dags/example_trigger_target_dag.py
[2024-12-14T19:34:15.925+0000] {processor.py:914} INFO - Processing file /home/airflow/.local/lib/python3.12/site-packages/airflow/example_dags/example_trigger_target_dag.py for tasks to queue
[2024-12-14T19:34:15.926+0000] {logging_mixin.py:190} INFO - [2024-12-14T19:34:15.926+0000] {dagbag.py:588} INFO - Filling up the DagBag from /home/airflow/.local/lib/python3.12/site-packages/airflow/example_dags/example_trigger_target_dag.py
[2024-12-14T19:34:15.933+0000] {processor.py:925} INFO - DAG(s) 'example_trigger_target_dag' retrieved from /home/airflow/.local/lib/python3.12/site-packages/airflow/example_dags/example_trigger_target_dag.py
[2024-12-14T19:34:15.948+0000] {logging_mixin.py:190} INFO - [2024-12-14T19:34:15.947+0000] {dag.py:3239} INFO - Sync 1 DAGs
[2024-12-14T19:34:15.960+0000] {logging_mixin.py:190} INFO - [2024-12-14T19:34:15.959+0000] {dag.py:4180} INFO - Setting next_dagrun for example_trigger_target_dag to None, run_after=None
[2024-12-14T19:34:15.975+0000] {processor.py:208} INFO - Processing /home/airflow/.local/lib/python3.12/site-packages/airflow/example_dags/example_trigger_target_dag.py took 0.057 seconds
[2024-12-14T19:34:47.380+0000] {processor.py:186} INFO - Started process (PID=425) to work on /home/airflow/.local/lib/python3.12/site-packages/airflow/example_dags/example_trigger_target_dag.py
[2024-12-14T19:34:47.381+0000] {processor.py:914} INFO - Processing file /home/airflow/.local/lib/python3.12/site-packages/airflow/example_dags/example_trigger_target_dag.py for tasks to queue
[2024-12-14T19:34:47.383+0000] {logging_mixin.py:190} INFO - [2024-12-14T19:34:47.383+0000] {dagbag.py:588} INFO - Filling up the DagBag from /home/airflow/.local/lib/python3.12/site-packages/airflow/example_dags/example_trigger_target_dag.py
[2024-12-14T19:34:47.391+0000] {processor.py:925} INFO - DAG(s) 'example_trigger_target_dag' retrieved from /home/airflow/.local/lib/python3.12/site-packages/airflow/example_dags/example_trigger_target_dag.py
[2024-12-14T19:34:47.407+0000] {logging_mixin.py:190} INFO - [2024-12-14T19:34:47.407+0000] {dag.py:3239} INFO - Sync 1 DAGs
[2024-12-14T19:34:47.420+0000] {logging_mixin.py:190} INFO - [2024-12-14T19:34:47.419+0000] {dag.py:4180} INFO - Setting next_dagrun for example_trigger_target_dag to None, run_after=None
[2024-12-14T19:34:47.435+0000] {processor.py:208} INFO - Processing /home/airflow/.local/lib/python3.12/site-packages/airflow/example_dags/example_trigger_target_dag.py took 0.060 seconds
[2024-12-14T19:35:52.231+0000] {processor.py:186} INFO - Started process (PID=40) to work on /home/airflow/.local/lib/python3.12/site-packages/airflow/example_dags/example_trigger_target_dag.py
[2024-12-14T19:35:52.232+0000] {processor.py:914} INFO - Processing file /home/airflow/.local/lib/python3.12/site-packages/airflow/example_dags/example_trigger_target_dag.py for tasks to queue
[2024-12-14T19:35:52.234+0000] {logging_mixin.py:190} INFO - [2024-12-14T19:35:52.234+0000] {dagbag.py:588} INFO - Filling up the DagBag from /home/airflow/.local/lib/python3.12/site-packages/airflow/example_dags/example_trigger_target_dag.py
[2024-12-14T19:35:52.242+0000] {processor.py:925} INFO - DAG(s) 'example_trigger_target_dag' retrieved from /home/airflow/.local/lib/python3.12/site-packages/airflow/example_dags/example_trigger_target_dag.py
[2024-12-14T19:35:52.267+0000] {logging_mixin.py:190} INFO - [2024-12-14T19:35:52.267+0000] {dag.py:3239} INFO - Sync 1 DAGs
[2024-12-14T19:35:52.284+0000] {logging_mixin.py:190} INFO - [2024-12-14T19:35:52.283+0000] {dag.py:4180} INFO - Setting next_dagrun for example_trigger_target_dag to None, run_after=None
[2024-12-14T19:35:52.303+0000] {processor.py:208} INFO - Processing /home/airflow/.local/lib/python3.12/site-packages/airflow/example_dags/example_trigger_target_dag.py took 0.076 seconds
[2024-12-14T19:36:23.382+0000] {processor.py:186} INFO - Started process (PID=102) to work on /home/airflow/.local/lib/python3.12/site-packages/airflow/example_dags/example_trigger_target_dag.py
[2024-12-14T19:36:23.382+0000] {processor.py:914} INFO - Processing file /home/airflow/.local/lib/python3.12/site-packages/airflow/example_dags/example_trigger_target_dag.py for tasks to queue
[2024-12-14T19:36:23.384+0000] {logging_mixin.py:190} INFO - [2024-12-14T19:36:23.383+0000] {dagbag.py:588} INFO - Filling up the DagBag from /home/airflow/.local/lib/python3.12/site-packages/airflow/example_dags/example_trigger_target_dag.py
[2024-12-14T19:36:23.390+0000] {processor.py:925} INFO - DAG(s) 'example_trigger_target_dag' retrieved from /home/airflow/.local/lib/python3.12/site-packages/airflow/example_dags/example_trigger_target_dag.py
[2024-12-14T19:36:23.407+0000] {logging_mixin.py:190} INFO - [2024-12-14T19:36:23.407+0000] {dag.py:3239} INFO - Sync 1 DAGs
[2024-12-14T19:36:23.423+0000] {logging_mixin.py:190} INFO - [2024-12-14T19:36:23.422+0000] {dag.py:4180} INFO - Setting next_dagrun for example_trigger_target_dag to None, run_after=None
[2024-12-14T19:36:23.440+0000] {processor.py:208} INFO - Processing /home/airflow/.local/lib/python3.12/site-packages/airflow/example_dags/example_trigger_target_dag.py took 0.063 seconds
[2024-12-14T19:36:54.356+0000] {processor.py:186} INFO - Started process (PID=165) to work on /home/airflow/.local/lib/python3.12/site-packages/airflow/example_dags/example_trigger_target_dag.py
[2024-12-14T19:36:54.357+0000] {processor.py:914} INFO - Processing file /home/airflow/.local/lib/python3.12/site-packages/airflow/example_dags/example_trigger_target_dag.py for tasks to queue
[2024-12-14T19:36:54.359+0000] {logging_mixin.py:190} INFO - [2024-12-14T19:36:54.359+0000] {dagbag.py:588} INFO - Filling up the DagBag from /home/airflow/.local/lib/python3.12/site-packages/airflow/example_dags/example_trigger_target_dag.py
[2024-12-14T19:36:54.367+0000] {processor.py:925} INFO - DAG(s) 'example_trigger_target_dag' retrieved from /home/airflow/.local/lib/python3.12/site-packages/airflow/example_dags/example_trigger_target_dag.py
[2024-12-14T19:36:54.384+0000] {logging_mixin.py:190} INFO - [2024-12-14T19:36:54.384+0000] {dag.py:3239} INFO - Sync 1 DAGs
[2024-12-14T19:36:54.399+0000] {logging_mixin.py:190} INFO - [2024-12-14T19:36:54.398+0000] {dag.py:4180} INFO - Setting next_dagrun for example_trigger_target_dag to None, run_after=None
[2024-12-14T19:36:54.417+0000] {processor.py:208} INFO - Processing /home/airflow/.local/lib/python3.12/site-packages/airflow/example_dags/example_trigger_target_dag.py took 0.066 seconds
[2024-12-14T19:37:25.367+0000] {processor.py:186} INFO - Started process (PID=228) to work on /home/airflow/.local/lib/python3.12/site-packages/airflow/example_dags/example_trigger_target_dag.py
[2024-12-14T19:37:25.368+0000] {processor.py:914} INFO - Processing file /home/airflow/.local/lib/python3.12/site-packages/airflow/example_dags/example_trigger_target_dag.py for tasks to queue
[2024-12-14T19:37:25.369+0000] {logging_mixin.py:190} INFO - [2024-12-14T19:37:25.369+0000] {dagbag.py:588} INFO - Filling up the DagBag from /home/airflow/.local/lib/python3.12/site-packages/airflow/example_dags/example_trigger_target_dag.py
[2024-12-14T19:37:25.376+0000] {processor.py:925} INFO - DAG(s) 'example_trigger_target_dag' retrieved from /home/airflow/.local/lib/python3.12/site-packages/airflow/example_dags/example_trigger_target_dag.py
[2024-12-14T19:37:25.392+0000] {logging_mixin.py:190} INFO - [2024-12-14T19:37:25.392+0000] {dag.py:3239} INFO - Sync 1 DAGs
[2024-12-14T19:37:25.404+0000] {logging_mixin.py:190} INFO - [2024-12-14T19:37:25.404+0000] {dag.py:4180} INFO - Setting next_dagrun for example_trigger_target_dag to None, run_after=None
[2024-12-14T19:37:25.420+0000] {processor.py:208} INFO - Processing /home/airflow/.local/lib/python3.12/site-packages/airflow/example_dags/example_trigger_target_dag.py took 0.057 seconds
[2024-12-14T19:37:56.423+0000] {processor.py:186} INFO - Started process (PID=291) to work on /home/airflow/.local/lib/python3.12/site-packages/airflow/example_dags/example_trigger_target_dag.py
[2024-12-14T19:37:56.424+0000] {processor.py:914} INFO - Processing file /home/airflow/.local/lib/python3.12/site-packages/airflow/example_dags/example_trigger_target_dag.py for tasks to queue
[2024-12-14T19:37:56.426+0000] {logging_mixin.py:190} INFO - [2024-12-14T19:37:56.426+0000] {dagbag.py:588} INFO - Filling up the DagBag from /home/airflow/.local/lib/python3.12/site-packages/airflow/example_dags/example_trigger_target_dag.py
[2024-12-14T19:37:56.433+0000] {processor.py:925} INFO - DAG(s) 'example_trigger_target_dag' retrieved from /home/airflow/.local/lib/python3.12/site-packages/airflow/example_dags/example_trigger_target_dag.py
[2024-12-14T19:37:56.450+0000] {logging_mixin.py:190} INFO - [2024-12-14T19:37:56.450+0000] {dag.py:3239} INFO - Sync 1 DAGs
[2024-12-14T19:37:56.464+0000] {logging_mixin.py:190} INFO - [2024-12-14T19:37:56.464+0000] {dag.py:4180} INFO - Setting next_dagrun for example_trigger_target_dag to None, run_after=None
[2024-12-14T19:37:56.480+0000] {processor.py:208} INFO - Processing /home/airflow/.local/lib/python3.12/site-packages/airflow/example_dags/example_trigger_target_dag.py took 0.062 seconds
[2024-12-14T19:38:27.435+0000] {processor.py:186} INFO - Started process (PID=354) to work on /home/airflow/.local/lib/python3.12/site-packages/airflow/example_dags/example_trigger_target_dag.py
[2024-12-14T19:38:27.436+0000] {processor.py:914} INFO - Processing file /home/airflow/.local/lib/python3.12/site-packages/airflow/example_dags/example_trigger_target_dag.py for tasks to queue
[2024-12-14T19:38:27.437+0000] {logging_mixin.py:190} INFO - [2024-12-14T19:38:27.437+0000] {dagbag.py:588} INFO - Filling up the DagBag from /home/airflow/.local/lib/python3.12/site-packages/airflow/example_dags/example_trigger_target_dag.py
[2024-12-14T19:38:27.444+0000] {processor.py:925} INFO - DAG(s) 'example_trigger_target_dag' retrieved from /home/airflow/.local/lib/python3.12/site-packages/airflow/example_dags/example_trigger_target_dag.py
[2024-12-14T19:38:27.458+0000] {logging_mixin.py:190} INFO - [2024-12-14T19:38:27.458+0000] {dag.py:3239} INFO - Sync 1 DAGs
[2024-12-14T19:38:27.471+0000] {logging_mixin.py:190} INFO - [2024-12-14T19:38:27.470+0000] {dag.py:4180} INFO - Setting next_dagrun for example_trigger_target_dag to None, run_after=None
[2024-12-14T19:38:27.486+0000] {processor.py:208} INFO - Processing /home/airflow/.local/lib/python3.12/site-packages/airflow/example_dags/example_trigger_target_dag.py took 0.056 seconds
[2024-12-14T19:38:58.490+0000] {processor.py:186} INFO - Started process (PID=417) to work on /home/airflow/.local/lib/python3.12/site-packages/airflow/example_dags/example_trigger_target_dag.py
[2024-12-14T19:38:58.491+0000] {processor.py:914} INFO - Processing file /home/airflow/.local/lib/python3.12/site-packages/airflow/example_dags/example_trigger_target_dag.py for tasks to queue
[2024-12-14T19:38:58.493+0000] {logging_mixin.py:190} INFO - [2024-12-14T19:38:58.492+0000] {dagbag.py:588} INFO - Filling up the DagBag from /home/airflow/.local/lib/python3.12/site-packages/airflow/example_dags/example_trigger_target_dag.py
[2024-12-14T19:38:58.500+0000] {processor.py:925} INFO - DAG(s) 'example_trigger_target_dag' retrieved from /home/airflow/.local/lib/python3.12/site-packages/airflow/example_dags/example_trigger_target_dag.py
[2024-12-14T19:38:58.517+0000] {logging_mixin.py:190} INFO - [2024-12-14T19:38:58.517+0000] {dag.py:3239} INFO - Sync 1 DAGs
[2024-12-14T19:38:58.531+0000] {logging_mixin.py:190} INFO - [2024-12-14T19:38:58.531+0000] {dag.py:4180} INFO - Setting next_dagrun for example_trigger_target_dag to None, run_after=None
[2024-12-14T19:38:58.548+0000] {processor.py:208} INFO - Processing /home/airflow/.local/lib/python3.12/site-packages/airflow/example_dags/example_trigger_target_dag.py took 0.063 seconds
[2024-12-14T19:39:29.780+0000] {processor.py:186} INFO - Started process (PID=480) to work on /home/airflow/.local/lib/python3.12/site-packages/airflow/example_dags/example_trigger_target_dag.py
[2024-12-14T19:39:29.781+0000] {processor.py:914} INFO - Processing file /home/airflow/.local/lib/python3.12/site-packages/airflow/example_dags/example_trigger_target_dag.py for tasks to queue
[2024-12-14T19:39:29.783+0000] {logging_mixin.py:190} INFO - [2024-12-14T19:39:29.782+0000] {dagbag.py:588} INFO - Filling up the DagBag from /home/airflow/.local/lib/python3.12/site-packages/airflow/example_dags/example_trigger_target_dag.py
[2024-12-14T19:39:29.790+0000] {processor.py:925} INFO - DAG(s) 'example_trigger_target_dag' retrieved from /home/airflow/.local/lib/python3.12/site-packages/airflow/example_dags/example_trigger_target_dag.py
[2024-12-14T19:39:29.808+0000] {logging_mixin.py:190} INFO - [2024-12-14T19:39:29.808+0000] {dag.py:3239} INFO - Sync 1 DAGs
[2024-12-14T19:39:29.822+0000] {logging_mixin.py:190} INFO - [2024-12-14T19:39:29.822+0000] {dag.py:4180} INFO - Setting next_dagrun for example_trigger_target_dag to None, run_after=None
[2024-12-14T19:39:29.837+0000] {processor.py:208} INFO - Processing /home/airflow/.local/lib/python3.12/site-packages/airflow/example_dags/example_trigger_target_dag.py took 0.062 seconds
[2024-12-14T19:40:00.931+0000] {processor.py:186} INFO - Started process (PID=543) to work on /home/airflow/.local/lib/python3.12/site-packages/airflow/example_dags/example_trigger_target_dag.py
[2024-12-14T19:40:00.932+0000] {processor.py:914} INFO - Processing file /home/airflow/.local/lib/python3.12/site-packages/airflow/example_dags/example_trigger_target_dag.py for tasks to queue
[2024-12-14T19:40:00.934+0000] {logging_mixin.py:190} INFO - [2024-12-14T19:40:00.934+0000] {dagbag.py:588} INFO - Filling up the DagBag from /home/airflow/.local/lib/python3.12/site-packages/airflow/example_dags/example_trigger_target_dag.py
[2024-12-14T19:40:00.942+0000] {processor.py:925} INFO - DAG(s) 'example_trigger_target_dag' retrieved from /home/airflow/.local/lib/python3.12/site-packages/airflow/example_dags/example_trigger_target_dag.py
[2024-12-14T19:40:00.957+0000] {logging_mixin.py:190} INFO - [2024-12-14T19:40:00.957+0000] {dag.py:3239} INFO - Sync 1 DAGs
[2024-12-14T19:40:00.969+0000] {logging_mixin.py:190} INFO - [2024-12-14T19:40:00.969+0000] {dag.py:4180} INFO - Setting next_dagrun for example_trigger_target_dag to None, run_after=None
[2024-12-14T19:40:00.985+0000] {processor.py:208} INFO - Processing /home/airflow/.local/lib/python3.12/site-packages/airflow/example_dags/example_trigger_target_dag.py took 0.059 seconds
[2024-12-14T19:40:31.810+0000] {processor.py:186} INFO - Started process (PID=607) to work on /home/airflow/.local/lib/python3.12/site-packages/airflow/example_dags/example_trigger_target_dag.py
[2024-12-14T19:40:31.811+0000] {processor.py:914} INFO - Processing file /home/airflow/.local/lib/python3.12/site-packages/airflow/example_dags/example_trigger_target_dag.py for tasks to queue
[2024-12-14T19:40:31.813+0000] {logging_mixin.py:190} INFO - [2024-12-14T19:40:31.812+0000] {dagbag.py:588} INFO - Filling up the DagBag from /home/airflow/.local/lib/python3.12/site-packages/airflow/example_dags/example_trigger_target_dag.py
[2024-12-14T19:40:31.819+0000] {processor.py:925} INFO - DAG(s) 'example_trigger_target_dag' retrieved from /home/airflow/.local/lib/python3.12/site-packages/airflow/example_dags/example_trigger_target_dag.py
[2024-12-14T19:40:31.834+0000] {logging_mixin.py:190} INFO - [2024-12-14T19:40:31.834+0000] {dag.py:3239} INFO - Sync 1 DAGs
[2024-12-14T19:40:31.847+0000] {logging_mixin.py:190} INFO - [2024-12-14T19:40:31.847+0000] {dag.py:4180} INFO - Setting next_dagrun for example_trigger_target_dag to None, run_after=None
[2024-12-14T19:40:31.862+0000] {processor.py:208} INFO - Processing /home/airflow/.local/lib/python3.12/site-packages/airflow/example_dags/example_trigger_target_dag.py took 0.058 seconds
[2024-12-14T19:41:02.725+0000] {processor.py:186} INFO - Started process (PID=670) to work on /home/airflow/.local/lib/python3.12/site-packages/airflow/example_dags/example_trigger_target_dag.py
[2024-12-14T19:41:02.727+0000] {processor.py:914} INFO - Processing file /home/airflow/.local/lib/python3.12/site-packages/airflow/example_dags/example_trigger_target_dag.py for tasks to queue
[2024-12-14T19:41:02.729+0000] {logging_mixin.py:190} INFO - [2024-12-14T19:41:02.728+0000] {dagbag.py:588} INFO - Filling up the DagBag from /home/airflow/.local/lib/python3.12/site-packages/airflow/example_dags/example_trigger_target_dag.py
[2024-12-14T19:41:02.737+0000] {processor.py:925} INFO - DAG(s) 'example_trigger_target_dag' retrieved from /home/airflow/.local/lib/python3.12/site-packages/airflow/example_dags/example_trigger_target_dag.py
[2024-12-14T19:41:02.754+0000] {logging_mixin.py:190} INFO - [2024-12-14T19:41:02.753+0000] {dag.py:3239} INFO - Sync 1 DAGs
[2024-12-14T19:41:02.768+0000] {logging_mixin.py:190} INFO - [2024-12-14T19:41:02.768+0000] {dag.py:4180} INFO - Setting next_dagrun for example_trigger_target_dag to None, run_after=None
[2024-12-14T19:41:02.787+0000] {processor.py:208} INFO - Processing /home/airflow/.local/lib/python3.12/site-packages/airflow/example_dags/example_trigger_target_dag.py took 0.068 seconds
[2024-12-14T19:41:34.378+0000] {processor.py:186} INFO - Started process (PID=739) to work on /home/airflow/.local/lib/python3.12/site-packages/airflow/example_dags/example_trigger_target_dag.py
[2024-12-14T19:41:34.379+0000] {processor.py:914} INFO - Processing file /home/airflow/.local/lib/python3.12/site-packages/airflow/example_dags/example_trigger_target_dag.py for tasks to queue
[2024-12-14T19:41:34.382+0000] {logging_mixin.py:190} INFO - [2024-12-14T19:41:34.381+0000] {dagbag.py:588} INFO - Filling up the DagBag from /home/airflow/.local/lib/python3.12/site-packages/airflow/example_dags/example_trigger_target_dag.py
[2024-12-14T19:41:34.390+0000] {processor.py:925} INFO - DAG(s) 'example_trigger_target_dag' retrieved from /home/airflow/.local/lib/python3.12/site-packages/airflow/example_dags/example_trigger_target_dag.py
[2024-12-14T19:41:34.408+0000] {logging_mixin.py:190} INFO - [2024-12-14T19:41:34.408+0000] {dag.py:3239} INFO - Sync 1 DAGs
[2024-12-14T19:41:34.424+0000] {logging_mixin.py:190} INFO - [2024-12-14T19:41:34.424+0000] {dag.py:4180} INFO - Setting next_dagrun for example_trigger_target_dag to None, run_after=None
[2024-12-14T19:41:34.443+0000] {processor.py:208} INFO - Processing /home/airflow/.local/lib/python3.12/site-packages/airflow/example_dags/example_trigger_target_dag.py took 0.071 seconds
[2024-12-14T19:42:05.843+0000] {processor.py:186} INFO - Started process (PID=801) to work on /home/airflow/.local/lib/python3.12/site-packages/airflow/example_dags/example_trigger_target_dag.py
[2024-12-14T19:42:05.844+0000] {processor.py:914} INFO - Processing file /home/airflow/.local/lib/python3.12/site-packages/airflow/example_dags/example_trigger_target_dag.py for tasks to queue
[2024-12-14T19:42:05.846+0000] {logging_mixin.py:190} INFO - [2024-12-14T19:42:05.845+0000] {dagbag.py:588} INFO - Filling up the DagBag from /home/airflow/.local/lib/python3.12/site-packages/airflow/example_dags/example_trigger_target_dag.py
[2024-12-14T19:42:05.852+0000] {processor.py:925} INFO - DAG(s) 'example_trigger_target_dag' retrieved from /home/airflow/.local/lib/python3.12/site-packages/airflow/example_dags/example_trigger_target_dag.py
[2024-12-14T19:42:05.867+0000] {logging_mixin.py:190} INFO - [2024-12-14T19:42:05.867+0000] {dag.py:3239} INFO - Sync 1 DAGs
[2024-12-14T19:42:05.881+0000] {logging_mixin.py:190} INFO - [2024-12-14T19:42:05.881+0000] {dag.py:4180} INFO - Setting next_dagrun for example_trigger_target_dag to None, run_after=None
[2024-12-14T19:42:05.898+0000] {processor.py:208} INFO - Processing /home/airflow/.local/lib/python3.12/site-packages/airflow/example_dags/example_trigger_target_dag.py took 0.060 seconds
[2024-12-14T19:42:36.560+0000] {processor.py:186} INFO - Started process (PID=864) to work on /home/airflow/.local/lib/python3.12/site-packages/airflow/example_dags/example_trigger_target_dag.py
[2024-12-14T19:42:36.561+0000] {processor.py:914} INFO - Processing file /home/airflow/.local/lib/python3.12/site-packages/airflow/example_dags/example_trigger_target_dag.py for tasks to queue
[2024-12-14T19:42:36.563+0000] {logging_mixin.py:190} INFO - [2024-12-14T19:42:36.563+0000] {dagbag.py:588} INFO - Filling up the DagBag from /home/airflow/.local/lib/python3.12/site-packages/airflow/example_dags/example_trigger_target_dag.py
[2024-12-14T19:42:36.570+0000] {processor.py:925} INFO - DAG(s) 'example_trigger_target_dag' retrieved from /home/airflow/.local/lib/python3.12/site-packages/airflow/example_dags/example_trigger_target_dag.py
[2024-12-14T19:42:36.585+0000] {logging_mixin.py:190} INFO - [2024-12-14T19:42:36.585+0000] {dag.py:3239} INFO - Sync 1 DAGs
[2024-12-14T19:42:36.601+0000] {logging_mixin.py:190} INFO - [2024-12-14T19:42:36.601+0000] {dag.py:4180} INFO - Setting next_dagrun for example_trigger_target_dag to None, run_after=None
[2024-12-14T19:42:36.620+0000] {processor.py:208} INFO - Processing /home/airflow/.local/lib/python3.12/site-packages/airflow/example_dags/example_trigger_target_dag.py took 0.065 seconds
[2024-12-14T19:43:07.840+0000] {processor.py:186} INFO - Started process (PID=927) to work on /home/airflow/.local/lib/python3.12/site-packages/airflow/example_dags/example_trigger_target_dag.py
[2024-12-14T19:43:07.840+0000] {processor.py:914} INFO - Processing file /home/airflow/.local/lib/python3.12/site-packages/airflow/example_dags/example_trigger_target_dag.py for tasks to queue
[2024-12-14T19:43:07.843+0000] {logging_mixin.py:190} INFO - [2024-12-14T19:43:07.842+0000] {dagbag.py:588} INFO - Filling up the DagBag from /home/airflow/.local/lib/python3.12/site-packages/airflow/example_dags/example_trigger_target_dag.py
[2024-12-14T19:43:07.851+0000] {processor.py:925} INFO - DAG(s) 'example_trigger_target_dag' retrieved from /home/airflow/.local/lib/python3.12/site-packages/airflow/example_dags/example_trigger_target_dag.py
[2024-12-14T19:43:07.869+0000] {logging_mixin.py:190} INFO - [2024-12-14T19:43:07.869+0000] {dag.py:3239} INFO - Sync 1 DAGs
[2024-12-14T19:43:07.884+0000] {logging_mixin.py:190} INFO - [2024-12-14T19:43:07.884+0000] {dag.py:4180} INFO - Setting next_dagrun for example_trigger_target_dag to None, run_after=None
[2024-12-14T19:43:07.902+0000] {processor.py:208} INFO - Processing /home/airflow/.local/lib/python3.12/site-packages/airflow/example_dags/example_trigger_target_dag.py took 0.069 seconds
[2024-12-14T19:43:38.984+0000] {processor.py:186} INFO - Started process (PID=990) to work on /home/airflow/.local/lib/python3.12/site-packages/airflow/example_dags/example_trigger_target_dag.py
[2024-12-14T19:43:38.985+0000] {processor.py:914} INFO - Processing file /home/airflow/.local/lib/python3.12/site-packages/airflow/example_dags/example_trigger_target_dag.py for tasks to queue
[2024-12-14T19:43:38.987+0000] {logging_mixin.py:190} INFO - [2024-12-14T19:43:38.986+0000] {dagbag.py:588} INFO - Filling up the DagBag from /home/airflow/.local/lib/python3.12/site-packages/airflow/example_dags/example_trigger_target_dag.py
[2024-12-14T19:43:38.994+0000] {processor.py:925} INFO - DAG(s) 'example_trigger_target_dag' retrieved from /home/airflow/.local/lib/python3.12/site-packages/airflow/example_dags/example_trigger_target_dag.py
[2024-12-14T19:43:39.011+0000] {logging_mixin.py:190} INFO - [2024-12-14T19:43:39.010+0000] {dag.py:3239} INFO - Sync 1 DAGs
[2024-12-14T19:43:39.025+0000] {logging_mixin.py:190} INFO - [2024-12-14T19:43:39.025+0000] {dag.py:4180} INFO - Setting next_dagrun for example_trigger_target_dag to None, run_after=None
[2024-12-14T19:43:39.041+0000] {processor.py:208} INFO - Processing /home/airflow/.local/lib/python3.12/site-packages/airflow/example_dags/example_trigger_target_dag.py took 0.062 seconds
[2024-12-14T19:44:09.633+0000] {processor.py:186} INFO - Started process (PID=1053) to work on /home/airflow/.local/lib/python3.12/site-packages/airflow/example_dags/example_trigger_target_dag.py
[2024-12-14T19:44:09.634+0000] {processor.py:914} INFO - Processing file /home/airflow/.local/lib/python3.12/site-packages/airflow/example_dags/example_trigger_target_dag.py for tasks to queue
[2024-12-14T19:44:09.635+0000] {logging_mixin.py:190} INFO - [2024-12-14T19:44:09.635+0000] {dagbag.py:588} INFO - Filling up the DagBag from /home/airflow/.local/lib/python3.12/site-packages/airflow/example_dags/example_trigger_target_dag.py
[2024-12-14T19:44:09.642+0000] {processor.py:925} INFO - DAG(s) 'example_trigger_target_dag' retrieved from /home/airflow/.local/lib/python3.12/site-packages/airflow/example_dags/example_trigger_target_dag.py
[2024-12-14T19:44:09.658+0000] {logging_mixin.py:190} INFO - [2024-12-14T19:44:09.658+0000] {dag.py:3239} INFO - Sync 1 DAGs
[2024-12-14T19:44:09.671+0000] {logging_mixin.py:190} INFO - [2024-12-14T19:44:09.671+0000] {dag.py:4180} INFO - Setting next_dagrun for example_trigger_target_dag to None, run_after=None
[2024-12-14T19:44:09.687+0000] {processor.py:208} INFO - Processing /home/airflow/.local/lib/python3.12/site-packages/airflow/example_dags/example_trigger_target_dag.py took 0.059 seconds
[2024-12-14T19:44:41.078+0000] {processor.py:186} INFO - Started process (PID=1116) to work on /home/airflow/.local/lib/python3.12/site-packages/airflow/example_dags/example_trigger_target_dag.py
[2024-12-14T19:44:41.079+0000] {processor.py:914} INFO - Processing file /home/airflow/.local/lib/python3.12/site-packages/airflow/example_dags/example_trigger_target_dag.py for tasks to queue
[2024-12-14T19:44:41.081+0000] {logging_mixin.py:190} INFO - [2024-12-14T19:44:41.081+0000] {dagbag.py:588} INFO - Filling up the DagBag from /home/airflow/.local/lib/python3.12/site-packages/airflow/example_dags/example_trigger_target_dag.py
[2024-12-14T19:44:41.087+0000] {processor.py:925} INFO - DAG(s) 'example_trigger_target_dag' retrieved from /home/airflow/.local/lib/python3.12/site-packages/airflow/example_dags/example_trigger_target_dag.py
[2024-12-14T19:44:41.103+0000] {logging_mixin.py:190} INFO - [2024-12-14T19:44:41.102+0000] {dag.py:3239} INFO - Sync 1 DAGs
[2024-12-14T19:44:41.115+0000] {logging_mixin.py:190} INFO - [2024-12-14T19:44:41.115+0000] {dag.py:4180} INFO - Setting next_dagrun for example_trigger_target_dag to None, run_after=None
[2024-12-14T19:44:41.130+0000] {processor.py:208} INFO - Processing /home/airflow/.local/lib/python3.12/site-packages/airflow/example_dags/example_trigger_target_dag.py took 0.057 seconds
[2024-12-14T19:45:12.330+0000] {processor.py:186} INFO - Started process (PID=1179) to work on /home/airflow/.local/lib/python3.12/site-packages/airflow/example_dags/example_trigger_target_dag.py
[2024-12-14T19:45:12.331+0000] {processor.py:914} INFO - Processing file /home/airflow/.local/lib/python3.12/site-packages/airflow/example_dags/example_trigger_target_dag.py for tasks to queue
[2024-12-14T19:45:12.333+0000] {logging_mixin.py:190} INFO - [2024-12-14T19:45:12.333+0000] {dagbag.py:588} INFO - Filling up the DagBag from /home/airflow/.local/lib/python3.12/site-packages/airflow/example_dags/example_trigger_target_dag.py
[2024-12-14T19:45:12.339+0000] {processor.py:925} INFO - DAG(s) 'example_trigger_target_dag' retrieved from /home/airflow/.local/lib/python3.12/site-packages/airflow/example_dags/example_trigger_target_dag.py
[2024-12-14T19:45:12.356+0000] {logging_mixin.py:190} INFO - [2024-12-14T19:45:12.356+0000] {dag.py:3239} INFO - Sync 1 DAGs
[2024-12-14T19:45:12.371+0000] {logging_mixin.py:190} INFO - [2024-12-14T19:45:12.370+0000] {dag.py:4180} INFO - Setting next_dagrun for example_trigger_target_dag to None, run_after=None
[2024-12-14T19:45:12.385+0000] {processor.py:208} INFO - Processing /home/airflow/.local/lib/python3.12/site-packages/airflow/example_dags/example_trigger_target_dag.py took 0.060 seconds
[2024-12-14T19:45:43.483+0000] {processor.py:186} INFO - Started process (PID=1242) to work on /home/airflow/.local/lib/python3.12/site-packages/airflow/example_dags/example_trigger_target_dag.py
[2024-12-14T19:45:43.485+0000] {processor.py:914} INFO - Processing file /home/airflow/.local/lib/python3.12/site-packages/airflow/example_dags/example_trigger_target_dag.py for tasks to queue
[2024-12-14T19:45:43.487+0000] {logging_mixin.py:190} INFO - [2024-12-14T19:45:43.487+0000] {dagbag.py:588} INFO - Filling up the DagBag from /home/airflow/.local/lib/python3.12/site-packages/airflow/example_dags/example_trigger_target_dag.py
[2024-12-14T19:45:43.493+0000] {processor.py:925} INFO - DAG(s) 'example_trigger_target_dag' retrieved from /home/airflow/.local/lib/python3.12/site-packages/airflow/example_dags/example_trigger_target_dag.py
[2024-12-14T19:45:43.510+0000] {logging_mixin.py:190} INFO - [2024-12-14T19:45:43.510+0000] {dag.py:3239} INFO - Sync 1 DAGs
[2024-12-14T19:45:43.526+0000] {logging_mixin.py:190} INFO - [2024-12-14T19:45:43.526+0000] {dag.py:4180} INFO - Setting next_dagrun for example_trigger_target_dag to None, run_after=None
[2024-12-14T19:45:43.542+0000] {processor.py:208} INFO - Processing /home/airflow/.local/lib/python3.12/site-packages/airflow/example_dags/example_trigger_target_dag.py took 0.064 seconds
