[2024-12-14T19:28:30.947+0000] {processor.py:186} INFO - Started process (PID=61) to work on /home/airflow/.local/lib/python3.12/site-packages/airflow/example_dags/example_display_name.py
[2024-12-14T19:28:30.948+0000] {processor.py:914} INFO - Processing file /home/airflow/.local/lib/python3.12/site-packages/airflow/example_dags/example_display_name.py for tasks to queue
[2024-12-14T19:28:30.950+0000] {logging_mixin.py:190} INFO - [2024-12-14T19:28:30.950+0000] {dagbag.py:588} INFO - Filling up the DagBag from /home/airflow/.local/lib/python3.12/site-packages/airflow/example_dags/example_display_name.py
[2024-12-14T19:28:30.959+0000] {processor.py:925} INFO - DAG(s) 'example_display_name' retrieved from /home/airflow/.local/lib/python3.12/site-packages/airflow/example_dags/example_display_name.py
[2024-12-14T19:28:31.079+0000] {logging_mixin.py:190} INFO - [2024-12-14T19:28:31.078+0000] {override.py:1911} INFO - Created Permission View: can edit on DAG:example_display_name
[2024-12-14T19:28:31.087+0000] {logging_mixin.py:190} INFO - [2024-12-14T19:28:31.087+0000] {override.py:1911} INFO - Created Permission View: can delete on DAG:example_display_name
[2024-12-14T19:28:31.093+0000] {logging_mixin.py:190} INFO - [2024-12-14T19:28:31.093+0000] {override.py:1911} INFO - Created Permission View: can read on DAG:example_display_name
[2024-12-14T19:28:31.099+0000] {logging_mixin.py:190} INFO - [2024-12-14T19:28:31.099+0000] {override.py:1911} INFO - Created Permission View: menu access on DAG Run:example_display_name
[2024-12-14T19:28:31.105+0000] {logging_mixin.py:190} INFO - [2024-12-14T19:28:31.105+0000] {override.py:1911} INFO - Created Permission View: can delete on DAG Run:example_display_name
[2024-12-14T19:28:31.111+0000] {logging_mixin.py:190} INFO - [2024-12-14T19:28:31.111+0000] {override.py:1911} INFO - Created Permission View: can create on DAG Run:example_display_name
[2024-12-14T19:28:31.117+0000] {logging_mixin.py:190} INFO - [2024-12-14T19:28:31.117+0000] {override.py:1911} INFO - Created Permission View: can read on DAG Run:example_display_name
[2024-12-14T19:28:31.117+0000] {logging_mixin.py:190} INFO - [2024-12-14T19:28:31.117+0000] {dag.py:3239} INFO - Sync 1 DAGs
[2024-12-14T19:28:31.132+0000] {logging_mixin.py:190} INFO - [2024-12-14T19:28:31.131+0000] {dag.py:3262} INFO - Creating ORM DAG for example_display_name
[2024-12-14T19:28:31.132+0000] {logging_mixin.py:190} INFO - [2024-12-14T19:28:31.132+0000] {dag.py:4180} INFO - Setting next_dagrun for example_display_name to None, run_after=None
[2024-12-14T19:28:31.150+0000] {processor.py:208} INFO - Processing /home/airflow/.local/lib/python3.12/site-packages/airflow/example_dags/example_display_name.py took 0.209 seconds
[2024-12-14T19:29:01.840+0000] {processor.py:186} INFO - Started process (PID=124) to work on /home/airflow/.local/lib/python3.12/site-packages/airflow/example_dags/example_display_name.py
[2024-12-14T19:29:01.847+0000] {processor.py:914} INFO - Processing file /home/airflow/.local/lib/python3.12/site-packages/airflow/example_dags/example_display_name.py for tasks to queue
[2024-12-14T19:29:01.850+0000] {logging_mixin.py:190} INFO - [2024-12-14T19:29:01.849+0000] {dagbag.py:588} INFO - Filling up the DagBag from /home/airflow/.local/lib/python3.12/site-packages/airflow/example_dags/example_display_name.py
[2024-12-14T19:29:01.882+0000] {processor.py:925} INFO - DAG(s) 'example_display_name' retrieved from /home/airflow/.local/lib/python3.12/site-packages/airflow/example_dags/example_display_name.py
[2024-12-14T19:29:01.918+0000] {logging_mixin.py:190} INFO - [2024-12-14T19:29:01.918+0000] {dag.py:3239} INFO - Sync 1 DAGs
[2024-12-14T19:29:01.948+0000] {logging_mixin.py:190} INFO - [2024-12-14T19:29:01.947+0000] {dag.py:4180} INFO - Setting next_dagrun for example_display_name to None, run_after=None
[2024-12-14T19:29:01.992+0000] {processor.py:208} INFO - Processing /home/airflow/.local/lib/python3.12/site-packages/airflow/example_dags/example_display_name.py took 0.178 seconds
[2024-12-14T19:29:32.763+0000] {processor.py:186} INFO - Started process (PID=187) to work on /home/airflow/.local/lib/python3.12/site-packages/airflow/example_dags/example_display_name.py
[2024-12-14T19:29:32.764+0000] {processor.py:914} INFO - Processing file /home/airflow/.local/lib/python3.12/site-packages/airflow/example_dags/example_display_name.py for tasks to queue
[2024-12-14T19:29:32.766+0000] {logging_mixin.py:190} INFO - [2024-12-14T19:29:32.766+0000] {dagbag.py:588} INFO - Filling up the DagBag from /home/airflow/.local/lib/python3.12/site-packages/airflow/example_dags/example_display_name.py
[2024-12-14T19:29:32.772+0000] {processor.py:925} INFO - DAG(s) 'example_display_name' retrieved from /home/airflow/.local/lib/python3.12/site-packages/airflow/example_dags/example_display_name.py
[2024-12-14T19:29:32.790+0000] {logging_mixin.py:190} INFO - [2024-12-14T19:29:32.790+0000] {dag.py:3239} INFO - Sync 1 DAGs
[2024-12-14T19:29:32.804+0000] {logging_mixin.py:190} INFO - [2024-12-14T19:29:32.804+0000] {dag.py:4180} INFO - Setting next_dagrun for example_display_name to None, run_after=None
[2024-12-14T19:29:32.819+0000] {processor.py:208} INFO - Processing /home/airflow/.local/lib/python3.12/site-packages/airflow/example_dags/example_display_name.py took 0.061 seconds
[2024-12-14T19:30:02.916+0000] {processor.py:186} INFO - Started process (PID=249) to work on /home/airflow/.local/lib/python3.12/site-packages/airflow/example_dags/example_display_name.py
[2024-12-14T19:30:02.917+0000] {processor.py:914} INFO - Processing file /home/airflow/.local/lib/python3.12/site-packages/airflow/example_dags/example_display_name.py for tasks to queue
[2024-12-14T19:30:02.919+0000] {logging_mixin.py:190} INFO - [2024-12-14T19:30:02.919+0000] {dagbag.py:588} INFO - Filling up the DagBag from /home/airflow/.local/lib/python3.12/site-packages/airflow/example_dags/example_display_name.py
[2024-12-14T19:30:02.928+0000] {processor.py:925} INFO - DAG(s) 'example_display_name' retrieved from /home/airflow/.local/lib/python3.12/site-packages/airflow/example_dags/example_display_name.py
[2024-12-14T19:30:02.949+0000] {logging_mixin.py:190} INFO - [2024-12-14T19:30:02.949+0000] {dag.py:3239} INFO - Sync 1 DAGs
[2024-12-14T19:30:02.966+0000] {logging_mixin.py:190} INFO - [2024-12-14T19:30:02.966+0000] {dag.py:4180} INFO - Setting next_dagrun for example_display_name to None, run_after=None
[2024-12-14T19:30:02.986+0000] {processor.py:208} INFO - Processing /home/airflow/.local/lib/python3.12/site-packages/airflow/example_dags/example_display_name.py took 0.077 seconds
[2024-12-14T19:30:33.226+0000] {processor.py:186} INFO - Started process (PID=312) to work on /home/airflow/.local/lib/python3.12/site-packages/airflow/example_dags/example_display_name.py
[2024-12-14T19:30:33.227+0000] {processor.py:914} INFO - Processing file /home/airflow/.local/lib/python3.12/site-packages/airflow/example_dags/example_display_name.py for tasks to queue
[2024-12-14T19:30:33.229+0000] {logging_mixin.py:190} INFO - [2024-12-14T19:30:33.228+0000] {dagbag.py:588} INFO - Filling up the DagBag from /home/airflow/.local/lib/python3.12/site-packages/airflow/example_dags/example_display_name.py
[2024-12-14T19:30:33.236+0000] {processor.py:925} INFO - DAG(s) 'example_display_name' retrieved from /home/airflow/.local/lib/python3.12/site-packages/airflow/example_dags/example_display_name.py
[2024-12-14T19:30:33.252+0000] {logging_mixin.py:190} INFO - [2024-12-14T19:30:33.252+0000] {dag.py:3239} INFO - Sync 1 DAGs
[2024-12-14T19:30:33.265+0000] {logging_mixin.py:190} INFO - [2024-12-14T19:30:33.265+0000] {dag.py:4180} INFO - Setting next_dagrun for example_display_name to None, run_after=None
[2024-12-14T19:30:33.280+0000] {processor.py:208} INFO - Processing /home/airflow/.local/lib/python3.12/site-packages/airflow/example_dags/example_display_name.py took 0.061 seconds
[2024-12-14T19:31:42.413+0000] {processor.py:186} INFO - Started process (PID=62) to work on /home/airflow/.local/lib/python3.12/site-packages/airflow/example_dags/example_display_name.py
[2024-12-14T19:31:42.423+0000] {processor.py:914} INFO - Processing file /home/airflow/.local/lib/python3.12/site-packages/airflow/example_dags/example_display_name.py for tasks to queue
[2024-12-14T19:31:42.425+0000] {logging_mixin.py:190} INFO - [2024-12-14T19:31:42.425+0000] {dagbag.py:588} INFO - Filling up the DagBag from /home/airflow/.local/lib/python3.12/site-packages/airflow/example_dags/example_display_name.py
[2024-12-14T19:31:42.434+0000] {processor.py:925} INFO - DAG(s) 'example_display_name' retrieved from /home/airflow/.local/lib/python3.12/site-packages/airflow/example_dags/example_display_name.py
[2024-12-14T19:31:42.462+0000] {logging_mixin.py:190} INFO - [2024-12-14T19:31:42.461+0000] {dag.py:3239} INFO - Sync 1 DAGs
[2024-12-14T19:31:42.477+0000] {logging_mixin.py:190} INFO - [2024-12-14T19:31:42.477+0000] {dag.py:4180} INFO - Setting next_dagrun for example_display_name to None, run_after=None
[2024-12-14T19:31:42.515+0000] {processor.py:208} INFO - Processing /home/airflow/.local/lib/python3.12/site-packages/airflow/example_dags/example_display_name.py took 0.120 seconds
[2024-12-14T19:32:12.655+0000] {processor.py:186} INFO - Started process (PID=126) to work on /home/airflow/.local/lib/python3.12/site-packages/airflow/example_dags/example_display_name.py
[2024-12-14T19:32:12.655+0000] {processor.py:914} INFO - Processing file /home/airflow/.local/lib/python3.12/site-packages/airflow/example_dags/example_display_name.py for tasks to queue
[2024-12-14T19:32:12.657+0000] {logging_mixin.py:190} INFO - [2024-12-14T19:32:12.657+0000] {dagbag.py:588} INFO - Filling up the DagBag from /home/airflow/.local/lib/python3.12/site-packages/airflow/example_dags/example_display_name.py
[2024-12-14T19:32:12.663+0000] {processor.py:925} INFO - DAG(s) 'example_display_name' retrieved from /home/airflow/.local/lib/python3.12/site-packages/airflow/example_dags/example_display_name.py
[2024-12-14T19:32:12.681+0000] {logging_mixin.py:190} INFO - [2024-12-14T19:32:12.681+0000] {dag.py:3239} INFO - Sync 1 DAGs
[2024-12-14T19:32:12.694+0000] {logging_mixin.py:190} INFO - [2024-12-14T19:32:12.694+0000] {dag.py:4180} INFO - Setting next_dagrun for example_display_name to None, run_after=None
[2024-12-14T19:32:12.710+0000] {processor.py:208} INFO - Processing /home/airflow/.local/lib/python3.12/site-packages/airflow/example_dags/example_display_name.py took 0.060 seconds
[2024-12-14T19:32:44.405+0000] {processor.py:186} INFO - Started process (PID=189) to work on /home/airflow/.local/lib/python3.12/site-packages/airflow/example_dags/example_display_name.py
[2024-12-14T19:32:44.406+0000] {processor.py:914} INFO - Processing file /home/airflow/.local/lib/python3.12/site-packages/airflow/example_dags/example_display_name.py for tasks to queue
[2024-12-14T19:32:44.408+0000] {logging_mixin.py:190} INFO - [2024-12-14T19:32:44.407+0000] {dagbag.py:588} INFO - Filling up the DagBag from /home/airflow/.local/lib/python3.12/site-packages/airflow/example_dags/example_display_name.py
[2024-12-14T19:32:44.415+0000] {processor.py:925} INFO - DAG(s) 'example_display_name' retrieved from /home/airflow/.local/lib/python3.12/site-packages/airflow/example_dags/example_display_name.py
[2024-12-14T19:32:44.431+0000] {logging_mixin.py:190} INFO - [2024-12-14T19:32:44.431+0000] {dag.py:3239} INFO - Sync 1 DAGs
[2024-12-14T19:32:44.445+0000] {logging_mixin.py:190} INFO - [2024-12-14T19:32:44.444+0000] {dag.py:4180} INFO - Setting next_dagrun for example_display_name to None, run_after=None
[2024-12-14T19:32:44.460+0000] {processor.py:208} INFO - Processing /home/airflow/.local/lib/python3.12/site-packages/airflow/example_dags/example_display_name.py took 0.060 seconds
[2024-12-14T19:33:15.602+0000] {processor.py:186} INFO - Started process (PID=252) to work on /home/airflow/.local/lib/python3.12/site-packages/airflow/example_dags/example_display_name.py
[2024-12-14T19:33:15.603+0000] {processor.py:914} INFO - Processing file /home/airflow/.local/lib/python3.12/site-packages/airflow/example_dags/example_display_name.py for tasks to queue
[2024-12-14T19:33:15.605+0000] {logging_mixin.py:190} INFO - [2024-12-14T19:33:15.605+0000] {dagbag.py:588} INFO - Filling up the DagBag from /home/airflow/.local/lib/python3.12/site-packages/airflow/example_dags/example_display_name.py
[2024-12-14T19:33:15.611+0000] {processor.py:925} INFO - DAG(s) 'example_display_name' retrieved from /home/airflow/.local/lib/python3.12/site-packages/airflow/example_dags/example_display_name.py
[2024-12-14T19:33:15.626+0000] {logging_mixin.py:190} INFO - [2024-12-14T19:33:15.626+0000] {dag.py:3239} INFO - Sync 1 DAGs
[2024-12-14T19:33:15.640+0000] {logging_mixin.py:190} INFO - [2024-12-14T19:33:15.639+0000] {dag.py:4180} INFO - Setting next_dagrun for example_display_name to None, run_after=None
[2024-12-14T19:33:15.657+0000] {processor.py:208} INFO - Processing /home/airflow/.local/lib/python3.12/site-packages/airflow/example_dags/example_display_name.py took 0.060 seconds
[2024-12-14T19:33:47.020+0000] {processor.py:186} INFO - Started process (PID=315) to work on /home/airflow/.local/lib/python3.12/site-packages/airflow/example_dags/example_display_name.py
[2024-12-14T19:33:47.021+0000] {processor.py:914} INFO - Processing file /home/airflow/.local/lib/python3.12/site-packages/airflow/example_dags/example_display_name.py for tasks to queue
[2024-12-14T19:33:47.023+0000] {logging_mixin.py:190} INFO - [2024-12-14T19:33:47.022+0000] {dagbag.py:588} INFO - Filling up the DagBag from /home/airflow/.local/lib/python3.12/site-packages/airflow/example_dags/example_display_name.py
[2024-12-14T19:33:47.029+0000] {processor.py:925} INFO - DAG(s) 'example_display_name' retrieved from /home/airflow/.local/lib/python3.12/site-packages/airflow/example_dags/example_display_name.py
[2024-12-14T19:33:47.044+0000] {logging_mixin.py:190} INFO - [2024-12-14T19:33:47.044+0000] {dag.py:3239} INFO - Sync 1 DAGs
[2024-12-14T19:33:47.055+0000] {logging_mixin.py:190} INFO - [2024-12-14T19:33:47.055+0000] {dag.py:4180} INFO - Setting next_dagrun for example_display_name to None, run_after=None
[2024-12-14T19:33:47.069+0000] {processor.py:208} INFO - Processing /home/airflow/.local/lib/python3.12/site-packages/airflow/example_dags/example_display_name.py took 0.055 seconds
[2024-12-14T19:34:18.286+0000] {processor.py:186} INFO - Started process (PID=378) to work on /home/airflow/.local/lib/python3.12/site-packages/airflow/example_dags/example_display_name.py
[2024-12-14T19:34:18.287+0000] {processor.py:914} INFO - Processing file /home/airflow/.local/lib/python3.12/site-packages/airflow/example_dags/example_display_name.py for tasks to queue
[2024-12-14T19:34:18.288+0000] {logging_mixin.py:190} INFO - [2024-12-14T19:34:18.288+0000] {dagbag.py:588} INFO - Filling up the DagBag from /home/airflow/.local/lib/python3.12/site-packages/airflow/example_dags/example_display_name.py
[2024-12-14T19:34:18.295+0000] {processor.py:925} INFO - DAG(s) 'example_display_name' retrieved from /home/airflow/.local/lib/python3.12/site-packages/airflow/example_dags/example_display_name.py
[2024-12-14T19:34:18.310+0000] {logging_mixin.py:190} INFO - [2024-12-14T19:34:18.309+0000] {dag.py:3239} INFO - Sync 1 DAGs
[2024-12-14T19:34:18.322+0000] {logging_mixin.py:190} INFO - [2024-12-14T19:34:18.321+0000] {dag.py:4180} INFO - Setting next_dagrun for example_display_name to None, run_after=None
[2024-12-14T19:34:18.336+0000] {processor.py:208} INFO - Processing /home/airflow/.local/lib/python3.12/site-packages/airflow/example_dags/example_display_name.py took 0.055 seconds
[2024-12-14T19:34:49.670+0000] {processor.py:186} INFO - Started process (PID=441) to work on /home/airflow/.local/lib/python3.12/site-packages/airflow/example_dags/example_display_name.py
[2024-12-14T19:34:49.672+0000] {processor.py:914} INFO - Processing file /home/airflow/.local/lib/python3.12/site-packages/airflow/example_dags/example_display_name.py for tasks to queue
[2024-12-14T19:34:49.674+0000] {logging_mixin.py:190} INFO - [2024-12-14T19:34:49.673+0000] {dagbag.py:588} INFO - Filling up the DagBag from /home/airflow/.local/lib/python3.12/site-packages/airflow/example_dags/example_display_name.py
[2024-12-14T19:34:49.679+0000] {processor.py:925} INFO - DAG(s) 'example_display_name' retrieved from /home/airflow/.local/lib/python3.12/site-packages/airflow/example_dags/example_display_name.py
[2024-12-14T19:34:49.694+0000] {logging_mixin.py:190} INFO - [2024-12-14T19:34:49.694+0000] {dag.py:3239} INFO - Sync 1 DAGs
[2024-12-14T19:34:49.707+0000] {logging_mixin.py:190} INFO - [2024-12-14T19:34:49.706+0000] {dag.py:4180} INFO - Setting next_dagrun for example_display_name to None, run_after=None
[2024-12-14T19:34:49.722+0000] {processor.py:208} INFO - Processing /home/airflow/.local/lib/python3.12/site-packages/airflow/example_dags/example_display_name.py took 0.056 seconds
[2024-12-14T19:35:53.569+0000] {processor.py:186} INFO - Started process (PID=55) to work on /home/airflow/.local/lib/python3.12/site-packages/airflow/example_dags/example_display_name.py
[2024-12-14T19:35:53.570+0000] {processor.py:914} INFO - Processing file /home/airflow/.local/lib/python3.12/site-packages/airflow/example_dags/example_display_name.py for tasks to queue
[2024-12-14T19:35:53.572+0000] {logging_mixin.py:190} INFO - [2024-12-14T19:35:53.572+0000] {dagbag.py:588} INFO - Filling up the DagBag from /home/airflow/.local/lib/python3.12/site-packages/airflow/example_dags/example_display_name.py
[2024-12-14T19:35:53.580+0000] {processor.py:925} INFO - DAG(s) 'example_display_name' retrieved from /home/airflow/.local/lib/python3.12/site-packages/airflow/example_dags/example_display_name.py
[2024-12-14T19:35:53.605+0000] {logging_mixin.py:190} INFO - [2024-12-14T19:35:53.604+0000] {dag.py:3239} INFO - Sync 1 DAGs
[2024-12-14T19:35:53.621+0000] {logging_mixin.py:190} INFO - [2024-12-14T19:35:53.621+0000] {dag.py:4180} INFO - Setting next_dagrun for example_display_name to None, run_after=None
[2024-12-14T19:35:53.639+0000] {processor.py:208} INFO - Processing /home/airflow/.local/lib/python3.12/site-packages/airflow/example_dags/example_display_name.py took 0.074 seconds
[2024-12-14T19:36:24.718+0000] {processor.py:186} INFO - Started process (PID=118) to work on /home/airflow/.local/lib/python3.12/site-packages/airflow/example_dags/example_display_name.py
[2024-12-14T19:36:24.719+0000] {processor.py:914} INFO - Processing file /home/airflow/.local/lib/python3.12/site-packages/airflow/example_dags/example_display_name.py for tasks to queue
[2024-12-14T19:36:24.721+0000] {logging_mixin.py:190} INFO - [2024-12-14T19:36:24.721+0000] {dagbag.py:588} INFO - Filling up the DagBag from /home/airflow/.local/lib/python3.12/site-packages/airflow/example_dags/example_display_name.py
[2024-12-14T19:36:24.728+0000] {processor.py:925} INFO - DAG(s) 'example_display_name' retrieved from /home/airflow/.local/lib/python3.12/site-packages/airflow/example_dags/example_display_name.py
[2024-12-14T19:36:24.745+0000] {logging_mixin.py:190} INFO - [2024-12-14T19:36:24.744+0000] {dag.py:3239} INFO - Sync 1 DAGs
[2024-12-14T19:36:24.760+0000] {logging_mixin.py:190} INFO - [2024-12-14T19:36:24.760+0000] {dag.py:4180} INFO - Setting next_dagrun for example_display_name to None, run_after=None
[2024-12-14T19:36:24.778+0000] {processor.py:208} INFO - Processing /home/airflow/.local/lib/python3.12/site-packages/airflow/example_dags/example_display_name.py took 0.064 seconds
[2024-12-14T19:36:55.803+0000] {processor.py:186} INFO - Started process (PID=181) to work on /home/airflow/.local/lib/python3.12/site-packages/airflow/example_dags/example_display_name.py
[2024-12-14T19:36:55.804+0000] {processor.py:914} INFO - Processing file /home/airflow/.local/lib/python3.12/site-packages/airflow/example_dags/example_display_name.py for tasks to queue
[2024-12-14T19:36:55.806+0000] {logging_mixin.py:190} INFO - [2024-12-14T19:36:55.806+0000] {dagbag.py:588} INFO - Filling up the DagBag from /home/airflow/.local/lib/python3.12/site-packages/airflow/example_dags/example_display_name.py
[2024-12-14T19:36:55.814+0000] {processor.py:925} INFO - DAG(s) 'example_display_name' retrieved from /home/airflow/.local/lib/python3.12/site-packages/airflow/example_dags/example_display_name.py
[2024-12-14T19:36:55.831+0000] {logging_mixin.py:190} INFO - [2024-12-14T19:36:55.831+0000] {dag.py:3239} INFO - Sync 1 DAGs
[2024-12-14T19:36:55.846+0000] {logging_mixin.py:190} INFO - [2024-12-14T19:36:55.846+0000] {dag.py:4180} INFO - Setting next_dagrun for example_display_name to None, run_after=None
[2024-12-14T19:36:55.865+0000] {processor.py:208} INFO - Processing /home/airflow/.local/lib/python3.12/site-packages/airflow/example_dags/example_display_name.py took 0.068 seconds
[2024-12-14T19:37:26.808+0000] {processor.py:186} INFO - Started process (PID=244) to work on /home/airflow/.local/lib/python3.12/site-packages/airflow/example_dags/example_display_name.py
[2024-12-14T19:37:26.809+0000] {processor.py:914} INFO - Processing file /home/airflow/.local/lib/python3.12/site-packages/airflow/example_dags/example_display_name.py for tasks to queue
[2024-12-14T19:37:26.811+0000] {logging_mixin.py:190} INFO - [2024-12-14T19:37:26.810+0000] {dagbag.py:588} INFO - Filling up the DagBag from /home/airflow/.local/lib/python3.12/site-packages/airflow/example_dags/example_display_name.py
[2024-12-14T19:37:26.817+0000] {processor.py:925} INFO - DAG(s) 'example_display_name' retrieved from /home/airflow/.local/lib/python3.12/site-packages/airflow/example_dags/example_display_name.py
[2024-12-14T19:37:26.833+0000] {logging_mixin.py:190} INFO - [2024-12-14T19:37:26.833+0000] {dag.py:3239} INFO - Sync 1 DAGs
[2024-12-14T19:37:26.848+0000] {logging_mixin.py:190} INFO - [2024-12-14T19:37:26.848+0000] {dag.py:4180} INFO - Setting next_dagrun for example_display_name to None, run_after=None
[2024-12-14T19:37:26.865+0000] {processor.py:208} INFO - Processing /home/airflow/.local/lib/python3.12/site-packages/airflow/example_dags/example_display_name.py took 0.063 seconds
[2024-12-14T19:37:57.746+0000] {processor.py:186} INFO - Started process (PID=307) to work on /home/airflow/.local/lib/python3.12/site-packages/airflow/example_dags/example_display_name.py
[2024-12-14T19:37:57.747+0000] {processor.py:914} INFO - Processing file /home/airflow/.local/lib/python3.12/site-packages/airflow/example_dags/example_display_name.py for tasks to queue
[2024-12-14T19:37:57.749+0000] {logging_mixin.py:190} INFO - [2024-12-14T19:37:57.749+0000] {dagbag.py:588} INFO - Filling up the DagBag from /home/airflow/.local/lib/python3.12/site-packages/airflow/example_dags/example_display_name.py
[2024-12-14T19:37:57.755+0000] {processor.py:925} INFO - DAG(s) 'example_display_name' retrieved from /home/airflow/.local/lib/python3.12/site-packages/airflow/example_dags/example_display_name.py
[2024-12-14T19:37:57.771+0000] {logging_mixin.py:190} INFO - [2024-12-14T19:37:57.771+0000] {dag.py:3239} INFO - Sync 1 DAGs
[2024-12-14T19:37:57.784+0000] {logging_mixin.py:190} INFO - [2024-12-14T19:37:57.783+0000] {dag.py:4180} INFO - Setting next_dagrun for example_display_name to None, run_after=None
[2024-12-14T19:37:57.802+0000] {processor.py:208} INFO - Processing /home/airflow/.local/lib/python3.12/site-packages/airflow/example_dags/example_display_name.py took 0.061 seconds
[2024-12-14T19:38:28.738+0000] {processor.py:186} INFO - Started process (PID=370) to work on /home/airflow/.local/lib/python3.12/site-packages/airflow/example_dags/example_display_name.py
[2024-12-14T19:38:28.739+0000] {processor.py:914} INFO - Processing file /home/airflow/.local/lib/python3.12/site-packages/airflow/example_dags/example_display_name.py for tasks to queue
[2024-12-14T19:38:28.741+0000] {logging_mixin.py:190} INFO - [2024-12-14T19:38:28.741+0000] {dagbag.py:588} INFO - Filling up the DagBag from /home/airflow/.local/lib/python3.12/site-packages/airflow/example_dags/example_display_name.py
[2024-12-14T19:38:28.747+0000] {processor.py:925} INFO - DAG(s) 'example_display_name' retrieved from /home/airflow/.local/lib/python3.12/site-packages/airflow/example_dags/example_display_name.py
[2024-12-14T19:38:28.763+0000] {logging_mixin.py:190} INFO - [2024-12-14T19:38:28.763+0000] {dag.py:3239} INFO - Sync 1 DAGs
[2024-12-14T19:38:28.777+0000] {logging_mixin.py:190} INFO - [2024-12-14T19:38:28.777+0000] {dag.py:4180} INFO - Setting next_dagrun for example_display_name to None, run_after=None
[2024-12-14T19:38:28.791+0000] {processor.py:208} INFO - Processing /home/airflow/.local/lib/python3.12/site-packages/airflow/example_dags/example_display_name.py took 0.059 seconds
[2024-12-14T19:38:59.989+0000] {processor.py:186} INFO - Started process (PID=433) to work on /home/airflow/.local/lib/python3.12/site-packages/airflow/example_dags/example_display_name.py
[2024-12-14T19:38:59.989+0000] {processor.py:914} INFO - Processing file /home/airflow/.local/lib/python3.12/site-packages/airflow/example_dags/example_display_name.py for tasks to queue
[2024-12-14T19:38:59.991+0000] {logging_mixin.py:190} INFO - [2024-12-14T19:38:59.991+0000] {dagbag.py:588} INFO - Filling up the DagBag from /home/airflow/.local/lib/python3.12/site-packages/airflow/example_dags/example_display_name.py
[2024-12-14T19:38:59.997+0000] {processor.py:925} INFO - DAG(s) 'example_display_name' retrieved from /home/airflow/.local/lib/python3.12/site-packages/airflow/example_dags/example_display_name.py
[2024-12-14T19:39:00.012+0000] {logging_mixin.py:190} INFO - [2024-12-14T19:39:00.012+0000] {dag.py:3239} INFO - Sync 1 DAGs
[2024-12-14T19:39:00.024+0000] {logging_mixin.py:190} INFO - [2024-12-14T19:39:00.023+0000] {dag.py:4180} INFO - Setting next_dagrun for example_display_name to None, run_after=None
[2024-12-14T19:39:00.038+0000] {processor.py:208} INFO - Processing /home/airflow/.local/lib/python3.12/site-packages/airflow/example_dags/example_display_name.py took 0.055 seconds
[2024-12-14T19:39:31.479+0000] {processor.py:186} INFO - Started process (PID=496) to work on /home/airflow/.local/lib/python3.12/site-packages/airflow/example_dags/example_display_name.py
[2024-12-14T19:39:31.480+0000] {processor.py:914} INFO - Processing file /home/airflow/.local/lib/python3.12/site-packages/airflow/example_dags/example_display_name.py for tasks to queue
[2024-12-14T19:39:31.481+0000] {logging_mixin.py:190} INFO - [2024-12-14T19:39:31.481+0000] {dagbag.py:588} INFO - Filling up the DagBag from /home/airflow/.local/lib/python3.12/site-packages/airflow/example_dags/example_display_name.py
[2024-12-14T19:39:31.487+0000] {processor.py:925} INFO - DAG(s) 'example_display_name' retrieved from /home/airflow/.local/lib/python3.12/site-packages/airflow/example_dags/example_display_name.py
[2024-12-14T19:39:31.503+0000] {logging_mixin.py:190} INFO - [2024-12-14T19:39:31.503+0000] {dag.py:3239} INFO - Sync 1 DAGs
[2024-12-14T19:39:31.516+0000] {logging_mixin.py:190} INFO - [2024-12-14T19:39:31.516+0000] {dag.py:4180} INFO - Setting next_dagrun for example_display_name to None, run_after=None
[2024-12-14T19:39:31.531+0000] {processor.py:208} INFO - Processing /home/airflow/.local/lib/python3.12/site-packages/airflow/example_dags/example_display_name.py took 0.057 seconds
[2024-12-14T19:40:02.545+0000] {processor.py:186} INFO - Started process (PID=559) to work on /home/airflow/.local/lib/python3.12/site-packages/airflow/example_dags/example_display_name.py
[2024-12-14T19:40:02.546+0000] {processor.py:914} INFO - Processing file /home/airflow/.local/lib/python3.12/site-packages/airflow/example_dags/example_display_name.py for tasks to queue
[2024-12-14T19:40:02.548+0000] {logging_mixin.py:190} INFO - [2024-12-14T19:40:02.548+0000] {dagbag.py:588} INFO - Filling up the DagBag from /home/airflow/.local/lib/python3.12/site-packages/airflow/example_dags/example_display_name.py
[2024-12-14T19:40:02.557+0000] {processor.py:925} INFO - DAG(s) 'example_display_name' retrieved from /home/airflow/.local/lib/python3.12/site-packages/airflow/example_dags/example_display_name.py
[2024-12-14T19:40:02.575+0000] {logging_mixin.py:190} INFO - [2024-12-14T19:40:02.574+0000] {dag.py:3239} INFO - Sync 1 DAGs
[2024-12-14T19:40:02.590+0000] {logging_mixin.py:190} INFO - [2024-12-14T19:40:02.590+0000] {dag.py:4180} INFO - Setting next_dagrun for example_display_name to None, run_after=None
[2024-12-14T19:40:02.608+0000] {processor.py:208} INFO - Processing /home/airflow/.local/lib/python3.12/site-packages/airflow/example_dags/example_display_name.py took 0.077 seconds
[2024-12-14T19:40:33.116+0000] {processor.py:186} INFO - Started process (PID=622) to work on /home/airflow/.local/lib/python3.12/site-packages/airflow/example_dags/example_display_name.py
[2024-12-14T19:40:33.117+0000] {processor.py:914} INFO - Processing file /home/airflow/.local/lib/python3.12/site-packages/airflow/example_dags/example_display_name.py for tasks to queue
[2024-12-14T19:40:33.119+0000] {logging_mixin.py:190} INFO - [2024-12-14T19:40:33.118+0000] {dagbag.py:588} INFO - Filling up the DagBag from /home/airflow/.local/lib/python3.12/site-packages/airflow/example_dags/example_display_name.py
[2024-12-14T19:40:33.125+0000] {processor.py:925} INFO - DAG(s) 'example_display_name' retrieved from /home/airflow/.local/lib/python3.12/site-packages/airflow/example_dags/example_display_name.py
[2024-12-14T19:40:33.138+0000] {logging_mixin.py:190} INFO - [2024-12-14T19:40:33.138+0000] {dag.py:3239} INFO - Sync 1 DAGs
[2024-12-14T19:40:33.150+0000] {logging_mixin.py:190} INFO - [2024-12-14T19:40:33.150+0000] {dag.py:4180} INFO - Setting next_dagrun for example_display_name to None, run_after=None
[2024-12-14T19:40:33.164+0000] {processor.py:208} INFO - Processing /home/airflow/.local/lib/python3.12/site-packages/airflow/example_dags/example_display_name.py took 0.053 seconds
[2024-12-14T19:41:04.331+0000] {processor.py:186} INFO - Started process (PID=692) to work on /home/airflow/.local/lib/python3.12/site-packages/airflow/example_dags/example_display_name.py
[2024-12-14T19:41:04.332+0000] {processor.py:914} INFO - Processing file /home/airflow/.local/lib/python3.12/site-packages/airflow/example_dags/example_display_name.py for tasks to queue
[2024-12-14T19:41:04.334+0000] {logging_mixin.py:190} INFO - [2024-12-14T19:41:04.333+0000] {dagbag.py:588} INFO - Filling up the DagBag from /home/airflow/.local/lib/python3.12/site-packages/airflow/example_dags/example_display_name.py
[2024-12-14T19:41:04.340+0000] {processor.py:925} INFO - DAG(s) 'example_display_name' retrieved from /home/airflow/.local/lib/python3.12/site-packages/airflow/example_dags/example_display_name.py
[2024-12-14T19:41:04.354+0000] {logging_mixin.py:190} INFO - [2024-12-14T19:41:04.354+0000] {dag.py:3239} INFO - Sync 1 DAGs
[2024-12-14T19:41:04.366+0000] {logging_mixin.py:190} INFO - [2024-12-14T19:41:04.366+0000] {dag.py:4180} INFO - Setting next_dagrun for example_display_name to None, run_after=None
[2024-12-14T19:41:04.381+0000] {processor.py:208} INFO - Processing /home/airflow/.local/lib/python3.12/site-packages/airflow/example_dags/example_display_name.py took 0.054 seconds
[2024-12-14T19:41:35.613+0000] {processor.py:186} INFO - Started process (PID=754) to work on /home/airflow/.local/lib/python3.12/site-packages/airflow/example_dags/example_display_name.py
[2024-12-14T19:41:35.614+0000] {processor.py:914} INFO - Processing file /home/airflow/.local/lib/python3.12/site-packages/airflow/example_dags/example_display_name.py for tasks to queue
[2024-12-14T19:41:35.616+0000] {logging_mixin.py:190} INFO - [2024-12-14T19:41:35.616+0000] {dagbag.py:588} INFO - Filling up the DagBag from /home/airflow/.local/lib/python3.12/site-packages/airflow/example_dags/example_display_name.py
[2024-12-14T19:41:35.622+0000] {processor.py:925} INFO - DAG(s) 'example_display_name' retrieved from /home/airflow/.local/lib/python3.12/site-packages/airflow/example_dags/example_display_name.py
[2024-12-14T19:41:35.638+0000] {logging_mixin.py:190} INFO - [2024-12-14T19:41:35.638+0000] {dag.py:3239} INFO - Sync 1 DAGs
[2024-12-14T19:41:35.654+0000] {logging_mixin.py:190} INFO - [2024-12-14T19:41:35.653+0000] {dag.py:4180} INFO - Setting next_dagrun for example_display_name to None, run_after=None
[2024-12-14T19:41:35.671+0000] {processor.py:208} INFO - Processing /home/airflow/.local/lib/python3.12/site-packages/airflow/example_dags/example_display_name.py took 0.065 seconds
[2024-12-14T19:42:07.298+0000] {processor.py:186} INFO - Started process (PID=816) to work on /home/airflow/.local/lib/python3.12/site-packages/airflow/example_dags/example_display_name.py
[2024-12-14T19:42:07.300+0000] {processor.py:914} INFO - Processing file /home/airflow/.local/lib/python3.12/site-packages/airflow/example_dags/example_display_name.py for tasks to queue
[2024-12-14T19:42:07.301+0000] {logging_mixin.py:190} INFO - [2024-12-14T19:42:07.301+0000] {dagbag.py:588} INFO - Filling up the DagBag from /home/airflow/.local/lib/python3.12/site-packages/airflow/example_dags/example_display_name.py
[2024-12-14T19:42:07.308+0000] {processor.py:925} INFO - DAG(s) 'example_display_name' retrieved from /home/airflow/.local/lib/python3.12/site-packages/airflow/example_dags/example_display_name.py
[2024-12-14T19:42:07.325+0000] {logging_mixin.py:190} INFO - [2024-12-14T19:42:07.325+0000] {dag.py:3239} INFO - Sync 1 DAGs
[2024-12-14T19:42:07.337+0000] {logging_mixin.py:190} INFO - [2024-12-14T19:42:07.337+0000] {dag.py:4180} INFO - Setting next_dagrun for example_display_name to None, run_after=None
[2024-12-14T19:42:07.351+0000] {processor.py:208} INFO - Processing /home/airflow/.local/lib/python3.12/site-packages/airflow/example_dags/example_display_name.py took 0.058 seconds
[2024-12-14T19:42:38.548+0000] {processor.py:186} INFO - Started process (PID=879) to work on /home/airflow/.local/lib/python3.12/site-packages/airflow/example_dags/example_display_name.py
[2024-12-14T19:42:38.549+0000] {processor.py:914} INFO - Processing file /home/airflow/.local/lib/python3.12/site-packages/airflow/example_dags/example_display_name.py for tasks to queue
[2024-12-14T19:42:38.550+0000] {logging_mixin.py:190} INFO - [2024-12-14T19:42:38.550+0000] {dagbag.py:588} INFO - Filling up the DagBag from /home/airflow/.local/lib/python3.12/site-packages/airflow/example_dags/example_display_name.py
[2024-12-14T19:42:38.556+0000] {processor.py:925} INFO - DAG(s) 'example_display_name' retrieved from /home/airflow/.local/lib/python3.12/site-packages/airflow/example_dags/example_display_name.py
[2024-12-14T19:42:38.573+0000] {logging_mixin.py:190} INFO - [2024-12-14T19:42:38.573+0000] {dag.py:3239} INFO - Sync 1 DAGs
[2024-12-14T19:42:38.587+0000] {logging_mixin.py:190} INFO - [2024-12-14T19:42:38.587+0000] {dag.py:4180} INFO - Setting next_dagrun for example_display_name to None, run_after=None
[2024-12-14T19:42:38.604+0000] {processor.py:208} INFO - Processing /home/airflow/.local/lib/python3.12/site-packages/airflow/example_dags/example_display_name.py took 0.061 seconds
[2024-12-14T19:43:08.688+0000] {processor.py:186} INFO - Started process (PID=941) to work on /home/airflow/.local/lib/python3.12/site-packages/airflow/example_dags/example_display_name.py
[2024-12-14T19:43:08.689+0000] {processor.py:914} INFO - Processing file /home/airflow/.local/lib/python3.12/site-packages/airflow/example_dags/example_display_name.py for tasks to queue
[2024-12-14T19:43:08.691+0000] {logging_mixin.py:190} INFO - [2024-12-14T19:43:08.691+0000] {dagbag.py:588} INFO - Filling up the DagBag from /home/airflow/.local/lib/python3.12/site-packages/airflow/example_dags/example_display_name.py
[2024-12-14T19:43:08.699+0000] {processor.py:925} INFO - DAG(s) 'example_display_name' retrieved from /home/airflow/.local/lib/python3.12/site-packages/airflow/example_dags/example_display_name.py
[2024-12-14T19:43:08.717+0000] {logging_mixin.py:190} INFO - [2024-12-14T19:43:08.716+0000] {dag.py:3239} INFO - Sync 1 DAGs
[2024-12-14T19:43:08.734+0000] {logging_mixin.py:190} INFO - [2024-12-14T19:43:08.734+0000] {dag.py:4180} INFO - Setting next_dagrun for example_display_name to None, run_after=None
[2024-12-14T19:43:08.753+0000] {processor.py:208} INFO - Processing /home/airflow/.local/lib/python3.12/site-packages/airflow/example_dags/example_display_name.py took 0.070 seconds
[2024-12-14T19:43:39.746+0000] {processor.py:186} INFO - Started process (PID=1004) to work on /home/airflow/.local/lib/python3.12/site-packages/airflow/example_dags/example_display_name.py
[2024-12-14T19:43:39.748+0000] {processor.py:914} INFO - Processing file /home/airflow/.local/lib/python3.12/site-packages/airflow/example_dags/example_display_name.py for tasks to queue
[2024-12-14T19:43:39.749+0000] {logging_mixin.py:190} INFO - [2024-12-14T19:43:39.749+0000] {dagbag.py:588} INFO - Filling up the DagBag from /home/airflow/.local/lib/python3.12/site-packages/airflow/example_dags/example_display_name.py
[2024-12-14T19:43:39.755+0000] {processor.py:925} INFO - DAG(s) 'example_display_name' retrieved from /home/airflow/.local/lib/python3.12/site-packages/airflow/example_dags/example_display_name.py
[2024-12-14T19:43:39.772+0000] {logging_mixin.py:190} INFO - [2024-12-14T19:43:39.772+0000] {dag.py:3239} INFO - Sync 1 DAGs
[2024-12-14T19:43:39.787+0000] {logging_mixin.py:190} INFO - [2024-12-14T19:43:39.787+0000] {dag.py:4180} INFO - Setting next_dagrun for example_display_name to None, run_after=None
[2024-12-14T19:43:39.802+0000] {processor.py:208} INFO - Processing /home/airflow/.local/lib/python3.12/site-packages/airflow/example_dags/example_display_name.py took 0.060 seconds
[2024-12-14T19:44:10.342+0000] {processor.py:186} INFO - Started process (PID=1067) to work on /home/airflow/.local/lib/python3.12/site-packages/airflow/example_dags/example_display_name.py
[2024-12-14T19:44:10.343+0000] {processor.py:914} INFO - Processing file /home/airflow/.local/lib/python3.12/site-packages/airflow/example_dags/example_display_name.py for tasks to queue
[2024-12-14T19:44:10.345+0000] {logging_mixin.py:190} INFO - [2024-12-14T19:44:10.345+0000] {dagbag.py:588} INFO - Filling up the DagBag from /home/airflow/.local/lib/python3.12/site-packages/airflow/example_dags/example_display_name.py
[2024-12-14T19:44:10.352+0000] {processor.py:925} INFO - DAG(s) 'example_display_name' retrieved from /home/airflow/.local/lib/python3.12/site-packages/airflow/example_dags/example_display_name.py
[2024-12-14T19:44:10.370+0000] {logging_mixin.py:190} INFO - [2024-12-14T19:44:10.369+0000] {dag.py:3239} INFO - Sync 1 DAGs
[2024-12-14T19:44:10.384+0000] {logging_mixin.py:190} INFO - [2024-12-14T19:44:10.384+0000] {dag.py:4180} INFO - Setting next_dagrun for example_display_name to None, run_after=None
[2024-12-14T19:44:10.400+0000] {processor.py:208} INFO - Processing /home/airflow/.local/lib/python3.12/site-packages/airflow/example_dags/example_display_name.py took 0.063 seconds
[2024-12-14T19:44:41.792+0000] {processor.py:186} INFO - Started process (PID=1130) to work on /home/airflow/.local/lib/python3.12/site-packages/airflow/example_dags/example_display_name.py
[2024-12-14T19:44:41.793+0000] {processor.py:914} INFO - Processing file /home/airflow/.local/lib/python3.12/site-packages/airflow/example_dags/example_display_name.py for tasks to queue
[2024-12-14T19:44:41.795+0000] {logging_mixin.py:190} INFO - [2024-12-14T19:44:41.795+0000] {dagbag.py:588} INFO - Filling up the DagBag from /home/airflow/.local/lib/python3.12/site-packages/airflow/example_dags/example_display_name.py
[2024-12-14T19:44:41.801+0000] {processor.py:925} INFO - DAG(s) 'example_display_name' retrieved from /home/airflow/.local/lib/python3.12/site-packages/airflow/example_dags/example_display_name.py
[2024-12-14T19:44:41.819+0000] {logging_mixin.py:190} INFO - [2024-12-14T19:44:41.819+0000] {dag.py:3239} INFO - Sync 1 DAGs
[2024-12-14T19:44:41.834+0000] {logging_mixin.py:190} INFO - [2024-12-14T19:44:41.834+0000] {dag.py:4180} INFO - Setting next_dagrun for example_display_name to None, run_after=None
[2024-12-14T19:44:41.849+0000] {processor.py:208} INFO - Processing /home/airflow/.local/lib/python3.12/site-packages/airflow/example_dags/example_display_name.py took 0.062 seconds
[2024-12-14T19:45:13.751+0000] {processor.py:186} INFO - Started process (PID=1194) to work on /home/airflow/.local/lib/python3.12/site-packages/airflow/example_dags/example_display_name.py
[2024-12-14T19:45:13.752+0000] {processor.py:914} INFO - Processing file /home/airflow/.local/lib/python3.12/site-packages/airflow/example_dags/example_display_name.py for tasks to queue
[2024-12-14T19:45:13.754+0000] {logging_mixin.py:190} INFO - [2024-12-14T19:45:13.753+0000] {dagbag.py:588} INFO - Filling up the DagBag from /home/airflow/.local/lib/python3.12/site-packages/airflow/example_dags/example_display_name.py
[2024-12-14T19:45:13.762+0000] {processor.py:925} INFO - DAG(s) 'example_display_name' retrieved from /home/airflow/.local/lib/python3.12/site-packages/airflow/example_dags/example_display_name.py
[2024-12-14T19:45:13.777+0000] {logging_mixin.py:190} INFO - [2024-12-14T19:45:13.777+0000] {dag.py:3239} INFO - Sync 1 DAGs
[2024-12-14T19:45:13.789+0000] {logging_mixin.py:190} INFO - [2024-12-14T19:45:13.789+0000] {dag.py:4180} INFO - Setting next_dagrun for example_display_name to None, run_after=None
[2024-12-14T19:45:13.804+0000] {processor.py:208} INFO - Processing /home/airflow/.local/lib/python3.12/site-packages/airflow/example_dags/example_display_name.py took 0.058 seconds
[2024-12-14T19:45:44.572+0000] {processor.py:186} INFO - Started process (PID=1257) to work on /home/airflow/.local/lib/python3.12/site-packages/airflow/example_dags/example_display_name.py
[2024-12-14T19:45:44.573+0000] {processor.py:914} INFO - Processing file /home/airflow/.local/lib/python3.12/site-packages/airflow/example_dags/example_display_name.py for tasks to queue
[2024-12-14T19:45:44.574+0000] {logging_mixin.py:190} INFO - [2024-12-14T19:45:44.574+0000] {dagbag.py:588} INFO - Filling up the DagBag from /home/airflow/.local/lib/python3.12/site-packages/airflow/example_dags/example_display_name.py
[2024-12-14T19:45:44.580+0000] {processor.py:925} INFO - DAG(s) 'example_display_name' retrieved from /home/airflow/.local/lib/python3.12/site-packages/airflow/example_dags/example_display_name.py
[2024-12-14T19:45:44.596+0000] {logging_mixin.py:190} INFO - [2024-12-14T19:45:44.596+0000] {dag.py:3239} INFO - Sync 1 DAGs
[2024-12-14T19:45:44.608+0000] {logging_mixin.py:190} INFO - [2024-12-14T19:45:44.607+0000] {dag.py:4180} INFO - Setting next_dagrun for example_display_name to None, run_after=None
[2024-12-14T19:45:44.622+0000] {processor.py:208} INFO - Processing /home/airflow/.local/lib/python3.12/site-packages/airflow/example_dags/example_display_name.py took 0.056 seconds
