[2024-12-14T19:28:33.403+0000] {processor.py:186} INFO - Started process (PID=79) to work on /home/airflow/.local/lib/python3.12/site-packages/airflow/example_dags/example_outlet_event_extra.py
[2024-12-14T19:28:33.403+0000] {processor.py:914} INFO - Processing file /home/airflow/.local/lib/python3.12/site-packages/airflow/example_dags/example_outlet_event_extra.py for tasks to queue
[2024-12-14T19:28:33.406+0000] {logging_mixin.py:190} INFO - [2024-12-14T19:28:33.405+0000] {dagbag.py:588} INFO - Filling up the DagBag from /home/airflow/.local/lib/python3.12/site-packages/airflow/example_dags/example_outlet_event_extra.py
[2024-12-14T19:28:34.043+0000] {processor.py:925} INFO - DAG(s) 'dataset_with_extra_by_yield', 'dataset_with_extra_from_classic_operator', 'dataset_with_extra_by_context' retrieved from /home/airflow/.local/lib/python3.12/site-packages/airflow/example_dags/example_outlet_event_extra.py
[2024-12-14T19:28:34.157+0000] {logging_mixin.py:190} INFO - [2024-12-14T19:28:34.156+0000] {override.py:1911} INFO - Created Permission View: can edit on DAG:dataset_with_extra_by_yield
[2024-12-14T19:28:34.169+0000] {logging_mixin.py:190} INFO - [2024-12-14T19:28:34.168+0000] {override.py:1911} INFO - Created Permission View: can delete on DAG:dataset_with_extra_by_yield
[2024-12-14T19:28:34.177+0000] {logging_mixin.py:190} INFO - [2024-12-14T19:28:34.177+0000] {override.py:1911} INFO - Created Permission View: can read on DAG:dataset_with_extra_by_yield
[2024-12-14T19:28:34.183+0000] {logging_mixin.py:190} INFO - [2024-12-14T19:28:34.183+0000] {override.py:1911} INFO - Created Permission View: menu access on DAG Run:dataset_with_extra_by_yield
[2024-12-14T19:28:34.189+0000] {logging_mixin.py:190} INFO - [2024-12-14T19:28:34.189+0000] {override.py:1911} INFO - Created Permission View: can delete on DAG Run:dataset_with_extra_by_yield
[2024-12-14T19:28:34.196+0000] {logging_mixin.py:190} INFO - [2024-12-14T19:28:34.196+0000] {override.py:1911} INFO - Created Permission View: can create on DAG Run:dataset_with_extra_by_yield
[2024-12-14T19:28:34.203+0000] {logging_mixin.py:190} INFO - [2024-12-14T19:28:34.203+0000] {override.py:1911} INFO - Created Permission View: can read on DAG Run:dataset_with_extra_by_yield
[2024-12-14T19:28:34.216+0000] {logging_mixin.py:190} INFO - [2024-12-14T19:28:34.215+0000] {override.py:1911} INFO - Created Permission View: can edit on DAG:dataset_with_extra_from_classic_operator
[2024-12-14T19:28:34.222+0000] {logging_mixin.py:190} INFO - [2024-12-14T19:28:34.222+0000] {override.py:1911} INFO - Created Permission View: can delete on DAG:dataset_with_extra_from_classic_operator
[2024-12-14T19:28:34.229+0000] {logging_mixin.py:190} INFO - [2024-12-14T19:28:34.228+0000] {override.py:1911} INFO - Created Permission View: can read on DAG:dataset_with_extra_from_classic_operator
[2024-12-14T19:28:34.234+0000] {logging_mixin.py:190} INFO - [2024-12-14T19:28:34.234+0000] {override.py:1911} INFO - Created Permission View: menu access on DAG Run:dataset_with_extra_from_classic_operator
[2024-12-14T19:28:34.240+0000] {logging_mixin.py:190} INFO - [2024-12-14T19:28:34.240+0000] {override.py:1911} INFO - Created Permission View: can delete on DAG Run:dataset_with_extra_from_classic_operator
[2024-12-14T19:28:34.247+0000] {logging_mixin.py:190} INFO - [2024-12-14T19:28:34.246+0000] {override.py:1911} INFO - Created Permission View: can create on DAG Run:dataset_with_extra_from_classic_operator
[2024-12-14T19:28:34.254+0000] {logging_mixin.py:190} INFO - [2024-12-14T19:28:34.253+0000] {override.py:1911} INFO - Created Permission View: can read on DAG Run:dataset_with_extra_from_classic_operator
[2024-12-14T19:28:34.266+0000] {logging_mixin.py:190} INFO - [2024-12-14T19:28:34.265+0000] {override.py:1911} INFO - Created Permission View: can edit on DAG:dataset_with_extra_by_context
[2024-12-14T19:28:34.272+0000] {logging_mixin.py:190} INFO - [2024-12-14T19:28:34.271+0000] {override.py:1911} INFO - Created Permission View: can delete on DAG:dataset_with_extra_by_context
[2024-12-14T19:28:34.280+0000] {logging_mixin.py:190} INFO - [2024-12-14T19:28:34.280+0000] {override.py:1911} INFO - Created Permission View: can read on DAG:dataset_with_extra_by_context
[2024-12-14T19:28:34.287+0000] {logging_mixin.py:190} INFO - [2024-12-14T19:28:34.287+0000] {override.py:1911} INFO - Created Permission View: menu access on DAG Run:dataset_with_extra_by_context
[2024-12-14T19:28:34.296+0000] {logging_mixin.py:190} INFO - [2024-12-14T19:28:34.295+0000] {override.py:1911} INFO - Created Permission View: can delete on DAG Run:dataset_with_extra_by_context
[2024-12-14T19:28:34.303+0000] {logging_mixin.py:190} INFO - [2024-12-14T19:28:34.303+0000] {override.py:1911} INFO - Created Permission View: can create on DAG Run:dataset_with_extra_by_context
[2024-12-14T19:28:34.311+0000] {logging_mixin.py:190} INFO - [2024-12-14T19:28:34.311+0000] {override.py:1911} INFO - Created Permission View: can read on DAG Run:dataset_with_extra_by_context
[2024-12-14T19:28:34.312+0000] {logging_mixin.py:190} INFO - [2024-12-14T19:28:34.311+0000] {dag.py:3239} INFO - Sync 3 DAGs
[2024-12-14T19:28:34.326+0000] {logging_mixin.py:190} INFO - [2024-12-14T19:28:34.325+0000] {dag.py:3262} INFO - Creating ORM DAG for dataset_with_extra_from_classic_operator
[2024-12-14T19:28:34.327+0000] {logging_mixin.py:190} INFO - [2024-12-14T19:28:34.326+0000] {dag.py:3262} INFO - Creating ORM DAG for dataset_with_extra_by_yield
[2024-12-14T19:28:34.328+0000] {logging_mixin.py:190} INFO - [2024-12-14T19:28:34.328+0000] {dag.py:3262} INFO - Creating ORM DAG for dataset_with_extra_by_context
[2024-12-14T19:28:34.348+0000] {logging_mixin.py:190} INFO - [2024-12-14T19:28:34.348+0000] {dag.py:4180} INFO - Setting next_dagrun for dataset_with_extra_by_context to 2024-12-13 00:00:00+00:00, run_after=2024-12-14 00:00:00+00:00
[2024-12-14T19:28:34.350+0000] {logging_mixin.py:190} INFO - [2024-12-14T19:28:34.350+0000] {dag.py:4180} INFO - Setting next_dagrun for dataset_with_extra_by_yield to 2024-12-13 00:00:00+00:00, run_after=2024-12-14 00:00:00+00:00
[2024-12-14T19:28:34.356+0000] {logging_mixin.py:190} INFO - [2024-12-14T19:28:34.356+0000] {dag.py:4180} INFO - Setting next_dagrun for dataset_with_extra_from_classic_operator to 2024-12-13 00:00:00+00:00, run_after=2024-12-14 00:00:00+00:00
[2024-12-14T19:28:34.388+0000] {processor.py:208} INFO - Processing /home/airflow/.local/lib/python3.12/site-packages/airflow/example_dags/example_outlet_event_extra.py took 0.991 seconds
[2024-12-14T19:29:04.783+0000] {processor.py:186} INFO - Started process (PID=143) to work on /home/airflow/.local/lib/python3.12/site-packages/airflow/example_dags/example_outlet_event_extra.py
[2024-12-14T19:29:04.784+0000] {processor.py:914} INFO - Processing file /home/airflow/.local/lib/python3.12/site-packages/airflow/example_dags/example_outlet_event_extra.py for tasks to queue
[2024-12-14T19:29:04.786+0000] {logging_mixin.py:190} INFO - [2024-12-14T19:29:04.786+0000] {dagbag.py:588} INFO - Filling up the DagBag from /home/airflow/.local/lib/python3.12/site-packages/airflow/example_dags/example_outlet_event_extra.py
[2024-12-14T19:29:05.367+0000] {processor.py:925} INFO - DAG(s) 'dataset_with_extra_by_yield', 'dataset_with_extra_from_classic_operator', 'dataset_with_extra_by_context' retrieved from /home/airflow/.local/lib/python3.12/site-packages/airflow/example_dags/example_outlet_event_extra.py
[2024-12-14T19:29:05.387+0000] {logging_mixin.py:190} INFO - [2024-12-14T19:29:05.387+0000] {dag.py:3239} INFO - Sync 3 DAGs
[2024-12-14T19:29:05.410+0000] {logging_mixin.py:190} INFO - [2024-12-14T19:29:05.410+0000] {dag.py:4180} INFO - Setting next_dagrun for dataset_with_extra_by_context to 2024-12-13 00:00:00+00:00, run_after=2024-12-14 00:00:00+00:00
[2024-12-14T19:29:05.414+0000] {logging_mixin.py:190} INFO - [2024-12-14T19:29:05.414+0000] {dag.py:4180} INFO - Setting next_dagrun for dataset_with_extra_by_yield to 2024-12-13 00:00:00+00:00, run_after=2024-12-14 00:00:00+00:00
[2024-12-14T19:29:05.417+0000] {logging_mixin.py:190} INFO - [2024-12-14T19:29:05.417+0000] {dag.py:4180} INFO - Setting next_dagrun for dataset_with_extra_from_classic_operator to 2024-12-13 00:00:00+00:00, run_after=2024-12-14 00:00:00+00:00
[2024-12-14T19:29:05.434+0000] {processor.py:208} INFO - Processing /home/airflow/.local/lib/python3.12/site-packages/airflow/example_dags/example_outlet_event_extra.py took 0.658 seconds
[2024-12-14T19:29:36.225+0000] {processor.py:186} INFO - Started process (PID=211) to work on /home/airflow/.local/lib/python3.12/site-packages/airflow/example_dags/example_outlet_event_extra.py
[2024-12-14T19:29:36.226+0000] {processor.py:914} INFO - Processing file /home/airflow/.local/lib/python3.12/site-packages/airflow/example_dags/example_outlet_event_extra.py for tasks to queue
[2024-12-14T19:29:36.229+0000] {logging_mixin.py:190} INFO - [2024-12-14T19:29:36.228+0000] {dagbag.py:588} INFO - Filling up the DagBag from /home/airflow/.local/lib/python3.12/site-packages/airflow/example_dags/example_outlet_event_extra.py
[2024-12-14T19:29:36.948+0000] {processor.py:925} INFO - DAG(s) 'dataset_with_extra_from_classic_operator', 'dataset_with_extra_by_yield', 'dataset_with_extra_by_context' retrieved from /home/airflow/.local/lib/python3.12/site-packages/airflow/example_dags/example_outlet_event_extra.py
[2024-12-14T19:29:36.971+0000] {logging_mixin.py:190} INFO - [2024-12-14T19:29:36.971+0000] {dag.py:3239} INFO - Sync 3 DAGs
[2024-12-14T19:29:36.992+0000] {logging_mixin.py:190} INFO - [2024-12-14T19:29:36.992+0000] {dag.py:4180} INFO - Setting next_dagrun for dataset_with_extra_by_context to 2024-12-13 00:00:00+00:00, run_after=2024-12-14 00:00:00+00:00
[2024-12-14T19:29:36.997+0000] {logging_mixin.py:190} INFO - [2024-12-14T19:29:36.996+0000] {dag.py:4180} INFO - Setting next_dagrun for dataset_with_extra_by_yield to 2024-12-13 00:00:00+00:00, run_after=2024-12-14 00:00:00+00:00
[2024-12-14T19:29:36.999+0000] {logging_mixin.py:190} INFO - [2024-12-14T19:29:36.999+0000] {dag.py:4180} INFO - Setting next_dagrun for dataset_with_extra_from_classic_operator to 2024-12-13 00:00:00+00:00, run_after=2024-12-14 00:00:00+00:00
[2024-12-14T19:29:37.016+0000] {processor.py:208} INFO - Processing /home/airflow/.local/lib/python3.12/site-packages/airflow/example_dags/example_outlet_event_extra.py took 0.797 seconds
[2024-12-14T19:30:07.762+0000] {processor.py:186} INFO - Started process (PID=280) to work on /home/airflow/.local/lib/python3.12/site-packages/airflow/example_dags/example_outlet_event_extra.py
[2024-12-14T19:30:07.763+0000] {processor.py:914} INFO - Processing file /home/airflow/.local/lib/python3.12/site-packages/airflow/example_dags/example_outlet_event_extra.py for tasks to queue
[2024-12-14T19:30:07.765+0000] {logging_mixin.py:190} INFO - [2024-12-14T19:30:07.765+0000] {dagbag.py:588} INFO - Filling up the DagBag from /home/airflow/.local/lib/python3.12/site-packages/airflow/example_dags/example_outlet_event_extra.py
[2024-12-14T19:30:08.375+0000] {processor.py:925} INFO - DAG(s) 'dataset_with_extra_by_context', 'dataset_with_extra_from_classic_operator', 'dataset_with_extra_by_yield' retrieved from /home/airflow/.local/lib/python3.12/site-packages/airflow/example_dags/example_outlet_event_extra.py
[2024-12-14T19:30:08.396+0000] {logging_mixin.py:190} INFO - [2024-12-14T19:30:08.395+0000] {dag.py:3239} INFO - Sync 3 DAGs
[2024-12-14T19:30:08.417+0000] {logging_mixin.py:190} INFO - [2024-12-14T19:30:08.416+0000] {dag.py:4180} INFO - Setting next_dagrun for dataset_with_extra_by_context to 2024-12-13 00:00:00+00:00, run_after=2024-12-14 00:00:00+00:00
[2024-12-14T19:30:08.421+0000] {logging_mixin.py:190} INFO - [2024-12-14T19:30:08.421+0000] {dag.py:4180} INFO - Setting next_dagrun for dataset_with_extra_by_yield to 2024-12-13 00:00:00+00:00, run_after=2024-12-14 00:00:00+00:00
[2024-12-14T19:30:08.423+0000] {logging_mixin.py:190} INFO - [2024-12-14T19:30:08.423+0000] {dag.py:4180} INFO - Setting next_dagrun for dataset_with_extra_from_classic_operator to 2024-12-13 00:00:00+00:00, run_after=2024-12-14 00:00:00+00:00
[2024-12-14T19:30:08.440+0000] {processor.py:208} INFO - Processing /home/airflow/.local/lib/python3.12/site-packages/airflow/example_dags/example_outlet_event_extra.py took 0.684 seconds
[2024-12-14T19:30:39.254+0000] {processor.py:186} INFO - Started process (PID=345) to work on /home/airflow/.local/lib/python3.12/site-packages/airflow/example_dags/example_outlet_event_extra.py
[2024-12-14T19:30:39.255+0000] {processor.py:914} INFO - Processing file /home/airflow/.local/lib/python3.12/site-packages/airflow/example_dags/example_outlet_event_extra.py for tasks to queue
[2024-12-14T19:30:39.256+0000] {logging_mixin.py:190} INFO - [2024-12-14T19:30:39.256+0000] {dagbag.py:588} INFO - Filling up the DagBag from /home/airflow/.local/lib/python3.12/site-packages/airflow/example_dags/example_outlet_event_extra.py
[2024-12-14T19:30:39.782+0000] {processor.py:925} INFO - DAG(s) 'dataset_with_extra_by_yield', 'dataset_with_extra_by_context', 'dataset_with_extra_from_classic_operator' retrieved from /home/airflow/.local/lib/python3.12/site-packages/airflow/example_dags/example_outlet_event_extra.py
[2024-12-14T19:30:39.806+0000] {logging_mixin.py:190} INFO - [2024-12-14T19:30:39.806+0000] {dag.py:3239} INFO - Sync 3 DAGs
[2024-12-14T19:30:39.834+0000] {logging_mixin.py:190} INFO - [2024-12-14T19:30:39.833+0000] {dag.py:4180} INFO - Setting next_dagrun for dataset_with_extra_by_context to 2024-12-13 00:00:00+00:00, run_after=2024-12-14 00:00:00+00:00
[2024-12-14T19:30:39.840+0000] {logging_mixin.py:190} INFO - [2024-12-14T19:30:39.839+0000] {dag.py:4180} INFO - Setting next_dagrun for dataset_with_extra_by_yield to 2024-12-13 00:00:00+00:00, run_after=2024-12-14 00:00:00+00:00
[2024-12-14T19:30:39.843+0000] {logging_mixin.py:190} INFO - [2024-12-14T19:30:39.843+0000] {dag.py:4180} INFO - Setting next_dagrun for dataset_with_extra_from_classic_operator to 2024-12-13 00:00:00+00:00, run_after=2024-12-14 00:00:00+00:00
[2024-12-14T19:30:39.863+0000] {processor.py:208} INFO - Processing /home/airflow/.local/lib/python3.12/site-packages/airflow/example_dags/example_outlet_event_extra.py took 0.614 seconds
[2024-12-14T19:31:44.460+0000] {processor.py:186} INFO - Started process (PID=80) to work on /home/airflow/.local/lib/python3.12/site-packages/airflow/example_dags/example_outlet_event_extra.py
[2024-12-14T19:31:44.461+0000] {processor.py:914} INFO - Processing file /home/airflow/.local/lib/python3.12/site-packages/airflow/example_dags/example_outlet_event_extra.py for tasks to queue
[2024-12-14T19:31:44.464+0000] {logging_mixin.py:190} INFO - [2024-12-14T19:31:44.463+0000] {dagbag.py:588} INFO - Filling up the DagBag from /home/airflow/.local/lib/python3.12/site-packages/airflow/example_dags/example_outlet_event_extra.py
[2024-12-14T19:31:45.175+0000] {processor.py:925} INFO - DAG(s) 'dataset_with_extra_by_yield', 'dataset_with_extra_by_context', 'dataset_with_extra_from_classic_operator' retrieved from /home/airflow/.local/lib/python3.12/site-packages/airflow/example_dags/example_outlet_event_extra.py
[2024-12-14T19:31:45.203+0000] {logging_mixin.py:190} INFO - [2024-12-14T19:31:45.203+0000] {dag.py:3239} INFO - Sync 3 DAGs
[2024-12-14T19:31:45.234+0000] {logging_mixin.py:190} INFO - [2024-12-14T19:31:45.234+0000] {dag.py:4180} INFO - Setting next_dagrun for dataset_with_extra_by_context to 2024-12-13 00:00:00+00:00, run_after=2024-12-14 00:00:00+00:00
[2024-12-14T19:31:45.240+0000] {logging_mixin.py:190} INFO - [2024-12-14T19:31:45.239+0000] {dag.py:4180} INFO - Setting next_dagrun for dataset_with_extra_by_yield to 2024-12-13 00:00:00+00:00, run_after=2024-12-14 00:00:00+00:00
[2024-12-14T19:31:45.243+0000] {logging_mixin.py:190} INFO - [2024-12-14T19:31:45.242+0000] {dag.py:4180} INFO - Setting next_dagrun for dataset_with_extra_from_classic_operator to 2024-12-13 00:00:00+00:00, run_after=2024-12-14 00:00:00+00:00
[2024-12-14T19:31:45.274+0000] {processor.py:208} INFO - Processing /home/airflow/.local/lib/python3.12/site-packages/airflow/example_dags/example_outlet_event_extra.py took 0.821 seconds
[2024-12-14T19:32:16.078+0000] {processor.py:186} INFO - Started process (PID=144) to work on /home/airflow/.local/lib/python3.12/site-packages/airflow/example_dags/example_outlet_event_extra.py
[2024-12-14T19:32:16.079+0000] {processor.py:914} INFO - Processing file /home/airflow/.local/lib/python3.12/site-packages/airflow/example_dags/example_outlet_event_extra.py for tasks to queue
[2024-12-14T19:32:16.080+0000] {logging_mixin.py:190} INFO - [2024-12-14T19:32:16.080+0000] {dagbag.py:588} INFO - Filling up the DagBag from /home/airflow/.local/lib/python3.12/site-packages/airflow/example_dags/example_outlet_event_extra.py
[2024-12-14T19:32:16.676+0000] {processor.py:925} INFO - DAG(s) 'dataset_with_extra_from_classic_operator', 'dataset_with_extra_by_yield', 'dataset_with_extra_by_context' retrieved from /home/airflow/.local/lib/python3.12/site-packages/airflow/example_dags/example_outlet_event_extra.py
[2024-12-14T19:32:16.702+0000] {logging_mixin.py:190} INFO - [2024-12-14T19:32:16.702+0000] {dag.py:3239} INFO - Sync 3 DAGs
[2024-12-14T19:32:16.733+0000] {logging_mixin.py:190} INFO - [2024-12-14T19:32:16.733+0000] {dag.py:4180} INFO - Setting next_dagrun for dataset_with_extra_by_context to 2024-12-13 00:00:00+00:00, run_after=2024-12-14 00:00:00+00:00
[2024-12-14T19:32:16.739+0000] {logging_mixin.py:190} INFO - [2024-12-14T19:32:16.739+0000] {dag.py:4180} INFO - Setting next_dagrun for dataset_with_extra_by_yield to 2024-12-13 00:00:00+00:00, run_after=2024-12-14 00:00:00+00:00
[2024-12-14T19:32:16.743+0000] {logging_mixin.py:190} INFO - [2024-12-14T19:32:16.742+0000] {dag.py:4180} INFO - Setting next_dagrun for dataset_with_extra_from_classic_operator to 2024-12-13 00:00:00+00:00, run_after=2024-12-14 00:00:00+00:00
[2024-12-14T19:32:16.763+0000] {processor.py:208} INFO - Processing /home/airflow/.local/lib/python3.12/site-packages/airflow/example_dags/example_outlet_event_extra.py took 0.690 seconds
[2024-12-14T19:32:47.526+0000] {processor.py:186} INFO - Started process (PID=212) to work on /home/airflow/.local/lib/python3.12/site-packages/airflow/example_dags/example_outlet_event_extra.py
[2024-12-14T19:32:47.527+0000] {processor.py:914} INFO - Processing file /home/airflow/.local/lib/python3.12/site-packages/airflow/example_dags/example_outlet_event_extra.py for tasks to queue
[2024-12-14T19:32:47.529+0000] {logging_mixin.py:190} INFO - [2024-12-14T19:32:47.529+0000] {dagbag.py:588} INFO - Filling up the DagBag from /home/airflow/.local/lib/python3.12/site-packages/airflow/example_dags/example_outlet_event_extra.py
[2024-12-14T19:32:48.102+0000] {processor.py:925} INFO - DAG(s) 'dataset_with_extra_by_context', 'dataset_with_extra_by_yield', 'dataset_with_extra_from_classic_operator' retrieved from /home/airflow/.local/lib/python3.12/site-packages/airflow/example_dags/example_outlet_event_extra.py
[2024-12-14T19:32:48.120+0000] {logging_mixin.py:190} INFO - [2024-12-14T19:32:48.120+0000] {dag.py:3239} INFO - Sync 3 DAGs
[2024-12-14T19:32:48.141+0000] {logging_mixin.py:190} INFO - [2024-12-14T19:32:48.141+0000] {dag.py:4180} INFO - Setting next_dagrun for dataset_with_extra_by_context to 2024-12-13 00:00:00+00:00, run_after=2024-12-14 00:00:00+00:00
[2024-12-14T19:32:48.145+0000] {logging_mixin.py:190} INFO - [2024-12-14T19:32:48.145+0000] {dag.py:4180} INFO - Setting next_dagrun for dataset_with_extra_by_yield to 2024-12-13 00:00:00+00:00, run_after=2024-12-14 00:00:00+00:00
[2024-12-14T19:32:48.147+0000] {logging_mixin.py:190} INFO - [2024-12-14T19:32:48.147+0000] {dag.py:4180} INFO - Setting next_dagrun for dataset_with_extra_from_classic_operator to 2024-12-13 00:00:00+00:00, run_after=2024-12-14 00:00:00+00:00
[2024-12-14T19:32:48.164+0000] {processor.py:208} INFO - Processing /home/airflow/.local/lib/python3.12/site-packages/airflow/example_dags/example_outlet_event_extra.py took 0.643 seconds
[2024-12-14T19:33:18.692+0000] {processor.py:186} INFO - Started process (PID=276) to work on /home/airflow/.local/lib/python3.12/site-packages/airflow/example_dags/example_outlet_event_extra.py
[2024-12-14T19:33:18.693+0000] {processor.py:914} INFO - Processing file /home/airflow/.local/lib/python3.12/site-packages/airflow/example_dags/example_outlet_event_extra.py for tasks to queue
[2024-12-14T19:33:18.695+0000] {logging_mixin.py:190} INFO - [2024-12-14T19:33:18.695+0000] {dagbag.py:588} INFO - Filling up the DagBag from /home/airflow/.local/lib/python3.12/site-packages/airflow/example_dags/example_outlet_event_extra.py
[2024-12-14T19:33:19.270+0000] {processor.py:925} INFO - DAG(s) 'dataset_with_extra_from_classic_operator', 'dataset_with_extra_by_yield', 'dataset_with_extra_by_context' retrieved from /home/airflow/.local/lib/python3.12/site-packages/airflow/example_dags/example_outlet_event_extra.py
[2024-12-14T19:33:19.289+0000] {logging_mixin.py:190} INFO - [2024-12-14T19:33:19.288+0000] {dag.py:3239} INFO - Sync 3 DAGs
[2024-12-14T19:33:19.309+0000] {logging_mixin.py:190} INFO - [2024-12-14T19:33:19.309+0000] {dag.py:4180} INFO - Setting next_dagrun for dataset_with_extra_by_context to 2024-12-13 00:00:00+00:00, run_after=2024-12-14 00:00:00+00:00
[2024-12-14T19:33:19.313+0000] {logging_mixin.py:190} INFO - [2024-12-14T19:33:19.313+0000] {dag.py:4180} INFO - Setting next_dagrun for dataset_with_extra_by_yield to 2024-12-13 00:00:00+00:00, run_after=2024-12-14 00:00:00+00:00
[2024-12-14T19:33:19.315+0000] {logging_mixin.py:190} INFO - [2024-12-14T19:33:19.315+0000] {dag.py:4180} INFO - Setting next_dagrun for dataset_with_extra_from_classic_operator to 2024-12-13 00:00:00+00:00, run_after=2024-12-14 00:00:00+00:00
[2024-12-14T19:33:19.330+0000] {processor.py:208} INFO - Processing /home/airflow/.local/lib/python3.12/site-packages/airflow/example_dags/example_outlet_event_extra.py took 0.643 seconds
[2024-12-14T19:33:50.328+0000] {processor.py:186} INFO - Started process (PID=347) to work on /home/airflow/.local/lib/python3.12/site-packages/airflow/example_dags/example_outlet_event_extra.py
[2024-12-14T19:33:50.330+0000] {processor.py:914} INFO - Processing file /home/airflow/.local/lib/python3.12/site-packages/airflow/example_dags/example_outlet_event_extra.py for tasks to queue
[2024-12-14T19:33:50.331+0000] {logging_mixin.py:190} INFO - [2024-12-14T19:33:50.331+0000] {dagbag.py:588} INFO - Filling up the DagBag from /home/airflow/.local/lib/python3.12/site-packages/airflow/example_dags/example_outlet_event_extra.py
[2024-12-14T19:33:50.829+0000] {processor.py:925} INFO - DAG(s) 'dataset_with_extra_from_classic_operator', 'dataset_with_extra_by_yield', 'dataset_with_extra_by_context' retrieved from /home/airflow/.local/lib/python3.12/site-packages/airflow/example_dags/example_outlet_event_extra.py
[2024-12-14T19:33:50.849+0000] {logging_mixin.py:190} INFO - [2024-12-14T19:33:50.849+0000] {dag.py:3239} INFO - Sync 3 DAGs
[2024-12-14T19:33:50.871+0000] {logging_mixin.py:190} INFO - [2024-12-14T19:33:50.870+0000] {dag.py:4180} INFO - Setting next_dagrun for dataset_with_extra_by_context to 2024-12-13 00:00:00+00:00, run_after=2024-12-14 00:00:00+00:00
[2024-12-14T19:33:50.875+0000] {logging_mixin.py:190} INFO - [2024-12-14T19:33:50.875+0000] {dag.py:4180} INFO - Setting next_dagrun for dataset_with_extra_by_yield to 2024-12-13 00:00:00+00:00, run_after=2024-12-14 00:00:00+00:00
[2024-12-14T19:33:50.878+0000] {logging_mixin.py:190} INFO - [2024-12-14T19:33:50.877+0000] {dag.py:4180} INFO - Setting next_dagrun for dataset_with_extra_from_classic_operator to 2024-12-13 00:00:00+00:00, run_after=2024-12-14 00:00:00+00:00
[2024-12-14T19:33:50.893+0000] {processor.py:208} INFO - Processing /home/airflow/.local/lib/python3.12/site-packages/airflow/example_dags/example_outlet_event_extra.py took 0.570 seconds
[2024-12-14T19:34:21.843+0000] {processor.py:186} INFO - Started process (PID=410) to work on /home/airflow/.local/lib/python3.12/site-packages/airflow/example_dags/example_outlet_event_extra.py
[2024-12-14T19:34:21.844+0000] {processor.py:914} INFO - Processing file /home/airflow/.local/lib/python3.12/site-packages/airflow/example_dags/example_outlet_event_extra.py for tasks to queue
[2024-12-14T19:34:21.846+0000] {logging_mixin.py:190} INFO - [2024-12-14T19:34:21.846+0000] {dagbag.py:588} INFO - Filling up the DagBag from /home/airflow/.local/lib/python3.12/site-packages/airflow/example_dags/example_outlet_event_extra.py
[2024-12-14T19:34:22.342+0000] {processor.py:925} INFO - DAG(s) 'dataset_with_extra_from_classic_operator', 'dataset_with_extra_by_yield', 'dataset_with_extra_by_context' retrieved from /home/airflow/.local/lib/python3.12/site-packages/airflow/example_dags/example_outlet_event_extra.py
[2024-12-14T19:34:22.363+0000] {logging_mixin.py:190} INFO - [2024-12-14T19:34:22.363+0000] {dag.py:3239} INFO - Sync 3 DAGs
[2024-12-14T19:34:22.384+0000] {logging_mixin.py:190} INFO - [2024-12-14T19:34:22.383+0000] {dag.py:4180} INFO - Setting next_dagrun for dataset_with_extra_by_context to 2024-12-13 00:00:00+00:00, run_after=2024-12-14 00:00:00+00:00
[2024-12-14T19:34:22.388+0000] {logging_mixin.py:190} INFO - [2024-12-14T19:34:22.388+0000] {dag.py:4180} INFO - Setting next_dagrun for dataset_with_extra_by_yield to 2024-12-13 00:00:00+00:00, run_after=2024-12-14 00:00:00+00:00
[2024-12-14T19:34:22.390+0000] {logging_mixin.py:190} INFO - [2024-12-14T19:34:22.390+0000] {dag.py:4180} INFO - Setting next_dagrun for dataset_with_extra_from_classic_operator to 2024-12-13 00:00:00+00:00, run_after=2024-12-14 00:00:00+00:00
[2024-12-14T19:34:22.407+0000] {processor.py:208} INFO - Processing /home/airflow/.local/lib/python3.12/site-packages/airflow/example_dags/example_outlet_event_extra.py took 0.569 seconds
[2024-12-14T19:34:53.019+0000] {processor.py:186} INFO - Started process (PID=473) to work on /home/airflow/.local/lib/python3.12/site-packages/airflow/example_dags/example_outlet_event_extra.py
[2024-12-14T19:34:53.020+0000] {processor.py:914} INFO - Processing file /home/airflow/.local/lib/python3.12/site-packages/airflow/example_dags/example_outlet_event_extra.py for tasks to queue
[2024-12-14T19:34:53.022+0000] {logging_mixin.py:190} INFO - [2024-12-14T19:34:53.022+0000] {dagbag.py:588} INFO - Filling up the DagBag from /home/airflow/.local/lib/python3.12/site-packages/airflow/example_dags/example_outlet_event_extra.py
[2024-12-14T19:34:53.519+0000] {processor.py:925} INFO - DAG(s) 'dataset_with_extra_from_classic_operator', 'dataset_with_extra_by_context', 'dataset_with_extra_by_yield' retrieved from /home/airflow/.local/lib/python3.12/site-packages/airflow/example_dags/example_outlet_event_extra.py
[2024-12-14T19:34:53.538+0000] {logging_mixin.py:190} INFO - [2024-12-14T19:34:53.538+0000] {dag.py:3239} INFO - Sync 3 DAGs
[2024-12-14T19:34:53.560+0000] {logging_mixin.py:190} INFO - [2024-12-14T19:34:53.560+0000] {dag.py:4180} INFO - Setting next_dagrun for dataset_with_extra_by_context to 2024-12-13 00:00:00+00:00, run_after=2024-12-14 00:00:00+00:00
[2024-12-14T19:34:53.564+0000] {logging_mixin.py:190} INFO - [2024-12-14T19:34:53.564+0000] {dag.py:4180} INFO - Setting next_dagrun for dataset_with_extra_by_yield to 2024-12-13 00:00:00+00:00, run_after=2024-12-14 00:00:00+00:00
[2024-12-14T19:34:53.566+0000] {logging_mixin.py:190} INFO - [2024-12-14T19:34:53.566+0000] {dag.py:4180} INFO - Setting next_dagrun for dataset_with_extra_from_classic_operator to 2024-12-13 00:00:00+00:00, run_after=2024-12-14 00:00:00+00:00
[2024-12-14T19:34:53.581+0000] {processor.py:208} INFO - Processing /home/airflow/.local/lib/python3.12/site-packages/airflow/example_dags/example_outlet_event_extra.py took 0.568 seconds
[2024-12-14T19:35:54.599+0000] {processor.py:186} INFO - Started process (PID=73) to work on /home/airflow/.local/lib/python3.12/site-packages/airflow/example_dags/example_outlet_event_extra.py
[2024-12-14T19:35:54.601+0000] {processor.py:914} INFO - Processing file /home/airflow/.local/lib/python3.12/site-packages/airflow/example_dags/example_outlet_event_extra.py for tasks to queue
[2024-12-14T19:35:54.603+0000] {logging_mixin.py:190} INFO - [2024-12-14T19:35:54.603+0000] {dagbag.py:588} INFO - Filling up the DagBag from /home/airflow/.local/lib/python3.12/site-packages/airflow/example_dags/example_outlet_event_extra.py
[2024-12-14T19:35:55.118+0000] {processor.py:925} INFO - DAG(s) 'dataset_with_extra_from_classic_operator', 'dataset_with_extra_by_yield', 'dataset_with_extra_by_context' retrieved from /home/airflow/.local/lib/python3.12/site-packages/airflow/example_dags/example_outlet_event_extra.py
[2024-12-14T19:35:55.144+0000] {logging_mixin.py:190} INFO - [2024-12-14T19:35:55.144+0000] {dag.py:3239} INFO - Sync 3 DAGs
[2024-12-14T19:35:55.170+0000] {logging_mixin.py:190} INFO - [2024-12-14T19:35:55.170+0000] {dag.py:4180} INFO - Setting next_dagrun for dataset_with_extra_by_context to 2024-12-13 00:00:00+00:00, run_after=2024-12-14 00:00:00+00:00
[2024-12-14T19:35:55.175+0000] {logging_mixin.py:190} INFO - [2024-12-14T19:35:55.175+0000] {dag.py:4180} INFO - Setting next_dagrun for dataset_with_extra_by_yield to 2024-12-13 00:00:00+00:00, run_after=2024-12-14 00:00:00+00:00
[2024-12-14T19:35:55.177+0000] {logging_mixin.py:190} INFO - [2024-12-14T19:35:55.177+0000] {dag.py:4180} INFO - Setting next_dagrun for dataset_with_extra_from_classic_operator to 2024-12-13 00:00:00+00:00, run_after=2024-12-14 00:00:00+00:00
[2024-12-14T19:35:55.193+0000] {processor.py:208} INFO - Processing /home/airflow/.local/lib/python3.12/site-packages/airflow/example_dags/example_outlet_event_extra.py took 0.600 seconds
[2024-12-14T19:36:25.667+0000] {processor.py:186} INFO - Started process (PID=138) to work on /home/airflow/.local/lib/python3.12/site-packages/airflow/example_dags/example_outlet_event_extra.py
[2024-12-14T19:36:25.668+0000] {processor.py:914} INFO - Processing file /home/airflow/.local/lib/python3.12/site-packages/airflow/example_dags/example_outlet_event_extra.py for tasks to queue
[2024-12-14T19:36:25.669+0000] {logging_mixin.py:190} INFO - [2024-12-14T19:36:25.669+0000] {dagbag.py:588} INFO - Filling up the DagBag from /home/airflow/.local/lib/python3.12/site-packages/airflow/example_dags/example_outlet_event_extra.py
[2024-12-14T19:36:26.199+0000] {processor.py:925} INFO - DAG(s) 'dataset_with_extra_from_classic_operator', 'dataset_with_extra_by_context', 'dataset_with_extra_by_yield' retrieved from /home/airflow/.local/lib/python3.12/site-packages/airflow/example_dags/example_outlet_event_extra.py
[2024-12-14T19:36:26.220+0000] {logging_mixin.py:190} INFO - [2024-12-14T19:36:26.220+0000] {dag.py:3239} INFO - Sync 3 DAGs
[2024-12-14T19:36:26.243+0000] {logging_mixin.py:190} INFO - [2024-12-14T19:36:26.243+0000] {dag.py:4180} INFO - Setting next_dagrun for dataset_with_extra_by_context to 2024-12-13 00:00:00+00:00, run_after=2024-12-14 00:00:00+00:00
[2024-12-14T19:36:26.248+0000] {logging_mixin.py:190} INFO - [2024-12-14T19:36:26.248+0000] {dag.py:4180} INFO - Setting next_dagrun for dataset_with_extra_by_yield to 2024-12-13 00:00:00+00:00, run_after=2024-12-14 00:00:00+00:00
[2024-12-14T19:36:26.250+0000] {logging_mixin.py:190} INFO - [2024-12-14T19:36:26.250+0000] {dag.py:4180} INFO - Setting next_dagrun for dataset_with_extra_from_classic_operator to 2024-12-13 00:00:00+00:00, run_after=2024-12-14 00:00:00+00:00
[2024-12-14T19:36:26.268+0000] {processor.py:208} INFO - Processing /home/airflow/.local/lib/python3.12/site-packages/airflow/example_dags/example_outlet_event_extra.py took 0.606 seconds
[2024-12-14T19:36:56.609+0000] {processor.py:186} INFO - Started process (PID=199) to work on /home/airflow/.local/lib/python3.12/site-packages/airflow/example_dags/example_outlet_event_extra.py
[2024-12-14T19:36:56.611+0000] {processor.py:914} INFO - Processing file /home/airflow/.local/lib/python3.12/site-packages/airflow/example_dags/example_outlet_event_extra.py for tasks to queue
[2024-12-14T19:36:56.612+0000] {logging_mixin.py:190} INFO - [2024-12-14T19:36:56.612+0000] {dagbag.py:588} INFO - Filling up the DagBag from /home/airflow/.local/lib/python3.12/site-packages/airflow/example_dags/example_outlet_event_extra.py
[2024-12-14T19:36:57.140+0000] {processor.py:925} INFO - DAG(s) 'dataset_with_extra_by_context', 'dataset_with_extra_from_classic_operator', 'dataset_with_extra_by_yield' retrieved from /home/airflow/.local/lib/python3.12/site-packages/airflow/example_dags/example_outlet_event_extra.py
[2024-12-14T19:36:57.163+0000] {logging_mixin.py:190} INFO - [2024-12-14T19:36:57.163+0000] {dag.py:3239} INFO - Sync 3 DAGs
[2024-12-14T19:36:57.185+0000] {logging_mixin.py:190} INFO - [2024-12-14T19:36:57.184+0000] {dag.py:4180} INFO - Setting next_dagrun for dataset_with_extra_by_context to 2024-12-13 00:00:00+00:00, run_after=2024-12-14 00:00:00+00:00
[2024-12-14T19:36:57.189+0000] {logging_mixin.py:190} INFO - [2024-12-14T19:36:57.188+0000] {dag.py:4180} INFO - Setting next_dagrun for dataset_with_extra_by_yield to 2024-12-13 00:00:00+00:00, run_after=2024-12-14 00:00:00+00:00
[2024-12-14T19:36:57.191+0000] {logging_mixin.py:190} INFO - [2024-12-14T19:36:57.191+0000] {dag.py:4180} INFO - Setting next_dagrun for dataset_with_extra_from_classic_operator to 2024-12-13 00:00:00+00:00, run_after=2024-12-14 00:00:00+00:00
[2024-12-14T19:36:57.209+0000] {processor.py:208} INFO - Processing /home/airflow/.local/lib/python3.12/site-packages/airflow/example_dags/example_outlet_event_extra.py took 0.605 seconds
[2024-12-14T19:37:27.606+0000] {processor.py:186} INFO - Started process (PID=262) to work on /home/airflow/.local/lib/python3.12/site-packages/airflow/example_dags/example_outlet_event_extra.py
[2024-12-14T19:37:27.607+0000] {processor.py:914} INFO - Processing file /home/airflow/.local/lib/python3.12/site-packages/airflow/example_dags/example_outlet_event_extra.py for tasks to queue
[2024-12-14T19:37:27.609+0000] {logging_mixin.py:190} INFO - [2024-12-14T19:37:27.609+0000] {dagbag.py:588} INFO - Filling up the DagBag from /home/airflow/.local/lib/python3.12/site-packages/airflow/example_dags/example_outlet_event_extra.py
[2024-12-14T19:37:28.153+0000] {processor.py:925} INFO - DAG(s) 'dataset_with_extra_by_context', 'dataset_with_extra_by_yield', 'dataset_with_extra_from_classic_operator' retrieved from /home/airflow/.local/lib/python3.12/site-packages/airflow/example_dags/example_outlet_event_extra.py
[2024-12-14T19:37:28.177+0000] {logging_mixin.py:190} INFO - [2024-12-14T19:37:28.177+0000] {dag.py:3239} INFO - Sync 3 DAGs
[2024-12-14T19:37:28.201+0000] {logging_mixin.py:190} INFO - [2024-12-14T19:37:28.201+0000] {dag.py:4180} INFO - Setting next_dagrun for dataset_with_extra_by_context to 2024-12-13 00:00:00+00:00, run_after=2024-12-14 00:00:00+00:00
[2024-12-14T19:37:28.206+0000] {logging_mixin.py:190} INFO - [2024-12-14T19:37:28.206+0000] {dag.py:4180} INFO - Setting next_dagrun for dataset_with_extra_by_yield to 2024-12-13 00:00:00+00:00, run_after=2024-12-14 00:00:00+00:00
[2024-12-14T19:37:28.209+0000] {logging_mixin.py:190} INFO - [2024-12-14T19:37:28.209+0000] {dag.py:4180} INFO - Setting next_dagrun for dataset_with_extra_from_classic_operator to 2024-12-13 00:00:00+00:00, run_after=2024-12-14 00:00:00+00:00
[2024-12-14T19:37:28.226+0000] {processor.py:208} INFO - Processing /home/airflow/.local/lib/python3.12/site-packages/airflow/example_dags/example_outlet_event_extra.py took 0.625 seconds
[2024-12-14T19:37:58.624+0000] {processor.py:186} INFO - Started process (PID=325) to work on /home/airflow/.local/lib/python3.12/site-packages/airflow/example_dags/example_outlet_event_extra.py
[2024-12-14T19:37:58.625+0000] {processor.py:914} INFO - Processing file /home/airflow/.local/lib/python3.12/site-packages/airflow/example_dags/example_outlet_event_extra.py for tasks to queue
[2024-12-14T19:37:58.627+0000] {logging_mixin.py:190} INFO - [2024-12-14T19:37:58.626+0000] {dagbag.py:588} INFO - Filling up the DagBag from /home/airflow/.local/lib/python3.12/site-packages/airflow/example_dags/example_outlet_event_extra.py
[2024-12-14T19:37:59.156+0000] {processor.py:925} INFO - DAG(s) 'dataset_with_extra_by_context', 'dataset_with_extra_from_classic_operator', 'dataset_with_extra_by_yield' retrieved from /home/airflow/.local/lib/python3.12/site-packages/airflow/example_dags/example_outlet_event_extra.py
[2024-12-14T19:37:59.181+0000] {logging_mixin.py:190} INFO - [2024-12-14T19:37:59.181+0000] {dag.py:3239} INFO - Sync 3 DAGs
[2024-12-14T19:37:59.209+0000] {logging_mixin.py:190} INFO - [2024-12-14T19:37:59.209+0000] {dag.py:4180} INFO - Setting next_dagrun for dataset_with_extra_by_context to 2024-12-13 00:00:00+00:00, run_after=2024-12-14 00:00:00+00:00
[2024-12-14T19:37:59.215+0000] {logging_mixin.py:190} INFO - [2024-12-14T19:37:59.215+0000] {dag.py:4180} INFO - Setting next_dagrun for dataset_with_extra_by_yield to 2024-12-13 00:00:00+00:00, run_after=2024-12-14 00:00:00+00:00
[2024-12-14T19:37:59.219+0000] {logging_mixin.py:190} INFO - [2024-12-14T19:37:59.219+0000] {dag.py:4180} INFO - Setting next_dagrun for dataset_with_extra_from_classic_operator to 2024-12-13 00:00:00+00:00, run_after=2024-12-14 00:00:00+00:00
[2024-12-14T19:37:59.237+0000] {processor.py:208} INFO - Processing /home/airflow/.local/lib/python3.12/site-packages/airflow/example_dags/example_outlet_event_extra.py took 0.618 seconds
[2024-12-14T19:38:29.687+0000] {processor.py:186} INFO - Started process (PID=388) to work on /home/airflow/.local/lib/python3.12/site-packages/airflow/example_dags/example_outlet_event_extra.py
[2024-12-14T19:38:29.688+0000] {processor.py:914} INFO - Processing file /home/airflow/.local/lib/python3.12/site-packages/airflow/example_dags/example_outlet_event_extra.py for tasks to queue
[2024-12-14T19:38:29.690+0000] {logging_mixin.py:190} INFO - [2024-12-14T19:38:29.689+0000] {dagbag.py:588} INFO - Filling up the DagBag from /home/airflow/.local/lib/python3.12/site-packages/airflow/example_dags/example_outlet_event_extra.py
[2024-12-14T19:38:30.214+0000] {processor.py:925} INFO - DAG(s) 'dataset_with_extra_by_context', 'dataset_with_extra_by_yield', 'dataset_with_extra_from_classic_operator' retrieved from /home/airflow/.local/lib/python3.12/site-packages/airflow/example_dags/example_outlet_event_extra.py
[2024-12-14T19:38:30.240+0000] {logging_mixin.py:190} INFO - [2024-12-14T19:38:30.240+0000] {dag.py:3239} INFO - Sync 3 DAGs
[2024-12-14T19:38:30.268+0000] {logging_mixin.py:190} INFO - [2024-12-14T19:38:30.268+0000] {dag.py:4180} INFO - Setting next_dagrun for dataset_with_extra_by_context to 2024-12-13 00:00:00+00:00, run_after=2024-12-14 00:00:00+00:00
[2024-12-14T19:38:30.274+0000] {logging_mixin.py:190} INFO - [2024-12-14T19:38:30.274+0000] {dag.py:4180} INFO - Setting next_dagrun for dataset_with_extra_by_yield to 2024-12-13 00:00:00+00:00, run_after=2024-12-14 00:00:00+00:00
[2024-12-14T19:38:30.277+0000] {logging_mixin.py:190} INFO - [2024-12-14T19:38:30.277+0000] {dag.py:4180} INFO - Setting next_dagrun for dataset_with_extra_from_classic_operator to 2024-12-13 00:00:00+00:00, run_after=2024-12-14 00:00:00+00:00
[2024-12-14T19:38:30.297+0000] {processor.py:208} INFO - Processing /home/airflow/.local/lib/python3.12/site-packages/airflow/example_dags/example_outlet_event_extra.py took 0.614 seconds
[2024-12-14T19:39:01.157+0000] {processor.py:186} INFO - Started process (PID=456) to work on /home/airflow/.local/lib/python3.12/site-packages/airflow/example_dags/example_outlet_event_extra.py
[2024-12-14T19:39:01.158+0000] {processor.py:914} INFO - Processing file /home/airflow/.local/lib/python3.12/site-packages/airflow/example_dags/example_outlet_event_extra.py for tasks to queue
[2024-12-14T19:39:01.160+0000] {logging_mixin.py:190} INFO - [2024-12-14T19:39:01.160+0000] {dagbag.py:588} INFO - Filling up the DagBag from /home/airflow/.local/lib/python3.12/site-packages/airflow/example_dags/example_outlet_event_extra.py
[2024-12-14T19:39:01.743+0000] {processor.py:925} INFO - DAG(s) 'dataset_with_extra_by_yield', 'dataset_with_extra_from_classic_operator', 'dataset_with_extra_by_context' retrieved from /home/airflow/.local/lib/python3.12/site-packages/airflow/example_dags/example_outlet_event_extra.py
[2024-12-14T19:39:01.770+0000] {logging_mixin.py:190} INFO - [2024-12-14T19:39:01.770+0000] {dag.py:3239} INFO - Sync 3 DAGs
[2024-12-14T19:39:01.797+0000] {logging_mixin.py:190} INFO - [2024-12-14T19:39:01.797+0000] {dag.py:4180} INFO - Setting next_dagrun for dataset_with_extra_by_context to 2024-12-13 00:00:00+00:00, run_after=2024-12-14 00:00:00+00:00
[2024-12-14T19:39:01.804+0000] {logging_mixin.py:190} INFO - [2024-12-14T19:39:01.803+0000] {dag.py:4180} INFO - Setting next_dagrun for dataset_with_extra_by_yield to 2024-12-13 00:00:00+00:00, run_after=2024-12-14 00:00:00+00:00
[2024-12-14T19:39:01.807+0000] {logging_mixin.py:190} INFO - [2024-12-14T19:39:01.807+0000] {dag.py:4180} INFO - Setting next_dagrun for dataset_with_extra_from_classic_operator to 2024-12-13 00:00:00+00:00, run_after=2024-12-14 00:00:00+00:00
[2024-12-14T19:39:01.830+0000] {processor.py:208} INFO - Processing /home/airflow/.local/lib/python3.12/site-packages/airflow/example_dags/example_outlet_event_extra.py took 0.678 seconds
[2024-12-14T19:39:32.682+0000] {processor.py:186} INFO - Started process (PID=522) to work on /home/airflow/.local/lib/python3.12/site-packages/airflow/example_dags/example_outlet_event_extra.py
[2024-12-14T19:39:32.683+0000] {processor.py:914} INFO - Processing file /home/airflow/.local/lib/python3.12/site-packages/airflow/example_dags/example_outlet_event_extra.py for tasks to queue
[2024-12-14T19:39:32.685+0000] {logging_mixin.py:190} INFO - [2024-12-14T19:39:32.685+0000] {dagbag.py:588} INFO - Filling up the DagBag from /home/airflow/.local/lib/python3.12/site-packages/airflow/example_dags/example_outlet_event_extra.py
[2024-12-14T19:39:33.207+0000] {processor.py:925} INFO - DAG(s) 'dataset_with_extra_by_context', 'dataset_with_extra_from_classic_operator', 'dataset_with_extra_by_yield' retrieved from /home/airflow/.local/lib/python3.12/site-packages/airflow/example_dags/example_outlet_event_extra.py
[2024-12-14T19:39:33.227+0000] {logging_mixin.py:190} INFO - [2024-12-14T19:39:33.227+0000] {dag.py:3239} INFO - Sync 3 DAGs
[2024-12-14T19:39:33.251+0000] {logging_mixin.py:190} INFO - [2024-12-14T19:39:33.250+0000] {dag.py:4180} INFO - Setting next_dagrun for dataset_with_extra_by_context to 2024-12-13 00:00:00+00:00, run_after=2024-12-14 00:00:00+00:00
[2024-12-14T19:39:33.256+0000] {logging_mixin.py:190} INFO - [2024-12-14T19:39:33.256+0000] {dag.py:4180} INFO - Setting next_dagrun for dataset_with_extra_by_yield to 2024-12-13 00:00:00+00:00, run_after=2024-12-14 00:00:00+00:00
[2024-12-14T19:39:33.259+0000] {logging_mixin.py:190} INFO - [2024-12-14T19:39:33.258+0000] {dag.py:4180} INFO - Setting next_dagrun for dataset_with_extra_from_classic_operator to 2024-12-13 00:00:00+00:00, run_after=2024-12-14 00:00:00+00:00
[2024-12-14T19:39:33.277+0000] {processor.py:208} INFO - Processing /home/airflow/.local/lib/python3.12/site-packages/airflow/example_dags/example_outlet_event_extra.py took 0.601 seconds
[2024-12-14T19:40:03.905+0000] {processor.py:186} INFO - Started process (PID=584) to work on /home/airflow/.local/lib/python3.12/site-packages/airflow/example_dags/example_outlet_event_extra.py
[2024-12-14T19:40:03.906+0000] {processor.py:914} INFO - Processing file /home/airflow/.local/lib/python3.12/site-packages/airflow/example_dags/example_outlet_event_extra.py for tasks to queue
[2024-12-14T19:40:03.908+0000] {logging_mixin.py:190} INFO - [2024-12-14T19:40:03.908+0000] {dagbag.py:588} INFO - Filling up the DagBag from /home/airflow/.local/lib/python3.12/site-packages/airflow/example_dags/example_outlet_event_extra.py
[2024-12-14T19:40:04.494+0000] {processor.py:925} INFO - DAG(s) 'dataset_with_extra_from_classic_operator', 'dataset_with_extra_by_yield', 'dataset_with_extra_by_context' retrieved from /home/airflow/.local/lib/python3.12/site-packages/airflow/example_dags/example_outlet_event_extra.py
[2024-12-14T19:40:04.515+0000] {logging_mixin.py:190} INFO - [2024-12-14T19:40:04.515+0000] {dag.py:3239} INFO - Sync 3 DAGs
[2024-12-14T19:40:04.537+0000] {logging_mixin.py:190} INFO - [2024-12-14T19:40:04.537+0000] {dag.py:4180} INFO - Setting next_dagrun for dataset_with_extra_by_context to 2024-12-13 00:00:00+00:00, run_after=2024-12-14 00:00:00+00:00
[2024-12-14T19:40:04.541+0000] {logging_mixin.py:190} INFO - [2024-12-14T19:40:04.541+0000] {dag.py:4180} INFO - Setting next_dagrun for dataset_with_extra_by_yield to 2024-12-13 00:00:00+00:00, run_after=2024-12-14 00:00:00+00:00
[2024-12-14T19:40:04.543+0000] {logging_mixin.py:190} INFO - [2024-12-14T19:40:04.543+0000] {dag.py:4180} INFO - Setting next_dagrun for dataset_with_extra_from_classic_operator to 2024-12-13 00:00:00+00:00, run_after=2024-12-14 00:00:00+00:00
[2024-12-14T19:40:04.559+0000] {processor.py:208} INFO - Processing /home/airflow/.local/lib/python3.12/site-packages/airflow/example_dags/example_outlet_event_extra.py took 0.659 seconds
[2024-12-14T19:40:34.720+0000] {processor.py:186} INFO - Started process (PID=648) to work on /home/airflow/.local/lib/python3.12/site-packages/airflow/example_dags/example_outlet_event_extra.py
[2024-12-14T19:40:34.721+0000] {processor.py:914} INFO - Processing file /home/airflow/.local/lib/python3.12/site-packages/airflow/example_dags/example_outlet_event_extra.py for tasks to queue
[2024-12-14T19:40:34.723+0000] {logging_mixin.py:190} INFO - [2024-12-14T19:40:34.722+0000] {dagbag.py:588} INFO - Filling up the DagBag from /home/airflow/.local/lib/python3.12/site-packages/airflow/example_dags/example_outlet_event_extra.py
[2024-12-14T19:40:35.252+0000] {processor.py:925} INFO - DAG(s) 'dataset_with_extra_from_classic_operator', 'dataset_with_extra_by_context', 'dataset_with_extra_by_yield' retrieved from /home/airflow/.local/lib/python3.12/site-packages/airflow/example_dags/example_outlet_event_extra.py
[2024-12-14T19:40:35.274+0000] {logging_mixin.py:190} INFO - [2024-12-14T19:40:35.273+0000] {dag.py:3239} INFO - Sync 3 DAGs
[2024-12-14T19:40:35.297+0000] {logging_mixin.py:190} INFO - [2024-12-14T19:40:35.297+0000] {dag.py:4180} INFO - Setting next_dagrun for dataset_with_extra_by_context to 2024-12-13 00:00:00+00:00, run_after=2024-12-14 00:00:00+00:00
[2024-12-14T19:40:35.302+0000] {logging_mixin.py:190} INFO - [2024-12-14T19:40:35.301+0000] {dag.py:4180} INFO - Setting next_dagrun for dataset_with_extra_by_yield to 2024-12-13 00:00:00+00:00, run_after=2024-12-14 00:00:00+00:00
[2024-12-14T19:40:35.304+0000] {logging_mixin.py:190} INFO - [2024-12-14T19:40:35.304+0000] {dag.py:4180} INFO - Setting next_dagrun for dataset_with_extra_from_classic_operator to 2024-12-13 00:00:00+00:00, run_after=2024-12-14 00:00:00+00:00
[2024-12-14T19:40:35.323+0000] {processor.py:208} INFO - Processing /home/airflow/.local/lib/python3.12/site-packages/airflow/example_dags/example_outlet_event_extra.py took 0.608 seconds
[2024-12-14T19:41:05.582+0000] {processor.py:186} INFO - Started process (PID=713) to work on /home/airflow/.local/lib/python3.12/site-packages/airflow/example_dags/example_outlet_event_extra.py
[2024-12-14T19:41:05.583+0000] {processor.py:914} INFO - Processing file /home/airflow/.local/lib/python3.12/site-packages/airflow/example_dags/example_outlet_event_extra.py for tasks to queue
[2024-12-14T19:41:05.585+0000] {logging_mixin.py:190} INFO - [2024-12-14T19:41:05.585+0000] {dagbag.py:588} INFO - Filling up the DagBag from /home/airflow/.local/lib/python3.12/site-packages/airflow/example_dags/example_outlet_event_extra.py
[2024-12-14T19:41:06.110+0000] {processor.py:925} INFO - DAG(s) 'dataset_with_extra_by_yield', 'dataset_with_extra_by_context', 'dataset_with_extra_from_classic_operator' retrieved from /home/airflow/.local/lib/python3.12/site-packages/airflow/example_dags/example_outlet_event_extra.py
[2024-12-14T19:41:06.131+0000] {logging_mixin.py:190} INFO - [2024-12-14T19:41:06.131+0000] {dag.py:3239} INFO - Sync 3 DAGs
[2024-12-14T19:41:06.154+0000] {logging_mixin.py:190} INFO - [2024-12-14T19:41:06.154+0000] {dag.py:4180} INFO - Setting next_dagrun for dataset_with_extra_by_context to 2024-12-13 00:00:00+00:00, run_after=2024-12-14 00:00:00+00:00
[2024-12-14T19:41:06.158+0000] {logging_mixin.py:190} INFO - [2024-12-14T19:41:06.158+0000] {dag.py:4180} INFO - Setting next_dagrun for dataset_with_extra_by_yield to 2024-12-13 00:00:00+00:00, run_after=2024-12-14 00:00:00+00:00
[2024-12-14T19:41:06.161+0000] {logging_mixin.py:190} INFO - [2024-12-14T19:41:06.160+0000] {dag.py:4180} INFO - Setting next_dagrun for dataset_with_extra_from_classic_operator to 2024-12-13 00:00:00+00:00, run_after=2024-12-14 00:00:00+00:00
[2024-12-14T19:41:06.178+0000] {processor.py:208} INFO - Processing /home/airflow/.local/lib/python3.12/site-packages/airflow/example_dags/example_outlet_event_extra.py took 0.600 seconds
[2024-12-14T19:41:36.952+0000] {processor.py:186} INFO - Started process (PID=777) to work on /home/airflow/.local/lib/python3.12/site-packages/airflow/example_dags/example_outlet_event_extra.py
[2024-12-14T19:41:36.952+0000] {processor.py:914} INFO - Processing file /home/airflow/.local/lib/python3.12/site-packages/airflow/example_dags/example_outlet_event_extra.py for tasks to queue
[2024-12-14T19:41:36.954+0000] {logging_mixin.py:190} INFO - [2024-12-14T19:41:36.954+0000] {dagbag.py:588} INFO - Filling up the DagBag from /home/airflow/.local/lib/python3.12/site-packages/airflow/example_dags/example_outlet_event_extra.py
[2024-12-14T19:41:37.433+0000] {processor.py:925} INFO - DAG(s) 'dataset_with_extra_by_context', 'dataset_with_extra_from_classic_operator', 'dataset_with_extra_by_yield' retrieved from /home/airflow/.local/lib/python3.12/site-packages/airflow/example_dags/example_outlet_event_extra.py
[2024-12-14T19:41:37.454+0000] {logging_mixin.py:190} INFO - [2024-12-14T19:41:37.453+0000] {dag.py:3239} INFO - Sync 3 DAGs
[2024-12-14T19:41:37.474+0000] {logging_mixin.py:190} INFO - [2024-12-14T19:41:37.474+0000] {dag.py:4180} INFO - Setting next_dagrun for dataset_with_extra_by_context to 2024-12-13 00:00:00+00:00, run_after=2024-12-14 00:00:00+00:00
[2024-12-14T19:41:37.478+0000] {logging_mixin.py:190} INFO - [2024-12-14T19:41:37.478+0000] {dag.py:4180} INFO - Setting next_dagrun for dataset_with_extra_by_yield to 2024-12-13 00:00:00+00:00, run_after=2024-12-14 00:00:00+00:00
[2024-12-14T19:41:37.480+0000] {logging_mixin.py:190} INFO - [2024-12-14T19:41:37.480+0000] {dag.py:4180} INFO - Setting next_dagrun for dataset_with_extra_from_classic_operator to 2024-12-13 00:00:00+00:00, run_after=2024-12-14 00:00:00+00:00
[2024-12-14T19:41:37.496+0000] {processor.py:208} INFO - Processing /home/airflow/.local/lib/python3.12/site-packages/airflow/example_dags/example_outlet_event_extra.py took 0.549 seconds
[2024-12-14T19:42:08.542+0000] {processor.py:186} INFO - Started process (PID=835) to work on /home/airflow/.local/lib/python3.12/site-packages/airflow/example_dags/example_outlet_event_extra.py
[2024-12-14T19:42:08.543+0000] {processor.py:914} INFO - Processing file /home/airflow/.local/lib/python3.12/site-packages/airflow/example_dags/example_outlet_event_extra.py for tasks to queue
[2024-12-14T19:42:08.545+0000] {logging_mixin.py:190} INFO - [2024-12-14T19:42:08.545+0000] {dagbag.py:588} INFO - Filling up the DagBag from /home/airflow/.local/lib/python3.12/site-packages/airflow/example_dags/example_outlet_event_extra.py
[2024-12-14T19:42:09.166+0000] {processor.py:925} INFO - DAG(s) 'dataset_with_extra_by_yield', 'dataset_with_extra_from_classic_operator', 'dataset_with_extra_by_context' retrieved from /home/airflow/.local/lib/python3.12/site-packages/airflow/example_dags/example_outlet_event_extra.py
[2024-12-14T19:42:09.190+0000] {logging_mixin.py:190} INFO - [2024-12-14T19:42:09.190+0000] {dag.py:3239} INFO - Sync 3 DAGs
[2024-12-14T19:42:09.212+0000] {logging_mixin.py:190} INFO - [2024-12-14T19:42:09.212+0000] {dag.py:4180} INFO - Setting next_dagrun for dataset_with_extra_by_context to 2024-12-13 00:00:00+00:00, run_after=2024-12-14 00:00:00+00:00
[2024-12-14T19:42:09.216+0000] {logging_mixin.py:190} INFO - [2024-12-14T19:42:09.216+0000] {dag.py:4180} INFO - Setting next_dagrun for dataset_with_extra_by_yield to 2024-12-13 00:00:00+00:00, run_after=2024-12-14 00:00:00+00:00
[2024-12-14T19:42:09.219+0000] {logging_mixin.py:190} INFO - [2024-12-14T19:42:09.219+0000] {dag.py:4180} INFO - Setting next_dagrun for dataset_with_extra_from_classic_operator to 2024-12-13 00:00:00+00:00, run_after=2024-12-14 00:00:00+00:00
[2024-12-14T19:42:09.237+0000] {processor.py:208} INFO - Processing /home/airflow/.local/lib/python3.12/site-packages/airflow/example_dags/example_outlet_event_extra.py took 0.699 seconds
[2024-12-14T19:42:40.235+0000] {processor.py:186} INFO - Started process (PID=904) to work on /home/airflow/.local/lib/python3.12/site-packages/airflow/example_dags/example_outlet_event_extra.py
[2024-12-14T19:42:40.236+0000] {processor.py:914} INFO - Processing file /home/airflow/.local/lib/python3.12/site-packages/airflow/example_dags/example_outlet_event_extra.py for tasks to queue
[2024-12-14T19:42:40.238+0000] {logging_mixin.py:190} INFO - [2024-12-14T19:42:40.238+0000] {dagbag.py:588} INFO - Filling up the DagBag from /home/airflow/.local/lib/python3.12/site-packages/airflow/example_dags/example_outlet_event_extra.py
[2024-12-14T19:42:40.837+0000] {processor.py:925} INFO - DAG(s) 'dataset_with_extra_by_context', 'dataset_with_extra_by_yield', 'dataset_with_extra_from_classic_operator' retrieved from /home/airflow/.local/lib/python3.12/site-packages/airflow/example_dags/example_outlet_event_extra.py
[2024-12-14T19:42:40.860+0000] {logging_mixin.py:190} INFO - [2024-12-14T19:42:40.859+0000] {dag.py:3239} INFO - Sync 3 DAGs
[2024-12-14T19:42:40.883+0000] {logging_mixin.py:190} INFO - [2024-12-14T19:42:40.883+0000] {dag.py:4180} INFO - Setting next_dagrun for dataset_with_extra_by_context to 2024-12-13 00:00:00+00:00, run_after=2024-12-14 00:00:00+00:00
[2024-12-14T19:42:40.888+0000] {logging_mixin.py:190} INFO - [2024-12-14T19:42:40.888+0000] {dag.py:4180} INFO - Setting next_dagrun for dataset_with_extra_by_yield to 2024-12-13 00:00:00+00:00, run_after=2024-12-14 00:00:00+00:00
[2024-12-14T19:42:40.890+0000] {logging_mixin.py:190} INFO - [2024-12-14T19:42:40.890+0000] {dag.py:4180} INFO - Setting next_dagrun for dataset_with_extra_from_classic_operator to 2024-12-13 00:00:00+00:00, run_after=2024-12-14 00:00:00+00:00
[2024-12-14T19:42:40.907+0000] {processor.py:208} INFO - Processing /home/airflow/.local/lib/python3.12/site-packages/airflow/example_dags/example_outlet_event_extra.py took 0.678 seconds
[2024-12-14T19:43:11.017+0000] {processor.py:186} INFO - Started process (PID=975) to work on /home/airflow/.local/lib/python3.12/site-packages/airflow/example_dags/example_outlet_event_extra.py
[2024-12-14T19:43:11.018+0000] {processor.py:914} INFO - Processing file /home/airflow/.local/lib/python3.12/site-packages/airflow/example_dags/example_outlet_event_extra.py for tasks to queue
[2024-12-14T19:43:11.020+0000] {logging_mixin.py:190} INFO - [2024-12-14T19:43:11.019+0000] {dagbag.py:588} INFO - Filling up the DagBag from /home/airflow/.local/lib/python3.12/site-packages/airflow/example_dags/example_outlet_event_extra.py
[2024-12-14T19:43:11.519+0000] {processor.py:925} INFO - DAG(s) 'dataset_with_extra_by_yield', 'dataset_with_extra_from_classic_operator', 'dataset_with_extra_by_context' retrieved from /home/airflow/.local/lib/python3.12/site-packages/airflow/example_dags/example_outlet_event_extra.py
[2024-12-14T19:43:11.539+0000] {logging_mixin.py:190} INFO - [2024-12-14T19:43:11.538+0000] {dag.py:3239} INFO - Sync 3 DAGs
[2024-12-14T19:43:11.560+0000] {logging_mixin.py:190} INFO - [2024-12-14T19:43:11.560+0000] {dag.py:4180} INFO - Setting next_dagrun for dataset_with_extra_by_context to 2024-12-13 00:00:00+00:00, run_after=2024-12-14 00:00:00+00:00
[2024-12-14T19:43:11.564+0000] {logging_mixin.py:190} INFO - [2024-12-14T19:43:11.564+0000] {dag.py:4180} INFO - Setting next_dagrun for dataset_with_extra_by_yield to 2024-12-13 00:00:00+00:00, run_after=2024-12-14 00:00:00+00:00
[2024-12-14T19:43:11.566+0000] {logging_mixin.py:190} INFO - [2024-12-14T19:43:11.566+0000] {dag.py:4180} INFO - Setting next_dagrun for dataset_with_extra_from_classic_operator to 2024-12-13 00:00:00+00:00, run_after=2024-12-14 00:00:00+00:00
[2024-12-14T19:43:11.581+0000] {processor.py:208} INFO - Processing /home/airflow/.local/lib/python3.12/site-packages/airflow/example_dags/example_outlet_event_extra.py took 0.569 seconds
[2024-12-14T19:43:42.078+0000] {processor.py:186} INFO - Started process (PID=1038) to work on /home/airflow/.local/lib/python3.12/site-packages/airflow/example_dags/example_outlet_event_extra.py
[2024-12-14T19:43:42.079+0000] {processor.py:914} INFO - Processing file /home/airflow/.local/lib/python3.12/site-packages/airflow/example_dags/example_outlet_event_extra.py for tasks to queue
[2024-12-14T19:43:42.081+0000] {logging_mixin.py:190} INFO - [2024-12-14T19:43:42.080+0000] {dagbag.py:588} INFO - Filling up the DagBag from /home/airflow/.local/lib/python3.12/site-packages/airflow/example_dags/example_outlet_event_extra.py
[2024-12-14T19:43:42.587+0000] {processor.py:925} INFO - DAG(s) 'dataset_with_extra_by_context', 'dataset_with_extra_from_classic_operator', 'dataset_with_extra_by_yield' retrieved from /home/airflow/.local/lib/python3.12/site-packages/airflow/example_dags/example_outlet_event_extra.py
[2024-12-14T19:43:42.609+0000] {logging_mixin.py:190} INFO - [2024-12-14T19:43:42.608+0000] {dag.py:3239} INFO - Sync 3 DAGs
[2024-12-14T19:43:42.632+0000] {logging_mixin.py:190} INFO - [2024-12-14T19:43:42.631+0000] {dag.py:4180} INFO - Setting next_dagrun for dataset_with_extra_by_context to 2024-12-13 00:00:00+00:00, run_after=2024-12-14 00:00:00+00:00
[2024-12-14T19:43:42.636+0000] {logging_mixin.py:190} INFO - [2024-12-14T19:43:42.636+0000] {dag.py:4180} INFO - Setting next_dagrun for dataset_with_extra_by_yield to 2024-12-13 00:00:00+00:00, run_after=2024-12-14 00:00:00+00:00
[2024-12-14T19:43:42.638+0000] {logging_mixin.py:190} INFO - [2024-12-14T19:43:42.638+0000] {dag.py:4180} INFO - Setting next_dagrun for dataset_with_extra_from_classic_operator to 2024-12-13 00:00:00+00:00, run_after=2024-12-14 00:00:00+00:00
[2024-12-14T19:43:42.655+0000] {processor.py:208} INFO - Processing /home/airflow/.local/lib/python3.12/site-packages/airflow/example_dags/example_outlet_event_extra.py took 0.583 seconds
[2024-12-14T19:44:13.506+0000] {processor.py:186} INFO - Started process (PID=1101) to work on /home/airflow/.local/lib/python3.12/site-packages/airflow/example_dags/example_outlet_event_extra.py
[2024-12-14T19:44:13.507+0000] {processor.py:914} INFO - Processing file /home/airflow/.local/lib/python3.12/site-packages/airflow/example_dags/example_outlet_event_extra.py for tasks to queue
[2024-12-14T19:44:13.509+0000] {logging_mixin.py:190} INFO - [2024-12-14T19:44:13.508+0000] {dagbag.py:588} INFO - Filling up the DagBag from /home/airflow/.local/lib/python3.12/site-packages/airflow/example_dags/example_outlet_event_extra.py
[2024-12-14T19:44:13.993+0000] {processor.py:925} INFO - DAG(s) 'dataset_with_extra_by_yield', 'dataset_with_extra_by_context', 'dataset_with_extra_from_classic_operator' retrieved from /home/airflow/.local/lib/python3.12/site-packages/airflow/example_dags/example_outlet_event_extra.py
[2024-12-14T19:44:14.018+0000] {logging_mixin.py:190} INFO - [2024-12-14T19:44:14.018+0000] {dag.py:3239} INFO - Sync 3 DAGs
[2024-12-14T19:44:14.046+0000] {logging_mixin.py:190} INFO - [2024-12-14T19:44:14.046+0000] {dag.py:4180} INFO - Setting next_dagrun for dataset_with_extra_by_context to 2024-12-13 00:00:00+00:00, run_after=2024-12-14 00:00:00+00:00
[2024-12-14T19:44:14.051+0000] {logging_mixin.py:190} INFO - [2024-12-14T19:44:14.051+0000] {dag.py:4180} INFO - Setting next_dagrun for dataset_with_extra_by_yield to 2024-12-13 00:00:00+00:00, run_after=2024-12-14 00:00:00+00:00
[2024-12-14T19:44:14.054+0000] {logging_mixin.py:190} INFO - [2024-12-14T19:44:14.054+0000] {dag.py:4180} INFO - Setting next_dagrun for dataset_with_extra_from_classic_operator to 2024-12-13 00:00:00+00:00, run_after=2024-12-14 00:00:00+00:00
[2024-12-14T19:44:14.076+0000] {processor.py:208} INFO - Processing /home/airflow/.local/lib/python3.12/site-packages/airflow/example_dags/example_outlet_event_extra.py took 0.575 seconds
[2024-12-14T19:44:44.789+0000] {processor.py:186} INFO - Started process (PID=1164) to work on /home/airflow/.local/lib/python3.12/site-packages/airflow/example_dags/example_outlet_event_extra.py
[2024-12-14T19:44:44.790+0000] {processor.py:914} INFO - Processing file /home/airflow/.local/lib/python3.12/site-packages/airflow/example_dags/example_outlet_event_extra.py for tasks to queue
[2024-12-14T19:44:44.792+0000] {logging_mixin.py:190} INFO - [2024-12-14T19:44:44.791+0000] {dagbag.py:588} INFO - Filling up the DagBag from /home/airflow/.local/lib/python3.12/site-packages/airflow/example_dags/example_outlet_event_extra.py
[2024-12-14T19:44:45.276+0000] {processor.py:925} INFO - DAG(s) 'dataset_with_extra_from_classic_operator', 'dataset_with_extra_by_yield', 'dataset_with_extra_by_context' retrieved from /home/airflow/.local/lib/python3.12/site-packages/airflow/example_dags/example_outlet_event_extra.py
[2024-12-14T19:44:45.295+0000] {logging_mixin.py:190} INFO - [2024-12-14T19:44:45.295+0000] {dag.py:3239} INFO - Sync 3 DAGs
[2024-12-14T19:44:45.318+0000] {logging_mixin.py:190} INFO - [2024-12-14T19:44:45.318+0000] {dag.py:4180} INFO - Setting next_dagrun for dataset_with_extra_by_context to 2024-12-13 00:00:00+00:00, run_after=2024-12-14 00:00:00+00:00
[2024-12-14T19:44:45.322+0000] {logging_mixin.py:190} INFO - [2024-12-14T19:44:45.322+0000] {dag.py:4180} INFO - Setting next_dagrun for dataset_with_extra_by_yield to 2024-12-13 00:00:00+00:00, run_after=2024-12-14 00:00:00+00:00
[2024-12-14T19:44:45.324+0000] {logging_mixin.py:190} INFO - [2024-12-14T19:44:45.324+0000] {dag.py:4180} INFO - Setting next_dagrun for dataset_with_extra_from_classic_operator to 2024-12-13 00:00:00+00:00, run_after=2024-12-14 00:00:00+00:00
[2024-12-14T19:44:45.340+0000] {processor.py:208} INFO - Processing /home/airflow/.local/lib/python3.12/site-packages/airflow/example_dags/example_outlet_event_extra.py took 0.556 seconds
[2024-12-14T19:45:15.473+0000] {processor.py:186} INFO - Started process (PID=1227) to work on /home/airflow/.local/lib/python3.12/site-packages/airflow/example_dags/example_outlet_event_extra.py
[2024-12-14T19:45:15.474+0000] {processor.py:914} INFO - Processing file /home/airflow/.local/lib/python3.12/site-packages/airflow/example_dags/example_outlet_event_extra.py for tasks to queue
[2024-12-14T19:45:15.476+0000] {logging_mixin.py:190} INFO - [2024-12-14T19:45:15.475+0000] {dagbag.py:588} INFO - Filling up the DagBag from /home/airflow/.local/lib/python3.12/site-packages/airflow/example_dags/example_outlet_event_extra.py
[2024-12-14T19:45:15.978+0000] {processor.py:925} INFO - DAG(s) 'dataset_with_extra_by_yield', 'dataset_with_extra_by_context', 'dataset_with_extra_from_classic_operator' retrieved from /home/airflow/.local/lib/python3.12/site-packages/airflow/example_dags/example_outlet_event_extra.py
[2024-12-14T19:45:16.000+0000] {logging_mixin.py:190} INFO - [2024-12-14T19:45:15.999+0000] {dag.py:3239} INFO - Sync 3 DAGs
[2024-12-14T19:45:16.021+0000] {logging_mixin.py:190} INFO - [2024-12-14T19:45:16.021+0000] {dag.py:4180} INFO - Setting next_dagrun for dataset_with_extra_by_context to 2024-12-13 00:00:00+00:00, run_after=2024-12-14 00:00:00+00:00
[2024-12-14T19:45:16.026+0000] {logging_mixin.py:190} INFO - [2024-12-14T19:45:16.025+0000] {dag.py:4180} INFO - Setting next_dagrun for dataset_with_extra_by_yield to 2024-12-13 00:00:00+00:00, run_after=2024-12-14 00:00:00+00:00
[2024-12-14T19:45:16.028+0000] {logging_mixin.py:190} INFO - [2024-12-14T19:45:16.028+0000] {dag.py:4180} INFO - Setting next_dagrun for dataset_with_extra_from_classic_operator to 2024-12-13 00:00:00+00:00, run_after=2024-12-14 00:00:00+00:00
[2024-12-14T19:45:16.044+0000] {processor.py:208} INFO - Processing /home/airflow/.local/lib/python3.12/site-packages/airflow/example_dags/example_outlet_event_extra.py took 0.575 seconds
[2024-12-14T19:45:46.443+0000] {processor.py:186} INFO - Started process (PID=1290) to work on /home/airflow/.local/lib/python3.12/site-packages/airflow/example_dags/example_outlet_event_extra.py
[2024-12-14T19:45:46.444+0000] {processor.py:914} INFO - Processing file /home/airflow/.local/lib/python3.12/site-packages/airflow/example_dags/example_outlet_event_extra.py for tasks to queue
[2024-12-14T19:45:46.446+0000] {logging_mixin.py:190} INFO - [2024-12-14T19:45:46.445+0000] {dagbag.py:588} INFO - Filling up the DagBag from /home/airflow/.local/lib/python3.12/site-packages/airflow/example_dags/example_outlet_event_extra.py
[2024-12-14T19:45:46.926+0000] {processor.py:925} INFO - DAG(s) 'dataset_with_extra_by_context', 'dataset_with_extra_by_yield', 'dataset_with_extra_from_classic_operator' retrieved from /home/airflow/.local/lib/python3.12/site-packages/airflow/example_dags/example_outlet_event_extra.py
[2024-12-14T19:45:46.946+0000] {logging_mixin.py:190} INFO - [2024-12-14T19:45:46.946+0000] {dag.py:3239} INFO - Sync 3 DAGs
[2024-12-14T19:45:46.967+0000] {logging_mixin.py:190} INFO - [2024-12-14T19:45:46.967+0000] {dag.py:4180} INFO - Setting next_dagrun for dataset_with_extra_by_context to 2024-12-13 00:00:00+00:00, run_after=2024-12-14 00:00:00+00:00
[2024-12-14T19:45:46.971+0000] {logging_mixin.py:190} INFO - [2024-12-14T19:45:46.971+0000] {dag.py:4180} INFO - Setting next_dagrun for dataset_with_extra_by_yield to 2024-12-13 00:00:00+00:00, run_after=2024-12-14 00:00:00+00:00
[2024-12-14T19:45:46.973+0000] {logging_mixin.py:190} INFO - [2024-12-14T19:45:46.973+0000] {dag.py:4180} INFO - Setting next_dagrun for dataset_with_extra_from_classic_operator to 2024-12-13 00:00:00+00:00, run_after=2024-12-14 00:00:00+00:00
[2024-12-14T19:45:46.989+0000] {processor.py:208} INFO - Processing /home/airflow/.local/lib/python3.12/site-packages/airflow/example_dags/example_outlet_event_extra.py took 0.551 seconds
