[2024-12-14T19:28:32.857+0000] {processor.py:186} INFO - Started process (PID=75) to work on /home/airflow/.local/lib/python3.12/site-packages/airflow/example_dags/example_nested_branch_dag.py
[2024-12-14T19:28:32.858+0000] {processor.py:914} INFO - Processing file /home/airflow/.local/lib/python3.12/site-packages/airflow/example_dags/example_nested_branch_dag.py for tasks to queue
[2024-12-14T19:28:32.860+0000] {logging_mixin.py:190} INFO - [2024-12-14T19:28:32.860+0000] {dagbag.py:588} INFO - Filling up the DagBag from /home/airflow/.local/lib/python3.12/site-packages/airflow/example_dags/example_nested_branch_dag.py
[2024-12-14T19:28:32.874+0000] {processor.py:925} INFO - DAG(s) 'example_nested_branch_dag' retrieved from /home/airflow/.local/lib/python3.12/site-packages/airflow/example_dags/example_nested_branch_dag.py
[2024-12-14T19:28:32.989+0000] {logging_mixin.py:190} INFO - [2024-12-14T19:28:32.988+0000] {override.py:1911} INFO - Created Permission View: can edit on DAG:example_nested_branch_dag
[2024-12-14T19:28:32.998+0000] {logging_mixin.py:190} INFO - [2024-12-14T19:28:32.998+0000] {override.py:1911} INFO - Created Permission View: can delete on DAG:example_nested_branch_dag
[2024-12-14T19:28:33.003+0000] {logging_mixin.py:190} INFO - [2024-12-14T19:28:33.003+0000] {override.py:1911} INFO - Created Permission View: can read on DAG:example_nested_branch_dag
[2024-12-14T19:28:33.008+0000] {logging_mixin.py:190} INFO - [2024-12-14T19:28:33.008+0000] {override.py:1911} INFO - Created Permission View: menu access on DAG Run:example_nested_branch_dag
[2024-12-14T19:28:33.014+0000] {logging_mixin.py:190} INFO - [2024-12-14T19:28:33.014+0000] {override.py:1911} INFO - Created Permission View: can delete on DAG Run:example_nested_branch_dag
[2024-12-14T19:28:33.021+0000] {logging_mixin.py:190} INFO - [2024-12-14T19:28:33.021+0000] {override.py:1911} INFO - Created Permission View: can create on DAG Run:example_nested_branch_dag
[2024-12-14T19:28:33.028+0000] {logging_mixin.py:190} INFO - [2024-12-14T19:28:33.027+0000] {override.py:1911} INFO - Created Permission View: can read on DAG Run:example_nested_branch_dag
[2024-12-14T19:28:33.028+0000] {logging_mixin.py:190} INFO - [2024-12-14T19:28:33.028+0000] {dag.py:3239} INFO - Sync 1 DAGs
[2024-12-14T19:28:33.040+0000] {logging_mixin.py:190} INFO - [2024-12-14T19:28:33.040+0000] {dag.py:3262} INFO - Creating ORM DAG for example_nested_branch_dag
[2024-12-14T19:28:33.052+0000] {logging_mixin.py:190} INFO - [2024-12-14T19:28:33.052+0000] {dag.py:4180} INFO - Setting next_dagrun for example_nested_branch_dag to 2024-12-13 00:00:00+00:00, run_after=2024-12-14 00:00:00+00:00
[2024-12-14T19:28:33.067+0000] {processor.py:208} INFO - Processing /home/airflow/.local/lib/python3.12/site-packages/airflow/example_dags/example_nested_branch_dag.py took 0.216 seconds
[2024-12-14T19:29:03.282+0000] {processor.py:186} INFO - Started process (PID=138) to work on /home/airflow/.local/lib/python3.12/site-packages/airflow/example_dags/example_nested_branch_dag.py
[2024-12-14T19:29:03.288+0000] {processor.py:914} INFO - Processing file /home/airflow/.local/lib/python3.12/site-packages/airflow/example_dags/example_nested_branch_dag.py for tasks to queue
[2024-12-14T19:29:03.290+0000] {logging_mixin.py:190} INFO - [2024-12-14T19:29:03.290+0000] {dagbag.py:588} INFO - Filling up the DagBag from /home/airflow/.local/lib/python3.12/site-packages/airflow/example_dags/example_nested_branch_dag.py
[2024-12-14T19:29:03.320+0000] {processor.py:925} INFO - DAG(s) 'example_nested_branch_dag' retrieved from /home/airflow/.local/lib/python3.12/site-packages/airflow/example_dags/example_nested_branch_dag.py
[2024-12-14T19:29:03.368+0000] {logging_mixin.py:190} INFO - [2024-12-14T19:29:03.367+0000] {dag.py:3239} INFO - Sync 1 DAGs
[2024-12-14T19:29:03.417+0000] {logging_mixin.py:190} INFO - [2024-12-14T19:29:03.417+0000] {dag.py:4180} INFO - Setting next_dagrun for example_nested_branch_dag to 2024-12-13 00:00:00+00:00, run_after=2024-12-14 00:00:00+00:00
[2024-12-14T19:29:03.492+0000] {processor.py:208} INFO - Processing /home/airflow/.local/lib/python3.12/site-packages/airflow/example_dags/example_nested_branch_dag.py took 0.216 seconds
[2024-12-14T19:29:33.757+0000] {processor.py:186} INFO - Started process (PID=201) to work on /home/airflow/.local/lib/python3.12/site-packages/airflow/example_dags/example_nested_branch_dag.py
[2024-12-14T19:29:33.758+0000] {processor.py:914} INFO - Processing file /home/airflow/.local/lib/python3.12/site-packages/airflow/example_dags/example_nested_branch_dag.py for tasks to queue
[2024-12-14T19:29:33.759+0000] {logging_mixin.py:190} INFO - [2024-12-14T19:29:33.759+0000] {dagbag.py:588} INFO - Filling up the DagBag from /home/airflow/.local/lib/python3.12/site-packages/airflow/example_dags/example_nested_branch_dag.py
[2024-12-14T19:29:33.769+0000] {processor.py:925} INFO - DAG(s) 'example_nested_branch_dag' retrieved from /home/airflow/.local/lib/python3.12/site-packages/airflow/example_dags/example_nested_branch_dag.py
[2024-12-14T19:29:33.790+0000] {logging_mixin.py:190} INFO - [2024-12-14T19:29:33.790+0000] {dag.py:3239} INFO - Sync 1 DAGs
[2024-12-14T19:29:33.812+0000] {logging_mixin.py:190} INFO - [2024-12-14T19:29:33.812+0000] {dag.py:4180} INFO - Setting next_dagrun for example_nested_branch_dag to 2024-12-13 00:00:00+00:00, run_after=2024-12-14 00:00:00+00:00
[2024-12-14T19:29:33.829+0000] {processor.py:208} INFO - Processing /home/airflow/.local/lib/python3.12/site-packages/airflow/example_dags/example_nested_branch_dag.py took 0.078 seconds
[2024-12-14T19:30:04.171+0000] {processor.py:186} INFO - Started process (PID=264) to work on /home/airflow/.local/lib/python3.12/site-packages/airflow/example_dags/example_nested_branch_dag.py
[2024-12-14T19:30:04.172+0000] {processor.py:914} INFO - Processing file /home/airflow/.local/lib/python3.12/site-packages/airflow/example_dags/example_nested_branch_dag.py for tasks to queue
[2024-12-14T19:30:04.174+0000] {logging_mixin.py:190} INFO - [2024-12-14T19:30:04.174+0000] {dagbag.py:588} INFO - Filling up the DagBag from /home/airflow/.local/lib/python3.12/site-packages/airflow/example_dags/example_nested_branch_dag.py
[2024-12-14T19:30:04.184+0000] {processor.py:925} INFO - DAG(s) 'example_nested_branch_dag' retrieved from /home/airflow/.local/lib/python3.12/site-packages/airflow/example_dags/example_nested_branch_dag.py
[2024-12-14T19:30:04.203+0000] {logging_mixin.py:190} INFO - [2024-12-14T19:30:04.203+0000] {dag.py:3239} INFO - Sync 1 DAGs
[2024-12-14T19:30:04.228+0000] {logging_mixin.py:190} INFO - [2024-12-14T19:30:04.228+0000] {dag.py:4180} INFO - Setting next_dagrun for example_nested_branch_dag to 2024-12-13 00:00:00+00:00, run_after=2024-12-14 00:00:00+00:00
[2024-12-14T19:30:04.243+0000] {processor.py:208} INFO - Processing /home/airflow/.local/lib/python3.12/site-packages/airflow/example_dags/example_nested_branch_dag.py took 0.077 seconds
[2024-12-14T19:30:34.383+0000] {processor.py:186} INFO - Started process (PID=327) to work on /home/airflow/.local/lib/python3.12/site-packages/airflow/example_dags/example_nested_branch_dag.py
[2024-12-14T19:30:34.384+0000] {processor.py:914} INFO - Processing file /home/airflow/.local/lib/python3.12/site-packages/airflow/example_dags/example_nested_branch_dag.py for tasks to queue
[2024-12-14T19:30:34.385+0000] {logging_mixin.py:190} INFO - [2024-12-14T19:30:34.385+0000] {dagbag.py:588} INFO - Filling up the DagBag from /home/airflow/.local/lib/python3.12/site-packages/airflow/example_dags/example_nested_branch_dag.py
[2024-12-14T19:30:34.394+0000] {processor.py:925} INFO - DAG(s) 'example_nested_branch_dag' retrieved from /home/airflow/.local/lib/python3.12/site-packages/airflow/example_dags/example_nested_branch_dag.py
[2024-12-14T19:30:34.412+0000] {logging_mixin.py:190} INFO - [2024-12-14T19:30:34.412+0000] {dag.py:3239} INFO - Sync 1 DAGs
[2024-12-14T19:30:34.432+0000] {logging_mixin.py:190} INFO - [2024-12-14T19:30:34.432+0000] {dag.py:4180} INFO - Setting next_dagrun for example_nested_branch_dag to 2024-12-13 00:00:00+00:00, run_after=2024-12-14 00:00:00+00:00
[2024-12-14T19:30:34.447+0000] {processor.py:208} INFO - Processing /home/airflow/.local/lib/python3.12/site-packages/airflow/example_dags/example_nested_branch_dag.py took 0.069 seconds
[2024-12-14T19:31:43.994+0000] {processor.py:186} INFO - Started process (PID=76) to work on /home/airflow/.local/lib/python3.12/site-packages/airflow/example_dags/example_nested_branch_dag.py
[2024-12-14T19:31:43.995+0000] {processor.py:914} INFO - Processing file /home/airflow/.local/lib/python3.12/site-packages/airflow/example_dags/example_nested_branch_dag.py for tasks to queue
[2024-12-14T19:31:44.001+0000] {logging_mixin.py:190} INFO - [2024-12-14T19:31:43.998+0000] {dagbag.py:588} INFO - Filling up the DagBag from /home/airflow/.local/lib/python3.12/site-packages/airflow/example_dags/example_nested_branch_dag.py
[2024-12-14T19:31:44.033+0000] {processor.py:925} INFO - DAG(s) 'example_nested_branch_dag' retrieved from /home/airflow/.local/lib/python3.12/site-packages/airflow/example_dags/example_nested_branch_dag.py
[2024-12-14T19:31:44.080+0000] {logging_mixin.py:190} INFO - [2024-12-14T19:31:44.080+0000] {dag.py:3239} INFO - Sync 1 DAGs
[2024-12-14T19:31:44.130+0000] {logging_mixin.py:190} INFO - [2024-12-14T19:31:44.130+0000] {dag.py:4180} INFO - Setting next_dagrun for example_nested_branch_dag to 2024-12-13 00:00:00+00:00, run_after=2024-12-14 00:00:00+00:00
[2024-12-14T19:31:44.186+0000] {processor.py:208} INFO - Processing /home/airflow/.local/lib/python3.12/site-packages/airflow/example_dags/example_nested_branch_dag.py took 0.198 seconds
[2024-12-14T19:32:14.803+0000] {processor.py:186} INFO - Started process (PID=140) to work on /home/airflow/.local/lib/python3.12/site-packages/airflow/example_dags/example_nested_branch_dag.py
[2024-12-14T19:32:14.803+0000] {processor.py:914} INFO - Processing file /home/airflow/.local/lib/python3.12/site-packages/airflow/example_dags/example_nested_branch_dag.py for tasks to queue
[2024-12-14T19:32:14.805+0000] {logging_mixin.py:190} INFO - [2024-12-14T19:32:14.805+0000] {dagbag.py:588} INFO - Filling up the DagBag from /home/airflow/.local/lib/python3.12/site-packages/airflow/example_dags/example_nested_branch_dag.py
[2024-12-14T19:32:14.818+0000] {processor.py:925} INFO - DAG(s) 'example_nested_branch_dag' retrieved from /home/airflow/.local/lib/python3.12/site-packages/airflow/example_dags/example_nested_branch_dag.py
[2024-12-14T19:32:14.838+0000] {logging_mixin.py:190} INFO - [2024-12-14T19:32:14.838+0000] {dag.py:3239} INFO - Sync 1 DAGs
[2024-12-14T19:32:14.860+0000] {logging_mixin.py:190} INFO - [2024-12-14T19:32:14.860+0000] {dag.py:4180} INFO - Setting next_dagrun for example_nested_branch_dag to 2024-12-13 00:00:00+00:00, run_after=2024-12-14 00:00:00+00:00
[2024-12-14T19:32:14.876+0000] {processor.py:208} INFO - Processing /home/airflow/.local/lib/python3.12/site-packages/airflow/example_dags/example_nested_branch_dag.py took 0.078 seconds
[2024-12-14T19:32:45.007+0000] {processor.py:186} INFO - Started process (PID=203) to work on /home/airflow/.local/lib/python3.12/site-packages/airflow/example_dags/example_nested_branch_dag.py
[2024-12-14T19:32:45.008+0000] {processor.py:914} INFO - Processing file /home/airflow/.local/lib/python3.12/site-packages/airflow/example_dags/example_nested_branch_dag.py for tasks to queue
[2024-12-14T19:32:45.010+0000] {logging_mixin.py:190} INFO - [2024-12-14T19:32:45.010+0000] {dagbag.py:588} INFO - Filling up the DagBag from /home/airflow/.local/lib/python3.12/site-packages/airflow/example_dags/example_nested_branch_dag.py
[2024-12-14T19:32:45.021+0000] {processor.py:925} INFO - DAG(s) 'example_nested_branch_dag' retrieved from /home/airflow/.local/lib/python3.12/site-packages/airflow/example_dags/example_nested_branch_dag.py
[2024-12-14T19:32:45.040+0000] {logging_mixin.py:190} INFO - [2024-12-14T19:32:45.040+0000] {dag.py:3239} INFO - Sync 1 DAGs
[2024-12-14T19:32:45.061+0000] {logging_mixin.py:190} INFO - [2024-12-14T19:32:45.061+0000] {dag.py:4180} INFO - Setting next_dagrun for example_nested_branch_dag to 2024-12-13 00:00:00+00:00, run_after=2024-12-14 00:00:00+00:00
[2024-12-14T19:32:45.076+0000] {processor.py:208} INFO - Processing /home/airflow/.local/lib/python3.12/site-packages/airflow/example_dags/example_nested_branch_dag.py took 0.074 seconds
[2024-12-14T19:33:16.199+0000] {processor.py:186} INFO - Started process (PID=266) to work on /home/airflow/.local/lib/python3.12/site-packages/airflow/example_dags/example_nested_branch_dag.py
[2024-12-14T19:33:16.199+0000] {processor.py:914} INFO - Processing file /home/airflow/.local/lib/python3.12/site-packages/airflow/example_dags/example_nested_branch_dag.py for tasks to queue
[2024-12-14T19:33:16.202+0000] {logging_mixin.py:190} INFO - [2024-12-14T19:33:16.201+0000] {dagbag.py:588} INFO - Filling up the DagBag from /home/airflow/.local/lib/python3.12/site-packages/airflow/example_dags/example_nested_branch_dag.py
[2024-12-14T19:33:16.214+0000] {processor.py:925} INFO - DAG(s) 'example_nested_branch_dag' retrieved from /home/airflow/.local/lib/python3.12/site-packages/airflow/example_dags/example_nested_branch_dag.py
[2024-12-14T19:33:16.233+0000] {logging_mixin.py:190} INFO - [2024-12-14T19:33:16.233+0000] {dag.py:3239} INFO - Sync 1 DAGs
[2024-12-14T19:33:16.255+0000] {logging_mixin.py:190} INFO - [2024-12-14T19:33:16.255+0000] {dag.py:4180} INFO - Setting next_dagrun for example_nested_branch_dag to 2024-12-13 00:00:00+00:00, run_after=2024-12-14 00:00:00+00:00
[2024-12-14T19:33:16.271+0000] {processor.py:208} INFO - Processing /home/airflow/.local/lib/python3.12/site-packages/airflow/example_dags/example_nested_branch_dag.py took 0.078 seconds
[2024-12-14T19:33:47.599+0000] {processor.py:186} INFO - Started process (PID=329) to work on /home/airflow/.local/lib/python3.12/site-packages/airflow/example_dags/example_nested_branch_dag.py
[2024-12-14T19:33:47.600+0000] {processor.py:914} INFO - Processing file /home/airflow/.local/lib/python3.12/site-packages/airflow/example_dags/example_nested_branch_dag.py for tasks to queue
[2024-12-14T19:33:47.602+0000] {logging_mixin.py:190} INFO - [2024-12-14T19:33:47.601+0000] {dagbag.py:588} INFO - Filling up the DagBag from /home/airflow/.local/lib/python3.12/site-packages/airflow/example_dags/example_nested_branch_dag.py
[2024-12-14T19:33:47.611+0000] {processor.py:925} INFO - DAG(s) 'example_nested_branch_dag' retrieved from /home/airflow/.local/lib/python3.12/site-packages/airflow/example_dags/example_nested_branch_dag.py
[2024-12-14T19:33:47.629+0000] {logging_mixin.py:190} INFO - [2024-12-14T19:33:47.628+0000] {dag.py:3239} INFO - Sync 1 DAGs
[2024-12-14T19:33:47.650+0000] {logging_mixin.py:190} INFO - [2024-12-14T19:33:47.649+0000] {dag.py:4180} INFO - Setting next_dagrun for example_nested_branch_dag to 2024-12-13 00:00:00+00:00, run_after=2024-12-14 00:00:00+00:00
[2024-12-14T19:33:47.665+0000] {processor.py:208} INFO - Processing /home/airflow/.local/lib/python3.12/site-packages/airflow/example_dags/example_nested_branch_dag.py took 0.071 seconds
[2024-12-14T19:34:19.088+0000] {processor.py:186} INFO - Started process (PID=392) to work on /home/airflow/.local/lib/python3.12/site-packages/airflow/example_dags/example_nested_branch_dag.py
[2024-12-14T19:34:19.088+0000] {processor.py:914} INFO - Processing file /home/airflow/.local/lib/python3.12/site-packages/airflow/example_dags/example_nested_branch_dag.py for tasks to queue
[2024-12-14T19:34:19.090+0000] {logging_mixin.py:190} INFO - [2024-12-14T19:34:19.090+0000] {dagbag.py:588} INFO - Filling up the DagBag from /home/airflow/.local/lib/python3.12/site-packages/airflow/example_dags/example_nested_branch_dag.py
[2024-12-14T19:34:19.102+0000] {processor.py:925} INFO - DAG(s) 'example_nested_branch_dag' retrieved from /home/airflow/.local/lib/python3.12/site-packages/airflow/example_dags/example_nested_branch_dag.py
[2024-12-14T19:34:19.122+0000] {logging_mixin.py:190} INFO - [2024-12-14T19:34:19.122+0000] {dag.py:3239} INFO - Sync 1 DAGs
[2024-12-14T19:34:19.148+0000] {logging_mixin.py:190} INFO - [2024-12-14T19:34:19.147+0000] {dag.py:4180} INFO - Setting next_dagrun for example_nested_branch_dag to 2024-12-13 00:00:00+00:00, run_after=2024-12-14 00:00:00+00:00
[2024-12-14T19:34:19.164+0000] {processor.py:208} INFO - Processing /home/airflow/.local/lib/python3.12/site-packages/airflow/example_dags/example_nested_branch_dag.py took 0.082 seconds
[2024-12-14T19:34:50.246+0000] {processor.py:186} INFO - Started process (PID=455) to work on /home/airflow/.local/lib/python3.12/site-packages/airflow/example_dags/example_nested_branch_dag.py
[2024-12-14T19:34:50.247+0000] {processor.py:914} INFO - Processing file /home/airflow/.local/lib/python3.12/site-packages/airflow/example_dags/example_nested_branch_dag.py for tasks to queue
[2024-12-14T19:34:50.249+0000] {logging_mixin.py:190} INFO - [2024-12-14T19:34:50.249+0000] {dagbag.py:588} INFO - Filling up the DagBag from /home/airflow/.local/lib/python3.12/site-packages/airflow/example_dags/example_nested_branch_dag.py
[2024-12-14T19:34:50.259+0000] {processor.py:925} INFO - DAG(s) 'example_nested_branch_dag' retrieved from /home/airflow/.local/lib/python3.12/site-packages/airflow/example_dags/example_nested_branch_dag.py
[2024-12-14T19:34:50.277+0000] {logging_mixin.py:190} INFO - [2024-12-14T19:34:50.277+0000] {dag.py:3239} INFO - Sync 1 DAGs
[2024-12-14T19:34:50.301+0000] {logging_mixin.py:190} INFO - [2024-12-14T19:34:50.301+0000] {dag.py:4180} INFO - Setting next_dagrun for example_nested_branch_dag to 2024-12-13 00:00:00+00:00, run_after=2024-12-14 00:00:00+00:00
[2024-12-14T19:34:50.316+0000] {processor.py:208} INFO - Processing /home/airflow/.local/lib/python3.12/site-packages/airflow/example_dags/example_nested_branch_dag.py took 0.075 seconds
[2024-12-14T19:35:54.413+0000] {processor.py:186} INFO - Started process (PID=69) to work on /home/airflow/.local/lib/python3.12/site-packages/airflow/example_dags/example_nested_branch_dag.py
[2024-12-14T19:35:54.414+0000] {processor.py:914} INFO - Processing file /home/airflow/.local/lib/python3.12/site-packages/airflow/example_dags/example_nested_branch_dag.py for tasks to queue
[2024-12-14T19:35:54.416+0000] {logging_mixin.py:190} INFO - [2024-12-14T19:35:54.416+0000] {dagbag.py:588} INFO - Filling up the DagBag from /home/airflow/.local/lib/python3.12/site-packages/airflow/example_dags/example_nested_branch_dag.py
[2024-12-14T19:35:54.425+0000] {processor.py:925} INFO - DAG(s) 'example_nested_branch_dag' retrieved from /home/airflow/.local/lib/python3.12/site-packages/airflow/example_dags/example_nested_branch_dag.py
[2024-12-14T19:35:54.446+0000] {logging_mixin.py:190} INFO - [2024-12-14T19:35:54.446+0000] {dag.py:3239} INFO - Sync 1 DAGs
[2024-12-14T19:35:54.466+0000] {logging_mixin.py:190} INFO - [2024-12-14T19:35:54.466+0000] {dag.py:4180} INFO - Setting next_dagrun for example_nested_branch_dag to 2024-12-13 00:00:00+00:00, run_after=2024-12-14 00:00:00+00:00
[2024-12-14T19:35:54.481+0000] {processor.py:208} INFO - Processing /home/airflow/.local/lib/python3.12/site-packages/airflow/example_dags/example_nested_branch_dag.py took 0.073 seconds
[2024-12-14T19:36:25.411+0000] {processor.py:186} INFO - Started process (PID=132) to work on /home/airflow/.local/lib/python3.12/site-packages/airflow/example_dags/example_nested_branch_dag.py
[2024-12-14T19:36:25.411+0000] {processor.py:914} INFO - Processing file /home/airflow/.local/lib/python3.12/site-packages/airflow/example_dags/example_nested_branch_dag.py for tasks to queue
[2024-12-14T19:36:25.413+0000] {logging_mixin.py:190} INFO - [2024-12-14T19:36:25.412+0000] {dagbag.py:588} INFO - Filling up the DagBag from /home/airflow/.local/lib/python3.12/site-packages/airflow/example_dags/example_nested_branch_dag.py
[2024-12-14T19:36:25.423+0000] {processor.py:925} INFO - DAG(s) 'example_nested_branch_dag' retrieved from /home/airflow/.local/lib/python3.12/site-packages/airflow/example_dags/example_nested_branch_dag.py
[2024-12-14T19:36:25.440+0000] {logging_mixin.py:190} INFO - [2024-12-14T19:36:25.440+0000] {dag.py:3239} INFO - Sync 1 DAGs
[2024-12-14T19:36:25.461+0000] {logging_mixin.py:190} INFO - [2024-12-14T19:36:25.461+0000] {dag.py:4180} INFO - Setting next_dagrun for example_nested_branch_dag to 2024-12-13 00:00:00+00:00, run_after=2024-12-14 00:00:00+00:00
[2024-12-14T19:36:25.476+0000] {processor.py:208} INFO - Processing /home/airflow/.local/lib/python3.12/site-packages/airflow/example_dags/example_nested_branch_dag.py took 0.071 seconds
[2024-12-14T19:36:56.424+0000] {processor.py:186} INFO - Started process (PID=195) to work on /home/airflow/.local/lib/python3.12/site-packages/airflow/example_dags/example_nested_branch_dag.py
[2024-12-14T19:36:56.425+0000] {processor.py:914} INFO - Processing file /home/airflow/.local/lib/python3.12/site-packages/airflow/example_dags/example_nested_branch_dag.py for tasks to queue
[2024-12-14T19:36:56.427+0000] {logging_mixin.py:190} INFO - [2024-12-14T19:36:56.427+0000] {dagbag.py:588} INFO - Filling up the DagBag from /home/airflow/.local/lib/python3.12/site-packages/airflow/example_dags/example_nested_branch_dag.py
[2024-12-14T19:36:56.437+0000] {processor.py:925} INFO - DAG(s) 'example_nested_branch_dag' retrieved from /home/airflow/.local/lib/python3.12/site-packages/airflow/example_dags/example_nested_branch_dag.py
[2024-12-14T19:36:56.456+0000] {logging_mixin.py:190} INFO - [2024-12-14T19:36:56.456+0000] {dag.py:3239} INFO - Sync 1 DAGs
[2024-12-14T19:36:56.481+0000] {logging_mixin.py:190} INFO - [2024-12-14T19:36:56.481+0000] {dag.py:4180} INFO - Setting next_dagrun for example_nested_branch_dag to 2024-12-13 00:00:00+00:00, run_after=2024-12-14 00:00:00+00:00
[2024-12-14T19:36:56.499+0000] {processor.py:208} INFO - Processing /home/airflow/.local/lib/python3.12/site-packages/airflow/example_dags/example_nested_branch_dag.py took 0.080 seconds
[2024-12-14T19:37:27.414+0000] {processor.py:186} INFO - Started process (PID=258) to work on /home/airflow/.local/lib/python3.12/site-packages/airflow/example_dags/example_nested_branch_dag.py
[2024-12-14T19:37:27.415+0000] {processor.py:914} INFO - Processing file /home/airflow/.local/lib/python3.12/site-packages/airflow/example_dags/example_nested_branch_dag.py for tasks to queue
[2024-12-14T19:37:27.417+0000] {logging_mixin.py:190} INFO - [2024-12-14T19:37:27.417+0000] {dagbag.py:588} INFO - Filling up the DagBag from /home/airflow/.local/lib/python3.12/site-packages/airflow/example_dags/example_nested_branch_dag.py
[2024-12-14T19:37:27.427+0000] {processor.py:925} INFO - DAG(s) 'example_nested_branch_dag' retrieved from /home/airflow/.local/lib/python3.12/site-packages/airflow/example_dags/example_nested_branch_dag.py
[2024-12-14T19:37:27.445+0000] {logging_mixin.py:190} INFO - [2024-12-14T19:37:27.445+0000] {dag.py:3239} INFO - Sync 1 DAGs
[2024-12-14T19:37:27.467+0000] {logging_mixin.py:190} INFO - [2024-12-14T19:37:27.466+0000] {dag.py:4180} INFO - Setting next_dagrun for example_nested_branch_dag to 2024-12-13 00:00:00+00:00, run_after=2024-12-14 00:00:00+00:00
[2024-12-14T19:37:27.483+0000] {processor.py:208} INFO - Processing /home/airflow/.local/lib/python3.12/site-packages/airflow/example_dags/example_nested_branch_dag.py took 0.074 seconds
[2024-12-14T19:37:58.437+0000] {processor.py:186} INFO - Started process (PID=321) to work on /home/airflow/.local/lib/python3.12/site-packages/airflow/example_dags/example_nested_branch_dag.py
[2024-12-14T19:37:58.438+0000] {processor.py:914} INFO - Processing file /home/airflow/.local/lib/python3.12/site-packages/airflow/example_dags/example_nested_branch_dag.py for tasks to queue
[2024-12-14T19:37:58.439+0000] {logging_mixin.py:190} INFO - [2024-12-14T19:37:58.439+0000] {dagbag.py:588} INFO - Filling up the DagBag from /home/airflow/.local/lib/python3.12/site-packages/airflow/example_dags/example_nested_branch_dag.py
[2024-12-14T19:37:58.449+0000] {processor.py:925} INFO - DAG(s) 'example_nested_branch_dag' retrieved from /home/airflow/.local/lib/python3.12/site-packages/airflow/example_dags/example_nested_branch_dag.py
[2024-12-14T19:37:58.470+0000] {logging_mixin.py:190} INFO - [2024-12-14T19:37:58.470+0000] {dag.py:3239} INFO - Sync 1 DAGs
[2024-12-14T19:37:58.495+0000] {logging_mixin.py:190} INFO - [2024-12-14T19:37:58.495+0000] {dag.py:4180} INFO - Setting next_dagrun for example_nested_branch_dag to 2024-12-13 00:00:00+00:00, run_after=2024-12-14 00:00:00+00:00
[2024-12-14T19:37:58.511+0000] {processor.py:208} INFO - Processing /home/airflow/.local/lib/python3.12/site-packages/airflow/example_dags/example_nested_branch_dag.py took 0.079 seconds
[2024-12-14T19:38:29.415+0000] {processor.py:186} INFO - Started process (PID=384) to work on /home/airflow/.local/lib/python3.12/site-packages/airflow/example_dags/example_nested_branch_dag.py
[2024-12-14T19:38:29.416+0000] {processor.py:914} INFO - Processing file /home/airflow/.local/lib/python3.12/site-packages/airflow/example_dags/example_nested_branch_dag.py for tasks to queue
[2024-12-14T19:38:29.418+0000] {logging_mixin.py:190} INFO - [2024-12-14T19:38:29.418+0000] {dagbag.py:588} INFO - Filling up the DagBag from /home/airflow/.local/lib/python3.12/site-packages/airflow/example_dags/example_nested_branch_dag.py
[2024-12-14T19:38:29.429+0000] {processor.py:925} INFO - DAG(s) 'example_nested_branch_dag' retrieved from /home/airflow/.local/lib/python3.12/site-packages/airflow/example_dags/example_nested_branch_dag.py
[2024-12-14T19:38:29.449+0000] {logging_mixin.py:190} INFO - [2024-12-14T19:38:29.449+0000] {dag.py:3239} INFO - Sync 1 DAGs
[2024-12-14T19:38:29.474+0000] {logging_mixin.py:190} INFO - [2024-12-14T19:38:29.473+0000] {dag.py:4180} INFO - Setting next_dagrun for example_nested_branch_dag to 2024-12-13 00:00:00+00:00, run_after=2024-12-14 00:00:00+00:00
[2024-12-14T19:38:29.491+0000] {processor.py:208} INFO - Processing /home/airflow/.local/lib/python3.12/site-packages/airflow/example_dags/example_nested_branch_dag.py took 0.080 seconds
[2024-12-14T19:39:00.767+0000] {processor.py:186} INFO - Started process (PID=447) to work on /home/airflow/.local/lib/python3.12/site-packages/airflow/example_dags/example_nested_branch_dag.py
[2024-12-14T19:39:00.768+0000] {processor.py:914} INFO - Processing file /home/airflow/.local/lib/python3.12/site-packages/airflow/example_dags/example_nested_branch_dag.py for tasks to queue
[2024-12-14T19:39:00.770+0000] {logging_mixin.py:190} INFO - [2024-12-14T19:39:00.770+0000] {dagbag.py:588} INFO - Filling up the DagBag from /home/airflow/.local/lib/python3.12/site-packages/airflow/example_dags/example_nested_branch_dag.py
[2024-12-14T19:39:00.780+0000] {processor.py:925} INFO - DAG(s) 'example_nested_branch_dag' retrieved from /home/airflow/.local/lib/python3.12/site-packages/airflow/example_dags/example_nested_branch_dag.py
[2024-12-14T19:39:00.799+0000] {logging_mixin.py:190} INFO - [2024-12-14T19:39:00.799+0000] {dag.py:3239} INFO - Sync 1 DAGs
[2024-12-14T19:39:00.820+0000] {logging_mixin.py:190} INFO - [2024-12-14T19:39:00.820+0000] {dag.py:4180} INFO - Setting next_dagrun for example_nested_branch_dag to 2024-12-13 00:00:00+00:00, run_after=2024-12-14 00:00:00+00:00
[2024-12-14T19:39:00.834+0000] {processor.py:208} INFO - Processing /home/airflow/.local/lib/python3.12/site-packages/airflow/example_dags/example_nested_branch_dag.py took 0.072 seconds
[2024-12-14T19:39:32.160+0000] {processor.py:186} INFO - Started process (PID=510) to work on /home/airflow/.local/lib/python3.12/site-packages/airflow/example_dags/example_nested_branch_dag.py
[2024-12-14T19:39:32.161+0000] {processor.py:914} INFO - Processing file /home/airflow/.local/lib/python3.12/site-packages/airflow/example_dags/example_nested_branch_dag.py for tasks to queue
[2024-12-14T19:39:32.163+0000] {logging_mixin.py:190} INFO - [2024-12-14T19:39:32.162+0000] {dagbag.py:588} INFO - Filling up the DagBag from /home/airflow/.local/lib/python3.12/site-packages/airflow/example_dags/example_nested_branch_dag.py
[2024-12-14T19:39:32.172+0000] {processor.py:925} INFO - DAG(s) 'example_nested_branch_dag' retrieved from /home/airflow/.local/lib/python3.12/site-packages/airflow/example_dags/example_nested_branch_dag.py
[2024-12-14T19:39:32.190+0000] {logging_mixin.py:190} INFO - [2024-12-14T19:39:32.190+0000] {dag.py:3239} INFO - Sync 1 DAGs
[2024-12-14T19:39:32.216+0000] {logging_mixin.py:190} INFO - [2024-12-14T19:39:32.216+0000] {dag.py:4180} INFO - Setting next_dagrun for example_nested_branch_dag to 2024-12-13 00:00:00+00:00, run_after=2024-12-14 00:00:00+00:00
[2024-12-14T19:39:32.232+0000] {processor.py:208} INFO - Processing /home/airflow/.local/lib/python3.12/site-packages/airflow/example_dags/example_nested_branch_dag.py took 0.077 seconds
[2024-12-14T19:40:03.609+0000] {processor.py:186} INFO - Started process (PID=580) to work on /home/airflow/.local/lib/python3.12/site-packages/airflow/example_dags/example_nested_branch_dag.py
[2024-12-14T19:40:03.609+0000] {processor.py:914} INFO - Processing file /home/airflow/.local/lib/python3.12/site-packages/airflow/example_dags/example_nested_branch_dag.py for tasks to queue
[2024-12-14T19:40:03.611+0000] {logging_mixin.py:190} INFO - [2024-12-14T19:40:03.610+0000] {dagbag.py:588} INFO - Filling up the DagBag from /home/airflow/.local/lib/python3.12/site-packages/airflow/example_dags/example_nested_branch_dag.py
[2024-12-14T19:40:03.624+0000] {processor.py:925} INFO - DAG(s) 'example_nested_branch_dag' retrieved from /home/airflow/.local/lib/python3.12/site-packages/airflow/example_dags/example_nested_branch_dag.py
[2024-12-14T19:40:03.647+0000] {logging_mixin.py:190} INFO - [2024-12-14T19:40:03.646+0000] {dag.py:3239} INFO - Sync 1 DAGs
[2024-12-14T19:40:03.680+0000] {logging_mixin.py:190} INFO - [2024-12-14T19:40:03.679+0000] {dag.py:4180} INFO - Setting next_dagrun for example_nested_branch_dag to 2024-12-13 00:00:00+00:00, run_after=2024-12-14 00:00:00+00:00
[2024-12-14T19:40:03.697+0000] {processor.py:208} INFO - Processing /home/airflow/.local/lib/python3.12/site-packages/airflow/example_dags/example_nested_branch_dag.py took 0.094 seconds
[2024-12-14T19:40:34.497+0000] {processor.py:186} INFO - Started process (PID=643) to work on /home/airflow/.local/lib/python3.12/site-packages/airflow/example_dags/example_nested_branch_dag.py
[2024-12-14T19:40:34.498+0000] {processor.py:914} INFO - Processing file /home/airflow/.local/lib/python3.12/site-packages/airflow/example_dags/example_nested_branch_dag.py for tasks to queue
[2024-12-14T19:40:34.499+0000] {logging_mixin.py:190} INFO - [2024-12-14T19:40:34.499+0000] {dagbag.py:588} INFO - Filling up the DagBag from /home/airflow/.local/lib/python3.12/site-packages/airflow/example_dags/example_nested_branch_dag.py
[2024-12-14T19:40:34.509+0000] {processor.py:925} INFO - DAG(s) 'example_nested_branch_dag' retrieved from /home/airflow/.local/lib/python3.12/site-packages/airflow/example_dags/example_nested_branch_dag.py
[2024-12-14T19:40:34.528+0000] {logging_mixin.py:190} INFO - [2024-12-14T19:40:34.528+0000] {dag.py:3239} INFO - Sync 1 DAGs
[2024-12-14T19:40:34.552+0000] {logging_mixin.py:190} INFO - [2024-12-14T19:40:34.552+0000] {dag.py:4180} INFO - Setting next_dagrun for example_nested_branch_dag to 2024-12-13 00:00:00+00:00, run_after=2024-12-14 00:00:00+00:00
[2024-12-14T19:40:34.569+0000] {processor.py:208} INFO - Processing /home/airflow/.local/lib/python3.12/site-packages/airflow/example_dags/example_nested_branch_dag.py took 0.077 seconds
[2024-12-14T19:41:05.293+0000] {processor.py:186} INFO - Started process (PID=706) to work on /home/airflow/.local/lib/python3.12/site-packages/airflow/example_dags/example_nested_branch_dag.py
[2024-12-14T19:41:05.295+0000] {processor.py:914} INFO - Processing file /home/airflow/.local/lib/python3.12/site-packages/airflow/example_dags/example_nested_branch_dag.py for tasks to queue
[2024-12-14T19:41:05.296+0000] {logging_mixin.py:190} INFO - [2024-12-14T19:41:05.296+0000] {dagbag.py:588} INFO - Filling up the DagBag from /home/airflow/.local/lib/python3.12/site-packages/airflow/example_dags/example_nested_branch_dag.py
[2024-12-14T19:41:05.308+0000] {processor.py:925} INFO - DAG(s) 'example_nested_branch_dag' retrieved from /home/airflow/.local/lib/python3.12/site-packages/airflow/example_dags/example_nested_branch_dag.py
[2024-12-14T19:41:05.326+0000] {logging_mixin.py:190} INFO - [2024-12-14T19:41:05.326+0000] {dag.py:3239} INFO - Sync 1 DAGs
[2024-12-14T19:41:05.349+0000] {logging_mixin.py:190} INFO - [2024-12-14T19:41:05.349+0000] {dag.py:4180} INFO - Setting next_dagrun for example_nested_branch_dag to 2024-12-13 00:00:00+00:00, run_after=2024-12-14 00:00:00+00:00
[2024-12-14T19:41:05.365+0000] {processor.py:208} INFO - Processing /home/airflow/.local/lib/python3.12/site-packages/airflow/example_dags/example_nested_branch_dag.py took 0.077 seconds
[2024-12-14T19:41:36.602+0000] {processor.py:186} INFO - Started process (PID=769) to work on /home/airflow/.local/lib/python3.12/site-packages/airflow/example_dags/example_nested_branch_dag.py
[2024-12-14T19:41:36.603+0000] {processor.py:914} INFO - Processing file /home/airflow/.local/lib/python3.12/site-packages/airflow/example_dags/example_nested_branch_dag.py for tasks to queue
[2024-12-14T19:41:36.604+0000] {logging_mixin.py:190} INFO - [2024-12-14T19:41:36.604+0000] {dagbag.py:588} INFO - Filling up the DagBag from /home/airflow/.local/lib/python3.12/site-packages/airflow/example_dags/example_nested_branch_dag.py
[2024-12-14T19:41:36.614+0000] {processor.py:925} INFO - DAG(s) 'example_nested_branch_dag' retrieved from /home/airflow/.local/lib/python3.12/site-packages/airflow/example_dags/example_nested_branch_dag.py
[2024-12-14T19:41:36.631+0000] {logging_mixin.py:190} INFO - [2024-12-14T19:41:36.631+0000] {dag.py:3239} INFO - Sync 1 DAGs
[2024-12-14T19:41:36.652+0000] {logging_mixin.py:190} INFO - [2024-12-14T19:41:36.651+0000] {dag.py:4180} INFO - Setting next_dagrun for example_nested_branch_dag to 2024-12-13 00:00:00+00:00, run_after=2024-12-14 00:00:00+00:00
[2024-12-14T19:41:36.667+0000] {processor.py:208} INFO - Processing /home/airflow/.local/lib/python3.12/site-packages/airflow/example_dags/example_nested_branch_dag.py took 0.070 seconds
[2024-12-14T19:42:08.171+0000] {processor.py:186} INFO - Started process (PID=831) to work on /home/airflow/.local/lib/python3.12/site-packages/airflow/example_dags/example_nested_branch_dag.py
[2024-12-14T19:42:08.172+0000] {processor.py:914} INFO - Processing file /home/airflow/.local/lib/python3.12/site-packages/airflow/example_dags/example_nested_branch_dag.py for tasks to queue
[2024-12-14T19:42:08.174+0000] {logging_mixin.py:190} INFO - [2024-12-14T19:42:08.174+0000] {dagbag.py:588} INFO - Filling up the DagBag from /home/airflow/.local/lib/python3.12/site-packages/airflow/example_dags/example_nested_branch_dag.py
[2024-12-14T19:42:08.184+0000] {processor.py:925} INFO - DAG(s) 'example_nested_branch_dag' retrieved from /home/airflow/.local/lib/python3.12/site-packages/airflow/example_dags/example_nested_branch_dag.py
[2024-12-14T19:42:08.201+0000] {logging_mixin.py:190} INFO - [2024-12-14T19:42:08.201+0000] {dag.py:3239} INFO - Sync 1 DAGs
[2024-12-14T19:42:08.222+0000] {logging_mixin.py:190} INFO - [2024-12-14T19:42:08.222+0000] {dag.py:4180} INFO - Setting next_dagrun for example_nested_branch_dag to 2024-12-13 00:00:00+00:00, run_after=2024-12-14 00:00:00+00:00
[2024-12-14T19:42:08.237+0000] {processor.py:208} INFO - Processing /home/airflow/.local/lib/python3.12/site-packages/airflow/example_dags/example_nested_branch_dag.py took 0.070 seconds
[2024-12-14T19:42:39.498+0000] {processor.py:186} INFO - Started process (PID=894) to work on /home/airflow/.local/lib/python3.12/site-packages/airflow/example_dags/example_nested_branch_dag.py
[2024-12-14T19:42:39.499+0000] {processor.py:914} INFO - Processing file /home/airflow/.local/lib/python3.12/site-packages/airflow/example_dags/example_nested_branch_dag.py for tasks to queue
[2024-12-14T19:42:39.501+0000] {logging_mixin.py:190} INFO - [2024-12-14T19:42:39.501+0000] {dagbag.py:588} INFO - Filling up the DagBag from /home/airflow/.local/lib/python3.12/site-packages/airflow/example_dags/example_nested_branch_dag.py
[2024-12-14T19:42:39.513+0000] {processor.py:925} INFO - DAG(s) 'example_nested_branch_dag' retrieved from /home/airflow/.local/lib/python3.12/site-packages/airflow/example_dags/example_nested_branch_dag.py
[2024-12-14T19:42:39.538+0000] {logging_mixin.py:190} INFO - [2024-12-14T19:42:39.537+0000] {dag.py:3239} INFO - Sync 1 DAGs
[2024-12-14T19:42:39.567+0000] {logging_mixin.py:190} INFO - [2024-12-14T19:42:39.566+0000] {dag.py:4180} INFO - Setting next_dagrun for example_nested_branch_dag to 2024-12-13 00:00:00+00:00, run_after=2024-12-14 00:00:00+00:00
[2024-12-14T19:42:39.588+0000] {processor.py:208} INFO - Processing /home/airflow/.local/lib/python3.12/site-packages/airflow/example_dags/example_nested_branch_dag.py took 0.096 seconds
[2024-12-14T19:43:09.787+0000] {processor.py:186} INFO - Started process (PID=956) to work on /home/airflow/.local/lib/python3.12/site-packages/airflow/example_dags/example_nested_branch_dag.py
[2024-12-14T19:43:09.787+0000] {processor.py:914} INFO - Processing file /home/airflow/.local/lib/python3.12/site-packages/airflow/example_dags/example_nested_branch_dag.py for tasks to queue
[2024-12-14T19:43:09.789+0000] {logging_mixin.py:190} INFO - [2024-12-14T19:43:09.789+0000] {dagbag.py:588} INFO - Filling up the DagBag from /home/airflow/.local/lib/python3.12/site-packages/airflow/example_dags/example_nested_branch_dag.py
[2024-12-14T19:43:09.798+0000] {processor.py:925} INFO - DAG(s) 'example_nested_branch_dag' retrieved from /home/airflow/.local/lib/python3.12/site-packages/airflow/example_dags/example_nested_branch_dag.py
[2024-12-14T19:43:09.819+0000] {logging_mixin.py:190} INFO - [2024-12-14T19:43:09.819+0000] {dag.py:3239} INFO - Sync 1 DAGs
[2024-12-14T19:43:09.844+0000] {logging_mixin.py:190} INFO - [2024-12-14T19:43:09.843+0000] {dag.py:4180} INFO - Setting next_dagrun for example_nested_branch_dag to 2024-12-13 00:00:00+00:00, run_after=2024-12-14 00:00:00+00:00
[2024-12-14T19:43:09.860+0000] {processor.py:208} INFO - Processing /home/airflow/.local/lib/python3.12/site-packages/airflow/example_dags/example_nested_branch_dag.py took 0.078 seconds
[2024-12-14T19:43:40.844+0000] {processor.py:186} INFO - Started process (PID=1019) to work on /home/airflow/.local/lib/python3.12/site-packages/airflow/example_dags/example_nested_branch_dag.py
[2024-12-14T19:43:40.846+0000] {processor.py:914} INFO - Processing file /home/airflow/.local/lib/python3.12/site-packages/airflow/example_dags/example_nested_branch_dag.py for tasks to queue
[2024-12-14T19:43:40.847+0000] {logging_mixin.py:190} INFO - [2024-12-14T19:43:40.847+0000] {dagbag.py:588} INFO - Filling up the DagBag from /home/airflow/.local/lib/python3.12/site-packages/airflow/example_dags/example_nested_branch_dag.py
[2024-12-14T19:43:40.857+0000] {processor.py:925} INFO - DAG(s) 'example_nested_branch_dag' retrieved from /home/airflow/.local/lib/python3.12/site-packages/airflow/example_dags/example_nested_branch_dag.py
[2024-12-14T19:43:40.876+0000] {logging_mixin.py:190} INFO - [2024-12-14T19:43:40.876+0000] {dag.py:3239} INFO - Sync 1 DAGs
[2024-12-14T19:43:40.901+0000] {logging_mixin.py:190} INFO - [2024-12-14T19:43:40.901+0000] {dag.py:4180} INFO - Setting next_dagrun for example_nested_branch_dag to 2024-12-13 00:00:00+00:00, run_after=2024-12-14 00:00:00+00:00
[2024-12-14T19:43:40.916+0000] {processor.py:208} INFO - Processing /home/airflow/.local/lib/python3.12/site-packages/airflow/example_dags/example_nested_branch_dag.py took 0.077 seconds
[2024-12-14T19:44:11.160+0000] {processor.py:186} INFO - Started process (PID=1082) to work on /home/airflow/.local/lib/python3.12/site-packages/airflow/example_dags/example_nested_branch_dag.py
[2024-12-14T19:44:11.161+0000] {processor.py:914} INFO - Processing file /home/airflow/.local/lib/python3.12/site-packages/airflow/example_dags/example_nested_branch_dag.py for tasks to queue
[2024-12-14T19:44:11.163+0000] {logging_mixin.py:190} INFO - [2024-12-14T19:44:11.162+0000] {dagbag.py:588} INFO - Filling up the DagBag from /home/airflow/.local/lib/python3.12/site-packages/airflow/example_dags/example_nested_branch_dag.py
[2024-12-14T19:44:11.172+0000] {processor.py:925} INFO - DAG(s) 'example_nested_branch_dag' retrieved from /home/airflow/.local/lib/python3.12/site-packages/airflow/example_dags/example_nested_branch_dag.py
[2024-12-14T19:44:11.192+0000] {logging_mixin.py:190} INFO - [2024-12-14T19:44:11.192+0000] {dag.py:3239} INFO - Sync 1 DAGs
[2024-12-14T19:44:11.219+0000] {logging_mixin.py:190} INFO - [2024-12-14T19:44:11.219+0000] {dag.py:4180} INFO - Setting next_dagrun for example_nested_branch_dag to 2024-12-13 00:00:00+00:00, run_after=2024-12-14 00:00:00+00:00
[2024-12-14T19:44:11.236+0000] {processor.py:208} INFO - Processing /home/airflow/.local/lib/python3.12/site-packages/airflow/example_dags/example_nested_branch_dag.py took 0.081 seconds
[2024-12-14T19:44:42.743+0000] {processor.py:186} INFO - Started process (PID=1145) to work on /home/airflow/.local/lib/python3.12/site-packages/airflow/example_dags/example_nested_branch_dag.py
[2024-12-14T19:44:42.745+0000] {processor.py:914} INFO - Processing file /home/airflow/.local/lib/python3.12/site-packages/airflow/example_dags/example_nested_branch_dag.py for tasks to queue
[2024-12-14T19:44:42.746+0000] {logging_mixin.py:190} INFO - [2024-12-14T19:44:42.746+0000] {dagbag.py:588} INFO - Filling up the DagBag from /home/airflow/.local/lib/python3.12/site-packages/airflow/example_dags/example_nested_branch_dag.py
[2024-12-14T19:44:42.756+0000] {processor.py:925} INFO - DAG(s) 'example_nested_branch_dag' retrieved from /home/airflow/.local/lib/python3.12/site-packages/airflow/example_dags/example_nested_branch_dag.py
[2024-12-14T19:44:42.776+0000] {logging_mixin.py:190} INFO - [2024-12-14T19:44:42.776+0000] {dag.py:3239} INFO - Sync 1 DAGs
[2024-12-14T19:44:42.801+0000] {logging_mixin.py:190} INFO - [2024-12-14T19:44:42.801+0000] {dag.py:4180} INFO - Setting next_dagrun for example_nested_branch_dag to 2024-12-13 00:00:00+00:00, run_after=2024-12-14 00:00:00+00:00
[2024-12-14T19:44:42.816+0000] {processor.py:208} INFO - Processing /home/airflow/.local/lib/python3.12/site-packages/airflow/example_dags/example_nested_branch_dag.py took 0.078 seconds
[2024-12-14T19:45:14.457+0000] {processor.py:186} INFO - Started process (PID=1208) to work on /home/airflow/.local/lib/python3.12/site-packages/airflow/example_dags/example_nested_branch_dag.py
[2024-12-14T19:45:14.458+0000] {processor.py:914} INFO - Processing file /home/airflow/.local/lib/python3.12/site-packages/airflow/example_dags/example_nested_branch_dag.py for tasks to queue
[2024-12-14T19:45:14.460+0000] {logging_mixin.py:190} INFO - [2024-12-14T19:45:14.460+0000] {dagbag.py:588} INFO - Filling up the DagBag from /home/airflow/.local/lib/python3.12/site-packages/airflow/example_dags/example_nested_branch_dag.py
[2024-12-14T19:45:14.471+0000] {processor.py:925} INFO - DAG(s) 'example_nested_branch_dag' retrieved from /home/airflow/.local/lib/python3.12/site-packages/airflow/example_dags/example_nested_branch_dag.py
[2024-12-14T19:45:14.492+0000] {logging_mixin.py:190} INFO - [2024-12-14T19:45:14.492+0000] {dag.py:3239} INFO - Sync 1 DAGs
[2024-12-14T19:45:14.514+0000] {logging_mixin.py:190} INFO - [2024-12-14T19:45:14.514+0000] {dag.py:4180} INFO - Setting next_dagrun for example_nested_branch_dag to 2024-12-13 00:00:00+00:00, run_after=2024-12-14 00:00:00+00:00
[2024-12-14T19:45:14.530+0000] {processor.py:208} INFO - Processing /home/airflow/.local/lib/python3.12/site-packages/airflow/example_dags/example_nested_branch_dag.py took 0.079 seconds
[2024-12-14T19:45:45.375+0000] {processor.py:186} INFO - Started process (PID=1271) to work on /home/airflow/.local/lib/python3.12/site-packages/airflow/example_dags/example_nested_branch_dag.py
[2024-12-14T19:45:45.377+0000] {processor.py:914} INFO - Processing file /home/airflow/.local/lib/python3.12/site-packages/airflow/example_dags/example_nested_branch_dag.py for tasks to queue
[2024-12-14T19:45:45.379+0000] {logging_mixin.py:190} INFO - [2024-12-14T19:45:45.378+0000] {dagbag.py:588} INFO - Filling up the DagBag from /home/airflow/.local/lib/python3.12/site-packages/airflow/example_dags/example_nested_branch_dag.py
[2024-12-14T19:45:45.389+0000] {processor.py:925} INFO - DAG(s) 'example_nested_branch_dag' retrieved from /home/airflow/.local/lib/python3.12/site-packages/airflow/example_dags/example_nested_branch_dag.py
[2024-12-14T19:45:45.406+0000] {logging_mixin.py:190} INFO - [2024-12-14T19:45:45.406+0000] {dag.py:3239} INFO - Sync 1 DAGs
[2024-12-14T19:45:45.429+0000] {logging_mixin.py:190} INFO - [2024-12-14T19:45:45.429+0000] {dag.py:4180} INFO - Setting next_dagrun for example_nested_branch_dag to 2024-12-13 00:00:00+00:00, run_after=2024-12-14 00:00:00+00:00
[2024-12-14T19:45:45.446+0000] {processor.py:208} INFO - Processing /home/airflow/.local/lib/python3.12/site-packages/airflow/example_dags/example_nested_branch_dag.py took 0.076 seconds
