[2024-12-14T19:28:33.294+0000] {processor.py:186} INFO - Started process (PID=78) to work on /home/airflow/.local/lib/python3.12/site-packages/airflow/example_dags/example_params_trigger_ui.py
[2024-12-14T19:28:33.295+0000] {processor.py:914} INFO - Processing file /home/airflow/.local/lib/python3.12/site-packages/airflow/example_dags/example_params_trigger_ui.py for tasks to queue
[2024-12-14T19:28:33.297+0000] {logging_mixin.py:190} INFO - [2024-12-14T19:28:33.297+0000] {dagbag.py:588} INFO - Filling up the DagBag from /home/airflow/.local/lib/python3.12/site-packages/airflow/example_dags/example_params_trigger_ui.py
[2024-12-14T19:28:33.311+0000] {processor.py:925} INFO - DAG(s) 'example_params_trigger_ui' retrieved from /home/airflow/.local/lib/python3.12/site-packages/airflow/example_dags/example_params_trigger_ui.py
[2024-12-14T19:28:33.446+0000] {logging_mixin.py:190} INFO - [2024-12-14T19:28:33.446+0000] {override.py:1911} INFO - Created Permission View: can edit on DAG:example_params_trigger_ui
[2024-12-14T19:28:33.454+0000] {logging_mixin.py:190} INFO - [2024-12-14T19:28:33.454+0000] {override.py:1911} INFO - Created Permission View: can delete on DAG:example_params_trigger_ui
[2024-12-14T19:28:33.459+0000] {logging_mixin.py:190} INFO - [2024-12-14T19:28:33.459+0000] {override.py:1911} INFO - Created Permission View: can read on DAG:example_params_trigger_ui
[2024-12-14T19:28:33.464+0000] {logging_mixin.py:190} INFO - [2024-12-14T19:28:33.464+0000] {override.py:1911} INFO - Created Permission View: menu access on DAG Run:example_params_trigger_ui
[2024-12-14T19:28:33.469+0000] {logging_mixin.py:190} INFO - [2024-12-14T19:28:33.469+0000] {override.py:1911} INFO - Created Permission View: can delete on DAG Run:example_params_trigger_ui
[2024-12-14T19:28:33.474+0000] {logging_mixin.py:190} INFO - [2024-12-14T19:28:33.473+0000] {override.py:1911} INFO - Created Permission View: can create on DAG Run:example_params_trigger_ui
[2024-12-14T19:28:33.479+0000] {logging_mixin.py:190} INFO - [2024-12-14T19:28:33.479+0000] {override.py:1911} INFO - Created Permission View: can read on DAG Run:example_params_trigger_ui
[2024-12-14T19:28:33.479+0000] {logging_mixin.py:190} INFO - [2024-12-14T19:28:33.479+0000] {dag.py:3239} INFO - Sync 1 DAGs
[2024-12-14T19:28:33.492+0000] {logging_mixin.py:190} INFO - [2024-12-14T19:28:33.492+0000] {dag.py:3262} INFO - Creating ORM DAG for example_params_trigger_ui
[2024-12-14T19:28:33.493+0000] {logging_mixin.py:190} INFO - [2024-12-14T19:28:33.492+0000] {dag.py:4180} INFO - Setting next_dagrun for example_params_trigger_ui to None, run_after=None
[2024-12-14T19:28:33.506+0000] {processor.py:208} INFO - Processing /home/airflow/.local/lib/python3.12/site-packages/airflow/example_dags/example_params_trigger_ui.py took 0.218 seconds
[2024-12-14T19:29:03.590+0000] {processor.py:186} INFO - Started process (PID=141) to work on /home/airflow/.local/lib/python3.12/site-packages/airflow/example_dags/example_params_trigger_ui.py
[2024-12-14T19:29:03.607+0000] {processor.py:914} INFO - Processing file /home/airflow/.local/lib/python3.12/site-packages/airflow/example_dags/example_params_trigger_ui.py for tasks to queue
[2024-12-14T19:29:03.610+0000] {logging_mixin.py:190} INFO - [2024-12-14T19:29:03.609+0000] {dagbag.py:588} INFO - Filling up the DagBag from /home/airflow/.local/lib/python3.12/site-packages/airflow/example_dags/example_params_trigger_ui.py
[2024-12-14T19:29:03.651+0000] {processor.py:925} INFO - DAG(s) 'example_params_trigger_ui' retrieved from /home/airflow/.local/lib/python3.12/site-packages/airflow/example_dags/example_params_trigger_ui.py
[2024-12-14T19:29:03.707+0000] {logging_mixin.py:190} INFO - [2024-12-14T19:29:03.707+0000] {dag.py:3239} INFO - Sync 1 DAGs
[2024-12-14T19:29:03.724+0000] {logging_mixin.py:190} INFO - [2024-12-14T19:29:03.724+0000] {dag.py:4180} INFO - Setting next_dagrun for example_params_trigger_ui to None, run_after=None
[2024-12-14T19:29:03.745+0000] {processor.py:208} INFO - Processing /home/airflow/.local/lib/python3.12/site-packages/airflow/example_dags/example_params_trigger_ui.py took 0.161 seconds
[2024-12-14T19:29:33.878+0000] {processor.py:186} INFO - Started process (PID=204) to work on /home/airflow/.local/lib/python3.12/site-packages/airflow/example_dags/example_params_trigger_ui.py
[2024-12-14T19:29:33.879+0000] {processor.py:914} INFO - Processing file /home/airflow/.local/lib/python3.12/site-packages/airflow/example_dags/example_params_trigger_ui.py for tasks to queue
[2024-12-14T19:29:33.881+0000] {logging_mixin.py:190} INFO - [2024-12-14T19:29:33.880+0000] {dagbag.py:588} INFO - Filling up the DagBag from /home/airflow/.local/lib/python3.12/site-packages/airflow/example_dags/example_params_trigger_ui.py
[2024-12-14T19:29:33.890+0000] {processor.py:925} INFO - DAG(s) 'example_params_trigger_ui' retrieved from /home/airflow/.local/lib/python3.12/site-packages/airflow/example_dags/example_params_trigger_ui.py
[2024-12-14T19:29:33.936+0000] {logging_mixin.py:190} INFO - [2024-12-14T19:29:33.936+0000] {dag.py:3239} INFO - Sync 1 DAGs
[2024-12-14T19:29:33.952+0000] {logging_mixin.py:190} INFO - [2024-12-14T19:29:33.952+0000] {dag.py:4180} INFO - Setting next_dagrun for example_params_trigger_ui to None, run_after=None
[2024-12-14T19:29:33.973+0000] {processor.py:208} INFO - Processing /home/airflow/.local/lib/python3.12/site-packages/airflow/example_dags/example_params_trigger_ui.py took 0.100 seconds
[2024-12-14T19:30:04.334+0000] {processor.py:186} INFO - Started process (PID=267) to work on /home/airflow/.local/lib/python3.12/site-packages/airflow/example_dags/example_params_trigger_ui.py
[2024-12-14T19:30:04.335+0000] {processor.py:914} INFO - Processing file /home/airflow/.local/lib/python3.12/site-packages/airflow/example_dags/example_params_trigger_ui.py for tasks to queue
[2024-12-14T19:30:04.336+0000] {logging_mixin.py:190} INFO - [2024-12-14T19:30:04.336+0000] {dagbag.py:588} INFO - Filling up the DagBag from /home/airflow/.local/lib/python3.12/site-packages/airflow/example_dags/example_params_trigger_ui.py
[2024-12-14T19:30:04.347+0000] {processor.py:925} INFO - DAG(s) 'example_params_trigger_ui' retrieved from /home/airflow/.local/lib/python3.12/site-packages/airflow/example_dags/example_params_trigger_ui.py
[2024-12-14T19:30:04.388+0000] {logging_mixin.py:190} INFO - [2024-12-14T19:30:04.388+0000] {dag.py:3239} INFO - Sync 1 DAGs
[2024-12-14T19:30:04.400+0000] {logging_mixin.py:190} INFO - [2024-12-14T19:30:04.400+0000] {dag.py:4180} INFO - Setting next_dagrun for example_params_trigger_ui to None, run_after=None
[2024-12-14T19:30:04.416+0000] {processor.py:208} INFO - Processing /home/airflow/.local/lib/python3.12/site-packages/airflow/example_dags/example_params_trigger_ui.py took 0.087 seconds
[2024-12-14T19:30:34.637+0000] {processor.py:186} INFO - Started process (PID=330) to work on /home/airflow/.local/lib/python3.12/site-packages/airflow/example_dags/example_params_trigger_ui.py
[2024-12-14T19:30:34.638+0000] {processor.py:914} INFO - Processing file /home/airflow/.local/lib/python3.12/site-packages/airflow/example_dags/example_params_trigger_ui.py for tasks to queue
[2024-12-14T19:30:34.639+0000] {logging_mixin.py:190} INFO - [2024-12-14T19:30:34.639+0000] {dagbag.py:588} INFO - Filling up the DagBag from /home/airflow/.local/lib/python3.12/site-packages/airflow/example_dags/example_params_trigger_ui.py
[2024-12-14T19:30:34.649+0000] {processor.py:925} INFO - DAG(s) 'example_params_trigger_ui' retrieved from /home/airflow/.local/lib/python3.12/site-packages/airflow/example_dags/example_params_trigger_ui.py
[2024-12-14T19:30:34.687+0000] {logging_mixin.py:190} INFO - [2024-12-14T19:30:34.687+0000] {dag.py:3239} INFO - Sync 1 DAGs
[2024-12-14T19:30:34.700+0000] {logging_mixin.py:190} INFO - [2024-12-14T19:30:34.699+0000] {dag.py:4180} INFO - Setting next_dagrun for example_params_trigger_ui to None, run_after=None
[2024-12-14T19:30:34.715+0000] {processor.py:208} INFO - Processing /home/airflow/.local/lib/python3.12/site-packages/airflow/example_dags/example_params_trigger_ui.py took 0.083 seconds
[2024-12-14T19:31:44.268+0000] {processor.py:186} INFO - Started process (PID=79) to work on /home/airflow/.local/lib/python3.12/site-packages/airflow/example_dags/example_params_trigger_ui.py
[2024-12-14T19:31:44.269+0000] {processor.py:914} INFO - Processing file /home/airflow/.local/lib/python3.12/site-packages/airflow/example_dags/example_params_trigger_ui.py for tasks to queue
[2024-12-14T19:31:44.271+0000] {logging_mixin.py:190} INFO - [2024-12-14T19:31:44.271+0000] {dagbag.py:588} INFO - Filling up the DagBag from /home/airflow/.local/lib/python3.12/site-packages/airflow/example_dags/example_params_trigger_ui.py
[2024-12-14T19:31:44.285+0000] {processor.py:925} INFO - DAG(s) 'example_params_trigger_ui' retrieved from /home/airflow/.local/lib/python3.12/site-packages/airflow/example_dags/example_params_trigger_ui.py
[2024-12-14T19:31:44.341+0000] {logging_mixin.py:190} INFO - [2024-12-14T19:31:44.340+0000] {dag.py:3239} INFO - Sync 1 DAGs
[2024-12-14T19:31:44.357+0000] {logging_mixin.py:190} INFO - [2024-12-14T19:31:44.357+0000] {dag.py:4180} INFO - Setting next_dagrun for example_params_trigger_ui to None, run_after=None
[2024-12-14T19:31:44.406+0000] {processor.py:208} INFO - Processing /home/airflow/.local/lib/python3.12/site-packages/airflow/example_dags/example_params_trigger_ui.py took 0.145 seconds
[2024-12-14T19:32:14.976+0000] {processor.py:186} INFO - Started process (PID=143) to work on /home/airflow/.local/lib/python3.12/site-packages/airflow/example_dags/example_params_trigger_ui.py
[2024-12-14T19:32:14.977+0000] {processor.py:914} INFO - Processing file /home/airflow/.local/lib/python3.12/site-packages/airflow/example_dags/example_params_trigger_ui.py for tasks to queue
[2024-12-14T19:32:14.978+0000] {logging_mixin.py:190} INFO - [2024-12-14T19:32:14.978+0000] {dagbag.py:588} INFO - Filling up the DagBag from /home/airflow/.local/lib/python3.12/site-packages/airflow/example_dags/example_params_trigger_ui.py
[2024-12-14T19:32:14.988+0000] {processor.py:925} INFO - DAG(s) 'example_params_trigger_ui' retrieved from /home/airflow/.local/lib/python3.12/site-packages/airflow/example_dags/example_params_trigger_ui.py
[2024-12-14T19:32:15.036+0000] {logging_mixin.py:190} INFO - [2024-12-14T19:32:15.036+0000] {dag.py:3239} INFO - Sync 1 DAGs
[2024-12-14T19:32:15.051+0000] {logging_mixin.py:190} INFO - [2024-12-14T19:32:15.051+0000] {dag.py:4180} INFO - Setting next_dagrun for example_params_trigger_ui to None, run_after=None
[2024-12-14T19:32:15.066+0000] {processor.py:208} INFO - Processing /home/airflow/.local/lib/python3.12/site-packages/airflow/example_dags/example_params_trigger_ui.py took 0.095 seconds
[2024-12-14T19:32:45.175+0000] {processor.py:186} INFO - Started process (PID=206) to work on /home/airflow/.local/lib/python3.12/site-packages/airflow/example_dags/example_params_trigger_ui.py
[2024-12-14T19:32:45.176+0000] {processor.py:914} INFO - Processing file /home/airflow/.local/lib/python3.12/site-packages/airflow/example_dags/example_params_trigger_ui.py for tasks to queue
[2024-12-14T19:32:45.178+0000] {logging_mixin.py:190} INFO - [2024-12-14T19:32:45.177+0000] {dagbag.py:588} INFO - Filling up the DagBag from /home/airflow/.local/lib/python3.12/site-packages/airflow/example_dags/example_params_trigger_ui.py
[2024-12-14T19:32:45.188+0000] {processor.py:925} INFO - DAG(s) 'example_params_trigger_ui' retrieved from /home/airflow/.local/lib/python3.12/site-packages/airflow/example_dags/example_params_trigger_ui.py
[2024-12-14T19:32:45.228+0000] {logging_mixin.py:190} INFO - [2024-12-14T19:32:45.228+0000] {dag.py:3239} INFO - Sync 1 DAGs
[2024-12-14T19:32:45.242+0000] {logging_mixin.py:190} INFO - [2024-12-14T19:32:45.242+0000] {dag.py:4180} INFO - Setting next_dagrun for example_params_trigger_ui to None, run_after=None
[2024-12-14T19:32:45.259+0000] {processor.py:208} INFO - Processing /home/airflow/.local/lib/python3.12/site-packages/airflow/example_dags/example_params_trigger_ui.py took 0.088 seconds
[2024-12-14T19:33:16.355+0000] {processor.py:186} INFO - Started process (PID=269) to work on /home/airflow/.local/lib/python3.12/site-packages/airflow/example_dags/example_params_trigger_ui.py
[2024-12-14T19:33:16.356+0000] {processor.py:914} INFO - Processing file /home/airflow/.local/lib/python3.12/site-packages/airflow/example_dags/example_params_trigger_ui.py for tasks to queue
[2024-12-14T19:33:16.358+0000] {logging_mixin.py:190} INFO - [2024-12-14T19:33:16.358+0000] {dagbag.py:588} INFO - Filling up the DagBag from /home/airflow/.local/lib/python3.12/site-packages/airflow/example_dags/example_params_trigger_ui.py
[2024-12-14T19:33:16.368+0000] {processor.py:925} INFO - DAG(s) 'example_params_trigger_ui' retrieved from /home/airflow/.local/lib/python3.12/site-packages/airflow/example_dags/example_params_trigger_ui.py
[2024-12-14T19:33:16.409+0000] {logging_mixin.py:190} INFO - [2024-12-14T19:33:16.408+0000] {dag.py:3239} INFO - Sync 1 DAGs
[2024-12-14T19:33:16.421+0000] {logging_mixin.py:190} INFO - [2024-12-14T19:33:16.421+0000] {dag.py:4180} INFO - Setting next_dagrun for example_params_trigger_ui to None, run_after=None
[2024-12-14T19:33:16.435+0000] {processor.py:208} INFO - Processing /home/airflow/.local/lib/python3.12/site-packages/airflow/example_dags/example_params_trigger_ui.py took 0.085 seconds
[2024-12-14T19:33:47.755+0000] {processor.py:186} INFO - Started process (PID=332) to work on /home/airflow/.local/lib/python3.12/site-packages/airflow/example_dags/example_params_trigger_ui.py
[2024-12-14T19:33:47.756+0000] {processor.py:914} INFO - Processing file /home/airflow/.local/lib/python3.12/site-packages/airflow/example_dags/example_params_trigger_ui.py for tasks to queue
[2024-12-14T19:33:47.758+0000] {logging_mixin.py:190} INFO - [2024-12-14T19:33:47.757+0000] {dagbag.py:588} INFO - Filling up the DagBag from /home/airflow/.local/lib/python3.12/site-packages/airflow/example_dags/example_params_trigger_ui.py
[2024-12-14T19:33:47.767+0000] {processor.py:925} INFO - DAG(s) 'example_params_trigger_ui' retrieved from /home/airflow/.local/lib/python3.12/site-packages/airflow/example_dags/example_params_trigger_ui.py
[2024-12-14T19:33:47.803+0000] {logging_mixin.py:190} INFO - [2024-12-14T19:33:47.803+0000] {dag.py:3239} INFO - Sync 1 DAGs
[2024-12-14T19:33:47.814+0000] {logging_mixin.py:190} INFO - [2024-12-14T19:33:47.814+0000] {dag.py:4180} INFO - Setting next_dagrun for example_params_trigger_ui to None, run_after=None
[2024-12-14T19:33:47.829+0000] {processor.py:208} INFO - Processing /home/airflow/.local/lib/python3.12/site-packages/airflow/example_dags/example_params_trigger_ui.py took 0.079 seconds
[2024-12-14T19:34:19.257+0000] {processor.py:186} INFO - Started process (PID=395) to work on /home/airflow/.local/lib/python3.12/site-packages/airflow/example_dags/example_params_trigger_ui.py
[2024-12-14T19:34:19.257+0000] {processor.py:914} INFO - Processing file /home/airflow/.local/lib/python3.12/site-packages/airflow/example_dags/example_params_trigger_ui.py for tasks to queue
[2024-12-14T19:34:19.259+0000] {logging_mixin.py:190} INFO - [2024-12-14T19:34:19.259+0000] {dagbag.py:588} INFO - Filling up the DagBag from /home/airflow/.local/lib/python3.12/site-packages/airflow/example_dags/example_params_trigger_ui.py
[2024-12-14T19:34:19.269+0000] {processor.py:925} INFO - DAG(s) 'example_params_trigger_ui' retrieved from /home/airflow/.local/lib/python3.12/site-packages/airflow/example_dags/example_params_trigger_ui.py
[2024-12-14T19:34:19.309+0000] {logging_mixin.py:190} INFO - [2024-12-14T19:34:19.309+0000] {dag.py:3239} INFO - Sync 1 DAGs
[2024-12-14T19:34:19.323+0000] {logging_mixin.py:190} INFO - [2024-12-14T19:34:19.323+0000] {dag.py:4180} INFO - Setting next_dagrun for example_params_trigger_ui to None, run_after=None
[2024-12-14T19:34:19.339+0000] {processor.py:208} INFO - Processing /home/airflow/.local/lib/python3.12/site-packages/airflow/example_dags/example_params_trigger_ui.py took 0.087 seconds
[2024-12-14T19:34:50.403+0000] {processor.py:186} INFO - Started process (PID=458) to work on /home/airflow/.local/lib/python3.12/site-packages/airflow/example_dags/example_params_trigger_ui.py
[2024-12-14T19:34:50.404+0000] {processor.py:914} INFO - Processing file /home/airflow/.local/lib/python3.12/site-packages/airflow/example_dags/example_params_trigger_ui.py for tasks to queue
[2024-12-14T19:34:50.406+0000] {logging_mixin.py:190} INFO - [2024-12-14T19:34:50.405+0000] {dagbag.py:588} INFO - Filling up the DagBag from /home/airflow/.local/lib/python3.12/site-packages/airflow/example_dags/example_params_trigger_ui.py
[2024-12-14T19:34:50.414+0000] {processor.py:925} INFO - DAG(s) 'example_params_trigger_ui' retrieved from /home/airflow/.local/lib/python3.12/site-packages/airflow/example_dags/example_params_trigger_ui.py
[2024-12-14T19:34:50.454+0000] {logging_mixin.py:190} INFO - [2024-12-14T19:34:50.454+0000] {dag.py:3239} INFO - Sync 1 DAGs
[2024-12-14T19:34:50.469+0000] {logging_mixin.py:190} INFO - [2024-12-14T19:34:50.469+0000] {dag.py:4180} INFO - Setting next_dagrun for example_params_trigger_ui to None, run_after=None
[2024-12-14T19:34:50.485+0000] {processor.py:208} INFO - Processing /home/airflow/.local/lib/python3.12/site-packages/airflow/example_dags/example_params_trigger_ui.py took 0.087 seconds
[2024-12-14T19:35:54.507+0000] {processor.py:186} INFO - Started process (PID=72) to work on /home/airflow/.local/lib/python3.12/site-packages/airflow/example_dags/example_params_trigger_ui.py
[2024-12-14T19:35:54.508+0000] {processor.py:914} INFO - Processing file /home/airflow/.local/lib/python3.12/site-packages/airflow/example_dags/example_params_trigger_ui.py for tasks to queue
[2024-12-14T19:35:54.510+0000] {logging_mixin.py:190} INFO - [2024-12-14T19:35:54.509+0000] {dagbag.py:588} INFO - Filling up the DagBag from /home/airflow/.local/lib/python3.12/site-packages/airflow/example_dags/example_params_trigger_ui.py
[2024-12-14T19:35:54.520+0000] {processor.py:925} INFO - DAG(s) 'example_params_trigger_ui' retrieved from /home/airflow/.local/lib/python3.12/site-packages/airflow/example_dags/example_params_trigger_ui.py
[2024-12-14T19:35:54.567+0000] {logging_mixin.py:190} INFO - [2024-12-14T19:35:54.567+0000] {dag.py:3239} INFO - Sync 1 DAGs
[2024-12-14T19:35:54.581+0000] {logging_mixin.py:190} INFO - [2024-12-14T19:35:54.580+0000] {dag.py:4180} INFO - Setting next_dagrun for example_params_trigger_ui to None, run_after=None
[2024-12-14T19:35:54.596+0000] {processor.py:208} INFO - Processing /home/airflow/.local/lib/python3.12/site-packages/airflow/example_dags/example_params_trigger_ui.py took 0.094 seconds
[2024-12-14T19:36:25.537+0000] {processor.py:186} INFO - Started process (PID=135) to work on /home/airflow/.local/lib/python3.12/site-packages/airflow/example_dags/example_params_trigger_ui.py
[2024-12-14T19:36:25.538+0000] {processor.py:914} INFO - Processing file /home/airflow/.local/lib/python3.12/site-packages/airflow/example_dags/example_params_trigger_ui.py for tasks to queue
[2024-12-14T19:36:25.540+0000] {logging_mixin.py:190} INFO - [2024-12-14T19:36:25.539+0000] {dagbag.py:588} INFO - Filling up the DagBag from /home/airflow/.local/lib/python3.12/site-packages/airflow/example_dags/example_params_trigger_ui.py
[2024-12-14T19:36:25.549+0000] {processor.py:925} INFO - DAG(s) 'example_params_trigger_ui' retrieved from /home/airflow/.local/lib/python3.12/site-packages/airflow/example_dags/example_params_trigger_ui.py
[2024-12-14T19:36:25.592+0000] {logging_mixin.py:190} INFO - [2024-12-14T19:36:25.591+0000] {dag.py:3239} INFO - Sync 1 DAGs
[2024-12-14T19:36:25.604+0000] {logging_mixin.py:190} INFO - [2024-12-14T19:36:25.604+0000] {dag.py:4180} INFO - Setting next_dagrun for example_params_trigger_ui to None, run_after=None
[2024-12-14T19:36:25.620+0000] {processor.py:208} INFO - Processing /home/airflow/.local/lib/python3.12/site-packages/airflow/example_dags/example_params_trigger_ui.py took 0.087 seconds
[2024-12-14T19:36:56.565+0000] {processor.py:186} INFO - Started process (PID=198) to work on /home/airflow/.local/lib/python3.12/site-packages/airflow/example_dags/example_params_trigger_ui.py
[2024-12-14T19:36:56.566+0000] {processor.py:914} INFO - Processing file /home/airflow/.local/lib/python3.12/site-packages/airflow/example_dags/example_params_trigger_ui.py for tasks to queue
[2024-12-14T19:36:56.567+0000] {logging_mixin.py:190} INFO - [2024-12-14T19:36:56.567+0000] {dagbag.py:588} INFO - Filling up the DagBag from /home/airflow/.local/lib/python3.12/site-packages/airflow/example_dags/example_params_trigger_ui.py
[2024-12-14T19:36:56.577+0000] {processor.py:925} INFO - DAG(s) 'example_params_trigger_ui' retrieved from /home/airflow/.local/lib/python3.12/site-packages/airflow/example_dags/example_params_trigger_ui.py
[2024-12-14T19:36:56.618+0000] {logging_mixin.py:190} INFO - [2024-12-14T19:36:56.618+0000] {dag.py:3239} INFO - Sync 1 DAGs
[2024-12-14T19:36:56.632+0000] {logging_mixin.py:190} INFO - [2024-12-14T19:36:56.631+0000] {dag.py:4180} INFO - Setting next_dagrun for example_params_trigger_ui to None, run_after=None
[2024-12-14T19:36:56.647+0000] {processor.py:208} INFO - Processing /home/airflow/.local/lib/python3.12/site-packages/airflow/example_dags/example_params_trigger_ui.py took 0.087 seconds
[2024-12-14T19:37:27.573+0000] {processor.py:186} INFO - Started process (PID=261) to work on /home/airflow/.local/lib/python3.12/site-packages/airflow/example_dags/example_params_trigger_ui.py
[2024-12-14T19:37:27.574+0000] {processor.py:914} INFO - Processing file /home/airflow/.local/lib/python3.12/site-packages/airflow/example_dags/example_params_trigger_ui.py for tasks to queue
[2024-12-14T19:37:27.575+0000] {logging_mixin.py:190} INFO - [2024-12-14T19:37:27.575+0000] {dagbag.py:588} INFO - Filling up the DagBag from /home/airflow/.local/lib/python3.12/site-packages/airflow/example_dags/example_params_trigger_ui.py
[2024-12-14T19:37:27.586+0000] {processor.py:925} INFO - DAG(s) 'example_params_trigger_ui' retrieved from /home/airflow/.local/lib/python3.12/site-packages/airflow/example_dags/example_params_trigger_ui.py
[2024-12-14T19:37:27.631+0000] {logging_mixin.py:190} INFO - [2024-12-14T19:37:27.631+0000] {dag.py:3239} INFO - Sync 1 DAGs
[2024-12-14T19:37:27.646+0000] {logging_mixin.py:190} INFO - [2024-12-14T19:37:27.646+0000] {dag.py:4180} INFO - Setting next_dagrun for example_params_trigger_ui to None, run_after=None
[2024-12-14T19:37:27.667+0000] {processor.py:208} INFO - Processing /home/airflow/.local/lib/python3.12/site-packages/airflow/example_dags/example_params_trigger_ui.py took 0.100 seconds
[2024-12-14T19:37:58.534+0000] {processor.py:186} INFO - Started process (PID=324) to work on /home/airflow/.local/lib/python3.12/site-packages/airflow/example_dags/example_params_trigger_ui.py
[2024-12-14T19:37:58.535+0000] {processor.py:914} INFO - Processing file /home/airflow/.local/lib/python3.12/site-packages/airflow/example_dags/example_params_trigger_ui.py for tasks to queue
[2024-12-14T19:37:58.537+0000] {logging_mixin.py:190} INFO - [2024-12-14T19:37:58.536+0000] {dagbag.py:588} INFO - Filling up the DagBag from /home/airflow/.local/lib/python3.12/site-packages/airflow/example_dags/example_params_trigger_ui.py
[2024-12-14T19:37:58.547+0000] {processor.py:925} INFO - DAG(s) 'example_params_trigger_ui' retrieved from /home/airflow/.local/lib/python3.12/site-packages/airflow/example_dags/example_params_trigger_ui.py
[2024-12-14T19:37:58.595+0000] {logging_mixin.py:190} INFO - [2024-12-14T19:37:58.595+0000] {dag.py:3239} INFO - Sync 1 DAGs
[2024-12-14T19:37:58.608+0000] {logging_mixin.py:190} INFO - [2024-12-14T19:37:58.608+0000] {dag.py:4180} INFO - Setting next_dagrun for example_params_trigger_ui to None, run_after=None
[2024-12-14T19:37:58.625+0000] {processor.py:208} INFO - Processing /home/airflow/.local/lib/python3.12/site-packages/airflow/example_dags/example_params_trigger_ui.py took 0.096 seconds
[2024-12-14T19:38:29.594+0000] {processor.py:186} INFO - Started process (PID=387) to work on /home/airflow/.local/lib/python3.12/site-packages/airflow/example_dags/example_params_trigger_ui.py
[2024-12-14T19:38:29.595+0000] {processor.py:914} INFO - Processing file /home/airflow/.local/lib/python3.12/site-packages/airflow/example_dags/example_params_trigger_ui.py for tasks to queue
[2024-12-14T19:38:29.597+0000] {logging_mixin.py:190} INFO - [2024-12-14T19:38:29.596+0000] {dagbag.py:588} INFO - Filling up the DagBag from /home/airflow/.local/lib/python3.12/site-packages/airflow/example_dags/example_params_trigger_ui.py
[2024-12-14T19:38:29.607+0000] {processor.py:925} INFO - DAG(s) 'example_params_trigger_ui' retrieved from /home/airflow/.local/lib/python3.12/site-packages/airflow/example_dags/example_params_trigger_ui.py
[2024-12-14T19:38:29.659+0000] {logging_mixin.py:190} INFO - [2024-12-14T19:38:29.659+0000] {dag.py:3239} INFO - Sync 1 DAGs
[2024-12-14T19:38:29.673+0000] {logging_mixin.py:190} INFO - [2024-12-14T19:38:29.673+0000] {dag.py:4180} INFO - Setting next_dagrun for example_params_trigger_ui to None, run_after=None
[2024-12-14T19:38:29.689+0000] {processor.py:208} INFO - Processing /home/airflow/.local/lib/python3.12/site-packages/airflow/example_dags/example_params_trigger_ui.py took 0.100 seconds
[2024-12-14T19:39:00.878+0000] {processor.py:186} INFO - Started process (PID=450) to work on /home/airflow/.local/lib/python3.12/site-packages/airflow/example_dags/example_params_trigger_ui.py
[2024-12-14T19:39:00.879+0000] {processor.py:914} INFO - Processing file /home/airflow/.local/lib/python3.12/site-packages/airflow/example_dags/example_params_trigger_ui.py for tasks to queue
[2024-12-14T19:39:00.881+0000] {logging_mixin.py:190} INFO - [2024-12-14T19:39:00.881+0000] {dagbag.py:588} INFO - Filling up the DagBag from /home/airflow/.local/lib/python3.12/site-packages/airflow/example_dags/example_params_trigger_ui.py
[2024-12-14T19:39:00.893+0000] {processor.py:925} INFO - DAG(s) 'example_params_trigger_ui' retrieved from /home/airflow/.local/lib/python3.12/site-packages/airflow/example_dags/example_params_trigger_ui.py
[2024-12-14T19:39:00.932+0000] {logging_mixin.py:190} INFO - [2024-12-14T19:39:00.932+0000] {dag.py:3239} INFO - Sync 1 DAGs
[2024-12-14T19:39:00.946+0000] {logging_mixin.py:190} INFO - [2024-12-14T19:39:00.946+0000] {dag.py:4180} INFO - Setting next_dagrun for example_params_trigger_ui to None, run_after=None
[2024-12-14T19:39:00.962+0000] {processor.py:208} INFO - Processing /home/airflow/.local/lib/python3.12/site-packages/airflow/example_dags/example_params_trigger_ui.py took 0.090 seconds
[2024-12-14T19:39:32.284+0000] {processor.py:186} INFO - Started process (PID=513) to work on /home/airflow/.local/lib/python3.12/site-packages/airflow/example_dags/example_params_trigger_ui.py
[2024-12-14T19:39:32.284+0000] {processor.py:914} INFO - Processing file /home/airflow/.local/lib/python3.12/site-packages/airflow/example_dags/example_params_trigger_ui.py for tasks to queue
[2024-12-14T19:39:32.286+0000] {logging_mixin.py:190} INFO - [2024-12-14T19:39:32.286+0000] {dagbag.py:588} INFO - Filling up the DagBag from /home/airflow/.local/lib/python3.12/site-packages/airflow/example_dags/example_params_trigger_ui.py
[2024-12-14T19:39:32.295+0000] {processor.py:925} INFO - DAG(s) 'example_params_trigger_ui' retrieved from /home/airflow/.local/lib/python3.12/site-packages/airflow/example_dags/example_params_trigger_ui.py
[2024-12-14T19:39:32.337+0000] {logging_mixin.py:190} INFO - [2024-12-14T19:39:32.337+0000] {dag.py:3239} INFO - Sync 1 DAGs
[2024-12-14T19:39:32.350+0000] {logging_mixin.py:190} INFO - [2024-12-14T19:39:32.349+0000] {dag.py:4180} INFO - Setting next_dagrun for example_params_trigger_ui to None, run_after=None
[2024-12-14T19:39:32.368+0000] {processor.py:208} INFO - Processing /home/airflow/.local/lib/python3.12/site-packages/airflow/example_dags/example_params_trigger_ui.py took 0.089 seconds
[2024-12-14T19:40:03.829+0000] {processor.py:186} INFO - Started process (PID=583) to work on /home/airflow/.local/lib/python3.12/site-packages/airflow/example_dags/example_params_trigger_ui.py
[2024-12-14T19:40:03.830+0000] {processor.py:914} INFO - Processing file /home/airflow/.local/lib/python3.12/site-packages/airflow/example_dags/example_params_trigger_ui.py for tasks to queue
[2024-12-14T19:40:03.837+0000] {logging_mixin.py:190} INFO - [2024-12-14T19:40:03.837+0000] {dagbag.py:588} INFO - Filling up the DagBag from /home/airflow/.local/lib/python3.12/site-packages/airflow/example_dags/example_params_trigger_ui.py
[2024-12-14T19:40:03.860+0000] {processor.py:925} INFO - DAG(s) 'example_params_trigger_ui' retrieved from /home/airflow/.local/lib/python3.12/site-packages/airflow/example_dags/example_params_trigger_ui.py
[2024-12-14T19:40:03.922+0000] {logging_mixin.py:190} INFO - [2024-12-14T19:40:03.922+0000] {dag.py:3239} INFO - Sync 1 DAGs
[2024-12-14T19:40:03.939+0000] {logging_mixin.py:190} INFO - [2024-12-14T19:40:03.939+0000] {dag.py:4180} INFO - Setting next_dagrun for example_params_trigger_ui to None, run_after=None
[2024-12-14T19:40:03.962+0000] {processor.py:208} INFO - Processing /home/airflow/.local/lib/python3.12/site-packages/airflow/example_dags/example_params_trigger_ui.py took 0.145 seconds
[2024-12-14T19:40:34.618+0000] {processor.py:186} INFO - Started process (PID=646) to work on /home/airflow/.local/lib/python3.12/site-packages/airflow/example_dags/example_params_trigger_ui.py
[2024-12-14T19:40:34.619+0000] {processor.py:914} INFO - Processing file /home/airflow/.local/lib/python3.12/site-packages/airflow/example_dags/example_params_trigger_ui.py for tasks to queue
[2024-12-14T19:40:34.620+0000] {logging_mixin.py:190} INFO - [2024-12-14T19:40:34.620+0000] {dagbag.py:588} INFO - Filling up the DagBag from /home/airflow/.local/lib/python3.12/site-packages/airflow/example_dags/example_params_trigger_ui.py
[2024-12-14T19:40:34.629+0000] {processor.py:925} INFO - DAG(s) 'example_params_trigger_ui' retrieved from /home/airflow/.local/lib/python3.12/site-packages/airflow/example_dags/example_params_trigger_ui.py
[2024-12-14T19:40:34.668+0000] {logging_mixin.py:190} INFO - [2024-12-14T19:40:34.668+0000] {dag.py:3239} INFO - Sync 1 DAGs
[2024-12-14T19:40:34.682+0000] {logging_mixin.py:190} INFO - [2024-12-14T19:40:34.682+0000] {dag.py:4180} INFO - Setting next_dagrun for example_params_trigger_ui to None, run_after=None
[2024-12-14T19:40:34.697+0000] {processor.py:208} INFO - Processing /home/airflow/.local/lib/python3.12/site-packages/airflow/example_dags/example_params_trigger_ui.py took 0.084 seconds
[2024-12-14T19:41:05.403+0000] {processor.py:186} INFO - Started process (PID=709) to work on /home/airflow/.local/lib/python3.12/site-packages/airflow/example_dags/example_params_trigger_ui.py
[2024-12-14T19:41:05.404+0000] {processor.py:914} INFO - Processing file /home/airflow/.local/lib/python3.12/site-packages/airflow/example_dags/example_params_trigger_ui.py for tasks to queue
[2024-12-14T19:41:05.405+0000] {logging_mixin.py:190} INFO - [2024-12-14T19:41:05.405+0000] {dagbag.py:588} INFO - Filling up the DagBag from /home/airflow/.local/lib/python3.12/site-packages/airflow/example_dags/example_params_trigger_ui.py
[2024-12-14T19:41:05.414+0000] {processor.py:925} INFO - DAG(s) 'example_params_trigger_ui' retrieved from /home/airflow/.local/lib/python3.12/site-packages/airflow/example_dags/example_params_trigger_ui.py
[2024-12-14T19:41:05.451+0000] {logging_mixin.py:190} INFO - [2024-12-14T19:41:05.451+0000] {dag.py:3239} INFO - Sync 1 DAGs
[2024-12-14T19:41:05.465+0000] {logging_mixin.py:190} INFO - [2024-12-14T19:41:05.465+0000] {dag.py:4180} INFO - Setting next_dagrun for example_params_trigger_ui to None, run_after=None
[2024-12-14T19:41:05.481+0000] {processor.py:208} INFO - Processing /home/airflow/.local/lib/python3.12/site-packages/airflow/example_dags/example_params_trigger_ui.py took 0.083 seconds
[2024-12-14T19:41:36.690+0000] {processor.py:186} INFO - Started process (PID=772) to work on /home/airflow/.local/lib/python3.12/site-packages/airflow/example_dags/example_params_trigger_ui.py
[2024-12-14T19:41:36.691+0000] {processor.py:914} INFO - Processing file /home/airflow/.local/lib/python3.12/site-packages/airflow/example_dags/example_params_trigger_ui.py for tasks to queue
[2024-12-14T19:41:36.693+0000] {logging_mixin.py:190} INFO - [2024-12-14T19:41:36.692+0000] {dagbag.py:588} INFO - Filling up the DagBag from /home/airflow/.local/lib/python3.12/site-packages/airflow/example_dags/example_params_trigger_ui.py
[2024-12-14T19:41:36.702+0000] {processor.py:925} INFO - DAG(s) 'example_params_trigger_ui' retrieved from /home/airflow/.local/lib/python3.12/site-packages/airflow/example_dags/example_params_trigger_ui.py
[2024-12-14T19:41:36.749+0000] {logging_mixin.py:190} INFO - [2024-12-14T19:41:36.749+0000] {dag.py:3239} INFO - Sync 1 DAGs
[2024-12-14T19:41:36.762+0000] {logging_mixin.py:190} INFO - [2024-12-14T19:41:36.761+0000] {dag.py:4180} INFO - Setting next_dagrun for example_params_trigger_ui to None, run_after=None
[2024-12-14T19:41:36.776+0000] {processor.py:208} INFO - Processing /home/airflow/.local/lib/python3.12/site-packages/airflow/example_dags/example_params_trigger_ui.py took 0.091 seconds
[2024-12-14T19:42:08.434+0000] {processor.py:186} INFO - Started process (PID=834) to work on /home/airflow/.local/lib/python3.12/site-packages/airflow/example_dags/example_params_trigger_ui.py
[2024-12-14T19:42:08.435+0000] {processor.py:914} INFO - Processing file /home/airflow/.local/lib/python3.12/site-packages/airflow/example_dags/example_params_trigger_ui.py for tasks to queue
[2024-12-14T19:42:08.436+0000] {logging_mixin.py:190} INFO - [2024-12-14T19:42:08.436+0000] {dagbag.py:588} INFO - Filling up the DagBag from /home/airflow/.local/lib/python3.12/site-packages/airflow/example_dags/example_params_trigger_ui.py
[2024-12-14T19:42:08.445+0000] {processor.py:925} INFO - DAG(s) 'example_params_trigger_ui' retrieved from /home/airflow/.local/lib/python3.12/site-packages/airflow/example_dags/example_params_trigger_ui.py
[2024-12-14T19:42:08.487+0000] {logging_mixin.py:190} INFO - [2024-12-14T19:42:08.487+0000] {dag.py:3239} INFO - Sync 1 DAGs
[2024-12-14T19:42:08.503+0000] {logging_mixin.py:190} INFO - [2024-12-14T19:42:08.503+0000] {dag.py:4180} INFO - Setting next_dagrun for example_params_trigger_ui to None, run_after=None
[2024-12-14T19:42:08.520+0000] {processor.py:208} INFO - Processing /home/airflow/.local/lib/python3.12/site-packages/airflow/example_dags/example_params_trigger_ui.py took 0.091 seconds
[2024-12-14T19:42:39.824+0000] {processor.py:186} INFO - Started process (PID=897) to work on /home/airflow/.local/lib/python3.12/site-packages/airflow/example_dags/example_params_trigger_ui.py
[2024-12-14T19:42:39.825+0000] {processor.py:914} INFO - Processing file /home/airflow/.local/lib/python3.12/site-packages/airflow/example_dags/example_params_trigger_ui.py for tasks to queue
[2024-12-14T19:42:39.827+0000] {logging_mixin.py:190} INFO - [2024-12-14T19:42:39.826+0000] {dagbag.py:588} INFO - Filling up the DagBag from /home/airflow/.local/lib/python3.12/site-packages/airflow/example_dags/example_params_trigger_ui.py
[2024-12-14T19:42:39.838+0000] {processor.py:925} INFO - DAG(s) 'example_params_trigger_ui' retrieved from /home/airflow/.local/lib/python3.12/site-packages/airflow/example_dags/example_params_trigger_ui.py
[2024-12-14T19:42:39.888+0000] {logging_mixin.py:190} INFO - [2024-12-14T19:42:39.888+0000] {dag.py:3239} INFO - Sync 1 DAGs
[2024-12-14T19:42:39.903+0000] {logging_mixin.py:190} INFO - [2024-12-14T19:42:39.903+0000] {dag.py:4180} INFO - Setting next_dagrun for example_params_trigger_ui to None, run_after=None
[2024-12-14T19:42:39.920+0000] {processor.py:208} INFO - Processing /home/airflow/.local/lib/python3.12/site-packages/airflow/example_dags/example_params_trigger_ui.py took 0.102 seconds
[2024-12-14T19:43:09.985+0000] {processor.py:186} INFO - Started process (PID=960) to work on /home/airflow/.local/lib/python3.12/site-packages/airflow/example_dags/example_params_trigger_ui.py
[2024-12-14T19:43:09.986+0000] {processor.py:914} INFO - Processing file /home/airflow/.local/lib/python3.12/site-packages/airflow/example_dags/example_params_trigger_ui.py for tasks to queue
[2024-12-14T19:43:09.988+0000] {logging_mixin.py:190} INFO - [2024-12-14T19:43:09.988+0000] {dagbag.py:588} INFO - Filling up the DagBag from /home/airflow/.local/lib/python3.12/site-packages/airflow/example_dags/example_params_trigger_ui.py
[2024-12-14T19:43:10.000+0000] {processor.py:925} INFO - DAG(s) 'example_params_trigger_ui' retrieved from /home/airflow/.local/lib/python3.12/site-packages/airflow/example_dags/example_params_trigger_ui.py
[2024-12-14T19:43:10.054+0000] {logging_mixin.py:190} INFO - [2024-12-14T19:43:10.054+0000] {dag.py:3239} INFO - Sync 1 DAGs
[2024-12-14T19:43:10.070+0000] {logging_mixin.py:190} INFO - [2024-12-14T19:43:10.070+0000] {dag.py:4180} INFO - Setting next_dagrun for example_params_trigger_ui to None, run_after=None
[2024-12-14T19:43:10.089+0000] {processor.py:208} INFO - Processing /home/airflow/.local/lib/python3.12/site-packages/airflow/example_dags/example_params_trigger_ui.py took 0.111 seconds
[2024-12-14T19:43:40.987+0000] {processor.py:186} INFO - Started process (PID=1022) to work on /home/airflow/.local/lib/python3.12/site-packages/airflow/example_dags/example_params_trigger_ui.py
[2024-12-14T19:43:40.988+0000] {processor.py:914} INFO - Processing file /home/airflow/.local/lib/python3.12/site-packages/airflow/example_dags/example_params_trigger_ui.py for tasks to queue
[2024-12-14T19:43:40.990+0000] {logging_mixin.py:190} INFO - [2024-12-14T19:43:40.990+0000] {dagbag.py:588} INFO - Filling up the DagBag from /home/airflow/.local/lib/python3.12/site-packages/airflow/example_dags/example_params_trigger_ui.py
[2024-12-14T19:43:40.999+0000] {processor.py:925} INFO - DAG(s) 'example_params_trigger_ui' retrieved from /home/airflow/.local/lib/python3.12/site-packages/airflow/example_dags/example_params_trigger_ui.py
[2024-12-14T19:43:41.053+0000] {logging_mixin.py:190} INFO - [2024-12-14T19:43:41.053+0000] {dag.py:3239} INFO - Sync 1 DAGs
[2024-12-14T19:43:41.069+0000] {logging_mixin.py:190} INFO - [2024-12-14T19:43:41.069+0000] {dag.py:4180} INFO - Setting next_dagrun for example_params_trigger_ui to None, run_after=None
[2024-12-14T19:43:41.096+0000] {processor.py:208} INFO - Processing /home/airflow/.local/lib/python3.12/site-packages/airflow/example_dags/example_params_trigger_ui.py took 0.116 seconds
[2024-12-14T19:44:11.421+0000] {processor.py:186} INFO - Started process (PID=1085) to work on /home/airflow/.local/lib/python3.12/site-packages/airflow/example_dags/example_params_trigger_ui.py
[2024-12-14T19:44:11.422+0000] {processor.py:914} INFO - Processing file /home/airflow/.local/lib/python3.12/site-packages/airflow/example_dags/example_params_trigger_ui.py for tasks to queue
[2024-12-14T19:44:11.424+0000] {logging_mixin.py:190} INFO - [2024-12-14T19:44:11.423+0000] {dagbag.py:588} INFO - Filling up the DagBag from /home/airflow/.local/lib/python3.12/site-packages/airflow/example_dags/example_params_trigger_ui.py
[2024-12-14T19:44:11.433+0000] {processor.py:925} INFO - DAG(s) 'example_params_trigger_ui' retrieved from /home/airflow/.local/lib/python3.12/site-packages/airflow/example_dags/example_params_trigger_ui.py
[2024-12-14T19:44:11.477+0000] {logging_mixin.py:190} INFO - [2024-12-14T19:44:11.477+0000] {dag.py:3239} INFO - Sync 1 DAGs
[2024-12-14T19:44:11.491+0000] {logging_mixin.py:190} INFO - [2024-12-14T19:44:11.491+0000] {dag.py:4180} INFO - Setting next_dagrun for example_params_trigger_ui to None, run_after=None
[2024-12-14T19:44:11.506+0000] {processor.py:208} INFO - Processing /home/airflow/.local/lib/python3.12/site-packages/airflow/example_dags/example_params_trigger_ui.py took 0.090 seconds
[2024-12-14T19:44:42.888+0000] {processor.py:186} INFO - Started process (PID=1148) to work on /home/airflow/.local/lib/python3.12/site-packages/airflow/example_dags/example_params_trigger_ui.py
[2024-12-14T19:44:42.889+0000] {processor.py:914} INFO - Processing file /home/airflow/.local/lib/python3.12/site-packages/airflow/example_dags/example_params_trigger_ui.py for tasks to queue
[2024-12-14T19:44:42.891+0000] {logging_mixin.py:190} INFO - [2024-12-14T19:44:42.890+0000] {dagbag.py:588} INFO - Filling up the DagBag from /home/airflow/.local/lib/python3.12/site-packages/airflow/example_dags/example_params_trigger_ui.py
[2024-12-14T19:44:42.900+0000] {processor.py:925} INFO - DAG(s) 'example_params_trigger_ui' retrieved from /home/airflow/.local/lib/python3.12/site-packages/airflow/example_dags/example_params_trigger_ui.py
[2024-12-14T19:44:42.940+0000] {logging_mixin.py:190} INFO - [2024-12-14T19:44:42.939+0000] {dag.py:3239} INFO - Sync 1 DAGs
[2024-12-14T19:44:42.953+0000] {logging_mixin.py:190} INFO - [2024-12-14T19:44:42.953+0000] {dag.py:4180} INFO - Setting next_dagrun for example_params_trigger_ui to None, run_after=None
[2024-12-14T19:44:42.969+0000] {processor.py:208} INFO - Processing /home/airflow/.local/lib/python3.12/site-packages/airflow/example_dags/example_params_trigger_ui.py took 0.086 seconds
[2024-12-14T19:45:14.588+0000] {processor.py:186} INFO - Started process (PID=1211) to work on /home/airflow/.local/lib/python3.12/site-packages/airflow/example_dags/example_params_trigger_ui.py
[2024-12-14T19:45:14.588+0000] {processor.py:914} INFO - Processing file /home/airflow/.local/lib/python3.12/site-packages/airflow/example_dags/example_params_trigger_ui.py for tasks to queue
[2024-12-14T19:45:14.590+0000] {logging_mixin.py:190} INFO - [2024-12-14T19:45:14.590+0000] {dagbag.py:588} INFO - Filling up the DagBag from /home/airflow/.local/lib/python3.12/site-packages/airflow/example_dags/example_params_trigger_ui.py
[2024-12-14T19:45:14.599+0000] {processor.py:925} INFO - DAG(s) 'example_params_trigger_ui' retrieved from /home/airflow/.local/lib/python3.12/site-packages/airflow/example_dags/example_params_trigger_ui.py
[2024-12-14T19:45:14.640+0000] {logging_mixin.py:190} INFO - [2024-12-14T19:45:14.640+0000] {dag.py:3239} INFO - Sync 1 DAGs
[2024-12-14T19:45:14.653+0000] {logging_mixin.py:190} INFO - [2024-12-14T19:45:14.653+0000] {dag.py:4180} INFO - Setting next_dagrun for example_params_trigger_ui to None, run_after=None
[2024-12-14T19:45:14.668+0000] {processor.py:208} INFO - Processing /home/airflow/.local/lib/python3.12/site-packages/airflow/example_dags/example_params_trigger_ui.py took 0.086 seconds
[2024-12-14T19:45:45.570+0000] {processor.py:186} INFO - Started process (PID=1275) to work on /home/airflow/.local/lib/python3.12/site-packages/airflow/example_dags/example_params_trigger_ui.py
[2024-12-14T19:45:45.571+0000] {processor.py:914} INFO - Processing file /home/airflow/.local/lib/python3.12/site-packages/airflow/example_dags/example_params_trigger_ui.py for tasks to queue
[2024-12-14T19:45:45.573+0000] {logging_mixin.py:190} INFO - [2024-12-14T19:45:45.573+0000] {dagbag.py:588} INFO - Filling up the DagBag from /home/airflow/.local/lib/python3.12/site-packages/airflow/example_dags/example_params_trigger_ui.py
[2024-12-14T19:45:45.582+0000] {processor.py:925} INFO - DAG(s) 'example_params_trigger_ui' retrieved from /home/airflow/.local/lib/python3.12/site-packages/airflow/example_dags/example_params_trigger_ui.py
[2024-12-14T19:45:45.623+0000] {logging_mixin.py:190} INFO - [2024-12-14T19:45:45.623+0000] {dag.py:3239} INFO - Sync 1 DAGs
[2024-12-14T19:45:45.636+0000] {logging_mixin.py:190} INFO - [2024-12-14T19:45:45.635+0000] {dag.py:4180} INFO - Setting next_dagrun for example_params_trigger_ui to None, run_after=None
[2024-12-14T19:45:45.651+0000] {processor.py:208} INFO - Processing /home/airflow/.local/lib/python3.12/site-packages/airflow/example_dags/example_params_trigger_ui.py took 0.086 seconds
