[2024-12-14T19:28:31.821+0000] {processor.py:186} INFO - Started process (PID=67) to work on /home/airflow/.local/lib/python3.12/site-packages/airflow/example_dags/example_external_task_marker_dag.py
[2024-12-14T19:28:31.821+0000] {processor.py:914} INFO - Processing file /home/airflow/.local/lib/python3.12/site-packages/airflow/example_dags/example_external_task_marker_dag.py for tasks to queue
[2024-12-14T19:28:31.823+0000] {logging_mixin.py:190} INFO - [2024-12-14T19:28:31.823+0000] {dagbag.py:588} INFO - Filling up the DagBag from /home/airflow/.local/lib/python3.12/site-packages/airflow/example_dags/example_external_task_marker_dag.py
[2024-12-14T19:28:31.833+0000] {processor.py:925} INFO - DAG(s) 'example_external_task_marker_child', 'example_external_task_marker_parent' retrieved from /home/airflow/.local/lib/python3.12/site-packages/airflow/example_dags/example_external_task_marker_dag.py
[2024-12-14T19:28:31.987+0000] {logging_mixin.py:190} INFO - [2024-12-14T19:28:31.986+0000] {override.py:1911} INFO - Created Permission View: can edit on DAG:example_external_task_marker_child
[2024-12-14T19:28:32.060+0000] {logging_mixin.py:190} INFO - [2024-12-14T19:28:32.060+0000] {override.py:1911} INFO - Created Permission View: can delete on DAG:example_external_task_marker_child
[2024-12-14T19:28:32.110+0000] {logging_mixin.py:190} INFO - [2024-12-14T19:28:32.110+0000] {override.py:1911} INFO - Created Permission View: can read on DAG:example_external_task_marker_child
[2024-12-14T19:28:32.156+0000] {logging_mixin.py:190} INFO - [2024-12-14T19:28:32.155+0000] {override.py:1911} INFO - Created Permission View: menu access on DAG Run:example_external_task_marker_child
[2024-12-14T19:28:32.162+0000] {logging_mixin.py:190} INFO - [2024-12-14T19:28:32.162+0000] {override.py:1911} INFO - Created Permission View: can delete on DAG Run:example_external_task_marker_child
[2024-12-14T19:28:32.168+0000] {logging_mixin.py:190} INFO - [2024-12-14T19:28:32.167+0000] {override.py:1911} INFO - Created Permission View: can create on DAG Run:example_external_task_marker_child
[2024-12-14T19:28:32.174+0000] {logging_mixin.py:190} INFO - [2024-12-14T19:28:32.173+0000] {override.py:1911} INFO - Created Permission View: can read on DAG Run:example_external_task_marker_child
[2024-12-14T19:28:32.183+0000] {logging_mixin.py:190} INFO - [2024-12-14T19:28:32.183+0000] {override.py:1911} INFO - Created Permission View: can edit on DAG:example_external_task_marker_parent
[2024-12-14T19:28:32.189+0000] {logging_mixin.py:190} INFO - [2024-12-14T19:28:32.189+0000] {override.py:1911} INFO - Created Permission View: can delete on DAG:example_external_task_marker_parent
[2024-12-14T19:28:32.194+0000] {logging_mixin.py:190} INFO - [2024-12-14T19:28:32.194+0000] {override.py:1911} INFO - Created Permission View: can read on DAG:example_external_task_marker_parent
[2024-12-14T19:28:32.199+0000] {logging_mixin.py:190} INFO - [2024-12-14T19:28:32.199+0000] {override.py:1911} INFO - Created Permission View: menu access on DAG Run:example_external_task_marker_parent
[2024-12-14T19:28:32.204+0000] {logging_mixin.py:190} INFO - [2024-12-14T19:28:32.204+0000] {override.py:1911} INFO - Created Permission View: can delete on DAG Run:example_external_task_marker_parent
[2024-12-14T19:28:32.210+0000] {logging_mixin.py:190} INFO - [2024-12-14T19:28:32.210+0000] {override.py:1911} INFO - Created Permission View: can create on DAG Run:example_external_task_marker_parent
[2024-12-14T19:28:32.215+0000] {logging_mixin.py:190} INFO - [2024-12-14T19:28:32.214+0000] {override.py:1911} INFO - Created Permission View: can read on DAG Run:example_external_task_marker_parent
[2024-12-14T19:28:32.215+0000] {logging_mixin.py:190} INFO - [2024-12-14T19:28:32.215+0000] {dag.py:3239} INFO - Sync 2 DAGs
[2024-12-14T19:28:32.229+0000] {logging_mixin.py:190} INFO - [2024-12-14T19:28:32.229+0000] {dag.py:3262} INFO - Creating ORM DAG for example_external_task_marker_parent
[2024-12-14T19:28:32.230+0000] {logging_mixin.py:190} INFO - [2024-12-14T19:28:32.229+0000] {dag.py:3262} INFO - Creating ORM DAG for example_external_task_marker_child
[2024-12-14T19:28:32.230+0000] {logging_mixin.py:190} INFO - [2024-12-14T19:28:32.230+0000] {dag.py:4180} INFO - Setting next_dagrun for example_external_task_marker_child to None, run_after=None
[2024-12-14T19:28:32.230+0000] {logging_mixin.py:190} INFO - [2024-12-14T19:28:32.230+0000] {dag.py:4180} INFO - Setting next_dagrun for example_external_task_marker_parent to None, run_after=None
[2024-12-14T19:28:32.248+0000] {processor.py:208} INFO - Processing /home/airflow/.local/lib/python3.12/site-packages/airflow/example_dags/example_external_task_marker_dag.py took 0.433 seconds
[2024-12-14T19:29:02.593+0000] {processor.py:186} INFO - Started process (PID=130) to work on /home/airflow/.local/lib/python3.12/site-packages/airflow/example_dags/example_external_task_marker_dag.py
[2024-12-14T19:29:02.603+0000] {processor.py:914} INFO - Processing file /home/airflow/.local/lib/python3.12/site-packages/airflow/example_dags/example_external_task_marker_dag.py for tasks to queue
[2024-12-14T19:29:02.605+0000] {logging_mixin.py:190} INFO - [2024-12-14T19:29:02.605+0000] {dagbag.py:588} INFO - Filling up the DagBag from /home/airflow/.local/lib/python3.12/site-packages/airflow/example_dags/example_external_task_marker_dag.py
[2024-12-14T19:29:02.614+0000] {processor.py:925} INFO - DAG(s) 'example_external_task_marker_child', 'example_external_task_marker_parent' retrieved from /home/airflow/.local/lib/python3.12/site-packages/airflow/example_dags/example_external_task_marker_dag.py
[2024-12-14T19:29:02.660+0000] {logging_mixin.py:190} INFO - [2024-12-14T19:29:02.660+0000] {dag.py:3239} INFO - Sync 2 DAGs
[2024-12-14T19:29:02.707+0000] {logging_mixin.py:190} INFO - [2024-12-14T19:29:02.706+0000] {dag.py:4180} INFO - Setting next_dagrun for example_external_task_marker_child to None, run_after=None
[2024-12-14T19:29:02.713+0000] {logging_mixin.py:190} INFO - [2024-12-14T19:29:02.713+0000] {dag.py:4180} INFO - Setting next_dagrun for example_external_task_marker_parent to None, run_after=None
[2024-12-14T19:29:02.768+0000] {processor.py:208} INFO - Processing /home/airflow/.local/lib/python3.12/site-packages/airflow/example_dags/example_external_task_marker_dag.py took 0.191 seconds
[2024-12-14T19:29:33.351+0000] {processor.py:186} INFO - Started process (PID=193) to work on /home/airflow/.local/lib/python3.12/site-packages/airflow/example_dags/example_external_task_marker_dag.py
[2024-12-14T19:29:33.353+0000] {processor.py:914} INFO - Processing file /home/airflow/.local/lib/python3.12/site-packages/airflow/example_dags/example_external_task_marker_dag.py for tasks to queue
[2024-12-14T19:29:33.354+0000] {logging_mixin.py:190} INFO - [2024-12-14T19:29:33.354+0000] {dagbag.py:588} INFO - Filling up the DagBag from /home/airflow/.local/lib/python3.12/site-packages/airflow/example_dags/example_external_task_marker_dag.py
[2024-12-14T19:29:33.361+0000] {processor.py:925} INFO - DAG(s) 'example_external_task_marker_child', 'example_external_task_marker_parent' retrieved from /home/airflow/.local/lib/python3.12/site-packages/airflow/example_dags/example_external_task_marker_dag.py
[2024-12-14T19:29:33.379+0000] {logging_mixin.py:190} INFO - [2024-12-14T19:29:33.379+0000] {dag.py:3239} INFO - Sync 2 DAGs
[2024-12-14T19:29:33.391+0000] {logging_mixin.py:190} INFO - [2024-12-14T19:29:33.391+0000] {dag.py:4180} INFO - Setting next_dagrun for example_external_task_marker_child to None, run_after=None
[2024-12-14T19:29:33.395+0000] {logging_mixin.py:190} INFO - [2024-12-14T19:29:33.394+0000] {dag.py:4180} INFO - Setting next_dagrun for example_external_task_marker_parent to None, run_after=None
[2024-12-14T19:29:33.407+0000] {processor.py:208} INFO - Processing /home/airflow/.local/lib/python3.12/site-packages/airflow/example_dags/example_external_task_marker_dag.py took 0.060 seconds
[2024-12-14T19:30:03.540+0000] {processor.py:186} INFO - Started process (PID=256) to work on /home/airflow/.local/lib/python3.12/site-packages/airflow/example_dags/example_external_task_marker_dag.py
[2024-12-14T19:30:03.541+0000] {processor.py:914} INFO - Processing file /home/airflow/.local/lib/python3.12/site-packages/airflow/example_dags/example_external_task_marker_dag.py for tasks to queue
[2024-12-14T19:30:03.543+0000] {logging_mixin.py:190} INFO - [2024-12-14T19:30:03.543+0000] {dagbag.py:588} INFO - Filling up the DagBag from /home/airflow/.local/lib/python3.12/site-packages/airflow/example_dags/example_external_task_marker_dag.py
[2024-12-14T19:30:03.551+0000] {processor.py:925} INFO - DAG(s) 'example_external_task_marker_child', 'example_external_task_marker_parent' retrieved from /home/airflow/.local/lib/python3.12/site-packages/airflow/example_dags/example_external_task_marker_dag.py
[2024-12-14T19:30:03.570+0000] {logging_mixin.py:190} INFO - [2024-12-14T19:30:03.570+0000] {dag.py:3239} INFO - Sync 2 DAGs
[2024-12-14T19:30:03.583+0000] {logging_mixin.py:190} INFO - [2024-12-14T19:30:03.582+0000] {dag.py:4180} INFO - Setting next_dagrun for example_external_task_marker_child to None, run_after=None
[2024-12-14T19:30:03.586+0000] {logging_mixin.py:190} INFO - [2024-12-14T19:30:03.586+0000] {dag.py:4180} INFO - Setting next_dagrun for example_external_task_marker_parent to None, run_after=None
[2024-12-14T19:30:03.598+0000] {processor.py:208} INFO - Processing /home/airflow/.local/lib/python3.12/site-packages/airflow/example_dags/example_external_task_marker_dag.py took 0.063 seconds
[2024-12-14T19:30:33.838+0000] {processor.py:186} INFO - Started process (PID=318) to work on /home/airflow/.local/lib/python3.12/site-packages/airflow/example_dags/example_external_task_marker_dag.py
[2024-12-14T19:30:33.839+0000] {processor.py:914} INFO - Processing file /home/airflow/.local/lib/python3.12/site-packages/airflow/example_dags/example_external_task_marker_dag.py for tasks to queue
[2024-12-14T19:30:33.841+0000] {logging_mixin.py:190} INFO - [2024-12-14T19:30:33.841+0000] {dagbag.py:588} INFO - Filling up the DagBag from /home/airflow/.local/lib/python3.12/site-packages/airflow/example_dags/example_external_task_marker_dag.py
[2024-12-14T19:30:33.848+0000] {processor.py:925} INFO - DAG(s) 'example_external_task_marker_child', 'example_external_task_marker_parent' retrieved from /home/airflow/.local/lib/python3.12/site-packages/airflow/example_dags/example_external_task_marker_dag.py
[2024-12-14T19:30:33.869+0000] {logging_mixin.py:190} INFO - [2024-12-14T19:30:33.869+0000] {dag.py:3239} INFO - Sync 2 DAGs
[2024-12-14T19:30:33.882+0000] {logging_mixin.py:190} INFO - [2024-12-14T19:30:33.881+0000] {dag.py:4180} INFO - Setting next_dagrun for example_external_task_marker_child to None, run_after=None
[2024-12-14T19:30:33.885+0000] {logging_mixin.py:190} INFO - [2024-12-14T19:30:33.885+0000] {dag.py:4180} INFO - Setting next_dagrun for example_external_task_marker_parent to None, run_after=None
[2024-12-14T19:30:33.898+0000] {processor.py:208} INFO - Processing /home/airflow/.local/lib/python3.12/site-packages/airflow/example_dags/example_external_task_marker_dag.py took 0.065 seconds
[2024-12-14T19:31:43.293+0000] {processor.py:186} INFO - Started process (PID=68) to work on /home/airflow/.local/lib/python3.12/site-packages/airflow/example_dags/example_external_task_marker_dag.py
[2024-12-14T19:31:43.303+0000] {processor.py:914} INFO - Processing file /home/airflow/.local/lib/python3.12/site-packages/airflow/example_dags/example_external_task_marker_dag.py for tasks to queue
[2024-12-14T19:31:43.305+0000] {logging_mixin.py:190} INFO - [2024-12-14T19:31:43.305+0000] {dagbag.py:588} INFO - Filling up the DagBag from /home/airflow/.local/lib/python3.12/site-packages/airflow/example_dags/example_external_task_marker_dag.py
[2024-12-14T19:31:43.315+0000] {processor.py:925} INFO - DAG(s) 'example_external_task_marker_parent', 'example_external_task_marker_child' retrieved from /home/airflow/.local/lib/python3.12/site-packages/airflow/example_dags/example_external_task_marker_dag.py
[2024-12-14T19:31:43.371+0000] {logging_mixin.py:190} INFO - [2024-12-14T19:31:43.371+0000] {dag.py:3239} INFO - Sync 2 DAGs
[2024-12-14T19:31:43.399+0000] {logging_mixin.py:190} INFO - [2024-12-14T19:31:43.398+0000] {dag.py:4180} INFO - Setting next_dagrun for example_external_task_marker_child to None, run_after=None
[2024-12-14T19:31:43.405+0000] {logging_mixin.py:190} INFO - [2024-12-14T19:31:43.405+0000] {dag.py:4180} INFO - Setting next_dagrun for example_external_task_marker_parent to None, run_after=None
[2024-12-14T19:31:43.440+0000] {processor.py:208} INFO - Processing /home/airflow/.local/lib/python3.12/site-packages/airflow/example_dags/example_external_task_marker_dag.py took 0.182 seconds
[2024-12-14T19:32:13.522+0000] {processor.py:186} INFO - Started process (PID=133) to work on /home/airflow/.local/lib/python3.12/site-packages/airflow/example_dags/example_external_task_marker_dag.py
[2024-12-14T19:32:13.522+0000] {processor.py:914} INFO - Processing file /home/airflow/.local/lib/python3.12/site-packages/airflow/example_dags/example_external_task_marker_dag.py for tasks to queue
[2024-12-14T19:32:13.524+0000] {logging_mixin.py:190} INFO - [2024-12-14T19:32:13.524+0000] {dagbag.py:588} INFO - Filling up the DagBag from /home/airflow/.local/lib/python3.12/site-packages/airflow/example_dags/example_external_task_marker_dag.py
[2024-12-14T19:32:13.530+0000] {processor.py:925} INFO - DAG(s) 'example_external_task_marker_parent', 'example_external_task_marker_child' retrieved from /home/airflow/.local/lib/python3.12/site-packages/airflow/example_dags/example_external_task_marker_dag.py
[2024-12-14T19:32:13.549+0000] {logging_mixin.py:190} INFO - [2024-12-14T19:32:13.549+0000] {dag.py:3239} INFO - Sync 2 DAGs
[2024-12-14T19:32:13.562+0000] {logging_mixin.py:190} INFO - [2024-12-14T19:32:13.561+0000] {dag.py:4180} INFO - Setting next_dagrun for example_external_task_marker_child to None, run_after=None
[2024-12-14T19:32:13.565+0000] {logging_mixin.py:190} INFO - [2024-12-14T19:32:13.564+0000] {dag.py:4180} INFO - Setting next_dagrun for example_external_task_marker_parent to None, run_after=None
[2024-12-14T19:32:13.578+0000] {processor.py:208} INFO - Processing /home/airflow/.local/lib/python3.12/site-packages/airflow/example_dags/example_external_task_marker_dag.py took 0.061 seconds
[2024-12-14T19:32:44.683+0000] {processor.py:186} INFO - Started process (PID=195) to work on /home/airflow/.local/lib/python3.12/site-packages/airflow/example_dags/example_external_task_marker_dag.py
[2024-12-14T19:32:44.685+0000] {processor.py:914} INFO - Processing file /home/airflow/.local/lib/python3.12/site-packages/airflow/example_dags/example_external_task_marker_dag.py for tasks to queue
[2024-12-14T19:32:44.686+0000] {logging_mixin.py:190} INFO - [2024-12-14T19:32:44.686+0000] {dagbag.py:588} INFO - Filling up the DagBag from /home/airflow/.local/lib/python3.12/site-packages/airflow/example_dags/example_external_task_marker_dag.py
[2024-12-14T19:32:44.693+0000] {processor.py:925} INFO - DAG(s) 'example_external_task_marker_child', 'example_external_task_marker_parent' retrieved from /home/airflow/.local/lib/python3.12/site-packages/airflow/example_dags/example_external_task_marker_dag.py
[2024-12-14T19:32:44.711+0000] {logging_mixin.py:190} INFO - [2024-12-14T19:32:44.710+0000] {dag.py:3239} INFO - Sync 2 DAGs
[2024-12-14T19:32:44.725+0000] {logging_mixin.py:190} INFO - [2024-12-14T19:32:44.724+0000] {dag.py:4180} INFO - Setting next_dagrun for example_external_task_marker_child to None, run_after=None
[2024-12-14T19:32:44.728+0000] {logging_mixin.py:190} INFO - [2024-12-14T19:32:44.728+0000] {dag.py:4180} INFO - Setting next_dagrun for example_external_task_marker_parent to None, run_after=None
[2024-12-14T19:32:44.741+0000] {processor.py:208} INFO - Processing /home/airflow/.local/lib/python3.12/site-packages/airflow/example_dags/example_external_task_marker_dag.py took 0.063 seconds
[2024-12-14T19:33:15.872+0000] {processor.py:186} INFO - Started process (PID=258) to work on /home/airflow/.local/lib/python3.12/site-packages/airflow/example_dags/example_external_task_marker_dag.py
[2024-12-14T19:33:15.873+0000] {processor.py:914} INFO - Processing file /home/airflow/.local/lib/python3.12/site-packages/airflow/example_dags/example_external_task_marker_dag.py for tasks to queue
[2024-12-14T19:33:15.875+0000] {logging_mixin.py:190} INFO - [2024-12-14T19:33:15.875+0000] {dagbag.py:588} INFO - Filling up the DagBag from /home/airflow/.local/lib/python3.12/site-packages/airflow/example_dags/example_external_task_marker_dag.py
[2024-12-14T19:33:15.881+0000] {processor.py:925} INFO - DAG(s) 'example_external_task_marker_child', 'example_external_task_marker_parent' retrieved from /home/airflow/.local/lib/python3.12/site-packages/airflow/example_dags/example_external_task_marker_dag.py
[2024-12-14T19:33:15.902+0000] {logging_mixin.py:190} INFO - [2024-12-14T19:33:15.901+0000] {dag.py:3239} INFO - Sync 2 DAGs
[2024-12-14T19:33:15.914+0000] {logging_mixin.py:190} INFO - [2024-12-14T19:33:15.914+0000] {dag.py:4180} INFO - Setting next_dagrun for example_external_task_marker_child to None, run_after=None
[2024-12-14T19:33:15.917+0000] {logging_mixin.py:190} INFO - [2024-12-14T19:33:15.917+0000] {dag.py:4180} INFO - Setting next_dagrun for example_external_task_marker_parent to None, run_after=None
[2024-12-14T19:33:15.930+0000] {processor.py:208} INFO - Processing /home/airflow/.local/lib/python3.12/site-packages/airflow/example_dags/example_external_task_marker_dag.py took 0.063 seconds
[2024-12-14T19:33:47.275+0000] {processor.py:186} INFO - Started process (PID=321) to work on /home/airflow/.local/lib/python3.12/site-packages/airflow/example_dags/example_external_task_marker_dag.py
[2024-12-14T19:33:47.276+0000] {processor.py:914} INFO - Processing file /home/airflow/.local/lib/python3.12/site-packages/airflow/example_dags/example_external_task_marker_dag.py for tasks to queue
[2024-12-14T19:33:47.278+0000] {logging_mixin.py:190} INFO - [2024-12-14T19:33:47.277+0000] {dagbag.py:588} INFO - Filling up the DagBag from /home/airflow/.local/lib/python3.12/site-packages/airflow/example_dags/example_external_task_marker_dag.py
[2024-12-14T19:33:47.284+0000] {processor.py:925} INFO - DAG(s) 'example_external_task_marker_parent', 'example_external_task_marker_child' retrieved from /home/airflow/.local/lib/python3.12/site-packages/airflow/example_dags/example_external_task_marker_dag.py
[2024-12-14T19:33:47.302+0000] {logging_mixin.py:190} INFO - [2024-12-14T19:33:47.302+0000] {dag.py:3239} INFO - Sync 2 DAGs
[2024-12-14T19:33:47.315+0000] {logging_mixin.py:190} INFO - [2024-12-14T19:33:47.315+0000] {dag.py:4180} INFO - Setting next_dagrun for example_external_task_marker_child to None, run_after=None
[2024-12-14T19:33:47.318+0000] {logging_mixin.py:190} INFO - [2024-12-14T19:33:47.318+0000] {dag.py:4180} INFO - Setting next_dagrun for example_external_task_marker_parent to None, run_after=None
[2024-12-14T19:33:47.331+0000] {processor.py:208} INFO - Processing /home/airflow/.local/lib/python3.12/site-packages/airflow/example_dags/example_external_task_marker_dag.py took 0.061 seconds
[2024-12-14T19:34:18.667+0000] {processor.py:186} INFO - Started process (PID=384) to work on /home/airflow/.local/lib/python3.12/site-packages/airflow/example_dags/example_external_task_marker_dag.py
[2024-12-14T19:34:18.668+0000] {processor.py:914} INFO - Processing file /home/airflow/.local/lib/python3.12/site-packages/airflow/example_dags/example_external_task_marker_dag.py for tasks to queue
[2024-12-14T19:34:18.670+0000] {logging_mixin.py:190} INFO - [2024-12-14T19:34:18.670+0000] {dagbag.py:588} INFO - Filling up the DagBag from /home/airflow/.local/lib/python3.12/site-packages/airflow/example_dags/example_external_task_marker_dag.py
[2024-12-14T19:34:18.677+0000] {processor.py:925} INFO - DAG(s) 'example_external_task_marker_child', 'example_external_task_marker_parent' retrieved from /home/airflow/.local/lib/python3.12/site-packages/airflow/example_dags/example_external_task_marker_dag.py
[2024-12-14T19:34:18.697+0000] {logging_mixin.py:190} INFO - [2024-12-14T19:34:18.697+0000] {dag.py:3239} INFO - Sync 2 DAGs
[2024-12-14T19:34:18.712+0000] {logging_mixin.py:190} INFO - [2024-12-14T19:34:18.712+0000] {dag.py:4180} INFO - Setting next_dagrun for example_external_task_marker_child to None, run_after=None
[2024-12-14T19:34:18.715+0000] {logging_mixin.py:190} INFO - [2024-12-14T19:34:18.715+0000] {dag.py:4180} INFO - Setting next_dagrun for example_external_task_marker_parent to None, run_after=None
[2024-12-14T19:34:18.728+0000] {processor.py:208} INFO - Processing /home/airflow/.local/lib/python3.12/site-packages/airflow/example_dags/example_external_task_marker_dag.py took 0.066 seconds
[2024-12-14T19:34:49.926+0000] {processor.py:186} INFO - Started process (PID=447) to work on /home/airflow/.local/lib/python3.12/site-packages/airflow/example_dags/example_external_task_marker_dag.py
[2024-12-14T19:34:49.927+0000] {processor.py:914} INFO - Processing file /home/airflow/.local/lib/python3.12/site-packages/airflow/example_dags/example_external_task_marker_dag.py for tasks to queue
[2024-12-14T19:34:49.929+0000] {logging_mixin.py:190} INFO - [2024-12-14T19:34:49.928+0000] {dagbag.py:588} INFO - Filling up the DagBag from /home/airflow/.local/lib/python3.12/site-packages/airflow/example_dags/example_external_task_marker_dag.py
[2024-12-14T19:34:49.935+0000] {processor.py:925} INFO - DAG(s) 'example_external_task_marker_parent', 'example_external_task_marker_child' retrieved from /home/airflow/.local/lib/python3.12/site-packages/airflow/example_dags/example_external_task_marker_dag.py
[2024-12-14T19:34:49.955+0000] {logging_mixin.py:190} INFO - [2024-12-14T19:34:49.955+0000] {dag.py:3239} INFO - Sync 2 DAGs
[2024-12-14T19:34:49.968+0000] {logging_mixin.py:190} INFO - [2024-12-14T19:34:49.968+0000] {dag.py:4180} INFO - Setting next_dagrun for example_external_task_marker_child to None, run_after=None
[2024-12-14T19:34:49.972+0000] {logging_mixin.py:190} INFO - [2024-12-14T19:34:49.972+0000] {dag.py:4180} INFO - Setting next_dagrun for example_external_task_marker_parent to None, run_after=None
[2024-12-14T19:34:49.986+0000] {processor.py:208} INFO - Processing /home/airflow/.local/lib/python3.12/site-packages/airflow/example_dags/example_external_task_marker_dag.py took 0.065 seconds
[2024-12-14T19:35:53.961+0000] {processor.py:186} INFO - Started process (PID=61) to work on /home/airflow/.local/lib/python3.12/site-packages/airflow/example_dags/example_external_task_marker_dag.py
[2024-12-14T19:35:53.962+0000] {processor.py:914} INFO - Processing file /home/airflow/.local/lib/python3.12/site-packages/airflow/example_dags/example_external_task_marker_dag.py for tasks to queue
[2024-12-14T19:35:53.964+0000] {logging_mixin.py:190} INFO - [2024-12-14T19:35:53.964+0000] {dagbag.py:588} INFO - Filling up the DagBag from /home/airflow/.local/lib/python3.12/site-packages/airflow/example_dags/example_external_task_marker_dag.py
[2024-12-14T19:35:53.972+0000] {processor.py:925} INFO - DAG(s) 'example_external_task_marker_child', 'example_external_task_marker_parent' retrieved from /home/airflow/.local/lib/python3.12/site-packages/airflow/example_dags/example_external_task_marker_dag.py
[2024-12-14T19:35:53.993+0000] {logging_mixin.py:190} INFO - [2024-12-14T19:35:53.993+0000] {dag.py:3239} INFO - Sync 2 DAGs
[2024-12-14T19:35:54.009+0000] {logging_mixin.py:190} INFO - [2024-12-14T19:35:54.009+0000] {dag.py:4180} INFO - Setting next_dagrun for example_external_task_marker_child to None, run_after=None
[2024-12-14T19:35:54.013+0000] {logging_mixin.py:190} INFO - [2024-12-14T19:35:54.013+0000] {dag.py:4180} INFO - Setting next_dagrun for example_external_task_marker_parent to None, run_after=None
[2024-12-14T19:35:54.028+0000] {processor.py:208} INFO - Processing /home/airflow/.local/lib/python3.12/site-packages/airflow/example_dags/example_external_task_marker_dag.py took 0.072 seconds
[2024-12-14T19:36:25.062+0000] {processor.py:186} INFO - Started process (PID=124) to work on /home/airflow/.local/lib/python3.12/site-packages/airflow/example_dags/example_external_task_marker_dag.py
[2024-12-14T19:36:25.062+0000] {processor.py:914} INFO - Processing file /home/airflow/.local/lib/python3.12/site-packages/airflow/example_dags/example_external_task_marker_dag.py for tasks to queue
[2024-12-14T19:36:25.064+0000] {logging_mixin.py:190} INFO - [2024-12-14T19:36:25.064+0000] {dagbag.py:588} INFO - Filling up the DagBag from /home/airflow/.local/lib/python3.12/site-packages/airflow/example_dags/example_external_task_marker_dag.py
[2024-12-14T19:36:25.072+0000] {processor.py:925} INFO - DAG(s) 'example_external_task_marker_child', 'example_external_task_marker_parent' retrieved from /home/airflow/.local/lib/python3.12/site-packages/airflow/example_dags/example_external_task_marker_dag.py
[2024-12-14T19:36:25.093+0000] {logging_mixin.py:190} INFO - [2024-12-14T19:36:25.093+0000] {dag.py:3239} INFO - Sync 2 DAGs
[2024-12-14T19:36:25.108+0000] {logging_mixin.py:190} INFO - [2024-12-14T19:36:25.108+0000] {dag.py:4180} INFO - Setting next_dagrun for example_external_task_marker_child to None, run_after=None
[2024-12-14T19:36:25.111+0000] {logging_mixin.py:190} INFO - [2024-12-14T19:36:25.111+0000] {dag.py:4180} INFO - Setting next_dagrun for example_external_task_marker_parent to None, run_after=None
[2024-12-14T19:36:25.125+0000] {processor.py:208} INFO - Processing /home/airflow/.local/lib/python3.12/site-packages/airflow/example_dags/example_external_task_marker_dag.py took 0.068 seconds
[2024-12-14T19:36:56.082+0000] {processor.py:186} INFO - Started process (PID=187) to work on /home/airflow/.local/lib/python3.12/site-packages/airflow/example_dags/example_external_task_marker_dag.py
[2024-12-14T19:36:56.084+0000] {processor.py:914} INFO - Processing file /home/airflow/.local/lib/python3.12/site-packages/airflow/example_dags/example_external_task_marker_dag.py for tasks to queue
[2024-12-14T19:36:56.086+0000] {logging_mixin.py:190} INFO - [2024-12-14T19:36:56.085+0000] {dagbag.py:588} INFO - Filling up the DagBag from /home/airflow/.local/lib/python3.12/site-packages/airflow/example_dags/example_external_task_marker_dag.py
[2024-12-14T19:36:56.092+0000] {processor.py:925} INFO - DAG(s) 'example_external_task_marker_parent', 'example_external_task_marker_child' retrieved from /home/airflow/.local/lib/python3.12/site-packages/airflow/example_dags/example_external_task_marker_dag.py
[2024-12-14T19:36:56.113+0000] {logging_mixin.py:190} INFO - [2024-12-14T19:36:56.113+0000] {dag.py:3239} INFO - Sync 2 DAGs
[2024-12-14T19:36:56.126+0000] {logging_mixin.py:190} INFO - [2024-12-14T19:36:56.126+0000] {dag.py:4180} INFO - Setting next_dagrun for example_external_task_marker_child to None, run_after=None
[2024-12-14T19:36:56.129+0000] {logging_mixin.py:190} INFO - [2024-12-14T19:36:56.129+0000] {dag.py:4180} INFO - Setting next_dagrun for example_external_task_marker_parent to None, run_after=None
[2024-12-14T19:36:56.143+0000] {processor.py:208} INFO - Processing /home/airflow/.local/lib/python3.12/site-packages/airflow/example_dags/example_external_task_marker_dag.py took 0.065 seconds
[2024-12-14T19:37:27.085+0000] {processor.py:186} INFO - Started process (PID=250) to work on /home/airflow/.local/lib/python3.12/site-packages/airflow/example_dags/example_external_task_marker_dag.py
[2024-12-14T19:37:27.086+0000] {processor.py:914} INFO - Processing file /home/airflow/.local/lib/python3.12/site-packages/airflow/example_dags/example_external_task_marker_dag.py for tasks to queue
[2024-12-14T19:37:27.088+0000] {logging_mixin.py:190} INFO - [2024-12-14T19:37:27.088+0000] {dagbag.py:588} INFO - Filling up the DagBag from /home/airflow/.local/lib/python3.12/site-packages/airflow/example_dags/example_external_task_marker_dag.py
[2024-12-14T19:37:27.094+0000] {processor.py:925} INFO - DAG(s) 'example_external_task_marker_child', 'example_external_task_marker_parent' retrieved from /home/airflow/.local/lib/python3.12/site-packages/airflow/example_dags/example_external_task_marker_dag.py
[2024-12-14T19:37:27.112+0000] {logging_mixin.py:190} INFO - [2024-12-14T19:37:27.112+0000] {dag.py:3239} INFO - Sync 2 DAGs
[2024-12-14T19:37:27.124+0000] {logging_mixin.py:190} INFO - [2024-12-14T19:37:27.124+0000] {dag.py:4180} INFO - Setting next_dagrun for example_external_task_marker_child to None, run_after=None
[2024-12-14T19:37:27.127+0000] {logging_mixin.py:190} INFO - [2024-12-14T19:37:27.127+0000] {dag.py:4180} INFO - Setting next_dagrun for example_external_task_marker_parent to None, run_after=None
[2024-12-14T19:37:27.140+0000] {processor.py:208} INFO - Processing /home/airflow/.local/lib/python3.12/site-packages/airflow/example_dags/example_external_task_marker_dag.py took 0.060 seconds
[2024-12-14T19:37:58.017+0000] {processor.py:186} INFO - Started process (PID=313) to work on /home/airflow/.local/lib/python3.12/site-packages/airflow/example_dags/example_external_task_marker_dag.py
[2024-12-14T19:37:58.018+0000] {processor.py:914} INFO - Processing file /home/airflow/.local/lib/python3.12/site-packages/airflow/example_dags/example_external_task_marker_dag.py for tasks to queue
[2024-12-14T19:37:58.020+0000] {logging_mixin.py:190} INFO - [2024-12-14T19:37:58.020+0000] {dagbag.py:588} INFO - Filling up the DagBag from /home/airflow/.local/lib/python3.12/site-packages/airflow/example_dags/example_external_task_marker_dag.py
[2024-12-14T19:37:58.026+0000] {processor.py:925} INFO - DAG(s) 'example_external_task_marker_child', 'example_external_task_marker_parent' retrieved from /home/airflow/.local/lib/python3.12/site-packages/airflow/example_dags/example_external_task_marker_dag.py
[2024-12-14T19:37:58.047+0000] {logging_mixin.py:190} INFO - [2024-12-14T19:37:58.047+0000] {dag.py:3239} INFO - Sync 2 DAGs
[2024-12-14T19:37:58.063+0000] {logging_mixin.py:190} INFO - [2024-12-14T19:37:58.063+0000] {dag.py:4180} INFO - Setting next_dagrun for example_external_task_marker_child to None, run_after=None
[2024-12-14T19:37:58.066+0000] {logging_mixin.py:190} INFO - [2024-12-14T19:37:58.066+0000] {dag.py:4180} INFO - Setting next_dagrun for example_external_task_marker_parent to None, run_after=None
[2024-12-14T19:37:58.079+0000] {processor.py:208} INFO - Processing /home/airflow/.local/lib/python3.12/site-packages/airflow/example_dags/example_external_task_marker_dag.py took 0.066 seconds
[2024-12-14T19:38:29.010+0000] {processor.py:186} INFO - Started process (PID=376) to work on /home/airflow/.local/lib/python3.12/site-packages/airflow/example_dags/example_external_task_marker_dag.py
[2024-12-14T19:38:29.011+0000] {processor.py:914} INFO - Processing file /home/airflow/.local/lib/python3.12/site-packages/airflow/example_dags/example_external_task_marker_dag.py for tasks to queue
[2024-12-14T19:38:29.013+0000] {logging_mixin.py:190} INFO - [2024-12-14T19:38:29.013+0000] {dagbag.py:588} INFO - Filling up the DagBag from /home/airflow/.local/lib/python3.12/site-packages/airflow/example_dags/example_external_task_marker_dag.py
[2024-12-14T19:38:29.020+0000] {processor.py:925} INFO - DAG(s) 'example_external_task_marker_parent', 'example_external_task_marker_child' retrieved from /home/airflow/.local/lib/python3.12/site-packages/airflow/example_dags/example_external_task_marker_dag.py
[2024-12-14T19:38:29.040+0000] {logging_mixin.py:190} INFO - [2024-12-14T19:38:29.040+0000] {dag.py:3239} INFO - Sync 2 DAGs
[2024-12-14T19:38:29.054+0000] {logging_mixin.py:190} INFO - [2024-12-14T19:38:29.053+0000] {dag.py:4180} INFO - Setting next_dagrun for example_external_task_marker_child to None, run_after=None
[2024-12-14T19:38:29.057+0000] {logging_mixin.py:190} INFO - [2024-12-14T19:38:29.057+0000] {dag.py:4180} INFO - Setting next_dagrun for example_external_task_marker_parent to None, run_after=None
[2024-12-14T19:38:29.070+0000] {processor.py:208} INFO - Processing /home/airflow/.local/lib/python3.12/site-packages/airflow/example_dags/example_external_task_marker_dag.py took 0.066 seconds
[2024-12-14T19:39:00.351+0000] {processor.py:186} INFO - Started process (PID=439) to work on /home/airflow/.local/lib/python3.12/site-packages/airflow/example_dags/example_external_task_marker_dag.py
[2024-12-14T19:39:00.352+0000] {processor.py:914} INFO - Processing file /home/airflow/.local/lib/python3.12/site-packages/airflow/example_dags/example_external_task_marker_dag.py for tasks to queue
[2024-12-14T19:39:00.354+0000] {logging_mixin.py:190} INFO - [2024-12-14T19:39:00.354+0000] {dagbag.py:588} INFO - Filling up the DagBag from /home/airflow/.local/lib/python3.12/site-packages/airflow/example_dags/example_external_task_marker_dag.py
[2024-12-14T19:39:00.360+0000] {processor.py:925} INFO - DAG(s) 'example_external_task_marker_child', 'example_external_task_marker_parent' retrieved from /home/airflow/.local/lib/python3.12/site-packages/airflow/example_dags/example_external_task_marker_dag.py
[2024-12-14T19:39:00.378+0000] {logging_mixin.py:190} INFO - [2024-12-14T19:39:00.378+0000] {dag.py:3239} INFO - Sync 2 DAGs
[2024-12-14T19:39:00.392+0000] {logging_mixin.py:190} INFO - [2024-12-14T19:39:00.391+0000] {dag.py:4180} INFO - Setting next_dagrun for example_external_task_marker_child to None, run_after=None
[2024-12-14T19:39:00.395+0000] {logging_mixin.py:190} INFO - [2024-12-14T19:39:00.395+0000] {dag.py:4180} INFO - Setting next_dagrun for example_external_task_marker_parent to None, run_after=None
[2024-12-14T19:39:00.407+0000] {processor.py:208} INFO - Processing /home/airflow/.local/lib/python3.12/site-packages/airflow/example_dags/example_external_task_marker_dag.py took 0.060 seconds
[2024-12-14T19:39:31.744+0000] {processor.py:186} INFO - Started process (PID=502) to work on /home/airflow/.local/lib/python3.12/site-packages/airflow/example_dags/example_external_task_marker_dag.py
[2024-12-14T19:39:31.745+0000] {processor.py:914} INFO - Processing file /home/airflow/.local/lib/python3.12/site-packages/airflow/example_dags/example_external_task_marker_dag.py for tasks to queue
[2024-12-14T19:39:31.747+0000] {logging_mixin.py:190} INFO - [2024-12-14T19:39:31.746+0000] {dagbag.py:588} INFO - Filling up the DagBag from /home/airflow/.local/lib/python3.12/site-packages/airflow/example_dags/example_external_task_marker_dag.py
[2024-12-14T19:39:31.754+0000] {processor.py:925} INFO - DAG(s) 'example_external_task_marker_child', 'example_external_task_marker_parent' retrieved from /home/airflow/.local/lib/python3.12/site-packages/airflow/example_dags/example_external_task_marker_dag.py
[2024-12-14T19:39:31.777+0000] {logging_mixin.py:190} INFO - [2024-12-14T19:39:31.777+0000] {dag.py:3239} INFO - Sync 2 DAGs
[2024-12-14T19:39:31.793+0000] {logging_mixin.py:190} INFO - [2024-12-14T19:39:31.793+0000] {dag.py:4180} INFO - Setting next_dagrun for example_external_task_marker_child to None, run_after=None
[2024-12-14T19:39:31.797+0000] {logging_mixin.py:190} INFO - [2024-12-14T19:39:31.797+0000] {dag.py:4180} INFO - Setting next_dagrun for example_external_task_marker_parent to None, run_after=None
[2024-12-14T19:39:31.820+0000] {processor.py:208} INFO - Processing /home/airflow/.local/lib/python3.12/site-packages/airflow/example_dags/example_external_task_marker_dag.py took 0.081 seconds
[2024-12-14T19:40:03.114+0000] {processor.py:186} INFO - Started process (PID=565) to work on /home/airflow/.local/lib/python3.12/site-packages/airflow/example_dags/example_external_task_marker_dag.py
[2024-12-14T19:40:03.115+0000] {processor.py:914} INFO - Processing file /home/airflow/.local/lib/python3.12/site-packages/airflow/example_dags/example_external_task_marker_dag.py for tasks to queue
[2024-12-14T19:40:03.117+0000] {logging_mixin.py:190} INFO - [2024-12-14T19:40:03.117+0000] {dagbag.py:588} INFO - Filling up the DagBag from /home/airflow/.local/lib/python3.12/site-packages/airflow/example_dags/example_external_task_marker_dag.py
[2024-12-14T19:40:03.126+0000] {processor.py:925} INFO - DAG(s) 'example_external_task_marker_child', 'example_external_task_marker_parent' retrieved from /home/airflow/.local/lib/python3.12/site-packages/airflow/example_dags/example_external_task_marker_dag.py
[2024-12-14T19:40:03.152+0000] {logging_mixin.py:190} INFO - [2024-12-14T19:40:03.151+0000] {dag.py:3239} INFO - Sync 2 DAGs
[2024-12-14T19:40:03.170+0000] {logging_mixin.py:190} INFO - [2024-12-14T19:40:03.170+0000] {dag.py:4180} INFO - Setting next_dagrun for example_external_task_marker_child to None, run_after=None
[2024-12-14T19:40:03.173+0000] {logging_mixin.py:190} INFO - [2024-12-14T19:40:03.173+0000] {dag.py:4180} INFO - Setting next_dagrun for example_external_task_marker_parent to None, run_after=None
[2024-12-14T19:40:03.189+0000] {processor.py:208} INFO - Processing /home/airflow/.local/lib/python3.12/site-packages/airflow/example_dags/example_external_task_marker_dag.py took 0.082 seconds
[2024-12-14T19:40:34.068+0000] {processor.py:186} INFO - Started process (PID=635) to work on /home/airflow/.local/lib/python3.12/site-packages/airflow/example_dags/example_external_task_marker_dag.py
[2024-12-14T19:40:34.069+0000] {processor.py:914} INFO - Processing file /home/airflow/.local/lib/python3.12/site-packages/airflow/example_dags/example_external_task_marker_dag.py for tasks to queue
[2024-12-14T19:40:34.071+0000] {logging_mixin.py:190} INFO - [2024-12-14T19:40:34.071+0000] {dagbag.py:588} INFO - Filling up the DagBag from /home/airflow/.local/lib/python3.12/site-packages/airflow/example_dags/example_external_task_marker_dag.py
[2024-12-14T19:40:34.078+0000] {processor.py:925} INFO - DAG(s) 'example_external_task_marker_parent', 'example_external_task_marker_child' retrieved from /home/airflow/.local/lib/python3.12/site-packages/airflow/example_dags/example_external_task_marker_dag.py
[2024-12-14T19:40:34.096+0000] {logging_mixin.py:190} INFO - [2024-12-14T19:40:34.096+0000] {dag.py:3239} INFO - Sync 2 DAGs
[2024-12-14T19:40:34.108+0000] {logging_mixin.py:190} INFO - [2024-12-14T19:40:34.108+0000] {dag.py:4180} INFO - Setting next_dagrun for example_external_task_marker_child to None, run_after=None
[2024-12-14T19:40:34.111+0000] {logging_mixin.py:190} INFO - [2024-12-14T19:40:34.111+0000] {dag.py:4180} INFO - Setting next_dagrun for example_external_task_marker_parent to None, run_after=None
[2024-12-14T19:40:34.125+0000] {processor.py:208} INFO - Processing /home/airflow/.local/lib/python3.12/site-packages/airflow/example_dags/example_external_task_marker_dag.py took 0.062 seconds
[2024-12-14T19:41:04.890+0000] {processor.py:186} INFO - Started process (PID=698) to work on /home/airflow/.local/lib/python3.12/site-packages/airflow/example_dags/example_external_task_marker_dag.py
[2024-12-14T19:41:04.891+0000] {processor.py:914} INFO - Processing file /home/airflow/.local/lib/python3.12/site-packages/airflow/example_dags/example_external_task_marker_dag.py for tasks to queue
[2024-12-14T19:41:04.893+0000] {logging_mixin.py:190} INFO - [2024-12-14T19:41:04.892+0000] {dagbag.py:588} INFO - Filling up the DagBag from /home/airflow/.local/lib/python3.12/site-packages/airflow/example_dags/example_external_task_marker_dag.py
[2024-12-14T19:41:04.899+0000] {processor.py:925} INFO - DAG(s) 'example_external_task_marker_child', 'example_external_task_marker_parent' retrieved from /home/airflow/.local/lib/python3.12/site-packages/airflow/example_dags/example_external_task_marker_dag.py
[2024-12-14T19:41:04.918+0000] {logging_mixin.py:190} INFO - [2024-12-14T19:41:04.917+0000] {dag.py:3239} INFO - Sync 2 DAGs
[2024-12-14T19:41:04.930+0000] {logging_mixin.py:190} INFO - [2024-12-14T19:41:04.930+0000] {dag.py:4180} INFO - Setting next_dagrun for example_external_task_marker_child to None, run_after=None
[2024-12-14T19:41:04.933+0000] {logging_mixin.py:190} INFO - [2024-12-14T19:41:04.933+0000] {dag.py:4180} INFO - Setting next_dagrun for example_external_task_marker_parent to None, run_after=None
[2024-12-14T19:41:04.947+0000] {processor.py:208} INFO - Processing /home/airflow/.local/lib/python3.12/site-packages/airflow/example_dags/example_external_task_marker_dag.py took 0.062 seconds
[2024-12-14T19:41:36.013+0000] {processor.py:186} INFO - Started process (PID=761) to work on /home/airflow/.local/lib/python3.12/site-packages/airflow/example_dags/example_external_task_marker_dag.py
[2024-12-14T19:41:36.014+0000] {processor.py:914} INFO - Processing file /home/airflow/.local/lib/python3.12/site-packages/airflow/example_dags/example_external_task_marker_dag.py for tasks to queue
[2024-12-14T19:41:36.015+0000] {logging_mixin.py:190} INFO - [2024-12-14T19:41:36.015+0000] {dagbag.py:588} INFO - Filling up the DagBag from /home/airflow/.local/lib/python3.12/site-packages/airflow/example_dags/example_external_task_marker_dag.py
[2024-12-14T19:41:36.022+0000] {processor.py:925} INFO - DAG(s) 'example_external_task_marker_parent', 'example_external_task_marker_child' retrieved from /home/airflow/.local/lib/python3.12/site-packages/airflow/example_dags/example_external_task_marker_dag.py
[2024-12-14T19:41:36.039+0000] {logging_mixin.py:190} INFO - [2024-12-14T19:41:36.039+0000] {dag.py:3239} INFO - Sync 2 DAGs
[2024-12-14T19:41:36.051+0000] {logging_mixin.py:190} INFO - [2024-12-14T19:41:36.051+0000] {dag.py:4180} INFO - Setting next_dagrun for example_external_task_marker_child to None, run_after=None
[2024-12-14T19:41:36.054+0000] {logging_mixin.py:190} INFO - [2024-12-14T19:41:36.054+0000] {dag.py:4180} INFO - Setting next_dagrun for example_external_task_marker_parent to None, run_after=None
[2024-12-14T19:41:36.067+0000] {processor.py:208} INFO - Processing /home/airflow/.local/lib/python3.12/site-packages/airflow/example_dags/example_external_task_marker_dag.py took 0.060 seconds
[2024-12-14T19:42:07.596+0000] {processor.py:186} INFO - Started process (PID=822) to work on /home/airflow/.local/lib/python3.12/site-packages/airflow/example_dags/example_external_task_marker_dag.py
[2024-12-14T19:42:07.597+0000] {processor.py:914} INFO - Processing file /home/airflow/.local/lib/python3.12/site-packages/airflow/example_dags/example_external_task_marker_dag.py for tasks to queue
[2024-12-14T19:42:07.599+0000] {logging_mixin.py:190} INFO - [2024-12-14T19:42:07.599+0000] {dagbag.py:588} INFO - Filling up the DagBag from /home/airflow/.local/lib/python3.12/site-packages/airflow/example_dags/example_external_task_marker_dag.py
[2024-12-14T19:42:07.608+0000] {processor.py:925} INFO - DAG(s) 'example_external_task_marker_parent', 'example_external_task_marker_child' retrieved from /home/airflow/.local/lib/python3.12/site-packages/airflow/example_dags/example_external_task_marker_dag.py
[2024-12-14T19:42:07.633+0000] {logging_mixin.py:190} INFO - [2024-12-14T19:42:07.632+0000] {dag.py:3239} INFO - Sync 2 DAGs
[2024-12-14T19:42:07.651+0000] {logging_mixin.py:190} INFO - [2024-12-14T19:42:07.650+0000] {dag.py:4180} INFO - Setting next_dagrun for example_external_task_marker_child to None, run_after=None
[2024-12-14T19:42:07.655+0000] {logging_mixin.py:190} INFO - [2024-12-14T19:42:07.655+0000] {dag.py:4180} INFO - Setting next_dagrun for example_external_task_marker_parent to None, run_after=None
[2024-12-14T19:42:07.670+0000] {processor.py:208} INFO - Processing /home/airflow/.local/lib/python3.12/site-packages/airflow/example_dags/example_external_task_marker_dag.py took 0.081 seconds
[2024-12-14T19:42:38.912+0000] {processor.py:186} INFO - Started process (PID=885) to work on /home/airflow/.local/lib/python3.12/site-packages/airflow/example_dags/example_external_task_marker_dag.py
[2024-12-14T19:42:38.913+0000] {processor.py:914} INFO - Processing file /home/airflow/.local/lib/python3.12/site-packages/airflow/example_dags/example_external_task_marker_dag.py for tasks to queue
[2024-12-14T19:42:38.915+0000] {logging_mixin.py:190} INFO - [2024-12-14T19:42:38.915+0000] {dagbag.py:588} INFO - Filling up the DagBag from /home/airflow/.local/lib/python3.12/site-packages/airflow/example_dags/example_external_task_marker_dag.py
[2024-12-14T19:42:38.922+0000] {processor.py:925} INFO - DAG(s) 'example_external_task_marker_parent', 'example_external_task_marker_child' retrieved from /home/airflow/.local/lib/python3.12/site-packages/airflow/example_dags/example_external_task_marker_dag.py
[2024-12-14T19:42:38.943+0000] {logging_mixin.py:190} INFO - [2024-12-14T19:42:38.942+0000] {dag.py:3239} INFO - Sync 2 DAGs
[2024-12-14T19:42:38.958+0000] {logging_mixin.py:190} INFO - [2024-12-14T19:42:38.957+0000] {dag.py:4180} INFO - Setting next_dagrun for example_external_task_marker_child to None, run_after=None
[2024-12-14T19:42:38.961+0000] {logging_mixin.py:190} INFO - [2024-12-14T19:42:38.961+0000] {dag.py:4180} INFO - Setting next_dagrun for example_external_task_marker_parent to None, run_after=None
[2024-12-14T19:42:38.974+0000] {processor.py:208} INFO - Processing /home/airflow/.local/lib/python3.12/site-packages/airflow/example_dags/example_external_task_marker_dag.py took 0.067 seconds
[2024-12-14T19:43:09.331+0000] {processor.py:186} INFO - Started process (PID=948) to work on /home/airflow/.local/lib/python3.12/site-packages/airflow/example_dags/example_external_task_marker_dag.py
[2024-12-14T19:43:09.332+0000] {processor.py:914} INFO - Processing file /home/airflow/.local/lib/python3.12/site-packages/airflow/example_dags/example_external_task_marker_dag.py for tasks to queue
[2024-12-14T19:43:09.334+0000] {logging_mixin.py:190} INFO - [2024-12-14T19:43:09.333+0000] {dagbag.py:588} INFO - Filling up the DagBag from /home/airflow/.local/lib/python3.12/site-packages/airflow/example_dags/example_external_task_marker_dag.py
[2024-12-14T19:43:09.343+0000] {processor.py:925} INFO - DAG(s) 'example_external_task_marker_child', 'example_external_task_marker_parent' retrieved from /home/airflow/.local/lib/python3.12/site-packages/airflow/example_dags/example_external_task_marker_dag.py
[2024-12-14T19:43:09.366+0000] {logging_mixin.py:190} INFO - [2024-12-14T19:43:09.366+0000] {dag.py:3239} INFO - Sync 2 DAGs
[2024-12-14T19:43:09.381+0000] {logging_mixin.py:190} INFO - [2024-12-14T19:43:09.381+0000] {dag.py:4180} INFO - Setting next_dagrun for example_external_task_marker_child to None, run_after=None
[2024-12-14T19:43:09.385+0000] {logging_mixin.py:190} INFO - [2024-12-14T19:43:09.385+0000] {dag.py:4180} INFO - Setting next_dagrun for example_external_task_marker_parent to None, run_after=None
[2024-12-14T19:43:09.401+0000] {processor.py:208} INFO - Processing /home/airflow/.local/lib/python3.12/site-packages/airflow/example_dags/example_external_task_marker_dag.py took 0.076 seconds
[2024-12-14T19:43:40.126+0000] {processor.py:186} INFO - Started process (PID=1010) to work on /home/airflow/.local/lib/python3.12/site-packages/airflow/example_dags/example_external_task_marker_dag.py
[2024-12-14T19:43:40.127+0000] {processor.py:914} INFO - Processing file /home/airflow/.local/lib/python3.12/site-packages/airflow/example_dags/example_external_task_marker_dag.py for tasks to queue
[2024-12-14T19:43:40.129+0000] {logging_mixin.py:190} INFO - [2024-12-14T19:43:40.129+0000] {dagbag.py:588} INFO - Filling up the DagBag from /home/airflow/.local/lib/python3.12/site-packages/airflow/example_dags/example_external_task_marker_dag.py
[2024-12-14T19:43:40.136+0000] {processor.py:925} INFO - DAG(s) 'example_external_task_marker_child', 'example_external_task_marker_parent' retrieved from /home/airflow/.local/lib/python3.12/site-packages/airflow/example_dags/example_external_task_marker_dag.py
[2024-12-14T19:43:40.154+0000] {logging_mixin.py:190} INFO - [2024-12-14T19:43:40.154+0000] {dag.py:3239} INFO - Sync 2 DAGs
[2024-12-14T19:43:40.166+0000] {logging_mixin.py:190} INFO - [2024-12-14T19:43:40.166+0000] {dag.py:4180} INFO - Setting next_dagrun for example_external_task_marker_child to None, run_after=None
[2024-12-14T19:43:40.170+0000] {logging_mixin.py:190} INFO - [2024-12-14T19:43:40.170+0000] {dag.py:4180} INFO - Setting next_dagrun for example_external_task_marker_parent to None, run_after=None
[2024-12-14T19:43:40.182+0000] {processor.py:208} INFO - Processing /home/airflow/.local/lib/python3.12/site-packages/airflow/example_dags/example_external_task_marker_dag.py took 0.060 seconds
[2024-12-14T19:44:10.703+0000] {processor.py:186} INFO - Started process (PID=1073) to work on /home/airflow/.local/lib/python3.12/site-packages/airflow/example_dags/example_external_task_marker_dag.py
[2024-12-14T19:44:10.704+0000] {processor.py:914} INFO - Processing file /home/airflow/.local/lib/python3.12/site-packages/airflow/example_dags/example_external_task_marker_dag.py for tasks to queue
[2024-12-14T19:44:10.706+0000] {logging_mixin.py:190} INFO - [2024-12-14T19:44:10.705+0000] {dagbag.py:588} INFO - Filling up the DagBag from /home/airflow/.local/lib/python3.12/site-packages/airflow/example_dags/example_external_task_marker_dag.py
[2024-12-14T19:44:10.712+0000] {processor.py:925} INFO - DAG(s) 'example_external_task_marker_child', 'example_external_task_marker_parent' retrieved from /home/airflow/.local/lib/python3.12/site-packages/airflow/example_dags/example_external_task_marker_dag.py
[2024-12-14T19:44:10.730+0000] {logging_mixin.py:190} INFO - [2024-12-14T19:44:10.730+0000] {dag.py:3239} INFO - Sync 2 DAGs
[2024-12-14T19:44:10.743+0000] {logging_mixin.py:190} INFO - [2024-12-14T19:44:10.743+0000] {dag.py:4180} INFO - Setting next_dagrun for example_external_task_marker_child to None, run_after=None
[2024-12-14T19:44:10.746+0000] {logging_mixin.py:190} INFO - [2024-12-14T19:44:10.746+0000] {dag.py:4180} INFO - Setting next_dagrun for example_external_task_marker_parent to None, run_after=None
[2024-12-14T19:44:10.757+0000] {processor.py:208} INFO - Processing /home/airflow/.local/lib/python3.12/site-packages/airflow/example_dags/example_external_task_marker_dag.py took 0.060 seconds
[2024-12-14T19:44:42.338+0000] {processor.py:186} INFO - Started process (PID=1137) to work on /home/airflow/.local/lib/python3.12/site-packages/airflow/example_dags/example_external_task_marker_dag.py
[2024-12-14T19:44:42.339+0000] {processor.py:914} INFO - Processing file /home/airflow/.local/lib/python3.12/site-packages/airflow/example_dags/example_external_task_marker_dag.py for tasks to queue
[2024-12-14T19:44:42.341+0000] {logging_mixin.py:190} INFO - [2024-12-14T19:44:42.340+0000] {dagbag.py:588} INFO - Filling up the DagBag from /home/airflow/.local/lib/python3.12/site-packages/airflow/example_dags/example_external_task_marker_dag.py
[2024-12-14T19:44:42.348+0000] {processor.py:925} INFO - DAG(s) 'example_external_task_marker_child', 'example_external_task_marker_parent' retrieved from /home/airflow/.local/lib/python3.12/site-packages/airflow/example_dags/example_external_task_marker_dag.py
[2024-12-14T19:44:42.368+0000] {logging_mixin.py:190} INFO - [2024-12-14T19:44:42.368+0000] {dag.py:3239} INFO - Sync 2 DAGs
[2024-12-14T19:44:42.382+0000] {logging_mixin.py:190} INFO - [2024-12-14T19:44:42.382+0000] {dag.py:4180} INFO - Setting next_dagrun for example_external_task_marker_child to None, run_after=None
[2024-12-14T19:44:42.385+0000] {logging_mixin.py:190} INFO - [2024-12-14T19:44:42.385+0000] {dag.py:4180} INFO - Setting next_dagrun for example_external_task_marker_parent to None, run_after=None
[2024-12-14T19:44:42.400+0000] {processor.py:208} INFO - Processing /home/airflow/.local/lib/python3.12/site-packages/airflow/example_dags/example_external_task_marker_dag.py took 0.068 seconds
[2024-12-14T19:45:14.102+0000] {processor.py:186} INFO - Started process (PID=1200) to work on /home/airflow/.local/lib/python3.12/site-packages/airflow/example_dags/example_external_task_marker_dag.py
[2024-12-14T19:45:14.103+0000] {processor.py:914} INFO - Processing file /home/airflow/.local/lib/python3.12/site-packages/airflow/example_dags/example_external_task_marker_dag.py for tasks to queue
[2024-12-14T19:45:14.105+0000] {logging_mixin.py:190} INFO - [2024-12-14T19:45:14.105+0000] {dagbag.py:588} INFO - Filling up the DagBag from /home/airflow/.local/lib/python3.12/site-packages/airflow/example_dags/example_external_task_marker_dag.py
[2024-12-14T19:45:14.112+0000] {processor.py:925} INFO - DAG(s) 'example_external_task_marker_parent', 'example_external_task_marker_child' retrieved from /home/airflow/.local/lib/python3.12/site-packages/airflow/example_dags/example_external_task_marker_dag.py
[2024-12-14T19:45:14.130+0000] {logging_mixin.py:190} INFO - [2024-12-14T19:45:14.130+0000] {dag.py:3239} INFO - Sync 2 DAGs
[2024-12-14T19:45:14.143+0000] {logging_mixin.py:190} INFO - [2024-12-14T19:45:14.143+0000] {dag.py:4180} INFO - Setting next_dagrun for example_external_task_marker_child to None, run_after=None
[2024-12-14T19:45:14.147+0000] {logging_mixin.py:190} INFO - [2024-12-14T19:45:14.147+0000] {dag.py:4180} INFO - Setting next_dagrun for example_external_task_marker_parent to None, run_after=None
[2024-12-14T19:45:14.162+0000] {processor.py:208} INFO - Processing /home/airflow/.local/lib/python3.12/site-packages/airflow/example_dags/example_external_task_marker_dag.py took 0.064 seconds
[2024-12-14T19:45:44.955+0000] {processor.py:186} INFO - Started process (PID=1263) to work on /home/airflow/.local/lib/python3.12/site-packages/airflow/example_dags/example_external_task_marker_dag.py
[2024-12-14T19:45:44.956+0000] {processor.py:914} INFO - Processing file /home/airflow/.local/lib/python3.12/site-packages/airflow/example_dags/example_external_task_marker_dag.py for tasks to queue
[2024-12-14T19:45:44.957+0000] {logging_mixin.py:190} INFO - [2024-12-14T19:45:44.957+0000] {dagbag.py:588} INFO - Filling up the DagBag from /home/airflow/.local/lib/python3.12/site-packages/airflow/example_dags/example_external_task_marker_dag.py
[2024-12-14T19:45:44.964+0000] {processor.py:925} INFO - DAG(s) 'example_external_task_marker_child', 'example_external_task_marker_parent' retrieved from /home/airflow/.local/lib/python3.12/site-packages/airflow/example_dags/example_external_task_marker_dag.py
[2024-12-14T19:45:44.986+0000] {logging_mixin.py:190} INFO - [2024-12-14T19:45:44.986+0000] {dag.py:3239} INFO - Sync 2 DAGs
[2024-12-14T19:45:44.999+0000] {logging_mixin.py:190} INFO - [2024-12-14T19:45:44.998+0000] {dag.py:4180} INFO - Setting next_dagrun for example_external_task_marker_child to None, run_after=None
[2024-12-14T19:45:45.002+0000] {logging_mixin.py:190} INFO - [2024-12-14T19:45:45.002+0000] {dag.py:4180} INFO - Setting next_dagrun for example_external_task_marker_parent to None, run_after=None
[2024-12-14T19:45:45.016+0000] {processor.py:208} INFO - Processing /home/airflow/.local/lib/python3.12/site-packages/airflow/example_dags/example_external_task_marker_dag.py took 0.068 seconds
