[2024-12-14T19:28:23.935+0000] {processor.py:186} INFO - Started process (PID=34) to work on /home/airflow/.local/lib/python3.12/site-packages/airflow/example_dags/example_python_decorator.py
[2024-12-14T19:28:23.937+0000] {processor.py:914} INFO - Processing file /home/airflow/.local/lib/python3.12/site-packages/airflow/example_dags/example_python_decorator.py for tasks to queue
[2024-12-14T19:28:23.939+0000] {logging_mixin.py:190} INFO - [2024-12-14T19:28:23.939+0000] {dagbag.py:588} INFO - Filling up the DagBag from /home/airflow/.local/lib/python3.12/site-packages/airflow/example_dags/example_python_decorator.py
[2024-12-14T19:28:23.957+0000] {processor.py:925} INFO - DAG(s) 'example_python_decorator' retrieved from /home/airflow/.local/lib/python3.12/site-packages/airflow/example_dags/example_python_decorator.py
[2024-12-14T19:28:24.085+0000] {logging_mixin.py:190} INFO - [2024-12-14T19:28:24.085+0000] {override.py:1911} INFO - Created Permission View: can edit on DAG:example_python_decorator
[2024-12-14T19:28:24.095+0000] {logging_mixin.py:190} INFO - [2024-12-14T19:28:24.095+0000] {override.py:1911} INFO - Created Permission View: can delete on DAG:example_python_decorator
[2024-12-14T19:28:24.101+0000] {logging_mixin.py:190} INFO - [2024-12-14T19:28:24.101+0000] {override.py:1911} INFO - Created Permission View: can read on DAG:example_python_decorator
[2024-12-14T19:28:24.107+0000] {logging_mixin.py:190} INFO - [2024-12-14T19:28:24.107+0000] {override.py:1911} INFO - Created Permission View: menu access on DAG Run:example_python_decorator
[2024-12-14T19:28:24.113+0000] {logging_mixin.py:190} INFO - [2024-12-14T19:28:24.113+0000] {override.py:1911} INFO - Created Permission View: can delete on DAG Run:example_python_decorator
[2024-12-14T19:28:24.131+0000] {logging_mixin.py:190} INFO - [2024-12-14T19:28:24.131+0000] {override.py:1911} INFO - Created Permission View: can create on DAG Run:example_python_decorator
[2024-12-14T19:28:24.141+0000] {logging_mixin.py:190} INFO - [2024-12-14T19:28:24.141+0000] {override.py:1911} INFO - Created Permission View: can read on DAG Run:example_python_decorator
[2024-12-14T19:28:24.141+0000] {logging_mixin.py:190} INFO - [2024-12-14T19:28:24.141+0000] {dag.py:3239} INFO - Sync 1 DAGs
[2024-12-14T19:28:24.167+0000] {logging_mixin.py:190} INFO - [2024-12-14T19:28:24.167+0000] {dag.py:3262} INFO - Creating ORM DAG for example_python_decorator
[2024-12-14T19:28:24.168+0000] {logging_mixin.py:190} INFO - [2024-12-14T19:28:24.167+0000] {dag.py:4180} INFO - Setting next_dagrun for example_python_decorator to None, run_after=None
[2024-12-14T19:28:24.201+0000] {processor.py:208} INFO - Processing /home/airflow/.local/lib/python3.12/site-packages/airflow/example_dags/example_python_decorator.py took 0.273 seconds
[2024-12-14T19:28:54.287+0000] {processor.py:186} INFO - Started process (PID=96) to work on /home/airflow/.local/lib/python3.12/site-packages/airflow/example_dags/example_python_decorator.py
[2024-12-14T19:28:54.296+0000] {processor.py:914} INFO - Processing file /home/airflow/.local/lib/python3.12/site-packages/airflow/example_dags/example_python_decorator.py for tasks to queue
[2024-12-14T19:28:54.298+0000] {logging_mixin.py:190} INFO - [2024-12-14T19:28:54.297+0000] {dagbag.py:588} INFO - Filling up the DagBag from /home/airflow/.local/lib/python3.12/site-packages/airflow/example_dags/example_python_decorator.py
[2024-12-14T19:28:54.310+0000] {processor.py:925} INFO - DAG(s) 'example_python_decorator' retrieved from /home/airflow/.local/lib/python3.12/site-packages/airflow/example_dags/example_python_decorator.py
[2024-12-14T19:28:54.331+0000] {logging_mixin.py:190} INFO - [2024-12-14T19:28:54.330+0000] {dag.py:3239} INFO - Sync 1 DAGs
[2024-12-14T19:28:54.347+0000] {logging_mixin.py:190} INFO - [2024-12-14T19:28:54.346+0000] {dag.py:4180} INFO - Setting next_dagrun for example_python_decorator to None, run_after=None
[2024-12-14T19:28:54.362+0000] {processor.py:208} INFO - Processing /home/airflow/.local/lib/python3.12/site-packages/airflow/example_dags/example_python_decorator.py took 0.081 seconds
[2024-12-14T19:29:24.732+0000] {processor.py:186} INFO - Started process (PID=159) to work on /home/airflow/.local/lib/python3.12/site-packages/airflow/example_dags/example_python_decorator.py
[2024-12-14T19:29:24.733+0000] {processor.py:914} INFO - Processing file /home/airflow/.local/lib/python3.12/site-packages/airflow/example_dags/example_python_decorator.py for tasks to queue
[2024-12-14T19:29:24.735+0000] {logging_mixin.py:190} INFO - [2024-12-14T19:29:24.735+0000] {dagbag.py:588} INFO - Filling up the DagBag from /home/airflow/.local/lib/python3.12/site-packages/airflow/example_dags/example_python_decorator.py
[2024-12-14T19:29:24.748+0000] {processor.py:925} INFO - DAG(s) 'example_python_decorator' retrieved from /home/airflow/.local/lib/python3.12/site-packages/airflow/example_dags/example_python_decorator.py
[2024-12-14T19:29:24.767+0000] {logging_mixin.py:190} INFO - [2024-12-14T19:29:24.767+0000] {dag.py:3239} INFO - Sync 1 DAGs
[2024-12-14T19:29:24.779+0000] {logging_mixin.py:190} INFO - [2024-12-14T19:29:24.779+0000] {dag.py:4180} INFO - Setting next_dagrun for example_python_decorator to None, run_after=None
[2024-12-14T19:29:24.794+0000] {processor.py:208} INFO - Processing /home/airflow/.local/lib/python3.12/site-packages/airflow/example_dags/example_python_decorator.py took 0.066 seconds
[2024-12-14T19:29:54.997+0000] {processor.py:186} INFO - Started process (PID=222) to work on /home/airflow/.local/lib/python3.12/site-packages/airflow/example_dags/example_python_decorator.py
[2024-12-14T19:29:54.998+0000] {processor.py:914} INFO - Processing file /home/airflow/.local/lib/python3.12/site-packages/airflow/example_dags/example_python_decorator.py for tasks to queue
[2024-12-14T19:29:55.000+0000] {logging_mixin.py:190} INFO - [2024-12-14T19:29:55.000+0000] {dagbag.py:588} INFO - Filling up the DagBag from /home/airflow/.local/lib/python3.12/site-packages/airflow/example_dags/example_python_decorator.py
[2024-12-14T19:29:55.014+0000] {processor.py:925} INFO - DAG(s) 'example_python_decorator' retrieved from /home/airflow/.local/lib/python3.12/site-packages/airflow/example_dags/example_python_decorator.py
[2024-12-14T19:29:55.037+0000] {logging_mixin.py:190} INFO - [2024-12-14T19:29:55.036+0000] {dag.py:3239} INFO - Sync 1 DAGs
[2024-12-14T19:29:55.051+0000] {logging_mixin.py:190} INFO - [2024-12-14T19:29:55.051+0000] {dag.py:4180} INFO - Setting next_dagrun for example_python_decorator to None, run_after=None
[2024-12-14T19:29:55.066+0000] {processor.py:208} INFO - Processing /home/airflow/.local/lib/python3.12/site-packages/airflow/example_dags/example_python_decorator.py took 0.074 seconds
[2024-12-14T19:30:25.630+0000] {processor.py:186} INFO - Started process (PID=285) to work on /home/airflow/.local/lib/python3.12/site-packages/airflow/example_dags/example_python_decorator.py
[2024-12-14T19:30:25.630+0000] {processor.py:914} INFO - Processing file /home/airflow/.local/lib/python3.12/site-packages/airflow/example_dags/example_python_decorator.py for tasks to queue
[2024-12-14T19:30:25.632+0000] {logging_mixin.py:190} INFO - [2024-12-14T19:30:25.632+0000] {dagbag.py:588} INFO - Filling up the DagBag from /home/airflow/.local/lib/python3.12/site-packages/airflow/example_dags/example_python_decorator.py
[2024-12-14T19:30:25.645+0000] {processor.py:925} INFO - DAG(s) 'example_python_decorator' retrieved from /home/airflow/.local/lib/python3.12/site-packages/airflow/example_dags/example_python_decorator.py
[2024-12-14T19:30:25.664+0000] {logging_mixin.py:190} INFO - [2024-12-14T19:30:25.663+0000] {dag.py:3239} INFO - Sync 1 DAGs
[2024-12-14T19:30:25.677+0000] {logging_mixin.py:190} INFO - [2024-12-14T19:30:25.676+0000] {dag.py:4180} INFO - Setting next_dagrun for example_python_decorator to None, run_after=None
[2024-12-14T19:30:25.694+0000] {processor.py:208} INFO - Processing /home/airflow/.local/lib/python3.12/site-packages/airflow/example_dags/example_python_decorator.py took 0.069 seconds
[2024-12-14T19:31:37.872+0000] {processor.py:186} INFO - Started process (PID=34) to work on /home/airflow/.local/lib/python3.12/site-packages/airflow/example_dags/example_python_decorator.py
[2024-12-14T19:31:37.873+0000] {processor.py:914} INFO - Processing file /home/airflow/.local/lib/python3.12/site-packages/airflow/example_dags/example_python_decorator.py for tasks to queue
[2024-12-14T19:31:37.876+0000] {logging_mixin.py:190} INFO - [2024-12-14T19:31:37.876+0000] {dagbag.py:588} INFO - Filling up the DagBag from /home/airflow/.local/lib/python3.12/site-packages/airflow/example_dags/example_python_decorator.py
[2024-12-14T19:31:37.897+0000] {processor.py:925} INFO - DAG(s) 'example_python_decorator' retrieved from /home/airflow/.local/lib/python3.12/site-packages/airflow/example_dags/example_python_decorator.py
[2024-12-14T19:31:38.046+0000] {logging_mixin.py:190} INFO - [2024-12-14T19:31:38.046+0000] {dag.py:3239} INFO - Sync 1 DAGs
[2024-12-14T19:31:38.060+0000] {logging_mixin.py:190} INFO - [2024-12-14T19:31:38.060+0000] {dag.py:4180} INFO - Setting next_dagrun for example_python_decorator to None, run_after=None
[2024-12-14T19:31:38.080+0000] {processor.py:208} INFO - Processing /home/airflow/.local/lib/python3.12/site-packages/airflow/example_dags/example_python_decorator.py took 0.215 seconds
[2024-12-14T19:32:08.623+0000] {processor.py:186} INFO - Started process (PID=97) to work on /home/airflow/.local/lib/python3.12/site-packages/airflow/example_dags/example_python_decorator.py
[2024-12-14T19:32:08.624+0000] {processor.py:914} INFO - Processing file /home/airflow/.local/lib/python3.12/site-packages/airflow/example_dags/example_python_decorator.py for tasks to queue
[2024-12-14T19:32:08.626+0000] {logging_mixin.py:190} INFO - [2024-12-14T19:32:08.626+0000] {dagbag.py:588} INFO - Filling up the DagBag from /home/airflow/.local/lib/python3.12/site-packages/airflow/example_dags/example_python_decorator.py
[2024-12-14T19:32:08.642+0000] {processor.py:925} INFO - DAG(s) 'example_python_decorator' retrieved from /home/airflow/.local/lib/python3.12/site-packages/airflow/example_dags/example_python_decorator.py
[2024-12-14T19:32:08.661+0000] {logging_mixin.py:190} INFO - [2024-12-14T19:32:08.661+0000] {dag.py:3239} INFO - Sync 1 DAGs
[2024-12-14T19:32:08.674+0000] {logging_mixin.py:190} INFO - [2024-12-14T19:32:08.674+0000] {dag.py:4180} INFO - Setting next_dagrun for example_python_decorator to None, run_after=None
[2024-12-14T19:32:08.688+0000] {processor.py:208} INFO - Processing /home/airflow/.local/lib/python3.12/site-packages/airflow/example_dags/example_python_decorator.py took 0.070 seconds
[2024-12-14T19:32:39.208+0000] {processor.py:186} INFO - Started process (PID=161) to work on /home/airflow/.local/lib/python3.12/site-packages/airflow/example_dags/example_python_decorator.py
[2024-12-14T19:32:39.211+0000] {processor.py:914} INFO - Processing file /home/airflow/.local/lib/python3.12/site-packages/airflow/example_dags/example_python_decorator.py for tasks to queue
[2024-12-14T19:32:39.213+0000] {logging_mixin.py:190} INFO - [2024-12-14T19:32:39.213+0000] {dagbag.py:588} INFO - Filling up the DagBag from /home/airflow/.local/lib/python3.12/site-packages/airflow/example_dags/example_python_decorator.py
[2024-12-14T19:32:39.229+0000] {processor.py:925} INFO - DAG(s) 'example_python_decorator' retrieved from /home/airflow/.local/lib/python3.12/site-packages/airflow/example_dags/example_python_decorator.py
[2024-12-14T19:32:39.246+0000] {logging_mixin.py:190} INFO - [2024-12-14T19:32:39.246+0000] {dag.py:3239} INFO - Sync 1 DAGs
[2024-12-14T19:32:39.261+0000] {logging_mixin.py:190} INFO - [2024-12-14T19:32:39.261+0000] {dag.py:4180} INFO - Setting next_dagrun for example_python_decorator to None, run_after=None
[2024-12-14T19:32:39.278+0000] {processor.py:208} INFO - Processing /home/airflow/.local/lib/python3.12/site-packages/airflow/example_dags/example_python_decorator.py took 0.075 seconds
[2024-12-14T19:33:09.362+0000] {processor.py:186} INFO - Started process (PID=224) to work on /home/airflow/.local/lib/python3.12/site-packages/airflow/example_dags/example_python_decorator.py
[2024-12-14T19:33:09.364+0000] {processor.py:914} INFO - Processing file /home/airflow/.local/lib/python3.12/site-packages/airflow/example_dags/example_python_decorator.py for tasks to queue
[2024-12-14T19:33:09.365+0000] {logging_mixin.py:190} INFO - [2024-12-14T19:33:09.365+0000] {dagbag.py:588} INFO - Filling up the DagBag from /home/airflow/.local/lib/python3.12/site-packages/airflow/example_dags/example_python_decorator.py
[2024-12-14T19:33:09.378+0000] {processor.py:925} INFO - DAG(s) 'example_python_decorator' retrieved from /home/airflow/.local/lib/python3.12/site-packages/airflow/example_dags/example_python_decorator.py
[2024-12-14T19:33:09.395+0000] {logging_mixin.py:190} INFO - [2024-12-14T19:33:09.395+0000] {dag.py:3239} INFO - Sync 1 DAGs
[2024-12-14T19:33:09.407+0000] {logging_mixin.py:190} INFO - [2024-12-14T19:33:09.407+0000] {dag.py:4180} INFO - Setting next_dagrun for example_python_decorator to None, run_after=None
[2024-12-14T19:33:09.421+0000] {processor.py:208} INFO - Processing /home/airflow/.local/lib/python3.12/site-packages/airflow/example_dags/example_python_decorator.py took 0.065 seconds
[2024-12-14T19:33:39.529+0000] {processor.py:186} INFO - Started process (PID=287) to work on /home/airflow/.local/lib/python3.12/site-packages/airflow/example_dags/example_python_decorator.py
[2024-12-14T19:33:39.530+0000] {processor.py:914} INFO - Processing file /home/airflow/.local/lib/python3.12/site-packages/airflow/example_dags/example_python_decorator.py for tasks to queue
[2024-12-14T19:33:39.532+0000] {logging_mixin.py:190} INFO - [2024-12-14T19:33:39.531+0000] {dagbag.py:588} INFO - Filling up the DagBag from /home/airflow/.local/lib/python3.12/site-packages/airflow/example_dags/example_python_decorator.py
[2024-12-14T19:33:39.546+0000] {processor.py:925} INFO - DAG(s) 'example_python_decorator' retrieved from /home/airflow/.local/lib/python3.12/site-packages/airflow/example_dags/example_python_decorator.py
[2024-12-14T19:33:39.568+0000] {logging_mixin.py:190} INFO - [2024-12-14T19:33:39.567+0000] {dag.py:3239} INFO - Sync 1 DAGs
[2024-12-14T19:33:39.580+0000] {logging_mixin.py:190} INFO - [2024-12-14T19:33:39.580+0000] {dag.py:4180} INFO - Setting next_dagrun for example_python_decorator to None, run_after=None
[2024-12-14T19:33:39.595+0000] {processor.py:208} INFO - Processing /home/airflow/.local/lib/python3.12/site-packages/airflow/example_dags/example_python_decorator.py took 0.071 seconds
[2024-12-14T19:34:10.101+0000] {processor.py:186} INFO - Started process (PID=350) to work on /home/airflow/.local/lib/python3.12/site-packages/airflow/example_dags/example_python_decorator.py
[2024-12-14T19:34:10.103+0000] {processor.py:914} INFO - Processing file /home/airflow/.local/lib/python3.12/site-packages/airflow/example_dags/example_python_decorator.py for tasks to queue
[2024-12-14T19:34:10.104+0000] {logging_mixin.py:190} INFO - [2024-12-14T19:34:10.104+0000] {dagbag.py:588} INFO - Filling up the DagBag from /home/airflow/.local/lib/python3.12/site-packages/airflow/example_dags/example_python_decorator.py
[2024-12-14T19:34:10.119+0000] {processor.py:925} INFO - DAG(s) 'example_python_decorator' retrieved from /home/airflow/.local/lib/python3.12/site-packages/airflow/example_dags/example_python_decorator.py
[2024-12-14T19:34:10.140+0000] {logging_mixin.py:190} INFO - [2024-12-14T19:34:10.139+0000] {dag.py:3239} INFO - Sync 1 DAGs
[2024-12-14T19:34:10.153+0000] {logging_mixin.py:190} INFO - [2024-12-14T19:34:10.153+0000] {dag.py:4180} INFO - Setting next_dagrun for example_python_decorator to None, run_after=None
[2024-12-14T19:34:10.169+0000] {processor.py:208} INFO - Processing /home/airflow/.local/lib/python3.12/site-packages/airflow/example_dags/example_python_decorator.py took 0.073 seconds
[2024-12-14T19:34:40.614+0000] {processor.py:186} INFO - Started process (PID=413) to work on /home/airflow/.local/lib/python3.12/site-packages/airflow/example_dags/example_python_decorator.py
[2024-12-14T19:34:40.615+0000] {processor.py:914} INFO - Processing file /home/airflow/.local/lib/python3.12/site-packages/airflow/example_dags/example_python_decorator.py for tasks to queue
[2024-12-14T19:34:40.618+0000] {logging_mixin.py:190} INFO - [2024-12-14T19:34:40.617+0000] {dagbag.py:588} INFO - Filling up the DagBag from /home/airflow/.local/lib/python3.12/site-packages/airflow/example_dags/example_python_decorator.py
[2024-12-14T19:34:40.632+0000] {processor.py:925} INFO - DAG(s) 'example_python_decorator' retrieved from /home/airflow/.local/lib/python3.12/site-packages/airflow/example_dags/example_python_decorator.py
[2024-12-14T19:34:40.650+0000] {logging_mixin.py:190} INFO - [2024-12-14T19:34:40.650+0000] {dag.py:3239} INFO - Sync 1 DAGs
[2024-12-14T19:34:40.664+0000] {logging_mixin.py:190} INFO - [2024-12-14T19:34:40.663+0000] {dag.py:4180} INFO - Setting next_dagrun for example_python_decorator to None, run_after=None
[2024-12-14T19:34:40.681+0000] {processor.py:208} INFO - Processing /home/airflow/.local/lib/python3.12/site-packages/airflow/example_dags/example_python_decorator.py took 0.073 seconds
[2024-12-14T19:35:51.202+0000] {processor.py:186} INFO - Started process (PID=33) to work on /home/airflow/.local/lib/python3.12/site-packages/airflow/example_dags/example_python_decorator.py
[2024-12-14T19:35:51.204+0000] {processor.py:914} INFO - Processing file /home/airflow/.local/lib/python3.12/site-packages/airflow/example_dags/example_python_decorator.py for tasks to queue
[2024-12-14T19:35:51.206+0000] {logging_mixin.py:190} INFO - [2024-12-14T19:35:51.206+0000] {dagbag.py:588} INFO - Filling up the DagBag from /home/airflow/.local/lib/python3.12/site-packages/airflow/example_dags/example_python_decorator.py
[2024-12-14T19:35:51.224+0000] {processor.py:925} INFO - DAG(s) 'example_python_decorator' retrieved from /home/airflow/.local/lib/python3.12/site-packages/airflow/example_dags/example_python_decorator.py
[2024-12-14T19:35:51.361+0000] {logging_mixin.py:190} INFO - [2024-12-14T19:35:51.360+0000] {dag.py:3239} INFO - Sync 1 DAGs
[2024-12-14T19:35:51.376+0000] {logging_mixin.py:190} INFO - [2024-12-14T19:35:51.376+0000] {dag.py:4180} INFO - Setting next_dagrun for example_python_decorator to None, run_after=None
[2024-12-14T19:35:51.396+0000] {processor.py:208} INFO - Processing /home/airflow/.local/lib/python3.12/site-packages/airflow/example_dags/example_python_decorator.py took 0.201 seconds
[2024-12-14T19:36:21.652+0000] {processor.py:186} INFO - Started process (PID=96) to work on /home/airflow/.local/lib/python3.12/site-packages/airflow/example_dags/example_python_decorator.py
[2024-12-14T19:36:21.653+0000] {processor.py:914} INFO - Processing file /home/airflow/.local/lib/python3.12/site-packages/airflow/example_dags/example_python_decorator.py for tasks to queue
[2024-12-14T19:36:21.655+0000] {logging_mixin.py:190} INFO - [2024-12-14T19:36:21.654+0000] {dagbag.py:588} INFO - Filling up the DagBag from /home/airflow/.local/lib/python3.12/site-packages/airflow/example_dags/example_python_decorator.py
[2024-12-14T19:36:21.666+0000] {processor.py:925} INFO - DAG(s) 'example_python_decorator' retrieved from /home/airflow/.local/lib/python3.12/site-packages/airflow/example_dags/example_python_decorator.py
[2024-12-14T19:36:21.686+0000] {logging_mixin.py:190} INFO - [2024-12-14T19:36:21.686+0000] {dag.py:3239} INFO - Sync 1 DAGs
[2024-12-14T19:36:21.699+0000] {logging_mixin.py:190} INFO - [2024-12-14T19:36:21.698+0000] {dag.py:4180} INFO - Setting next_dagrun for example_python_decorator to None, run_after=None
[2024-12-14T19:36:21.714+0000] {processor.py:208} INFO - Processing /home/airflow/.local/lib/python3.12/site-packages/airflow/example_dags/example_python_decorator.py took 0.068 seconds
[2024-12-14T19:36:52.616+0000] {processor.py:186} INFO - Started process (PID=159) to work on /home/airflow/.local/lib/python3.12/site-packages/airflow/example_dags/example_python_decorator.py
[2024-12-14T19:36:52.618+0000] {processor.py:914} INFO - Processing file /home/airflow/.local/lib/python3.12/site-packages/airflow/example_dags/example_python_decorator.py for tasks to queue
[2024-12-14T19:36:52.620+0000] {logging_mixin.py:190} INFO - [2024-12-14T19:36:52.619+0000] {dagbag.py:588} INFO - Filling up the DagBag from /home/airflow/.local/lib/python3.12/site-packages/airflow/example_dags/example_python_decorator.py
[2024-12-14T19:36:52.632+0000] {processor.py:925} INFO - DAG(s) 'example_python_decorator' retrieved from /home/airflow/.local/lib/python3.12/site-packages/airflow/example_dags/example_python_decorator.py
[2024-12-14T19:36:52.653+0000] {logging_mixin.py:190} INFO - [2024-12-14T19:36:52.653+0000] {dag.py:3239} INFO - Sync 1 DAGs
[2024-12-14T19:36:52.669+0000] {logging_mixin.py:190} INFO - [2024-12-14T19:36:52.669+0000] {dag.py:4180} INFO - Setting next_dagrun for example_python_decorator to None, run_after=None
[2024-12-14T19:36:52.686+0000] {processor.py:208} INFO - Processing /home/airflow/.local/lib/python3.12/site-packages/airflow/example_dags/example_python_decorator.py took 0.076 seconds
[2024-12-14T19:37:23.631+0000] {processor.py:186} INFO - Started process (PID=222) to work on /home/airflow/.local/lib/python3.12/site-packages/airflow/example_dags/example_python_decorator.py
[2024-12-14T19:37:23.632+0000] {processor.py:914} INFO - Processing file /home/airflow/.local/lib/python3.12/site-packages/airflow/example_dags/example_python_decorator.py for tasks to queue
[2024-12-14T19:37:23.633+0000] {logging_mixin.py:190} INFO - [2024-12-14T19:37:23.633+0000] {dagbag.py:588} INFO - Filling up the DagBag from /home/airflow/.local/lib/python3.12/site-packages/airflow/example_dags/example_python_decorator.py
[2024-12-14T19:37:23.645+0000] {processor.py:925} INFO - DAG(s) 'example_python_decorator' retrieved from /home/airflow/.local/lib/python3.12/site-packages/airflow/example_dags/example_python_decorator.py
[2024-12-14T19:37:23.662+0000] {logging_mixin.py:190} INFO - [2024-12-14T19:37:23.661+0000] {dag.py:3239} INFO - Sync 1 DAGs
[2024-12-14T19:37:23.677+0000] {logging_mixin.py:190} INFO - [2024-12-14T19:37:23.676+0000] {dag.py:4180} INFO - Setting next_dagrun for example_python_decorator to None, run_after=None
[2024-12-14T19:37:23.693+0000] {processor.py:208} INFO - Processing /home/airflow/.local/lib/python3.12/site-packages/airflow/example_dags/example_python_decorator.py took 0.068 seconds
[2024-12-14T19:37:54.681+0000] {processor.py:186} INFO - Started process (PID=285) to work on /home/airflow/.local/lib/python3.12/site-packages/airflow/example_dags/example_python_decorator.py
[2024-12-14T19:37:54.682+0000] {processor.py:914} INFO - Processing file /home/airflow/.local/lib/python3.12/site-packages/airflow/example_dags/example_python_decorator.py for tasks to queue
[2024-12-14T19:37:54.684+0000] {logging_mixin.py:190} INFO - [2024-12-14T19:37:54.684+0000] {dagbag.py:588} INFO - Filling up the DagBag from /home/airflow/.local/lib/python3.12/site-packages/airflow/example_dags/example_python_decorator.py
[2024-12-14T19:37:54.698+0000] {processor.py:925} INFO - DAG(s) 'example_python_decorator' retrieved from /home/airflow/.local/lib/python3.12/site-packages/airflow/example_dags/example_python_decorator.py
[2024-12-14T19:37:54.715+0000] {logging_mixin.py:190} INFO - [2024-12-14T19:37:54.715+0000] {dag.py:3239} INFO - Sync 1 DAGs
[2024-12-14T19:37:54.729+0000] {logging_mixin.py:190} INFO - [2024-12-14T19:37:54.729+0000] {dag.py:4180} INFO - Setting next_dagrun for example_python_decorator to None, run_after=None
[2024-12-14T19:37:54.747+0000] {processor.py:208} INFO - Processing /home/airflow/.local/lib/python3.12/site-packages/airflow/example_dags/example_python_decorator.py took 0.070 seconds
[2024-12-14T19:38:25.709+0000] {processor.py:186} INFO - Started process (PID=348) to work on /home/airflow/.local/lib/python3.12/site-packages/airflow/example_dags/example_python_decorator.py
[2024-12-14T19:38:25.711+0000] {processor.py:914} INFO - Processing file /home/airflow/.local/lib/python3.12/site-packages/airflow/example_dags/example_python_decorator.py for tasks to queue
[2024-12-14T19:38:25.713+0000] {logging_mixin.py:190} INFO - [2024-12-14T19:38:25.712+0000] {dagbag.py:588} INFO - Filling up the DagBag from /home/airflow/.local/lib/python3.12/site-packages/airflow/example_dags/example_python_decorator.py
[2024-12-14T19:38:25.727+0000] {processor.py:925} INFO - DAG(s) 'example_python_decorator' retrieved from /home/airflow/.local/lib/python3.12/site-packages/airflow/example_dags/example_python_decorator.py
[2024-12-14T19:38:25.748+0000] {logging_mixin.py:190} INFO - [2024-12-14T19:38:25.748+0000] {dag.py:3239} INFO - Sync 1 DAGs
[2024-12-14T19:38:25.765+0000] {logging_mixin.py:190} INFO - [2024-12-14T19:38:25.764+0000] {dag.py:4180} INFO - Setting next_dagrun for example_python_decorator to None, run_after=None
[2024-12-14T19:38:25.780+0000] {processor.py:208} INFO - Processing /home/airflow/.local/lib/python3.12/site-packages/airflow/example_dags/example_python_decorator.py took 0.075 seconds
[2024-12-14T19:38:56.749+0000] {processor.py:186} INFO - Started process (PID=411) to work on /home/airflow/.local/lib/python3.12/site-packages/airflow/example_dags/example_python_decorator.py
[2024-12-14T19:38:56.750+0000] {processor.py:914} INFO - Processing file /home/airflow/.local/lib/python3.12/site-packages/airflow/example_dags/example_python_decorator.py for tasks to queue
[2024-12-14T19:38:56.752+0000] {logging_mixin.py:190} INFO - [2024-12-14T19:38:56.752+0000] {dagbag.py:588} INFO - Filling up the DagBag from /home/airflow/.local/lib/python3.12/site-packages/airflow/example_dags/example_python_decorator.py
[2024-12-14T19:38:56.765+0000] {processor.py:925} INFO - DAG(s) 'example_python_decorator' retrieved from /home/airflow/.local/lib/python3.12/site-packages/airflow/example_dags/example_python_decorator.py
[2024-12-14T19:38:56.783+0000] {logging_mixin.py:190} INFO - [2024-12-14T19:38:56.783+0000] {dag.py:3239} INFO - Sync 1 DAGs
[2024-12-14T19:38:56.798+0000] {logging_mixin.py:190} INFO - [2024-12-14T19:38:56.798+0000] {dag.py:4180} INFO - Setting next_dagrun for example_python_decorator to None, run_after=None
[2024-12-14T19:38:56.817+0000] {processor.py:208} INFO - Processing /home/airflow/.local/lib/python3.12/site-packages/airflow/example_dags/example_python_decorator.py took 0.073 seconds
[2024-12-14T19:39:27.059+0000] {processor.py:186} INFO - Started process (PID=474) to work on /home/airflow/.local/lib/python3.12/site-packages/airflow/example_dags/example_python_decorator.py
[2024-12-14T19:39:27.060+0000] {processor.py:914} INFO - Processing file /home/airflow/.local/lib/python3.12/site-packages/airflow/example_dags/example_python_decorator.py for tasks to queue
[2024-12-14T19:39:27.062+0000] {logging_mixin.py:190} INFO - [2024-12-14T19:39:27.061+0000] {dagbag.py:588} INFO - Filling up the DagBag from /home/airflow/.local/lib/python3.12/site-packages/airflow/example_dags/example_python_decorator.py
[2024-12-14T19:39:27.074+0000] {processor.py:925} INFO - DAG(s) 'example_python_decorator' retrieved from /home/airflow/.local/lib/python3.12/site-packages/airflow/example_dags/example_python_decorator.py
[2024-12-14T19:39:27.092+0000] {logging_mixin.py:190} INFO - [2024-12-14T19:39:27.091+0000] {dag.py:3239} INFO - Sync 1 DAGs
[2024-12-14T19:39:27.104+0000] {logging_mixin.py:190} INFO - [2024-12-14T19:39:27.103+0000] {dag.py:4180} INFO - Setting next_dagrun for example_python_decorator to None, run_after=None
[2024-12-14T19:39:27.118+0000] {processor.py:208} INFO - Processing /home/airflow/.local/lib/python3.12/site-packages/airflow/example_dags/example_python_decorator.py took 0.065 seconds
[2024-12-14T19:39:57.183+0000] {processor.py:186} INFO - Started process (PID=537) to work on /home/airflow/.local/lib/python3.12/site-packages/airflow/example_dags/example_python_decorator.py
[2024-12-14T19:39:57.183+0000] {processor.py:914} INFO - Processing file /home/airflow/.local/lib/python3.12/site-packages/airflow/example_dags/example_python_decorator.py for tasks to queue
[2024-12-14T19:39:57.185+0000] {logging_mixin.py:190} INFO - [2024-12-14T19:39:57.185+0000] {dagbag.py:588} INFO - Filling up the DagBag from /home/airflow/.local/lib/python3.12/site-packages/airflow/example_dags/example_python_decorator.py
[2024-12-14T19:39:57.200+0000] {processor.py:925} INFO - DAG(s) 'example_python_decorator' retrieved from /home/airflow/.local/lib/python3.12/site-packages/airflow/example_dags/example_python_decorator.py
[2024-12-14T19:39:57.221+0000] {logging_mixin.py:190} INFO - [2024-12-14T19:39:57.220+0000] {dag.py:3239} INFO - Sync 1 DAGs
[2024-12-14T19:39:57.234+0000] {logging_mixin.py:190} INFO - [2024-12-14T19:39:57.234+0000] {dag.py:4180} INFO - Setting next_dagrun for example_python_decorator to None, run_after=None
[2024-12-14T19:39:57.249+0000] {processor.py:208} INFO - Processing /home/airflow/.local/lib/python3.12/site-packages/airflow/example_dags/example_python_decorator.py took 0.072 seconds
[2024-12-14T19:40:28.051+0000] {processor.py:186} INFO - Started process (PID=601) to work on /home/airflow/.local/lib/python3.12/site-packages/airflow/example_dags/example_python_decorator.py
[2024-12-14T19:40:28.052+0000] {processor.py:914} INFO - Processing file /home/airflow/.local/lib/python3.12/site-packages/airflow/example_dags/example_python_decorator.py for tasks to queue
[2024-12-14T19:40:28.054+0000] {logging_mixin.py:190} INFO - [2024-12-14T19:40:28.054+0000] {dagbag.py:588} INFO - Filling up the DagBag from /home/airflow/.local/lib/python3.12/site-packages/airflow/example_dags/example_python_decorator.py
[2024-12-14T19:40:28.070+0000] {processor.py:925} INFO - DAG(s) 'example_python_decorator' retrieved from /home/airflow/.local/lib/python3.12/site-packages/airflow/example_dags/example_python_decorator.py
[2024-12-14T19:40:28.093+0000] {logging_mixin.py:190} INFO - [2024-12-14T19:40:28.093+0000] {dag.py:3239} INFO - Sync 1 DAGs
[2024-12-14T19:40:28.108+0000] {logging_mixin.py:190} INFO - [2024-12-14T19:40:28.108+0000] {dag.py:4180} INFO - Setting next_dagrun for example_python_decorator to None, run_after=None
[2024-12-14T19:40:28.127+0000] {processor.py:208} INFO - Processing /home/airflow/.local/lib/python3.12/site-packages/airflow/example_dags/example_python_decorator.py took 0.083 seconds
[2024-12-14T19:40:58.728+0000] {processor.py:186} INFO - Started process (PID=664) to work on /home/airflow/.local/lib/python3.12/site-packages/airflow/example_dags/example_python_decorator.py
[2024-12-14T19:40:58.729+0000] {processor.py:914} INFO - Processing file /home/airflow/.local/lib/python3.12/site-packages/airflow/example_dags/example_python_decorator.py for tasks to queue
[2024-12-14T19:40:58.731+0000] {logging_mixin.py:190} INFO - [2024-12-14T19:40:58.731+0000] {dagbag.py:588} INFO - Filling up the DagBag from /home/airflow/.local/lib/python3.12/site-packages/airflow/example_dags/example_python_decorator.py
[2024-12-14T19:40:58.744+0000] {processor.py:925} INFO - DAG(s) 'example_python_decorator' retrieved from /home/airflow/.local/lib/python3.12/site-packages/airflow/example_dags/example_python_decorator.py
[2024-12-14T19:40:58.764+0000] {logging_mixin.py:190} INFO - [2024-12-14T19:40:58.764+0000] {dag.py:3239} INFO - Sync 1 DAGs
[2024-12-14T19:40:58.779+0000] {logging_mixin.py:190} INFO - [2024-12-14T19:40:58.779+0000] {dag.py:4180} INFO - Setting next_dagrun for example_python_decorator to None, run_after=None
[2024-12-14T19:40:58.797+0000] {processor.py:208} INFO - Processing /home/airflow/.local/lib/python3.12/site-packages/airflow/example_dags/example_python_decorator.py took 0.073 seconds
[2024-12-14T19:41:29.464+0000] {processor.py:186} INFO - Started process (PID=727) to work on /home/airflow/.local/lib/python3.12/site-packages/airflow/example_dags/example_python_decorator.py
[2024-12-14T19:41:29.465+0000] {processor.py:914} INFO - Processing file /home/airflow/.local/lib/python3.12/site-packages/airflow/example_dags/example_python_decorator.py for tasks to queue
[2024-12-14T19:41:29.467+0000] {logging_mixin.py:190} INFO - [2024-12-14T19:41:29.467+0000] {dagbag.py:588} INFO - Filling up the DagBag from /home/airflow/.local/lib/python3.12/site-packages/airflow/example_dags/example_python_decorator.py
[2024-12-14T19:41:29.479+0000] {processor.py:925} INFO - DAG(s) 'example_python_decorator' retrieved from /home/airflow/.local/lib/python3.12/site-packages/airflow/example_dags/example_python_decorator.py
[2024-12-14T19:41:29.498+0000] {logging_mixin.py:190} INFO - [2024-12-14T19:41:29.497+0000] {dag.py:3239} INFO - Sync 1 DAGs
[2024-12-14T19:41:29.510+0000] {logging_mixin.py:190} INFO - [2024-12-14T19:41:29.510+0000] {dag.py:4180} INFO - Setting next_dagrun for example_python_decorator to None, run_after=None
[2024-12-14T19:41:29.525+0000] {processor.py:208} INFO - Processing /home/airflow/.local/lib/python3.12/site-packages/airflow/example_dags/example_python_decorator.py took 0.067 seconds
[2024-12-14T19:42:00.046+0000] {processor.py:186} INFO - Started process (PID=790) to work on /home/airflow/.local/lib/python3.12/site-packages/airflow/example_dags/example_python_decorator.py
[2024-12-14T19:42:00.048+0000] {processor.py:914} INFO - Processing file /home/airflow/.local/lib/python3.12/site-packages/airflow/example_dags/example_python_decorator.py for tasks to queue
[2024-12-14T19:42:00.049+0000] {logging_mixin.py:190} INFO - [2024-12-14T19:42:00.049+0000] {dagbag.py:588} INFO - Filling up the DagBag from /home/airflow/.local/lib/python3.12/site-packages/airflow/example_dags/example_python_decorator.py
[2024-12-14T19:42:00.064+0000] {processor.py:925} INFO - DAG(s) 'example_python_decorator' retrieved from /home/airflow/.local/lib/python3.12/site-packages/airflow/example_dags/example_python_decorator.py
[2024-12-14T19:42:00.085+0000] {logging_mixin.py:190} INFO - [2024-12-14T19:42:00.085+0000] {dag.py:3239} INFO - Sync 1 DAGs
[2024-12-14T19:42:00.100+0000] {logging_mixin.py:190} INFO - [2024-12-14T19:42:00.100+0000] {dag.py:4180} INFO - Setting next_dagrun for example_python_decorator to None, run_after=None
[2024-12-14T19:42:00.117+0000] {processor.py:208} INFO - Processing /home/airflow/.local/lib/python3.12/site-packages/airflow/example_dags/example_python_decorator.py took 0.075 seconds
[2024-12-14T19:42:30.649+0000] {processor.py:186} INFO - Started process (PID=852) to work on /home/airflow/.local/lib/python3.12/site-packages/airflow/example_dags/example_python_decorator.py
[2024-12-14T19:42:30.651+0000] {processor.py:914} INFO - Processing file /home/airflow/.local/lib/python3.12/site-packages/airflow/example_dags/example_python_decorator.py for tasks to queue
[2024-12-14T19:42:30.653+0000] {logging_mixin.py:190} INFO - [2024-12-14T19:42:30.652+0000] {dagbag.py:588} INFO - Filling up the DagBag from /home/airflow/.local/lib/python3.12/site-packages/airflow/example_dags/example_python_decorator.py
[2024-12-14T19:42:30.668+0000] {processor.py:925} INFO - DAG(s) 'example_python_decorator' retrieved from /home/airflow/.local/lib/python3.12/site-packages/airflow/example_dags/example_python_decorator.py
[2024-12-14T19:42:30.685+0000] {logging_mixin.py:190} INFO - [2024-12-14T19:42:30.685+0000] {dag.py:3239} INFO - Sync 1 DAGs
[2024-12-14T19:42:30.697+0000] {logging_mixin.py:190} INFO - [2024-12-14T19:42:30.697+0000] {dag.py:4180} INFO - Setting next_dagrun for example_python_decorator to None, run_after=None
[2024-12-14T19:42:30.713+0000] {processor.py:208} INFO - Processing /home/airflow/.local/lib/python3.12/site-packages/airflow/example_dags/example_python_decorator.py took 0.070 seconds
[2024-12-14T19:43:01.069+0000] {processor.py:186} INFO - Started process (PID=915) to work on /home/airflow/.local/lib/python3.12/site-packages/airflow/example_dags/example_python_decorator.py
[2024-12-14T19:43:01.070+0000] {processor.py:914} INFO - Processing file /home/airflow/.local/lib/python3.12/site-packages/airflow/example_dags/example_python_decorator.py for tasks to queue
[2024-12-14T19:43:01.072+0000] {logging_mixin.py:190} INFO - [2024-12-14T19:43:01.071+0000] {dagbag.py:588} INFO - Filling up the DagBag from /home/airflow/.local/lib/python3.12/site-packages/airflow/example_dags/example_python_decorator.py
[2024-12-14T19:43:01.085+0000] {processor.py:925} INFO - DAG(s) 'example_python_decorator' retrieved from /home/airflow/.local/lib/python3.12/site-packages/airflow/example_dags/example_python_decorator.py
[2024-12-14T19:43:01.109+0000] {logging_mixin.py:190} INFO - [2024-12-14T19:43:01.108+0000] {dag.py:3239} INFO - Sync 1 DAGs
[2024-12-14T19:43:01.123+0000] {logging_mixin.py:190} INFO - [2024-12-14T19:43:01.122+0000] {dag.py:4180} INFO - Setting next_dagrun for example_python_decorator to None, run_after=None
[2024-12-14T19:43:01.140+0000] {processor.py:208} INFO - Processing /home/airflow/.local/lib/python3.12/site-packages/airflow/example_dags/example_python_decorator.py took 0.077 seconds
[2024-12-14T19:43:31.224+0000] {processor.py:186} INFO - Started process (PID=978) to work on /home/airflow/.local/lib/python3.12/site-packages/airflow/example_dags/example_python_decorator.py
[2024-12-14T19:43:31.225+0000] {processor.py:914} INFO - Processing file /home/airflow/.local/lib/python3.12/site-packages/airflow/example_dags/example_python_decorator.py for tasks to queue
[2024-12-14T19:43:31.227+0000] {logging_mixin.py:190} INFO - [2024-12-14T19:43:31.227+0000] {dagbag.py:588} INFO - Filling up the DagBag from /home/airflow/.local/lib/python3.12/site-packages/airflow/example_dags/example_python_decorator.py
[2024-12-14T19:43:31.240+0000] {processor.py:925} INFO - DAG(s) 'example_python_decorator' retrieved from /home/airflow/.local/lib/python3.12/site-packages/airflow/example_dags/example_python_decorator.py
[2024-12-14T19:43:31.258+0000] {logging_mixin.py:190} INFO - [2024-12-14T19:43:31.258+0000] {dag.py:3239} INFO - Sync 1 DAGs
[2024-12-14T19:43:31.270+0000] {logging_mixin.py:190} INFO - [2024-12-14T19:43:31.270+0000] {dag.py:4180} INFO - Setting next_dagrun for example_python_decorator to None, run_after=None
[2024-12-14T19:43:31.284+0000] {processor.py:208} INFO - Processing /home/airflow/.local/lib/python3.12/site-packages/airflow/example_dags/example_python_decorator.py took 0.065 seconds
[2024-12-14T19:44:01.872+0000] {processor.py:186} INFO - Started process (PID=1041) to work on /home/airflow/.local/lib/python3.12/site-packages/airflow/example_dags/example_python_decorator.py
[2024-12-14T19:44:01.874+0000] {processor.py:914} INFO - Processing file /home/airflow/.local/lib/python3.12/site-packages/airflow/example_dags/example_python_decorator.py for tasks to queue
[2024-12-14T19:44:01.876+0000] {logging_mixin.py:190} INFO - [2024-12-14T19:44:01.875+0000] {dagbag.py:588} INFO - Filling up the DagBag from /home/airflow/.local/lib/python3.12/site-packages/airflow/example_dags/example_python_decorator.py
[2024-12-14T19:44:01.893+0000] {processor.py:925} INFO - DAG(s) 'example_python_decorator' retrieved from /home/airflow/.local/lib/python3.12/site-packages/airflow/example_dags/example_python_decorator.py
[2024-12-14T19:44:01.915+0000] {logging_mixin.py:190} INFO - [2024-12-14T19:44:01.915+0000] {dag.py:3239} INFO - Sync 1 DAGs
[2024-12-14T19:44:01.931+0000] {logging_mixin.py:190} INFO - [2024-12-14T19:44:01.931+0000] {dag.py:4180} INFO - Setting next_dagrun for example_python_decorator to None, run_after=None
[2024-12-14T19:44:01.948+0000] {processor.py:208} INFO - Processing /home/airflow/.local/lib/python3.12/site-packages/airflow/example_dags/example_python_decorator.py took 0.082 seconds
[2024-12-14T19:44:32.278+0000] {processor.py:186} INFO - Started process (PID=1104) to work on /home/airflow/.local/lib/python3.12/site-packages/airflow/example_dags/example_python_decorator.py
[2024-12-14T19:44:32.279+0000] {processor.py:914} INFO - Processing file /home/airflow/.local/lib/python3.12/site-packages/airflow/example_dags/example_python_decorator.py for tasks to queue
[2024-12-14T19:44:32.281+0000] {logging_mixin.py:190} INFO - [2024-12-14T19:44:32.281+0000] {dagbag.py:588} INFO - Filling up the DagBag from /home/airflow/.local/lib/python3.12/site-packages/airflow/example_dags/example_python_decorator.py
[2024-12-14T19:44:32.295+0000] {processor.py:925} INFO - DAG(s) 'example_python_decorator' retrieved from /home/airflow/.local/lib/python3.12/site-packages/airflow/example_dags/example_python_decorator.py
[2024-12-14T19:44:32.316+0000] {logging_mixin.py:190} INFO - [2024-12-14T19:44:32.316+0000] {dag.py:3239} INFO - Sync 1 DAGs
[2024-12-14T19:44:32.332+0000] {logging_mixin.py:190} INFO - [2024-12-14T19:44:32.332+0000] {dag.py:4180} INFO - Setting next_dagrun for example_python_decorator to None, run_after=None
[2024-12-14T19:44:32.349+0000] {processor.py:208} INFO - Processing /home/airflow/.local/lib/python3.12/site-packages/airflow/example_dags/example_python_decorator.py took 0.076 seconds
[2024-12-14T19:45:02.550+0000] {processor.py:186} INFO - Started process (PID=1167) to work on /home/airflow/.local/lib/python3.12/site-packages/airflow/example_dags/example_python_decorator.py
[2024-12-14T19:45:02.550+0000] {processor.py:914} INFO - Processing file /home/airflow/.local/lib/python3.12/site-packages/airflow/example_dags/example_python_decorator.py for tasks to queue
[2024-12-14T19:45:02.552+0000] {logging_mixin.py:190} INFO - [2024-12-14T19:45:02.552+0000] {dagbag.py:588} INFO - Filling up the DagBag from /home/airflow/.local/lib/python3.12/site-packages/airflow/example_dags/example_python_decorator.py
[2024-12-14T19:45:02.568+0000] {processor.py:925} INFO - DAG(s) 'example_python_decorator' retrieved from /home/airflow/.local/lib/python3.12/site-packages/airflow/example_dags/example_python_decorator.py
[2024-12-14T19:45:02.588+0000] {logging_mixin.py:190} INFO - [2024-12-14T19:45:02.588+0000] {dag.py:3239} INFO - Sync 1 DAGs
[2024-12-14T19:45:02.602+0000] {logging_mixin.py:190} INFO - [2024-12-14T19:45:02.601+0000] {dag.py:4180} INFO - Setting next_dagrun for example_python_decorator to None, run_after=None
[2024-12-14T19:45:02.621+0000] {processor.py:208} INFO - Processing /home/airflow/.local/lib/python3.12/site-packages/airflow/example_dags/example_python_decorator.py took 0.078 seconds
[2024-12-14T19:45:32.732+0000] {processor.py:186} INFO - Started process (PID=1230) to work on /home/airflow/.local/lib/python3.12/site-packages/airflow/example_dags/example_python_decorator.py
[2024-12-14T19:45:32.733+0000] {processor.py:914} INFO - Processing file /home/airflow/.local/lib/python3.12/site-packages/airflow/example_dags/example_python_decorator.py for tasks to queue
[2024-12-14T19:45:32.734+0000] {logging_mixin.py:190} INFO - [2024-12-14T19:45:32.734+0000] {dagbag.py:588} INFO - Filling up the DagBag from /home/airflow/.local/lib/python3.12/site-packages/airflow/example_dags/example_python_decorator.py
[2024-12-14T19:45:32.746+0000] {processor.py:925} INFO - DAG(s) 'example_python_decorator' retrieved from /home/airflow/.local/lib/python3.12/site-packages/airflow/example_dags/example_python_decorator.py
[2024-12-14T19:45:32.763+0000] {logging_mixin.py:190} INFO - [2024-12-14T19:45:32.763+0000] {dag.py:3239} INFO - Sync 1 DAGs
[2024-12-14T19:45:32.775+0000] {logging_mixin.py:190} INFO - [2024-12-14T19:45:32.775+0000] {dag.py:4180} INFO - Setting next_dagrun for example_python_decorator to None, run_after=None
[2024-12-14T19:45:32.791+0000] {processor.py:208} INFO - Processing /home/airflow/.local/lib/python3.12/site-packages/airflow/example_dags/example_python_decorator.py took 0.063 seconds
