[2024-12-14T19:28:29.096+0000] {processor.py:186} INFO - Started process (PID=53) to work on /home/airflow/.local/lib/python3.12/site-packages/airflow/example_dags/example_dataset_alias_with_no_taskflow.py
[2024-12-14T19:28:29.100+0000] {processor.py:914} INFO - Processing file /home/airflow/.local/lib/python3.12/site-packages/airflow/example_dags/example_dataset_alias_with_no_taskflow.py for tasks to queue
[2024-12-14T19:28:29.102+0000] {logging_mixin.py:190} INFO - [2024-12-14T19:28:29.101+0000] {dagbag.py:588} INFO - Filling up the DagBag from /home/airflow/.local/lib/python3.12/site-packages/airflow/example_dags/example_dataset_alias_with_no_taskflow.py
[2024-12-14T19:28:30.308+0000] {processor.py:925} INFO - DAG(s) 'dataset_alias_example_alias_producer_with_no_taskflow', 'dataset_s3_bucket_producer_with_no_taskflow', 'dataset_s3_bucket_consumer_with_no_taskflow', 'dataset_alias_example_alias_consumer_with_no_taskflow' retrieved from /home/airflow/.local/lib/python3.12/site-packages/airflow/example_dags/example_dataset_alias_with_no_taskflow.py
[2024-12-14T19:28:30.424+0000] {logging_mixin.py:190} INFO - [2024-12-14T19:28:30.423+0000] {override.py:1911} INFO - Created Permission View: can edit on DAG:dataset_alias_example_alias_producer_with_no_taskflow
[2024-12-14T19:28:30.435+0000] {logging_mixin.py:190} INFO - [2024-12-14T19:28:30.435+0000] {override.py:1911} INFO - Created Permission View: can delete on DAG:dataset_alias_example_alias_producer_with_no_taskflow
[2024-12-14T19:28:30.442+0000] {logging_mixin.py:190} INFO - [2024-12-14T19:28:30.442+0000] {override.py:1911} INFO - Created Permission View: can read on DAG:dataset_alias_example_alias_producer_with_no_taskflow
[2024-12-14T19:28:30.449+0000] {logging_mixin.py:190} INFO - [2024-12-14T19:28:30.448+0000] {override.py:1911} INFO - Created Permission View: menu access on DAG Run:dataset_alias_example_alias_producer_with_no_taskflow
[2024-12-14T19:28:30.460+0000] {logging_mixin.py:190} INFO - [2024-12-14T19:28:30.460+0000] {override.py:1911} INFO - Created Permission View: can delete on DAG Run:dataset_alias_example_alias_producer_with_no_taskflow
[2024-12-14T19:28:30.467+0000] {logging_mixin.py:190} INFO - [2024-12-14T19:28:30.467+0000] {override.py:1911} INFO - Created Permission View: can create on DAG Run:dataset_alias_example_alias_producer_with_no_taskflow
[2024-12-14T19:28:30.473+0000] {logging_mixin.py:190} INFO - [2024-12-14T19:28:30.473+0000] {override.py:1911} INFO - Created Permission View: can read on DAG Run:dataset_alias_example_alias_producer_with_no_taskflow
[2024-12-14T19:28:30.486+0000] {logging_mixin.py:190} INFO - [2024-12-14T19:28:30.486+0000] {override.py:1911} INFO - Created Permission View: can edit on DAG:dataset_s3_bucket_producer_with_no_taskflow
[2024-12-14T19:28:30.493+0000] {logging_mixin.py:190} INFO - [2024-12-14T19:28:30.493+0000] {override.py:1911} INFO - Created Permission View: can delete on DAG:dataset_s3_bucket_producer_with_no_taskflow
[2024-12-14T19:28:30.499+0000] {logging_mixin.py:190} INFO - [2024-12-14T19:28:30.499+0000] {override.py:1911} INFO - Created Permission View: can read on DAG:dataset_s3_bucket_producer_with_no_taskflow
[2024-12-14T19:28:30.506+0000] {logging_mixin.py:190} INFO - [2024-12-14T19:28:30.505+0000] {override.py:1911} INFO - Created Permission View: menu access on DAG Run:dataset_s3_bucket_producer_with_no_taskflow
[2024-12-14T19:28:30.512+0000] {logging_mixin.py:190} INFO - [2024-12-14T19:28:30.512+0000] {override.py:1911} INFO - Created Permission View: can delete on DAG Run:dataset_s3_bucket_producer_with_no_taskflow
[2024-12-14T19:28:30.518+0000] {logging_mixin.py:190} INFO - [2024-12-14T19:28:30.518+0000] {override.py:1911} INFO - Created Permission View: can create on DAG Run:dataset_s3_bucket_producer_with_no_taskflow
[2024-12-14T19:28:30.525+0000] {logging_mixin.py:190} INFO - [2024-12-14T19:28:30.524+0000] {override.py:1911} INFO - Created Permission View: can read on DAG Run:dataset_s3_bucket_producer_with_no_taskflow
[2024-12-14T19:28:30.536+0000] {logging_mixin.py:190} INFO - [2024-12-14T19:28:30.536+0000] {override.py:1911} INFO - Created Permission View: can edit on DAG:dataset_s3_bucket_consumer_with_no_taskflow
[2024-12-14T19:28:30.543+0000] {logging_mixin.py:190} INFO - [2024-12-14T19:28:30.542+0000] {override.py:1911} INFO - Created Permission View: can delete on DAG:dataset_s3_bucket_consumer_with_no_taskflow
[2024-12-14T19:28:30.549+0000] {logging_mixin.py:190} INFO - [2024-12-14T19:28:30.549+0000] {override.py:1911} INFO - Created Permission View: can read on DAG:dataset_s3_bucket_consumer_with_no_taskflow
[2024-12-14T19:28:30.555+0000] {logging_mixin.py:190} INFO - [2024-12-14T19:28:30.555+0000] {override.py:1911} INFO - Created Permission View: menu access on DAG Run:dataset_s3_bucket_consumer_with_no_taskflow
[2024-12-14T19:28:30.562+0000] {logging_mixin.py:190} INFO - [2024-12-14T19:28:30.562+0000] {override.py:1911} INFO - Created Permission View: can delete on DAG Run:dataset_s3_bucket_consumer_with_no_taskflow
[2024-12-14T19:28:30.568+0000] {logging_mixin.py:190} INFO - [2024-12-14T19:28:30.568+0000] {override.py:1911} INFO - Created Permission View: can create on DAG Run:dataset_s3_bucket_consumer_with_no_taskflow
[2024-12-14T19:28:30.575+0000] {logging_mixin.py:190} INFO - [2024-12-14T19:28:30.575+0000] {override.py:1911} INFO - Created Permission View: can read on DAG Run:dataset_s3_bucket_consumer_with_no_taskflow
[2024-12-14T19:28:30.587+0000] {logging_mixin.py:190} INFO - [2024-12-14T19:28:30.587+0000] {override.py:1911} INFO - Created Permission View: can edit on DAG:dataset_alias_example_alias_consumer_with_no_taskflow
[2024-12-14T19:28:30.594+0000] {logging_mixin.py:190} INFO - [2024-12-14T19:28:30.593+0000] {override.py:1911} INFO - Created Permission View: can delete on DAG:dataset_alias_example_alias_consumer_with_no_taskflow
[2024-12-14T19:28:30.602+0000] {logging_mixin.py:190} INFO - [2024-12-14T19:28:30.601+0000] {override.py:1911} INFO - Created Permission View: can read on DAG:dataset_alias_example_alias_consumer_with_no_taskflow
[2024-12-14T19:28:30.607+0000] {logging_mixin.py:190} INFO - [2024-12-14T19:28:30.606+0000] {override.py:1911} INFO - Created Permission View: menu access on DAG Run:dataset_alias_example_alias_consumer_with_no_taskflow
[2024-12-14T19:28:30.613+0000] {logging_mixin.py:190} INFO - [2024-12-14T19:28:30.612+0000] {override.py:1911} INFO - Created Permission View: can delete on DAG Run:dataset_alias_example_alias_consumer_with_no_taskflow
[2024-12-14T19:28:30.618+0000] {logging_mixin.py:190} INFO - [2024-12-14T19:28:30.618+0000] {override.py:1911} INFO - Created Permission View: can create on DAG Run:dataset_alias_example_alias_consumer_with_no_taskflow
[2024-12-14T19:28:30.625+0000] {logging_mixin.py:190} INFO - [2024-12-14T19:28:30.624+0000] {override.py:1911} INFO - Created Permission View: can read on DAG Run:dataset_alias_example_alias_consumer_with_no_taskflow
[2024-12-14T19:28:30.625+0000] {logging_mixin.py:190} INFO - [2024-12-14T19:28:30.625+0000] {dag.py:3239} INFO - Sync 4 DAGs
[2024-12-14T19:28:30.637+0000] {logging_mixin.py:190} INFO - [2024-12-14T19:28:30.637+0000] {dag.py:3262} INFO - Creating ORM DAG for dataset_s3_bucket_consumer_with_no_taskflow
[2024-12-14T19:28:30.638+0000] {logging_mixin.py:190} INFO - [2024-12-14T19:28:30.638+0000] {dag.py:3262} INFO - Creating ORM DAG for dataset_alias_example_alias_producer_with_no_taskflow
[2024-12-14T19:28:30.638+0000] {logging_mixin.py:190} INFO - [2024-12-14T19:28:30.638+0000] {dag.py:3262} INFO - Creating ORM DAG for dataset_s3_bucket_producer_with_no_taskflow
[2024-12-14T19:28:30.639+0000] {logging_mixin.py:190} INFO - [2024-12-14T19:28:30.639+0000] {dag.py:3262} INFO - Creating ORM DAG for dataset_alias_example_alias_consumer_with_no_taskflow
[2024-12-14T19:28:30.650+0000] {logging_mixin.py:190} INFO - [2024-12-14T19:28:30.650+0000] {dag.py:4180} INFO - Setting next_dagrun for dataset_alias_example_alias_consumer_with_no_taskflow to None, run_after=None
[2024-12-14T19:28:30.651+0000] {logging_mixin.py:190} INFO - [2024-12-14T19:28:30.650+0000] {dag.py:4180} INFO - Setting next_dagrun for dataset_alias_example_alias_producer_with_no_taskflow to None, run_after=None
[2024-12-14T19:28:30.651+0000] {logging_mixin.py:190} INFO - [2024-12-14T19:28:30.651+0000] {dag.py:4180} INFO - Setting next_dagrun for dataset_s3_bucket_consumer_with_no_taskflow to None, run_after=None
[2024-12-14T19:28:30.652+0000] {logging_mixin.py:190} INFO - [2024-12-14T19:28:30.652+0000] {dag.py:4180} INFO - Setting next_dagrun for dataset_s3_bucket_producer_with_no_taskflow to None, run_after=None
[2024-12-14T19:28:30.687+0000] {processor.py:208} INFO - Processing /home/airflow/.local/lib/python3.12/site-packages/airflow/example_dags/example_dataset_alias_with_no_taskflow.py took 1.598 seconds
[2024-12-14T19:29:00.980+0000] {processor.py:186} INFO - Started process (PID=117) to work on /home/airflow/.local/lib/python3.12/site-packages/airflow/example_dags/example_dataset_alias_with_no_taskflow.py
[2024-12-14T19:29:00.981+0000] {processor.py:914} INFO - Processing file /home/airflow/.local/lib/python3.12/site-packages/airflow/example_dags/example_dataset_alias_with_no_taskflow.py for tasks to queue
[2024-12-14T19:29:00.983+0000] {logging_mixin.py:190} INFO - [2024-12-14T19:29:00.983+0000] {dagbag.py:588} INFO - Filling up the DagBag from /home/airflow/.local/lib/python3.12/site-packages/airflow/example_dags/example_dataset_alias_with_no_taskflow.py
[2024-12-14T19:29:01.930+0000] {processor.py:925} INFO - DAG(s) 'dataset_alias_example_alias_producer_with_no_taskflow', 'dataset_s3_bucket_producer_with_no_taskflow', 'dataset_s3_bucket_consumer_with_no_taskflow', 'dataset_alias_example_alias_consumer_with_no_taskflow' retrieved from /home/airflow/.local/lib/python3.12/site-packages/airflow/example_dags/example_dataset_alias_with_no_taskflow.py
[2024-12-14T19:29:01.974+0000] {logging_mixin.py:190} INFO - [2024-12-14T19:29:01.973+0000] {dag.py:3239} INFO - Sync 4 DAGs
[2024-12-14T19:29:02.029+0000] {logging_mixin.py:190} INFO - [2024-12-14T19:29:02.028+0000] {dag.py:4180} INFO - Setting next_dagrun for dataset_alias_example_alias_consumer_with_no_taskflow to None, run_after=None
[2024-12-14T19:29:02.032+0000] {logging_mixin.py:190} INFO - [2024-12-14T19:29:02.031+0000] {dag.py:4180} INFO - Setting next_dagrun for dataset_alias_example_alias_producer_with_no_taskflow to None, run_after=None
[2024-12-14T19:29:02.033+0000] {logging_mixin.py:190} INFO - [2024-12-14T19:29:02.033+0000] {dag.py:4180} INFO - Setting next_dagrun for dataset_s3_bucket_consumer_with_no_taskflow to None, run_after=None
[2024-12-14T19:29:02.035+0000] {logging_mixin.py:190} INFO - [2024-12-14T19:29:02.034+0000] {dag.py:4180} INFO - Setting next_dagrun for dataset_s3_bucket_producer_with_no_taskflow to None, run_after=None
[2024-12-14T19:29:02.057+0000] {processor.py:208} INFO - Processing /home/airflow/.local/lib/python3.12/site-packages/airflow/example_dags/example_dataset_alias_with_no_taskflow.py took 1.082 seconds
[2024-12-14T19:29:32.670+0000] {processor.py:186} INFO - Started process (PID=185) to work on /home/airflow/.local/lib/python3.12/site-packages/airflow/example_dags/example_dataset_alias_with_no_taskflow.py
[2024-12-14T19:29:32.671+0000] {processor.py:914} INFO - Processing file /home/airflow/.local/lib/python3.12/site-packages/airflow/example_dags/example_dataset_alias_with_no_taskflow.py for tasks to queue
[2024-12-14T19:29:32.673+0000] {logging_mixin.py:190} INFO - [2024-12-14T19:29:32.673+0000] {dagbag.py:588} INFO - Filling up the DagBag from /home/airflow/.local/lib/python3.12/site-packages/airflow/example_dags/example_dataset_alias_with_no_taskflow.py
[2024-12-14T19:29:33.256+0000] {processor.py:925} INFO - DAG(s) 'dataset_s3_bucket_consumer_with_no_taskflow', 'dataset_s3_bucket_producer_with_no_taskflow', 'dataset_alias_example_alias_consumer_with_no_taskflow', 'dataset_alias_example_alias_producer_with_no_taskflow' retrieved from /home/airflow/.local/lib/python3.12/site-packages/airflow/example_dags/example_dataset_alias_with_no_taskflow.py
[2024-12-14T19:29:33.274+0000] {logging_mixin.py:190} INFO - [2024-12-14T19:29:33.274+0000] {dag.py:3239} INFO - Sync 4 DAGs
[2024-12-14T19:29:33.297+0000] {logging_mixin.py:190} INFO - [2024-12-14T19:29:33.297+0000] {dag.py:4180} INFO - Setting next_dagrun for dataset_alias_example_alias_consumer_with_no_taskflow to None, run_after=None
[2024-12-14T19:29:33.300+0000] {logging_mixin.py:190} INFO - [2024-12-14T19:29:33.300+0000] {dag.py:4180} INFO - Setting next_dagrun for dataset_alias_example_alias_producer_with_no_taskflow to None, run_after=None
[2024-12-14T19:29:33.302+0000] {logging_mixin.py:190} INFO - [2024-12-14T19:29:33.301+0000] {dag.py:4180} INFO - Setting next_dagrun for dataset_s3_bucket_consumer_with_no_taskflow to None, run_after=None
[2024-12-14T19:29:33.303+0000] {logging_mixin.py:190} INFO - [2024-12-14T19:29:33.303+0000] {dag.py:4180} INFO - Setting next_dagrun for dataset_s3_bucket_producer_with_no_taskflow to None, run_after=None
[2024-12-14T19:29:33.324+0000] {processor.py:208} INFO - Processing /home/airflow/.local/lib/python3.12/site-packages/airflow/example_dags/example_dataset_alias_with_no_taskflow.py took 0.658 seconds
[2024-12-14T19:30:03.443+0000] {processor.py:186} INFO - Started process (PID=254) to work on /home/airflow/.local/lib/python3.12/site-packages/airflow/example_dags/example_dataset_alias_with_no_taskflow.py
[2024-12-14T19:30:03.444+0000] {processor.py:914} INFO - Processing file /home/airflow/.local/lib/python3.12/site-packages/airflow/example_dags/example_dataset_alias_with_no_taskflow.py for tasks to queue
[2024-12-14T19:30:03.445+0000] {logging_mixin.py:190} INFO - [2024-12-14T19:30:03.445+0000] {dagbag.py:588} INFO - Filling up the DagBag from /home/airflow/.local/lib/python3.12/site-packages/airflow/example_dags/example_dataset_alias_with_no_taskflow.py
[2024-12-14T19:30:04.077+0000] {processor.py:925} INFO - DAG(s) 'dataset_s3_bucket_producer_with_no_taskflow', 'dataset_s3_bucket_consumer_with_no_taskflow', 'dataset_alias_example_alias_producer_with_no_taskflow', 'dataset_alias_example_alias_consumer_with_no_taskflow' retrieved from /home/airflow/.local/lib/python3.12/site-packages/airflow/example_dags/example_dataset_alias_with_no_taskflow.py
[2024-12-14T19:30:04.098+0000] {logging_mixin.py:190} INFO - [2024-12-14T19:30:04.098+0000] {dag.py:3239} INFO - Sync 4 DAGs
[2024-12-14T19:30:04.118+0000] {logging_mixin.py:190} INFO - [2024-12-14T19:30:04.118+0000] {dag.py:4180} INFO - Setting next_dagrun for dataset_alias_example_alias_consumer_with_no_taskflow to None, run_after=None
[2024-12-14T19:30:04.121+0000] {logging_mixin.py:190} INFO - [2024-12-14T19:30:04.121+0000] {dag.py:4180} INFO - Setting next_dagrun for dataset_alias_example_alias_producer_with_no_taskflow to None, run_after=None
[2024-12-14T19:30:04.122+0000] {logging_mixin.py:190} INFO - [2024-12-14T19:30:04.122+0000] {dag.py:4180} INFO - Setting next_dagrun for dataset_s3_bucket_consumer_with_no_taskflow to None, run_after=None
[2024-12-14T19:30:04.123+0000] {logging_mixin.py:190} INFO - [2024-12-14T19:30:04.123+0000] {dag.py:4180} INFO - Setting next_dagrun for dataset_s3_bucket_producer_with_no_taskflow to None, run_after=None
[2024-12-14T19:30:04.141+0000] {processor.py:208} INFO - Processing /home/airflow/.local/lib/python3.12/site-packages/airflow/example_dags/example_dataset_alias_with_no_taskflow.py took 0.705 seconds
[2024-12-14T19:30:34.177+0000] {processor.py:186} INFO - Started process (PID=324) to work on /home/airflow/.local/lib/python3.12/site-packages/airflow/example_dags/example_dataset_alias_with_no_taskflow.py
[2024-12-14T19:30:34.178+0000] {processor.py:914} INFO - Processing file /home/airflow/.local/lib/python3.12/site-packages/airflow/example_dags/example_dataset_alias_with_no_taskflow.py for tasks to queue
[2024-12-14T19:30:34.179+0000] {logging_mixin.py:190} INFO - [2024-12-14T19:30:34.179+0000] {dagbag.py:588} INFO - Filling up the DagBag from /home/airflow/.local/lib/python3.12/site-packages/airflow/example_dags/example_dataset_alias_with_no_taskflow.py
[2024-12-14T19:30:34.749+0000] {processor.py:925} INFO - DAG(s) 'dataset_alias_example_alias_consumer_with_no_taskflow', 'dataset_s3_bucket_producer_with_no_taskflow', 'dataset_alias_example_alias_producer_with_no_taskflow', 'dataset_s3_bucket_consumer_with_no_taskflow' retrieved from /home/airflow/.local/lib/python3.12/site-packages/airflow/example_dags/example_dataset_alias_with_no_taskflow.py
[2024-12-14T19:30:34.770+0000] {logging_mixin.py:190} INFO - [2024-12-14T19:30:34.769+0000] {dag.py:3239} INFO - Sync 4 DAGs
[2024-12-14T19:30:34.792+0000] {logging_mixin.py:190} INFO - [2024-12-14T19:30:34.791+0000] {dag.py:4180} INFO - Setting next_dagrun for dataset_alias_example_alias_consumer_with_no_taskflow to None, run_after=None
[2024-12-14T19:30:34.794+0000] {logging_mixin.py:190} INFO - [2024-12-14T19:30:34.794+0000] {dag.py:4180} INFO - Setting next_dagrun for dataset_alias_example_alias_producer_with_no_taskflow to None, run_after=None
[2024-12-14T19:30:34.795+0000] {logging_mixin.py:190} INFO - [2024-12-14T19:30:34.795+0000] {dag.py:4180} INFO - Setting next_dagrun for dataset_s3_bucket_consumer_with_no_taskflow to None, run_after=None
[2024-12-14T19:30:34.797+0000] {logging_mixin.py:190} INFO - [2024-12-14T19:30:34.796+0000] {dag.py:4180} INFO - Setting next_dagrun for dataset_s3_bucket_producer_with_no_taskflow to None, run_after=None
[2024-12-14T19:30:34.816+0000] {processor.py:208} INFO - Processing /home/airflow/.local/lib/python3.12/site-packages/airflow/example_dags/example_dataset_alias_with_no_taskflow.py took 0.644 seconds
[2024-12-14T19:31:41.378+0000] {processor.py:186} INFO - Started process (PID=48) to work on /home/airflow/.local/lib/python3.12/site-packages/airflow/example_dags/example_dataset_alias_with_no_taskflow.py
[2024-12-14T19:31:41.381+0000] {processor.py:914} INFO - Processing file /home/airflow/.local/lib/python3.12/site-packages/airflow/example_dags/example_dataset_alias_with_no_taskflow.py for tasks to queue
[2024-12-14T19:31:41.383+0000] {logging_mixin.py:190} INFO - [2024-12-14T19:31:41.382+0000] {dagbag.py:588} INFO - Filling up the DagBag from /home/airflow/.local/lib/python3.12/site-packages/airflow/example_dags/example_dataset_alias_with_no_taskflow.py
[2024-12-14T19:31:42.125+0000] {processor.py:925} INFO - DAG(s) 'dataset_alias_example_alias_producer_with_no_taskflow', 'dataset_s3_bucket_producer_with_no_taskflow', 'dataset_s3_bucket_consumer_with_no_taskflow', 'dataset_alias_example_alias_consumer_with_no_taskflow' retrieved from /home/airflow/.local/lib/python3.12/site-packages/airflow/example_dags/example_dataset_alias_with_no_taskflow.py
[2024-12-14T19:31:42.236+0000] {logging_mixin.py:190} INFO - [2024-12-14T19:31:42.235+0000] {dag.py:3239} INFO - Sync 4 DAGs
[2024-12-14T19:31:42.304+0000] {logging_mixin.py:190} INFO - [2024-12-14T19:31:42.304+0000] {dag.py:4180} INFO - Setting next_dagrun for dataset_alias_example_alias_consumer_with_no_taskflow to None, run_after=None
[2024-12-14T19:31:42.307+0000] {logging_mixin.py:190} INFO - [2024-12-14T19:31:42.307+0000] {dag.py:4180} INFO - Setting next_dagrun for dataset_alias_example_alias_producer_with_no_taskflow to None, run_after=None
[2024-12-14T19:31:42.316+0000] {logging_mixin.py:190} INFO - [2024-12-14T19:31:42.315+0000] {dag.py:4180} INFO - Setting next_dagrun for dataset_s3_bucket_consumer_with_no_taskflow to None, run_after=None
[2024-12-14T19:31:42.317+0000] {logging_mixin.py:190} INFO - [2024-12-14T19:31:42.317+0000] {dag.py:4180} INFO - Setting next_dagrun for dataset_s3_bucket_producer_with_no_taskflow to None, run_after=None
[2024-12-14T19:31:42.387+0000] {processor.py:208} INFO - Processing /home/airflow/.local/lib/python3.12/site-packages/airflow/example_dags/example_dataset_alias_with_no_taskflow.py took 1.016 seconds
[2024-12-14T19:32:12.507+0000] {processor.py:186} INFO - Started process (PID=124) to work on /home/airflow/.local/lib/python3.12/site-packages/airflow/example_dags/example_dataset_alias_with_no_taskflow.py
[2024-12-14T19:32:12.508+0000] {processor.py:914} INFO - Processing file /home/airflow/.local/lib/python3.12/site-packages/airflow/example_dags/example_dataset_alias_with_no_taskflow.py for tasks to queue
[2024-12-14T19:32:12.510+0000] {logging_mixin.py:190} INFO - [2024-12-14T19:32:12.509+0000] {dagbag.py:588} INFO - Filling up the DagBag from /home/airflow/.local/lib/python3.12/site-packages/airflow/example_dags/example_dataset_alias_with_no_taskflow.py
[2024-12-14T19:32:13.056+0000] {processor.py:925} INFO - DAG(s) 'dataset_s3_bucket_consumer_with_no_taskflow', 'dataset_alias_example_alias_consumer_with_no_taskflow', 'dataset_s3_bucket_producer_with_no_taskflow', 'dataset_alias_example_alias_producer_with_no_taskflow' retrieved from /home/airflow/.local/lib/python3.12/site-packages/airflow/example_dags/example_dataset_alias_with_no_taskflow.py
[2024-12-14T19:32:13.074+0000] {logging_mixin.py:190} INFO - [2024-12-14T19:32:13.073+0000] {dag.py:3239} INFO - Sync 4 DAGs
[2024-12-14T19:32:13.093+0000] {logging_mixin.py:190} INFO - [2024-12-14T19:32:13.093+0000] {dag.py:4180} INFO - Setting next_dagrun for dataset_alias_example_alias_consumer_with_no_taskflow to None, run_after=None
[2024-12-14T19:32:13.095+0000] {logging_mixin.py:190} INFO - [2024-12-14T19:32:13.095+0000] {dag.py:4180} INFO - Setting next_dagrun for dataset_alias_example_alias_producer_with_no_taskflow to None, run_after=None
[2024-12-14T19:32:13.096+0000] {logging_mixin.py:190} INFO - [2024-12-14T19:32:13.096+0000] {dag.py:4180} INFO - Setting next_dagrun for dataset_s3_bucket_consumer_with_no_taskflow to None, run_after=None
[2024-12-14T19:32:13.097+0000] {logging_mixin.py:190} INFO - [2024-12-14T19:32:13.097+0000] {dag.py:4180} INFO - Setting next_dagrun for dataset_s3_bucket_producer_with_no_taskflow to None, run_after=None
[2024-12-14T19:32:13.117+0000] {processor.py:208} INFO - Processing /home/airflow/.local/lib/python3.12/site-packages/airflow/example_dags/example_dataset_alias_with_no_taskflow.py took 0.615 seconds
[2024-12-14T19:32:43.738+0000] {processor.py:186} INFO - Started process (PID=182) to work on /home/airflow/.local/lib/python3.12/site-packages/airflow/example_dags/example_dataset_alias_with_no_taskflow.py
[2024-12-14T19:32:43.739+0000] {processor.py:914} INFO - Processing file /home/airflow/.local/lib/python3.12/site-packages/airflow/example_dags/example_dataset_alias_with_no_taskflow.py for tasks to queue
[2024-12-14T19:32:43.741+0000] {logging_mixin.py:190} INFO - [2024-12-14T19:32:43.740+0000] {dagbag.py:588} INFO - Filling up the DagBag from /home/airflow/.local/lib/python3.12/site-packages/airflow/example_dags/example_dataset_alias_with_no_taskflow.py
[2024-12-14T19:32:44.343+0000] {processor.py:925} INFO - DAG(s) 'dataset_s3_bucket_producer_with_no_taskflow', 'dataset_alias_example_alias_consumer_with_no_taskflow', 'dataset_alias_example_alias_producer_with_no_taskflow', 'dataset_s3_bucket_consumer_with_no_taskflow' retrieved from /home/airflow/.local/lib/python3.12/site-packages/airflow/example_dags/example_dataset_alias_with_no_taskflow.py
[2024-12-14T19:32:44.361+0000] {logging_mixin.py:190} INFO - [2024-12-14T19:32:44.361+0000] {dag.py:3239} INFO - Sync 4 DAGs
[2024-12-14T19:32:44.382+0000] {logging_mixin.py:190} INFO - [2024-12-14T19:32:44.382+0000] {dag.py:4180} INFO - Setting next_dagrun for dataset_alias_example_alias_consumer_with_no_taskflow to None, run_after=None
[2024-12-14T19:32:44.385+0000] {logging_mixin.py:190} INFO - [2024-12-14T19:32:44.385+0000] {dag.py:4180} INFO - Setting next_dagrun for dataset_alias_example_alias_producer_with_no_taskflow to None, run_after=None
[2024-12-14T19:32:44.386+0000] {logging_mixin.py:190} INFO - [2024-12-14T19:32:44.386+0000] {dag.py:4180} INFO - Setting next_dagrun for dataset_s3_bucket_consumer_with_no_taskflow to None, run_after=None
[2024-12-14T19:32:44.387+0000] {logging_mixin.py:190} INFO - [2024-12-14T19:32:44.387+0000] {dag.py:4180} INFO - Setting next_dagrun for dataset_s3_bucket_producer_with_no_taskflow to None, run_after=None
[2024-12-14T19:32:44.404+0000] {processor.py:208} INFO - Processing /home/airflow/.local/lib/python3.12/site-packages/airflow/example_dags/example_dataset_alias_with_no_taskflow.py took 0.671 seconds
[2024-12-14T19:33:14.655+0000] {processor.py:186} INFO - Started process (PID=244) to work on /home/airflow/.local/lib/python3.12/site-packages/airflow/example_dags/example_dataset_alias_with_no_taskflow.py
[2024-12-14T19:33:14.655+0000] {processor.py:914} INFO - Processing file /home/airflow/.local/lib/python3.12/site-packages/airflow/example_dags/example_dataset_alias_with_no_taskflow.py for tasks to queue
[2024-12-14T19:33:14.657+0000] {logging_mixin.py:190} INFO - [2024-12-14T19:33:14.657+0000] {dagbag.py:588} INFO - Filling up the DagBag from /home/airflow/.local/lib/python3.12/site-packages/airflow/example_dags/example_dataset_alias_with_no_taskflow.py
[2024-12-14T19:33:15.178+0000] {processor.py:925} INFO - DAG(s) 'dataset_s3_bucket_producer_with_no_taskflow', 'dataset_s3_bucket_consumer_with_no_taskflow', 'dataset_alias_example_alias_consumer_with_no_taskflow', 'dataset_alias_example_alias_producer_with_no_taskflow' retrieved from /home/airflow/.local/lib/python3.12/site-packages/airflow/example_dags/example_dataset_alias_with_no_taskflow.py
[2024-12-14T19:33:15.199+0000] {logging_mixin.py:190} INFO - [2024-12-14T19:33:15.199+0000] {dag.py:3239} INFO - Sync 4 DAGs
[2024-12-14T19:33:15.220+0000] {logging_mixin.py:190} INFO - [2024-12-14T19:33:15.219+0000] {dag.py:4180} INFO - Setting next_dagrun for dataset_alias_example_alias_consumer_with_no_taskflow to None, run_after=None
[2024-12-14T19:33:15.222+0000] {logging_mixin.py:190} INFO - [2024-12-14T19:33:15.222+0000] {dag.py:4180} INFO - Setting next_dagrun for dataset_alias_example_alias_producer_with_no_taskflow to None, run_after=None
[2024-12-14T19:33:15.224+0000] {logging_mixin.py:190} INFO - [2024-12-14T19:33:15.223+0000] {dag.py:4180} INFO - Setting next_dagrun for dataset_s3_bucket_consumer_with_no_taskflow to None, run_after=None
[2024-12-14T19:33:15.225+0000] {logging_mixin.py:190} INFO - [2024-12-14T19:33:15.225+0000] {dag.py:4180} INFO - Setting next_dagrun for dataset_s3_bucket_producer_with_no_taskflow to None, run_after=None
[2024-12-14T19:33:15.242+0000] {processor.py:208} INFO - Processing /home/airflow/.local/lib/python3.12/site-packages/airflow/example_dags/example_dataset_alias_with_no_taskflow.py took 0.593 seconds
[2024-12-14T19:33:46.359+0000] {processor.py:186} INFO - Started process (PID=307) to work on /home/airflow/.local/lib/python3.12/site-packages/airflow/example_dags/example_dataset_alias_with_no_taskflow.py
[2024-12-14T19:33:46.360+0000] {processor.py:914} INFO - Processing file /home/airflow/.local/lib/python3.12/site-packages/airflow/example_dags/example_dataset_alias_with_no_taskflow.py for tasks to queue
[2024-12-14T19:33:46.362+0000] {logging_mixin.py:190} INFO - [2024-12-14T19:33:46.361+0000] {dagbag.py:588} INFO - Filling up the DagBag from /home/airflow/.local/lib/python3.12/site-packages/airflow/example_dags/example_dataset_alias_with_no_taskflow.py
[2024-12-14T19:33:46.925+0000] {processor.py:925} INFO - DAG(s) 'dataset_alias_example_alias_consumer_with_no_taskflow', 'dataset_s3_bucket_consumer_with_no_taskflow', 'dataset_alias_example_alias_producer_with_no_taskflow', 'dataset_s3_bucket_producer_with_no_taskflow' retrieved from /home/airflow/.local/lib/python3.12/site-packages/airflow/example_dags/example_dataset_alias_with_no_taskflow.py
[2024-12-14T19:33:46.946+0000] {logging_mixin.py:190} INFO - [2024-12-14T19:33:46.946+0000] {dag.py:3239} INFO - Sync 4 DAGs
[2024-12-14T19:33:46.968+0000] {logging_mixin.py:190} INFO - [2024-12-14T19:33:46.968+0000] {dag.py:4180} INFO - Setting next_dagrun for dataset_alias_example_alias_consumer_with_no_taskflow to None, run_after=None
[2024-12-14T19:33:46.971+0000] {logging_mixin.py:190} INFO - [2024-12-14T19:33:46.970+0000] {dag.py:4180} INFO - Setting next_dagrun for dataset_alias_example_alias_producer_with_no_taskflow to None, run_after=None
[2024-12-14T19:33:46.972+0000] {logging_mixin.py:190} INFO - [2024-12-14T19:33:46.972+0000] {dag.py:4180} INFO - Setting next_dagrun for dataset_s3_bucket_consumer_with_no_taskflow to None, run_after=None
[2024-12-14T19:33:46.973+0000] {logging_mixin.py:190} INFO - [2024-12-14T19:33:46.973+0000] {dag.py:4180} INFO - Setting next_dagrun for dataset_s3_bucket_producer_with_no_taskflow to None, run_after=None
[2024-12-14T19:33:46.991+0000] {processor.py:208} INFO - Processing /home/airflow/.local/lib/python3.12/site-packages/airflow/example_dags/example_dataset_alias_with_no_taskflow.py took 0.638 seconds
[2024-12-14T19:34:17.291+0000] {processor.py:186} INFO - Started process (PID=370) to work on /home/airflow/.local/lib/python3.12/site-packages/airflow/example_dags/example_dataset_alias_with_no_taskflow.py
[2024-12-14T19:34:17.292+0000] {processor.py:914} INFO - Processing file /home/airflow/.local/lib/python3.12/site-packages/airflow/example_dags/example_dataset_alias_with_no_taskflow.py for tasks to queue
[2024-12-14T19:34:17.294+0000] {logging_mixin.py:190} INFO - [2024-12-14T19:34:17.293+0000] {dagbag.py:588} INFO - Filling up the DagBag from /home/airflow/.local/lib/python3.12/site-packages/airflow/example_dags/example_dataset_alias_with_no_taskflow.py
[2024-12-14T19:34:17.819+0000] {processor.py:925} INFO - DAG(s) 'dataset_alias_example_alias_consumer_with_no_taskflow', 'dataset_alias_example_alias_producer_with_no_taskflow', 'dataset_s3_bucket_producer_with_no_taskflow', 'dataset_s3_bucket_consumer_with_no_taskflow' retrieved from /home/airflow/.local/lib/python3.12/site-packages/airflow/example_dags/example_dataset_alias_with_no_taskflow.py
[2024-12-14T19:34:17.839+0000] {logging_mixin.py:190} INFO - [2024-12-14T19:34:17.839+0000] {dag.py:3239} INFO - Sync 4 DAGs
[2024-12-14T19:34:17.866+0000] {logging_mixin.py:190} INFO - [2024-12-14T19:34:17.866+0000] {dag.py:4180} INFO - Setting next_dagrun for dataset_alias_example_alias_consumer_with_no_taskflow to None, run_after=None
[2024-12-14T19:34:17.869+0000] {logging_mixin.py:190} INFO - [2024-12-14T19:34:17.869+0000] {dag.py:4180} INFO - Setting next_dagrun for dataset_alias_example_alias_producer_with_no_taskflow to None, run_after=None
[2024-12-14T19:34:17.870+0000] {logging_mixin.py:190} INFO - [2024-12-14T19:34:17.870+0000] {dag.py:4180} INFO - Setting next_dagrun for dataset_s3_bucket_consumer_with_no_taskflow to None, run_after=None
[2024-12-14T19:34:17.871+0000] {logging_mixin.py:190} INFO - [2024-12-14T19:34:17.871+0000] {dag.py:4180} INFO - Setting next_dagrun for dataset_s3_bucket_producer_with_no_taskflow to None, run_after=None
[2024-12-14T19:34:17.891+0000] {processor.py:208} INFO - Processing /home/airflow/.local/lib/python3.12/site-packages/airflow/example_dags/example_dataset_alias_with_no_taskflow.py took 0.605 seconds
[2024-12-14T19:34:48.720+0000] {processor.py:186} INFO - Started process (PID=433) to work on /home/airflow/.local/lib/python3.12/site-packages/airflow/example_dags/example_dataset_alias_with_no_taskflow.py
[2024-12-14T19:34:48.721+0000] {processor.py:914} INFO - Processing file /home/airflow/.local/lib/python3.12/site-packages/airflow/example_dags/example_dataset_alias_with_no_taskflow.py for tasks to queue
[2024-12-14T19:34:48.723+0000] {logging_mixin.py:190} INFO - [2024-12-14T19:34:48.723+0000] {dagbag.py:588} INFO - Filling up the DagBag from /home/airflow/.local/lib/python3.12/site-packages/airflow/example_dags/example_dataset_alias_with_no_taskflow.py
[2024-12-14T19:34:49.235+0000] {processor.py:925} INFO - DAG(s) 'dataset_s3_bucket_consumer_with_no_taskflow', 'dataset_s3_bucket_producer_with_no_taskflow', 'dataset_alias_example_alias_producer_with_no_taskflow', 'dataset_alias_example_alias_consumer_with_no_taskflow' retrieved from /home/airflow/.local/lib/python3.12/site-packages/airflow/example_dags/example_dataset_alias_with_no_taskflow.py
[2024-12-14T19:34:49.253+0000] {logging_mixin.py:190} INFO - [2024-12-14T19:34:49.253+0000] {dag.py:3239} INFO - Sync 4 DAGs
[2024-12-14T19:34:49.273+0000] {logging_mixin.py:190} INFO - [2024-12-14T19:34:49.273+0000] {dag.py:4180} INFO - Setting next_dagrun for dataset_alias_example_alias_consumer_with_no_taskflow to None, run_after=None
[2024-12-14T19:34:49.275+0000] {logging_mixin.py:190} INFO - [2024-12-14T19:34:49.275+0000] {dag.py:4180} INFO - Setting next_dagrun for dataset_alias_example_alias_producer_with_no_taskflow to None, run_after=None
[2024-12-14T19:34:49.278+0000] {logging_mixin.py:190} INFO - [2024-12-14T19:34:49.278+0000] {dag.py:4180} INFO - Setting next_dagrun for dataset_s3_bucket_consumer_with_no_taskflow to None, run_after=None
[2024-12-14T19:34:49.279+0000] {logging_mixin.py:190} INFO - [2024-12-14T19:34:49.279+0000] {dag.py:4180} INFO - Setting next_dagrun for dataset_s3_bucket_producer_with_no_taskflow to None, run_after=None
[2024-12-14T19:34:49.296+0000] {processor.py:208} INFO - Processing /home/airflow/.local/lib/python3.12/site-packages/airflow/example_dags/example_dataset_alias_with_no_taskflow.py took 0.580 seconds
[2024-12-14T19:35:52.889+0000] {processor.py:186} INFO - Started process (PID=47) to work on /home/airflow/.local/lib/python3.12/site-packages/airflow/example_dags/example_dataset_alias_with_no_taskflow.py
[2024-12-14T19:35:52.890+0000] {processor.py:914} INFO - Processing file /home/airflow/.local/lib/python3.12/site-packages/airflow/example_dags/example_dataset_alias_with_no_taskflow.py for tasks to queue
[2024-12-14T19:35:52.892+0000] {logging_mixin.py:190} INFO - [2024-12-14T19:35:52.892+0000] {dagbag.py:588} INFO - Filling up the DagBag from /home/airflow/.local/lib/python3.12/site-packages/airflow/example_dags/example_dataset_alias_with_no_taskflow.py
[2024-12-14T19:35:53.478+0000] {processor.py:925} INFO - DAG(s) 'dataset_alias_example_alias_consumer_with_no_taskflow', 'dataset_alias_example_alias_producer_with_no_taskflow', 'dataset_s3_bucket_producer_with_no_taskflow', 'dataset_s3_bucket_consumer_with_no_taskflow' retrieved from /home/airflow/.local/lib/python3.12/site-packages/airflow/example_dags/example_dataset_alias_with_no_taskflow.py
[2024-12-14T19:35:53.500+0000] {logging_mixin.py:190} INFO - [2024-12-14T19:35:53.499+0000] {dag.py:3239} INFO - Sync 4 DAGs
[2024-12-14T19:35:53.519+0000] {logging_mixin.py:190} INFO - [2024-12-14T19:35:53.519+0000] {dag.py:4180} INFO - Setting next_dagrun for dataset_alias_example_alias_consumer_with_no_taskflow to None, run_after=None
[2024-12-14T19:35:53.523+0000] {logging_mixin.py:190} INFO - [2024-12-14T19:35:53.523+0000] {dag.py:4180} INFO - Setting next_dagrun for dataset_alias_example_alias_producer_with_no_taskflow to None, run_after=None
[2024-12-14T19:35:53.524+0000] {logging_mixin.py:190} INFO - [2024-12-14T19:35:53.524+0000] {dag.py:4180} INFO - Setting next_dagrun for dataset_s3_bucket_consumer_with_no_taskflow to None, run_after=None
[2024-12-14T19:35:53.525+0000] {logging_mixin.py:190} INFO - [2024-12-14T19:35:53.525+0000] {dag.py:4180} INFO - Setting next_dagrun for dataset_s3_bucket_producer_with_no_taskflow to None, run_after=None
[2024-12-14T19:35:53.543+0000] {processor.py:208} INFO - Processing /home/airflow/.local/lib/python3.12/site-packages/airflow/example_dags/example_dataset_alias_with_no_taskflow.py took 0.659 seconds
[2024-12-14T19:36:23.917+0000] {processor.py:186} INFO - Started process (PID=110) to work on /home/airflow/.local/lib/python3.12/site-packages/airflow/example_dags/example_dataset_alias_with_no_taskflow.py
[2024-12-14T19:36:23.918+0000] {processor.py:914} INFO - Processing file /home/airflow/.local/lib/python3.12/site-packages/airflow/example_dags/example_dataset_alias_with_no_taskflow.py for tasks to queue
[2024-12-14T19:36:23.920+0000] {logging_mixin.py:190} INFO - [2024-12-14T19:36:23.920+0000] {dagbag.py:588} INFO - Filling up the DagBag from /home/airflow/.local/lib/python3.12/site-packages/airflow/example_dags/example_dataset_alias_with_no_taskflow.py
[2024-12-14T19:36:24.439+0000] {processor.py:925} INFO - DAG(s) 'dataset_alias_example_alias_consumer_with_no_taskflow', 'dataset_s3_bucket_producer_with_no_taskflow', 'dataset_alias_example_alias_producer_with_no_taskflow', 'dataset_s3_bucket_consumer_with_no_taskflow' retrieved from /home/airflow/.local/lib/python3.12/site-packages/airflow/example_dags/example_dataset_alias_with_no_taskflow.py
[2024-12-14T19:36:24.459+0000] {logging_mixin.py:190} INFO - [2024-12-14T19:36:24.458+0000] {dag.py:3239} INFO - Sync 4 DAGs
[2024-12-14T19:36:24.478+0000] {logging_mixin.py:190} INFO - [2024-12-14T19:36:24.478+0000] {dag.py:4180} INFO - Setting next_dagrun for dataset_alias_example_alias_consumer_with_no_taskflow to None, run_after=None
[2024-12-14T19:36:24.480+0000] {logging_mixin.py:190} INFO - [2024-12-14T19:36:24.480+0000] {dag.py:4180} INFO - Setting next_dagrun for dataset_alias_example_alias_producer_with_no_taskflow to None, run_after=None
[2024-12-14T19:36:24.483+0000] {logging_mixin.py:190} INFO - [2024-12-14T19:36:24.483+0000] {dag.py:4180} INFO - Setting next_dagrun for dataset_s3_bucket_consumer_with_no_taskflow to None, run_after=None
[2024-12-14T19:36:24.484+0000] {logging_mixin.py:190} INFO - [2024-12-14T19:36:24.484+0000] {dag.py:4180} INFO - Setting next_dagrun for dataset_s3_bucket_producer_with_no_taskflow to None, run_after=None
[2024-12-14T19:36:24.501+0000] {processor.py:208} INFO - Processing /home/airflow/.local/lib/python3.12/site-packages/airflow/example_dags/example_dataset_alias_with_no_taskflow.py took 0.589 seconds
[2024-12-14T19:36:54.905+0000] {processor.py:186} INFO - Started process (PID=173) to work on /home/airflow/.local/lib/python3.12/site-packages/airflow/example_dags/example_dataset_alias_with_no_taskflow.py
[2024-12-14T19:36:54.906+0000] {processor.py:914} INFO - Processing file /home/airflow/.local/lib/python3.12/site-packages/airflow/example_dags/example_dataset_alias_with_no_taskflow.py for tasks to queue
[2024-12-14T19:36:54.908+0000] {logging_mixin.py:190} INFO - [2024-12-14T19:36:54.908+0000] {dagbag.py:588} INFO - Filling up the DagBag from /home/airflow/.local/lib/python3.12/site-packages/airflow/example_dags/example_dataset_alias_with_no_taskflow.py
[2024-12-14T19:36:55.448+0000] {processor.py:925} INFO - DAG(s) 'dataset_s3_bucket_consumer_with_no_taskflow', 'dataset_alias_example_alias_producer_with_no_taskflow', 'dataset_s3_bucket_producer_with_no_taskflow', 'dataset_alias_example_alias_consumer_with_no_taskflow' retrieved from /home/airflow/.local/lib/python3.12/site-packages/airflow/example_dags/example_dataset_alias_with_no_taskflow.py
[2024-12-14T19:36:55.472+0000] {logging_mixin.py:190} INFO - [2024-12-14T19:36:55.472+0000] {dag.py:3239} INFO - Sync 4 DAGs
[2024-12-14T19:36:55.499+0000] {logging_mixin.py:190} INFO - [2024-12-14T19:36:55.499+0000] {dag.py:4180} INFO - Setting next_dagrun for dataset_alias_example_alias_consumer_with_no_taskflow to None, run_after=None
[2024-12-14T19:36:55.502+0000] {logging_mixin.py:190} INFO - [2024-12-14T19:36:55.501+0000] {dag.py:4180} INFO - Setting next_dagrun for dataset_alias_example_alias_producer_with_no_taskflow to None, run_after=None
[2024-12-14T19:36:55.503+0000] {logging_mixin.py:190} INFO - [2024-12-14T19:36:55.503+0000] {dag.py:4180} INFO - Setting next_dagrun for dataset_s3_bucket_consumer_with_no_taskflow to None, run_after=None
[2024-12-14T19:36:55.505+0000] {logging_mixin.py:190} INFO - [2024-12-14T19:36:55.504+0000] {dag.py:4180} INFO - Setting next_dagrun for dataset_s3_bucket_producer_with_no_taskflow to None, run_after=None
[2024-12-14T19:36:55.525+0000] {processor.py:208} INFO - Processing /home/airflow/.local/lib/python3.12/site-packages/airflow/example_dags/example_dataset_alias_with_no_taskflow.py took 0.624 seconds
[2024-12-14T19:37:25.908+0000] {processor.py:186} INFO - Started process (PID=236) to work on /home/airflow/.local/lib/python3.12/site-packages/airflow/example_dags/example_dataset_alias_with_no_taskflow.py
[2024-12-14T19:37:25.909+0000] {processor.py:914} INFO - Processing file /home/airflow/.local/lib/python3.12/site-packages/airflow/example_dags/example_dataset_alias_with_no_taskflow.py for tasks to queue
[2024-12-14T19:37:25.911+0000] {logging_mixin.py:190} INFO - [2024-12-14T19:37:25.910+0000] {dagbag.py:588} INFO - Filling up the DagBag from /home/airflow/.local/lib/python3.12/site-packages/airflow/example_dags/example_dataset_alias_with_no_taskflow.py
[2024-12-14T19:37:26.462+0000] {processor.py:925} INFO - DAG(s) 'dataset_s3_bucket_consumer_with_no_taskflow', 'dataset_alias_example_alias_producer_with_no_taskflow', 'dataset_alias_example_alias_consumer_with_no_taskflow', 'dataset_s3_bucket_producer_with_no_taskflow' retrieved from /home/airflow/.local/lib/python3.12/site-packages/airflow/example_dags/example_dataset_alias_with_no_taskflow.py
[2024-12-14T19:37:26.483+0000] {logging_mixin.py:190} INFO - [2024-12-14T19:37:26.483+0000] {dag.py:3239} INFO - Sync 4 DAGs
[2024-12-14T19:37:26.503+0000] {logging_mixin.py:190} INFO - [2024-12-14T19:37:26.503+0000] {dag.py:4180} INFO - Setting next_dagrun for dataset_alias_example_alias_consumer_with_no_taskflow to None, run_after=None
[2024-12-14T19:37:26.505+0000] {logging_mixin.py:190} INFO - [2024-12-14T19:37:26.505+0000] {dag.py:4180} INFO - Setting next_dagrun for dataset_alias_example_alias_producer_with_no_taskflow to None, run_after=None
[2024-12-14T19:37:26.506+0000] {logging_mixin.py:190} INFO - [2024-12-14T19:37:26.506+0000] {dag.py:4180} INFO - Setting next_dagrun for dataset_s3_bucket_consumer_with_no_taskflow to None, run_after=None
[2024-12-14T19:37:26.507+0000] {logging_mixin.py:190} INFO - [2024-12-14T19:37:26.507+0000] {dag.py:4180} INFO - Setting next_dagrun for dataset_s3_bucket_producer_with_no_taskflow to None, run_after=None
[2024-12-14T19:37:26.525+0000] {processor.py:208} INFO - Processing /home/airflow/.local/lib/python3.12/site-packages/airflow/example_dags/example_dataset_alias_with_no_taskflow.py took 0.622 seconds
[2024-12-14T19:37:56.874+0000] {processor.py:186} INFO - Started process (PID=299) to work on /home/airflow/.local/lib/python3.12/site-packages/airflow/example_dags/example_dataset_alias_with_no_taskflow.py
[2024-12-14T19:37:56.875+0000] {processor.py:914} INFO - Processing file /home/airflow/.local/lib/python3.12/site-packages/airflow/example_dags/example_dataset_alias_with_no_taskflow.py for tasks to queue
[2024-12-14T19:37:56.877+0000] {logging_mixin.py:190} INFO - [2024-12-14T19:37:56.877+0000] {dagbag.py:588} INFO - Filling up the DagBag from /home/airflow/.local/lib/python3.12/site-packages/airflow/example_dags/example_dataset_alias_with_no_taskflow.py
[2024-12-14T19:37:57.391+0000] {processor.py:925} INFO - DAG(s) 'dataset_alias_example_alias_producer_with_no_taskflow', 'dataset_s3_bucket_producer_with_no_taskflow', 'dataset_alias_example_alias_consumer_with_no_taskflow', 'dataset_s3_bucket_consumer_with_no_taskflow' retrieved from /home/airflow/.local/lib/python3.12/site-packages/airflow/example_dags/example_dataset_alias_with_no_taskflow.py
[2024-12-14T19:37:57.412+0000] {logging_mixin.py:190} INFO - [2024-12-14T19:37:57.412+0000] {dag.py:3239} INFO - Sync 4 DAGs
[2024-12-14T19:37:57.432+0000] {logging_mixin.py:190} INFO - [2024-12-14T19:37:57.432+0000] {dag.py:4180} INFO - Setting next_dagrun for dataset_alias_example_alias_consumer_with_no_taskflow to None, run_after=None
[2024-12-14T19:37:57.435+0000] {logging_mixin.py:190} INFO - [2024-12-14T19:37:57.435+0000] {dag.py:4180} INFO - Setting next_dagrun for dataset_alias_example_alias_producer_with_no_taskflow to None, run_after=None
[2024-12-14T19:37:57.436+0000] {logging_mixin.py:190} INFO - [2024-12-14T19:37:57.436+0000] {dag.py:4180} INFO - Setting next_dagrun for dataset_s3_bucket_consumer_with_no_taskflow to None, run_after=None
[2024-12-14T19:37:57.438+0000] {logging_mixin.py:190} INFO - [2024-12-14T19:37:57.438+0000] {dag.py:4180} INFO - Setting next_dagrun for dataset_s3_bucket_producer_with_no_taskflow to None, run_after=None
[2024-12-14T19:37:57.459+0000] {processor.py:208} INFO - Processing /home/airflow/.local/lib/python3.12/site-packages/airflow/example_dags/example_dataset_alias_with_no_taskflow.py took 0.590 seconds
[2024-12-14T19:38:27.902+0000] {processor.py:186} INFO - Started process (PID=362) to work on /home/airflow/.local/lib/python3.12/site-packages/airflow/example_dags/example_dataset_alias_with_no_taskflow.py
[2024-12-14T19:38:27.903+0000] {processor.py:914} INFO - Processing file /home/airflow/.local/lib/python3.12/site-packages/airflow/example_dags/example_dataset_alias_with_no_taskflow.py for tasks to queue
[2024-12-14T19:38:27.904+0000] {logging_mixin.py:190} INFO - [2024-12-14T19:38:27.904+0000] {dagbag.py:588} INFO - Filling up the DagBag from /home/airflow/.local/lib/python3.12/site-packages/airflow/example_dags/example_dataset_alias_with_no_taskflow.py
[2024-12-14T19:38:28.406+0000] {processor.py:925} INFO - DAG(s) 'dataset_alias_example_alias_producer_with_no_taskflow', 'dataset_alias_example_alias_consumer_with_no_taskflow', 'dataset_s3_bucket_consumer_with_no_taskflow', 'dataset_s3_bucket_producer_with_no_taskflow' retrieved from /home/airflow/.local/lib/python3.12/site-packages/airflow/example_dags/example_dataset_alias_with_no_taskflow.py
[2024-12-14T19:38:28.428+0000] {logging_mixin.py:190} INFO - [2024-12-14T19:38:28.427+0000] {dag.py:3239} INFO - Sync 4 DAGs
[2024-12-14T19:38:28.451+0000] {logging_mixin.py:190} INFO - [2024-12-14T19:38:28.450+0000] {dag.py:4180} INFO - Setting next_dagrun for dataset_alias_example_alias_consumer_with_no_taskflow to None, run_after=None
[2024-12-14T19:38:28.453+0000] {logging_mixin.py:190} INFO - [2024-12-14T19:38:28.453+0000] {dag.py:4180} INFO - Setting next_dagrun for dataset_alias_example_alias_producer_with_no_taskflow to None, run_after=None
[2024-12-14T19:38:28.454+0000] {logging_mixin.py:190} INFO - [2024-12-14T19:38:28.454+0000] {dag.py:4180} INFO - Setting next_dagrun for dataset_s3_bucket_consumer_with_no_taskflow to None, run_after=None
[2024-12-14T19:38:28.455+0000] {logging_mixin.py:190} INFO - [2024-12-14T19:38:28.455+0000] {dag.py:4180} INFO - Setting next_dagrun for dataset_s3_bucket_producer_with_no_taskflow to None, run_after=None
[2024-12-14T19:38:28.473+0000] {processor.py:208} INFO - Processing /home/airflow/.local/lib/python3.12/site-packages/airflow/example_dags/example_dataset_alias_with_no_taskflow.py took 0.577 seconds
[2024-12-14T19:38:59.027+0000] {processor.py:186} INFO - Started process (PID=425) to work on /home/airflow/.local/lib/python3.12/site-packages/airflow/example_dags/example_dataset_alias_with_no_taskflow.py
[2024-12-14T19:38:59.028+0000] {processor.py:914} INFO - Processing file /home/airflow/.local/lib/python3.12/site-packages/airflow/example_dags/example_dataset_alias_with_no_taskflow.py for tasks to queue
[2024-12-14T19:38:59.030+0000] {logging_mixin.py:190} INFO - [2024-12-14T19:38:59.030+0000] {dagbag.py:588} INFO - Filling up the DagBag from /home/airflow/.local/lib/python3.12/site-packages/airflow/example_dags/example_dataset_alias_with_no_taskflow.py
[2024-12-14T19:38:59.565+0000] {processor.py:925} INFO - DAG(s) 'dataset_s3_bucket_producer_with_no_taskflow', 'dataset_alias_example_alias_consumer_with_no_taskflow', 'dataset_s3_bucket_consumer_with_no_taskflow', 'dataset_alias_example_alias_producer_with_no_taskflow' retrieved from /home/airflow/.local/lib/python3.12/site-packages/airflow/example_dags/example_dataset_alias_with_no_taskflow.py
[2024-12-14T19:38:59.583+0000] {logging_mixin.py:190} INFO - [2024-12-14T19:38:59.583+0000] {dag.py:3239} INFO - Sync 4 DAGs
[2024-12-14T19:38:59.609+0000] {logging_mixin.py:190} INFO - [2024-12-14T19:38:59.609+0000] {dag.py:4180} INFO - Setting next_dagrun for dataset_alias_example_alias_consumer_with_no_taskflow to None, run_after=None
[2024-12-14T19:38:59.612+0000] {logging_mixin.py:190} INFO - [2024-12-14T19:38:59.612+0000] {dag.py:4180} INFO - Setting next_dagrun for dataset_alias_example_alias_producer_with_no_taskflow to None, run_after=None
[2024-12-14T19:38:59.614+0000] {logging_mixin.py:190} INFO - [2024-12-14T19:38:59.613+0000] {dag.py:4180} INFO - Setting next_dagrun for dataset_s3_bucket_consumer_with_no_taskflow to None, run_after=None
[2024-12-14T19:38:59.615+0000] {logging_mixin.py:190} INFO - [2024-12-14T19:38:59.615+0000] {dag.py:4180} INFO - Setting next_dagrun for dataset_s3_bucket_producer_with_no_taskflow to None, run_after=None
[2024-12-14T19:38:59.637+0000] {processor.py:208} INFO - Processing /home/airflow/.local/lib/python3.12/site-packages/airflow/example_dags/example_dataset_alias_with_no_taskflow.py took 0.614 seconds
[2024-12-14T19:39:30.852+0000] {processor.py:186} INFO - Started process (PID=488) to work on /home/airflow/.local/lib/python3.12/site-packages/airflow/example_dags/example_dataset_alias_with_no_taskflow.py
[2024-12-14T19:39:30.854+0000] {processor.py:914} INFO - Processing file /home/airflow/.local/lib/python3.12/site-packages/airflow/example_dags/example_dataset_alias_with_no_taskflow.py for tasks to queue
[2024-12-14T19:39:30.855+0000] {logging_mixin.py:190} INFO - [2024-12-14T19:39:30.855+0000] {dagbag.py:588} INFO - Filling up the DagBag from /home/airflow/.local/lib/python3.12/site-packages/airflow/example_dags/example_dataset_alias_with_no_taskflow.py
[2024-12-14T19:39:31.424+0000] {processor.py:925} INFO - DAG(s) 'dataset_alias_example_alias_producer_with_no_taskflow', 'dataset_s3_bucket_consumer_with_no_taskflow', 'dataset_alias_example_alias_consumer_with_no_taskflow', 'dataset_s3_bucket_producer_with_no_taskflow' retrieved from /home/airflow/.local/lib/python3.12/site-packages/airflow/example_dags/example_dataset_alias_with_no_taskflow.py
[2024-12-14T19:39:31.445+0000] {logging_mixin.py:190} INFO - [2024-12-14T19:39:31.445+0000] {dag.py:3239} INFO - Sync 4 DAGs
[2024-12-14T19:39:31.471+0000] {logging_mixin.py:190} INFO - [2024-12-14T19:39:31.470+0000] {dag.py:4180} INFO - Setting next_dagrun for dataset_alias_example_alias_consumer_with_no_taskflow to None, run_after=None
[2024-12-14T19:39:31.473+0000] {logging_mixin.py:190} INFO - [2024-12-14T19:39:31.473+0000] {dag.py:4180} INFO - Setting next_dagrun for dataset_alias_example_alias_producer_with_no_taskflow to None, run_after=None
[2024-12-14T19:39:31.475+0000] {logging_mixin.py:190} INFO - [2024-12-14T19:39:31.474+0000] {dag.py:4180} INFO - Setting next_dagrun for dataset_s3_bucket_consumer_with_no_taskflow to None, run_after=None
[2024-12-14T19:39:31.476+0000] {logging_mixin.py:190} INFO - [2024-12-14T19:39:31.476+0000] {dag.py:4180} INFO - Setting next_dagrun for dataset_s3_bucket_producer_with_no_taskflow to None, run_after=None
[2024-12-14T19:39:31.493+0000] {processor.py:208} INFO - Processing /home/airflow/.local/lib/python3.12/site-packages/airflow/example_dags/example_dataset_alias_with_no_taskflow.py took 0.646 seconds
[2024-12-14T19:40:02.285+0000] {processor.py:186} INFO - Started process (PID=556) to work on /home/airflow/.local/lib/python3.12/site-packages/airflow/example_dags/example_dataset_alias_with_no_taskflow.py
[2024-12-14T19:40:02.286+0000] {processor.py:914} INFO - Processing file /home/airflow/.local/lib/python3.12/site-packages/airflow/example_dags/example_dataset_alias_with_no_taskflow.py for tasks to queue
[2024-12-14T19:40:02.289+0000] {logging_mixin.py:190} INFO - [2024-12-14T19:40:02.288+0000] {dagbag.py:588} INFO - Filling up the DagBag from /home/airflow/.local/lib/python3.12/site-packages/airflow/example_dags/example_dataset_alias_with_no_taskflow.py
[2024-12-14T19:40:02.894+0000] {processor.py:925} INFO - DAG(s) 'dataset_s3_bucket_producer_with_no_taskflow', 'dataset_s3_bucket_consumer_with_no_taskflow', 'dataset_alias_example_alias_producer_with_no_taskflow', 'dataset_alias_example_alias_consumer_with_no_taskflow' retrieved from /home/airflow/.local/lib/python3.12/site-packages/airflow/example_dags/example_dataset_alias_with_no_taskflow.py
[2024-12-14T19:40:02.912+0000] {logging_mixin.py:190} INFO - [2024-12-14T19:40:02.912+0000] {dag.py:3239} INFO - Sync 4 DAGs
[2024-12-14T19:40:02.932+0000] {logging_mixin.py:190} INFO - [2024-12-14T19:40:02.932+0000] {dag.py:4180} INFO - Setting next_dagrun for dataset_alias_example_alias_consumer_with_no_taskflow to None, run_after=None
[2024-12-14T19:40:02.935+0000] {logging_mixin.py:190} INFO - [2024-12-14T19:40:02.935+0000] {dag.py:4180} INFO - Setting next_dagrun for dataset_alias_example_alias_producer_with_no_taskflow to None, run_after=None
[2024-12-14T19:40:02.936+0000] {logging_mixin.py:190} INFO - [2024-12-14T19:40:02.936+0000] {dag.py:4180} INFO - Setting next_dagrun for dataset_s3_bucket_consumer_with_no_taskflow to None, run_after=None
[2024-12-14T19:40:02.937+0000] {logging_mixin.py:190} INFO - [2024-12-14T19:40:02.937+0000] {dag.py:4180} INFO - Setting next_dagrun for dataset_s3_bucket_producer_with_no_taskflow to None, run_after=None
[2024-12-14T19:40:02.958+0000] {processor.py:208} INFO - Processing /home/airflow/.local/lib/python3.12/site-packages/airflow/example_dags/example_dataset_alias_with_no_taskflow.py took 0.679 seconds
[2024-12-14T19:40:33.280+0000] {processor.py:186} INFO - Started process (PID=625) to work on /home/airflow/.local/lib/python3.12/site-packages/airflow/example_dags/example_dataset_alias_with_no_taskflow.py
[2024-12-14T19:40:33.282+0000] {processor.py:914} INFO - Processing file /home/airflow/.local/lib/python3.12/site-packages/airflow/example_dags/example_dataset_alias_with_no_taskflow.py for tasks to queue
[2024-12-14T19:40:33.283+0000] {logging_mixin.py:190} INFO - [2024-12-14T19:40:33.283+0000] {dagbag.py:588} INFO - Filling up the DagBag from /home/airflow/.local/lib/python3.12/site-packages/airflow/example_dags/example_dataset_alias_with_no_taskflow.py
[2024-12-14T19:40:33.797+0000] {processor.py:925} INFO - DAG(s) 'dataset_alias_example_alias_consumer_with_no_taskflow', 'dataset_s3_bucket_consumer_with_no_taskflow', 'dataset_s3_bucket_producer_with_no_taskflow', 'dataset_alias_example_alias_producer_with_no_taskflow' retrieved from /home/airflow/.local/lib/python3.12/site-packages/airflow/example_dags/example_dataset_alias_with_no_taskflow.py
[2024-12-14T19:40:33.814+0000] {logging_mixin.py:190} INFO - [2024-12-14T19:40:33.813+0000] {dag.py:3239} INFO - Sync 4 DAGs
[2024-12-14T19:40:33.832+0000] {logging_mixin.py:190} INFO - [2024-12-14T19:40:33.832+0000] {dag.py:4180} INFO - Setting next_dagrun for dataset_alias_example_alias_consumer_with_no_taskflow to None, run_after=None
[2024-12-14T19:40:33.834+0000] {logging_mixin.py:190} INFO - [2024-12-14T19:40:33.834+0000] {dag.py:4180} INFO - Setting next_dagrun for dataset_alias_example_alias_producer_with_no_taskflow to None, run_after=None
[2024-12-14T19:40:33.835+0000] {logging_mixin.py:190} INFO - [2024-12-14T19:40:33.835+0000] {dag.py:4180} INFO - Setting next_dagrun for dataset_s3_bucket_consumer_with_no_taskflow to None, run_after=None
[2024-12-14T19:40:33.836+0000] {logging_mixin.py:190} INFO - [2024-12-14T19:40:33.836+0000] {dag.py:4180} INFO - Setting next_dagrun for dataset_s3_bucket_producer_with_no_taskflow to None, run_after=None
[2024-12-14T19:40:33.852+0000] {processor.py:208} INFO - Processing /home/airflow/.local/lib/python3.12/site-packages/airflow/example_dags/example_dataset_alias_with_no_taskflow.py took 0.576 seconds
[2024-12-14T19:41:04.150+0000] {processor.py:186} INFO - Started process (PID=689) to work on /home/airflow/.local/lib/python3.12/site-packages/airflow/example_dags/example_dataset_alias_with_no_taskflow.py
[2024-12-14T19:41:04.151+0000] {processor.py:914} INFO - Processing file /home/airflow/.local/lib/python3.12/site-packages/airflow/example_dags/example_dataset_alias_with_no_taskflow.py for tasks to queue
[2024-12-14T19:41:04.153+0000] {logging_mixin.py:190} INFO - [2024-12-14T19:41:04.153+0000] {dagbag.py:588} INFO - Filling up the DagBag from /home/airflow/.local/lib/python3.12/site-packages/airflow/example_dags/example_dataset_alias_with_no_taskflow.py
[2024-12-14T19:41:04.722+0000] {processor.py:925} INFO - DAG(s) 'dataset_s3_bucket_producer_with_no_taskflow', 'dataset_s3_bucket_consumer_with_no_taskflow', 'dataset_alias_example_alias_consumer_with_no_taskflow', 'dataset_alias_example_alias_producer_with_no_taskflow' retrieved from /home/airflow/.local/lib/python3.12/site-packages/airflow/example_dags/example_dataset_alias_with_no_taskflow.py
[2024-12-14T19:41:04.742+0000] {logging_mixin.py:190} INFO - [2024-12-14T19:41:04.742+0000] {dag.py:3239} INFO - Sync 4 DAGs
[2024-12-14T19:41:04.762+0000] {logging_mixin.py:190} INFO - [2024-12-14T19:41:04.762+0000] {dag.py:4180} INFO - Setting next_dagrun for dataset_alias_example_alias_consumer_with_no_taskflow to None, run_after=None
[2024-12-14T19:41:04.765+0000] {logging_mixin.py:190} INFO - [2024-12-14T19:41:04.764+0000] {dag.py:4180} INFO - Setting next_dagrun for dataset_alias_example_alias_producer_with_no_taskflow to None, run_after=None
[2024-12-14T19:41:04.766+0000] {logging_mixin.py:190} INFO - [2024-12-14T19:41:04.766+0000] {dag.py:4180} INFO - Setting next_dagrun for dataset_s3_bucket_consumer_with_no_taskflow to None, run_after=None
[2024-12-14T19:41:04.767+0000] {logging_mixin.py:190} INFO - [2024-12-14T19:41:04.767+0000] {dag.py:4180} INFO - Setting next_dagrun for dataset_s3_bucket_producer_with_no_taskflow to None, run_after=None
[2024-12-14T19:41:04.785+0000] {processor.py:208} INFO - Processing /home/airflow/.local/lib/python3.12/site-packages/airflow/example_dags/example_dataset_alias_with_no_taskflow.py took 0.640 seconds
[2024-12-14T19:41:35.786+0000] {processor.py:186} INFO - Started process (PID=758) to work on /home/airflow/.local/lib/python3.12/site-packages/airflow/example_dags/example_dataset_alias_with_no_taskflow.py
[2024-12-14T19:41:35.787+0000] {processor.py:914} INFO - Processing file /home/airflow/.local/lib/python3.12/site-packages/airflow/example_dags/example_dataset_alias_with_no_taskflow.py for tasks to queue
[2024-12-14T19:41:35.788+0000] {logging_mixin.py:190} INFO - [2024-12-14T19:41:35.788+0000] {dagbag.py:588} INFO - Filling up the DagBag from /home/airflow/.local/lib/python3.12/site-packages/airflow/example_dags/example_dataset_alias_with_no_taskflow.py
[2024-12-14T19:41:36.321+0000] {processor.py:925} INFO - DAG(s) 'dataset_s3_bucket_producer_with_no_taskflow', 'dataset_s3_bucket_consumer_with_no_taskflow', 'dataset_alias_example_alias_consumer_with_no_taskflow', 'dataset_alias_example_alias_producer_with_no_taskflow' retrieved from /home/airflow/.local/lib/python3.12/site-packages/airflow/example_dags/example_dataset_alias_with_no_taskflow.py
[2024-12-14T19:41:36.343+0000] {logging_mixin.py:190} INFO - [2024-12-14T19:41:36.342+0000] {dag.py:3239} INFO - Sync 4 DAGs
[2024-12-14T19:41:36.362+0000] {logging_mixin.py:190} INFO - [2024-12-14T19:41:36.362+0000] {dag.py:4180} INFO - Setting next_dagrun for dataset_alias_example_alias_consumer_with_no_taskflow to None, run_after=None
[2024-12-14T19:41:36.365+0000] {logging_mixin.py:190} INFO - [2024-12-14T19:41:36.364+0000] {dag.py:4180} INFO - Setting next_dagrun for dataset_alias_example_alias_producer_with_no_taskflow to None, run_after=None
[2024-12-14T19:41:36.366+0000] {logging_mixin.py:190} INFO - [2024-12-14T19:41:36.366+0000] {dag.py:4180} INFO - Setting next_dagrun for dataset_s3_bucket_consumer_with_no_taskflow to None, run_after=None
[2024-12-14T19:41:36.367+0000] {logging_mixin.py:190} INFO - [2024-12-14T19:41:36.367+0000] {dag.py:4180} INFO - Setting next_dagrun for dataset_s3_bucket_producer_with_no_taskflow to None, run_after=None
[2024-12-14T19:41:36.385+0000] {processor.py:208} INFO - Processing /home/airflow/.local/lib/python3.12/site-packages/airflow/example_dags/example_dataset_alias_with_no_taskflow.py took 0.604 seconds
[2024-12-14T19:42:07.778+0000] {processor.py:186} INFO - Started process (PID=826) to work on /home/airflow/.local/lib/python3.12/site-packages/airflow/example_dags/example_dataset_alias_with_no_taskflow.py
[2024-12-14T19:42:07.779+0000] {processor.py:914} INFO - Processing file /home/airflow/.local/lib/python3.12/site-packages/airflow/example_dags/example_dataset_alias_with_no_taskflow.py for tasks to queue
[2024-12-14T19:42:07.781+0000] {logging_mixin.py:190} INFO - [2024-12-14T19:42:07.781+0000] {dagbag.py:588} INFO - Filling up the DagBag from /home/airflow/.local/lib/python3.12/site-packages/airflow/example_dags/example_dataset_alias_with_no_taskflow.py
[2024-12-14T19:42:08.499+0000] {processor.py:925} INFO - DAG(s) 'dataset_s3_bucket_consumer_with_no_taskflow', 'dataset_s3_bucket_producer_with_no_taskflow', 'dataset_alias_example_alias_producer_with_no_taskflow', 'dataset_alias_example_alias_consumer_with_no_taskflow' retrieved from /home/airflow/.local/lib/python3.12/site-packages/airflow/example_dags/example_dataset_alias_with_no_taskflow.py
[2024-12-14T19:42:08.523+0000] {logging_mixin.py:190} INFO - [2024-12-14T19:42:08.522+0000] {dag.py:3239} INFO - Sync 4 DAGs
[2024-12-14T19:42:08.551+0000] {logging_mixin.py:190} INFO - [2024-12-14T19:42:08.550+0000] {dag.py:4180} INFO - Setting next_dagrun for dataset_alias_example_alias_consumer_with_no_taskflow to None, run_after=None
[2024-12-14T19:42:08.554+0000] {logging_mixin.py:190} INFO - [2024-12-14T19:42:08.553+0000] {dag.py:4180} INFO - Setting next_dagrun for dataset_alias_example_alias_producer_with_no_taskflow to None, run_after=None
[2024-12-14T19:42:08.555+0000] {logging_mixin.py:190} INFO - [2024-12-14T19:42:08.555+0000] {dag.py:4180} INFO - Setting next_dagrun for dataset_s3_bucket_consumer_with_no_taskflow to None, run_after=None
[2024-12-14T19:42:08.557+0000] {logging_mixin.py:190} INFO - [2024-12-14T19:42:08.557+0000] {dag.py:4180} INFO - Setting next_dagrun for dataset_s3_bucket_producer_with_no_taskflow to None, run_after=None
[2024-12-14T19:42:08.580+0000] {processor.py:208} INFO - Processing /home/airflow/.local/lib/python3.12/site-packages/airflow/example_dags/example_dataset_alias_with_no_taskflow.py took 0.808 seconds
[2024-12-14T19:42:39.246+0000] {processor.py:186} INFO - Started process (PID=891) to work on /home/airflow/.local/lib/python3.12/site-packages/airflow/example_dags/example_dataset_alias_with_no_taskflow.py
[2024-12-14T19:42:39.247+0000] {processor.py:914} INFO - Processing file /home/airflow/.local/lib/python3.12/site-packages/airflow/example_dags/example_dataset_alias_with_no_taskflow.py for tasks to queue
[2024-12-14T19:42:39.250+0000] {logging_mixin.py:190} INFO - [2024-12-14T19:42:39.249+0000] {dagbag.py:588} INFO - Filling up the DagBag from /home/airflow/.local/lib/python3.12/site-packages/airflow/example_dags/example_dataset_alias_with_no_taskflow.py
[2024-12-14T19:42:39.844+0000] {processor.py:925} INFO - DAG(s) 'dataset_alias_example_alias_consumer_with_no_taskflow', 'dataset_s3_bucket_producer_with_no_taskflow', 'dataset_alias_example_alias_producer_with_no_taskflow', 'dataset_s3_bucket_consumer_with_no_taskflow' retrieved from /home/airflow/.local/lib/python3.12/site-packages/airflow/example_dags/example_dataset_alias_with_no_taskflow.py
[2024-12-14T19:42:39.863+0000] {logging_mixin.py:190} INFO - [2024-12-14T19:42:39.862+0000] {dag.py:3239} INFO - Sync 4 DAGs
[2024-12-14T19:42:39.884+0000] {logging_mixin.py:190} INFO - [2024-12-14T19:42:39.884+0000] {dag.py:4180} INFO - Setting next_dagrun for dataset_alias_example_alias_consumer_with_no_taskflow to None, run_after=None
[2024-12-14T19:42:39.886+0000] {logging_mixin.py:190} INFO - [2024-12-14T19:42:39.886+0000] {dag.py:4180} INFO - Setting next_dagrun for dataset_alias_example_alias_producer_with_no_taskflow to None, run_after=None
[2024-12-14T19:42:39.887+0000] {logging_mixin.py:190} INFO - [2024-12-14T19:42:39.887+0000] {dag.py:4180} INFO - Setting next_dagrun for dataset_s3_bucket_consumer_with_no_taskflow to None, run_after=None
[2024-12-14T19:42:39.889+0000] {logging_mixin.py:190} INFO - [2024-12-14T19:42:39.888+0000] {dag.py:4180} INFO - Setting next_dagrun for dataset_s3_bucket_producer_with_no_taskflow to None, run_after=None
[2024-12-14T19:42:39.908+0000] {processor.py:208} INFO - Processing /home/airflow/.local/lib/python3.12/site-packages/airflow/example_dags/example_dataset_alias_with_no_taskflow.py took 0.667 seconds
[2024-12-14T19:43:09.966+0000] {processor.py:186} INFO - Started process (PID=959) to work on /home/airflow/.local/lib/python3.12/site-packages/airflow/example_dags/example_dataset_alias_with_no_taskflow.py
[2024-12-14T19:43:09.967+0000] {processor.py:914} INFO - Processing file /home/airflow/.local/lib/python3.12/site-packages/airflow/example_dags/example_dataset_alias_with_no_taskflow.py for tasks to queue
[2024-12-14T19:43:09.969+0000] {logging_mixin.py:190} INFO - [2024-12-14T19:43:09.969+0000] {dagbag.py:588} INFO - Filling up the DagBag from /home/airflow/.local/lib/python3.12/site-packages/airflow/example_dags/example_dataset_alias_with_no_taskflow.py
[2024-12-14T19:43:10.585+0000] {processor.py:925} INFO - DAG(s) 'dataset_s3_bucket_producer_with_no_taskflow', 'dataset_alias_example_alias_consumer_with_no_taskflow', 'dataset_s3_bucket_consumer_with_no_taskflow', 'dataset_alias_example_alias_producer_with_no_taskflow' retrieved from /home/airflow/.local/lib/python3.12/site-packages/airflow/example_dags/example_dataset_alias_with_no_taskflow.py
[2024-12-14T19:43:10.610+0000] {logging_mixin.py:190} INFO - [2024-12-14T19:43:10.609+0000] {dag.py:3239} INFO - Sync 4 DAGs
[2024-12-14T19:43:10.639+0000] {logging_mixin.py:190} INFO - [2024-12-14T19:43:10.638+0000] {dag.py:4180} INFO - Setting next_dagrun for dataset_alias_example_alias_consumer_with_no_taskflow to None, run_after=None
[2024-12-14T19:43:10.642+0000] {logging_mixin.py:190} INFO - [2024-12-14T19:43:10.642+0000] {dag.py:4180} INFO - Setting next_dagrun for dataset_alias_example_alias_producer_with_no_taskflow to None, run_after=None
[2024-12-14T19:43:10.644+0000] {logging_mixin.py:190} INFO - [2024-12-14T19:43:10.643+0000] {dag.py:4180} INFO - Setting next_dagrun for dataset_s3_bucket_consumer_with_no_taskflow to None, run_after=None
[2024-12-14T19:43:10.645+0000] {logging_mixin.py:190} INFO - [2024-12-14T19:43:10.645+0000] {dag.py:4180} INFO - Setting next_dagrun for dataset_s3_bucket_producer_with_no_taskflow to None, run_after=None
[2024-12-14T19:43:10.668+0000] {processor.py:208} INFO - Processing /home/airflow/.local/lib/python3.12/site-packages/airflow/example_dags/example_dataset_alias_with_no_taskflow.py took 0.707 seconds
[2024-12-14T19:43:41.042+0000] {processor.py:186} INFO - Started process (PID=1023) to work on /home/airflow/.local/lib/python3.12/site-packages/airflow/example_dags/example_dataset_alias_with_no_taskflow.py
[2024-12-14T19:43:41.044+0000] {processor.py:914} INFO - Processing file /home/airflow/.local/lib/python3.12/site-packages/airflow/example_dags/example_dataset_alias_with_no_taskflow.py for tasks to queue
[2024-12-14T19:43:41.046+0000] {logging_mixin.py:190} INFO - [2024-12-14T19:43:41.046+0000] {dagbag.py:588} INFO - Filling up the DagBag from /home/airflow/.local/lib/python3.12/site-packages/airflow/example_dags/example_dataset_alias_with_no_taskflow.py
[2024-12-14T19:43:41.708+0000] {processor.py:925} INFO - DAG(s) 'dataset_alias_example_alias_consumer_with_no_taskflow', 'dataset_s3_bucket_producer_with_no_taskflow', 'dataset_s3_bucket_consumer_with_no_taskflow', 'dataset_alias_example_alias_producer_with_no_taskflow' retrieved from /home/airflow/.local/lib/python3.12/site-packages/airflow/example_dags/example_dataset_alias_with_no_taskflow.py
[2024-12-14T19:43:41.731+0000] {logging_mixin.py:190} INFO - [2024-12-14T19:43:41.731+0000] {dag.py:3239} INFO - Sync 4 DAGs
[2024-12-14T19:43:41.757+0000] {logging_mixin.py:190} INFO - [2024-12-14T19:43:41.757+0000] {dag.py:4180} INFO - Setting next_dagrun for dataset_alias_example_alias_consumer_with_no_taskflow to None, run_after=None
[2024-12-14T19:43:41.760+0000] {logging_mixin.py:190} INFO - [2024-12-14T19:43:41.760+0000] {dag.py:4180} INFO - Setting next_dagrun for dataset_alias_example_alias_producer_with_no_taskflow to None, run_after=None
[2024-12-14T19:43:41.762+0000] {logging_mixin.py:190} INFO - [2024-12-14T19:43:41.762+0000] {dag.py:4180} INFO - Setting next_dagrun for dataset_s3_bucket_consumer_with_no_taskflow to None, run_after=None
[2024-12-14T19:43:41.764+0000] {logging_mixin.py:190} INFO - [2024-12-14T19:43:41.763+0000] {dag.py:4180} INFO - Setting next_dagrun for dataset_s3_bucket_producer_with_no_taskflow to None, run_after=None
[2024-12-14T19:43:41.787+0000] {processor.py:208} INFO - Processing /home/airflow/.local/lib/python3.12/site-packages/airflow/example_dags/example_dataset_alias_with_no_taskflow.py took 0.754 seconds
[2024-12-14T19:44:11.943+0000] {processor.py:186} INFO - Started process (PID=1091) to work on /home/airflow/.local/lib/python3.12/site-packages/airflow/example_dags/example_dataset_alias_with_no_taskflow.py
[2024-12-14T19:44:11.944+0000] {processor.py:914} INFO - Processing file /home/airflow/.local/lib/python3.12/site-packages/airflow/example_dags/example_dataset_alias_with_no_taskflow.py for tasks to queue
[2024-12-14T19:44:11.946+0000] {logging_mixin.py:190} INFO - [2024-12-14T19:44:11.946+0000] {dagbag.py:588} INFO - Filling up the DagBag from /home/airflow/.local/lib/python3.12/site-packages/airflow/example_dags/example_dataset_alias_with_no_taskflow.py
[2024-12-14T19:44:12.496+0000] {processor.py:925} INFO - DAG(s) 'dataset_s3_bucket_consumer_with_no_taskflow', 'dataset_s3_bucket_producer_with_no_taskflow', 'dataset_alias_example_alias_producer_with_no_taskflow', 'dataset_alias_example_alias_consumer_with_no_taskflow' retrieved from /home/airflow/.local/lib/python3.12/site-packages/airflow/example_dags/example_dataset_alias_with_no_taskflow.py
[2024-12-14T19:44:12.513+0000] {logging_mixin.py:190} INFO - [2024-12-14T19:44:12.513+0000] {dag.py:3239} INFO - Sync 4 DAGs
[2024-12-14T19:44:12.533+0000] {logging_mixin.py:190} INFO - [2024-12-14T19:44:12.533+0000] {dag.py:4180} INFO - Setting next_dagrun for dataset_alias_example_alias_consumer_with_no_taskflow to None, run_after=None
[2024-12-14T19:44:12.536+0000] {logging_mixin.py:190} INFO - [2024-12-14T19:44:12.535+0000] {dag.py:4180} INFO - Setting next_dagrun for dataset_alias_example_alias_producer_with_no_taskflow to None, run_after=None
[2024-12-14T19:44:12.537+0000] {logging_mixin.py:190} INFO - [2024-12-14T19:44:12.537+0000] {dag.py:4180} INFO - Setting next_dagrun for dataset_s3_bucket_consumer_with_no_taskflow to None, run_after=None
[2024-12-14T19:44:12.538+0000] {logging_mixin.py:190} INFO - [2024-12-14T19:44:12.538+0000] {dag.py:4180} INFO - Setting next_dagrun for dataset_s3_bucket_producer_with_no_taskflow to None, run_after=None
[2024-12-14T19:44:12.557+0000] {processor.py:208} INFO - Processing /home/airflow/.local/lib/python3.12/site-packages/airflow/example_dags/example_dataset_alias_with_no_taskflow.py took 0.619 seconds
[2024-12-14T19:44:43.073+0000] {processor.py:186} INFO - Started process (PID=1152) to work on /home/airflow/.local/lib/python3.12/site-packages/airflow/example_dags/example_dataset_alias_with_no_taskflow.py
[2024-12-14T19:44:43.074+0000] {processor.py:914} INFO - Processing file /home/airflow/.local/lib/python3.12/site-packages/airflow/example_dags/example_dataset_alias_with_no_taskflow.py for tasks to queue
[2024-12-14T19:44:43.076+0000] {logging_mixin.py:190} INFO - [2024-12-14T19:44:43.076+0000] {dagbag.py:588} INFO - Filling up the DagBag from /home/airflow/.local/lib/python3.12/site-packages/airflow/example_dags/example_dataset_alias_with_no_taskflow.py
[2024-12-14T19:44:43.653+0000] {processor.py:925} INFO - DAG(s) 'dataset_s3_bucket_producer_with_no_taskflow', 'dataset_alias_example_alias_producer_with_no_taskflow', 'dataset_s3_bucket_consumer_with_no_taskflow', 'dataset_alias_example_alias_consumer_with_no_taskflow' retrieved from /home/airflow/.local/lib/python3.12/site-packages/airflow/example_dags/example_dataset_alias_with_no_taskflow.py
[2024-12-14T19:44:43.672+0000] {logging_mixin.py:190} INFO - [2024-12-14T19:44:43.672+0000] {dag.py:3239} INFO - Sync 4 DAGs
[2024-12-14T19:44:43.693+0000] {logging_mixin.py:190} INFO - [2024-12-14T19:44:43.693+0000] {dag.py:4180} INFO - Setting next_dagrun for dataset_alias_example_alias_consumer_with_no_taskflow to None, run_after=None
[2024-12-14T19:44:43.695+0000] {logging_mixin.py:190} INFO - [2024-12-14T19:44:43.695+0000] {dag.py:4180} INFO - Setting next_dagrun for dataset_alias_example_alias_producer_with_no_taskflow to None, run_after=None
[2024-12-14T19:44:43.697+0000] {logging_mixin.py:190} INFO - [2024-12-14T19:44:43.696+0000] {dag.py:4180} INFO - Setting next_dagrun for dataset_s3_bucket_consumer_with_no_taskflow to None, run_after=None
[2024-12-14T19:44:43.698+0000] {logging_mixin.py:190} INFO - [2024-12-14T19:44:43.698+0000] {dag.py:4180} INFO - Setting next_dagrun for dataset_s3_bucket_producer_with_no_taskflow to None, run_after=None
[2024-12-14T19:44:43.718+0000] {processor.py:208} INFO - Processing /home/airflow/.local/lib/python3.12/site-packages/airflow/example_dags/example_dataset_alias_with_no_taskflow.py took 0.649 seconds
[2024-12-14T19:45:14.640+0000] {processor.py:186} INFO - Started process (PID=1212) to work on /home/airflow/.local/lib/python3.12/site-packages/airflow/example_dags/example_dataset_alias_with_no_taskflow.py
[2024-12-14T19:45:14.640+0000] {processor.py:914} INFO - Processing file /home/airflow/.local/lib/python3.12/site-packages/airflow/example_dags/example_dataset_alias_with_no_taskflow.py for tasks to queue
[2024-12-14T19:45:14.642+0000] {logging_mixin.py:190} INFO - [2024-12-14T19:45:14.642+0000] {dagbag.py:588} INFO - Filling up the DagBag from /home/airflow/.local/lib/python3.12/site-packages/airflow/example_dags/example_dataset_alias_with_no_taskflow.py
[2024-12-14T19:45:15.158+0000] {processor.py:925} INFO - DAG(s) 'dataset_s3_bucket_consumer_with_no_taskflow', 'dataset_alias_example_alias_producer_with_no_taskflow', 'dataset_s3_bucket_producer_with_no_taskflow', 'dataset_alias_example_alias_consumer_with_no_taskflow' retrieved from /home/airflow/.local/lib/python3.12/site-packages/airflow/example_dags/example_dataset_alias_with_no_taskflow.py
[2024-12-14T19:45:15.178+0000] {logging_mixin.py:190} INFO - [2024-12-14T19:45:15.177+0000] {dag.py:3239} INFO - Sync 4 DAGs
[2024-12-14T19:45:15.198+0000] {logging_mixin.py:190} INFO - [2024-12-14T19:45:15.198+0000] {dag.py:4180} INFO - Setting next_dagrun for dataset_alias_example_alias_consumer_with_no_taskflow to None, run_after=None
[2024-12-14T19:45:15.201+0000] {logging_mixin.py:190} INFO - [2024-12-14T19:45:15.201+0000] {dag.py:4180} INFO - Setting next_dagrun for dataset_alias_example_alias_producer_with_no_taskflow to None, run_after=None
[2024-12-14T19:45:15.202+0000] {logging_mixin.py:190} INFO - [2024-12-14T19:45:15.202+0000] {dag.py:4180} INFO - Setting next_dagrun for dataset_s3_bucket_consumer_with_no_taskflow to None, run_after=None
[2024-12-14T19:45:15.204+0000] {logging_mixin.py:190} INFO - [2024-12-14T19:45:15.204+0000] {dag.py:4180} INFO - Setting next_dagrun for dataset_s3_bucket_producer_with_no_taskflow to None, run_after=None
[2024-12-14T19:45:15.224+0000] {processor.py:208} INFO - Processing /home/airflow/.local/lib/python3.12/site-packages/airflow/example_dags/example_dataset_alias_with_no_taskflow.py took 0.589 seconds
[2024-12-14T19:45:45.485+0000] {processor.py:186} INFO - Started process (PID=1274) to work on /home/airflow/.local/lib/python3.12/site-packages/airflow/example_dags/example_dataset_alias_with_no_taskflow.py
[2024-12-14T19:45:45.486+0000] {processor.py:914} INFO - Processing file /home/airflow/.local/lib/python3.12/site-packages/airflow/example_dags/example_dataset_alias_with_no_taskflow.py for tasks to queue
[2024-12-14T19:45:45.488+0000] {logging_mixin.py:190} INFO - [2024-12-14T19:45:45.487+0000] {dagbag.py:588} INFO - Filling up the DagBag from /home/airflow/.local/lib/python3.12/site-packages/airflow/example_dags/example_dataset_alias_with_no_taskflow.py
[2024-12-14T19:45:46.048+0000] {processor.py:925} INFO - DAG(s) 'dataset_alias_example_alias_consumer_with_no_taskflow', 'dataset_alias_example_alias_producer_with_no_taskflow', 'dataset_s3_bucket_producer_with_no_taskflow', 'dataset_s3_bucket_consumer_with_no_taskflow' retrieved from /home/airflow/.local/lib/python3.12/site-packages/airflow/example_dags/example_dataset_alias_with_no_taskflow.py
[2024-12-14T19:45:46.067+0000] {logging_mixin.py:190} INFO - [2024-12-14T19:45:46.067+0000] {dag.py:3239} INFO - Sync 4 DAGs
[2024-12-14T19:45:46.090+0000] {logging_mixin.py:190} INFO - [2024-12-14T19:45:46.090+0000] {dag.py:4180} INFO - Setting next_dagrun for dataset_alias_example_alias_consumer_with_no_taskflow to None, run_after=None
[2024-12-14T19:45:46.092+0000] {logging_mixin.py:190} INFO - [2024-12-14T19:45:46.092+0000] {dag.py:4180} INFO - Setting next_dagrun for dataset_alias_example_alias_producer_with_no_taskflow to None, run_after=None
[2024-12-14T19:45:46.094+0000] {logging_mixin.py:190} INFO - [2024-12-14T19:45:46.094+0000] {dag.py:4180} INFO - Setting next_dagrun for dataset_s3_bucket_consumer_with_no_taskflow to None, run_after=None
[2024-12-14T19:45:46.095+0000] {logging_mixin.py:190} INFO - [2024-12-14T19:45:46.095+0000] {dag.py:4180} INFO - Setting next_dagrun for dataset_s3_bucket_producer_with_no_taskflow to None, run_after=None
[2024-12-14T19:45:46.117+0000] {processor.py:208} INFO - Processing /home/airflow/.local/lib/python3.12/site-packages/airflow/example_dags/example_dataset_alias_with_no_taskflow.py took 0.637 seconds
