[2024-12-14T19:28:24.233+0000] {processor.py:186} INFO - Started process (PID=37) to work on /home/airflow/.local/lib/python3.12/site-packages/airflow/example_dags/example_dataset_alias.py
[2024-12-14T19:28:24.234+0000] {processor.py:914} INFO - Processing file /home/airflow/.local/lib/python3.12/site-packages/airflow/example_dags/example_dataset_alias.py for tasks to queue
[2024-12-14T19:28:24.236+0000] {logging_mixin.py:190} INFO - [2024-12-14T19:28:24.236+0000] {dagbag.py:588} INFO - Filling up the DagBag from /home/airflow/.local/lib/python3.12/site-packages/airflow/example_dags/example_dataset_alias.py
[2024-12-14T19:28:25.790+0000] {processor.py:925} INFO - DAG(s) 'dataset_s3_bucket_producer', 'dataset_alias_example_alias_producer', 'dataset_s3_bucket_consumer', 'dataset_alias_example_alias_consumer' retrieved from /home/airflow/.local/lib/python3.12/site-packages/airflow/example_dags/example_dataset_alias.py
[2024-12-14T19:28:25.874+0000] {logging_mixin.py:190} INFO - [2024-12-14T19:28:25.874+0000] {override.py:1911} INFO - Created Permission View: can edit on DAG:dataset_s3_bucket_producer
[2024-12-14T19:28:25.883+0000] {logging_mixin.py:190} INFO - [2024-12-14T19:28:25.882+0000] {override.py:1911} INFO - Created Permission View: can delete on DAG:dataset_s3_bucket_producer
[2024-12-14T19:28:25.888+0000] {logging_mixin.py:190} INFO - [2024-12-14T19:28:25.888+0000] {override.py:1911} INFO - Created Permission View: can read on DAG:dataset_s3_bucket_producer
[2024-12-14T19:28:25.895+0000] {logging_mixin.py:190} INFO - [2024-12-14T19:28:25.894+0000] {override.py:1911} INFO - Created Permission View: menu access on DAG Run:dataset_s3_bucket_producer
[2024-12-14T19:28:25.900+0000] {logging_mixin.py:190} INFO - [2024-12-14T19:28:25.900+0000] {override.py:1911} INFO - Created Permission View: can delete on DAG Run:dataset_s3_bucket_producer
[2024-12-14T19:28:25.906+0000] {logging_mixin.py:190} INFO - [2024-12-14T19:28:25.906+0000] {override.py:1911} INFO - Created Permission View: can create on DAG Run:dataset_s3_bucket_producer
[2024-12-14T19:28:25.913+0000] {logging_mixin.py:190} INFO - [2024-12-14T19:28:25.912+0000] {override.py:1911} INFO - Created Permission View: can read on DAG Run:dataset_s3_bucket_producer
[2024-12-14T19:28:25.926+0000] {logging_mixin.py:190} INFO - [2024-12-14T19:28:25.926+0000] {override.py:1911} INFO - Created Permission View: can edit on DAG:dataset_alias_example_alias_producer
[2024-12-14T19:28:25.932+0000] {logging_mixin.py:190} INFO - [2024-12-14T19:28:25.932+0000] {override.py:1911} INFO - Created Permission View: can delete on DAG:dataset_alias_example_alias_producer
[2024-12-14T19:28:25.939+0000] {logging_mixin.py:190} INFO - [2024-12-14T19:28:25.939+0000] {override.py:1911} INFO - Created Permission View: can read on DAG:dataset_alias_example_alias_producer
[2024-12-14T19:28:25.945+0000] {logging_mixin.py:190} INFO - [2024-12-14T19:28:25.945+0000] {override.py:1911} INFO - Created Permission View: menu access on DAG Run:dataset_alias_example_alias_producer
[2024-12-14T19:28:25.950+0000] {logging_mixin.py:190} INFO - [2024-12-14T19:28:25.950+0000] {override.py:1911} INFO - Created Permission View: can delete on DAG Run:dataset_alias_example_alias_producer
[2024-12-14T19:28:25.956+0000] {logging_mixin.py:190} INFO - [2024-12-14T19:28:25.955+0000] {override.py:1911} INFO - Created Permission View: can create on DAG Run:dataset_alias_example_alias_producer
[2024-12-14T19:28:25.965+0000] {logging_mixin.py:190} INFO - [2024-12-14T19:28:25.965+0000] {override.py:1911} INFO - Created Permission View: can read on DAG Run:dataset_alias_example_alias_producer
[2024-12-14T19:28:25.990+0000] {logging_mixin.py:190} INFO - [2024-12-14T19:28:25.985+0000] {override.py:1911} INFO - Created Permission View: can edit on DAG:dataset_s3_bucket_consumer
[2024-12-14T19:28:25.997+0000] {logging_mixin.py:190} INFO - [2024-12-14T19:28:25.997+0000] {override.py:1911} INFO - Created Permission View: can delete on DAG:dataset_s3_bucket_consumer
[2024-12-14T19:28:26.004+0000] {logging_mixin.py:190} INFO - [2024-12-14T19:28:26.003+0000] {override.py:1911} INFO - Created Permission View: can read on DAG:dataset_s3_bucket_consumer
[2024-12-14T19:28:26.010+0000] {logging_mixin.py:190} INFO - [2024-12-14T19:28:26.010+0000] {override.py:1911} INFO - Created Permission View: menu access on DAG Run:dataset_s3_bucket_consumer
[2024-12-14T19:28:26.017+0000] {logging_mixin.py:190} INFO - [2024-12-14T19:28:26.017+0000] {override.py:1911} INFO - Created Permission View: can delete on DAG Run:dataset_s3_bucket_consumer
[2024-12-14T19:28:26.024+0000] {logging_mixin.py:190} INFO - [2024-12-14T19:28:26.024+0000] {override.py:1911} INFO - Created Permission View: can create on DAG Run:dataset_s3_bucket_consumer
[2024-12-14T19:28:26.030+0000] {logging_mixin.py:190} INFO - [2024-12-14T19:28:26.030+0000] {override.py:1911} INFO - Created Permission View: can read on DAG Run:dataset_s3_bucket_consumer
[2024-12-14T19:28:26.042+0000] {logging_mixin.py:190} INFO - [2024-12-14T19:28:26.041+0000] {override.py:1911} INFO - Created Permission View: can edit on DAG:dataset_alias_example_alias_consumer
[2024-12-14T19:28:26.048+0000] {logging_mixin.py:190} INFO - [2024-12-14T19:28:26.048+0000] {override.py:1911} INFO - Created Permission View: can delete on DAG:dataset_alias_example_alias_consumer
[2024-12-14T19:28:26.055+0000] {logging_mixin.py:190} INFO - [2024-12-14T19:28:26.054+0000] {override.py:1911} INFO - Created Permission View: can read on DAG:dataset_alias_example_alias_consumer
[2024-12-14T19:28:26.060+0000] {logging_mixin.py:190} INFO - [2024-12-14T19:28:26.060+0000] {override.py:1911} INFO - Created Permission View: menu access on DAG Run:dataset_alias_example_alias_consumer
[2024-12-14T19:28:26.067+0000] {logging_mixin.py:190} INFO - [2024-12-14T19:28:26.066+0000] {override.py:1911} INFO - Created Permission View: can delete on DAG Run:dataset_alias_example_alias_consumer
[2024-12-14T19:28:26.073+0000] {logging_mixin.py:190} INFO - [2024-12-14T19:28:26.073+0000] {override.py:1911} INFO - Created Permission View: can create on DAG Run:dataset_alias_example_alias_consumer
[2024-12-14T19:28:26.079+0000] {logging_mixin.py:190} INFO - [2024-12-14T19:28:26.079+0000] {override.py:1911} INFO - Created Permission View: can read on DAG Run:dataset_alias_example_alias_consumer
[2024-12-14T19:28:26.080+0000] {logging_mixin.py:190} INFO - [2024-12-14T19:28:26.079+0000] {dag.py:3239} INFO - Sync 4 DAGs
[2024-12-14T19:28:26.096+0000] {logging_mixin.py:190} INFO - [2024-12-14T19:28:26.096+0000] {dag.py:3262} INFO - Creating ORM DAG for dataset_alias_example_alias_producer
[2024-12-14T19:28:26.097+0000] {logging_mixin.py:190} INFO - [2024-12-14T19:28:26.097+0000] {dag.py:3262} INFO - Creating ORM DAG for dataset_alias_example_alias_consumer
[2024-12-14T19:28:26.098+0000] {logging_mixin.py:190} INFO - [2024-12-14T19:28:26.098+0000] {dag.py:3262} INFO - Creating ORM DAG for dataset_s3_bucket_producer
[2024-12-14T19:28:26.098+0000] {logging_mixin.py:190} INFO - [2024-12-14T19:28:26.098+0000] {dag.py:3262} INFO - Creating ORM DAG for dataset_s3_bucket_consumer
[2024-12-14T19:28:26.112+0000] {logging_mixin.py:190} INFO - [2024-12-14T19:28:26.111+0000] {dag.py:4180} INFO - Setting next_dagrun for dataset_alias_example_alias_consumer to None, run_after=None
[2024-12-14T19:28:26.113+0000] {logging_mixin.py:190} INFO - [2024-12-14T19:28:26.112+0000] {dag.py:4180} INFO - Setting next_dagrun for dataset_alias_example_alias_producer to None, run_after=None
[2024-12-14T19:28:26.113+0000] {logging_mixin.py:190} INFO - [2024-12-14T19:28:26.113+0000] {dag.py:4180} INFO - Setting next_dagrun for dataset_s3_bucket_consumer to None, run_after=None
[2024-12-14T19:28:26.114+0000] {logging_mixin.py:190} INFO - [2024-12-14T19:28:26.114+0000] {dag.py:4180} INFO - Setting next_dagrun for dataset_s3_bucket_producer to None, run_after=None
[2024-12-14T19:28:26.152+0000] {processor.py:208} INFO - Processing /home/airflow/.local/lib/python3.12/site-packages/airflow/example_dags/example_dataset_alias.py took 1.925 seconds
[2024-12-14T19:28:56.410+0000] {processor.py:186} INFO - Started process (PID=99) to work on /home/airflow/.local/lib/python3.12/site-packages/airflow/example_dags/example_dataset_alias.py
[2024-12-14T19:28:56.412+0000] {processor.py:914} INFO - Processing file /home/airflow/.local/lib/python3.12/site-packages/airflow/example_dags/example_dataset_alias.py for tasks to queue
[2024-12-14T19:28:56.415+0000] {logging_mixin.py:190} INFO - [2024-12-14T19:28:56.414+0000] {dagbag.py:588} INFO - Filling up the DagBag from /home/airflow/.local/lib/python3.12/site-packages/airflow/example_dags/example_dataset_alias.py
[2024-12-14T19:28:57.007+0000] {processor.py:925} INFO - DAG(s) 'dataset_s3_bucket_consumer', 'dataset_s3_bucket_producer', 'dataset_alias_example_alias_consumer', 'dataset_alias_example_alias_producer' retrieved from /home/airflow/.local/lib/python3.12/site-packages/airflow/example_dags/example_dataset_alias.py
[2024-12-14T19:28:57.031+0000] {logging_mixin.py:190} INFO - [2024-12-14T19:28:57.030+0000] {dag.py:3239} INFO - Sync 4 DAGs
[2024-12-14T19:28:57.053+0000] {logging_mixin.py:190} INFO - [2024-12-14T19:28:57.053+0000] {dag.py:4180} INFO - Setting next_dagrun for dataset_alias_example_alias_consumer to None, run_after=None
[2024-12-14T19:28:57.055+0000] {logging_mixin.py:190} INFO - [2024-12-14T19:28:57.055+0000] {dag.py:4180} INFO - Setting next_dagrun for dataset_alias_example_alias_producer to None, run_after=None
[2024-12-14T19:28:57.057+0000] {logging_mixin.py:190} INFO - [2024-12-14T19:28:57.057+0000] {dag.py:4180} INFO - Setting next_dagrun for dataset_s3_bucket_consumer to None, run_after=None
[2024-12-14T19:28:57.058+0000] {logging_mixin.py:190} INFO - [2024-12-14T19:28:57.058+0000] {dag.py:4180} INFO - Setting next_dagrun for dataset_s3_bucket_producer to None, run_after=None
[2024-12-14T19:28:57.076+0000] {processor.py:208} INFO - Processing /home/airflow/.local/lib/python3.12/site-packages/airflow/example_dags/example_dataset_alias.py took 0.672 seconds
[2024-12-14T19:29:27.856+0000] {processor.py:186} INFO - Started process (PID=168) to work on /home/airflow/.local/lib/python3.12/site-packages/airflow/example_dags/example_dataset_alias.py
[2024-12-14T19:29:27.857+0000] {processor.py:914} INFO - Processing file /home/airflow/.local/lib/python3.12/site-packages/airflow/example_dags/example_dataset_alias.py for tasks to queue
[2024-12-14T19:29:27.859+0000] {logging_mixin.py:190} INFO - [2024-12-14T19:29:27.859+0000] {dagbag.py:588} INFO - Filling up the DagBag from /home/airflow/.local/lib/python3.12/site-packages/airflow/example_dags/example_dataset_alias.py
[2024-12-14T19:29:28.382+0000] {processor.py:925} INFO - DAG(s) 'dataset_alias_example_alias_consumer', 'dataset_s3_bucket_consumer', 'dataset_s3_bucket_producer', 'dataset_alias_example_alias_producer' retrieved from /home/airflow/.local/lib/python3.12/site-packages/airflow/example_dags/example_dataset_alias.py
[2024-12-14T19:29:28.402+0000] {logging_mixin.py:190} INFO - [2024-12-14T19:29:28.401+0000] {dag.py:3239} INFO - Sync 4 DAGs
[2024-12-14T19:29:28.423+0000] {logging_mixin.py:190} INFO - [2024-12-14T19:29:28.423+0000] {dag.py:4180} INFO - Setting next_dagrun for dataset_alias_example_alias_consumer to None, run_after=None
[2024-12-14T19:29:28.426+0000] {logging_mixin.py:190} INFO - [2024-12-14T19:29:28.425+0000] {dag.py:4180} INFO - Setting next_dagrun for dataset_alias_example_alias_producer to None, run_after=None
[2024-12-14T19:29:28.427+0000] {logging_mixin.py:190} INFO - [2024-12-14T19:29:28.427+0000] {dag.py:4180} INFO - Setting next_dagrun for dataset_s3_bucket_consumer to None, run_after=None
[2024-12-14T19:29:28.428+0000] {logging_mixin.py:190} INFO - [2024-12-14T19:29:28.428+0000] {dag.py:4180} INFO - Setting next_dagrun for dataset_s3_bucket_producer to None, run_after=None
[2024-12-14T19:29:28.445+0000] {processor.py:208} INFO - Processing /home/airflow/.local/lib/python3.12/site-packages/airflow/example_dags/example_dataset_alias.py took 0.594 seconds
[2024-12-14T19:29:59.134+0000] {processor.py:186} INFO - Started process (PID=231) to work on /home/airflow/.local/lib/python3.12/site-packages/airflow/example_dags/example_dataset_alias.py
[2024-12-14T19:29:59.135+0000] {processor.py:914} INFO - Processing file /home/airflow/.local/lib/python3.12/site-packages/airflow/example_dags/example_dataset_alias.py for tasks to queue
[2024-12-14T19:29:59.137+0000] {logging_mixin.py:190} INFO - [2024-12-14T19:29:59.137+0000] {dagbag.py:588} INFO - Filling up the DagBag from /home/airflow/.local/lib/python3.12/site-packages/airflow/example_dags/example_dataset_alias.py
[2024-12-14T19:29:59.673+0000] {processor.py:925} INFO - DAG(s) 'dataset_alias_example_alias_producer', 'dataset_s3_bucket_producer', 'dataset_alias_example_alias_consumer', 'dataset_s3_bucket_consumer' retrieved from /home/airflow/.local/lib/python3.12/site-packages/airflow/example_dags/example_dataset_alias.py
[2024-12-14T19:29:59.691+0000] {logging_mixin.py:190} INFO - [2024-12-14T19:29:59.690+0000] {dag.py:3239} INFO - Sync 4 DAGs
[2024-12-14T19:29:59.711+0000] {logging_mixin.py:190} INFO - [2024-12-14T19:29:59.711+0000] {dag.py:4180} INFO - Setting next_dagrun for dataset_alias_example_alias_consumer to None, run_after=None
[2024-12-14T19:29:59.714+0000] {logging_mixin.py:190} INFO - [2024-12-14T19:29:59.714+0000] {dag.py:4180} INFO - Setting next_dagrun for dataset_alias_example_alias_producer to None, run_after=None
[2024-12-14T19:29:59.715+0000] {logging_mixin.py:190} INFO - [2024-12-14T19:29:59.715+0000] {dag.py:4180} INFO - Setting next_dagrun for dataset_s3_bucket_consumer to None, run_after=None
[2024-12-14T19:29:59.716+0000] {logging_mixin.py:190} INFO - [2024-12-14T19:29:59.716+0000] {dag.py:4180} INFO - Setting next_dagrun for dataset_s3_bucket_producer to None, run_after=None
[2024-12-14T19:29:59.733+0000] {processor.py:208} INFO - Processing /home/airflow/.local/lib/python3.12/site-packages/airflow/example_dags/example_dataset_alias.py took 0.605 seconds
[2024-12-14T19:30:29.769+0000] {processor.py:186} INFO - Started process (PID=294) to work on /home/airflow/.local/lib/python3.12/site-packages/airflow/example_dags/example_dataset_alias.py
[2024-12-14T19:30:29.769+0000] {processor.py:914} INFO - Processing file /home/airflow/.local/lib/python3.12/site-packages/airflow/example_dags/example_dataset_alias.py for tasks to queue
[2024-12-14T19:30:29.771+0000] {logging_mixin.py:190} INFO - [2024-12-14T19:30:29.771+0000] {dagbag.py:588} INFO - Filling up the DagBag from /home/airflow/.local/lib/python3.12/site-packages/airflow/example_dags/example_dataset_alias.py
[2024-12-14T19:30:30.318+0000] {processor.py:925} INFO - DAG(s) 'dataset_s3_bucket_consumer', 'dataset_alias_example_alias_consumer', 'dataset_s3_bucket_producer', 'dataset_alias_example_alias_producer' retrieved from /home/airflow/.local/lib/python3.12/site-packages/airflow/example_dags/example_dataset_alias.py
[2024-12-14T19:30:30.337+0000] {logging_mixin.py:190} INFO - [2024-12-14T19:30:30.336+0000] {dag.py:3239} INFO - Sync 4 DAGs
[2024-12-14T19:30:30.359+0000] {logging_mixin.py:190} INFO - [2024-12-14T19:30:30.359+0000] {dag.py:4180} INFO - Setting next_dagrun for dataset_alias_example_alias_consumer to None, run_after=None
[2024-12-14T19:30:30.362+0000] {logging_mixin.py:190} INFO - [2024-12-14T19:30:30.362+0000] {dag.py:4180} INFO - Setting next_dagrun for dataset_alias_example_alias_producer to None, run_after=None
[2024-12-14T19:30:30.363+0000] {logging_mixin.py:190} INFO - [2024-12-14T19:30:30.363+0000] {dag.py:4180} INFO - Setting next_dagrun for dataset_s3_bucket_consumer to None, run_after=None
[2024-12-14T19:30:30.365+0000] {logging_mixin.py:190} INFO - [2024-12-14T19:30:30.364+0000] {dag.py:4180} INFO - Setting next_dagrun for dataset_s3_bucket_producer to None, run_after=None
[2024-12-14T19:30:30.387+0000] {processor.py:208} INFO - Processing /home/airflow/.local/lib/python3.12/site-packages/airflow/example_dags/example_dataset_alias.py took 0.623 seconds
[2024-12-14T19:31:38.261+0000] {processor.py:186} INFO - Started process (PID=37) to work on /home/airflow/.local/lib/python3.12/site-packages/airflow/example_dags/example_dataset_alias.py
[2024-12-14T19:31:38.263+0000] {processor.py:914} INFO - Processing file /home/airflow/.local/lib/python3.12/site-packages/airflow/example_dags/example_dataset_alias.py for tasks to queue
[2024-12-14T19:31:38.265+0000] {logging_mixin.py:190} INFO - [2024-12-14T19:31:38.264+0000] {dagbag.py:588} INFO - Filling up the DagBag from /home/airflow/.local/lib/python3.12/site-packages/airflow/example_dags/example_dataset_alias.py
[2024-12-14T19:31:40.247+0000] {processor.py:925} INFO - DAG(s) 'dataset_alias_example_alias_producer', 'dataset_alias_example_alias_consumer', 'dataset_s3_bucket_consumer', 'dataset_s3_bucket_producer' retrieved from /home/airflow/.local/lib/python3.12/site-packages/airflow/example_dags/example_dataset_alias.py
[2024-12-14T19:31:40.269+0000] {logging_mixin.py:190} INFO - [2024-12-14T19:31:40.268+0000] {dag.py:3239} INFO - Sync 4 DAGs
[2024-12-14T19:31:40.292+0000] {logging_mixin.py:190} INFO - [2024-12-14T19:31:40.292+0000] {dag.py:4180} INFO - Setting next_dagrun for dataset_alias_example_alias_consumer to None, run_after=None
[2024-12-14T19:31:40.295+0000] {logging_mixin.py:190} INFO - [2024-12-14T19:31:40.294+0000] {dag.py:4180} INFO - Setting next_dagrun for dataset_alias_example_alias_producer to None, run_after=None
[2024-12-14T19:31:40.296+0000] {logging_mixin.py:190} INFO - [2024-12-14T19:31:40.295+0000] {dag.py:4180} INFO - Setting next_dagrun for dataset_s3_bucket_consumer to None, run_after=None
[2024-12-14T19:31:40.297+0000] {logging_mixin.py:190} INFO - [2024-12-14T19:31:40.297+0000] {dag.py:4180} INFO - Setting next_dagrun for dataset_s3_bucket_producer to None, run_after=None
[2024-12-14T19:31:40.319+0000] {processor.py:208} INFO - Processing /home/airflow/.local/lib/python3.12/site-packages/airflow/example_dags/example_dataset_alias.py took 2.065 seconds
[2024-12-14T19:32:10.753+0000] {processor.py:186} INFO - Started process (PID=100) to work on /home/airflow/.local/lib/python3.12/site-packages/airflow/example_dags/example_dataset_alias.py
[2024-12-14T19:32:10.754+0000] {processor.py:914} INFO - Processing file /home/airflow/.local/lib/python3.12/site-packages/airflow/example_dags/example_dataset_alias.py for tasks to queue
[2024-12-14T19:32:10.757+0000] {logging_mixin.py:190} INFO - [2024-12-14T19:32:10.756+0000] {dagbag.py:588} INFO - Filling up the DagBag from /home/airflow/.local/lib/python3.12/site-packages/airflow/example_dags/example_dataset_alias.py
[2024-12-14T19:32:11.321+0000] {processor.py:925} INFO - DAG(s) 'dataset_s3_bucket_producer', 'dataset_s3_bucket_consumer', 'dataset_alias_example_alias_consumer', 'dataset_alias_example_alias_producer' retrieved from /home/airflow/.local/lib/python3.12/site-packages/airflow/example_dags/example_dataset_alias.py
[2024-12-14T19:32:11.342+0000] {logging_mixin.py:190} INFO - [2024-12-14T19:32:11.341+0000] {dag.py:3239} INFO - Sync 4 DAGs
[2024-12-14T19:32:11.362+0000] {logging_mixin.py:190} INFO - [2024-12-14T19:32:11.361+0000] {dag.py:4180} INFO - Setting next_dagrun for dataset_alias_example_alias_consumer to None, run_after=None
[2024-12-14T19:32:11.364+0000] {logging_mixin.py:190} INFO - [2024-12-14T19:32:11.364+0000] {dag.py:4180} INFO - Setting next_dagrun for dataset_alias_example_alias_producer to None, run_after=None
[2024-12-14T19:32:11.365+0000] {logging_mixin.py:190} INFO - [2024-12-14T19:32:11.365+0000] {dag.py:4180} INFO - Setting next_dagrun for dataset_s3_bucket_consumer to None, run_after=None
[2024-12-14T19:32:11.366+0000] {logging_mixin.py:190} INFO - [2024-12-14T19:32:11.366+0000] {dag.py:4180} INFO - Setting next_dagrun for dataset_s3_bucket_producer to None, run_after=None
[2024-12-14T19:32:11.384+0000] {processor.py:208} INFO - Processing /home/airflow/.local/lib/python3.12/site-packages/airflow/example_dags/example_dataset_alias.py took 0.636 seconds
[2024-12-14T19:32:42.341+0000] {processor.py:186} INFO - Started process (PID=170) to work on /home/airflow/.local/lib/python3.12/site-packages/airflow/example_dags/example_dataset_alias.py
[2024-12-14T19:32:42.342+0000] {processor.py:914} INFO - Processing file /home/airflow/.local/lib/python3.12/site-packages/airflow/example_dags/example_dataset_alias.py for tasks to queue
[2024-12-14T19:32:42.344+0000] {logging_mixin.py:190} INFO - [2024-12-14T19:32:42.344+0000] {dagbag.py:588} INFO - Filling up the DagBag from /home/airflow/.local/lib/python3.12/site-packages/airflow/example_dags/example_dataset_alias.py
[2024-12-14T19:32:42.870+0000] {processor.py:925} INFO - DAG(s) 'dataset_alias_example_alias_producer', 'dataset_alias_example_alias_consumer', 'dataset_s3_bucket_producer', 'dataset_s3_bucket_consumer' retrieved from /home/airflow/.local/lib/python3.12/site-packages/airflow/example_dags/example_dataset_alias.py
[2024-12-14T19:32:42.893+0000] {logging_mixin.py:190} INFO - [2024-12-14T19:32:42.892+0000] {dag.py:3239} INFO - Sync 4 DAGs
[2024-12-14T19:32:42.917+0000] {logging_mixin.py:190} INFO - [2024-12-14T19:32:42.917+0000] {dag.py:4180} INFO - Setting next_dagrun for dataset_alias_example_alias_consumer to None, run_after=None
[2024-12-14T19:32:42.920+0000] {logging_mixin.py:190} INFO - [2024-12-14T19:32:42.920+0000] {dag.py:4180} INFO - Setting next_dagrun for dataset_alias_example_alias_producer to None, run_after=None
[2024-12-14T19:32:42.922+0000] {logging_mixin.py:190} INFO - [2024-12-14T19:32:42.921+0000] {dag.py:4180} INFO - Setting next_dagrun for dataset_s3_bucket_consumer to None, run_after=None
[2024-12-14T19:32:42.923+0000] {logging_mixin.py:190} INFO - [2024-12-14T19:32:42.923+0000] {dag.py:4180} INFO - Setting next_dagrun for dataset_s3_bucket_producer to None, run_after=None
[2024-12-14T19:32:42.942+0000] {processor.py:208} INFO - Processing /home/airflow/.local/lib/python3.12/site-packages/airflow/example_dags/example_dataset_alias.py took 0.606 seconds
[2024-12-14T19:33:13.490+0000] {processor.py:186} INFO - Started process (PID=233) to work on /home/airflow/.local/lib/python3.12/site-packages/airflow/example_dags/example_dataset_alias.py
[2024-12-14T19:33:13.491+0000] {processor.py:914} INFO - Processing file /home/airflow/.local/lib/python3.12/site-packages/airflow/example_dags/example_dataset_alias.py for tasks to queue
[2024-12-14T19:33:13.493+0000] {logging_mixin.py:190} INFO - [2024-12-14T19:33:13.493+0000] {dagbag.py:588} INFO - Filling up the DagBag from /home/airflow/.local/lib/python3.12/site-packages/airflow/example_dags/example_dataset_alias.py
[2024-12-14T19:33:14.010+0000] {processor.py:925} INFO - DAG(s) 'dataset_s3_bucket_consumer', 'dataset_s3_bucket_producer', 'dataset_alias_example_alias_consumer', 'dataset_alias_example_alias_producer' retrieved from /home/airflow/.local/lib/python3.12/site-packages/airflow/example_dags/example_dataset_alias.py
[2024-12-14T19:33:14.029+0000] {logging_mixin.py:190} INFO - [2024-12-14T19:33:14.028+0000] {dag.py:3239} INFO - Sync 4 DAGs
[2024-12-14T19:33:14.050+0000] {logging_mixin.py:190} INFO - [2024-12-14T19:33:14.049+0000] {dag.py:4180} INFO - Setting next_dagrun for dataset_alias_example_alias_consumer to None, run_after=None
[2024-12-14T19:33:14.052+0000] {logging_mixin.py:190} INFO - [2024-12-14T19:33:14.052+0000] {dag.py:4180} INFO - Setting next_dagrun for dataset_alias_example_alias_producer to None, run_after=None
[2024-12-14T19:33:14.053+0000] {logging_mixin.py:190} INFO - [2024-12-14T19:33:14.053+0000] {dag.py:4180} INFO - Setting next_dagrun for dataset_s3_bucket_consumer to None, run_after=None
[2024-12-14T19:33:14.054+0000] {logging_mixin.py:190} INFO - [2024-12-14T19:33:14.054+0000] {dag.py:4180} INFO - Setting next_dagrun for dataset_s3_bucket_producer to None, run_after=None
[2024-12-14T19:33:14.071+0000] {processor.py:208} INFO - Processing /home/airflow/.local/lib/python3.12/site-packages/airflow/example_dags/example_dataset_alias.py took 0.587 seconds
[2024-12-14T19:33:44.663+0000] {processor.py:186} INFO - Started process (PID=296) to work on /home/airflow/.local/lib/python3.12/site-packages/airflow/example_dags/example_dataset_alias.py
[2024-12-14T19:33:44.664+0000] {processor.py:914} INFO - Processing file /home/airflow/.local/lib/python3.12/site-packages/airflow/example_dags/example_dataset_alias.py for tasks to queue
[2024-12-14T19:33:44.666+0000] {logging_mixin.py:190} INFO - [2024-12-14T19:33:44.666+0000] {dagbag.py:588} INFO - Filling up the DagBag from /home/airflow/.local/lib/python3.12/site-packages/airflow/example_dags/example_dataset_alias.py
[2024-12-14T19:33:45.185+0000] {processor.py:925} INFO - DAG(s) 'dataset_s3_bucket_producer', 'dataset_alias_example_alias_producer', 'dataset_alias_example_alias_consumer', 'dataset_s3_bucket_consumer' retrieved from /home/airflow/.local/lib/python3.12/site-packages/airflow/example_dags/example_dataset_alias.py
[2024-12-14T19:33:45.203+0000] {logging_mixin.py:190} INFO - [2024-12-14T19:33:45.202+0000] {dag.py:3239} INFO - Sync 4 DAGs
[2024-12-14T19:33:45.226+0000] {logging_mixin.py:190} INFO - [2024-12-14T19:33:45.226+0000] {dag.py:4180} INFO - Setting next_dagrun for dataset_alias_example_alias_consumer to None, run_after=None
[2024-12-14T19:33:45.228+0000] {logging_mixin.py:190} INFO - [2024-12-14T19:33:45.228+0000] {dag.py:4180} INFO - Setting next_dagrun for dataset_alias_example_alias_producer to None, run_after=None
[2024-12-14T19:33:45.230+0000] {logging_mixin.py:190} INFO - [2024-12-14T19:33:45.229+0000] {dag.py:4180} INFO - Setting next_dagrun for dataset_s3_bucket_consumer to None, run_after=None
[2024-12-14T19:33:45.231+0000] {logging_mixin.py:190} INFO - [2024-12-14T19:33:45.231+0000] {dag.py:4180} INFO - Setting next_dagrun for dataset_s3_bucket_producer to None, run_after=None
[2024-12-14T19:33:45.249+0000] {processor.py:208} INFO - Processing /home/airflow/.local/lib/python3.12/site-packages/airflow/example_dags/example_dataset_alias.py took 0.591 seconds
[2024-12-14T19:34:15.301+0000] {processor.py:186} INFO - Started process (PID=359) to work on /home/airflow/.local/lib/python3.12/site-packages/airflow/example_dags/example_dataset_alias.py
[2024-12-14T19:34:15.302+0000] {processor.py:914} INFO - Processing file /home/airflow/.local/lib/python3.12/site-packages/airflow/example_dags/example_dataset_alias.py for tasks to queue
[2024-12-14T19:34:15.305+0000] {logging_mixin.py:190} INFO - [2024-12-14T19:34:15.304+0000] {dagbag.py:588} INFO - Filling up the DagBag from /home/airflow/.local/lib/python3.12/site-packages/airflow/example_dags/example_dataset_alias.py
[2024-12-14T19:34:15.834+0000] {processor.py:925} INFO - DAG(s) 'dataset_s3_bucket_consumer', 'dataset_alias_example_alias_consumer', 'dataset_alias_example_alias_producer', 'dataset_s3_bucket_producer' retrieved from /home/airflow/.local/lib/python3.12/site-packages/airflow/example_dags/example_dataset_alias.py
[2024-12-14T19:34:15.852+0000] {logging_mixin.py:190} INFO - [2024-12-14T19:34:15.851+0000] {dag.py:3239} INFO - Sync 4 DAGs
[2024-12-14T19:34:15.870+0000] {logging_mixin.py:190} INFO - [2024-12-14T19:34:15.870+0000] {dag.py:4180} INFO - Setting next_dagrun for dataset_alias_example_alias_consumer to None, run_after=None
[2024-12-14T19:34:15.872+0000] {logging_mixin.py:190} INFO - [2024-12-14T19:34:15.872+0000] {dag.py:4180} INFO - Setting next_dagrun for dataset_alias_example_alias_producer to None, run_after=None
[2024-12-14T19:34:15.874+0000] {logging_mixin.py:190} INFO - [2024-12-14T19:34:15.874+0000] {dag.py:4180} INFO - Setting next_dagrun for dataset_s3_bucket_consumer to None, run_after=None
[2024-12-14T19:34:15.875+0000] {logging_mixin.py:190} INFO - [2024-12-14T19:34:15.875+0000] {dag.py:4180} INFO - Setting next_dagrun for dataset_s3_bucket_producer to None, run_after=None
[2024-12-14T19:34:15.893+0000] {processor.py:208} INFO - Processing /home/airflow/.local/lib/python3.12/site-packages/airflow/example_dags/example_dataset_alias.py took 0.597 seconds
[2024-12-14T19:34:46.768+0000] {processor.py:186} INFO - Started process (PID=422) to work on /home/airflow/.local/lib/python3.12/site-packages/airflow/example_dags/example_dataset_alias.py
[2024-12-14T19:34:46.769+0000] {processor.py:914} INFO - Processing file /home/airflow/.local/lib/python3.12/site-packages/airflow/example_dags/example_dataset_alias.py for tasks to queue
[2024-12-14T19:34:46.771+0000] {logging_mixin.py:190} INFO - [2024-12-14T19:34:46.771+0000] {dagbag.py:588} INFO - Filling up the DagBag from /home/airflow/.local/lib/python3.12/site-packages/airflow/example_dags/example_dataset_alias.py
[2024-12-14T19:34:47.291+0000] {processor.py:925} INFO - DAG(s) 'dataset_s3_bucket_consumer', 'dataset_alias_example_alias_consumer', 'dataset_alias_example_alias_producer', 'dataset_s3_bucket_producer' retrieved from /home/airflow/.local/lib/python3.12/site-packages/airflow/example_dags/example_dataset_alias.py
[2024-12-14T19:34:47.309+0000] {logging_mixin.py:190} INFO - [2024-12-14T19:34:47.309+0000] {dag.py:3239} INFO - Sync 4 DAGs
[2024-12-14T19:34:47.328+0000] {logging_mixin.py:190} INFO - [2024-12-14T19:34:47.328+0000] {dag.py:4180} INFO - Setting next_dagrun for dataset_alias_example_alias_consumer to None, run_after=None
[2024-12-14T19:34:47.330+0000] {logging_mixin.py:190} INFO - [2024-12-14T19:34:47.330+0000] {dag.py:4180} INFO - Setting next_dagrun for dataset_alias_example_alias_producer to None, run_after=None
[2024-12-14T19:34:47.332+0000] {logging_mixin.py:190} INFO - [2024-12-14T19:34:47.331+0000] {dag.py:4180} INFO - Setting next_dagrun for dataset_s3_bucket_consumer to None, run_after=None
[2024-12-14T19:34:47.333+0000] {logging_mixin.py:190} INFO - [2024-12-14T19:34:47.332+0000] {dag.py:4180} INFO - Setting next_dagrun for dataset_s3_bucket_producer to None, run_after=None
[2024-12-14T19:34:47.350+0000] {processor.py:208} INFO - Processing /home/airflow/.local/lib/python3.12/site-packages/airflow/example_dags/example_dataset_alias.py took 0.588 seconds
[2024-12-14T19:35:51.421+0000] {processor.py:186} INFO - Started process (PID=36) to work on /home/airflow/.local/lib/python3.12/site-packages/airflow/example_dags/example_dataset_alias.py
[2024-12-14T19:35:51.422+0000] {processor.py:914} INFO - Processing file /home/airflow/.local/lib/python3.12/site-packages/airflow/example_dags/example_dataset_alias.py for tasks to queue
[2024-12-14T19:35:51.423+0000] {logging_mixin.py:190} INFO - [2024-12-14T19:35:51.423+0000] {dagbag.py:588} INFO - Filling up the DagBag from /home/airflow/.local/lib/python3.12/site-packages/airflow/example_dags/example_dataset_alias.py
[2024-12-14T19:35:51.948+0000] {processor.py:925} INFO - DAG(s) 'dataset_alias_example_alias_consumer', 'dataset_s3_bucket_producer', 'dataset_alias_example_alias_producer', 'dataset_s3_bucket_consumer' retrieved from /home/airflow/.local/lib/python3.12/site-packages/airflow/example_dags/example_dataset_alias.py
[2024-12-14T19:35:51.976+0000] {logging_mixin.py:190} INFO - [2024-12-14T19:35:51.976+0000] {dag.py:3239} INFO - Sync 4 DAGs
[2024-12-14T19:35:51.998+0000] {logging_mixin.py:190} INFO - [2024-12-14T19:35:51.998+0000] {dag.py:4180} INFO - Setting next_dagrun for dataset_alias_example_alias_consumer to None, run_after=None
[2024-12-14T19:35:52.001+0000] {logging_mixin.py:190} INFO - [2024-12-14T19:35:52.001+0000] {dag.py:4180} INFO - Setting next_dagrun for dataset_alias_example_alias_producer to None, run_after=None
[2024-12-14T19:35:52.002+0000] {logging_mixin.py:190} INFO - [2024-12-14T19:35:52.002+0000] {dag.py:4180} INFO - Setting next_dagrun for dataset_s3_bucket_consumer to None, run_after=None
[2024-12-14T19:35:52.003+0000] {logging_mixin.py:190} INFO - [2024-12-14T19:35:52.003+0000] {dag.py:4180} INFO - Setting next_dagrun for dataset_s3_bucket_producer to None, run_after=None
[2024-12-14T19:35:52.022+0000] {processor.py:208} INFO - Processing /home/airflow/.local/lib/python3.12/site-packages/airflow/example_dags/example_dataset_alias.py took 0.606 seconds
[2024-12-14T19:36:22.760+0000] {processor.py:186} INFO - Started process (PID=99) to work on /home/airflow/.local/lib/python3.12/site-packages/airflow/example_dags/example_dataset_alias.py
[2024-12-14T19:36:22.760+0000] {processor.py:914} INFO - Processing file /home/airflow/.local/lib/python3.12/site-packages/airflow/example_dags/example_dataset_alias.py for tasks to queue
[2024-12-14T19:36:22.762+0000] {logging_mixin.py:190} INFO - [2024-12-14T19:36:22.762+0000] {dagbag.py:588} INFO - Filling up the DagBag from /home/airflow/.local/lib/python3.12/site-packages/airflow/example_dags/example_dataset_alias.py
[2024-12-14T19:36:23.284+0000] {processor.py:925} INFO - DAG(s) 'dataset_s3_bucket_producer', 'dataset_s3_bucket_consumer', 'dataset_alias_example_alias_producer', 'dataset_alias_example_alias_consumer' retrieved from /home/airflow/.local/lib/python3.12/site-packages/airflow/example_dags/example_dataset_alias.py
[2024-12-14T19:36:23.306+0000] {logging_mixin.py:190} INFO - [2024-12-14T19:36:23.305+0000] {dag.py:3239} INFO - Sync 4 DAGs
[2024-12-14T19:36:23.330+0000] {logging_mixin.py:190} INFO - [2024-12-14T19:36:23.330+0000] {dag.py:4180} INFO - Setting next_dagrun for dataset_alias_example_alias_consumer to None, run_after=None
[2024-12-14T19:36:23.333+0000] {logging_mixin.py:190} INFO - [2024-12-14T19:36:23.332+0000] {dag.py:4180} INFO - Setting next_dagrun for dataset_alias_example_alias_producer to None, run_after=None
[2024-12-14T19:36:23.334+0000] {logging_mixin.py:190} INFO - [2024-12-14T19:36:23.334+0000] {dag.py:4180} INFO - Setting next_dagrun for dataset_s3_bucket_consumer to None, run_after=None
[2024-12-14T19:36:23.335+0000] {logging_mixin.py:190} INFO - [2024-12-14T19:36:23.335+0000] {dag.py:4180} INFO - Setting next_dagrun for dataset_s3_bucket_producer to None, run_after=None
[2024-12-14T19:36:23.354+0000] {processor.py:208} INFO - Processing /home/airflow/.local/lib/python3.12/site-packages/airflow/example_dags/example_dataset_alias.py took 0.599 seconds
[2024-12-14T19:36:53.745+0000] {processor.py:186} INFO - Started process (PID=162) to work on /home/airflow/.local/lib/python3.12/site-packages/airflow/example_dags/example_dataset_alias.py
[2024-12-14T19:36:53.746+0000] {processor.py:914} INFO - Processing file /home/airflow/.local/lib/python3.12/site-packages/airflow/example_dags/example_dataset_alias.py for tasks to queue
[2024-12-14T19:36:53.748+0000] {logging_mixin.py:190} INFO - [2024-12-14T19:36:53.748+0000] {dagbag.py:588} INFO - Filling up the DagBag from /home/airflow/.local/lib/python3.12/site-packages/airflow/example_dags/example_dataset_alias.py
[2024-12-14T19:36:54.262+0000] {processor.py:925} INFO - DAG(s) 'dataset_alias_example_alias_producer', 'dataset_s3_bucket_consumer', 'dataset_alias_example_alias_consumer', 'dataset_s3_bucket_producer' retrieved from /home/airflow/.local/lib/python3.12/site-packages/airflow/example_dags/example_dataset_alias.py
[2024-12-14T19:36:54.283+0000] {logging_mixin.py:190} INFO - [2024-12-14T19:36:54.283+0000] {dag.py:3239} INFO - Sync 4 DAGs
[2024-12-14T19:36:54.305+0000] {logging_mixin.py:190} INFO - [2024-12-14T19:36:54.305+0000] {dag.py:4180} INFO - Setting next_dagrun for dataset_alias_example_alias_consumer to None, run_after=None
[2024-12-14T19:36:54.308+0000] {logging_mixin.py:190} INFO - [2024-12-14T19:36:54.308+0000] {dag.py:4180} INFO - Setting next_dagrun for dataset_alias_example_alias_producer to None, run_after=None
[2024-12-14T19:36:54.310+0000] {logging_mixin.py:190} INFO - [2024-12-14T19:36:54.309+0000] {dag.py:4180} INFO - Setting next_dagrun for dataset_s3_bucket_consumer to None, run_after=None
[2024-12-14T19:36:54.311+0000] {logging_mixin.py:190} INFO - [2024-12-14T19:36:54.311+0000] {dag.py:4180} INFO - Setting next_dagrun for dataset_s3_bucket_producer to None, run_after=None
[2024-12-14T19:36:54.330+0000] {processor.py:208} INFO - Processing /home/airflow/.local/lib/python3.12/site-packages/airflow/example_dags/example_dataset_alias.py took 0.589 seconds
[2024-12-14T19:37:24.745+0000] {processor.py:186} INFO - Started process (PID=225) to work on /home/airflow/.local/lib/python3.12/site-packages/airflow/example_dags/example_dataset_alias.py
[2024-12-14T19:37:24.746+0000] {processor.py:914} INFO - Processing file /home/airflow/.local/lib/python3.12/site-packages/airflow/example_dags/example_dataset_alias.py for tasks to queue
[2024-12-14T19:37:24.748+0000] {logging_mixin.py:190} INFO - [2024-12-14T19:37:24.747+0000] {dagbag.py:588} INFO - Filling up the DagBag from /home/airflow/.local/lib/python3.12/site-packages/airflow/example_dags/example_dataset_alias.py
[2024-12-14T19:37:25.272+0000] {processor.py:925} INFO - DAG(s) 'dataset_s3_bucket_producer', 'dataset_alias_example_alias_consumer', 'dataset_s3_bucket_consumer', 'dataset_alias_example_alias_producer' retrieved from /home/airflow/.local/lib/python3.12/site-packages/airflow/example_dags/example_dataset_alias.py
[2024-12-14T19:37:25.291+0000] {logging_mixin.py:190} INFO - [2024-12-14T19:37:25.289+0000] {dag.py:3239} INFO - Sync 4 DAGs
[2024-12-14T19:37:25.312+0000] {logging_mixin.py:190} INFO - [2024-12-14T19:37:25.312+0000] {dag.py:4180} INFO - Setting next_dagrun for dataset_alias_example_alias_consumer to None, run_after=None
[2024-12-14T19:37:25.315+0000] {logging_mixin.py:190} INFO - [2024-12-14T19:37:25.315+0000] {dag.py:4180} INFO - Setting next_dagrun for dataset_alias_example_alias_producer to None, run_after=None
[2024-12-14T19:37:25.317+0000] {logging_mixin.py:190} INFO - [2024-12-14T19:37:25.317+0000] {dag.py:4180} INFO - Setting next_dagrun for dataset_s3_bucket_consumer to None, run_after=None
[2024-12-14T19:37:25.318+0000] {logging_mixin.py:190} INFO - [2024-12-14T19:37:25.318+0000] {dag.py:4180} INFO - Setting next_dagrun for dataset_s3_bucket_producer to None, run_after=None
[2024-12-14T19:37:25.339+0000] {processor.py:208} INFO - Processing /home/airflow/.local/lib/python3.12/site-packages/airflow/example_dags/example_dataset_alias.py took 0.599 seconds
[2024-12-14T19:37:55.796+0000] {processor.py:186} INFO - Started process (PID=288) to work on /home/airflow/.local/lib/python3.12/site-packages/airflow/example_dags/example_dataset_alias.py
[2024-12-14T19:37:55.797+0000] {processor.py:914} INFO - Processing file /home/airflow/.local/lib/python3.12/site-packages/airflow/example_dags/example_dataset_alias.py for tasks to queue
[2024-12-14T19:37:55.799+0000] {logging_mixin.py:190} INFO - [2024-12-14T19:37:55.799+0000] {dagbag.py:588} INFO - Filling up the DagBag from /home/airflow/.local/lib/python3.12/site-packages/airflow/example_dags/example_dataset_alias.py
[2024-12-14T19:37:56.326+0000] {processor.py:925} INFO - DAG(s) 'dataset_alias_example_alias_consumer', 'dataset_s3_bucket_producer', 'dataset_s3_bucket_consumer', 'dataset_alias_example_alias_producer' retrieved from /home/airflow/.local/lib/python3.12/site-packages/airflow/example_dags/example_dataset_alias.py
[2024-12-14T19:37:56.349+0000] {logging_mixin.py:190} INFO - [2024-12-14T19:37:56.348+0000] {dag.py:3239} INFO - Sync 4 DAGs
[2024-12-14T19:37:56.371+0000] {logging_mixin.py:190} INFO - [2024-12-14T19:37:56.371+0000] {dag.py:4180} INFO - Setting next_dagrun for dataset_alias_example_alias_consumer to None, run_after=None
[2024-12-14T19:37:56.373+0000] {logging_mixin.py:190} INFO - [2024-12-14T19:37:56.373+0000] {dag.py:4180} INFO - Setting next_dagrun for dataset_alias_example_alias_producer to None, run_after=None
[2024-12-14T19:37:56.375+0000] {logging_mixin.py:190} INFO - [2024-12-14T19:37:56.374+0000] {dag.py:4180} INFO - Setting next_dagrun for dataset_s3_bucket_consumer to None, run_after=None
[2024-12-14T19:37:56.376+0000] {logging_mixin.py:190} INFO - [2024-12-14T19:37:56.375+0000] {dag.py:4180} INFO - Setting next_dagrun for dataset_s3_bucket_producer to None, run_after=None
[2024-12-14T19:37:56.393+0000] {processor.py:208} INFO - Processing /home/airflow/.local/lib/python3.12/site-packages/airflow/example_dags/example_dataset_alias.py took 0.602 seconds
[2024-12-14T19:38:26.823+0000] {processor.py:186} INFO - Started process (PID=351) to work on /home/airflow/.local/lib/python3.12/site-packages/airflow/example_dags/example_dataset_alias.py
[2024-12-14T19:38:26.825+0000] {processor.py:914} INFO - Processing file /home/airflow/.local/lib/python3.12/site-packages/airflow/example_dags/example_dataset_alias.py for tasks to queue
[2024-12-14T19:38:26.826+0000] {logging_mixin.py:190} INFO - [2024-12-14T19:38:26.826+0000] {dagbag.py:588} INFO - Filling up the DagBag from /home/airflow/.local/lib/python3.12/site-packages/airflow/example_dags/example_dataset_alias.py
[2024-12-14T19:38:27.341+0000] {processor.py:925} INFO - DAG(s) 'dataset_s3_bucket_consumer', 'dataset_s3_bucket_producer', 'dataset_alias_example_alias_consumer', 'dataset_alias_example_alias_producer' retrieved from /home/airflow/.local/lib/python3.12/site-packages/airflow/example_dags/example_dataset_alias.py
[2024-12-14T19:38:27.361+0000] {logging_mixin.py:190} INFO - [2024-12-14T19:38:27.360+0000] {dag.py:3239} INFO - Sync 4 DAGs
[2024-12-14T19:38:27.382+0000] {logging_mixin.py:190} INFO - [2024-12-14T19:38:27.382+0000] {dag.py:4180} INFO - Setting next_dagrun for dataset_alias_example_alias_consumer to None, run_after=None
[2024-12-14T19:38:27.385+0000] {logging_mixin.py:190} INFO - [2024-12-14T19:38:27.384+0000] {dag.py:4180} INFO - Setting next_dagrun for dataset_alias_example_alias_producer to None, run_after=None
[2024-12-14T19:38:27.386+0000] {logging_mixin.py:190} INFO - [2024-12-14T19:38:27.386+0000] {dag.py:4180} INFO - Setting next_dagrun for dataset_s3_bucket_consumer to None, run_after=None
[2024-12-14T19:38:27.387+0000] {logging_mixin.py:190} INFO - [2024-12-14T19:38:27.387+0000] {dag.py:4180} INFO - Setting next_dagrun for dataset_s3_bucket_producer to None, run_after=None
[2024-12-14T19:38:27.405+0000] {processor.py:208} INFO - Processing /home/airflow/.local/lib/python3.12/site-packages/airflow/example_dags/example_dataset_alias.py took 0.587 seconds
[2024-12-14T19:38:57.868+0000] {processor.py:186} INFO - Started process (PID=414) to work on /home/airflow/.local/lib/python3.12/site-packages/airflow/example_dags/example_dataset_alias.py
[2024-12-14T19:38:57.869+0000] {processor.py:914} INFO - Processing file /home/airflow/.local/lib/python3.12/site-packages/airflow/example_dags/example_dataset_alias.py for tasks to queue
[2024-12-14T19:38:57.871+0000] {logging_mixin.py:190} INFO - [2024-12-14T19:38:57.871+0000] {dagbag.py:588} INFO - Filling up the DagBag from /home/airflow/.local/lib/python3.12/site-packages/airflow/example_dags/example_dataset_alias.py
[2024-12-14T19:38:58.400+0000] {processor.py:925} INFO - DAG(s) 'dataset_s3_bucket_consumer', 'dataset_s3_bucket_producer', 'dataset_alias_example_alias_consumer', 'dataset_alias_example_alias_producer' retrieved from /home/airflow/.local/lib/python3.12/site-packages/airflow/example_dags/example_dataset_alias.py
[2024-12-14T19:38:58.418+0000] {logging_mixin.py:190} INFO - [2024-12-14T19:38:58.418+0000] {dag.py:3239} INFO - Sync 4 DAGs
[2024-12-14T19:38:58.438+0000] {logging_mixin.py:190} INFO - [2024-12-14T19:38:58.437+0000] {dag.py:4180} INFO - Setting next_dagrun for dataset_alias_example_alias_consumer to None, run_after=None
[2024-12-14T19:38:58.440+0000] {logging_mixin.py:190} INFO - [2024-12-14T19:38:58.440+0000] {dag.py:4180} INFO - Setting next_dagrun for dataset_alias_example_alias_producer to None, run_after=None
[2024-12-14T19:38:58.441+0000] {logging_mixin.py:190} INFO - [2024-12-14T19:38:58.441+0000] {dag.py:4180} INFO - Setting next_dagrun for dataset_s3_bucket_consumer to None, run_after=None
[2024-12-14T19:38:58.442+0000] {logging_mixin.py:190} INFO - [2024-12-14T19:38:58.442+0000] {dag.py:4180} INFO - Setting next_dagrun for dataset_s3_bucket_producer to None, run_after=None
[2024-12-14T19:38:58.462+0000] {processor.py:208} INFO - Processing /home/airflow/.local/lib/python3.12/site-packages/airflow/example_dags/example_dataset_alias.py took 0.599 seconds
[2024-12-14T19:39:29.174+0000] {processor.py:186} INFO - Started process (PID=477) to work on /home/airflow/.local/lib/python3.12/site-packages/airflow/example_dags/example_dataset_alias.py
[2024-12-14T19:39:29.175+0000] {processor.py:914} INFO - Processing file /home/airflow/.local/lib/python3.12/site-packages/airflow/example_dags/example_dataset_alias.py for tasks to queue
[2024-12-14T19:39:29.177+0000] {logging_mixin.py:190} INFO - [2024-12-14T19:39:29.177+0000] {dagbag.py:588} INFO - Filling up the DagBag from /home/airflow/.local/lib/python3.12/site-packages/airflow/example_dags/example_dataset_alias.py
[2024-12-14T19:39:29.694+0000] {processor.py:925} INFO - DAG(s) 'dataset_alias_example_alias_consumer', 'dataset_s3_bucket_consumer', 'dataset_s3_bucket_producer', 'dataset_alias_example_alias_producer' retrieved from /home/airflow/.local/lib/python3.12/site-packages/airflow/example_dags/example_dataset_alias.py
[2024-12-14T19:39:29.712+0000] {logging_mixin.py:190} INFO - [2024-12-14T19:39:29.711+0000] {dag.py:3239} INFO - Sync 4 DAGs
[2024-12-14T19:39:29.730+0000] {logging_mixin.py:190} INFO - [2024-12-14T19:39:29.729+0000] {dag.py:4180} INFO - Setting next_dagrun for dataset_alias_example_alias_consumer to None, run_after=None
[2024-12-14T19:39:29.732+0000] {logging_mixin.py:190} INFO - [2024-12-14T19:39:29.732+0000] {dag.py:4180} INFO - Setting next_dagrun for dataset_alias_example_alias_producer to None, run_after=None
[2024-12-14T19:39:29.733+0000] {logging_mixin.py:190} INFO - [2024-12-14T19:39:29.733+0000] {dag.py:4180} INFO - Setting next_dagrun for dataset_s3_bucket_consumer to None, run_after=None
[2024-12-14T19:39:29.734+0000] {logging_mixin.py:190} INFO - [2024-12-14T19:39:29.734+0000] {dag.py:4180} INFO - Setting next_dagrun for dataset_s3_bucket_producer to None, run_after=None
[2024-12-14T19:39:29.751+0000] {processor.py:208} INFO - Processing /home/airflow/.local/lib/python3.12/site-packages/airflow/example_dags/example_dataset_alias.py took 0.583 seconds
[2024-12-14T19:40:00.309+0000] {processor.py:186} INFO - Started process (PID=540) to work on /home/airflow/.local/lib/python3.12/site-packages/airflow/example_dags/example_dataset_alias.py
[2024-12-14T19:40:00.310+0000] {processor.py:914} INFO - Processing file /home/airflow/.local/lib/python3.12/site-packages/airflow/example_dags/example_dataset_alias.py for tasks to queue
[2024-12-14T19:40:00.311+0000] {logging_mixin.py:190} INFO - [2024-12-14T19:40:00.311+0000] {dagbag.py:588} INFO - Filling up the DagBag from /home/airflow/.local/lib/python3.12/site-packages/airflow/example_dags/example_dataset_alias.py
[2024-12-14T19:40:00.838+0000] {processor.py:925} INFO - DAG(s) 'dataset_alias_example_alias_producer', 'dataset_s3_bucket_consumer', 'dataset_s3_bucket_producer', 'dataset_alias_example_alias_consumer' retrieved from /home/airflow/.local/lib/python3.12/site-packages/airflow/example_dags/example_dataset_alias.py
[2024-12-14T19:40:00.857+0000] {logging_mixin.py:190} INFO - [2024-12-14T19:40:00.857+0000] {dag.py:3239} INFO - Sync 4 DAGs
[2024-12-14T19:40:00.879+0000] {logging_mixin.py:190} INFO - [2024-12-14T19:40:00.878+0000] {dag.py:4180} INFO - Setting next_dagrun for dataset_alias_example_alias_consumer to None, run_after=None
[2024-12-14T19:40:00.881+0000] {logging_mixin.py:190} INFO - [2024-12-14T19:40:00.881+0000] {dag.py:4180} INFO - Setting next_dagrun for dataset_alias_example_alias_producer to None, run_after=None
[2024-12-14T19:40:00.883+0000] {logging_mixin.py:190} INFO - [2024-12-14T19:40:00.883+0000] {dag.py:4180} INFO - Setting next_dagrun for dataset_s3_bucket_consumer to None, run_after=None
[2024-12-14T19:40:00.884+0000] {logging_mixin.py:190} INFO - [2024-12-14T19:40:00.884+0000] {dag.py:4180} INFO - Setting next_dagrun for dataset_s3_bucket_producer to None, run_after=None
[2024-12-14T19:40:00.902+0000] {processor.py:208} INFO - Processing /home/airflow/.local/lib/python3.12/site-packages/airflow/example_dags/example_dataset_alias.py took 0.598 seconds
[2024-12-14T19:40:31.172+0000] {processor.py:186} INFO - Started process (PID=604) to work on /home/airflow/.local/lib/python3.12/site-packages/airflow/example_dags/example_dataset_alias.py
[2024-12-14T19:40:31.174+0000] {processor.py:914} INFO - Processing file /home/airflow/.local/lib/python3.12/site-packages/airflow/example_dags/example_dataset_alias.py for tasks to queue
[2024-12-14T19:40:31.175+0000] {logging_mixin.py:190} INFO - [2024-12-14T19:40:31.175+0000] {dagbag.py:588} INFO - Filling up the DagBag from /home/airflow/.local/lib/python3.12/site-packages/airflow/example_dags/example_dataset_alias.py
[2024-12-14T19:40:31.713+0000] {processor.py:925} INFO - DAG(s) 'dataset_s3_bucket_consumer', 'dataset_alias_example_alias_consumer', 'dataset_alias_example_alias_producer', 'dataset_s3_bucket_producer' retrieved from /home/airflow/.local/lib/python3.12/site-packages/airflow/example_dags/example_dataset_alias.py
[2024-12-14T19:40:31.732+0000] {logging_mixin.py:190} INFO - [2024-12-14T19:40:31.732+0000] {dag.py:3239} INFO - Sync 4 DAGs
[2024-12-14T19:40:31.753+0000] {logging_mixin.py:190} INFO - [2024-12-14T19:40:31.753+0000] {dag.py:4180} INFO - Setting next_dagrun for dataset_alias_example_alias_consumer to None, run_after=None
[2024-12-14T19:40:31.756+0000] {logging_mixin.py:190} INFO - [2024-12-14T19:40:31.756+0000] {dag.py:4180} INFO - Setting next_dagrun for dataset_alias_example_alias_producer to None, run_after=None
[2024-12-14T19:40:31.758+0000] {logging_mixin.py:190} INFO - [2024-12-14T19:40:31.757+0000] {dag.py:4180} INFO - Setting next_dagrun for dataset_s3_bucket_consumer to None, run_after=None
[2024-12-14T19:40:31.759+0000] {logging_mixin.py:190} INFO - [2024-12-14T19:40:31.759+0000] {dag.py:4180} INFO - Setting next_dagrun for dataset_s3_bucket_producer to None, run_after=None
[2024-12-14T19:40:31.780+0000] {processor.py:208} INFO - Processing /home/airflow/.local/lib/python3.12/site-packages/airflow/example_dags/example_dataset_alias.py took 0.613 seconds
[2024-12-14T19:41:01.876+0000] {processor.py:186} INFO - Started process (PID=667) to work on /home/airflow/.local/lib/python3.12/site-packages/airflow/example_dags/example_dataset_alias.py
[2024-12-14T19:41:01.878+0000] {processor.py:914} INFO - Processing file /home/airflow/.local/lib/python3.12/site-packages/airflow/example_dags/example_dataset_alias.py for tasks to queue
[2024-12-14T19:41:01.880+0000] {logging_mixin.py:190} INFO - [2024-12-14T19:41:01.879+0000] {dagbag.py:588} INFO - Filling up the DagBag from /home/airflow/.local/lib/python3.12/site-packages/airflow/example_dags/example_dataset_alias.py
[2024-12-14T19:41:02.609+0000] {processor.py:925} INFO - DAG(s) 'dataset_s3_bucket_producer', 'dataset_s3_bucket_consumer', 'dataset_alias_example_alias_producer', 'dataset_alias_example_alias_consumer' retrieved from /home/airflow/.local/lib/python3.12/site-packages/airflow/example_dags/example_dataset_alias.py
[2024-12-14T19:41:02.632+0000] {logging_mixin.py:190} INFO - [2024-12-14T19:41:02.631+0000] {dag.py:3239} INFO - Sync 4 DAGs
[2024-12-14T19:41:02.658+0000] {logging_mixin.py:190} INFO - [2024-12-14T19:41:02.658+0000] {dag.py:4180} INFO - Setting next_dagrun for dataset_alias_example_alias_consumer to None, run_after=None
[2024-12-14T19:41:02.661+0000] {logging_mixin.py:190} INFO - [2024-12-14T19:41:02.661+0000] {dag.py:4180} INFO - Setting next_dagrun for dataset_alias_example_alias_producer to None, run_after=None
[2024-12-14T19:41:02.668+0000] {logging_mixin.py:190} INFO - [2024-12-14T19:41:02.668+0000] {dag.py:4180} INFO - Setting next_dagrun for dataset_s3_bucket_consumer to None, run_after=None
[2024-12-14T19:41:02.669+0000] {logging_mixin.py:190} INFO - [2024-12-14T19:41:02.669+0000] {dag.py:4180} INFO - Setting next_dagrun for dataset_s3_bucket_producer to None, run_after=None
[2024-12-14T19:41:02.693+0000] {processor.py:208} INFO - Processing /home/airflow/.local/lib/python3.12/site-packages/airflow/example_dags/example_dataset_alias.py took 0.822 seconds
[2024-12-14T19:41:33.591+0000] {processor.py:186} INFO - Started process (PID=730) to work on /home/airflow/.local/lib/python3.12/site-packages/airflow/example_dags/example_dataset_alias.py
[2024-12-14T19:41:33.592+0000] {processor.py:914} INFO - Processing file /home/airflow/.local/lib/python3.12/site-packages/airflow/example_dags/example_dataset_alias.py for tasks to queue
[2024-12-14T19:41:33.595+0000] {logging_mixin.py:190} INFO - [2024-12-14T19:41:33.595+0000] {dagbag.py:588} INFO - Filling up the DagBag from /home/airflow/.local/lib/python3.12/site-packages/airflow/example_dags/example_dataset_alias.py
[2024-12-14T19:41:34.304+0000] {processor.py:925} INFO - DAG(s) 'dataset_alias_example_alias_producer', 'dataset_alias_example_alias_consumer', 'dataset_s3_bucket_producer', 'dataset_s3_bucket_consumer' retrieved from /home/airflow/.local/lib/python3.12/site-packages/airflow/example_dags/example_dataset_alias.py
[2024-12-14T19:41:34.327+0000] {logging_mixin.py:190} INFO - [2024-12-14T19:41:34.327+0000] {dag.py:3239} INFO - Sync 4 DAGs
[2024-12-14T19:41:34.355+0000] {logging_mixin.py:190} INFO - [2024-12-14T19:41:34.355+0000] {dag.py:4180} INFO - Setting next_dagrun for dataset_alias_example_alias_consumer to None, run_after=None
[2024-12-14T19:41:34.358+0000] {logging_mixin.py:190} INFO - [2024-12-14T19:41:34.358+0000] {dag.py:4180} INFO - Setting next_dagrun for dataset_alias_example_alias_producer to None, run_after=None
[2024-12-14T19:41:34.359+0000] {logging_mixin.py:190} INFO - [2024-12-14T19:41:34.359+0000] {dag.py:4180} INFO - Setting next_dagrun for dataset_s3_bucket_consumer to None, run_after=None
[2024-12-14T19:41:34.361+0000] {logging_mixin.py:190} INFO - [2024-12-14T19:41:34.361+0000] {dag.py:4180} INFO - Setting next_dagrun for dataset_s3_bucket_producer to None, run_after=None
[2024-12-14T19:41:34.381+0000] {processor.py:208} INFO - Processing /home/airflow/.local/lib/python3.12/site-packages/airflow/example_dags/example_dataset_alias.py took 0.795 seconds
[2024-12-14T19:42:05.195+0000] {processor.py:186} INFO - Started process (PID=798) to work on /home/airflow/.local/lib/python3.12/site-packages/airflow/example_dags/example_dataset_alias.py
[2024-12-14T19:42:05.197+0000] {processor.py:914} INFO - Processing file /home/airflow/.local/lib/python3.12/site-packages/airflow/example_dags/example_dataset_alias.py for tasks to queue
[2024-12-14T19:42:05.199+0000] {logging_mixin.py:190} INFO - [2024-12-14T19:42:05.198+0000] {dagbag.py:588} INFO - Filling up the DagBag from /home/airflow/.local/lib/python3.12/site-packages/airflow/example_dags/example_dataset_alias.py
[2024-12-14T19:42:05.737+0000] {processor.py:925} INFO - DAG(s) 'dataset_s3_bucket_consumer', 'dataset_s3_bucket_producer', 'dataset_alias_example_alias_consumer', 'dataset_alias_example_alias_producer' retrieved from /home/airflow/.local/lib/python3.12/site-packages/airflow/example_dags/example_dataset_alias.py
[2024-12-14T19:42:05.761+0000] {logging_mixin.py:190} INFO - [2024-12-14T19:42:05.760+0000] {dag.py:3239} INFO - Sync 4 DAGs
[2024-12-14T19:42:05.787+0000] {logging_mixin.py:190} INFO - [2024-12-14T19:42:05.787+0000] {dag.py:4180} INFO - Setting next_dagrun for dataset_alias_example_alias_consumer to None, run_after=None
[2024-12-14T19:42:05.790+0000] {logging_mixin.py:190} INFO - [2024-12-14T19:42:05.790+0000] {dag.py:4180} INFO - Setting next_dagrun for dataset_alias_example_alias_producer to None, run_after=None
[2024-12-14T19:42:05.793+0000] {logging_mixin.py:190} INFO - [2024-12-14T19:42:05.793+0000] {dag.py:4180} INFO - Setting next_dagrun for dataset_s3_bucket_consumer to None, run_after=None
[2024-12-14T19:42:05.795+0000] {logging_mixin.py:190} INFO - [2024-12-14T19:42:05.795+0000] {dag.py:4180} INFO - Setting next_dagrun for dataset_s3_bucket_producer to None, run_after=None
[2024-12-14T19:42:05.814+0000] {processor.py:208} INFO - Processing /home/airflow/.local/lib/python3.12/site-packages/airflow/example_dags/example_dataset_alias.py took 0.624 seconds
[2024-12-14T19:42:35.842+0000] {processor.py:186} INFO - Started process (PID=861) to work on /home/airflow/.local/lib/python3.12/site-packages/airflow/example_dags/example_dataset_alias.py
[2024-12-14T19:42:35.843+0000] {processor.py:914} INFO - Processing file /home/airflow/.local/lib/python3.12/site-packages/airflow/example_dags/example_dataset_alias.py for tasks to queue
[2024-12-14T19:42:35.845+0000] {logging_mixin.py:190} INFO - [2024-12-14T19:42:35.845+0000] {dagbag.py:588} INFO - Filling up the DagBag from /home/airflow/.local/lib/python3.12/site-packages/airflow/example_dags/example_dataset_alias.py
[2024-12-14T19:42:36.479+0000] {processor.py:925} INFO - DAG(s) 'dataset_alias_example_alias_producer', 'dataset_s3_bucket_producer', 'dataset_s3_bucket_consumer', 'dataset_alias_example_alias_consumer' retrieved from /home/airflow/.local/lib/python3.12/site-packages/airflow/example_dags/example_dataset_alias.py
[2024-12-14T19:42:36.503+0000] {logging_mixin.py:190} INFO - [2024-12-14T19:42:36.503+0000] {dag.py:3239} INFO - Sync 4 DAGs
[2024-12-14T19:42:36.530+0000] {logging_mixin.py:190} INFO - [2024-12-14T19:42:36.530+0000] {dag.py:4180} INFO - Setting next_dagrun for dataset_alias_example_alias_consumer to None, run_after=None
[2024-12-14T19:42:36.533+0000] {logging_mixin.py:190} INFO - [2024-12-14T19:42:36.533+0000] {dag.py:4180} INFO - Setting next_dagrun for dataset_alias_example_alias_producer to None, run_after=None
[2024-12-14T19:42:36.535+0000] {logging_mixin.py:190} INFO - [2024-12-14T19:42:36.534+0000] {dag.py:4180} INFO - Setting next_dagrun for dataset_s3_bucket_consumer to None, run_after=None
[2024-12-14T19:42:36.536+0000] {logging_mixin.py:190} INFO - [2024-12-14T19:42:36.536+0000] {dag.py:4180} INFO - Setting next_dagrun for dataset_s3_bucket_producer to None, run_after=None
[2024-12-14T19:42:36.561+0000] {processor.py:208} INFO - Processing /home/airflow/.local/lib/python3.12/site-packages/airflow/example_dags/example_dataset_alias.py took 0.725 seconds
[2024-12-14T19:43:07.223+0000] {processor.py:186} INFO - Started process (PID=924) to work on /home/airflow/.local/lib/python3.12/site-packages/airflow/example_dags/example_dataset_alias.py
[2024-12-14T19:43:07.224+0000] {processor.py:914} INFO - Processing file /home/airflow/.local/lib/python3.12/site-packages/airflow/example_dags/example_dataset_alias.py for tasks to queue
[2024-12-14T19:43:07.226+0000] {logging_mixin.py:190} INFO - [2024-12-14T19:43:07.226+0000] {dagbag.py:588} INFO - Filling up the DagBag from /home/airflow/.local/lib/python3.12/site-packages/airflow/example_dags/example_dataset_alias.py
[2024-12-14T19:43:07.727+0000] {processor.py:925} INFO - DAG(s) 'dataset_s3_bucket_producer', 'dataset_alias_example_alias_producer', 'dataset_s3_bucket_consumer', 'dataset_alias_example_alias_consumer' retrieved from /home/airflow/.local/lib/python3.12/site-packages/airflow/example_dags/example_dataset_alias.py
[2024-12-14T19:43:07.753+0000] {logging_mixin.py:190} INFO - [2024-12-14T19:43:07.752+0000] {dag.py:3239} INFO - Sync 4 DAGs
[2024-12-14T19:43:07.780+0000] {logging_mixin.py:190} INFO - [2024-12-14T19:43:07.780+0000] {dag.py:4180} INFO - Setting next_dagrun for dataset_alias_example_alias_consumer to None, run_after=None
[2024-12-14T19:43:07.783+0000] {logging_mixin.py:190} INFO - [2024-12-14T19:43:07.783+0000] {dag.py:4180} INFO - Setting next_dagrun for dataset_alias_example_alias_producer to None, run_after=None
[2024-12-14T19:43:07.785+0000] {logging_mixin.py:190} INFO - [2024-12-14T19:43:07.785+0000] {dag.py:4180} INFO - Setting next_dagrun for dataset_s3_bucket_consumer to None, run_after=None
[2024-12-14T19:43:07.786+0000] {logging_mixin.py:190} INFO - [2024-12-14T19:43:07.786+0000] {dag.py:4180} INFO - Setting next_dagrun for dataset_s3_bucket_producer to None, run_after=None
[2024-12-14T19:43:07.807+0000] {processor.py:208} INFO - Processing /home/airflow/.local/lib/python3.12/site-packages/airflow/example_dags/example_dataset_alias.py took 0.588 seconds
[2024-12-14T19:43:38.371+0000] {processor.py:186} INFO - Started process (PID=987) to work on /home/airflow/.local/lib/python3.12/site-packages/airflow/example_dags/example_dataset_alias.py
[2024-12-14T19:43:38.372+0000] {processor.py:914} INFO - Processing file /home/airflow/.local/lib/python3.12/site-packages/airflow/example_dags/example_dataset_alias.py for tasks to queue
[2024-12-14T19:43:38.374+0000] {logging_mixin.py:190} INFO - [2024-12-14T19:43:38.374+0000] {dagbag.py:588} INFO - Filling up the DagBag from /home/airflow/.local/lib/python3.12/site-packages/airflow/example_dags/example_dataset_alias.py
[2024-12-14T19:43:38.898+0000] {processor.py:925} INFO - DAG(s) 'dataset_alias_example_alias_producer', 'dataset_s3_bucket_consumer', 'dataset_s3_bucket_producer', 'dataset_alias_example_alias_consumer' retrieved from /home/airflow/.local/lib/python3.12/site-packages/airflow/example_dags/example_dataset_alias.py
[2024-12-14T19:43:38.916+0000] {logging_mixin.py:190} INFO - [2024-12-14T19:43:38.915+0000] {dag.py:3239} INFO - Sync 4 DAGs
[2024-12-14T19:43:38.935+0000] {logging_mixin.py:190} INFO - [2024-12-14T19:43:38.934+0000] {dag.py:4180} INFO - Setting next_dagrun for dataset_alias_example_alias_consumer to None, run_after=None
[2024-12-14T19:43:38.937+0000] {logging_mixin.py:190} INFO - [2024-12-14T19:43:38.937+0000] {dag.py:4180} INFO - Setting next_dagrun for dataset_alias_example_alias_producer to None, run_after=None
[2024-12-14T19:43:38.938+0000] {logging_mixin.py:190} INFO - [2024-12-14T19:43:38.938+0000] {dag.py:4180} INFO - Setting next_dagrun for dataset_s3_bucket_consumer to None, run_after=None
[2024-12-14T19:43:38.939+0000] {logging_mixin.py:190} INFO - [2024-12-14T19:43:38.939+0000] {dag.py:4180} INFO - Setting next_dagrun for dataset_s3_bucket_producer to None, run_after=None
[2024-12-14T19:43:38.956+0000] {processor.py:208} INFO - Processing /home/airflow/.local/lib/python3.12/site-packages/airflow/example_dags/example_dataset_alias.py took 0.591 seconds
[2024-12-14T19:44:09.005+0000] {processor.py:186} INFO - Started process (PID=1050) to work on /home/airflow/.local/lib/python3.12/site-packages/airflow/example_dags/example_dataset_alias.py
[2024-12-14T19:44:09.010+0000] {processor.py:914} INFO - Processing file /home/airflow/.local/lib/python3.12/site-packages/airflow/example_dags/example_dataset_alias.py for tasks to queue
[2024-12-14T19:44:09.012+0000] {logging_mixin.py:190} INFO - [2024-12-14T19:44:09.012+0000] {dagbag.py:588} INFO - Filling up the DagBag from /home/airflow/.local/lib/python3.12/site-packages/airflow/example_dags/example_dataset_alias.py
[2024-12-14T19:44:09.532+0000] {processor.py:925} INFO - DAG(s) 'dataset_s3_bucket_producer', 'dataset_s3_bucket_consumer', 'dataset_alias_example_alias_producer', 'dataset_alias_example_alias_consumer' retrieved from /home/airflow/.local/lib/python3.12/site-packages/airflow/example_dags/example_dataset_alias.py
[2024-12-14T19:44:09.555+0000] {logging_mixin.py:190} INFO - [2024-12-14T19:44:09.555+0000] {dag.py:3239} INFO - Sync 4 DAGs
[2024-12-14T19:44:09.580+0000] {logging_mixin.py:190} INFO - [2024-12-14T19:44:09.580+0000] {dag.py:4180} INFO - Setting next_dagrun for dataset_alias_example_alias_consumer to None, run_after=None
[2024-12-14T19:44:09.583+0000] {logging_mixin.py:190} INFO - [2024-12-14T19:44:09.583+0000] {dag.py:4180} INFO - Setting next_dagrun for dataset_alias_example_alias_producer to None, run_after=None
[2024-12-14T19:44:09.585+0000] {logging_mixin.py:190} INFO - [2024-12-14T19:44:09.584+0000] {dag.py:4180} INFO - Setting next_dagrun for dataset_s3_bucket_consumer to None, run_after=None
[2024-12-14T19:44:09.586+0000] {logging_mixin.py:190} INFO - [2024-12-14T19:44:09.586+0000] {dag.py:4180} INFO - Setting next_dagrun for dataset_s3_bucket_producer to None, run_after=None
[2024-12-14T19:44:09.605+0000] {processor.py:208} INFO - Processing /home/airflow/.local/lib/python3.12/site-packages/airflow/example_dags/example_dataset_alias.py took 0.605 seconds
[2024-12-14T19:44:40.428+0000] {processor.py:186} INFO - Started process (PID=1113) to work on /home/airflow/.local/lib/python3.12/site-packages/airflow/example_dags/example_dataset_alias.py
[2024-12-14T19:44:40.429+0000] {processor.py:914} INFO - Processing file /home/airflow/.local/lib/python3.12/site-packages/airflow/example_dags/example_dataset_alias.py for tasks to queue
[2024-12-14T19:44:40.431+0000] {logging_mixin.py:190} INFO - [2024-12-14T19:44:40.430+0000] {dagbag.py:588} INFO - Filling up the DagBag from /home/airflow/.local/lib/python3.12/site-packages/airflow/example_dags/example_dataset_alias.py
[2024-12-14T19:44:40.980+0000] {processor.py:925} INFO - DAG(s) 'dataset_alias_example_alias_consumer', 'dataset_s3_bucket_producer', 'dataset_s3_bucket_consumer', 'dataset_alias_example_alias_producer' retrieved from /home/airflow/.local/lib/python3.12/site-packages/airflow/example_dags/example_dataset_alias.py
[2024-12-14T19:44:41.002+0000] {logging_mixin.py:190} INFO - [2024-12-14T19:44:41.002+0000] {dag.py:3239} INFO - Sync 4 DAGs
[2024-12-14T19:44:41.028+0000] {logging_mixin.py:190} INFO - [2024-12-14T19:44:41.028+0000] {dag.py:4180} INFO - Setting next_dagrun for dataset_alias_example_alias_consumer to None, run_after=None
[2024-12-14T19:44:41.031+0000] {logging_mixin.py:190} INFO - [2024-12-14T19:44:41.030+0000] {dag.py:4180} INFO - Setting next_dagrun for dataset_alias_example_alias_producer to None, run_after=None
[2024-12-14T19:44:41.032+0000] {logging_mixin.py:190} INFO - [2024-12-14T19:44:41.032+0000] {dag.py:4180} INFO - Setting next_dagrun for dataset_s3_bucket_consumer to None, run_after=None
[2024-12-14T19:44:41.033+0000] {logging_mixin.py:190} INFO - [2024-12-14T19:44:41.033+0000] {dag.py:4180} INFO - Setting next_dagrun for dataset_s3_bucket_producer to None, run_after=None
[2024-12-14T19:44:41.050+0000] {processor.py:208} INFO - Processing /home/airflow/.local/lib/python3.12/site-packages/airflow/example_dags/example_dataset_alias.py took 0.628 seconds
[2024-12-14T19:45:11.720+0000] {processor.py:186} INFO - Started process (PID=1176) to work on /home/airflow/.local/lib/python3.12/site-packages/airflow/example_dags/example_dataset_alias.py
[2024-12-14T19:45:11.721+0000] {processor.py:914} INFO - Processing file /home/airflow/.local/lib/python3.12/site-packages/airflow/example_dags/example_dataset_alias.py for tasks to queue
[2024-12-14T19:45:11.722+0000] {logging_mixin.py:190} INFO - [2024-12-14T19:45:11.722+0000] {dagbag.py:588} INFO - Filling up the DagBag from /home/airflow/.local/lib/python3.12/site-packages/airflow/example_dags/example_dataset_alias.py
[2024-12-14T19:45:12.241+0000] {processor.py:925} INFO - DAG(s) 'dataset_s3_bucket_consumer', 'dataset_alias_example_alias_consumer', 'dataset_s3_bucket_producer', 'dataset_alias_example_alias_producer' retrieved from /home/airflow/.local/lib/python3.12/site-packages/airflow/example_dags/example_dataset_alias.py
[2024-12-14T19:45:12.259+0000] {logging_mixin.py:190} INFO - [2024-12-14T19:45:12.258+0000] {dag.py:3239} INFO - Sync 4 DAGs
[2024-12-14T19:45:12.279+0000] {logging_mixin.py:190} INFO - [2024-12-14T19:45:12.279+0000] {dag.py:4180} INFO - Setting next_dagrun for dataset_alias_example_alias_consumer to None, run_after=None
[2024-12-14T19:45:12.281+0000] {logging_mixin.py:190} INFO - [2024-12-14T19:45:12.281+0000] {dag.py:4180} INFO - Setting next_dagrun for dataset_alias_example_alias_producer to None, run_after=None
[2024-12-14T19:45:12.282+0000] {logging_mixin.py:190} INFO - [2024-12-14T19:45:12.282+0000] {dag.py:4180} INFO - Setting next_dagrun for dataset_s3_bucket_consumer to None, run_after=None
[2024-12-14T19:45:12.283+0000] {logging_mixin.py:190} INFO - [2024-12-14T19:45:12.283+0000] {dag.py:4180} INFO - Setting next_dagrun for dataset_s3_bucket_producer to None, run_after=None
[2024-12-14T19:45:12.301+0000] {processor.py:208} INFO - Processing /home/airflow/.local/lib/python3.12/site-packages/airflow/example_dags/example_dataset_alias.py took 0.586 seconds
[2024-12-14T19:45:42.869+0000] {processor.py:186} INFO - Started process (PID=1239) to work on /home/airflow/.local/lib/python3.12/site-packages/airflow/example_dags/example_dataset_alias.py
[2024-12-14T19:45:42.876+0000] {processor.py:914} INFO - Processing file /home/airflow/.local/lib/python3.12/site-packages/airflow/example_dags/example_dataset_alias.py for tasks to queue
[2024-12-14T19:45:42.878+0000] {logging_mixin.py:190} INFO - [2024-12-14T19:45:42.877+0000] {dagbag.py:588} INFO - Filling up the DagBag from /home/airflow/.local/lib/python3.12/site-packages/airflow/example_dags/example_dataset_alias.py
[2024-12-14T19:45:43.395+0000] {processor.py:925} INFO - DAG(s) 'dataset_s3_bucket_consumer', 'dataset_alias_example_alias_producer', 'dataset_alias_example_alias_consumer', 'dataset_s3_bucket_producer' retrieved from /home/airflow/.local/lib/python3.12/site-packages/airflow/example_dags/example_dataset_alias.py
[2024-12-14T19:45:43.413+0000] {logging_mixin.py:190} INFO - [2024-12-14T19:45:43.412+0000] {dag.py:3239} INFO - Sync 4 DAGs
[2024-12-14T19:45:43.432+0000] {logging_mixin.py:190} INFO - [2024-12-14T19:45:43.432+0000] {dag.py:4180} INFO - Setting next_dagrun for dataset_alias_example_alias_consumer to None, run_after=None
[2024-12-14T19:45:43.434+0000] {logging_mixin.py:190} INFO - [2024-12-14T19:45:43.434+0000] {dag.py:4180} INFO - Setting next_dagrun for dataset_alias_example_alias_producer to None, run_after=None
[2024-12-14T19:45:43.436+0000] {logging_mixin.py:190} INFO - [2024-12-14T19:45:43.435+0000] {dag.py:4180} INFO - Setting next_dagrun for dataset_s3_bucket_consumer to None, run_after=None
[2024-12-14T19:45:43.437+0000] {logging_mixin.py:190} INFO - [2024-12-14T19:45:43.436+0000] {dag.py:4180} INFO - Setting next_dagrun for dataset_s3_bucket_producer to None, run_after=None
[2024-12-14T19:45:43.455+0000] {processor.py:208} INFO - Processing /home/airflow/.local/lib/python3.12/site-packages/airflow/example_dags/example_dataset_alias.py took 0.591 seconds
