[2024-12-14T19:28:31.171+0000] {processor.py:186} INFO - Started process (PID=62) to work on /home/airflow/.local/lib/python3.12/site-packages/airflow/example_dags/example_python_operator.py
[2024-12-14T19:28:31.171+0000] {processor.py:914} INFO - Processing file /home/airflow/.local/lib/python3.12/site-packages/airflow/example_dags/example_python_operator.py for tasks to queue
[2024-12-14T19:28:31.173+0000] {logging_mixin.py:190} INFO - [2024-12-14T19:28:31.173+0000] {dagbag.py:588} INFO - Filling up the DagBag from /home/airflow/.local/lib/python3.12/site-packages/airflow/example_dags/example_python_operator.py
[2024-12-14T19:28:31.185+0000] {processor.py:925} INFO - DAG(s) 'example_python_operator' retrieved from /home/airflow/.local/lib/python3.12/site-packages/airflow/example_dags/example_python_operator.py
[2024-12-14T19:28:31.289+0000] {logging_mixin.py:190} INFO - [2024-12-14T19:28:31.289+0000] {override.py:1911} INFO - Created Permission View: can edit on DAG:example_python_operator
[2024-12-14T19:28:31.297+0000] {logging_mixin.py:190} INFO - [2024-12-14T19:28:31.297+0000] {override.py:1911} INFO - Created Permission View: can delete on DAG:example_python_operator
[2024-12-14T19:28:31.302+0000] {logging_mixin.py:190} INFO - [2024-12-14T19:28:31.302+0000] {override.py:1911} INFO - Created Permission View: can read on DAG:example_python_operator
[2024-12-14T19:28:31.307+0000] {logging_mixin.py:190} INFO - [2024-12-14T19:28:31.307+0000] {override.py:1911} INFO - Created Permission View: menu access on DAG Run:example_python_operator
[2024-12-14T19:28:31.312+0000] {logging_mixin.py:190} INFO - [2024-12-14T19:28:31.312+0000] {override.py:1911} INFO - Created Permission View: can delete on DAG Run:example_python_operator
[2024-12-14T19:28:31.317+0000] {logging_mixin.py:190} INFO - [2024-12-14T19:28:31.317+0000] {override.py:1911} INFO - Created Permission View: can create on DAG Run:example_python_operator
[2024-12-14T19:28:31.322+0000] {logging_mixin.py:190} INFO - [2024-12-14T19:28:31.321+0000] {override.py:1911} INFO - Created Permission View: can read on DAG Run:example_python_operator
[2024-12-14T19:28:31.322+0000] {logging_mixin.py:190} INFO - [2024-12-14T19:28:31.322+0000] {dag.py:3239} INFO - Sync 1 DAGs
[2024-12-14T19:28:31.334+0000] {logging_mixin.py:190} INFO - [2024-12-14T19:28:31.334+0000] {dag.py:3262} INFO - Creating ORM DAG for example_python_operator
[2024-12-14T19:28:31.335+0000] {logging_mixin.py:190} INFO - [2024-12-14T19:28:31.335+0000] {dag.py:4180} INFO - Setting next_dagrun for example_python_operator to None, run_after=None
[2024-12-14T19:28:31.348+0000] {processor.py:208} INFO - Processing /home/airflow/.local/lib/python3.12/site-packages/airflow/example_dags/example_python_operator.py took 0.182 seconds
[2024-12-14T19:29:02.039+0000] {processor.py:186} INFO - Started process (PID=125) to work on /home/airflow/.local/lib/python3.12/site-packages/airflow/example_dags/example_python_operator.py
[2024-12-14T19:29:02.055+0000] {processor.py:914} INFO - Processing file /home/airflow/.local/lib/python3.12/site-packages/airflow/example_dags/example_python_operator.py for tasks to queue
[2024-12-14T19:29:02.058+0000] {logging_mixin.py:190} INFO - [2024-12-14T19:29:02.057+0000] {dagbag.py:588} INFO - Filling up the DagBag from /home/airflow/.local/lib/python3.12/site-packages/airflow/example_dags/example_python_operator.py
[2024-12-14T19:29:02.086+0000] {processor.py:925} INFO - DAG(s) 'example_python_operator' retrieved from /home/airflow/.local/lib/python3.12/site-packages/airflow/example_dags/example_python_operator.py
[2024-12-14T19:29:02.147+0000] {logging_mixin.py:190} INFO - [2024-12-14T19:29:02.146+0000] {dag.py:3239} INFO - Sync 1 DAGs
[2024-12-14T19:29:02.190+0000] {logging_mixin.py:190} INFO - [2024-12-14T19:29:02.189+0000] {dag.py:4180} INFO - Setting next_dagrun for example_python_operator to None, run_after=None
[2024-12-14T19:29:02.258+0000] {processor.py:208} INFO - Processing /home/airflow/.local/lib/python3.12/site-packages/airflow/example_dags/example_python_operator.py took 0.226 seconds
[2024-12-14T19:29:32.841+0000] {processor.py:186} INFO - Started process (PID=188) to work on /home/airflow/.local/lib/python3.12/site-packages/airflow/example_dags/example_python_operator.py
[2024-12-14T19:29:32.842+0000] {processor.py:914} INFO - Processing file /home/airflow/.local/lib/python3.12/site-packages/airflow/example_dags/example_python_operator.py for tasks to queue
[2024-12-14T19:29:32.843+0000] {logging_mixin.py:190} INFO - [2024-12-14T19:29:32.843+0000] {dagbag.py:588} INFO - Filling up the DagBag from /home/airflow/.local/lib/python3.12/site-packages/airflow/example_dags/example_python_operator.py
[2024-12-14T19:29:32.853+0000] {processor.py:925} INFO - DAG(s) 'example_python_operator' retrieved from /home/airflow/.local/lib/python3.12/site-packages/airflow/example_dags/example_python_operator.py
[2024-12-14T19:29:32.875+0000] {logging_mixin.py:190} INFO - [2024-12-14T19:29:32.875+0000] {dag.py:3239} INFO - Sync 1 DAGs
[2024-12-14T19:29:32.889+0000] {logging_mixin.py:190} INFO - [2024-12-14T19:29:32.889+0000] {dag.py:4180} INFO - Setting next_dagrun for example_python_operator to None, run_after=None
[2024-12-14T19:29:32.905+0000] {processor.py:208} INFO - Processing /home/airflow/.local/lib/python3.12/site-packages/airflow/example_dags/example_python_operator.py took 0.069 seconds
[2024-12-14T19:30:03.002+0000] {processor.py:186} INFO - Started process (PID=250) to work on /home/airflow/.local/lib/python3.12/site-packages/airflow/example_dags/example_python_operator.py
[2024-12-14T19:30:03.003+0000] {processor.py:914} INFO - Processing file /home/airflow/.local/lib/python3.12/site-packages/airflow/example_dags/example_python_operator.py for tasks to queue
[2024-12-14T19:30:03.005+0000] {logging_mixin.py:190} INFO - [2024-12-14T19:30:03.004+0000] {dagbag.py:588} INFO - Filling up the DagBag from /home/airflow/.local/lib/python3.12/site-packages/airflow/example_dags/example_python_operator.py
[2024-12-14T19:30:03.015+0000] {processor.py:925} INFO - DAG(s) 'example_python_operator' retrieved from /home/airflow/.local/lib/python3.12/site-packages/airflow/example_dags/example_python_operator.py
[2024-12-14T19:30:03.038+0000] {logging_mixin.py:190} INFO - [2024-12-14T19:30:03.038+0000] {dag.py:3239} INFO - Sync 1 DAGs
[2024-12-14T19:30:03.054+0000] {logging_mixin.py:190} INFO - [2024-12-14T19:30:03.054+0000] {dag.py:4180} INFO - Setting next_dagrun for example_python_operator to None, run_after=None
[2024-12-14T19:30:03.069+0000] {processor.py:208} INFO - Processing /home/airflow/.local/lib/python3.12/site-packages/airflow/example_dags/example_python_operator.py took 0.072 seconds
[2024-12-14T19:30:33.303+0000] {processor.py:186} INFO - Started process (PID=313) to work on /home/airflow/.local/lib/python3.12/site-packages/airflow/example_dags/example_python_operator.py
[2024-12-14T19:30:33.304+0000] {processor.py:914} INFO - Processing file /home/airflow/.local/lib/python3.12/site-packages/airflow/example_dags/example_python_operator.py for tasks to queue
[2024-12-14T19:30:33.306+0000] {logging_mixin.py:190} INFO - [2024-12-14T19:30:33.306+0000] {dagbag.py:588} INFO - Filling up the DagBag from /home/airflow/.local/lib/python3.12/site-packages/airflow/example_dags/example_python_operator.py
[2024-12-14T19:30:33.316+0000] {processor.py:925} INFO - DAG(s) 'example_python_operator' retrieved from /home/airflow/.local/lib/python3.12/site-packages/airflow/example_dags/example_python_operator.py
[2024-12-14T19:30:33.338+0000] {logging_mixin.py:190} INFO - [2024-12-14T19:30:33.338+0000] {dag.py:3239} INFO - Sync 1 DAGs
[2024-12-14T19:30:33.354+0000] {logging_mixin.py:190} INFO - [2024-12-14T19:30:33.354+0000] {dag.py:4180} INFO - Setting next_dagrun for example_python_operator to None, run_after=None
[2024-12-14T19:30:33.372+0000] {processor.py:208} INFO - Processing /home/airflow/.local/lib/python3.12/site-packages/airflow/example_dags/example_python_operator.py took 0.074 seconds
[2024-12-14T19:31:42.430+0000] {processor.py:186} INFO - Started process (PID=63) to work on /home/airflow/.local/lib/python3.12/site-packages/airflow/example_dags/example_python_operator.py
[2024-12-14T19:31:42.439+0000] {processor.py:914} INFO - Processing file /home/airflow/.local/lib/python3.12/site-packages/airflow/example_dags/example_python_operator.py for tasks to queue
[2024-12-14T19:31:42.442+0000] {logging_mixin.py:190} INFO - [2024-12-14T19:31:42.441+0000] {dagbag.py:588} INFO - Filling up the DagBag from /home/airflow/.local/lib/python3.12/site-packages/airflow/example_dags/example_python_operator.py
[2024-12-14T19:31:42.489+0000] {processor.py:925} INFO - DAG(s) 'example_python_operator' retrieved from /home/airflow/.local/lib/python3.12/site-packages/airflow/example_dags/example_python_operator.py
[2024-12-14T19:31:42.696+0000] {logging_mixin.py:190} INFO - [2024-12-14T19:31:42.695+0000] {dag.py:3239} INFO - Sync 1 DAGs
[2024-12-14T19:31:42.713+0000] {logging_mixin.py:190} INFO - [2024-12-14T19:31:42.713+0000] {dag.py:4180} INFO - Setting next_dagrun for example_python_operator to None, run_after=None
[2024-12-14T19:31:42.733+0000] {processor.py:208} INFO - Processing /home/airflow/.local/lib/python3.12/site-packages/airflow/example_dags/example_python_operator.py took 0.309 seconds
[2024-12-14T19:32:13.144+0000] {processor.py:186} INFO - Started process (PID=127) to work on /home/airflow/.local/lib/python3.12/site-packages/airflow/example_dags/example_python_operator.py
[2024-12-14T19:32:13.145+0000] {processor.py:914} INFO - Processing file /home/airflow/.local/lib/python3.12/site-packages/airflow/example_dags/example_python_operator.py for tasks to queue
[2024-12-14T19:32:13.147+0000] {logging_mixin.py:190} INFO - [2024-12-14T19:32:13.146+0000] {dagbag.py:588} INFO - Filling up the DagBag from /home/airflow/.local/lib/python3.12/site-packages/airflow/example_dags/example_python_operator.py
[2024-12-14T19:32:13.157+0000] {processor.py:925} INFO - DAG(s) 'example_python_operator' retrieved from /home/airflow/.local/lib/python3.12/site-packages/airflow/example_dags/example_python_operator.py
[2024-12-14T19:32:13.175+0000] {logging_mixin.py:190} INFO - [2024-12-14T19:32:13.175+0000] {dag.py:3239} INFO - Sync 1 DAGs
[2024-12-14T19:32:13.187+0000] {logging_mixin.py:190} INFO - [2024-12-14T19:32:13.187+0000] {dag.py:4180} INFO - Setting next_dagrun for example_python_operator to None, run_after=None
[2024-12-14T19:32:13.203+0000] {processor.py:208} INFO - Processing /home/airflow/.local/lib/python3.12/site-packages/airflow/example_dags/example_python_operator.py took 0.064 seconds
[2024-12-14T19:32:44.436+0000] {processor.py:186} INFO - Started process (PID=190) to work on /home/airflow/.local/lib/python3.12/site-packages/airflow/example_dags/example_python_operator.py
[2024-12-14T19:32:44.437+0000] {processor.py:914} INFO - Processing file /home/airflow/.local/lib/python3.12/site-packages/airflow/example_dags/example_python_operator.py for tasks to queue
[2024-12-14T19:32:44.439+0000] {logging_mixin.py:190} INFO - [2024-12-14T19:32:44.438+0000] {dagbag.py:588} INFO - Filling up the DagBag from /home/airflow/.local/lib/python3.12/site-packages/airflow/example_dags/example_python_operator.py
[2024-12-14T19:32:44.450+0000] {processor.py:925} INFO - DAG(s) 'example_python_operator' retrieved from /home/airflow/.local/lib/python3.12/site-packages/airflow/example_dags/example_python_operator.py
[2024-12-14T19:32:44.469+0000] {logging_mixin.py:190} INFO - [2024-12-14T19:32:44.469+0000] {dag.py:3239} INFO - Sync 1 DAGs
[2024-12-14T19:32:44.482+0000] {logging_mixin.py:190} INFO - [2024-12-14T19:32:44.481+0000] {dag.py:4180} INFO - Setting next_dagrun for example_python_operator to None, run_after=None
[2024-12-14T19:32:44.496+0000] {processor.py:208} INFO - Processing /home/airflow/.local/lib/python3.12/site-packages/airflow/example_dags/example_python_operator.py took 0.066 seconds
[2024-12-14T19:33:15.613+0000] {processor.py:186} INFO - Started process (PID=253) to work on /home/airflow/.local/lib/python3.12/site-packages/airflow/example_dags/example_python_operator.py
[2024-12-14T19:33:15.614+0000] {processor.py:914} INFO - Processing file /home/airflow/.local/lib/python3.12/site-packages/airflow/example_dags/example_python_operator.py for tasks to queue
[2024-12-14T19:33:15.616+0000] {logging_mixin.py:190} INFO - [2024-12-14T19:33:15.616+0000] {dagbag.py:588} INFO - Filling up the DagBag from /home/airflow/.local/lib/python3.12/site-packages/airflow/example_dags/example_python_operator.py
[2024-12-14T19:33:15.627+0000] {processor.py:925} INFO - DAG(s) 'example_python_operator' retrieved from /home/airflow/.local/lib/python3.12/site-packages/airflow/example_dags/example_python_operator.py
[2024-12-14T19:33:15.649+0000] {logging_mixin.py:190} INFO - [2024-12-14T19:33:15.648+0000] {dag.py:3239} INFO - Sync 1 DAGs
[2024-12-14T19:33:15.664+0000] {logging_mixin.py:190} INFO - [2024-12-14T19:33:15.664+0000] {dag.py:4180} INFO - Setting next_dagrun for example_python_operator to None, run_after=None
[2024-12-14T19:33:15.680+0000] {processor.py:208} INFO - Processing /home/airflow/.local/lib/python3.12/site-packages/airflow/example_dags/example_python_operator.py took 0.072 seconds
[2024-12-14T19:33:47.045+0000] {processor.py:186} INFO - Started process (PID=316) to work on /home/airflow/.local/lib/python3.12/site-packages/airflow/example_dags/example_python_operator.py
[2024-12-14T19:33:47.046+0000] {processor.py:914} INFO - Processing file /home/airflow/.local/lib/python3.12/site-packages/airflow/example_dags/example_python_operator.py for tasks to queue
[2024-12-14T19:33:47.047+0000] {logging_mixin.py:190} INFO - [2024-12-14T19:33:47.047+0000] {dagbag.py:588} INFO - Filling up the DagBag from /home/airflow/.local/lib/python3.12/site-packages/airflow/example_dags/example_python_operator.py
[2024-12-14T19:33:47.058+0000] {processor.py:925} INFO - DAG(s) 'example_python_operator' retrieved from /home/airflow/.local/lib/python3.12/site-packages/airflow/example_dags/example_python_operator.py
[2024-12-14T19:33:47.076+0000] {logging_mixin.py:190} INFO - [2024-12-14T19:33:47.075+0000] {dag.py:3239} INFO - Sync 1 DAGs
[2024-12-14T19:33:47.087+0000] {logging_mixin.py:190} INFO - [2024-12-14T19:33:47.087+0000] {dag.py:4180} INFO - Setting next_dagrun for example_python_operator to None, run_after=None
[2024-12-14T19:33:47.101+0000] {processor.py:208} INFO - Processing /home/airflow/.local/lib/python3.12/site-packages/airflow/example_dags/example_python_operator.py took 0.062 seconds
[2024-12-14T19:34:18.357+0000] {processor.py:186} INFO - Started process (PID=379) to work on /home/airflow/.local/lib/python3.12/site-packages/airflow/example_dags/example_python_operator.py
[2024-12-14T19:34:18.358+0000] {processor.py:914} INFO - Processing file /home/airflow/.local/lib/python3.12/site-packages/airflow/example_dags/example_python_operator.py for tasks to queue
[2024-12-14T19:34:18.360+0000] {logging_mixin.py:190} INFO - [2024-12-14T19:34:18.360+0000] {dagbag.py:588} INFO - Filling up the DagBag from /home/airflow/.local/lib/python3.12/site-packages/airflow/example_dags/example_python_operator.py
[2024-12-14T19:34:18.371+0000] {processor.py:925} INFO - DAG(s) 'example_python_operator' retrieved from /home/airflow/.local/lib/python3.12/site-packages/airflow/example_dags/example_python_operator.py
[2024-12-14T19:34:18.392+0000] {logging_mixin.py:190} INFO - [2024-12-14T19:34:18.392+0000] {dag.py:3239} INFO - Sync 1 DAGs
[2024-12-14T19:34:18.406+0000] {logging_mixin.py:190} INFO - [2024-12-14T19:34:18.406+0000] {dag.py:4180} INFO - Setting next_dagrun for example_python_operator to None, run_after=None
[2024-12-14T19:34:18.423+0000] {processor.py:208} INFO - Processing /home/airflow/.local/lib/python3.12/site-packages/airflow/example_dags/example_python_operator.py took 0.071 seconds
[2024-12-14T19:34:49.683+0000] {processor.py:186} INFO - Started process (PID=442) to work on /home/airflow/.local/lib/python3.12/site-packages/airflow/example_dags/example_python_operator.py
[2024-12-14T19:34:49.684+0000] {processor.py:914} INFO - Processing file /home/airflow/.local/lib/python3.12/site-packages/airflow/example_dags/example_python_operator.py for tasks to queue
[2024-12-14T19:34:49.686+0000] {logging_mixin.py:190} INFO - [2024-12-14T19:34:49.686+0000] {dagbag.py:588} INFO - Filling up the DagBag from /home/airflow/.local/lib/python3.12/site-packages/airflow/example_dags/example_python_operator.py
[2024-12-14T19:34:49.697+0000] {processor.py:925} INFO - DAG(s) 'example_python_operator' retrieved from /home/airflow/.local/lib/python3.12/site-packages/airflow/example_dags/example_python_operator.py
[2024-12-14T19:34:49.715+0000] {logging_mixin.py:190} INFO - [2024-12-14T19:34:49.715+0000] {dag.py:3239} INFO - Sync 1 DAGs
[2024-12-14T19:34:49.730+0000] {logging_mixin.py:190} INFO - [2024-12-14T19:34:49.730+0000] {dag.py:4180} INFO - Setting next_dagrun for example_python_operator to None, run_after=None
[2024-12-14T19:34:49.746+0000] {processor.py:208} INFO - Processing /home/airflow/.local/lib/python3.12/site-packages/airflow/example_dags/example_python_operator.py took 0.069 seconds
[2024-12-14T19:35:53.588+0000] {processor.py:186} INFO - Started process (PID=56) to work on /home/airflow/.local/lib/python3.12/site-packages/airflow/example_dags/example_python_operator.py
[2024-12-14T19:35:53.589+0000] {processor.py:914} INFO - Processing file /home/airflow/.local/lib/python3.12/site-packages/airflow/example_dags/example_python_operator.py for tasks to queue
[2024-12-14T19:35:53.591+0000] {logging_mixin.py:190} INFO - [2024-12-14T19:35:53.591+0000] {dagbag.py:588} INFO - Filling up the DagBag from /home/airflow/.local/lib/python3.12/site-packages/airflow/example_dags/example_python_operator.py
[2024-12-14T19:35:53.604+0000] {processor.py:925} INFO - DAG(s) 'example_python_operator' retrieved from /home/airflow/.local/lib/python3.12/site-packages/airflow/example_dags/example_python_operator.py
[2024-12-14T19:35:53.709+0000] {logging_mixin.py:190} INFO - [2024-12-14T19:35:53.708+0000] {dag.py:3239} INFO - Sync 1 DAGs
[2024-12-14T19:35:53.721+0000] {logging_mixin.py:190} INFO - [2024-12-14T19:35:53.721+0000] {dag.py:4180} INFO - Setting next_dagrun for example_python_operator to None, run_after=None
[2024-12-14T19:35:53.739+0000] {processor.py:208} INFO - Processing /home/airflow/.local/lib/python3.12/site-packages/airflow/example_dags/example_python_operator.py took 0.156 seconds
[2024-12-14T19:36:24.796+0000] {processor.py:186} INFO - Started process (PID=119) to work on /home/airflow/.local/lib/python3.12/site-packages/airflow/example_dags/example_python_operator.py
[2024-12-14T19:36:24.797+0000] {processor.py:914} INFO - Processing file /home/airflow/.local/lib/python3.12/site-packages/airflow/example_dags/example_python_operator.py for tasks to queue
[2024-12-14T19:36:24.799+0000] {logging_mixin.py:190} INFO - [2024-12-14T19:36:24.798+0000] {dagbag.py:588} INFO - Filling up the DagBag from /home/airflow/.local/lib/python3.12/site-packages/airflow/example_dags/example_python_operator.py
[2024-12-14T19:36:24.809+0000] {processor.py:925} INFO - DAG(s) 'example_python_operator' retrieved from /home/airflow/.local/lib/python3.12/site-packages/airflow/example_dags/example_python_operator.py
[2024-12-14T19:36:24.827+0000] {logging_mixin.py:190} INFO - [2024-12-14T19:36:24.827+0000] {dag.py:3239} INFO - Sync 1 DAGs
[2024-12-14T19:36:24.839+0000] {logging_mixin.py:190} INFO - [2024-12-14T19:36:24.839+0000] {dag.py:4180} INFO - Setting next_dagrun for example_python_operator to None, run_after=None
[2024-12-14T19:36:24.853+0000] {processor.py:208} INFO - Processing /home/airflow/.local/lib/python3.12/site-packages/airflow/example_dags/example_python_operator.py took 0.062 seconds
[2024-12-14T19:36:55.817+0000] {processor.py:186} INFO - Started process (PID=182) to work on /home/airflow/.local/lib/python3.12/site-packages/airflow/example_dags/example_python_operator.py
[2024-12-14T19:36:55.818+0000] {processor.py:914} INFO - Processing file /home/airflow/.local/lib/python3.12/site-packages/airflow/example_dags/example_python_operator.py for tasks to queue
[2024-12-14T19:36:55.820+0000] {logging_mixin.py:190} INFO - [2024-12-14T19:36:55.820+0000] {dagbag.py:588} INFO - Filling up the DagBag from /home/airflow/.local/lib/python3.12/site-packages/airflow/example_dags/example_python_operator.py
[2024-12-14T19:36:55.833+0000] {processor.py:925} INFO - DAG(s) 'example_python_operator' retrieved from /home/airflow/.local/lib/python3.12/site-packages/airflow/example_dags/example_python_operator.py
[2024-12-14T19:36:55.854+0000] {logging_mixin.py:190} INFO - [2024-12-14T19:36:55.854+0000] {dag.py:3239} INFO - Sync 1 DAGs
[2024-12-14T19:36:55.870+0000] {logging_mixin.py:190} INFO - [2024-12-14T19:36:55.869+0000] {dag.py:4180} INFO - Setting next_dagrun for example_python_operator to None, run_after=None
[2024-12-14T19:36:55.886+0000] {processor.py:208} INFO - Processing /home/airflow/.local/lib/python3.12/site-packages/airflow/example_dags/example_python_operator.py took 0.074 seconds
[2024-12-14T19:37:26.827+0000] {processor.py:186} INFO - Started process (PID=245) to work on /home/airflow/.local/lib/python3.12/site-packages/airflow/example_dags/example_python_operator.py
[2024-12-14T19:37:26.828+0000] {processor.py:914} INFO - Processing file /home/airflow/.local/lib/python3.12/site-packages/airflow/example_dags/example_python_operator.py for tasks to queue
[2024-12-14T19:37:26.830+0000] {logging_mixin.py:190} INFO - [2024-12-14T19:37:26.830+0000] {dagbag.py:588} INFO - Filling up the DagBag from /home/airflow/.local/lib/python3.12/site-packages/airflow/example_dags/example_python_operator.py
[2024-12-14T19:37:26.844+0000] {processor.py:925} INFO - DAG(s) 'example_python_operator' retrieved from /home/airflow/.local/lib/python3.12/site-packages/airflow/example_dags/example_python_operator.py
[2024-12-14T19:37:26.865+0000] {logging_mixin.py:190} INFO - [2024-12-14T19:37:26.864+0000] {dag.py:3239} INFO - Sync 1 DAGs
[2024-12-14T19:37:26.879+0000] {logging_mixin.py:190} INFO - [2024-12-14T19:37:26.879+0000] {dag.py:4180} INFO - Setting next_dagrun for example_python_operator to None, run_after=None
[2024-12-14T19:37:26.894+0000] {processor.py:208} INFO - Processing /home/airflow/.local/lib/python3.12/site-packages/airflow/example_dags/example_python_operator.py took 0.074 seconds
[2024-12-14T19:37:57.780+0000] {processor.py:186} INFO - Started process (PID=308) to work on /home/airflow/.local/lib/python3.12/site-packages/airflow/example_dags/example_python_operator.py
[2024-12-14T19:37:57.781+0000] {processor.py:914} INFO - Processing file /home/airflow/.local/lib/python3.12/site-packages/airflow/example_dags/example_python_operator.py for tasks to queue
[2024-12-14T19:37:57.783+0000] {logging_mixin.py:190} INFO - [2024-12-14T19:37:57.783+0000] {dagbag.py:588} INFO - Filling up the DagBag from /home/airflow/.local/lib/python3.12/site-packages/airflow/example_dags/example_python_operator.py
[2024-12-14T19:37:57.796+0000] {processor.py:925} INFO - DAG(s) 'example_python_operator' retrieved from /home/airflow/.local/lib/python3.12/site-packages/airflow/example_dags/example_python_operator.py
[2024-12-14T19:37:57.816+0000] {logging_mixin.py:190} INFO - [2024-12-14T19:37:57.815+0000] {dag.py:3239} INFO - Sync 1 DAGs
[2024-12-14T19:37:57.828+0000] {logging_mixin.py:190} INFO - [2024-12-14T19:37:57.828+0000] {dag.py:4180} INFO - Setting next_dagrun for example_python_operator to None, run_after=None
[2024-12-14T19:37:57.844+0000] {processor.py:208} INFO - Processing /home/airflow/.local/lib/python3.12/site-packages/airflow/example_dags/example_python_operator.py took 0.069 seconds
[2024-12-14T19:38:28.788+0000] {processor.py:186} INFO - Started process (PID=371) to work on /home/airflow/.local/lib/python3.12/site-packages/airflow/example_dags/example_python_operator.py
[2024-12-14T19:38:28.789+0000] {processor.py:914} INFO - Processing file /home/airflow/.local/lib/python3.12/site-packages/airflow/example_dags/example_python_operator.py for tasks to queue
[2024-12-14T19:38:28.790+0000] {logging_mixin.py:190} INFO - [2024-12-14T19:38:28.790+0000] {dagbag.py:588} INFO - Filling up the DagBag from /home/airflow/.local/lib/python3.12/site-packages/airflow/example_dags/example_python_operator.py
[2024-12-14T19:38:28.802+0000] {processor.py:925} INFO - DAG(s) 'example_python_operator' retrieved from /home/airflow/.local/lib/python3.12/site-packages/airflow/example_dags/example_python_operator.py
[2024-12-14T19:38:28.819+0000] {logging_mixin.py:190} INFO - [2024-12-14T19:38:28.819+0000] {dag.py:3239} INFO - Sync 1 DAGs
[2024-12-14T19:38:28.831+0000] {logging_mixin.py:190} INFO - [2024-12-14T19:38:28.831+0000] {dag.py:4180} INFO - Setting next_dagrun for example_python_operator to None, run_after=None
[2024-12-14T19:38:28.846+0000] {processor.py:208} INFO - Processing /home/airflow/.local/lib/python3.12/site-packages/airflow/example_dags/example_python_operator.py took 0.063 seconds
[2024-12-14T19:39:00.059+0000] {processor.py:186} INFO - Started process (PID=434) to work on /home/airflow/.local/lib/python3.12/site-packages/airflow/example_dags/example_python_operator.py
[2024-12-14T19:39:00.060+0000] {processor.py:914} INFO - Processing file /home/airflow/.local/lib/python3.12/site-packages/airflow/example_dags/example_python_operator.py for tasks to queue
[2024-12-14T19:39:00.061+0000] {logging_mixin.py:190} INFO - [2024-12-14T19:39:00.061+0000] {dagbag.py:588} INFO - Filling up the DagBag from /home/airflow/.local/lib/python3.12/site-packages/airflow/example_dags/example_python_operator.py
[2024-12-14T19:39:00.071+0000] {processor.py:925} INFO - DAG(s) 'example_python_operator' retrieved from /home/airflow/.local/lib/python3.12/site-packages/airflow/example_dags/example_python_operator.py
[2024-12-14T19:39:00.090+0000] {logging_mixin.py:190} INFO - [2024-12-14T19:39:00.089+0000] {dag.py:3239} INFO - Sync 1 DAGs
[2024-12-14T19:39:00.102+0000] {logging_mixin.py:190} INFO - [2024-12-14T19:39:00.101+0000] {dag.py:4180} INFO - Setting next_dagrun for example_python_operator to None, run_after=None
[2024-12-14T19:39:00.116+0000] {processor.py:208} INFO - Processing /home/airflow/.local/lib/python3.12/site-packages/airflow/example_dags/example_python_operator.py took 0.062 seconds
[2024-12-14T19:39:31.522+0000] {processor.py:186} INFO - Started process (PID=497) to work on /home/airflow/.local/lib/python3.12/site-packages/airflow/example_dags/example_python_operator.py
[2024-12-14T19:39:31.523+0000] {processor.py:914} INFO - Processing file /home/airflow/.local/lib/python3.12/site-packages/airflow/example_dags/example_python_operator.py for tasks to queue
[2024-12-14T19:39:31.525+0000] {logging_mixin.py:190} INFO - [2024-12-14T19:39:31.524+0000] {dagbag.py:588} INFO - Filling up the DagBag from /home/airflow/.local/lib/python3.12/site-packages/airflow/example_dags/example_python_operator.py
[2024-12-14T19:39:31.535+0000] {processor.py:925} INFO - DAG(s) 'example_python_operator' retrieved from /home/airflow/.local/lib/python3.12/site-packages/airflow/example_dags/example_python_operator.py
[2024-12-14T19:39:31.553+0000] {logging_mixin.py:190} INFO - [2024-12-14T19:39:31.553+0000] {dag.py:3239} INFO - Sync 1 DAGs
[2024-12-14T19:39:31.566+0000] {logging_mixin.py:190} INFO - [2024-12-14T19:39:31.566+0000] {dag.py:4180} INFO - Setting next_dagrun for example_python_operator to None, run_after=None
[2024-12-14T19:39:31.584+0000] {processor.py:208} INFO - Processing /home/airflow/.local/lib/python3.12/site-packages/airflow/example_dags/example_python_operator.py took 0.067 seconds
[2024-12-14T19:40:02.632+0000] {processor.py:186} INFO - Started process (PID=560) to work on /home/airflow/.local/lib/python3.12/site-packages/airflow/example_dags/example_python_operator.py
[2024-12-14T19:40:02.632+0000] {processor.py:914} INFO - Processing file /home/airflow/.local/lib/python3.12/site-packages/airflow/example_dags/example_python_operator.py for tasks to queue
[2024-12-14T19:40:02.634+0000] {logging_mixin.py:190} INFO - [2024-12-14T19:40:02.634+0000] {dagbag.py:588} INFO - Filling up the DagBag from /home/airflow/.local/lib/python3.12/site-packages/airflow/example_dags/example_python_operator.py
[2024-12-14T19:40:02.644+0000] {processor.py:925} INFO - DAG(s) 'example_python_operator' retrieved from /home/airflow/.local/lib/python3.12/site-packages/airflow/example_dags/example_python_operator.py
[2024-12-14T19:40:02.662+0000] {logging_mixin.py:190} INFO - [2024-12-14T19:40:02.662+0000] {dag.py:3239} INFO - Sync 1 DAGs
[2024-12-14T19:40:02.675+0000] {logging_mixin.py:190} INFO - [2024-12-14T19:40:02.675+0000] {dag.py:4180} INFO - Setting next_dagrun for example_python_operator to None, run_after=None
[2024-12-14T19:40:02.691+0000] {processor.py:208} INFO - Processing /home/airflow/.local/lib/python3.12/site-packages/airflow/example_dags/example_python_operator.py took 0.065 seconds
[2024-12-14T19:40:33.185+0000] {processor.py:186} INFO - Started process (PID=623) to work on /home/airflow/.local/lib/python3.12/site-packages/airflow/example_dags/example_python_operator.py
[2024-12-14T19:40:33.186+0000] {processor.py:914} INFO - Processing file /home/airflow/.local/lib/python3.12/site-packages/airflow/example_dags/example_python_operator.py for tasks to queue
[2024-12-14T19:40:33.188+0000] {logging_mixin.py:190} INFO - [2024-12-14T19:40:33.188+0000] {dagbag.py:588} INFO - Filling up the DagBag from /home/airflow/.local/lib/python3.12/site-packages/airflow/example_dags/example_python_operator.py
[2024-12-14T19:40:33.198+0000] {processor.py:925} INFO - DAG(s) 'example_python_operator' retrieved from /home/airflow/.local/lib/python3.12/site-packages/airflow/example_dags/example_python_operator.py
[2024-12-14T19:40:33.221+0000] {logging_mixin.py:190} INFO - [2024-12-14T19:40:33.220+0000] {dag.py:3239} INFO - Sync 1 DAGs
[2024-12-14T19:40:33.237+0000] {logging_mixin.py:190} INFO - [2024-12-14T19:40:33.237+0000] {dag.py:4180} INFO - Setting next_dagrun for example_python_operator to None, run_after=None
[2024-12-14T19:40:33.256+0000] {processor.py:208} INFO - Processing /home/airflow/.local/lib/python3.12/site-packages/airflow/example_dags/example_python_operator.py took 0.076 seconds
[2024-12-14T19:41:04.403+0000] {processor.py:186} INFO - Started process (PID=693) to work on /home/airflow/.local/lib/python3.12/site-packages/airflow/example_dags/example_python_operator.py
[2024-12-14T19:41:04.404+0000] {processor.py:914} INFO - Processing file /home/airflow/.local/lib/python3.12/site-packages/airflow/example_dags/example_python_operator.py for tasks to queue
[2024-12-14T19:41:04.406+0000] {logging_mixin.py:190} INFO - [2024-12-14T19:41:04.405+0000] {dagbag.py:588} INFO - Filling up the DagBag from /home/airflow/.local/lib/python3.12/site-packages/airflow/example_dags/example_python_operator.py
[2024-12-14T19:41:04.416+0000] {processor.py:925} INFO - DAG(s) 'example_python_operator' retrieved from /home/airflow/.local/lib/python3.12/site-packages/airflow/example_dags/example_python_operator.py
[2024-12-14T19:41:04.438+0000] {logging_mixin.py:190} INFO - [2024-12-14T19:41:04.437+0000] {dag.py:3239} INFO - Sync 1 DAGs
[2024-12-14T19:41:04.455+0000] {logging_mixin.py:190} INFO - [2024-12-14T19:41:04.454+0000] {dag.py:4180} INFO - Setting next_dagrun for example_python_operator to None, run_after=None
[2024-12-14T19:41:04.473+0000] {processor.py:208} INFO - Processing /home/airflow/.local/lib/python3.12/site-packages/airflow/example_dags/example_python_operator.py took 0.075 seconds
[2024-12-14T19:41:35.621+0000] {processor.py:186} INFO - Started process (PID=755) to work on /home/airflow/.local/lib/python3.12/site-packages/airflow/example_dags/example_python_operator.py
[2024-12-14T19:41:35.622+0000] {processor.py:914} INFO - Processing file /home/airflow/.local/lib/python3.12/site-packages/airflow/example_dags/example_python_operator.py for tasks to queue
[2024-12-14T19:41:35.623+0000] {logging_mixin.py:190} INFO - [2024-12-14T19:41:35.623+0000] {dagbag.py:588} INFO - Filling up the DagBag from /home/airflow/.local/lib/python3.12/site-packages/airflow/example_dags/example_python_operator.py
[2024-12-14T19:41:35.634+0000] {processor.py:925} INFO - DAG(s) 'example_python_operator' retrieved from /home/airflow/.local/lib/python3.12/site-packages/airflow/example_dags/example_python_operator.py
[2024-12-14T19:41:35.654+0000] {logging_mixin.py:190} INFO - [2024-12-14T19:41:35.654+0000] {dag.py:3239} INFO - Sync 1 DAGs
[2024-12-14T19:41:35.669+0000] {logging_mixin.py:190} INFO - [2024-12-14T19:41:35.669+0000] {dag.py:4180} INFO - Setting next_dagrun for example_python_operator to None, run_after=None
[2024-12-14T19:41:35.686+0000] {processor.py:208} INFO - Processing /home/airflow/.local/lib/python3.12/site-packages/airflow/example_dags/example_python_operator.py took 0.070 seconds
[2024-12-14T19:42:07.330+0000] {processor.py:186} INFO - Started process (PID=817) to work on /home/airflow/.local/lib/python3.12/site-packages/airflow/example_dags/example_python_operator.py
[2024-12-14T19:42:07.331+0000] {processor.py:914} INFO - Processing file /home/airflow/.local/lib/python3.12/site-packages/airflow/example_dags/example_python_operator.py for tasks to queue
[2024-12-14T19:42:07.333+0000] {logging_mixin.py:190} INFO - [2024-12-14T19:42:07.333+0000] {dagbag.py:588} INFO - Filling up the DagBag from /home/airflow/.local/lib/python3.12/site-packages/airflow/example_dags/example_python_operator.py
[2024-12-14T19:42:07.347+0000] {processor.py:925} INFO - DAG(s) 'example_python_operator' retrieved from /home/airflow/.local/lib/python3.12/site-packages/airflow/example_dags/example_python_operator.py
[2024-12-14T19:42:07.366+0000] {logging_mixin.py:190} INFO - [2024-12-14T19:42:07.366+0000] {dag.py:3239} INFO - Sync 1 DAGs
[2024-12-14T19:42:07.381+0000] {logging_mixin.py:190} INFO - [2024-12-14T19:42:07.381+0000] {dag.py:4180} INFO - Setting next_dagrun for example_python_operator to None, run_after=None
[2024-12-14T19:42:07.400+0000] {processor.py:208} INFO - Processing /home/airflow/.local/lib/python3.12/site-packages/airflow/example_dags/example_python_operator.py took 0.076 seconds
[2024-12-14T19:42:38.626+0000] {processor.py:186} INFO - Started process (PID=880) to work on /home/airflow/.local/lib/python3.12/site-packages/airflow/example_dags/example_python_operator.py
[2024-12-14T19:42:38.627+0000] {processor.py:914} INFO - Processing file /home/airflow/.local/lib/python3.12/site-packages/airflow/example_dags/example_python_operator.py for tasks to queue
[2024-12-14T19:42:38.629+0000] {logging_mixin.py:190} INFO - [2024-12-14T19:42:38.629+0000] {dagbag.py:588} INFO - Filling up the DagBag from /home/airflow/.local/lib/python3.12/site-packages/airflow/example_dags/example_python_operator.py
[2024-12-14T19:42:38.638+0000] {processor.py:925} INFO - DAG(s) 'example_python_operator' retrieved from /home/airflow/.local/lib/python3.12/site-packages/airflow/example_dags/example_python_operator.py
[2024-12-14T19:42:38.659+0000] {logging_mixin.py:190} INFO - [2024-12-14T19:42:38.659+0000] {dag.py:3239} INFO - Sync 1 DAGs
[2024-12-14T19:42:38.673+0000] {logging_mixin.py:190} INFO - [2024-12-14T19:42:38.673+0000] {dag.py:4180} INFO - Setting next_dagrun for example_python_operator to None, run_after=None
[2024-12-14T19:42:38.689+0000] {processor.py:208} INFO - Processing /home/airflow/.local/lib/python3.12/site-packages/airflow/example_dags/example_python_operator.py took 0.068 seconds
[2024-12-14T19:43:08.725+0000] {processor.py:186} INFO - Started process (PID=942) to work on /home/airflow/.local/lib/python3.12/site-packages/airflow/example_dags/example_python_operator.py
[2024-12-14T19:43:08.726+0000] {processor.py:914} INFO - Processing file /home/airflow/.local/lib/python3.12/site-packages/airflow/example_dags/example_python_operator.py for tasks to queue
[2024-12-14T19:43:08.728+0000] {logging_mixin.py:190} INFO - [2024-12-14T19:43:08.728+0000] {dagbag.py:588} INFO - Filling up the DagBag from /home/airflow/.local/lib/python3.12/site-packages/airflow/example_dags/example_python_operator.py
[2024-12-14T19:43:08.740+0000] {processor.py:925} INFO - DAG(s) 'example_python_operator' retrieved from /home/airflow/.local/lib/python3.12/site-packages/airflow/example_dags/example_python_operator.py
[2024-12-14T19:43:08.759+0000] {logging_mixin.py:190} INFO - [2024-12-14T19:43:08.759+0000] {dag.py:3239} INFO - Sync 1 DAGs
[2024-12-14T19:43:08.775+0000] {logging_mixin.py:190} INFO - [2024-12-14T19:43:08.775+0000] {dag.py:4180} INFO - Setting next_dagrun for example_python_operator to None, run_after=None
[2024-12-14T19:43:08.793+0000] {processor.py:208} INFO - Processing /home/airflow/.local/lib/python3.12/site-packages/airflow/example_dags/example_python_operator.py took 0.074 seconds
[2024-12-14T19:43:39.805+0000] {processor.py:186} INFO - Started process (PID=1005) to work on /home/airflow/.local/lib/python3.12/site-packages/airflow/example_dags/example_python_operator.py
[2024-12-14T19:43:39.806+0000] {processor.py:914} INFO - Processing file /home/airflow/.local/lib/python3.12/site-packages/airflow/example_dags/example_python_operator.py for tasks to queue
[2024-12-14T19:43:39.808+0000] {logging_mixin.py:190} INFO - [2024-12-14T19:43:39.807+0000] {dagbag.py:588} INFO - Filling up the DagBag from /home/airflow/.local/lib/python3.12/site-packages/airflow/example_dags/example_python_operator.py
[2024-12-14T19:43:39.820+0000] {processor.py:925} INFO - DAG(s) 'example_python_operator' retrieved from /home/airflow/.local/lib/python3.12/site-packages/airflow/example_dags/example_python_operator.py
[2024-12-14T19:43:39.837+0000] {logging_mixin.py:190} INFO - [2024-12-14T19:43:39.837+0000] {dag.py:3239} INFO - Sync 1 DAGs
[2024-12-14T19:43:39.853+0000] {logging_mixin.py:190} INFO - [2024-12-14T19:43:39.853+0000] {dag.py:4180} INFO - Setting next_dagrun for example_python_operator to None, run_after=None
[2024-12-14T19:43:39.869+0000] {processor.py:208} INFO - Processing /home/airflow/.local/lib/python3.12/site-packages/airflow/example_dags/example_python_operator.py took 0.069 seconds
[2024-12-14T19:44:10.407+0000] {processor.py:186} INFO - Started process (PID=1068) to work on /home/airflow/.local/lib/python3.12/site-packages/airflow/example_dags/example_python_operator.py
[2024-12-14T19:44:10.408+0000] {processor.py:914} INFO - Processing file /home/airflow/.local/lib/python3.12/site-packages/airflow/example_dags/example_python_operator.py for tasks to queue
[2024-12-14T19:44:10.411+0000] {logging_mixin.py:190} INFO - [2024-12-14T19:44:10.410+0000] {dagbag.py:588} INFO - Filling up the DagBag from /home/airflow/.local/lib/python3.12/site-packages/airflow/example_dags/example_python_operator.py
[2024-12-14T19:44:10.422+0000] {processor.py:925} INFO - DAG(s) 'example_python_operator' retrieved from /home/airflow/.local/lib/python3.12/site-packages/airflow/example_dags/example_python_operator.py
[2024-12-14T19:44:10.443+0000] {logging_mixin.py:190} INFO - [2024-12-14T19:44:10.443+0000] {dag.py:3239} INFO - Sync 1 DAGs
[2024-12-14T19:44:10.459+0000] {logging_mixin.py:190} INFO - [2024-12-14T19:44:10.459+0000] {dag.py:4180} INFO - Setting next_dagrun for example_python_operator to None, run_after=None
[2024-12-14T19:44:10.474+0000] {processor.py:208} INFO - Processing /home/airflow/.local/lib/python3.12/site-packages/airflow/example_dags/example_python_operator.py took 0.073 seconds
[2024-12-14T19:44:41.872+0000] {processor.py:186} INFO - Started process (PID=1132) to work on /home/airflow/.local/lib/python3.12/site-packages/airflow/example_dags/example_python_operator.py
[2024-12-14T19:44:41.873+0000] {processor.py:914} INFO - Processing file /home/airflow/.local/lib/python3.12/site-packages/airflow/example_dags/example_python_operator.py for tasks to queue
[2024-12-14T19:44:41.875+0000] {logging_mixin.py:190} INFO - [2024-12-14T19:44:41.875+0000] {dagbag.py:588} INFO - Filling up the DagBag from /home/airflow/.local/lib/python3.12/site-packages/airflow/example_dags/example_python_operator.py
[2024-12-14T19:44:41.885+0000] {processor.py:925} INFO - DAG(s) 'example_python_operator' retrieved from /home/airflow/.local/lib/python3.12/site-packages/airflow/example_dags/example_python_operator.py
[2024-12-14T19:44:41.908+0000] {logging_mixin.py:190} INFO - [2024-12-14T19:44:41.908+0000] {dag.py:3239} INFO - Sync 1 DAGs
[2024-12-14T19:44:41.921+0000] {logging_mixin.py:190} INFO - [2024-12-14T19:44:41.921+0000] {dag.py:4180} INFO - Setting next_dagrun for example_python_operator to None, run_after=None
[2024-12-14T19:44:41.936+0000] {processor.py:208} INFO - Processing /home/airflow/.local/lib/python3.12/site-packages/airflow/example_dags/example_python_operator.py took 0.068 seconds
[2024-12-14T19:45:13.825+0000] {processor.py:186} INFO - Started process (PID=1195) to work on /home/airflow/.local/lib/python3.12/site-packages/airflow/example_dags/example_python_operator.py
[2024-12-14T19:45:13.825+0000] {processor.py:914} INFO - Processing file /home/airflow/.local/lib/python3.12/site-packages/airflow/example_dags/example_python_operator.py for tasks to queue
[2024-12-14T19:45:13.827+0000] {logging_mixin.py:190} INFO - [2024-12-14T19:45:13.827+0000] {dagbag.py:588} INFO - Filling up the DagBag from /home/airflow/.local/lib/python3.12/site-packages/airflow/example_dags/example_python_operator.py
[2024-12-14T19:45:13.837+0000] {processor.py:925} INFO - DAG(s) 'example_python_operator' retrieved from /home/airflow/.local/lib/python3.12/site-packages/airflow/example_dags/example_python_operator.py
[2024-12-14T19:45:13.854+0000] {logging_mixin.py:190} INFO - [2024-12-14T19:45:13.854+0000] {dag.py:3239} INFO - Sync 1 DAGs
[2024-12-14T19:45:13.866+0000] {logging_mixin.py:190} INFO - [2024-12-14T19:45:13.866+0000] {dag.py:4180} INFO - Setting next_dagrun for example_python_operator to None, run_after=None
[2024-12-14T19:45:13.879+0000] {processor.py:208} INFO - Processing /home/airflow/.local/lib/python3.12/site-packages/airflow/example_dags/example_python_operator.py took 0.060 seconds
[2024-12-14T19:45:44.649+0000] {processor.py:186} INFO - Started process (PID=1258) to work on /home/airflow/.local/lib/python3.12/site-packages/airflow/example_dags/example_python_operator.py
[2024-12-14T19:45:44.650+0000] {processor.py:914} INFO - Processing file /home/airflow/.local/lib/python3.12/site-packages/airflow/example_dags/example_python_operator.py for tasks to queue
[2024-12-14T19:45:44.652+0000] {logging_mixin.py:190} INFO - [2024-12-14T19:45:44.651+0000] {dagbag.py:588} INFO - Filling up the DagBag from /home/airflow/.local/lib/python3.12/site-packages/airflow/example_dags/example_python_operator.py
[2024-12-14T19:45:44.662+0000] {processor.py:925} INFO - DAG(s) 'example_python_operator' retrieved from /home/airflow/.local/lib/python3.12/site-packages/airflow/example_dags/example_python_operator.py
[2024-12-14T19:45:44.683+0000] {logging_mixin.py:190} INFO - [2024-12-14T19:45:44.683+0000] {dag.py:3239} INFO - Sync 1 DAGs
[2024-12-14T19:45:44.698+0000] {logging_mixin.py:190} INFO - [2024-12-14T19:45:44.698+0000] {dag.py:4180} INFO - Setting next_dagrun for example_python_operator to None, run_after=None
[2024-12-14T19:45:44.715+0000] {processor.py:208} INFO - Processing /home/airflow/.local/lib/python3.12/site-packages/airflow/example_dags/example_python_operator.py took 0.072 seconds
