[2024-12-14T19:28:30.721+0000] {processor.py:186} INFO - Started process (PID=59) to work on /home/airflow/.local/lib/python3.12/site-packages/airflow/example_dags/example_complex.py
[2024-12-14T19:28:30.721+0000] {processor.py:914} INFO - Processing file /home/airflow/.local/lib/python3.12/site-packages/airflow/example_dags/example_complex.py for tasks to queue
[2024-12-14T19:28:30.723+0000] {logging_mixin.py:190} INFO - [2024-12-14T19:28:30.723+0000] {dagbag.py:588} INFO - Filling up the DagBag from /home/airflow/.local/lib/python3.12/site-packages/airflow/example_dags/example_complex.py
[2024-12-14T19:28:30.736+0000] {processor.py:925} INFO - DAG(s) 'example_complex' retrieved from /home/airflow/.local/lib/python3.12/site-packages/airflow/example_dags/example_complex.py
[2024-12-14T19:28:30.837+0000] {logging_mixin.py:190} INFO - [2024-12-14T19:28:30.836+0000] {override.py:1911} INFO - Created Permission View: can edit on DAG:example_complex
[2024-12-14T19:28:30.847+0000] {logging_mixin.py:190} INFO - [2024-12-14T19:28:30.846+0000] {override.py:1911} INFO - Created Permission View: can delete on DAG:example_complex
[2024-12-14T19:28:30.852+0000] {logging_mixin.py:190} INFO - [2024-12-14T19:28:30.852+0000] {override.py:1911} INFO - Created Permission View: can read on DAG:example_complex
[2024-12-14T19:28:30.858+0000] {logging_mixin.py:190} INFO - [2024-12-14T19:28:30.858+0000] {override.py:1911} INFO - Created Permission View: menu access on DAG Run:example_complex
[2024-12-14T19:28:30.864+0000] {logging_mixin.py:190} INFO - [2024-12-14T19:28:30.864+0000] {override.py:1911} INFO - Created Permission View: can delete on DAG Run:example_complex
[2024-12-14T19:28:30.870+0000] {logging_mixin.py:190} INFO - [2024-12-14T19:28:30.870+0000] {override.py:1911} INFO - Created Permission View: can create on DAG Run:example_complex
[2024-12-14T19:28:30.875+0000] {logging_mixin.py:190} INFO - [2024-12-14T19:28:30.875+0000] {override.py:1911} INFO - Created Permission View: can read on DAG Run:example_complex
[2024-12-14T19:28:30.876+0000] {logging_mixin.py:190} INFO - [2024-12-14T19:28:30.875+0000] {dag.py:3239} INFO - Sync 1 DAGs
[2024-12-14T19:28:30.891+0000] {logging_mixin.py:190} INFO - [2024-12-14T19:28:30.891+0000] {dag.py:3262} INFO - Creating ORM DAG for example_complex
[2024-12-14T19:28:30.892+0000] {logging_mixin.py:190} INFO - [2024-12-14T19:28:30.892+0000] {dag.py:4180} INFO - Setting next_dagrun for example_complex to None, run_after=None
[2024-12-14T19:28:30.910+0000] {processor.py:208} INFO - Processing /home/airflow/.local/lib/python3.12/site-packages/airflow/example_dags/example_complex.py took 0.194 seconds
[2024-12-14T19:29:01.516+0000] {processor.py:186} INFO - Started process (PID=122) to work on /home/airflow/.local/lib/python3.12/site-packages/airflow/example_dags/example_complex.py
[2024-12-14T19:29:01.517+0000] {processor.py:914} INFO - Processing file /home/airflow/.local/lib/python3.12/site-packages/airflow/example_dags/example_complex.py for tasks to queue
[2024-12-14T19:29:01.519+0000] {logging_mixin.py:190} INFO - [2024-12-14T19:29:01.519+0000] {dagbag.py:588} INFO - Filling up the DagBag from /home/airflow/.local/lib/python3.12/site-packages/airflow/example_dags/example_complex.py
[2024-12-14T19:29:01.533+0000] {processor.py:925} INFO - DAG(s) 'example_complex' retrieved from /home/airflow/.local/lib/python3.12/site-packages/airflow/example_dags/example_complex.py
[2024-12-14T19:29:01.573+0000] {logging_mixin.py:190} INFO - [2024-12-14T19:29:01.573+0000] {dag.py:3239} INFO - Sync 1 DAGs
[2024-12-14T19:29:01.592+0000] {logging_mixin.py:190} INFO - [2024-12-14T19:29:01.591+0000] {dag.py:4180} INFO - Setting next_dagrun for example_complex to None, run_after=None
[2024-12-14T19:29:01.612+0000] {processor.py:208} INFO - Processing /home/airflow/.local/lib/python3.12/site-packages/airflow/example_dags/example_complex.py took 0.102 seconds
[2024-12-14T19:29:31.659+0000] {processor.py:186} INFO - Started process (PID=184) to work on /home/airflow/.local/lib/python3.12/site-packages/airflow/example_dags/example_complex.py
[2024-12-14T19:29:31.660+0000] {processor.py:914} INFO - Processing file /home/airflow/.local/lib/python3.12/site-packages/airflow/example_dags/example_complex.py for tasks to queue
[2024-12-14T19:29:31.662+0000] {logging_mixin.py:190} INFO - [2024-12-14T19:29:31.662+0000] {dagbag.py:588} INFO - Filling up the DagBag from /home/airflow/.local/lib/python3.12/site-packages/airflow/example_dags/example_complex.py
[2024-12-14T19:29:31.672+0000] {processor.py:925} INFO - DAG(s) 'example_complex' retrieved from /home/airflow/.local/lib/python3.12/site-packages/airflow/example_dags/example_complex.py
[2024-12-14T19:29:31.699+0000] {logging_mixin.py:190} INFO - [2024-12-14T19:29:31.699+0000] {dag.py:3239} INFO - Sync 1 DAGs
[2024-12-14T19:29:31.711+0000] {logging_mixin.py:190} INFO - [2024-12-14T19:29:31.711+0000] {dag.py:4180} INFO - Setting next_dagrun for example_complex to None, run_after=None
[2024-12-14T19:29:31.725+0000] {processor.py:208} INFO - Processing /home/airflow/.local/lib/python3.12/site-packages/airflow/example_dags/example_complex.py took 0.071 seconds
[2024-12-14T19:30:02.587+0000] {processor.py:186} INFO - Started process (PID=247) to work on /home/airflow/.local/lib/python3.12/site-packages/airflow/example_dags/example_complex.py
[2024-12-14T19:30:02.589+0000] {processor.py:914} INFO - Processing file /home/airflow/.local/lib/python3.12/site-packages/airflow/example_dags/example_complex.py for tasks to queue
[2024-12-14T19:30:02.591+0000] {logging_mixin.py:190} INFO - [2024-12-14T19:30:02.590+0000] {dagbag.py:588} INFO - Filling up the DagBag from /home/airflow/.local/lib/python3.12/site-packages/airflow/example_dags/example_complex.py
[2024-12-14T19:30:02.605+0000] {processor.py:925} INFO - DAG(s) 'example_complex' retrieved from /home/airflow/.local/lib/python3.12/site-packages/airflow/example_dags/example_complex.py
[2024-12-14T19:30:02.646+0000] {logging_mixin.py:190} INFO - [2024-12-14T19:30:02.646+0000] {dag.py:3239} INFO - Sync 1 DAGs
[2024-12-14T19:30:02.663+0000] {logging_mixin.py:190} INFO - [2024-12-14T19:30:02.663+0000] {dag.py:4180} INFO - Setting next_dagrun for example_complex to None, run_after=None
[2024-12-14T19:30:02.683+0000] {processor.py:208} INFO - Processing /home/airflow/.local/lib/python3.12/site-packages/airflow/example_dags/example_complex.py took 0.102 seconds
[2024-12-14T19:30:33.048+0000] {processor.py:186} INFO - Started process (PID=309) to work on /home/airflow/.local/lib/python3.12/site-packages/airflow/example_dags/example_complex.py
[2024-12-14T19:30:33.049+0000] {processor.py:914} INFO - Processing file /home/airflow/.local/lib/python3.12/site-packages/airflow/example_dags/example_complex.py for tasks to queue
[2024-12-14T19:30:33.051+0000] {logging_mixin.py:190} INFO - [2024-12-14T19:30:33.050+0000] {dagbag.py:588} INFO - Filling up the DagBag from /home/airflow/.local/lib/python3.12/site-packages/airflow/example_dags/example_complex.py
[2024-12-14T19:30:33.061+0000] {processor.py:925} INFO - DAG(s) 'example_complex' retrieved from /home/airflow/.local/lib/python3.12/site-packages/airflow/example_dags/example_complex.py
[2024-12-14T19:30:33.088+0000] {logging_mixin.py:190} INFO - [2024-12-14T19:30:33.088+0000] {dag.py:3239} INFO - Sync 1 DAGs
[2024-12-14T19:30:33.100+0000] {logging_mixin.py:190} INFO - [2024-12-14T19:30:33.100+0000] {dag.py:4180} INFO - Setting next_dagrun for example_complex to None, run_after=None
[2024-12-14T19:30:33.116+0000] {processor.py:208} INFO - Processing /home/airflow/.local/lib/python3.12/site-packages/airflow/example_dags/example_complex.py took 0.073 seconds
[2024-12-14T19:31:42.135+0000] {processor.py:186} INFO - Started process (PID=60) to work on /home/airflow/.local/lib/python3.12/site-packages/airflow/example_dags/example_complex.py
[2024-12-14T19:31:42.137+0000] {processor.py:914} INFO - Processing file /home/airflow/.local/lib/python3.12/site-packages/airflow/example_dags/example_complex.py for tasks to queue
[2024-12-14T19:31:42.139+0000] {logging_mixin.py:190} INFO - [2024-12-14T19:31:42.138+0000] {dagbag.py:588} INFO - Filling up the DagBag from /home/airflow/.local/lib/python3.12/site-packages/airflow/example_dags/example_complex.py
[2024-12-14T19:31:42.155+0000] {processor.py:925} INFO - DAG(s) 'example_complex' retrieved from /home/airflow/.local/lib/python3.12/site-packages/airflow/example_dags/example_complex.py
[2024-12-14T19:31:42.199+0000] {logging_mixin.py:190} INFO - [2024-12-14T19:31:42.199+0000] {dag.py:3239} INFO - Sync 1 DAGs
[2024-12-14T19:31:42.216+0000] {logging_mixin.py:190} INFO - [2024-12-14T19:31:42.216+0000] {dag.py:4180} INFO - Setting next_dagrun for example_complex to None, run_after=None
[2024-12-14T19:31:42.236+0000] {processor.py:208} INFO - Processing /home/airflow/.local/lib/python3.12/site-packages/airflow/example_dags/example_complex.py took 0.107 seconds
[2024-12-14T19:32:12.471+0000] {processor.py:186} INFO - Started process (PID=123) to work on /home/airflow/.local/lib/python3.12/site-packages/airflow/example_dags/example_complex.py
[2024-12-14T19:32:12.472+0000] {processor.py:914} INFO - Processing file /home/airflow/.local/lib/python3.12/site-packages/airflow/example_dags/example_complex.py for tasks to queue
[2024-12-14T19:32:12.474+0000] {logging_mixin.py:190} INFO - [2024-12-14T19:32:12.474+0000] {dagbag.py:588} INFO - Filling up the DagBag from /home/airflow/.local/lib/python3.12/site-packages/airflow/example_dags/example_complex.py
[2024-12-14T19:32:12.484+0000] {processor.py:925} INFO - DAG(s) 'example_complex' retrieved from /home/airflow/.local/lib/python3.12/site-packages/airflow/example_dags/example_complex.py
[2024-12-14T19:32:12.512+0000] {logging_mixin.py:190} INFO - [2024-12-14T19:32:12.511+0000] {dag.py:3239} INFO - Sync 1 DAGs
[2024-12-14T19:32:12.524+0000] {logging_mixin.py:190} INFO - [2024-12-14T19:32:12.524+0000] {dag.py:4180} INFO - Setting next_dagrun for example_complex to None, run_after=None
[2024-12-14T19:32:12.539+0000] {processor.py:208} INFO - Processing /home/airflow/.local/lib/python3.12/site-packages/airflow/example_dags/example_complex.py took 0.073 seconds
[2024-12-14T19:32:44.208+0000] {processor.py:186} INFO - Started process (PID=187) to work on /home/airflow/.local/lib/python3.12/site-packages/airflow/example_dags/example_complex.py
[2024-12-14T19:32:44.209+0000] {processor.py:914} INFO - Processing file /home/airflow/.local/lib/python3.12/site-packages/airflow/example_dags/example_complex.py for tasks to queue
[2024-12-14T19:32:44.211+0000] {logging_mixin.py:190} INFO - [2024-12-14T19:32:44.210+0000] {dagbag.py:588} INFO - Filling up the DagBag from /home/airflow/.local/lib/python3.12/site-packages/airflow/example_dags/example_complex.py
[2024-12-14T19:32:44.221+0000] {processor.py:925} INFO - DAG(s) 'example_complex' retrieved from /home/airflow/.local/lib/python3.12/site-packages/airflow/example_dags/example_complex.py
[2024-12-14T19:32:44.258+0000] {logging_mixin.py:190} INFO - [2024-12-14T19:32:44.257+0000] {dag.py:3239} INFO - Sync 1 DAGs
[2024-12-14T19:32:44.274+0000] {logging_mixin.py:190} INFO - [2024-12-14T19:32:44.273+0000] {dag.py:4180} INFO - Setting next_dagrun for example_complex to None, run_after=None
[2024-12-14T19:32:44.292+0000] {processor.py:208} INFO - Processing /home/airflow/.local/lib/python3.12/site-packages/airflow/example_dags/example_complex.py took 0.090 seconds
[2024-12-14T19:33:15.501+0000] {processor.py:186} INFO - Started process (PID=250) to work on /home/airflow/.local/lib/python3.12/site-packages/airflow/example_dags/example_complex.py
[2024-12-14T19:33:15.503+0000] {processor.py:914} INFO - Processing file /home/airflow/.local/lib/python3.12/site-packages/airflow/example_dags/example_complex.py for tasks to queue
[2024-12-14T19:33:15.504+0000] {logging_mixin.py:190} INFO - [2024-12-14T19:33:15.504+0000] {dagbag.py:588} INFO - Filling up the DagBag from /home/airflow/.local/lib/python3.12/site-packages/airflow/example_dags/example_complex.py
[2024-12-14T19:33:15.515+0000] {processor.py:925} INFO - DAG(s) 'example_complex' retrieved from /home/airflow/.local/lib/python3.12/site-packages/airflow/example_dags/example_complex.py
[2024-12-14T19:33:15.548+0000] {logging_mixin.py:190} INFO - [2024-12-14T19:33:15.548+0000] {dag.py:3239} INFO - Sync 1 DAGs
[2024-12-14T19:33:15.562+0000] {logging_mixin.py:190} INFO - [2024-12-14T19:33:15.562+0000] {dag.py:4180} INFO - Setting next_dagrun for example_complex to None, run_after=None
[2024-12-14T19:33:15.578+0000] {processor.py:208} INFO - Processing /home/airflow/.local/lib/python3.12/site-packages/airflow/example_dags/example_complex.py took 0.083 seconds
[2024-12-14T19:33:46.860+0000] {processor.py:186} INFO - Started process (PID=313) to work on /home/airflow/.local/lib/python3.12/site-packages/airflow/example_dags/example_complex.py
[2024-12-14T19:33:46.861+0000] {processor.py:914} INFO - Processing file /home/airflow/.local/lib/python3.12/site-packages/airflow/example_dags/example_complex.py for tasks to queue
[2024-12-14T19:33:46.863+0000] {logging_mixin.py:190} INFO - [2024-12-14T19:33:46.863+0000] {dagbag.py:588} INFO - Filling up the DagBag from /home/airflow/.local/lib/python3.12/site-packages/airflow/example_dags/example_complex.py
[2024-12-14T19:33:46.873+0000] {processor.py:925} INFO - DAG(s) 'example_complex' retrieved from /home/airflow/.local/lib/python3.12/site-packages/airflow/example_dags/example_complex.py
[2024-12-14T19:33:46.900+0000] {logging_mixin.py:190} INFO - [2024-12-14T19:33:46.900+0000] {dag.py:3239} INFO - Sync 1 DAGs
[2024-12-14T19:33:46.913+0000] {logging_mixin.py:190} INFO - [2024-12-14T19:33:46.913+0000] {dag.py:4180} INFO - Setting next_dagrun for example_complex to None, run_after=None
[2024-12-14T19:33:46.931+0000] {processor.py:208} INFO - Processing /home/airflow/.local/lib/python3.12/site-packages/airflow/example_dags/example_complex.py took 0.076 seconds
[2024-12-14T19:34:18.186+0000] {processor.py:186} INFO - Started process (PID=376) to work on /home/airflow/.local/lib/python3.12/site-packages/airflow/example_dags/example_complex.py
[2024-12-14T19:34:18.187+0000] {processor.py:914} INFO - Processing file /home/airflow/.local/lib/python3.12/site-packages/airflow/example_dags/example_complex.py for tasks to queue
[2024-12-14T19:34:18.189+0000] {logging_mixin.py:190} INFO - [2024-12-14T19:34:18.189+0000] {dagbag.py:588} INFO - Filling up the DagBag from /home/airflow/.local/lib/python3.12/site-packages/airflow/example_dags/example_complex.py
[2024-12-14T19:34:18.199+0000] {processor.py:925} INFO - DAG(s) 'example_complex' retrieved from /home/airflow/.local/lib/python3.12/site-packages/airflow/example_dags/example_complex.py
[2024-12-14T19:34:18.232+0000] {logging_mixin.py:190} INFO - [2024-12-14T19:34:18.231+0000] {dag.py:3239} INFO - Sync 1 DAGs
[2024-12-14T19:34:18.246+0000] {logging_mixin.py:190} INFO - [2024-12-14T19:34:18.246+0000] {dag.py:4180} INFO - Setting next_dagrun for example_complex to None, run_after=None
[2024-12-14T19:34:18.264+0000] {processor.py:208} INFO - Processing /home/airflow/.local/lib/python3.12/site-packages/airflow/example_dags/example_complex.py took 0.083 seconds
[2024-12-14T19:34:49.577+0000] {processor.py:186} INFO - Started process (PID=439) to work on /home/airflow/.local/lib/python3.12/site-packages/airflow/example_dags/example_complex.py
[2024-12-14T19:34:49.578+0000] {processor.py:914} INFO - Processing file /home/airflow/.local/lib/python3.12/site-packages/airflow/example_dags/example_complex.py for tasks to queue
[2024-12-14T19:34:49.580+0000] {logging_mixin.py:190} INFO - [2024-12-14T19:34:49.580+0000] {dagbag.py:588} INFO - Filling up the DagBag from /home/airflow/.local/lib/python3.12/site-packages/airflow/example_dags/example_complex.py
[2024-12-14T19:34:49.593+0000] {processor.py:925} INFO - DAG(s) 'example_complex' retrieved from /home/airflow/.local/lib/python3.12/site-packages/airflow/example_dags/example_complex.py
[2024-12-14T19:34:49.621+0000] {logging_mixin.py:190} INFO - [2024-12-14T19:34:49.620+0000] {dag.py:3239} INFO - Sync 1 DAGs
[2024-12-14T19:34:49.633+0000] {logging_mixin.py:190} INFO - [2024-12-14T19:34:49.633+0000] {dag.py:4180} INFO - Setting next_dagrun for example_complex to None, run_after=None
[2024-12-14T19:34:49.648+0000] {processor.py:208} INFO - Processing /home/airflow/.local/lib/python3.12/site-packages/airflow/example_dags/example_complex.py took 0.076 seconds
[2024-12-14T19:35:53.400+0000] {processor.py:186} INFO - Started process (PID=53) to work on /home/airflow/.local/lib/python3.12/site-packages/airflow/example_dags/example_complex.py
[2024-12-14T19:35:53.402+0000] {processor.py:914} INFO - Processing file /home/airflow/.local/lib/python3.12/site-packages/airflow/example_dags/example_complex.py for tasks to queue
[2024-12-14T19:35:53.403+0000] {logging_mixin.py:190} INFO - [2024-12-14T19:35:53.403+0000] {dagbag.py:588} INFO - Filling up the DagBag from /home/airflow/.local/lib/python3.12/site-packages/airflow/example_dags/example_complex.py
[2024-12-14T19:35:53.414+0000] {processor.py:925} INFO - DAG(s) 'example_complex' retrieved from /home/airflow/.local/lib/python3.12/site-packages/airflow/example_dags/example_complex.py
[2024-12-14T19:35:53.448+0000] {logging_mixin.py:190} INFO - [2024-12-14T19:35:53.448+0000] {dag.py:3239} INFO - Sync 1 DAGs
[2024-12-14T19:35:53.461+0000] {logging_mixin.py:190} INFO - [2024-12-14T19:35:53.461+0000] {dag.py:4180} INFO - Setting next_dagrun for example_complex to None, run_after=None
[2024-12-14T19:35:53.477+0000] {processor.py:208} INFO - Processing /home/airflow/.local/lib/python3.12/site-packages/airflow/example_dags/example_complex.py took 0.081 seconds
[2024-12-14T19:36:24.626+0000] {processor.py:186} INFO - Started process (PID=116) to work on /home/airflow/.local/lib/python3.12/site-packages/airflow/example_dags/example_complex.py
[2024-12-14T19:36:24.627+0000] {processor.py:914} INFO - Processing file /home/airflow/.local/lib/python3.12/site-packages/airflow/example_dags/example_complex.py for tasks to queue
[2024-12-14T19:36:24.628+0000] {logging_mixin.py:190} INFO - [2024-12-14T19:36:24.628+0000] {dagbag.py:588} INFO - Filling up the DagBag from /home/airflow/.local/lib/python3.12/site-packages/airflow/example_dags/example_complex.py
[2024-12-14T19:36:24.638+0000] {processor.py:925} INFO - DAG(s) 'example_complex' retrieved from /home/airflow/.local/lib/python3.12/site-packages/airflow/example_dags/example_complex.py
[2024-12-14T19:36:24.667+0000] {logging_mixin.py:190} INFO - [2024-12-14T19:36:24.666+0000] {dag.py:3239} INFO - Sync 1 DAGs
[2024-12-14T19:36:24.682+0000] {logging_mixin.py:190} INFO - [2024-12-14T19:36:24.681+0000] {dag.py:4180} INFO - Setting next_dagrun for example_complex to None, run_after=None
[2024-12-14T19:36:24.697+0000] {processor.py:208} INFO - Processing /home/airflow/.local/lib/python3.12/site-packages/airflow/example_dags/example_complex.py took 0.075 seconds
[2024-12-14T19:36:55.699+0000] {processor.py:186} INFO - Started process (PID=179) to work on /home/airflow/.local/lib/python3.12/site-packages/airflow/example_dags/example_complex.py
[2024-12-14T19:36:55.699+0000] {processor.py:914} INFO - Processing file /home/airflow/.local/lib/python3.12/site-packages/airflow/example_dags/example_complex.py for tasks to queue
[2024-12-14T19:36:55.701+0000] {logging_mixin.py:190} INFO - [2024-12-14T19:36:55.701+0000] {dagbag.py:588} INFO - Filling up the DagBag from /home/airflow/.local/lib/python3.12/site-packages/airflow/example_dags/example_complex.py
[2024-12-14T19:36:55.711+0000] {processor.py:925} INFO - DAG(s) 'example_complex' retrieved from /home/airflow/.local/lib/python3.12/site-packages/airflow/example_dags/example_complex.py
[2024-12-14T19:36:55.742+0000] {logging_mixin.py:190} INFO - [2024-12-14T19:36:55.742+0000] {dag.py:3239} INFO - Sync 1 DAGs
[2024-12-14T19:36:55.759+0000] {logging_mixin.py:190} INFO - [2024-12-14T19:36:55.758+0000] {dag.py:4180} INFO - Setting next_dagrun for example_complex to None, run_after=None
[2024-12-14T19:36:55.778+0000] {processor.py:208} INFO - Processing /home/airflow/.local/lib/python3.12/site-packages/airflow/example_dags/example_complex.py took 0.085 seconds
[2024-12-14T19:37:26.709+0000] {processor.py:186} INFO - Started process (PID=242) to work on /home/airflow/.local/lib/python3.12/site-packages/airflow/example_dags/example_complex.py
[2024-12-14T19:37:26.710+0000] {processor.py:914} INFO - Processing file /home/airflow/.local/lib/python3.12/site-packages/airflow/example_dags/example_complex.py for tasks to queue
[2024-12-14T19:37:26.712+0000] {logging_mixin.py:190} INFO - [2024-12-14T19:37:26.712+0000] {dagbag.py:588} INFO - Filling up the DagBag from /home/airflow/.local/lib/python3.12/site-packages/airflow/example_dags/example_complex.py
[2024-12-14T19:37:26.723+0000] {processor.py:925} INFO - DAG(s) 'example_complex' retrieved from /home/airflow/.local/lib/python3.12/site-packages/airflow/example_dags/example_complex.py
[2024-12-14T19:37:26.749+0000] {logging_mixin.py:190} INFO - [2024-12-14T19:37:26.749+0000] {dag.py:3239} INFO - Sync 1 DAGs
[2024-12-14T19:37:26.765+0000] {logging_mixin.py:190} INFO - [2024-12-14T19:37:26.765+0000] {dag.py:4180} INFO - Setting next_dagrun for example_complex to None, run_after=None
[2024-12-14T19:37:26.783+0000] {processor.py:208} INFO - Processing /home/airflow/.local/lib/python3.12/site-packages/airflow/example_dags/example_complex.py took 0.080 seconds
[2024-12-14T19:37:57.646+0000] {processor.py:186} INFO - Started process (PID=305) to work on /home/airflow/.local/lib/python3.12/site-packages/airflow/example_dags/example_complex.py
[2024-12-14T19:37:57.647+0000] {processor.py:914} INFO - Processing file /home/airflow/.local/lib/python3.12/site-packages/airflow/example_dags/example_complex.py for tasks to queue
[2024-12-14T19:37:57.649+0000] {logging_mixin.py:190} INFO - [2024-12-14T19:37:57.649+0000] {dagbag.py:588} INFO - Filling up the DagBag from /home/airflow/.local/lib/python3.12/site-packages/airflow/example_dags/example_complex.py
[2024-12-14T19:37:57.663+0000] {processor.py:925} INFO - DAG(s) 'example_complex' retrieved from /home/airflow/.local/lib/python3.12/site-packages/airflow/example_dags/example_complex.py
[2024-12-14T19:37:57.694+0000] {logging_mixin.py:190} INFO - [2024-12-14T19:37:57.693+0000] {dag.py:3239} INFO - Sync 1 DAGs
[2024-12-14T19:37:57.707+0000] {logging_mixin.py:190} INFO - [2024-12-14T19:37:57.707+0000] {dag.py:4180} INFO - Setting next_dagrun for example_complex to None, run_after=None
[2024-12-14T19:37:57.723+0000] {processor.py:208} INFO - Processing /home/airflow/.local/lib/python3.12/site-packages/airflow/example_dags/example_complex.py took 0.083 seconds
[2024-12-14T19:38:28.646+0000] {processor.py:186} INFO - Started process (PID=368) to work on /home/airflow/.local/lib/python3.12/site-packages/airflow/example_dags/example_complex.py
[2024-12-14T19:38:28.647+0000] {processor.py:914} INFO - Processing file /home/airflow/.local/lib/python3.12/site-packages/airflow/example_dags/example_complex.py for tasks to queue
[2024-12-14T19:38:28.649+0000] {logging_mixin.py:190} INFO - [2024-12-14T19:38:28.649+0000] {dagbag.py:588} INFO - Filling up the DagBag from /home/airflow/.local/lib/python3.12/site-packages/airflow/example_dags/example_complex.py
[2024-12-14T19:38:28.658+0000] {processor.py:925} INFO - DAG(s) 'example_complex' retrieved from /home/airflow/.local/lib/python3.12/site-packages/airflow/example_dags/example_complex.py
[2024-12-14T19:38:28.687+0000] {logging_mixin.py:190} INFO - [2024-12-14T19:38:28.687+0000] {dag.py:3239} INFO - Sync 1 DAGs
[2024-12-14T19:38:28.700+0000] {logging_mixin.py:190} INFO - [2024-12-14T19:38:28.700+0000] {dag.py:4180} INFO - Setting next_dagrun for example_complex to None, run_after=None
[2024-12-14T19:38:28.716+0000] {processor.py:208} INFO - Processing /home/airflow/.local/lib/python3.12/site-packages/airflow/example_dags/example_complex.py took 0.074 seconds
[2024-12-14T19:38:59.893+0000] {processor.py:186} INFO - Started process (PID=431) to work on /home/airflow/.local/lib/python3.12/site-packages/airflow/example_dags/example_complex.py
[2024-12-14T19:38:59.894+0000] {processor.py:914} INFO - Processing file /home/airflow/.local/lib/python3.12/site-packages/airflow/example_dags/example_complex.py for tasks to queue
[2024-12-14T19:38:59.896+0000] {logging_mixin.py:190} INFO - [2024-12-14T19:38:59.895+0000] {dagbag.py:588} INFO - Filling up the DagBag from /home/airflow/.local/lib/python3.12/site-packages/airflow/example_dags/example_complex.py
[2024-12-14T19:38:59.905+0000] {processor.py:925} INFO - DAG(s) 'example_complex' retrieved from /home/airflow/.local/lib/python3.12/site-packages/airflow/example_dags/example_complex.py
[2024-12-14T19:38:59.938+0000] {logging_mixin.py:190} INFO - [2024-12-14T19:38:59.938+0000] {dag.py:3239} INFO - Sync 1 DAGs
[2024-12-14T19:38:59.953+0000] {logging_mixin.py:190} INFO - [2024-12-14T19:38:59.953+0000] {dag.py:4180} INFO - Setting next_dagrun for example_complex to None, run_after=None
[2024-12-14T19:38:59.968+0000] {processor.py:208} INFO - Processing /home/airflow/.local/lib/python3.12/site-packages/airflow/example_dags/example_complex.py took 0.080 seconds
[2024-12-14T19:39:31.283+0000] {processor.py:186} INFO - Started process (PID=494) to work on /home/airflow/.local/lib/python3.12/site-packages/airflow/example_dags/example_complex.py
[2024-12-14T19:39:31.284+0000] {processor.py:914} INFO - Processing file /home/airflow/.local/lib/python3.12/site-packages/airflow/example_dags/example_complex.py for tasks to queue
[2024-12-14T19:39:31.286+0000] {logging_mixin.py:190} INFO - [2024-12-14T19:39:31.285+0000] {dagbag.py:588} INFO - Filling up the DagBag from /home/airflow/.local/lib/python3.12/site-packages/airflow/example_dags/example_complex.py
[2024-12-14T19:39:31.296+0000] {processor.py:925} INFO - DAG(s) 'example_complex' retrieved from /home/airflow/.local/lib/python3.12/site-packages/airflow/example_dags/example_complex.py
[2024-12-14T19:39:31.334+0000] {logging_mixin.py:190} INFO - [2024-12-14T19:39:31.333+0000] {dag.py:3239} INFO - Sync 1 DAGs
[2024-12-14T19:39:31.350+0000] {logging_mixin.py:190} INFO - [2024-12-14T19:39:31.350+0000] {dag.py:4180} INFO - Setting next_dagrun for example_complex to None, run_after=None
[2024-12-14T19:39:31.366+0000] {processor.py:208} INFO - Processing /home/airflow/.local/lib/python3.12/site-packages/airflow/example_dags/example_complex.py took 0.088 seconds
[2024-12-14T19:40:02.300+0000] {processor.py:186} INFO - Started process (PID=557) to work on /home/airflow/.local/lib/python3.12/site-packages/airflow/example_dags/example_complex.py
[2024-12-14T19:40:02.301+0000] {processor.py:914} INFO - Processing file /home/airflow/.local/lib/python3.12/site-packages/airflow/example_dags/example_complex.py for tasks to queue
[2024-12-14T19:40:02.303+0000] {logging_mixin.py:190} INFO - [2024-12-14T19:40:02.303+0000] {dagbag.py:588} INFO - Filling up the DagBag from /home/airflow/.local/lib/python3.12/site-packages/airflow/example_dags/example_complex.py
[2024-12-14T19:40:02.317+0000] {processor.py:925} INFO - DAG(s) 'example_complex' retrieved from /home/airflow/.local/lib/python3.12/site-packages/airflow/example_dags/example_complex.py
[2024-12-14T19:40:02.356+0000] {logging_mixin.py:190} INFO - [2024-12-14T19:40:02.356+0000] {dag.py:3239} INFO - Sync 1 DAGs
[2024-12-14T19:40:02.374+0000] {logging_mixin.py:190} INFO - [2024-12-14T19:40:02.374+0000] {dag.py:4180} INFO - Setting next_dagrun for example_complex to None, run_after=None
[2024-12-14T19:40:02.394+0000] {processor.py:208} INFO - Processing /home/airflow/.local/lib/python3.12/site-packages/airflow/example_dags/example_complex.py took 0.100 seconds
[2024-12-14T19:40:33.018+0000] {processor.py:186} INFO - Started process (PID=620) to work on /home/airflow/.local/lib/python3.12/site-packages/airflow/example_dags/example_complex.py
[2024-12-14T19:40:33.019+0000] {processor.py:914} INFO - Processing file /home/airflow/.local/lib/python3.12/site-packages/airflow/example_dags/example_complex.py for tasks to queue
[2024-12-14T19:40:33.021+0000] {logging_mixin.py:190} INFO - [2024-12-14T19:40:33.021+0000] {dagbag.py:588} INFO - Filling up the DagBag from /home/airflow/.local/lib/python3.12/site-packages/airflow/example_dags/example_complex.py
[2024-12-14T19:40:33.030+0000] {processor.py:925} INFO - DAG(s) 'example_complex' retrieved from /home/airflow/.local/lib/python3.12/site-packages/airflow/example_dags/example_complex.py
[2024-12-14T19:40:33.061+0000] {logging_mixin.py:190} INFO - [2024-12-14T19:40:33.061+0000] {dag.py:3239} INFO - Sync 1 DAGs
[2024-12-14T19:40:33.076+0000] {logging_mixin.py:190} INFO - [2024-12-14T19:40:33.076+0000] {dag.py:4180} INFO - Setting next_dagrun for example_complex to None, run_after=None
[2024-12-14T19:40:33.094+0000] {processor.py:208} INFO - Processing /home/airflow/.local/lib/python3.12/site-packages/airflow/example_dags/example_complex.py took 0.081 seconds
[2024-12-14T19:41:04.160+0000] {processor.py:186} INFO - Started process (PID=690) to work on /home/airflow/.local/lib/python3.12/site-packages/airflow/example_dags/example_complex.py
[2024-12-14T19:41:04.161+0000] {processor.py:914} INFO - Processing file /home/airflow/.local/lib/python3.12/site-packages/airflow/example_dags/example_complex.py for tasks to queue
[2024-12-14T19:41:04.162+0000] {logging_mixin.py:190} INFO - [2024-12-14T19:41:04.162+0000] {dagbag.py:588} INFO - Filling up the DagBag from /home/airflow/.local/lib/python3.12/site-packages/airflow/example_dags/example_complex.py
[2024-12-14T19:41:04.172+0000] {processor.py:925} INFO - DAG(s) 'example_complex' retrieved from /home/airflow/.local/lib/python3.12/site-packages/airflow/example_dags/example_complex.py
[2024-12-14T19:41:04.199+0000] {logging_mixin.py:190} INFO - [2024-12-14T19:41:04.198+0000] {dag.py:3239} INFO - Sync 1 DAGs
[2024-12-14T19:41:04.210+0000] {logging_mixin.py:190} INFO - [2024-12-14T19:41:04.210+0000] {dag.py:4180} INFO - Setting next_dagrun for example_complex to None, run_after=None
[2024-12-14T19:41:04.225+0000] {processor.py:208} INFO - Processing /home/airflow/.local/lib/python3.12/site-packages/airflow/example_dags/example_complex.py took 0.071 seconds
[2024-12-14T19:41:35.406+0000] {processor.py:186} INFO - Started process (PID=752) to work on /home/airflow/.local/lib/python3.12/site-packages/airflow/example_dags/example_complex.py
[2024-12-14T19:41:35.407+0000] {processor.py:914} INFO - Processing file /home/airflow/.local/lib/python3.12/site-packages/airflow/example_dags/example_complex.py for tasks to queue
[2024-12-14T19:41:35.409+0000] {logging_mixin.py:190} INFO - [2024-12-14T19:41:35.409+0000] {dagbag.py:588} INFO - Filling up the DagBag from /home/airflow/.local/lib/python3.12/site-packages/airflow/example_dags/example_complex.py
[2024-12-14T19:41:35.424+0000] {processor.py:925} INFO - DAG(s) 'example_complex' retrieved from /home/airflow/.local/lib/python3.12/site-packages/airflow/example_dags/example_complex.py
[2024-12-14T19:41:35.461+0000] {logging_mixin.py:190} INFO - [2024-12-14T19:41:35.461+0000] {dag.py:3239} INFO - Sync 1 DAGs
[2024-12-14T19:41:35.477+0000] {logging_mixin.py:190} INFO - [2024-12-14T19:41:35.477+0000] {dag.py:4180} INFO - Setting next_dagrun for example_complex to None, run_after=None
[2024-12-14T19:41:35.496+0000] {processor.py:208} INFO - Processing /home/airflow/.local/lib/python3.12/site-packages/airflow/example_dags/example_complex.py took 0.097 seconds
[2024-12-14T19:42:07.191+0000] {processor.py:186} INFO - Started process (PID=814) to work on /home/airflow/.local/lib/python3.12/site-packages/airflow/example_dags/example_complex.py
[2024-12-14T19:42:07.193+0000] {processor.py:914} INFO - Processing file /home/airflow/.local/lib/python3.12/site-packages/airflow/example_dags/example_complex.py for tasks to queue
[2024-12-14T19:42:07.194+0000] {logging_mixin.py:190} INFO - [2024-12-14T19:42:07.194+0000] {dagbag.py:588} INFO - Filling up the DagBag from /home/airflow/.local/lib/python3.12/site-packages/airflow/example_dags/example_complex.py
[2024-12-14T19:42:07.207+0000] {processor.py:925} INFO - DAG(s) 'example_complex' retrieved from /home/airflow/.local/lib/python3.12/site-packages/airflow/example_dags/example_complex.py
[2024-12-14T19:42:07.244+0000] {logging_mixin.py:190} INFO - [2024-12-14T19:42:07.243+0000] {dag.py:3239} INFO - Sync 1 DAGs
[2024-12-14T19:42:07.260+0000] {logging_mixin.py:190} INFO - [2024-12-14T19:42:07.260+0000] {dag.py:4180} INFO - Setting next_dagrun for example_complex to None, run_after=None
[2024-12-14T19:42:07.276+0000] {processor.py:208} INFO - Processing /home/airflow/.local/lib/python3.12/site-packages/airflow/example_dags/example_complex.py took 0.090 seconds
[2024-12-14T19:42:38.368+0000] {processor.py:186} INFO - Started process (PID=877) to work on /home/airflow/.local/lib/python3.12/site-packages/airflow/example_dags/example_complex.py
[2024-12-14T19:42:38.370+0000] {processor.py:914} INFO - Processing file /home/airflow/.local/lib/python3.12/site-packages/airflow/example_dags/example_complex.py for tasks to queue
[2024-12-14T19:42:38.371+0000] {logging_mixin.py:190} INFO - [2024-12-14T19:42:38.371+0000] {dagbag.py:588} INFO - Filling up the DagBag from /home/airflow/.local/lib/python3.12/site-packages/airflow/example_dags/example_complex.py
[2024-12-14T19:42:38.382+0000] {processor.py:925} INFO - DAG(s) 'example_complex' retrieved from /home/airflow/.local/lib/python3.12/site-packages/airflow/example_dags/example_complex.py
[2024-12-14T19:42:38.408+0000] {logging_mixin.py:190} INFO - [2024-12-14T19:42:38.408+0000] {dag.py:3239} INFO - Sync 1 DAGs
[2024-12-14T19:42:38.420+0000] {logging_mixin.py:190} INFO - [2024-12-14T19:42:38.420+0000] {dag.py:4180} INFO - Setting next_dagrun for example_complex to None, run_after=None
[2024-12-14T19:42:38.434+0000] {processor.py:208} INFO - Processing /home/airflow/.local/lib/python3.12/site-packages/airflow/example_dags/example_complex.py took 0.071 seconds
[2024-12-14T19:43:08.575+0000] {processor.py:186} INFO - Started process (PID=939) to work on /home/airflow/.local/lib/python3.12/site-packages/airflow/example_dags/example_complex.py
[2024-12-14T19:43:08.576+0000] {processor.py:914} INFO - Processing file /home/airflow/.local/lib/python3.12/site-packages/airflow/example_dags/example_complex.py for tasks to queue
[2024-12-14T19:43:08.579+0000] {logging_mixin.py:190} INFO - [2024-12-14T19:43:08.578+0000] {dagbag.py:588} INFO - Filling up the DagBag from /home/airflow/.local/lib/python3.12/site-packages/airflow/example_dags/example_complex.py
[2024-12-14T19:43:08.593+0000] {processor.py:925} INFO - DAG(s) 'example_complex' retrieved from /home/airflow/.local/lib/python3.12/site-packages/airflow/example_dags/example_complex.py
[2024-12-14T19:43:08.628+0000] {logging_mixin.py:190} INFO - [2024-12-14T19:43:08.628+0000] {dag.py:3239} INFO - Sync 1 DAGs
[2024-12-14T19:43:08.642+0000] {logging_mixin.py:190} INFO - [2024-12-14T19:43:08.642+0000] {dag.py:4180} INFO - Setting next_dagrun for example_complex to None, run_after=None
[2024-12-14T19:43:08.664+0000] {processor.py:208} INFO - Processing /home/airflow/.local/lib/python3.12/site-packages/airflow/example_dags/example_complex.py took 0.095 seconds
[2024-12-14T19:43:39.656+0000] {processor.py:186} INFO - Started process (PID=1002) to work on /home/airflow/.local/lib/python3.12/site-packages/airflow/example_dags/example_complex.py
[2024-12-14T19:43:39.657+0000] {processor.py:914} INFO - Processing file /home/airflow/.local/lib/python3.12/site-packages/airflow/example_dags/example_complex.py for tasks to queue
[2024-12-14T19:43:39.659+0000] {logging_mixin.py:190} INFO - [2024-12-14T19:43:39.659+0000] {dagbag.py:588} INFO - Filling up the DagBag from /home/airflow/.local/lib/python3.12/site-packages/airflow/example_dags/example_complex.py
[2024-12-14T19:43:39.669+0000] {processor.py:925} INFO - DAG(s) 'example_complex' retrieved from /home/airflow/.local/lib/python3.12/site-packages/airflow/example_dags/example_complex.py
[2024-12-14T19:43:39.696+0000] {logging_mixin.py:190} INFO - [2024-12-14T19:43:39.696+0000] {dag.py:3239} INFO - Sync 1 DAGs
[2024-12-14T19:43:39.710+0000] {logging_mixin.py:190} INFO - [2024-12-14T19:43:39.710+0000] {dag.py:4180} INFO - Setting next_dagrun for example_complex to None, run_after=None
[2024-12-14T19:43:39.726+0000] {processor.py:208} INFO - Processing /home/airflow/.local/lib/python3.12/site-packages/airflow/example_dags/example_complex.py took 0.074 seconds
[2024-12-14T19:44:10.248+0000] {processor.py:186} INFO - Started process (PID=1065) to work on /home/airflow/.local/lib/python3.12/site-packages/airflow/example_dags/example_complex.py
[2024-12-14T19:44:10.249+0000] {processor.py:914} INFO - Processing file /home/airflow/.local/lib/python3.12/site-packages/airflow/example_dags/example_complex.py for tasks to queue
[2024-12-14T19:44:10.250+0000] {logging_mixin.py:190} INFO - [2024-12-14T19:44:10.250+0000] {dagbag.py:588} INFO - Filling up the DagBag from /home/airflow/.local/lib/python3.12/site-packages/airflow/example_dags/example_complex.py
[2024-12-14T19:44:10.261+0000] {processor.py:925} INFO - DAG(s) 'example_complex' retrieved from /home/airflow/.local/lib/python3.12/site-packages/airflow/example_dags/example_complex.py
[2024-12-14T19:44:10.289+0000] {logging_mixin.py:190} INFO - [2024-12-14T19:44:10.289+0000] {dag.py:3239} INFO - Sync 1 DAGs
[2024-12-14T19:44:10.302+0000] {logging_mixin.py:190} INFO - [2024-12-14T19:44:10.302+0000] {dag.py:4180} INFO - Setting next_dagrun for example_complex to None, run_after=None
[2024-12-14T19:44:10.317+0000] {processor.py:208} INFO - Processing /home/airflow/.local/lib/python3.12/site-packages/airflow/example_dags/example_complex.py took 0.075 seconds
[2024-12-14T19:44:41.693+0000] {processor.py:186} INFO - Started process (PID=1128) to work on /home/airflow/.local/lib/python3.12/site-packages/airflow/example_dags/example_complex.py
[2024-12-14T19:44:41.694+0000] {processor.py:914} INFO - Processing file /home/airflow/.local/lib/python3.12/site-packages/airflow/example_dags/example_complex.py for tasks to queue
[2024-12-14T19:44:41.695+0000] {logging_mixin.py:190} INFO - [2024-12-14T19:44:41.695+0000] {dagbag.py:588} INFO - Filling up the DagBag from /home/airflow/.local/lib/python3.12/site-packages/airflow/example_dags/example_complex.py
[2024-12-14T19:44:41.705+0000] {processor.py:925} INFO - DAG(s) 'example_complex' retrieved from /home/airflow/.local/lib/python3.12/site-packages/airflow/example_dags/example_complex.py
[2024-12-14T19:44:41.738+0000] {logging_mixin.py:190} INFO - [2024-12-14T19:44:41.738+0000] {dag.py:3239} INFO - Sync 1 DAGs
[2024-12-14T19:44:41.752+0000] {logging_mixin.py:190} INFO - [2024-12-14T19:44:41.752+0000] {dag.py:4180} INFO - Setting next_dagrun for example_complex to None, run_after=None
[2024-12-14T19:44:41.767+0000] {processor.py:208} INFO - Processing /home/airflow/.local/lib/python3.12/site-packages/airflow/example_dags/example_complex.py took 0.079 seconds
[2024-12-14T19:45:13.648+0000] {processor.py:186} INFO - Started process (PID=1192) to work on /home/airflow/.local/lib/python3.12/site-packages/airflow/example_dags/example_complex.py
[2024-12-14T19:45:13.648+0000] {processor.py:914} INFO - Processing file /home/airflow/.local/lib/python3.12/site-packages/airflow/example_dags/example_complex.py for tasks to queue
[2024-12-14T19:45:13.650+0000] {logging_mixin.py:190} INFO - [2024-12-14T19:45:13.650+0000] {dagbag.py:588} INFO - Filling up the DagBag from /home/airflow/.local/lib/python3.12/site-packages/airflow/example_dags/example_complex.py
[2024-12-14T19:45:13.663+0000] {processor.py:925} INFO - DAG(s) 'example_complex' retrieved from /home/airflow/.local/lib/python3.12/site-packages/airflow/example_dags/example_complex.py
[2024-12-14T19:45:13.698+0000] {logging_mixin.py:190} INFO - [2024-12-14T19:45:13.698+0000] {dag.py:3239} INFO - Sync 1 DAGs
[2024-12-14T19:45:13.714+0000] {logging_mixin.py:190} INFO - [2024-12-14T19:45:13.713+0000] {dag.py:4180} INFO - Setting next_dagrun for example_complex to None, run_after=None
[2024-12-14T19:45:13.729+0000] {processor.py:208} INFO - Processing /home/airflow/.local/lib/python3.12/site-packages/airflow/example_dags/example_complex.py took 0.086 seconds
[2024-12-14T19:45:44.383+0000] {processor.py:186} INFO - Started process (PID=1255) to work on /home/airflow/.local/lib/python3.12/site-packages/airflow/example_dags/example_complex.py
[2024-12-14T19:45:44.384+0000] {processor.py:914} INFO - Processing file /home/airflow/.local/lib/python3.12/site-packages/airflow/example_dags/example_complex.py for tasks to queue
[2024-12-14T19:45:44.386+0000] {logging_mixin.py:190} INFO - [2024-12-14T19:45:44.386+0000] {dagbag.py:588} INFO - Filling up the DagBag from /home/airflow/.local/lib/python3.12/site-packages/airflow/example_dags/example_complex.py
[2024-12-14T19:45:44.396+0000] {processor.py:925} INFO - DAG(s) 'example_complex' retrieved from /home/airflow/.local/lib/python3.12/site-packages/airflow/example_dags/example_complex.py
[2024-12-14T19:45:44.423+0000] {logging_mixin.py:190} INFO - [2024-12-14T19:45:44.423+0000] {dag.py:3239} INFO - Sync 1 DAGs
[2024-12-14T19:45:44.435+0000] {logging_mixin.py:190} INFO - [2024-12-14T19:45:44.435+0000] {dag.py:4180} INFO - Setting next_dagrun for example_complex to None, run_after=None
[2024-12-14T19:45:44.450+0000] {processor.py:208} INFO - Processing /home/airflow/.local/lib/python3.12/site-packages/airflow/example_dags/example_complex.py took 0.073 seconds
