[2024-12-14T19:28:34.615+0000] {processor.py:186} INFO - Started process (PID=86) to work on /home/airflow/.local/lib/python3.12/site-packages/airflow/example_dags/example_subdag_operator.py
[2024-12-14T19:28:34.615+0000] {processor.py:914} INFO - Processing file /home/airflow/.local/lib/python3.12/site-packages/airflow/example_dags/example_subdag_operator.py for tasks to queue
[2024-12-14T19:28:34.618+0000] {logging_mixin.py:190} INFO - [2024-12-14T19:28:34.618+0000] {dagbag.py:588} INFO - Filling up the DagBag from /home/airflow/.local/lib/python3.12/site-packages/airflow/example_dags/example_subdag_operator.py
[2024-12-14T19:28:34.649+0000] {processor.py:925} INFO - DAG(s) 'example_subdag_operator.section-1', 'example_subdag_operator.section-2', 'example_subdag_operator' retrieved from /home/airflow/.local/lib/python3.12/site-packages/airflow/example_dags/example_subdag_operator.py
[2024-12-14T19:28:34.765+0000] {logging_mixin.py:190} INFO - [2024-12-14T19:28:34.765+0000] {override.py:1911} INFO - Created Permission View: can edit on DAG:example_subdag_operator
[2024-12-14T19:28:34.775+0000] {logging_mixin.py:190} INFO - [2024-12-14T19:28:34.774+0000] {override.py:1911} INFO - Created Permission View: can delete on DAG:example_subdag_operator
[2024-12-14T19:28:34.780+0000] {logging_mixin.py:190} INFO - [2024-12-14T19:28:34.779+0000] {override.py:1911} INFO - Created Permission View: can read on DAG:example_subdag_operator
[2024-12-14T19:28:34.785+0000] {logging_mixin.py:190} INFO - [2024-12-14T19:28:34.784+0000] {override.py:1911} INFO - Created Permission View: menu access on DAG Run:example_subdag_operator
[2024-12-14T19:28:34.790+0000] {logging_mixin.py:190} INFO - [2024-12-14T19:28:34.790+0000] {override.py:1911} INFO - Created Permission View: can delete on DAG Run:example_subdag_operator
[2024-12-14T19:28:34.795+0000] {logging_mixin.py:190} INFO - [2024-12-14T19:28:34.795+0000] {override.py:1911} INFO - Created Permission View: can create on DAG Run:example_subdag_operator
[2024-12-14T19:28:34.800+0000] {logging_mixin.py:190} INFO - [2024-12-14T19:28:34.800+0000] {override.py:1911} INFO - Created Permission View: can read on DAG Run:example_subdag_operator
[2024-12-14T19:28:34.800+0000] {logging_mixin.py:190} INFO - [2024-12-14T19:28:34.800+0000] {dag.py:3239} INFO - Sync 3 DAGs
[2024-12-14T19:28:34.811+0000] {logging_mixin.py:190} INFO - [2024-12-14T19:28:34.811+0000] {dag.py:3262} INFO - Creating ORM DAG for example_subdag_operator.section-2
[2024-12-14T19:28:34.811+0000] {logging_mixin.py:190} INFO - [2024-12-14T19:28:34.811+0000] {dag.py:3262} INFO - Creating ORM DAG for example_subdag_operator
[2024-12-14T19:28:34.812+0000] {logging_mixin.py:190} INFO - [2024-12-14T19:28:34.812+0000] {dag.py:3262} INFO - Creating ORM DAG for example_subdag_operator.section-1
[2024-12-14T19:28:34.819+0000] {logging_mixin.py:190} INFO - [2024-12-14T19:28:34.819+0000] {dag.py:4180} INFO - Setting next_dagrun for example_subdag_operator to 2022-01-01 00:00:00+00:00, run_after=2022-01-01 00:00:00+00:00
[2024-12-14T19:28:34.820+0000] {logging_mixin.py:190} INFO - [2024-12-14T19:28:34.820+0000] {dag.py:4180} INFO - Setting next_dagrun for example_subdag_operator.section-1 to None, run_after=None
[2024-12-14T19:28:34.820+0000] {logging_mixin.py:190} INFO - [2024-12-14T19:28:34.820+0000] {dag.py:4180} INFO - Setting next_dagrun for example_subdag_operator.section-2 to None, run_after=None
[2024-12-14T19:28:34.827+0000] {logging_mixin.py:190} INFO - [2024-12-14T19:28:34.827+0000] {dag.py:3239} INFO - Sync 2 DAGs
[2024-12-14T19:28:34.832+0000] {logging_mixin.py:190} INFO - [2024-12-14T19:28:34.832+0000] {dag.py:4180} INFO - Setting next_dagrun for example_subdag_operator.section-1 to None, run_after=None
[2024-12-14T19:28:34.835+0000] {logging_mixin.py:190} INFO - [2024-12-14T19:28:34.835+0000] {dag.py:4180} INFO - Setting next_dagrun for example_subdag_operator.section-2 to None, run_after=None
[2024-12-14T19:28:34.847+0000] {processor.py:208} INFO - Processing /home/airflow/.local/lib/python3.12/site-packages/airflow/example_dags/example_subdag_operator.py took 0.241 seconds
[2024-12-14T19:29:05.207+0000] {processor.py:186} INFO - Started process (PID=149) to work on /home/airflow/.local/lib/python3.12/site-packages/airflow/example_dags/example_subdag_operator.py
[2024-12-14T19:29:05.207+0000] {processor.py:914} INFO - Processing file /home/airflow/.local/lib/python3.12/site-packages/airflow/example_dags/example_subdag_operator.py for tasks to queue
[2024-12-14T19:29:05.209+0000] {logging_mixin.py:190} INFO - [2024-12-14T19:29:05.209+0000] {dagbag.py:588} INFO - Filling up the DagBag from /home/airflow/.local/lib/python3.12/site-packages/airflow/example_dags/example_subdag_operator.py
[2024-12-14T19:29:05.231+0000] {processor.py:925} INFO - DAG(s) 'example_subdag_operator.section-1', 'example_subdag_operator.section-2', 'example_subdag_operator' retrieved from /home/airflow/.local/lib/python3.12/site-packages/airflow/example_dags/example_subdag_operator.py
[2024-12-14T19:29:05.249+0000] {logging_mixin.py:190} INFO - [2024-12-14T19:29:05.249+0000] {dag.py:3239} INFO - Sync 3 DAGs
[2024-12-14T19:29:05.275+0000] {logging_mixin.py:190} INFO - [2024-12-14T19:29:05.274+0000] {dag.py:4180} INFO - Setting next_dagrun for example_subdag_operator to 2022-01-01 00:00:00+00:00, run_after=2022-01-01 00:00:00+00:00
[2024-12-14T19:29:05.278+0000] {logging_mixin.py:190} INFO - [2024-12-14T19:29:05.278+0000] {dag.py:4180} INFO - Setting next_dagrun for example_subdag_operator.section-1 to None, run_after=None
[2024-12-14T19:29:05.280+0000] {logging_mixin.py:190} INFO - [2024-12-14T19:29:05.279+0000] {dag.py:4180} INFO - Setting next_dagrun for example_subdag_operator.section-2 to None, run_after=None
[2024-12-14T19:29:05.287+0000] {logging_mixin.py:190} INFO - [2024-12-14T19:29:05.286+0000] {dag.py:3239} INFO - Sync 2 DAGs
[2024-12-14T19:29:05.292+0000] {logging_mixin.py:190} INFO - [2024-12-14T19:29:05.292+0000] {dag.py:4180} INFO - Setting next_dagrun for example_subdag_operator.section-1 to None, run_after=None
[2024-12-14T19:29:05.293+0000] {logging_mixin.py:190} INFO - [2024-12-14T19:29:05.292+0000] {dag.py:4180} INFO - Setting next_dagrun for example_subdag_operator.section-2 to None, run_after=None
[2024-12-14T19:29:05.301+0000] {processor.py:208} INFO - Processing /home/airflow/.local/lib/python3.12/site-packages/airflow/example_dags/example_subdag_operator.py took 0.099 seconds
[2024-12-14T19:29:36.233+0000] {processor.py:186} INFO - Started process (PID=212) to work on /home/airflow/.local/lib/python3.12/site-packages/airflow/example_dags/example_subdag_operator.py
[2024-12-14T19:29:36.234+0000] {processor.py:914} INFO - Processing file /home/airflow/.local/lib/python3.12/site-packages/airflow/example_dags/example_subdag_operator.py for tasks to queue
[2024-12-14T19:29:36.236+0000] {logging_mixin.py:190} INFO - [2024-12-14T19:29:36.236+0000] {dagbag.py:588} INFO - Filling up the DagBag from /home/airflow/.local/lib/python3.12/site-packages/airflow/example_dags/example_subdag_operator.py
[2024-12-14T19:29:36.263+0000] {processor.py:925} INFO - DAG(s) 'example_subdag_operator.section-1', 'example_subdag_operator.section-2', 'example_subdag_operator' retrieved from /home/airflow/.local/lib/python3.12/site-packages/airflow/example_dags/example_subdag_operator.py
[2024-12-14T19:29:36.281+0000] {logging_mixin.py:190} INFO - [2024-12-14T19:29:36.281+0000] {dag.py:3239} INFO - Sync 3 DAGs
[2024-12-14T19:29:36.314+0000] {logging_mixin.py:190} INFO - [2024-12-14T19:29:36.314+0000] {dag.py:4180} INFO - Setting next_dagrun for example_subdag_operator to 2022-01-01 00:00:00+00:00, run_after=2022-01-01 00:00:00+00:00
[2024-12-14T19:29:36.320+0000] {logging_mixin.py:190} INFO - [2024-12-14T19:29:36.319+0000] {dag.py:4180} INFO - Setting next_dagrun for example_subdag_operator.section-1 to None, run_after=None
[2024-12-14T19:29:36.321+0000] {logging_mixin.py:190} INFO - [2024-12-14T19:29:36.321+0000] {dag.py:4180} INFO - Setting next_dagrun for example_subdag_operator.section-2 to None, run_after=None
[2024-12-14T19:29:36.328+0000] {logging_mixin.py:190} INFO - [2024-12-14T19:29:36.328+0000] {dag.py:3239} INFO - Sync 2 DAGs
[2024-12-14T19:29:36.335+0000] {logging_mixin.py:190} INFO - [2024-12-14T19:29:36.334+0000] {dag.py:4180} INFO - Setting next_dagrun for example_subdag_operator.section-1 to None, run_after=None
[2024-12-14T19:29:36.335+0000] {logging_mixin.py:190} INFO - [2024-12-14T19:29:36.335+0000] {dag.py:4180} INFO - Setting next_dagrun for example_subdag_operator.section-2 to None, run_after=None
[2024-12-14T19:29:36.346+0000] {processor.py:208} INFO - Processing /home/airflow/.local/lib/python3.12/site-packages/airflow/example_dags/example_subdag_operator.py took 0.119 seconds
[2024-12-14T19:30:06.546+0000] {processor.py:186} INFO - Started process (PID=274) to work on /home/airflow/.local/lib/python3.12/site-packages/airflow/example_dags/example_subdag_operator.py
[2024-12-14T19:30:06.547+0000] {processor.py:914} INFO - Processing file /home/airflow/.local/lib/python3.12/site-packages/airflow/example_dags/example_subdag_operator.py for tasks to queue
[2024-12-14T19:30:06.549+0000] {logging_mixin.py:190} INFO - [2024-12-14T19:30:06.548+0000] {dagbag.py:588} INFO - Filling up the DagBag from /home/airflow/.local/lib/python3.12/site-packages/airflow/example_dags/example_subdag_operator.py
[2024-12-14T19:30:06.571+0000] {processor.py:925} INFO - DAG(s) 'example_subdag_operator.section-1', 'example_subdag_operator.section-2', 'example_subdag_operator' retrieved from /home/airflow/.local/lib/python3.12/site-packages/airflow/example_dags/example_subdag_operator.py
[2024-12-14T19:30:06.584+0000] {logging_mixin.py:190} INFO - [2024-12-14T19:30:06.584+0000] {dag.py:3239} INFO - Sync 3 DAGs
[2024-12-14T19:30:06.605+0000] {logging_mixin.py:190} INFO - [2024-12-14T19:30:06.604+0000] {dag.py:4180} INFO - Setting next_dagrun for example_subdag_operator to 2022-01-01 00:00:00+00:00, run_after=2022-01-01 00:00:00+00:00
[2024-12-14T19:30:06.608+0000] {logging_mixin.py:190} INFO - [2024-12-14T19:30:06.608+0000] {dag.py:4180} INFO - Setting next_dagrun for example_subdag_operator.section-1 to None, run_after=None
[2024-12-14T19:30:06.609+0000] {logging_mixin.py:190} INFO - [2024-12-14T19:30:06.609+0000] {dag.py:4180} INFO - Setting next_dagrun for example_subdag_operator.section-2 to None, run_after=None
[2024-12-14T19:30:06.616+0000] {logging_mixin.py:190} INFO - [2024-12-14T19:30:06.616+0000] {dag.py:3239} INFO - Sync 2 DAGs
[2024-12-14T19:30:06.621+0000] {logging_mixin.py:190} INFO - [2024-12-14T19:30:06.621+0000] {dag.py:4180} INFO - Setting next_dagrun for example_subdag_operator.section-1 to None, run_after=None
[2024-12-14T19:30:06.622+0000] {logging_mixin.py:190} INFO - [2024-12-14T19:30:06.622+0000] {dag.py:4180} INFO - Setting next_dagrun for example_subdag_operator.section-2 to None, run_after=None
[2024-12-14T19:30:06.630+0000] {processor.py:208} INFO - Processing /home/airflow/.local/lib/python3.12/site-packages/airflow/example_dags/example_subdag_operator.py took 0.089 seconds
[2024-12-14T19:30:37.013+0000] {processor.py:186} INFO - Started process (PID=337) to work on /home/airflow/.local/lib/python3.12/site-packages/airflow/example_dags/example_subdag_operator.py
[2024-12-14T19:30:37.014+0000] {processor.py:914} INFO - Processing file /home/airflow/.local/lib/python3.12/site-packages/airflow/example_dags/example_subdag_operator.py for tasks to queue
[2024-12-14T19:30:37.016+0000] {logging_mixin.py:190} INFO - [2024-12-14T19:30:37.016+0000] {dagbag.py:588} INFO - Filling up the DagBag from /home/airflow/.local/lib/python3.12/site-packages/airflow/example_dags/example_subdag_operator.py
[2024-12-14T19:30:37.039+0000] {processor.py:925} INFO - DAG(s) 'example_subdag_operator.section-1', 'example_subdag_operator.section-2', 'example_subdag_operator' retrieved from /home/airflow/.local/lib/python3.12/site-packages/airflow/example_dags/example_subdag_operator.py
[2024-12-14T19:30:37.055+0000] {logging_mixin.py:190} INFO - [2024-12-14T19:30:37.055+0000] {dag.py:3239} INFO - Sync 3 DAGs
[2024-12-14T19:30:37.079+0000] {logging_mixin.py:190} INFO - [2024-12-14T19:30:37.078+0000] {dag.py:4180} INFO - Setting next_dagrun for example_subdag_operator to 2022-01-01 00:00:00+00:00, run_after=2022-01-01 00:00:00+00:00
[2024-12-14T19:30:37.082+0000] {logging_mixin.py:190} INFO - [2024-12-14T19:30:37.082+0000] {dag.py:4180} INFO - Setting next_dagrun for example_subdag_operator.section-1 to None, run_after=None
[2024-12-14T19:30:37.084+0000] {logging_mixin.py:190} INFO - [2024-12-14T19:30:37.083+0000] {dag.py:4180} INFO - Setting next_dagrun for example_subdag_operator.section-2 to None, run_after=None
[2024-12-14T19:30:37.090+0000] {logging_mixin.py:190} INFO - [2024-12-14T19:30:37.090+0000] {dag.py:3239} INFO - Sync 2 DAGs
[2024-12-14T19:30:37.095+0000] {logging_mixin.py:190} INFO - [2024-12-14T19:30:37.095+0000] {dag.py:4180} INFO - Setting next_dagrun for example_subdag_operator.section-1 to None, run_after=None
[2024-12-14T19:30:37.096+0000] {logging_mixin.py:190} INFO - [2024-12-14T19:30:37.095+0000] {dag.py:4180} INFO - Setting next_dagrun for example_subdag_operator.section-2 to None, run_after=None
[2024-12-14T19:30:37.105+0000] {processor.py:208} INFO - Processing /home/airflow/.local/lib/python3.12/site-packages/airflow/example_dags/example_subdag_operator.py took 0.097 seconds
[2024-12-14T19:31:45.836+0000] {processor.py:186} INFO - Started process (PID=87) to work on /home/airflow/.local/lib/python3.12/site-packages/airflow/example_dags/example_subdag_operator.py
[2024-12-14T19:31:45.851+0000] {processor.py:914} INFO - Processing file /home/airflow/.local/lib/python3.12/site-packages/airflow/example_dags/example_subdag_operator.py for tasks to queue
[2024-12-14T19:31:45.854+0000] {logging_mixin.py:190} INFO - [2024-12-14T19:31:45.854+0000] {dagbag.py:588} INFO - Filling up the DagBag from /home/airflow/.local/lib/python3.12/site-packages/airflow/example_dags/example_subdag_operator.py
[2024-12-14T19:31:45.942+0000] {processor.py:925} INFO - DAG(s) 'example_subdag_operator.section-1', 'example_subdag_operator.section-2', 'example_subdag_operator' retrieved from /home/airflow/.local/lib/python3.12/site-packages/airflow/example_dags/example_subdag_operator.py
[2024-12-14T19:31:45.969+0000] {logging_mixin.py:190} INFO - [2024-12-14T19:31:45.968+0000] {dag.py:3239} INFO - Sync 3 DAGs
[2024-12-14T19:31:46.008+0000] {logging_mixin.py:190} INFO - [2024-12-14T19:31:46.008+0000] {dag.py:4180} INFO - Setting next_dagrun for example_subdag_operator to 2022-01-01 00:00:00+00:00, run_after=2022-01-01 00:00:00+00:00
[2024-12-14T19:31:46.013+0000] {logging_mixin.py:190} INFO - [2024-12-14T19:31:46.012+0000] {dag.py:4180} INFO - Setting next_dagrun for example_subdag_operator.section-1 to None, run_after=None
[2024-12-14T19:31:46.014+0000] {logging_mixin.py:190} INFO - [2024-12-14T19:31:46.014+0000] {dag.py:4180} INFO - Setting next_dagrun for example_subdag_operator.section-2 to None, run_after=None
[2024-12-14T19:31:46.021+0000] {logging_mixin.py:190} INFO - [2024-12-14T19:31:46.021+0000] {dag.py:3239} INFO - Sync 2 DAGs
[2024-12-14T19:31:46.027+0000] {logging_mixin.py:190} INFO - [2024-12-14T19:31:46.027+0000] {dag.py:4180} INFO - Setting next_dagrun for example_subdag_operator.section-1 to None, run_after=None
[2024-12-14T19:31:46.027+0000] {logging_mixin.py:190} INFO - [2024-12-14T19:31:46.027+0000] {dag.py:4180} INFO - Setting next_dagrun for example_subdag_operator.section-2 to None, run_after=None
[2024-12-14T19:31:46.063+0000] {processor.py:208} INFO - Processing /home/airflow/.local/lib/python3.12/site-packages/airflow/example_dags/example_subdag_operator.py took 0.250 seconds
[2024-12-14T19:32:16.613+0000] {processor.py:186} INFO - Started process (PID=151) to work on /home/airflow/.local/lib/python3.12/site-packages/airflow/example_dags/example_subdag_operator.py
[2024-12-14T19:32:16.614+0000] {processor.py:914} INFO - Processing file /home/airflow/.local/lib/python3.12/site-packages/airflow/example_dags/example_subdag_operator.py for tasks to queue
[2024-12-14T19:32:16.616+0000] {logging_mixin.py:190} INFO - [2024-12-14T19:32:16.616+0000] {dagbag.py:588} INFO - Filling up the DagBag from /home/airflow/.local/lib/python3.12/site-packages/airflow/example_dags/example_subdag_operator.py
[2024-12-14T19:32:16.642+0000] {processor.py:925} INFO - DAG(s) 'example_subdag_operator.section-1', 'example_subdag_operator.section-2', 'example_subdag_operator' retrieved from /home/airflow/.local/lib/python3.12/site-packages/airflow/example_dags/example_subdag_operator.py
[2024-12-14T19:32:16.659+0000] {logging_mixin.py:190} INFO - [2024-12-14T19:32:16.659+0000] {dag.py:3239} INFO - Sync 3 DAGs
[2024-12-14T19:32:16.685+0000] {logging_mixin.py:190} INFO - [2024-12-14T19:32:16.685+0000] {dag.py:4180} INFO - Setting next_dagrun for example_subdag_operator to 2022-01-01 00:00:00+00:00, run_after=2022-01-01 00:00:00+00:00
[2024-12-14T19:32:16.689+0000] {logging_mixin.py:190} INFO - [2024-12-14T19:32:16.689+0000] {dag.py:4180} INFO - Setting next_dagrun for example_subdag_operator.section-1 to None, run_after=None
[2024-12-14T19:32:16.691+0000] {logging_mixin.py:190} INFO - [2024-12-14T19:32:16.690+0000] {dag.py:4180} INFO - Setting next_dagrun for example_subdag_operator.section-2 to None, run_after=None
[2024-12-14T19:32:16.698+0000] {logging_mixin.py:190} INFO - [2024-12-14T19:32:16.698+0000] {dag.py:3239} INFO - Sync 2 DAGs
[2024-12-14T19:32:16.705+0000] {logging_mixin.py:190} INFO - [2024-12-14T19:32:16.704+0000] {dag.py:4180} INFO - Setting next_dagrun for example_subdag_operator.section-1 to None, run_after=None
[2024-12-14T19:32:16.705+0000] {logging_mixin.py:190} INFO - [2024-12-14T19:32:16.705+0000] {dag.py:4180} INFO - Setting next_dagrun for example_subdag_operator.section-2 to None, run_after=None
[2024-12-14T19:32:16.727+0000] {processor.py:208} INFO - Processing /home/airflow/.local/lib/python3.12/site-packages/airflow/example_dags/example_subdag_operator.py took 0.119 seconds
[2024-12-14T19:32:47.614+0000] {processor.py:186} INFO - Started process (PID=214) to work on /home/airflow/.local/lib/python3.12/site-packages/airflow/example_dags/example_subdag_operator.py
[2024-12-14T19:32:47.616+0000] {processor.py:914} INFO - Processing file /home/airflow/.local/lib/python3.12/site-packages/airflow/example_dags/example_subdag_operator.py for tasks to queue
[2024-12-14T19:32:47.618+0000] {logging_mixin.py:190} INFO - [2024-12-14T19:32:47.618+0000] {dagbag.py:588} INFO - Filling up the DagBag from /home/airflow/.local/lib/python3.12/site-packages/airflow/example_dags/example_subdag_operator.py
[2024-12-14T19:32:47.639+0000] {processor.py:925} INFO - DAG(s) 'example_subdag_operator.section-1', 'example_subdag_operator.section-2', 'example_subdag_operator' retrieved from /home/airflow/.local/lib/python3.12/site-packages/airflow/example_dags/example_subdag_operator.py
[2024-12-14T19:32:47.652+0000] {logging_mixin.py:190} INFO - [2024-12-14T19:32:47.652+0000] {dag.py:3239} INFO - Sync 3 DAGs
[2024-12-14T19:32:47.673+0000] {logging_mixin.py:190} INFO - [2024-12-14T19:32:47.673+0000] {dag.py:4180} INFO - Setting next_dagrun for example_subdag_operator to 2022-01-01 00:00:00+00:00, run_after=2022-01-01 00:00:00+00:00
[2024-12-14T19:32:47.677+0000] {logging_mixin.py:190} INFO - [2024-12-14T19:32:47.677+0000] {dag.py:4180} INFO - Setting next_dagrun for example_subdag_operator.section-1 to None, run_after=None
[2024-12-14T19:32:47.679+0000] {logging_mixin.py:190} INFO - [2024-12-14T19:32:47.679+0000] {dag.py:4180} INFO - Setting next_dagrun for example_subdag_operator.section-2 to None, run_after=None
[2024-12-14T19:32:47.686+0000] {logging_mixin.py:190} INFO - [2024-12-14T19:32:47.686+0000] {dag.py:3239} INFO - Sync 2 DAGs
[2024-12-14T19:32:47.692+0000] {logging_mixin.py:190} INFO - [2024-12-14T19:32:47.692+0000] {dag.py:4180} INFO - Setting next_dagrun for example_subdag_operator.section-1 to None, run_after=None
[2024-12-14T19:32:47.693+0000] {logging_mixin.py:190} INFO - [2024-12-14T19:32:47.692+0000] {dag.py:4180} INFO - Setting next_dagrun for example_subdag_operator.section-2 to None, run_after=None
[2024-12-14T19:32:47.702+0000] {processor.py:208} INFO - Processing /home/airflow/.local/lib/python3.12/site-packages/airflow/example_dags/example_subdag_operator.py took 0.093 seconds
[2024-12-14T19:33:18.699+0000] {processor.py:186} INFO - Started process (PID=277) to work on /home/airflow/.local/lib/python3.12/site-packages/airflow/example_dags/example_subdag_operator.py
[2024-12-14T19:33:18.699+0000] {processor.py:914} INFO - Processing file /home/airflow/.local/lib/python3.12/site-packages/airflow/example_dags/example_subdag_operator.py for tasks to queue
[2024-12-14T19:33:18.701+0000] {logging_mixin.py:190} INFO - [2024-12-14T19:33:18.701+0000] {dagbag.py:588} INFO - Filling up the DagBag from /home/airflow/.local/lib/python3.12/site-packages/airflow/example_dags/example_subdag_operator.py
[2024-12-14T19:33:18.724+0000] {processor.py:925} INFO - DAG(s) 'example_subdag_operator.section-1', 'example_subdag_operator.section-2', 'example_subdag_operator' retrieved from /home/airflow/.local/lib/python3.12/site-packages/airflow/example_dags/example_subdag_operator.py
[2024-12-14T19:33:18.741+0000] {logging_mixin.py:190} INFO - [2024-12-14T19:33:18.741+0000] {dag.py:3239} INFO - Sync 3 DAGs
[2024-12-14T19:33:18.767+0000] {logging_mixin.py:190} INFO - [2024-12-14T19:33:18.767+0000] {dag.py:4180} INFO - Setting next_dagrun for example_subdag_operator to 2022-01-01 00:00:00+00:00, run_after=2022-01-01 00:00:00+00:00
[2024-12-14T19:33:18.771+0000] {logging_mixin.py:190} INFO - [2024-12-14T19:33:18.771+0000] {dag.py:4180} INFO - Setting next_dagrun for example_subdag_operator.section-1 to None, run_after=None
[2024-12-14T19:33:18.772+0000] {logging_mixin.py:190} INFO - [2024-12-14T19:33:18.772+0000] {dag.py:4180} INFO - Setting next_dagrun for example_subdag_operator.section-2 to None, run_after=None
[2024-12-14T19:33:18.781+0000] {logging_mixin.py:190} INFO - [2024-12-14T19:33:18.781+0000] {dag.py:3239} INFO - Sync 2 DAGs
[2024-12-14T19:33:18.786+0000] {logging_mixin.py:190} INFO - [2024-12-14T19:33:18.786+0000] {dag.py:4180} INFO - Setting next_dagrun for example_subdag_operator.section-1 to None, run_after=None
[2024-12-14T19:33:18.787+0000] {logging_mixin.py:190} INFO - [2024-12-14T19:33:18.787+0000] {dag.py:4180} INFO - Setting next_dagrun for example_subdag_operator.section-2 to None, run_after=None
[2024-12-14T19:33:18.797+0000] {processor.py:208} INFO - Processing /home/airflow/.local/lib/python3.12/site-packages/airflow/example_dags/example_subdag_operator.py took 0.103 seconds
[2024-12-14T19:33:49.102+0000] {processor.py:186} INFO - Started process (PID=339) to work on /home/airflow/.local/lib/python3.12/site-packages/airflow/example_dags/example_subdag_operator.py
[2024-12-14T19:33:49.104+0000] {processor.py:914} INFO - Processing file /home/airflow/.local/lib/python3.12/site-packages/airflow/example_dags/example_subdag_operator.py for tasks to queue
[2024-12-14T19:33:49.105+0000] {logging_mixin.py:190} INFO - [2024-12-14T19:33:49.105+0000] {dagbag.py:588} INFO - Filling up the DagBag from /home/airflow/.local/lib/python3.12/site-packages/airflow/example_dags/example_subdag_operator.py
[2024-12-14T19:33:49.128+0000] {processor.py:925} INFO - DAG(s) 'example_subdag_operator.section-1', 'example_subdag_operator.section-2', 'example_subdag_operator' retrieved from /home/airflow/.local/lib/python3.12/site-packages/airflow/example_dags/example_subdag_operator.py
[2024-12-14T19:33:49.141+0000] {logging_mixin.py:190} INFO - [2024-12-14T19:33:49.141+0000] {dag.py:3239} INFO - Sync 3 DAGs
[2024-12-14T19:33:49.162+0000] {logging_mixin.py:190} INFO - [2024-12-14T19:33:49.161+0000] {dag.py:4180} INFO - Setting next_dagrun for example_subdag_operator to 2022-01-01 00:00:00+00:00, run_after=2022-01-01 00:00:00+00:00
[2024-12-14T19:33:49.165+0000] {logging_mixin.py:190} INFO - [2024-12-14T19:33:49.165+0000] {dag.py:4180} INFO - Setting next_dagrun for example_subdag_operator.section-1 to None, run_after=None
[2024-12-14T19:33:49.167+0000] {logging_mixin.py:190} INFO - [2024-12-14T19:33:49.167+0000] {dag.py:4180} INFO - Setting next_dagrun for example_subdag_operator.section-2 to None, run_after=None
[2024-12-14T19:33:49.174+0000] {logging_mixin.py:190} INFO - [2024-12-14T19:33:49.173+0000] {dag.py:3239} INFO - Sync 2 DAGs
[2024-12-14T19:33:49.179+0000] {logging_mixin.py:190} INFO - [2024-12-14T19:33:49.179+0000] {dag.py:4180} INFO - Setting next_dagrun for example_subdag_operator.section-1 to None, run_after=None
[2024-12-14T19:33:49.180+0000] {logging_mixin.py:190} INFO - [2024-12-14T19:33:49.179+0000] {dag.py:4180} INFO - Setting next_dagrun for example_subdag_operator.section-2 to None, run_after=None
[2024-12-14T19:33:49.188+0000] {processor.py:208} INFO - Processing /home/airflow/.local/lib/python3.12/site-packages/airflow/example_dags/example_subdag_operator.py took 0.091 seconds
[2024-12-14T19:34:19.602+0000] {processor.py:186} INFO - Started process (PID=402) to work on /home/airflow/.local/lib/python3.12/site-packages/airflow/example_dags/example_subdag_operator.py
[2024-12-14T19:34:19.603+0000] {processor.py:914} INFO - Processing file /home/airflow/.local/lib/python3.12/site-packages/airflow/example_dags/example_subdag_operator.py for tasks to queue
[2024-12-14T19:34:19.606+0000] {logging_mixin.py:190} INFO - [2024-12-14T19:34:19.605+0000] {dagbag.py:588} INFO - Filling up the DagBag from /home/airflow/.local/lib/python3.12/site-packages/airflow/example_dags/example_subdag_operator.py
[2024-12-14T19:34:19.628+0000] {processor.py:925} INFO - DAG(s) 'example_subdag_operator.section-1', 'example_subdag_operator.section-2', 'example_subdag_operator' retrieved from /home/airflow/.local/lib/python3.12/site-packages/airflow/example_dags/example_subdag_operator.py
[2024-12-14T19:34:19.644+0000] {logging_mixin.py:190} INFO - [2024-12-14T19:34:19.643+0000] {dag.py:3239} INFO - Sync 3 DAGs
[2024-12-14T19:34:19.668+0000] {logging_mixin.py:190} INFO - [2024-12-14T19:34:19.668+0000] {dag.py:4180} INFO - Setting next_dagrun for example_subdag_operator to 2022-01-01 00:00:00+00:00, run_after=2022-01-01 00:00:00+00:00
[2024-12-14T19:34:19.672+0000] {logging_mixin.py:190} INFO - [2024-12-14T19:34:19.672+0000] {dag.py:4180} INFO - Setting next_dagrun for example_subdag_operator.section-1 to None, run_after=None
[2024-12-14T19:34:19.673+0000] {logging_mixin.py:190} INFO - [2024-12-14T19:34:19.673+0000] {dag.py:4180} INFO - Setting next_dagrun for example_subdag_operator.section-2 to None, run_after=None
[2024-12-14T19:34:19.680+0000] {logging_mixin.py:190} INFO - [2024-12-14T19:34:19.680+0000] {dag.py:3239} INFO - Sync 2 DAGs
[2024-12-14T19:34:19.685+0000] {logging_mixin.py:190} INFO - [2024-12-14T19:34:19.685+0000] {dag.py:4180} INFO - Setting next_dagrun for example_subdag_operator.section-1 to None, run_after=None
[2024-12-14T19:34:19.685+0000] {logging_mixin.py:190} INFO - [2024-12-14T19:34:19.685+0000] {dag.py:4180} INFO - Setting next_dagrun for example_subdag_operator.section-2 to None, run_after=None
[2024-12-14T19:34:19.694+0000] {processor.py:208} INFO - Processing /home/airflow/.local/lib/python3.12/site-packages/airflow/example_dags/example_subdag_operator.py took 0.097 seconds
[2024-12-14T19:34:50.740+0000] {processor.py:186} INFO - Started process (PID=465) to work on /home/airflow/.local/lib/python3.12/site-packages/airflow/example_dags/example_subdag_operator.py
[2024-12-14T19:34:50.742+0000] {processor.py:914} INFO - Processing file /home/airflow/.local/lib/python3.12/site-packages/airflow/example_dags/example_subdag_operator.py for tasks to queue
[2024-12-14T19:34:50.743+0000] {logging_mixin.py:190} INFO - [2024-12-14T19:34:50.743+0000] {dagbag.py:588} INFO - Filling up the DagBag from /home/airflow/.local/lib/python3.12/site-packages/airflow/example_dags/example_subdag_operator.py
[2024-12-14T19:34:50.766+0000] {processor.py:925} INFO - DAG(s) 'example_subdag_operator.section-1', 'example_subdag_operator.section-2', 'example_subdag_operator' retrieved from /home/airflow/.local/lib/python3.12/site-packages/airflow/example_dags/example_subdag_operator.py
[2024-12-14T19:34:50.780+0000] {logging_mixin.py:190} INFO - [2024-12-14T19:34:50.780+0000] {dag.py:3239} INFO - Sync 3 DAGs
[2024-12-14T19:34:50.801+0000] {logging_mixin.py:190} INFO - [2024-12-14T19:34:50.800+0000] {dag.py:4180} INFO - Setting next_dagrun for example_subdag_operator to 2022-01-01 00:00:00+00:00, run_after=2022-01-01 00:00:00+00:00
[2024-12-14T19:34:50.804+0000] {logging_mixin.py:190} INFO - [2024-12-14T19:34:50.803+0000] {dag.py:4180} INFO - Setting next_dagrun for example_subdag_operator.section-1 to None, run_after=None
[2024-12-14T19:34:50.805+0000] {logging_mixin.py:190} INFO - [2024-12-14T19:34:50.805+0000] {dag.py:4180} INFO - Setting next_dagrun for example_subdag_operator.section-2 to None, run_after=None
[2024-12-14T19:34:50.811+0000] {logging_mixin.py:190} INFO - [2024-12-14T19:34:50.811+0000] {dag.py:3239} INFO - Sync 2 DAGs
[2024-12-14T19:34:50.816+0000] {logging_mixin.py:190} INFO - [2024-12-14T19:34:50.816+0000] {dag.py:4180} INFO - Setting next_dagrun for example_subdag_operator.section-1 to None, run_after=None
[2024-12-14T19:34:50.817+0000] {logging_mixin.py:190} INFO - [2024-12-14T19:34:50.816+0000] {dag.py:4180} INFO - Setting next_dagrun for example_subdag_operator.section-2 to None, run_after=None
[2024-12-14T19:34:50.825+0000] {processor.py:208} INFO - Processing /home/airflow/.local/lib/python3.12/site-packages/airflow/example_dags/example_subdag_operator.py took 0.090 seconds
[2024-12-14T19:35:55.187+0000] {processor.py:186} INFO - Started process (PID=80) to work on /home/airflow/.local/lib/python3.12/site-packages/airflow/example_dags/example_subdag_operator.py
[2024-12-14T19:35:55.188+0000] {processor.py:914} INFO - Processing file /home/airflow/.local/lib/python3.12/site-packages/airflow/example_dags/example_subdag_operator.py for tasks to queue
[2024-12-14T19:35:55.190+0000] {logging_mixin.py:190} INFO - [2024-12-14T19:35:55.190+0000] {dagbag.py:588} INFO - Filling up the DagBag from /home/airflow/.local/lib/python3.12/site-packages/airflow/example_dags/example_subdag_operator.py
[2024-12-14T19:35:55.211+0000] {processor.py:925} INFO - DAG(s) 'example_subdag_operator.section-1', 'example_subdag_operator.section-2', 'example_subdag_operator' retrieved from /home/airflow/.local/lib/python3.12/site-packages/airflow/example_dags/example_subdag_operator.py
[2024-12-14T19:35:55.231+0000] {logging_mixin.py:190} INFO - [2024-12-14T19:35:55.231+0000] {dag.py:3239} INFO - Sync 3 DAGs
[2024-12-14T19:35:55.257+0000] {logging_mixin.py:190} INFO - [2024-12-14T19:35:55.257+0000] {dag.py:4180} INFO - Setting next_dagrun for example_subdag_operator to 2022-01-01 00:00:00+00:00, run_after=2022-01-01 00:00:00+00:00
[2024-12-14T19:35:55.262+0000] {logging_mixin.py:190} INFO - [2024-12-14T19:35:55.261+0000] {dag.py:4180} INFO - Setting next_dagrun for example_subdag_operator.section-1 to None, run_after=None
[2024-12-14T19:35:55.263+0000] {logging_mixin.py:190} INFO - [2024-12-14T19:35:55.263+0000] {dag.py:4180} INFO - Setting next_dagrun for example_subdag_operator.section-2 to None, run_after=None
[2024-12-14T19:35:55.270+0000] {logging_mixin.py:190} INFO - [2024-12-14T19:35:55.270+0000] {dag.py:3239} INFO - Sync 2 DAGs
[2024-12-14T19:35:55.276+0000] {logging_mixin.py:190} INFO - [2024-12-14T19:35:55.276+0000] {dag.py:4180} INFO - Setting next_dagrun for example_subdag_operator.section-1 to None, run_after=None
[2024-12-14T19:35:55.276+0000] {logging_mixin.py:190} INFO - [2024-12-14T19:35:55.276+0000] {dag.py:4180} INFO - Setting next_dagrun for example_subdag_operator.section-2 to None, run_after=None
[2024-12-14T19:35:55.286+0000] {processor.py:208} INFO - Processing /home/airflow/.local/lib/python3.12/site-packages/airflow/example_dags/example_subdag_operator.py took 0.104 seconds
[2024-12-14T19:36:26.049+0000] {processor.py:186} INFO - Started process (PID=143) to work on /home/airflow/.local/lib/python3.12/site-packages/airflow/example_dags/example_subdag_operator.py
[2024-12-14T19:36:26.049+0000] {processor.py:914} INFO - Processing file /home/airflow/.local/lib/python3.12/site-packages/airflow/example_dags/example_subdag_operator.py for tasks to queue
[2024-12-14T19:36:26.051+0000] {logging_mixin.py:190} INFO - [2024-12-14T19:36:26.051+0000] {dagbag.py:588} INFO - Filling up the DagBag from /home/airflow/.local/lib/python3.12/site-packages/airflow/example_dags/example_subdag_operator.py
[2024-12-14T19:36:26.072+0000] {processor.py:925} INFO - DAG(s) 'example_subdag_operator.section-1', 'example_subdag_operator.section-2', 'example_subdag_operator' retrieved from /home/airflow/.local/lib/python3.12/site-packages/airflow/example_dags/example_subdag_operator.py
[2024-12-14T19:36:26.086+0000] {logging_mixin.py:190} INFO - [2024-12-14T19:36:26.085+0000] {dag.py:3239} INFO - Sync 3 DAGs
[2024-12-14T19:36:26.107+0000] {logging_mixin.py:190} INFO - [2024-12-14T19:36:26.106+0000] {dag.py:4180} INFO - Setting next_dagrun for example_subdag_operator to 2022-01-01 00:00:00+00:00, run_after=2022-01-01 00:00:00+00:00
[2024-12-14T19:36:26.110+0000] {logging_mixin.py:190} INFO - [2024-12-14T19:36:26.110+0000] {dag.py:4180} INFO - Setting next_dagrun for example_subdag_operator.section-1 to None, run_after=None
[2024-12-14T19:36:26.111+0000] {logging_mixin.py:190} INFO - [2024-12-14T19:36:26.111+0000] {dag.py:4180} INFO - Setting next_dagrun for example_subdag_operator.section-2 to None, run_after=None
[2024-12-14T19:36:26.117+0000] {logging_mixin.py:190} INFO - [2024-12-14T19:36:26.117+0000] {dag.py:3239} INFO - Sync 2 DAGs
[2024-12-14T19:36:26.122+0000] {logging_mixin.py:190} INFO - [2024-12-14T19:36:26.122+0000] {dag.py:4180} INFO - Setting next_dagrun for example_subdag_operator.section-1 to None, run_after=None
[2024-12-14T19:36:26.122+0000] {logging_mixin.py:190} INFO - [2024-12-14T19:36:26.122+0000] {dag.py:4180} INFO - Setting next_dagrun for example_subdag_operator.section-2 to None, run_after=None
[2024-12-14T19:36:26.131+0000] {processor.py:208} INFO - Processing /home/airflow/.local/lib/python3.12/site-packages/airflow/example_dags/example_subdag_operator.py took 0.087 seconds
[2024-12-14T19:36:57.148+0000] {processor.py:186} INFO - Started process (PID=206) to work on /home/airflow/.local/lib/python3.12/site-packages/airflow/example_dags/example_subdag_operator.py
[2024-12-14T19:36:57.149+0000] {processor.py:914} INFO - Processing file /home/airflow/.local/lib/python3.12/site-packages/airflow/example_dags/example_subdag_operator.py for tasks to queue
[2024-12-14T19:36:57.151+0000] {logging_mixin.py:190} INFO - [2024-12-14T19:36:57.151+0000] {dagbag.py:588} INFO - Filling up the DagBag from /home/airflow/.local/lib/python3.12/site-packages/airflow/example_dags/example_subdag_operator.py
[2024-12-14T19:36:57.174+0000] {processor.py:925} INFO - DAG(s) 'example_subdag_operator.section-1', 'example_subdag_operator.section-2', 'example_subdag_operator' retrieved from /home/airflow/.local/lib/python3.12/site-packages/airflow/example_dags/example_subdag_operator.py
[2024-12-14T19:36:57.187+0000] {logging_mixin.py:190} INFO - [2024-12-14T19:36:57.187+0000] {dag.py:3239} INFO - Sync 3 DAGs
[2024-12-14T19:36:57.210+0000] {logging_mixin.py:190} INFO - [2024-12-14T19:36:57.210+0000] {dag.py:4180} INFO - Setting next_dagrun for example_subdag_operator to 2022-01-01 00:00:00+00:00, run_after=2022-01-01 00:00:00+00:00
[2024-12-14T19:36:57.214+0000] {logging_mixin.py:190} INFO - [2024-12-14T19:36:57.214+0000] {dag.py:4180} INFO - Setting next_dagrun for example_subdag_operator.section-1 to None, run_after=None
[2024-12-14T19:36:57.215+0000] {logging_mixin.py:190} INFO - [2024-12-14T19:36:57.215+0000] {dag.py:4180} INFO - Setting next_dagrun for example_subdag_operator.section-2 to None, run_after=None
[2024-12-14T19:36:57.222+0000] {logging_mixin.py:190} INFO - [2024-12-14T19:36:57.222+0000] {dag.py:3239} INFO - Sync 2 DAGs
[2024-12-14T19:36:57.227+0000] {logging_mixin.py:190} INFO - [2024-12-14T19:36:57.227+0000] {dag.py:4180} INFO - Setting next_dagrun for example_subdag_operator.section-1 to None, run_after=None
[2024-12-14T19:36:57.227+0000] {logging_mixin.py:190} INFO - [2024-12-14T19:36:57.227+0000] {dag.py:4180} INFO - Setting next_dagrun for example_subdag_operator.section-2 to None, run_after=None
[2024-12-14T19:36:57.235+0000] {processor.py:208} INFO - Processing /home/airflow/.local/lib/python3.12/site-packages/airflow/example_dags/example_subdag_operator.py took 0.093 seconds
[2024-12-14T19:37:28.205+0000] {processor.py:186} INFO - Started process (PID=269) to work on /home/airflow/.local/lib/python3.12/site-packages/airflow/example_dags/example_subdag_operator.py
[2024-12-14T19:37:28.206+0000] {processor.py:914} INFO - Processing file /home/airflow/.local/lib/python3.12/site-packages/airflow/example_dags/example_subdag_operator.py for tasks to queue
[2024-12-14T19:37:28.208+0000] {logging_mixin.py:190} INFO - [2024-12-14T19:37:28.207+0000] {dagbag.py:588} INFO - Filling up the DagBag from /home/airflow/.local/lib/python3.12/site-packages/airflow/example_dags/example_subdag_operator.py
[2024-12-14T19:37:28.230+0000] {processor.py:925} INFO - DAG(s) 'example_subdag_operator.section-1', 'example_subdag_operator.section-2', 'example_subdag_operator' retrieved from /home/airflow/.local/lib/python3.12/site-packages/airflow/example_dags/example_subdag_operator.py
[2024-12-14T19:37:28.246+0000] {logging_mixin.py:190} INFO - [2024-12-14T19:37:28.245+0000] {dag.py:3239} INFO - Sync 3 DAGs
[2024-12-14T19:37:28.267+0000] {logging_mixin.py:190} INFO - [2024-12-14T19:37:28.267+0000] {dag.py:4180} INFO - Setting next_dagrun for example_subdag_operator to 2022-01-01 00:00:00+00:00, run_after=2022-01-01 00:00:00+00:00
[2024-12-14T19:37:28.271+0000] {logging_mixin.py:190} INFO - [2024-12-14T19:37:28.270+0000] {dag.py:4180} INFO - Setting next_dagrun for example_subdag_operator.section-1 to None, run_after=None
[2024-12-14T19:37:28.272+0000] {logging_mixin.py:190} INFO - [2024-12-14T19:37:28.272+0000] {dag.py:4180} INFO - Setting next_dagrun for example_subdag_operator.section-2 to None, run_after=None
[2024-12-14T19:37:28.278+0000] {logging_mixin.py:190} INFO - [2024-12-14T19:37:28.278+0000] {dag.py:3239} INFO - Sync 2 DAGs
[2024-12-14T19:37:28.284+0000] {logging_mixin.py:190} INFO - [2024-12-14T19:37:28.284+0000] {dag.py:4180} INFO - Setting next_dagrun for example_subdag_operator.section-1 to None, run_after=None
[2024-12-14T19:37:28.284+0000] {logging_mixin.py:190} INFO - [2024-12-14T19:37:28.284+0000] {dag.py:4180} INFO - Setting next_dagrun for example_subdag_operator.section-2 to None, run_after=None
[2024-12-14T19:37:28.295+0000] {processor.py:208} INFO - Processing /home/airflow/.local/lib/python3.12/site-packages/airflow/example_dags/example_subdag_operator.py took 0.095 seconds
[2024-12-14T19:37:59.143+0000] {processor.py:186} INFO - Started process (PID=332) to work on /home/airflow/.local/lib/python3.12/site-packages/airflow/example_dags/example_subdag_operator.py
[2024-12-14T19:37:59.144+0000] {processor.py:914} INFO - Processing file /home/airflow/.local/lib/python3.12/site-packages/airflow/example_dags/example_subdag_operator.py for tasks to queue
[2024-12-14T19:37:59.146+0000] {logging_mixin.py:190} INFO - [2024-12-14T19:37:59.146+0000] {dagbag.py:588} INFO - Filling up the DagBag from /home/airflow/.local/lib/python3.12/site-packages/airflow/example_dags/example_subdag_operator.py
[2024-12-14T19:37:59.168+0000] {processor.py:925} INFO - DAG(s) 'example_subdag_operator.section-1', 'example_subdag_operator.section-2', 'example_subdag_operator' retrieved from /home/airflow/.local/lib/python3.12/site-packages/airflow/example_dags/example_subdag_operator.py
[2024-12-14T19:37:59.185+0000] {logging_mixin.py:190} INFO - [2024-12-14T19:37:59.185+0000] {dag.py:3239} INFO - Sync 3 DAGs
[2024-12-14T19:37:59.208+0000] {logging_mixin.py:190} INFO - [2024-12-14T19:37:59.208+0000] {dag.py:4180} INFO - Setting next_dagrun for example_subdag_operator to 2022-01-01 00:00:00+00:00, run_after=2022-01-01 00:00:00+00:00
[2024-12-14T19:37:59.213+0000] {logging_mixin.py:190} INFO - [2024-12-14T19:37:59.213+0000] {dag.py:4180} INFO - Setting next_dagrun for example_subdag_operator.section-1 to None, run_after=None
[2024-12-14T19:37:59.214+0000] {logging_mixin.py:190} INFO - [2024-12-14T19:37:59.214+0000] {dag.py:4180} INFO - Setting next_dagrun for example_subdag_operator.section-2 to None, run_after=None
[2024-12-14T19:37:59.221+0000] {logging_mixin.py:190} INFO - [2024-12-14T19:37:59.221+0000] {dag.py:3239} INFO - Sync 2 DAGs
[2024-12-14T19:37:59.226+0000] {logging_mixin.py:190} INFO - [2024-12-14T19:37:59.226+0000] {dag.py:4180} INFO - Setting next_dagrun for example_subdag_operator.section-1 to None, run_after=None
[2024-12-14T19:37:59.227+0000] {logging_mixin.py:190} INFO - [2024-12-14T19:37:59.227+0000] {dag.py:4180} INFO - Setting next_dagrun for example_subdag_operator.section-2 to None, run_after=None
[2024-12-14T19:37:59.236+0000] {processor.py:208} INFO - Processing /home/airflow/.local/lib/python3.12/site-packages/airflow/example_dags/example_subdag_operator.py took 0.097 seconds
[2024-12-14T19:38:30.209+0000] {processor.py:186} INFO - Started process (PID=395) to work on /home/airflow/.local/lib/python3.12/site-packages/airflow/example_dags/example_subdag_operator.py
[2024-12-14T19:38:30.210+0000] {processor.py:914} INFO - Processing file /home/airflow/.local/lib/python3.12/site-packages/airflow/example_dags/example_subdag_operator.py for tasks to queue
[2024-12-14T19:38:30.212+0000] {logging_mixin.py:190} INFO - [2024-12-14T19:38:30.211+0000] {dagbag.py:588} INFO - Filling up the DagBag from /home/airflow/.local/lib/python3.12/site-packages/airflow/example_dags/example_subdag_operator.py
[2024-12-14T19:38:30.234+0000] {processor.py:925} INFO - DAG(s) 'example_subdag_operator.section-1', 'example_subdag_operator.section-2', 'example_subdag_operator' retrieved from /home/airflow/.local/lib/python3.12/site-packages/airflow/example_dags/example_subdag_operator.py
[2024-12-14T19:38:30.251+0000] {logging_mixin.py:190} INFO - [2024-12-14T19:38:30.251+0000] {dag.py:3239} INFO - Sync 3 DAGs
[2024-12-14T19:38:30.276+0000] {logging_mixin.py:190} INFO - [2024-12-14T19:38:30.276+0000] {dag.py:4180} INFO - Setting next_dagrun for example_subdag_operator to 2022-01-01 00:00:00+00:00, run_after=2022-01-01 00:00:00+00:00
[2024-12-14T19:38:30.280+0000] {logging_mixin.py:190} INFO - [2024-12-14T19:38:30.280+0000] {dag.py:4180} INFO - Setting next_dagrun for example_subdag_operator.section-1 to None, run_after=None
[2024-12-14T19:38:30.282+0000] {logging_mixin.py:190} INFO - [2024-12-14T19:38:30.282+0000] {dag.py:4180} INFO - Setting next_dagrun for example_subdag_operator.section-2 to None, run_after=None
[2024-12-14T19:38:30.289+0000] {logging_mixin.py:190} INFO - [2024-12-14T19:38:30.289+0000] {dag.py:3239} INFO - Sync 2 DAGs
[2024-12-14T19:38:30.294+0000] {logging_mixin.py:190} INFO - [2024-12-14T19:38:30.294+0000] {dag.py:4180} INFO - Setting next_dagrun for example_subdag_operator.section-1 to None, run_after=None
[2024-12-14T19:38:30.294+0000] {logging_mixin.py:190} INFO - [2024-12-14T19:38:30.294+0000] {dag.py:4180} INFO - Setting next_dagrun for example_subdag_operator.section-2 to None, run_after=None
[2024-12-14T19:38:30.304+0000] {processor.py:208} INFO - Processing /home/airflow/.local/lib/python3.12/site-packages/airflow/example_dags/example_subdag_operator.py took 0.100 seconds
[2024-12-14T19:39:01.290+0000] {processor.py:186} INFO - Started process (PID=458) to work on /home/airflow/.local/lib/python3.12/site-packages/airflow/example_dags/example_subdag_operator.py
[2024-12-14T19:39:01.291+0000] {processor.py:914} INFO - Processing file /home/airflow/.local/lib/python3.12/site-packages/airflow/example_dags/example_subdag_operator.py for tasks to queue
[2024-12-14T19:39:01.292+0000] {logging_mixin.py:190} INFO - [2024-12-14T19:39:01.292+0000] {dagbag.py:588} INFO - Filling up the DagBag from /home/airflow/.local/lib/python3.12/site-packages/airflow/example_dags/example_subdag_operator.py
[2024-12-14T19:39:01.316+0000] {processor.py:925} INFO - DAG(s) 'example_subdag_operator.section-1', 'example_subdag_operator.section-2', 'example_subdag_operator' retrieved from /home/airflow/.local/lib/python3.12/site-packages/airflow/example_dags/example_subdag_operator.py
[2024-12-14T19:39:01.334+0000] {logging_mixin.py:190} INFO - [2024-12-14T19:39:01.334+0000] {dag.py:3239} INFO - Sync 3 DAGs
[2024-12-14T19:39:01.362+0000] {logging_mixin.py:190} INFO - [2024-12-14T19:39:01.362+0000] {dag.py:4180} INFO - Setting next_dagrun for example_subdag_operator to 2022-01-01 00:00:00+00:00, run_after=2022-01-01 00:00:00+00:00
[2024-12-14T19:39:01.366+0000] {logging_mixin.py:190} INFO - [2024-12-14T19:39:01.366+0000] {dag.py:4180} INFO - Setting next_dagrun for example_subdag_operator.section-1 to None, run_after=None
[2024-12-14T19:39:01.368+0000] {logging_mixin.py:190} INFO - [2024-12-14T19:39:01.368+0000] {dag.py:4180} INFO - Setting next_dagrun for example_subdag_operator.section-2 to None, run_after=None
[2024-12-14T19:39:01.376+0000] {logging_mixin.py:190} INFO - [2024-12-14T19:39:01.375+0000] {dag.py:3239} INFO - Sync 2 DAGs
[2024-12-14T19:39:01.382+0000] {logging_mixin.py:190} INFO - [2024-12-14T19:39:01.382+0000] {dag.py:4180} INFO - Setting next_dagrun for example_subdag_operator.section-1 to None, run_after=None
[2024-12-14T19:39:01.383+0000] {logging_mixin.py:190} INFO - [2024-12-14T19:39:01.383+0000] {dag.py:4180} INFO - Setting next_dagrun for example_subdag_operator.section-2 to None, run_after=None
[2024-12-14T19:39:01.394+0000] {processor.py:208} INFO - Processing /home/airflow/.local/lib/python3.12/site-packages/airflow/example_dags/example_subdag_operator.py took 0.109 seconds
[2024-12-14T19:39:32.575+0000] {processor.py:186} INFO - Started process (PID=520) to work on /home/airflow/.local/lib/python3.12/site-packages/airflow/example_dags/example_subdag_operator.py
[2024-12-14T19:39:32.575+0000] {processor.py:914} INFO - Processing file /home/airflow/.local/lib/python3.12/site-packages/airflow/example_dags/example_subdag_operator.py for tasks to queue
[2024-12-14T19:39:32.577+0000] {logging_mixin.py:190} INFO - [2024-12-14T19:39:32.577+0000] {dagbag.py:588} INFO - Filling up the DagBag from /home/airflow/.local/lib/python3.12/site-packages/airflow/example_dags/example_subdag_operator.py
[2024-12-14T19:39:32.599+0000] {processor.py:925} INFO - DAG(s) 'example_subdag_operator.section-1', 'example_subdag_operator.section-2', 'example_subdag_operator' retrieved from /home/airflow/.local/lib/python3.12/site-packages/airflow/example_dags/example_subdag_operator.py
[2024-12-14T19:39:32.615+0000] {logging_mixin.py:190} INFO - [2024-12-14T19:39:32.615+0000] {dag.py:3239} INFO - Sync 3 DAGs
[2024-12-14T19:39:32.635+0000] {logging_mixin.py:190} INFO - [2024-12-14T19:39:32.635+0000] {dag.py:4180} INFO - Setting next_dagrun for example_subdag_operator to 2022-01-01 00:00:00+00:00, run_after=2022-01-01 00:00:00+00:00
[2024-12-14T19:39:32.638+0000] {logging_mixin.py:190} INFO - [2024-12-14T19:39:32.638+0000] {dag.py:4180} INFO - Setting next_dagrun for example_subdag_operator.section-1 to None, run_after=None
[2024-12-14T19:39:32.639+0000] {logging_mixin.py:190} INFO - [2024-12-14T19:39:32.639+0000] {dag.py:4180} INFO - Setting next_dagrun for example_subdag_operator.section-2 to None, run_after=None
[2024-12-14T19:39:32.645+0000] {logging_mixin.py:190} INFO - [2024-12-14T19:39:32.645+0000] {dag.py:3239} INFO - Sync 2 DAGs
[2024-12-14T19:39:32.650+0000] {logging_mixin.py:190} INFO - [2024-12-14T19:39:32.650+0000] {dag.py:4180} INFO - Setting next_dagrun for example_subdag_operator.section-1 to None, run_after=None
[2024-12-14T19:39:32.650+0000] {logging_mixin.py:190} INFO - [2024-12-14T19:39:32.650+0000] {dag.py:4180} INFO - Setting next_dagrun for example_subdag_operator.section-2 to None, run_after=None
[2024-12-14T19:39:32.659+0000] {processor.py:208} INFO - Processing /home/airflow/.local/lib/python3.12/site-packages/airflow/example_dags/example_subdag_operator.py took 0.089 seconds
[2024-12-14T19:40:04.578+0000] {processor.py:186} INFO - Started process (PID=591) to work on /home/airflow/.local/lib/python3.12/site-packages/airflow/example_dags/example_subdag_operator.py
[2024-12-14T19:40:04.579+0000] {processor.py:914} INFO - Processing file /home/airflow/.local/lib/python3.12/site-packages/airflow/example_dags/example_subdag_operator.py for tasks to queue
[2024-12-14T19:40:04.581+0000] {logging_mixin.py:190} INFO - [2024-12-14T19:40:04.581+0000] {dagbag.py:588} INFO - Filling up the DagBag from /home/airflow/.local/lib/python3.12/site-packages/airflow/example_dags/example_subdag_operator.py
[2024-12-14T19:40:04.602+0000] {processor.py:925} INFO - DAG(s) 'example_subdag_operator.section-1', 'example_subdag_operator.section-2', 'example_subdag_operator' retrieved from /home/airflow/.local/lib/python3.12/site-packages/airflow/example_dags/example_subdag_operator.py
[2024-12-14T19:40:04.618+0000] {logging_mixin.py:190} INFO - [2024-12-14T19:40:04.617+0000] {dag.py:3239} INFO - Sync 3 DAGs
[2024-12-14T19:40:04.640+0000] {logging_mixin.py:190} INFO - [2024-12-14T19:40:04.640+0000] {dag.py:4180} INFO - Setting next_dagrun for example_subdag_operator to 2022-01-01 00:00:00+00:00, run_after=2022-01-01 00:00:00+00:00
[2024-12-14T19:40:04.643+0000] {logging_mixin.py:190} INFO - [2024-12-14T19:40:04.643+0000] {dag.py:4180} INFO - Setting next_dagrun for example_subdag_operator.section-1 to None, run_after=None
[2024-12-14T19:40:04.644+0000] {logging_mixin.py:190} INFO - [2024-12-14T19:40:04.644+0000] {dag.py:4180} INFO - Setting next_dagrun for example_subdag_operator.section-2 to None, run_after=None
[2024-12-14T19:40:04.650+0000] {logging_mixin.py:190} INFO - [2024-12-14T19:40:04.650+0000] {dag.py:3239} INFO - Sync 2 DAGs
[2024-12-14T19:40:04.655+0000] {logging_mixin.py:190} INFO - [2024-12-14T19:40:04.655+0000] {dag.py:4180} INFO - Setting next_dagrun for example_subdag_operator.section-1 to None, run_after=None
[2024-12-14T19:40:04.655+0000] {logging_mixin.py:190} INFO - [2024-12-14T19:40:04.655+0000] {dag.py:4180} INFO - Setting next_dagrun for example_subdag_operator.section-2 to None, run_after=None
[2024-12-14T19:40:04.663+0000] {processor.py:208} INFO - Processing /home/airflow/.local/lib/python3.12/site-packages/airflow/example_dags/example_subdag_operator.py took 0.091 seconds
[2024-12-14T19:40:35.182+0000] {processor.py:186} INFO - Started process (PID=654) to work on /home/airflow/.local/lib/python3.12/site-packages/airflow/example_dags/example_subdag_operator.py
[2024-12-14T19:40:35.183+0000] {processor.py:914} INFO - Processing file /home/airflow/.local/lib/python3.12/site-packages/airflow/example_dags/example_subdag_operator.py for tasks to queue
[2024-12-14T19:40:35.185+0000] {logging_mixin.py:190} INFO - [2024-12-14T19:40:35.185+0000] {dagbag.py:588} INFO - Filling up the DagBag from /home/airflow/.local/lib/python3.12/site-packages/airflow/example_dags/example_subdag_operator.py
[2024-12-14T19:40:35.206+0000] {processor.py:925} INFO - DAG(s) 'example_subdag_operator.section-1', 'example_subdag_operator.section-2', 'example_subdag_operator' retrieved from /home/airflow/.local/lib/python3.12/site-packages/airflow/example_dags/example_subdag_operator.py
[2024-12-14T19:40:35.219+0000] {logging_mixin.py:190} INFO - [2024-12-14T19:40:35.218+0000] {dag.py:3239} INFO - Sync 3 DAGs
[2024-12-14T19:40:35.239+0000] {logging_mixin.py:190} INFO - [2024-12-14T19:40:35.239+0000] {dag.py:4180} INFO - Setting next_dagrun for example_subdag_operator to 2022-01-01 00:00:00+00:00, run_after=2022-01-01 00:00:00+00:00
[2024-12-14T19:40:35.242+0000] {logging_mixin.py:190} INFO - [2024-12-14T19:40:35.242+0000] {dag.py:4180} INFO - Setting next_dagrun for example_subdag_operator.section-1 to None, run_after=None
[2024-12-14T19:40:35.243+0000] {logging_mixin.py:190} INFO - [2024-12-14T19:40:35.243+0000] {dag.py:4180} INFO - Setting next_dagrun for example_subdag_operator.section-2 to None, run_after=None
[2024-12-14T19:40:35.249+0000] {logging_mixin.py:190} INFO - [2024-12-14T19:40:35.249+0000] {dag.py:3239} INFO - Sync 2 DAGs
[2024-12-14T19:40:35.254+0000] {logging_mixin.py:190} INFO - [2024-12-14T19:40:35.254+0000] {dag.py:4180} INFO - Setting next_dagrun for example_subdag_operator.section-1 to None, run_after=None
[2024-12-14T19:40:35.254+0000] {logging_mixin.py:190} INFO - [2024-12-14T19:40:35.254+0000] {dag.py:4180} INFO - Setting next_dagrun for example_subdag_operator.section-2 to None, run_after=None
[2024-12-14T19:40:35.264+0000] {processor.py:208} INFO - Processing /home/airflow/.local/lib/python3.12/site-packages/airflow/example_dags/example_subdag_operator.py took 0.086 seconds
[2024-12-14T19:41:05.883+0000] {processor.py:186} INFO - Started process (PID=717) to work on /home/airflow/.local/lib/python3.12/site-packages/airflow/example_dags/example_subdag_operator.py
[2024-12-14T19:41:05.884+0000] {processor.py:914} INFO - Processing file /home/airflow/.local/lib/python3.12/site-packages/airflow/example_dags/example_subdag_operator.py for tasks to queue
[2024-12-14T19:41:05.886+0000] {logging_mixin.py:190} INFO - [2024-12-14T19:41:05.886+0000] {dagbag.py:588} INFO - Filling up the DagBag from /home/airflow/.local/lib/python3.12/site-packages/airflow/example_dags/example_subdag_operator.py
[2024-12-14T19:41:05.906+0000] {processor.py:925} INFO - DAG(s) 'example_subdag_operator.section-1', 'example_subdag_operator.section-2', 'example_subdag_operator' retrieved from /home/airflow/.local/lib/python3.12/site-packages/airflow/example_dags/example_subdag_operator.py
[2024-12-14T19:41:05.919+0000] {logging_mixin.py:190} INFO - [2024-12-14T19:41:05.918+0000] {dag.py:3239} INFO - Sync 3 DAGs
[2024-12-14T19:41:05.939+0000] {logging_mixin.py:190} INFO - [2024-12-14T19:41:05.938+0000] {dag.py:4180} INFO - Setting next_dagrun for example_subdag_operator to 2022-01-01 00:00:00+00:00, run_after=2022-01-01 00:00:00+00:00
[2024-12-14T19:41:05.941+0000] {logging_mixin.py:190} INFO - [2024-12-14T19:41:05.941+0000] {dag.py:4180} INFO - Setting next_dagrun for example_subdag_operator.section-1 to None, run_after=None
[2024-12-14T19:41:05.943+0000] {logging_mixin.py:190} INFO - [2024-12-14T19:41:05.942+0000] {dag.py:4180} INFO - Setting next_dagrun for example_subdag_operator.section-2 to None, run_after=None
[2024-12-14T19:41:05.948+0000] {logging_mixin.py:190} INFO - [2024-12-14T19:41:05.948+0000] {dag.py:3239} INFO - Sync 2 DAGs
[2024-12-14T19:41:05.953+0000] {logging_mixin.py:190} INFO - [2024-12-14T19:41:05.953+0000] {dag.py:4180} INFO - Setting next_dagrun for example_subdag_operator.section-1 to None, run_after=None
[2024-12-14T19:41:05.953+0000] {logging_mixin.py:190} INFO - [2024-12-14T19:41:05.953+0000] {dag.py:4180} INFO - Setting next_dagrun for example_subdag_operator.section-2 to None, run_after=None
[2024-12-14T19:41:05.962+0000] {processor.py:208} INFO - Processing /home/airflow/.local/lib/python3.12/site-packages/airflow/example_dags/example_subdag_operator.py took 0.083 seconds
[2024-12-14T19:41:37.602+0000] {processor.py:186} INFO - Started process (PID=780) to work on /home/airflow/.local/lib/python3.12/site-packages/airflow/example_dags/example_subdag_operator.py
[2024-12-14T19:41:37.603+0000] {processor.py:914} INFO - Processing file /home/airflow/.local/lib/python3.12/site-packages/airflow/example_dags/example_subdag_operator.py for tasks to queue
[2024-12-14T19:41:37.605+0000] {logging_mixin.py:190} INFO - [2024-12-14T19:41:37.605+0000] {dagbag.py:588} INFO - Filling up the DagBag from /home/airflow/.local/lib/python3.12/site-packages/airflow/example_dags/example_subdag_operator.py
[2024-12-14T19:41:37.626+0000] {processor.py:925} INFO - DAG(s) 'example_subdag_operator.section-1', 'example_subdag_operator.section-2', 'example_subdag_operator' retrieved from /home/airflow/.local/lib/python3.12/site-packages/airflow/example_dags/example_subdag_operator.py
[2024-12-14T19:41:37.639+0000] {logging_mixin.py:190} INFO - [2024-12-14T19:41:37.639+0000] {dag.py:3239} INFO - Sync 3 DAGs
[2024-12-14T19:41:37.659+0000] {logging_mixin.py:190} INFO - [2024-12-14T19:41:37.659+0000] {dag.py:4180} INFO - Setting next_dagrun for example_subdag_operator to 2022-01-01 00:00:00+00:00, run_after=2022-01-01 00:00:00+00:00
[2024-12-14T19:41:37.662+0000] {logging_mixin.py:190} INFO - [2024-12-14T19:41:37.662+0000] {dag.py:4180} INFO - Setting next_dagrun for example_subdag_operator.section-1 to None, run_after=None
[2024-12-14T19:41:37.664+0000] {logging_mixin.py:190} INFO - [2024-12-14T19:41:37.663+0000] {dag.py:4180} INFO - Setting next_dagrun for example_subdag_operator.section-2 to None, run_after=None
[2024-12-14T19:41:37.669+0000] {logging_mixin.py:190} INFO - [2024-12-14T19:41:37.669+0000] {dag.py:3239} INFO - Sync 2 DAGs
[2024-12-14T19:41:37.675+0000] {logging_mixin.py:190} INFO - [2024-12-14T19:41:37.675+0000] {dag.py:4180} INFO - Setting next_dagrun for example_subdag_operator.section-1 to None, run_after=None
[2024-12-14T19:41:37.675+0000] {logging_mixin.py:190} INFO - [2024-12-14T19:41:37.675+0000] {dag.py:4180} INFO - Setting next_dagrun for example_subdag_operator.section-2 to None, run_after=None
[2024-12-14T19:41:37.683+0000] {processor.py:208} INFO - Processing /home/airflow/.local/lib/python3.12/site-packages/airflow/example_dags/example_subdag_operator.py took 0.087 seconds
[2024-12-14T19:42:09.209+0000] {processor.py:186} INFO - Started process (PID=842) to work on /home/airflow/.local/lib/python3.12/site-packages/airflow/example_dags/example_subdag_operator.py
[2024-12-14T19:42:09.210+0000] {processor.py:914} INFO - Processing file /home/airflow/.local/lib/python3.12/site-packages/airflow/example_dags/example_subdag_operator.py for tasks to queue
[2024-12-14T19:42:09.212+0000] {logging_mixin.py:190} INFO - [2024-12-14T19:42:09.212+0000] {dagbag.py:588} INFO - Filling up the DagBag from /home/airflow/.local/lib/python3.12/site-packages/airflow/example_dags/example_subdag_operator.py
[2024-12-14T19:42:09.233+0000] {processor.py:925} INFO - DAG(s) 'example_subdag_operator.section-1', 'example_subdag_operator.section-2', 'example_subdag_operator' retrieved from /home/airflow/.local/lib/python3.12/site-packages/airflow/example_dags/example_subdag_operator.py
[2024-12-14T19:42:09.247+0000] {logging_mixin.py:190} INFO - [2024-12-14T19:42:09.246+0000] {dag.py:3239} INFO - Sync 3 DAGs
[2024-12-14T19:42:09.268+0000] {logging_mixin.py:190} INFO - [2024-12-14T19:42:09.267+0000] {dag.py:4180} INFO - Setting next_dagrun for example_subdag_operator to 2022-01-01 00:00:00+00:00, run_after=2022-01-01 00:00:00+00:00
[2024-12-14T19:42:09.271+0000] {logging_mixin.py:190} INFO - [2024-12-14T19:42:09.270+0000] {dag.py:4180} INFO - Setting next_dagrun for example_subdag_operator.section-1 to None, run_after=None
[2024-12-14T19:42:09.272+0000] {logging_mixin.py:190} INFO - [2024-12-14T19:42:09.272+0000] {dag.py:4180} INFO - Setting next_dagrun for example_subdag_operator.section-2 to None, run_after=None
[2024-12-14T19:42:09.278+0000] {logging_mixin.py:190} INFO - [2024-12-14T19:42:09.278+0000] {dag.py:3239} INFO - Sync 2 DAGs
[2024-12-14T19:42:09.283+0000] {logging_mixin.py:190} INFO - [2024-12-14T19:42:09.282+0000] {dag.py:4180} INFO - Setting next_dagrun for example_subdag_operator.section-1 to None, run_after=None
[2024-12-14T19:42:09.283+0000] {logging_mixin.py:190} INFO - [2024-12-14T19:42:09.283+0000] {dag.py:4180} INFO - Setting next_dagrun for example_subdag_operator.section-2 to None, run_after=None
[2024-12-14T19:42:09.291+0000] {processor.py:208} INFO - Processing /home/airflow/.local/lib/python3.12/site-packages/airflow/example_dags/example_subdag_operator.py took 0.087 seconds
[2024-12-14T19:42:40.312+0000] {processor.py:186} INFO - Started process (PID=905) to work on /home/airflow/.local/lib/python3.12/site-packages/airflow/example_dags/example_subdag_operator.py
[2024-12-14T19:42:40.313+0000] {processor.py:914} INFO - Processing file /home/airflow/.local/lib/python3.12/site-packages/airflow/example_dags/example_subdag_operator.py for tasks to queue
[2024-12-14T19:42:40.315+0000] {logging_mixin.py:190} INFO - [2024-12-14T19:42:40.315+0000] {dagbag.py:588} INFO - Filling up the DagBag from /home/airflow/.local/lib/python3.12/site-packages/airflow/example_dags/example_subdag_operator.py
[2024-12-14T19:42:40.342+0000] {processor.py:925} INFO - DAG(s) 'example_subdag_operator.section-1', 'example_subdag_operator.section-2', 'example_subdag_operator' retrieved from /home/airflow/.local/lib/python3.12/site-packages/airflow/example_dags/example_subdag_operator.py
[2024-12-14T19:42:40.361+0000] {logging_mixin.py:190} INFO - [2024-12-14T19:42:40.361+0000] {dag.py:3239} INFO - Sync 3 DAGs
[2024-12-14T19:42:40.389+0000] {logging_mixin.py:190} INFO - [2024-12-14T19:42:40.388+0000] {dag.py:4180} INFO - Setting next_dagrun for example_subdag_operator to 2022-01-01 00:00:00+00:00, run_after=2022-01-01 00:00:00+00:00
[2024-12-14T19:42:40.393+0000] {logging_mixin.py:190} INFO - [2024-12-14T19:42:40.393+0000] {dag.py:4180} INFO - Setting next_dagrun for example_subdag_operator.section-1 to None, run_after=None
[2024-12-14T19:42:40.394+0000] {logging_mixin.py:190} INFO - [2024-12-14T19:42:40.394+0000] {dag.py:4180} INFO - Setting next_dagrun for example_subdag_operator.section-2 to None, run_after=None
[2024-12-14T19:42:40.402+0000] {logging_mixin.py:190} INFO - [2024-12-14T19:42:40.402+0000] {dag.py:3239} INFO - Sync 2 DAGs
[2024-12-14T19:42:40.408+0000] {logging_mixin.py:190} INFO - [2024-12-14T19:42:40.408+0000] {dag.py:4180} INFO - Setting next_dagrun for example_subdag_operator.section-1 to None, run_after=None
[2024-12-14T19:42:40.409+0000] {logging_mixin.py:190} INFO - [2024-12-14T19:42:40.409+0000] {dag.py:4180} INFO - Setting next_dagrun for example_subdag_operator.section-2 to None, run_after=None
[2024-12-14T19:42:40.419+0000] {processor.py:208} INFO - Processing /home/airflow/.local/lib/python3.12/site-packages/airflow/example_dags/example_subdag_operator.py took 0.114 seconds
[2024-12-14T19:43:10.708+0000] {processor.py:186} INFO - Started process (PID=967) to work on /home/airflow/.local/lib/python3.12/site-packages/airflow/example_dags/example_subdag_operator.py
[2024-12-14T19:43:10.708+0000] {processor.py:914} INFO - Processing file /home/airflow/.local/lib/python3.12/site-packages/airflow/example_dags/example_subdag_operator.py for tasks to queue
[2024-12-14T19:43:10.710+0000] {logging_mixin.py:190} INFO - [2024-12-14T19:43:10.710+0000] {dagbag.py:588} INFO - Filling up the DagBag from /home/airflow/.local/lib/python3.12/site-packages/airflow/example_dags/example_subdag_operator.py
[2024-12-14T19:43:10.731+0000] {processor.py:925} INFO - DAG(s) 'example_subdag_operator.section-1', 'example_subdag_operator.section-2', 'example_subdag_operator' retrieved from /home/airflow/.local/lib/python3.12/site-packages/airflow/example_dags/example_subdag_operator.py
[2024-12-14T19:43:10.747+0000] {logging_mixin.py:190} INFO - [2024-12-14T19:43:10.747+0000] {dag.py:3239} INFO - Sync 3 DAGs
[2024-12-14T19:43:10.772+0000] {logging_mixin.py:190} INFO - [2024-12-14T19:43:10.772+0000] {dag.py:4180} INFO - Setting next_dagrun for example_subdag_operator to 2022-01-01 00:00:00+00:00, run_after=2022-01-01 00:00:00+00:00
[2024-12-14T19:43:10.777+0000] {logging_mixin.py:190} INFO - [2024-12-14T19:43:10.776+0000] {dag.py:4180} INFO - Setting next_dagrun for example_subdag_operator.section-1 to None, run_after=None
[2024-12-14T19:43:10.778+0000] {logging_mixin.py:190} INFO - [2024-12-14T19:43:10.778+0000] {dag.py:4180} INFO - Setting next_dagrun for example_subdag_operator.section-2 to None, run_after=None
[2024-12-14T19:43:10.785+0000] {logging_mixin.py:190} INFO - [2024-12-14T19:43:10.785+0000] {dag.py:3239} INFO - Sync 2 DAGs
[2024-12-14T19:43:10.790+0000] {logging_mixin.py:190} INFO - [2024-12-14T19:43:10.790+0000] {dag.py:4180} INFO - Setting next_dagrun for example_subdag_operator.section-1 to None, run_after=None
[2024-12-14T19:43:10.791+0000] {logging_mixin.py:190} INFO - [2024-12-14T19:43:10.791+0000] {dag.py:4180} INFO - Setting next_dagrun for example_subdag_operator.section-2 to None, run_after=None
[2024-12-14T19:43:10.801+0000] {processor.py:208} INFO - Processing /home/airflow/.local/lib/python3.12/site-packages/airflow/example_dags/example_subdag_operator.py took 0.099 seconds
[2024-12-14T19:43:41.753+0000] {processor.py:186} INFO - Started process (PID=1030) to work on /home/airflow/.local/lib/python3.12/site-packages/airflow/example_dags/example_subdag_operator.py
[2024-12-14T19:43:41.754+0000] {processor.py:914} INFO - Processing file /home/airflow/.local/lib/python3.12/site-packages/airflow/example_dags/example_subdag_operator.py for tasks to queue
[2024-12-14T19:43:41.756+0000] {logging_mixin.py:190} INFO - [2024-12-14T19:43:41.756+0000] {dagbag.py:588} INFO - Filling up the DagBag from /home/airflow/.local/lib/python3.12/site-packages/airflow/example_dags/example_subdag_operator.py
[2024-12-14T19:43:41.782+0000] {processor.py:925} INFO - DAG(s) 'example_subdag_operator.section-1', 'example_subdag_operator.section-2', 'example_subdag_operator' retrieved from /home/airflow/.local/lib/python3.12/site-packages/airflow/example_dags/example_subdag_operator.py
[2024-12-14T19:43:41.799+0000] {logging_mixin.py:190} INFO - [2024-12-14T19:43:41.799+0000] {dag.py:3239} INFO - Sync 3 DAGs
[2024-12-14T19:43:41.824+0000] {logging_mixin.py:190} INFO - [2024-12-14T19:43:41.824+0000] {dag.py:4180} INFO - Setting next_dagrun for example_subdag_operator to 2022-01-01 00:00:00+00:00, run_after=2022-01-01 00:00:00+00:00
[2024-12-14T19:43:41.828+0000] {logging_mixin.py:190} INFO - [2024-12-14T19:43:41.828+0000] {dag.py:4180} INFO - Setting next_dagrun for example_subdag_operator.section-1 to None, run_after=None
[2024-12-14T19:43:41.830+0000] {logging_mixin.py:190} INFO - [2024-12-14T19:43:41.830+0000] {dag.py:4180} INFO - Setting next_dagrun for example_subdag_operator.section-2 to None, run_after=None
[2024-12-14T19:43:41.837+0000] {logging_mixin.py:190} INFO - [2024-12-14T19:43:41.837+0000] {dag.py:3239} INFO - Sync 2 DAGs
[2024-12-14T19:43:41.843+0000] {logging_mixin.py:190} INFO - [2024-12-14T19:43:41.843+0000] {dag.py:4180} INFO - Setting next_dagrun for example_subdag_operator.section-1 to None, run_after=None
[2024-12-14T19:43:41.843+0000] {logging_mixin.py:190} INFO - [2024-12-14T19:43:41.843+0000] {dag.py:4180} INFO - Setting next_dagrun for example_subdag_operator.section-2 to None, run_after=None
[2024-12-14T19:43:41.852+0000] {processor.py:208} INFO - Processing /home/airflow/.local/lib/python3.12/site-packages/airflow/example_dags/example_subdag_operator.py took 0.106 seconds
[2024-12-14T19:44:12.026+0000] {processor.py:186} INFO - Started process (PID=1093) to work on /home/airflow/.local/lib/python3.12/site-packages/airflow/example_dags/example_subdag_operator.py
[2024-12-14T19:44:12.027+0000] {processor.py:914} INFO - Processing file /home/airflow/.local/lib/python3.12/site-packages/airflow/example_dags/example_subdag_operator.py for tasks to queue
[2024-12-14T19:44:12.029+0000] {logging_mixin.py:190} INFO - [2024-12-14T19:44:12.029+0000] {dagbag.py:588} INFO - Filling up the DagBag from /home/airflow/.local/lib/python3.12/site-packages/airflow/example_dags/example_subdag_operator.py
[2024-12-14T19:44:12.050+0000] {processor.py:925} INFO - DAG(s) 'example_subdag_operator.section-1', 'example_subdag_operator.section-2', 'example_subdag_operator' retrieved from /home/airflow/.local/lib/python3.12/site-packages/airflow/example_dags/example_subdag_operator.py
[2024-12-14T19:44:12.063+0000] {logging_mixin.py:190} INFO - [2024-12-14T19:44:12.063+0000] {dag.py:3239} INFO - Sync 3 DAGs
[2024-12-14T19:44:12.084+0000] {logging_mixin.py:190} INFO - [2024-12-14T19:44:12.084+0000] {dag.py:4180} INFO - Setting next_dagrun for example_subdag_operator to 2022-01-01 00:00:00+00:00, run_after=2022-01-01 00:00:00+00:00
[2024-12-14T19:44:12.087+0000] {logging_mixin.py:190} INFO - [2024-12-14T19:44:12.087+0000] {dag.py:4180} INFO - Setting next_dagrun for example_subdag_operator.section-1 to None, run_after=None
[2024-12-14T19:44:12.088+0000] {logging_mixin.py:190} INFO - [2024-12-14T19:44:12.088+0000] {dag.py:4180} INFO - Setting next_dagrun for example_subdag_operator.section-2 to None, run_after=None
[2024-12-14T19:44:12.094+0000] {logging_mixin.py:190} INFO - [2024-12-14T19:44:12.094+0000] {dag.py:3239} INFO - Sync 2 DAGs
[2024-12-14T19:44:12.100+0000] {logging_mixin.py:190} INFO - [2024-12-14T19:44:12.099+0000] {dag.py:4180} INFO - Setting next_dagrun for example_subdag_operator.section-1 to None, run_after=None
[2024-12-14T19:44:12.100+0000] {logging_mixin.py:190} INFO - [2024-12-14T19:44:12.100+0000] {dag.py:4180} INFO - Setting next_dagrun for example_subdag_operator.section-2 to None, run_after=None
[2024-12-14T19:44:12.109+0000] {processor.py:208} INFO - Processing /home/airflow/.local/lib/python3.12/site-packages/airflow/example_dags/example_subdag_operator.py took 0.088 seconds
[2024-12-14T19:44:43.359+0000] {processor.py:186} INFO - Started process (PID=1156) to work on /home/airflow/.local/lib/python3.12/site-packages/airflow/example_dags/example_subdag_operator.py
[2024-12-14T19:44:43.360+0000] {processor.py:914} INFO - Processing file /home/airflow/.local/lib/python3.12/site-packages/airflow/example_dags/example_subdag_operator.py for tasks to queue
[2024-12-14T19:44:43.362+0000] {logging_mixin.py:190} INFO - [2024-12-14T19:44:43.362+0000] {dagbag.py:588} INFO - Filling up the DagBag from /home/airflow/.local/lib/python3.12/site-packages/airflow/example_dags/example_subdag_operator.py
[2024-12-14T19:44:43.384+0000] {processor.py:925} INFO - DAG(s) 'example_subdag_operator.section-1', 'example_subdag_operator.section-2', 'example_subdag_operator' retrieved from /home/airflow/.local/lib/python3.12/site-packages/airflow/example_dags/example_subdag_operator.py
[2024-12-14T19:44:43.400+0000] {logging_mixin.py:190} INFO - [2024-12-14T19:44:43.400+0000] {dag.py:3239} INFO - Sync 3 DAGs
[2024-12-14T19:44:43.425+0000] {logging_mixin.py:190} INFO - [2024-12-14T19:44:43.424+0000] {dag.py:4180} INFO - Setting next_dagrun for example_subdag_operator to 2022-01-01 00:00:00+00:00, run_after=2022-01-01 00:00:00+00:00
[2024-12-14T19:44:43.428+0000] {logging_mixin.py:190} INFO - [2024-12-14T19:44:43.428+0000] {dag.py:4180} INFO - Setting next_dagrun for example_subdag_operator.section-1 to None, run_after=None
[2024-12-14T19:44:43.431+0000] {logging_mixin.py:190} INFO - [2024-12-14T19:44:43.431+0000] {dag.py:4180} INFO - Setting next_dagrun for example_subdag_operator.section-2 to None, run_after=None
[2024-12-14T19:44:43.438+0000] {logging_mixin.py:190} INFO - [2024-12-14T19:44:43.437+0000] {dag.py:3239} INFO - Sync 2 DAGs
[2024-12-14T19:44:43.443+0000] {logging_mixin.py:190} INFO - [2024-12-14T19:44:43.443+0000] {dag.py:4180} INFO - Setting next_dagrun for example_subdag_operator.section-1 to None, run_after=None
[2024-12-14T19:44:43.443+0000] {logging_mixin.py:190} INFO - [2024-12-14T19:44:43.443+0000] {dag.py:4180} INFO - Setting next_dagrun for example_subdag_operator.section-2 to None, run_after=None
[2024-12-14T19:44:43.453+0000] {processor.py:208} INFO - Processing /home/airflow/.local/lib/python3.12/site-packages/airflow/example_dags/example_subdag_operator.py took 0.099 seconds
[2024-12-14T19:45:15.176+0000] {processor.py:186} INFO - Started process (PID=1219) to work on /home/airflow/.local/lib/python3.12/site-packages/airflow/example_dags/example_subdag_operator.py
[2024-12-14T19:45:15.177+0000] {processor.py:914} INFO - Processing file /home/airflow/.local/lib/python3.12/site-packages/airflow/example_dags/example_subdag_operator.py for tasks to queue
[2024-12-14T19:45:15.179+0000] {logging_mixin.py:190} INFO - [2024-12-14T19:45:15.179+0000] {dagbag.py:588} INFO - Filling up the DagBag from /home/airflow/.local/lib/python3.12/site-packages/airflow/example_dags/example_subdag_operator.py
[2024-12-14T19:45:15.201+0000] {processor.py:925} INFO - DAG(s) 'example_subdag_operator.section-1', 'example_subdag_operator.section-2', 'example_subdag_operator' retrieved from /home/airflow/.local/lib/python3.12/site-packages/airflow/example_dags/example_subdag_operator.py
[2024-12-14T19:45:15.218+0000] {logging_mixin.py:190} INFO - [2024-12-14T19:45:15.218+0000] {dag.py:3239} INFO - Sync 3 DAGs
[2024-12-14T19:45:15.243+0000] {logging_mixin.py:190} INFO - [2024-12-14T19:45:15.242+0000] {dag.py:4180} INFO - Setting next_dagrun for example_subdag_operator to 2022-01-01 00:00:00+00:00, run_after=2022-01-01 00:00:00+00:00
[2024-12-14T19:45:15.246+0000] {logging_mixin.py:190} INFO - [2024-12-14T19:45:15.245+0000] {dag.py:4180} INFO - Setting next_dagrun for example_subdag_operator.section-1 to None, run_after=None
[2024-12-14T19:45:15.247+0000] {logging_mixin.py:190} INFO - [2024-12-14T19:45:15.247+0000] {dag.py:4180} INFO - Setting next_dagrun for example_subdag_operator.section-2 to None, run_after=None
[2024-12-14T19:45:15.253+0000] {logging_mixin.py:190} INFO - [2024-12-14T19:45:15.253+0000] {dag.py:3239} INFO - Sync 2 DAGs
[2024-12-14T19:45:15.258+0000] {logging_mixin.py:190} INFO - [2024-12-14T19:45:15.258+0000] {dag.py:4180} INFO - Setting next_dagrun for example_subdag_operator.section-1 to None, run_after=None
[2024-12-14T19:45:15.258+0000] {logging_mixin.py:190} INFO - [2024-12-14T19:45:15.258+0000] {dag.py:4180} INFO - Setting next_dagrun for example_subdag_operator.section-2 to None, run_after=None
[2024-12-14T19:45:15.267+0000] {processor.py:208} INFO - Processing /home/airflow/.local/lib/python3.12/site-packages/airflow/example_dags/example_subdag_operator.py took 0.096 seconds
[2024-12-14T19:45:46.148+0000] {processor.py:186} INFO - Started process (PID=1282) to work on /home/airflow/.local/lib/python3.12/site-packages/airflow/example_dags/example_subdag_operator.py
[2024-12-14T19:45:46.149+0000] {processor.py:914} INFO - Processing file /home/airflow/.local/lib/python3.12/site-packages/airflow/example_dags/example_subdag_operator.py for tasks to queue
[2024-12-14T19:45:46.151+0000] {logging_mixin.py:190} INFO - [2024-12-14T19:45:46.151+0000] {dagbag.py:588} INFO - Filling up the DagBag from /home/airflow/.local/lib/python3.12/site-packages/airflow/example_dags/example_subdag_operator.py
[2024-12-14T19:45:46.173+0000] {processor.py:925} INFO - DAG(s) 'example_subdag_operator.section-1', 'example_subdag_operator.section-2', 'example_subdag_operator' retrieved from /home/airflow/.local/lib/python3.12/site-packages/airflow/example_dags/example_subdag_operator.py
[2024-12-14T19:45:46.190+0000] {logging_mixin.py:190} INFO - [2024-12-14T19:45:46.190+0000] {dag.py:3239} INFO - Sync 3 DAGs
[2024-12-14T19:45:46.215+0000] {logging_mixin.py:190} INFO - [2024-12-14T19:45:46.215+0000] {dag.py:4180} INFO - Setting next_dagrun for example_subdag_operator to 2022-01-01 00:00:00+00:00, run_after=2022-01-01 00:00:00+00:00
[2024-12-14T19:45:46.219+0000] {logging_mixin.py:190} INFO - [2024-12-14T19:45:46.219+0000] {dag.py:4180} INFO - Setting next_dagrun for example_subdag_operator.section-1 to None, run_after=None
[2024-12-14T19:45:46.221+0000] {logging_mixin.py:190} INFO - [2024-12-14T19:45:46.221+0000] {dag.py:4180} INFO - Setting next_dagrun for example_subdag_operator.section-2 to None, run_after=None
[2024-12-14T19:45:46.227+0000] {logging_mixin.py:190} INFO - [2024-12-14T19:45:46.227+0000] {dag.py:3239} INFO - Sync 2 DAGs
[2024-12-14T19:45:46.233+0000] {logging_mixin.py:190} INFO - [2024-12-14T19:45:46.233+0000] {dag.py:4180} INFO - Setting next_dagrun for example_subdag_operator.section-1 to None, run_after=None
[2024-12-14T19:45:46.233+0000] {logging_mixin.py:190} INFO - [2024-12-14T19:45:46.233+0000] {dag.py:4180} INFO - Setting next_dagrun for example_subdag_operator.section-2 to None, run_after=None
[2024-12-14T19:45:46.242+0000] {processor.py:208} INFO - Processing /home/airflow/.local/lib/python3.12/site-packages/airflow/example_dags/example_subdag_operator.py took 0.099 seconds
