[2024-12-14T19:28:32.274+0000] {processor.py:186} INFO - Started process (PID=70) to work on /home/airflow/.local/lib/python3.12/site-packages/airflow/example_dags/example_xcomargs.py
[2024-12-14T19:28:32.275+0000] {processor.py:914} INFO - Processing file /home/airflow/.local/lib/python3.12/site-packages/airflow/example_dags/example_xcomargs.py for tasks to queue
[2024-12-14T19:28:32.277+0000] {logging_mixin.py:190} INFO - [2024-12-14T19:28:32.276+0000] {dagbag.py:588} INFO - Filling up the DagBag from /home/airflow/.local/lib/python3.12/site-packages/airflow/example_dags/example_xcomargs.py
[2024-12-14T19:28:32.289+0000] {processor.py:925} INFO - DAG(s) 'example_xcom_args', 'example_xcom_args_with_operators' retrieved from /home/airflow/.local/lib/python3.12/site-packages/airflow/example_dags/example_xcomargs.py
[2024-12-14T19:28:32.404+0000] {logging_mixin.py:190} INFO - [2024-12-14T19:28:32.404+0000] {override.py:1911} INFO - Created Permission View: can edit on DAG:example_xcom_args
[2024-12-14T19:28:32.416+0000] {logging_mixin.py:190} INFO - [2024-12-14T19:28:32.416+0000] {override.py:1911} INFO - Created Permission View: can delete on DAG:example_xcom_args
[2024-12-14T19:28:32.423+0000] {logging_mixin.py:190} INFO - [2024-12-14T19:28:32.422+0000] {override.py:1911} INFO - Created Permission View: can read on DAG:example_xcom_args
[2024-12-14T19:28:32.429+0000] {logging_mixin.py:190} INFO - [2024-12-14T19:28:32.429+0000] {override.py:1911} INFO - Created Permission View: menu access on DAG Run:example_xcom_args
[2024-12-14T19:28:32.435+0000] {logging_mixin.py:190} INFO - [2024-12-14T19:28:32.435+0000] {override.py:1911} INFO - Created Permission View: can delete on DAG Run:example_xcom_args
[2024-12-14T19:28:32.441+0000] {logging_mixin.py:190} INFO - [2024-12-14T19:28:32.441+0000] {override.py:1911} INFO - Created Permission View: can create on DAG Run:example_xcom_args
[2024-12-14T19:28:32.447+0000] {logging_mixin.py:190} INFO - [2024-12-14T19:28:32.447+0000] {override.py:1911} INFO - Created Permission View: can read on DAG Run:example_xcom_args
[2024-12-14T19:28:32.462+0000] {logging_mixin.py:190} INFO - [2024-12-14T19:28:32.461+0000] {override.py:1911} INFO - Created Permission View: can edit on DAG:example_xcom_args_with_operators
[2024-12-14T19:28:32.469+0000] {logging_mixin.py:190} INFO - [2024-12-14T19:28:32.469+0000] {override.py:1911} INFO - Created Permission View: can delete on DAG:example_xcom_args_with_operators
[2024-12-14T19:28:32.476+0000] {logging_mixin.py:190} INFO - [2024-12-14T19:28:32.476+0000] {override.py:1911} INFO - Created Permission View: can read on DAG:example_xcom_args_with_operators
[2024-12-14T19:28:32.482+0000] {logging_mixin.py:190} INFO - [2024-12-14T19:28:32.482+0000] {override.py:1911} INFO - Created Permission View: menu access on DAG Run:example_xcom_args_with_operators
[2024-12-14T19:28:32.488+0000] {logging_mixin.py:190} INFO - [2024-12-14T19:28:32.488+0000] {override.py:1911} INFO - Created Permission View: can delete on DAG Run:example_xcom_args_with_operators
[2024-12-14T19:28:32.494+0000] {logging_mixin.py:190} INFO - [2024-12-14T19:28:32.494+0000] {override.py:1911} INFO - Created Permission View: can create on DAG Run:example_xcom_args_with_operators
[2024-12-14T19:28:32.500+0000] {logging_mixin.py:190} INFO - [2024-12-14T19:28:32.500+0000] {override.py:1911} INFO - Created Permission View: can read on DAG Run:example_xcom_args_with_operators
[2024-12-14T19:28:32.501+0000] {logging_mixin.py:190} INFO - [2024-12-14T19:28:32.501+0000] {dag.py:3239} INFO - Sync 2 DAGs
[2024-12-14T19:28:32.517+0000] {logging_mixin.py:190} INFO - [2024-12-14T19:28:32.517+0000] {dag.py:3262} INFO - Creating ORM DAG for example_xcom_args_with_operators
[2024-12-14T19:28:32.518+0000] {logging_mixin.py:190} INFO - [2024-12-14T19:28:32.517+0000] {dag.py:3262} INFO - Creating ORM DAG for example_xcom_args
[2024-12-14T19:28:32.518+0000] {logging_mixin.py:190} INFO - [2024-12-14T19:28:32.518+0000] {dag.py:4180} INFO - Setting next_dagrun for example_xcom_args to None, run_after=None
[2024-12-14T19:28:32.519+0000] {logging_mixin.py:190} INFO - [2024-12-14T19:28:32.519+0000] {dag.py:4180} INFO - Setting next_dagrun for example_xcom_args_with_operators to None, run_after=None
[2024-12-14T19:28:32.536+0000] {processor.py:208} INFO - Processing /home/airflow/.local/lib/python3.12/site-packages/airflow/example_dags/example_xcomargs.py took 0.269 seconds
[2024-12-14T19:29:02.795+0000] {processor.py:186} INFO - Started process (PID=133) to work on /home/airflow/.local/lib/python3.12/site-packages/airflow/example_dags/example_xcomargs.py
[2024-12-14T19:29:02.814+0000] {processor.py:914} INFO - Processing file /home/airflow/.local/lib/python3.12/site-packages/airflow/example_dags/example_xcomargs.py for tasks to queue
[2024-12-14T19:29:02.817+0000] {logging_mixin.py:190} INFO - [2024-12-14T19:29:02.816+0000] {dagbag.py:588} INFO - Filling up the DagBag from /home/airflow/.local/lib/python3.12/site-packages/airflow/example_dags/example_xcomargs.py
[2024-12-14T19:29:02.853+0000] {processor.py:925} INFO - DAG(s) 'example_xcom_args_with_operators', 'example_xcom_args' retrieved from /home/airflow/.local/lib/python3.12/site-packages/airflow/example_dags/example_xcomargs.py
[2024-12-14T19:29:02.903+0000] {logging_mixin.py:190} INFO - [2024-12-14T19:29:02.903+0000] {dag.py:3239} INFO - Sync 2 DAGs
[2024-12-14T19:29:02.944+0000] {logging_mixin.py:190} INFO - [2024-12-14T19:29:02.944+0000] {dag.py:4180} INFO - Setting next_dagrun for example_xcom_args to None, run_after=None
[2024-12-14T19:29:02.949+0000] {logging_mixin.py:190} INFO - [2024-12-14T19:29:02.948+0000] {dag.py:4180} INFO - Setting next_dagrun for example_xcom_args_with_operators to None, run_after=None
[2024-12-14T19:29:02.981+0000] {processor.py:208} INFO - Processing /home/airflow/.local/lib/python3.12/site-packages/airflow/example_dags/example_xcomargs.py took 0.192 seconds
[2024-12-14T19:29:33.502+0000] {processor.py:186} INFO - Started process (PID=196) to work on /home/airflow/.local/lib/python3.12/site-packages/airflow/example_dags/example_xcomargs.py
[2024-12-14T19:29:33.503+0000] {processor.py:914} INFO - Processing file /home/airflow/.local/lib/python3.12/site-packages/airflow/example_dags/example_xcomargs.py for tasks to queue
[2024-12-14T19:29:33.505+0000] {logging_mixin.py:190} INFO - [2024-12-14T19:29:33.505+0000] {dagbag.py:588} INFO - Filling up the DagBag from /home/airflow/.local/lib/python3.12/site-packages/airflow/example_dags/example_xcomargs.py
[2024-12-14T19:29:33.514+0000] {processor.py:925} INFO - DAG(s) 'example_xcom_args', 'example_xcom_args_with_operators' retrieved from /home/airflow/.local/lib/python3.12/site-packages/airflow/example_dags/example_xcomargs.py
[2024-12-14T19:29:33.534+0000] {logging_mixin.py:190} INFO - [2024-12-14T19:29:33.534+0000] {dag.py:3239} INFO - Sync 2 DAGs
[2024-12-14T19:29:33.547+0000] {logging_mixin.py:190} INFO - [2024-12-14T19:29:33.547+0000] {dag.py:4180} INFO - Setting next_dagrun for example_xcom_args to None, run_after=None
[2024-12-14T19:29:33.550+0000] {logging_mixin.py:190} INFO - [2024-12-14T19:29:33.550+0000] {dag.py:4180} INFO - Setting next_dagrun for example_xcom_args_with_operators to None, run_after=None
[2024-12-14T19:29:33.563+0000] {processor.py:208} INFO - Processing /home/airflow/.local/lib/python3.12/site-packages/airflow/example_dags/example_xcomargs.py took 0.066 seconds
[2024-12-14T19:30:03.777+0000] {processor.py:186} INFO - Started process (PID=259) to work on /home/airflow/.local/lib/python3.12/site-packages/airflow/example_dags/example_xcomargs.py
[2024-12-14T19:30:03.779+0000] {processor.py:914} INFO - Processing file /home/airflow/.local/lib/python3.12/site-packages/airflow/example_dags/example_xcomargs.py for tasks to queue
[2024-12-14T19:30:03.780+0000] {logging_mixin.py:190} INFO - [2024-12-14T19:30:03.780+0000] {dagbag.py:588} INFO - Filling up the DagBag from /home/airflow/.local/lib/python3.12/site-packages/airflow/example_dags/example_xcomargs.py
[2024-12-14T19:30:03.789+0000] {processor.py:925} INFO - DAG(s) 'example_xcom_args_with_operators', 'example_xcom_args' retrieved from /home/airflow/.local/lib/python3.12/site-packages/airflow/example_dags/example_xcomargs.py
[2024-12-14T19:30:03.810+0000] {logging_mixin.py:190} INFO - [2024-12-14T19:30:03.810+0000] {dag.py:3239} INFO - Sync 2 DAGs
[2024-12-14T19:30:03.824+0000] {logging_mixin.py:190} INFO - [2024-12-14T19:30:03.823+0000] {dag.py:4180} INFO - Setting next_dagrun for example_xcom_args to None, run_after=None
[2024-12-14T19:30:03.827+0000] {logging_mixin.py:190} INFO - [2024-12-14T19:30:03.827+0000] {dag.py:4180} INFO - Setting next_dagrun for example_xcom_args_with_operators to None, run_after=None
[2024-12-14T19:30:03.841+0000] {processor.py:208} INFO - Processing /home/airflow/.local/lib/python3.12/site-packages/airflow/example_dags/example_xcomargs.py took 0.068 seconds
[2024-12-14T19:30:33.997+0000] {processor.py:186} INFO - Started process (PID=321) to work on /home/airflow/.local/lib/python3.12/site-packages/airflow/example_dags/example_xcomargs.py
[2024-12-14T19:30:33.997+0000] {processor.py:914} INFO - Processing file /home/airflow/.local/lib/python3.12/site-packages/airflow/example_dags/example_xcomargs.py for tasks to queue
[2024-12-14T19:30:33.999+0000] {logging_mixin.py:190} INFO - [2024-12-14T19:30:33.998+0000] {dagbag.py:588} INFO - Filling up the DagBag from /home/airflow/.local/lib/python3.12/site-packages/airflow/example_dags/example_xcomargs.py
[2024-12-14T19:30:34.007+0000] {processor.py:925} INFO - DAG(s) 'example_xcom_args_with_operators', 'example_xcom_args' retrieved from /home/airflow/.local/lib/python3.12/site-packages/airflow/example_dags/example_xcomargs.py
[2024-12-14T19:30:34.029+0000] {logging_mixin.py:190} INFO - [2024-12-14T19:30:34.028+0000] {dag.py:3239} INFO - Sync 2 DAGs
[2024-12-14T19:30:34.042+0000] {logging_mixin.py:190} INFO - [2024-12-14T19:30:34.042+0000] {dag.py:4180} INFO - Setting next_dagrun for example_xcom_args to None, run_after=None
[2024-12-14T19:30:34.046+0000] {logging_mixin.py:190} INFO - [2024-12-14T19:30:34.045+0000] {dag.py:4180} INFO - Setting next_dagrun for example_xcom_args_with_operators to None, run_after=None
[2024-12-14T19:30:34.060+0000] {processor.py:208} INFO - Processing /home/airflow/.local/lib/python3.12/site-packages/airflow/example_dags/example_xcomargs.py took 0.068 seconds
[2024-12-14T19:31:43.481+0000] {processor.py:186} INFO - Started process (PID=71) to work on /home/airflow/.local/lib/python3.12/site-packages/airflow/example_dags/example_xcomargs.py
[2024-12-14T19:31:43.482+0000] {processor.py:914} INFO - Processing file /home/airflow/.local/lib/python3.12/site-packages/airflow/example_dags/example_xcomargs.py for tasks to queue
[2024-12-14T19:31:43.484+0000] {logging_mixin.py:190} INFO - [2024-12-14T19:31:43.484+0000] {dagbag.py:588} INFO - Filling up the DagBag from /home/airflow/.local/lib/python3.12/site-packages/airflow/example_dags/example_xcomargs.py
[2024-12-14T19:31:43.497+0000] {processor.py:925} INFO - DAG(s) 'example_xcom_args_with_operators', 'example_xcom_args' retrieved from /home/airflow/.local/lib/python3.12/site-packages/airflow/example_dags/example_xcomargs.py
[2024-12-14T19:31:43.524+0000] {logging_mixin.py:190} INFO - [2024-12-14T19:31:43.524+0000] {dag.py:3239} INFO - Sync 2 DAGs
[2024-12-14T19:31:43.542+0000] {logging_mixin.py:190} INFO - [2024-12-14T19:31:43.542+0000] {dag.py:4180} INFO - Setting next_dagrun for example_xcom_args to None, run_after=None
[2024-12-14T19:31:43.546+0000] {logging_mixin.py:190} INFO - [2024-12-14T19:31:43.546+0000] {dag.py:4180} INFO - Setting next_dagrun for example_xcom_args_with_operators to None, run_after=None
[2024-12-14T19:31:43.568+0000] {processor.py:208} INFO - Processing /home/airflow/.local/lib/python3.12/site-packages/airflow/example_dags/example_xcomargs.py took 0.093 seconds
[2024-12-14T19:32:14.540+0000] {processor.py:186} INFO - Started process (PID=135) to work on /home/airflow/.local/lib/python3.12/site-packages/airflow/example_dags/example_xcomargs.py
[2024-12-14T19:32:14.541+0000] {processor.py:914} INFO - Processing file /home/airflow/.local/lib/python3.12/site-packages/airflow/example_dags/example_xcomargs.py for tasks to queue
[2024-12-14T19:32:14.543+0000] {logging_mixin.py:190} INFO - [2024-12-14T19:32:14.542+0000] {dagbag.py:588} INFO - Filling up the DagBag from /home/airflow/.local/lib/python3.12/site-packages/airflow/example_dags/example_xcomargs.py
[2024-12-14T19:32:14.552+0000] {processor.py:925} INFO - DAG(s) 'example_xcom_args', 'example_xcom_args_with_operators' retrieved from /home/airflow/.local/lib/python3.12/site-packages/airflow/example_dags/example_xcomargs.py
[2024-12-14T19:32:14.572+0000] {logging_mixin.py:190} INFO - [2024-12-14T19:32:14.572+0000] {dag.py:3239} INFO - Sync 2 DAGs
[2024-12-14T19:32:14.586+0000] {logging_mixin.py:190} INFO - [2024-12-14T19:32:14.586+0000] {dag.py:4180} INFO - Setting next_dagrun for example_xcom_args to None, run_after=None
[2024-12-14T19:32:14.590+0000] {logging_mixin.py:190} INFO - [2024-12-14T19:32:14.590+0000] {dag.py:4180} INFO - Setting next_dagrun for example_xcom_args_with_operators to None, run_after=None
[2024-12-14T19:32:14.603+0000] {processor.py:208} INFO - Processing /home/airflow/.local/lib/python3.12/site-packages/airflow/example_dags/example_xcomargs.py took 0.068 seconds
[2024-12-14T19:32:44.809+0000] {processor.py:186} INFO - Started process (PID=198) to work on /home/airflow/.local/lib/python3.12/site-packages/airflow/example_dags/example_xcomargs.py
[2024-12-14T19:32:44.810+0000] {processor.py:914} INFO - Processing file /home/airflow/.local/lib/python3.12/site-packages/airflow/example_dags/example_xcomargs.py for tasks to queue
[2024-12-14T19:32:44.812+0000] {logging_mixin.py:190} INFO - [2024-12-14T19:32:44.812+0000] {dagbag.py:588} INFO - Filling up the DagBag from /home/airflow/.local/lib/python3.12/site-packages/airflow/example_dags/example_xcomargs.py
[2024-12-14T19:32:44.821+0000] {processor.py:925} INFO - DAG(s) 'example_xcom_args_with_operators', 'example_xcom_args' retrieved from /home/airflow/.local/lib/python3.12/site-packages/airflow/example_dags/example_xcomargs.py
[2024-12-14T19:32:44.840+0000] {logging_mixin.py:190} INFO - [2024-12-14T19:32:44.840+0000] {dag.py:3239} INFO - Sync 2 DAGs
[2024-12-14T19:32:44.853+0000] {logging_mixin.py:190} INFO - [2024-12-14T19:32:44.853+0000] {dag.py:4180} INFO - Setting next_dagrun for example_xcom_args to None, run_after=None
[2024-12-14T19:32:44.857+0000] {logging_mixin.py:190} INFO - [2024-12-14T19:32:44.856+0000] {dag.py:4180} INFO - Setting next_dagrun for example_xcom_args_with_operators to None, run_after=None
[2024-12-14T19:32:44.871+0000] {processor.py:208} INFO - Processing /home/airflow/.local/lib/python3.12/site-packages/airflow/example_dags/example_xcomargs.py took 0.066 seconds
[2024-12-14T19:33:15.981+0000] {processor.py:186} INFO - Started process (PID=261) to work on /home/airflow/.local/lib/python3.12/site-packages/airflow/example_dags/example_xcomargs.py
[2024-12-14T19:33:15.982+0000] {processor.py:914} INFO - Processing file /home/airflow/.local/lib/python3.12/site-packages/airflow/example_dags/example_xcomargs.py for tasks to queue
[2024-12-14T19:33:15.984+0000] {logging_mixin.py:190} INFO - [2024-12-14T19:33:15.984+0000] {dagbag.py:588} INFO - Filling up the DagBag from /home/airflow/.local/lib/python3.12/site-packages/airflow/example_dags/example_xcomargs.py
[2024-12-14T19:33:15.993+0000] {processor.py:925} INFO - DAG(s) 'example_xcom_args_with_operators', 'example_xcom_args' retrieved from /home/airflow/.local/lib/python3.12/site-packages/airflow/example_dags/example_xcomargs.py
[2024-12-14T19:33:16.011+0000] {logging_mixin.py:190} INFO - [2024-12-14T19:33:16.011+0000] {dag.py:3239} INFO - Sync 2 DAGs
[2024-12-14T19:33:16.026+0000] {logging_mixin.py:190} INFO - [2024-12-14T19:33:16.025+0000] {dag.py:4180} INFO - Setting next_dagrun for example_xcom_args to None, run_after=None
[2024-12-14T19:33:16.029+0000] {logging_mixin.py:190} INFO - [2024-12-14T19:33:16.029+0000] {dag.py:4180} INFO - Setting next_dagrun for example_xcom_args_with_operators to None, run_after=None
[2024-12-14T19:33:16.041+0000] {processor.py:208} INFO - Processing /home/airflow/.local/lib/python3.12/site-packages/airflow/example_dags/example_xcomargs.py took 0.065 seconds
[2024-12-14T19:33:47.403+0000] {processor.py:186} INFO - Started process (PID=324) to work on /home/airflow/.local/lib/python3.12/site-packages/airflow/example_dags/example_xcomargs.py
[2024-12-14T19:33:47.404+0000] {processor.py:914} INFO - Processing file /home/airflow/.local/lib/python3.12/site-packages/airflow/example_dags/example_xcomargs.py for tasks to queue
[2024-12-14T19:33:47.406+0000] {logging_mixin.py:190} INFO - [2024-12-14T19:33:47.406+0000] {dagbag.py:588} INFO - Filling up the DagBag from /home/airflow/.local/lib/python3.12/site-packages/airflow/example_dags/example_xcomargs.py
[2024-12-14T19:33:47.415+0000] {processor.py:925} INFO - DAG(s) 'example_xcom_args', 'example_xcom_args_with_operators' retrieved from /home/airflow/.local/lib/python3.12/site-packages/airflow/example_dags/example_xcomargs.py
[2024-12-14T19:33:47.435+0000] {logging_mixin.py:190} INFO - [2024-12-14T19:33:47.435+0000] {dag.py:3239} INFO - Sync 2 DAGs
[2024-12-14T19:33:47.449+0000] {logging_mixin.py:190} INFO - [2024-12-14T19:33:47.449+0000] {dag.py:4180} INFO - Setting next_dagrun for example_xcom_args to None, run_after=None
[2024-12-14T19:33:47.452+0000] {logging_mixin.py:190} INFO - [2024-12-14T19:33:47.452+0000] {dag.py:4180} INFO - Setting next_dagrun for example_xcom_args_with_operators to None, run_after=None
[2024-12-14T19:33:47.465+0000] {processor.py:208} INFO - Processing /home/airflow/.local/lib/python3.12/site-packages/airflow/example_dags/example_xcomargs.py took 0.068 seconds
[2024-12-14T19:34:18.824+0000] {processor.py:186} INFO - Started process (PID=387) to work on /home/airflow/.local/lib/python3.12/site-packages/airflow/example_dags/example_xcomargs.py
[2024-12-14T19:34:18.825+0000] {processor.py:914} INFO - Processing file /home/airflow/.local/lib/python3.12/site-packages/airflow/example_dags/example_xcomargs.py for tasks to queue
[2024-12-14T19:34:18.827+0000] {logging_mixin.py:190} INFO - [2024-12-14T19:34:18.827+0000] {dagbag.py:588} INFO - Filling up the DagBag from /home/airflow/.local/lib/python3.12/site-packages/airflow/example_dags/example_xcomargs.py
[2024-12-14T19:34:18.837+0000] {processor.py:925} INFO - DAG(s) 'example_xcom_args_with_operators', 'example_xcom_args' retrieved from /home/airflow/.local/lib/python3.12/site-packages/airflow/example_dags/example_xcomargs.py
[2024-12-14T19:34:18.856+0000] {logging_mixin.py:190} INFO - [2024-12-14T19:34:18.856+0000] {dag.py:3239} INFO - Sync 2 DAGs
[2024-12-14T19:34:18.868+0000] {logging_mixin.py:190} INFO - [2024-12-14T19:34:18.867+0000] {dag.py:4180} INFO - Setting next_dagrun for example_xcom_args to None, run_after=None
[2024-12-14T19:34:18.871+0000] {logging_mixin.py:190} INFO - [2024-12-14T19:34:18.870+0000] {dag.py:4180} INFO - Setting next_dagrun for example_xcom_args_with_operators to None, run_after=None
[2024-12-14T19:34:18.883+0000] {processor.py:208} INFO - Processing /home/airflow/.local/lib/python3.12/site-packages/airflow/example_dags/example_xcomargs.py took 0.064 seconds
[2024-12-14T19:34:50.040+0000] {processor.py:186} INFO - Started process (PID=450) to work on /home/airflow/.local/lib/python3.12/site-packages/airflow/example_dags/example_xcomargs.py
[2024-12-14T19:34:50.041+0000] {processor.py:914} INFO - Processing file /home/airflow/.local/lib/python3.12/site-packages/airflow/example_dags/example_xcomargs.py for tasks to queue
[2024-12-14T19:34:50.042+0000] {logging_mixin.py:190} INFO - [2024-12-14T19:34:50.042+0000] {dagbag.py:588} INFO - Filling up the DagBag from /home/airflow/.local/lib/python3.12/site-packages/airflow/example_dags/example_xcomargs.py
[2024-12-14T19:34:50.051+0000] {processor.py:925} INFO - DAG(s) 'example_xcom_args_with_operators', 'example_xcom_args' retrieved from /home/airflow/.local/lib/python3.12/site-packages/airflow/example_dags/example_xcomargs.py
[2024-12-14T19:34:50.071+0000] {logging_mixin.py:190} INFO - [2024-12-14T19:34:50.071+0000] {dag.py:3239} INFO - Sync 2 DAGs
[2024-12-14T19:34:50.084+0000] {logging_mixin.py:190} INFO - [2024-12-14T19:34:50.084+0000] {dag.py:4180} INFO - Setting next_dagrun for example_xcom_args to None, run_after=None
[2024-12-14T19:34:50.087+0000] {logging_mixin.py:190} INFO - [2024-12-14T19:34:50.087+0000] {dag.py:4180} INFO - Setting next_dagrun for example_xcom_args_with_operators to None, run_after=None
[2024-12-14T19:34:50.100+0000] {processor.py:208} INFO - Processing /home/airflow/.local/lib/python3.12/site-packages/airflow/example_dags/example_xcomargs.py took 0.065 seconds
[2024-12-14T19:35:54.061+0000] {processor.py:186} INFO - Started process (PID=64) to work on /home/airflow/.local/lib/python3.12/site-packages/airflow/example_dags/example_xcomargs.py
[2024-12-14T19:35:54.062+0000] {processor.py:914} INFO - Processing file /home/airflow/.local/lib/python3.12/site-packages/airflow/example_dags/example_xcomargs.py for tasks to queue
[2024-12-14T19:35:54.063+0000] {logging_mixin.py:190} INFO - [2024-12-14T19:35:54.063+0000] {dagbag.py:588} INFO - Filling up the DagBag from /home/airflow/.local/lib/python3.12/site-packages/airflow/example_dags/example_xcomargs.py
[2024-12-14T19:35:54.072+0000] {processor.py:925} INFO - DAG(s) 'example_xcom_args', 'example_xcom_args_with_operators' retrieved from /home/airflow/.local/lib/python3.12/site-packages/airflow/example_dags/example_xcomargs.py
[2024-12-14T19:35:54.095+0000] {logging_mixin.py:190} INFO - [2024-12-14T19:35:54.094+0000] {dag.py:3239} INFO - Sync 2 DAGs
[2024-12-14T19:35:54.110+0000] {logging_mixin.py:190} INFO - [2024-12-14T19:35:54.110+0000] {dag.py:4180} INFO - Setting next_dagrun for example_xcom_args to None, run_after=None
[2024-12-14T19:35:54.114+0000] {logging_mixin.py:190} INFO - [2024-12-14T19:35:54.114+0000] {dag.py:4180} INFO - Setting next_dagrun for example_xcom_args_with_operators to None, run_after=None
[2024-12-14T19:35:54.130+0000] {processor.py:208} INFO - Processing /home/airflow/.local/lib/python3.12/site-packages/airflow/example_dags/example_xcomargs.py took 0.073 seconds
[2024-12-14T19:36:25.163+0000] {processor.py:186} INFO - Started process (PID=127) to work on /home/airflow/.local/lib/python3.12/site-packages/airflow/example_dags/example_xcomargs.py
[2024-12-14T19:36:25.164+0000] {processor.py:914} INFO - Processing file /home/airflow/.local/lib/python3.12/site-packages/airflow/example_dags/example_xcomargs.py for tasks to queue
[2024-12-14T19:36:25.166+0000] {logging_mixin.py:190} INFO - [2024-12-14T19:36:25.166+0000] {dagbag.py:588} INFO - Filling up the DagBag from /home/airflow/.local/lib/python3.12/site-packages/airflow/example_dags/example_xcomargs.py
[2024-12-14T19:36:25.178+0000] {processor.py:925} INFO - DAG(s) 'example_xcom_args', 'example_xcom_args_with_operators' retrieved from /home/airflow/.local/lib/python3.12/site-packages/airflow/example_dags/example_xcomargs.py
[2024-12-14T19:36:25.199+0000] {logging_mixin.py:190} INFO - [2024-12-14T19:36:25.198+0000] {dag.py:3239} INFO - Sync 2 DAGs
[2024-12-14T19:36:25.213+0000] {logging_mixin.py:190} INFO - [2024-12-14T19:36:25.213+0000] {dag.py:4180} INFO - Setting next_dagrun for example_xcom_args to None, run_after=None
[2024-12-14T19:36:25.217+0000] {logging_mixin.py:190} INFO - [2024-12-14T19:36:25.216+0000] {dag.py:4180} INFO - Setting next_dagrun for example_xcom_args_with_operators to None, run_after=None
[2024-12-14T19:36:25.230+0000] {processor.py:208} INFO - Processing /home/airflow/.local/lib/python3.12/site-packages/airflow/example_dags/example_xcomargs.py took 0.073 seconds
[2024-12-14T19:36:56.202+0000] {processor.py:186} INFO - Started process (PID=190) to work on /home/airflow/.local/lib/python3.12/site-packages/airflow/example_dags/example_xcomargs.py
[2024-12-14T19:36:56.203+0000] {processor.py:914} INFO - Processing file /home/airflow/.local/lib/python3.12/site-packages/airflow/example_dags/example_xcomargs.py for tasks to queue
[2024-12-14T19:36:56.205+0000] {logging_mixin.py:190} INFO - [2024-12-14T19:36:56.204+0000] {dagbag.py:588} INFO - Filling up the DagBag from /home/airflow/.local/lib/python3.12/site-packages/airflow/example_dags/example_xcomargs.py
[2024-12-14T19:36:56.213+0000] {processor.py:925} INFO - DAG(s) 'example_xcom_args', 'example_xcom_args_with_operators' retrieved from /home/airflow/.local/lib/python3.12/site-packages/airflow/example_dags/example_xcomargs.py
[2024-12-14T19:36:56.231+0000] {logging_mixin.py:190} INFO - [2024-12-14T19:36:56.231+0000] {dag.py:3239} INFO - Sync 2 DAGs
[2024-12-14T19:36:56.245+0000] {logging_mixin.py:190} INFO - [2024-12-14T19:36:56.245+0000] {dag.py:4180} INFO - Setting next_dagrun for example_xcom_args to None, run_after=None
[2024-12-14T19:36:56.248+0000] {logging_mixin.py:190} INFO - [2024-12-14T19:36:56.248+0000] {dag.py:4180} INFO - Setting next_dagrun for example_xcom_args_with_operators to None, run_after=None
[2024-12-14T19:36:56.261+0000] {processor.py:208} INFO - Processing /home/airflow/.local/lib/python3.12/site-packages/airflow/example_dags/example_xcomargs.py took 0.064 seconds
[2024-12-14T19:37:27.197+0000] {processor.py:186} INFO - Started process (PID=253) to work on /home/airflow/.local/lib/python3.12/site-packages/airflow/example_dags/example_xcomargs.py
[2024-12-14T19:37:27.198+0000] {processor.py:914} INFO - Processing file /home/airflow/.local/lib/python3.12/site-packages/airflow/example_dags/example_xcomargs.py for tasks to queue
[2024-12-14T19:37:27.200+0000] {logging_mixin.py:190} INFO - [2024-12-14T19:37:27.200+0000] {dagbag.py:588} INFO - Filling up the DagBag from /home/airflow/.local/lib/python3.12/site-packages/airflow/example_dags/example_xcomargs.py
[2024-12-14T19:37:27.209+0000] {processor.py:925} INFO - DAG(s) 'example_xcom_args', 'example_xcom_args_with_operators' retrieved from /home/airflow/.local/lib/python3.12/site-packages/airflow/example_dags/example_xcomargs.py
[2024-12-14T19:37:27.230+0000] {logging_mixin.py:190} INFO - [2024-12-14T19:37:27.230+0000] {dag.py:3239} INFO - Sync 2 DAGs
[2024-12-14T19:37:27.242+0000] {logging_mixin.py:190} INFO - [2024-12-14T19:37:27.242+0000] {dag.py:4180} INFO - Setting next_dagrun for example_xcom_args to None, run_after=None
[2024-12-14T19:37:27.246+0000] {logging_mixin.py:190} INFO - [2024-12-14T19:37:27.245+0000] {dag.py:4180} INFO - Setting next_dagrun for example_xcom_args_with_operators to None, run_after=None
[2024-12-14T19:37:27.259+0000] {processor.py:208} INFO - Processing /home/airflow/.local/lib/python3.12/site-packages/airflow/example_dags/example_xcomargs.py took 0.067 seconds
[2024-12-14T19:37:58.154+0000] {processor.py:186} INFO - Started process (PID=316) to work on /home/airflow/.local/lib/python3.12/site-packages/airflow/example_dags/example_xcomargs.py
[2024-12-14T19:37:58.155+0000] {processor.py:914} INFO - Processing file /home/airflow/.local/lib/python3.12/site-packages/airflow/example_dags/example_xcomargs.py for tasks to queue
[2024-12-14T19:37:58.156+0000] {logging_mixin.py:190} INFO - [2024-12-14T19:37:58.156+0000] {dagbag.py:588} INFO - Filling up the DagBag from /home/airflow/.local/lib/python3.12/site-packages/airflow/example_dags/example_xcomargs.py
[2024-12-14T19:37:58.166+0000] {processor.py:925} INFO - DAG(s) 'example_xcom_args_with_operators', 'example_xcom_args' retrieved from /home/airflow/.local/lib/python3.12/site-packages/airflow/example_dags/example_xcomargs.py
[2024-12-14T19:37:58.186+0000] {logging_mixin.py:190} INFO - [2024-12-14T19:37:58.186+0000] {dag.py:3239} INFO - Sync 2 DAGs
[2024-12-14T19:37:58.200+0000] {logging_mixin.py:190} INFO - [2024-12-14T19:37:58.200+0000] {dag.py:4180} INFO - Setting next_dagrun for example_xcom_args to None, run_after=None
[2024-12-14T19:37:58.205+0000] {logging_mixin.py:190} INFO - [2024-12-14T19:37:58.204+0000] {dag.py:4180} INFO - Setting next_dagrun for example_xcom_args_with_operators to None, run_after=None
[2024-12-14T19:37:58.220+0000] {processor.py:208} INFO - Processing /home/airflow/.local/lib/python3.12/site-packages/airflow/example_dags/example_xcomargs.py took 0.072 seconds
[2024-12-14T19:38:29.162+0000] {processor.py:186} INFO - Started process (PID=379) to work on /home/airflow/.local/lib/python3.12/site-packages/airflow/example_dags/example_xcomargs.py
[2024-12-14T19:38:29.164+0000] {processor.py:914} INFO - Processing file /home/airflow/.local/lib/python3.12/site-packages/airflow/example_dags/example_xcomargs.py for tasks to queue
[2024-12-14T19:38:29.165+0000] {logging_mixin.py:190} INFO - [2024-12-14T19:38:29.165+0000] {dagbag.py:588} INFO - Filling up the DagBag from /home/airflow/.local/lib/python3.12/site-packages/airflow/example_dags/example_xcomargs.py
[2024-12-14T19:38:29.173+0000] {processor.py:925} INFO - DAG(s) 'example_xcom_args_with_operators', 'example_xcom_args' retrieved from /home/airflow/.local/lib/python3.12/site-packages/airflow/example_dags/example_xcomargs.py
[2024-12-14T19:38:29.193+0000] {logging_mixin.py:190} INFO - [2024-12-14T19:38:29.193+0000] {dag.py:3239} INFO - Sync 2 DAGs
[2024-12-14T19:38:29.206+0000] {logging_mixin.py:190} INFO - [2024-12-14T19:38:29.206+0000] {dag.py:4180} INFO - Setting next_dagrun for example_xcom_args to None, run_after=None
[2024-12-14T19:38:29.209+0000] {logging_mixin.py:190} INFO - [2024-12-14T19:38:29.209+0000] {dag.py:4180} INFO - Setting next_dagrun for example_xcom_args_with_operators to None, run_after=None
[2024-12-14T19:38:29.223+0000] {processor.py:208} INFO - Processing /home/airflow/.local/lib/python3.12/site-packages/airflow/example_dags/example_xcomargs.py took 0.065 seconds
[2024-12-14T19:39:00.505+0000] {processor.py:186} INFO - Started process (PID=442) to work on /home/airflow/.local/lib/python3.12/site-packages/airflow/example_dags/example_xcomargs.py
[2024-12-14T19:39:00.506+0000] {processor.py:914} INFO - Processing file /home/airflow/.local/lib/python3.12/site-packages/airflow/example_dags/example_xcomargs.py for tasks to queue
[2024-12-14T19:39:00.508+0000] {logging_mixin.py:190} INFO - [2024-12-14T19:39:00.507+0000] {dagbag.py:588} INFO - Filling up the DagBag from /home/airflow/.local/lib/python3.12/site-packages/airflow/example_dags/example_xcomargs.py
[2024-12-14T19:39:00.516+0000] {processor.py:925} INFO - DAG(s) 'example_xcom_args', 'example_xcom_args_with_operators' retrieved from /home/airflow/.local/lib/python3.12/site-packages/airflow/example_dags/example_xcomargs.py
[2024-12-14T19:39:00.534+0000] {logging_mixin.py:190} INFO - [2024-12-14T19:39:00.534+0000] {dag.py:3239} INFO - Sync 2 DAGs
[2024-12-14T19:39:00.547+0000] {logging_mixin.py:190} INFO - [2024-12-14T19:39:00.547+0000] {dag.py:4180} INFO - Setting next_dagrun for example_xcom_args to None, run_after=None
[2024-12-14T19:39:00.550+0000] {logging_mixin.py:190} INFO - [2024-12-14T19:39:00.550+0000] {dag.py:4180} INFO - Setting next_dagrun for example_xcom_args_with_operators to None, run_after=None
[2024-12-14T19:39:00.562+0000] {processor.py:208} INFO - Processing /home/airflow/.local/lib/python3.12/site-packages/airflow/example_dags/example_xcomargs.py took 0.062 seconds
[2024-12-14T19:39:31.913+0000] {processor.py:186} INFO - Started process (PID=505) to work on /home/airflow/.local/lib/python3.12/site-packages/airflow/example_dags/example_xcomargs.py
[2024-12-14T19:39:31.914+0000] {processor.py:914} INFO - Processing file /home/airflow/.local/lib/python3.12/site-packages/airflow/example_dags/example_xcomargs.py for tasks to queue
[2024-12-14T19:39:31.915+0000] {logging_mixin.py:190} INFO - [2024-12-14T19:39:31.915+0000] {dagbag.py:588} INFO - Filling up the DagBag from /home/airflow/.local/lib/python3.12/site-packages/airflow/example_dags/example_xcomargs.py
[2024-12-14T19:39:31.924+0000] {processor.py:925} INFO - DAG(s) 'example_xcom_args', 'example_xcom_args_with_operators' retrieved from /home/airflow/.local/lib/python3.12/site-packages/airflow/example_dags/example_xcomargs.py
[2024-12-14T19:39:31.944+0000] {logging_mixin.py:190} INFO - [2024-12-14T19:39:31.944+0000] {dag.py:3239} INFO - Sync 2 DAGs
[2024-12-14T19:39:31.958+0000] {logging_mixin.py:190} INFO - [2024-12-14T19:39:31.958+0000] {dag.py:4180} INFO - Setting next_dagrun for example_xcom_args to None, run_after=None
[2024-12-14T19:39:31.961+0000] {logging_mixin.py:190} INFO - [2024-12-14T19:39:31.961+0000] {dag.py:4180} INFO - Setting next_dagrun for example_xcom_args_with_operators to None, run_after=None
[2024-12-14T19:39:31.975+0000] {processor.py:208} INFO - Processing /home/airflow/.local/lib/python3.12/site-packages/airflow/example_dags/example_xcomargs.py took 0.067 seconds
[2024-12-14T19:40:03.317+0000] {processor.py:186} INFO - Started process (PID=568) to work on /home/airflow/.local/lib/python3.12/site-packages/airflow/example_dags/example_xcomargs.py
[2024-12-14T19:40:03.318+0000] {processor.py:914} INFO - Processing file /home/airflow/.local/lib/python3.12/site-packages/airflow/example_dags/example_xcomargs.py for tasks to queue
[2024-12-14T19:40:03.320+0000] {logging_mixin.py:190} INFO - [2024-12-14T19:40:03.320+0000] {dagbag.py:588} INFO - Filling up the DagBag from /home/airflow/.local/lib/python3.12/site-packages/airflow/example_dags/example_xcomargs.py
[2024-12-14T19:40:03.337+0000] {processor.py:925} INFO - DAG(s) 'example_xcom_args', 'example_xcom_args_with_operators' retrieved from /home/airflow/.local/lib/python3.12/site-packages/airflow/example_dags/example_xcomargs.py
[2024-12-14T19:40:03.366+0000] {logging_mixin.py:190} INFO - [2024-12-14T19:40:03.366+0000] {dag.py:3239} INFO - Sync 2 DAGs
[2024-12-14T19:40:03.383+0000] {logging_mixin.py:190} INFO - [2024-12-14T19:40:03.383+0000] {dag.py:4180} INFO - Setting next_dagrun for example_xcom_args to None, run_after=None
[2024-12-14T19:40:03.387+0000] {logging_mixin.py:190} INFO - [2024-12-14T19:40:03.387+0000] {dag.py:4180} INFO - Setting next_dagrun for example_xcom_args_with_operators to None, run_after=None
[2024-12-14T19:40:03.399+0000] {processor.py:208} INFO - Processing /home/airflow/.local/lib/python3.12/site-packages/airflow/example_dags/example_xcomargs.py took 0.093 seconds
[2024-12-14T19:40:34.233+0000] {processor.py:186} INFO - Started process (PID=638) to work on /home/airflow/.local/lib/python3.12/site-packages/airflow/example_dags/example_xcomargs.py
[2024-12-14T19:40:34.235+0000] {processor.py:914} INFO - Processing file /home/airflow/.local/lib/python3.12/site-packages/airflow/example_dags/example_xcomargs.py for tasks to queue
[2024-12-14T19:40:34.237+0000] {logging_mixin.py:190} INFO - [2024-12-14T19:40:34.237+0000] {dagbag.py:588} INFO - Filling up the DagBag from /home/airflow/.local/lib/python3.12/site-packages/airflow/example_dags/example_xcomargs.py
[2024-12-14T19:40:34.246+0000] {processor.py:925} INFO - DAG(s) 'example_xcom_args', 'example_xcom_args_with_operators' retrieved from /home/airflow/.local/lib/python3.12/site-packages/airflow/example_dags/example_xcomargs.py
[2024-12-14T19:40:34.268+0000] {logging_mixin.py:190} INFO - [2024-12-14T19:40:34.268+0000] {dag.py:3239} INFO - Sync 2 DAGs
[2024-12-14T19:40:34.285+0000] {logging_mixin.py:190} INFO - [2024-12-14T19:40:34.284+0000] {dag.py:4180} INFO - Setting next_dagrun for example_xcom_args to None, run_after=None
[2024-12-14T19:40:34.288+0000] {logging_mixin.py:190} INFO - [2024-12-14T19:40:34.288+0000] {dag.py:4180} INFO - Setting next_dagrun for example_xcom_args_with_operators to None, run_after=None
[2024-12-14T19:40:34.303+0000] {processor.py:208} INFO - Processing /home/airflow/.local/lib/python3.12/site-packages/airflow/example_dags/example_xcomargs.py took 0.075 seconds
[2024-12-14T19:41:05.047+0000] {processor.py:186} INFO - Started process (PID=701) to work on /home/airflow/.local/lib/python3.12/site-packages/airflow/example_dags/example_xcomargs.py
[2024-12-14T19:41:05.048+0000] {processor.py:914} INFO - Processing file /home/airflow/.local/lib/python3.12/site-packages/airflow/example_dags/example_xcomargs.py for tasks to queue
[2024-12-14T19:41:05.050+0000] {logging_mixin.py:190} INFO - [2024-12-14T19:41:05.050+0000] {dagbag.py:588} INFO - Filling up the DagBag from /home/airflow/.local/lib/python3.12/site-packages/airflow/example_dags/example_xcomargs.py
[2024-12-14T19:41:05.058+0000] {processor.py:925} INFO - DAG(s) 'example_xcom_args_with_operators', 'example_xcom_args' retrieved from /home/airflow/.local/lib/python3.12/site-packages/airflow/example_dags/example_xcomargs.py
[2024-12-14T19:41:05.077+0000] {logging_mixin.py:190} INFO - [2024-12-14T19:41:05.076+0000] {dag.py:3239} INFO - Sync 2 DAGs
[2024-12-14T19:41:05.089+0000] {logging_mixin.py:190} INFO - [2024-12-14T19:41:05.089+0000] {dag.py:4180} INFO - Setting next_dagrun for example_xcom_args to None, run_after=None
[2024-12-14T19:41:05.092+0000] {logging_mixin.py:190} INFO - [2024-12-14T19:41:05.092+0000] {dag.py:4180} INFO - Setting next_dagrun for example_xcom_args_with_operators to None, run_after=None
[2024-12-14T19:41:05.104+0000] {processor.py:208} INFO - Processing /home/airflow/.local/lib/python3.12/site-packages/airflow/example_dags/example_xcomargs.py took 0.062 seconds
[2024-12-14T19:41:36.255+0000] {processor.py:186} INFO - Started process (PID=764) to work on /home/airflow/.local/lib/python3.12/site-packages/airflow/example_dags/example_xcomargs.py
[2024-12-14T19:41:36.256+0000] {processor.py:914} INFO - Processing file /home/airflow/.local/lib/python3.12/site-packages/airflow/example_dags/example_xcomargs.py for tasks to queue
[2024-12-14T19:41:36.258+0000] {logging_mixin.py:190} INFO - [2024-12-14T19:41:36.257+0000] {dagbag.py:588} INFO - Filling up the DagBag from /home/airflow/.local/lib/python3.12/site-packages/airflow/example_dags/example_xcomargs.py
[2024-12-14T19:41:36.266+0000] {processor.py:925} INFO - DAG(s) 'example_xcom_args_with_operators', 'example_xcom_args' retrieved from /home/airflow/.local/lib/python3.12/site-packages/airflow/example_dags/example_xcomargs.py
[2024-12-14T19:41:36.286+0000] {logging_mixin.py:190} INFO - [2024-12-14T19:41:36.286+0000] {dag.py:3239} INFO - Sync 2 DAGs
[2024-12-14T19:41:36.299+0000] {logging_mixin.py:190} INFO - [2024-12-14T19:41:36.298+0000] {dag.py:4180} INFO - Setting next_dagrun for example_xcom_args to None, run_after=None
[2024-12-14T19:41:36.301+0000] {logging_mixin.py:190} INFO - [2024-12-14T19:41:36.301+0000] {dag.py:4180} INFO - Setting next_dagrun for example_xcom_args_with_operators to None, run_after=None
[2024-12-14T19:41:36.315+0000] {processor.py:208} INFO - Processing /home/airflow/.local/lib/python3.12/site-packages/airflow/example_dags/example_xcomargs.py took 0.065 seconds
[2024-12-14T19:42:07.727+0000] {processor.py:186} INFO - Started process (PID=825) to work on /home/airflow/.local/lib/python3.12/site-packages/airflow/example_dags/example_xcomargs.py
[2024-12-14T19:42:07.729+0000] {processor.py:914} INFO - Processing file /home/airflow/.local/lib/python3.12/site-packages/airflow/example_dags/example_xcomargs.py for tasks to queue
[2024-12-14T19:42:07.731+0000] {logging_mixin.py:190} INFO - [2024-12-14T19:42:07.731+0000] {dagbag.py:588} INFO - Filling up the DagBag from /home/airflow/.local/lib/python3.12/site-packages/airflow/example_dags/example_xcomargs.py
[2024-12-14T19:42:07.742+0000] {processor.py:925} INFO - DAG(s) 'example_xcom_args', 'example_xcom_args_with_operators' retrieved from /home/airflow/.local/lib/python3.12/site-packages/airflow/example_dags/example_xcomargs.py
[2024-12-14T19:42:07.766+0000] {logging_mixin.py:190} INFO - [2024-12-14T19:42:07.766+0000] {dag.py:3239} INFO - Sync 2 DAGs
[2024-12-14T19:42:07.782+0000] {logging_mixin.py:190} INFO - [2024-12-14T19:42:07.782+0000] {dag.py:4180} INFO - Setting next_dagrun for example_xcom_args to None, run_after=None
[2024-12-14T19:42:07.786+0000] {logging_mixin.py:190} INFO - [2024-12-14T19:42:07.785+0000] {dag.py:4180} INFO - Setting next_dagrun for example_xcom_args_with_operators to None, run_after=None
[2024-12-14T19:42:07.798+0000] {processor.py:208} INFO - Processing /home/airflow/.local/lib/python3.12/site-packages/airflow/example_dags/example_xcomargs.py took 0.077 seconds
[2024-12-14T19:42:39.066+0000] {processor.py:186} INFO - Started process (PID=888) to work on /home/airflow/.local/lib/python3.12/site-packages/airflow/example_dags/example_xcomargs.py
[2024-12-14T19:42:39.067+0000] {processor.py:914} INFO - Processing file /home/airflow/.local/lib/python3.12/site-packages/airflow/example_dags/example_xcomargs.py for tasks to queue
[2024-12-14T19:42:39.068+0000] {logging_mixin.py:190} INFO - [2024-12-14T19:42:39.068+0000] {dagbag.py:588} INFO - Filling up the DagBag from /home/airflow/.local/lib/python3.12/site-packages/airflow/example_dags/example_xcomargs.py
[2024-12-14T19:42:39.076+0000] {processor.py:925} INFO - DAG(s) 'example_xcom_args', 'example_xcom_args_with_operators' retrieved from /home/airflow/.local/lib/python3.12/site-packages/airflow/example_dags/example_xcomargs.py
[2024-12-14T19:42:39.099+0000] {logging_mixin.py:190} INFO - [2024-12-14T19:42:39.098+0000] {dag.py:3239} INFO - Sync 2 DAGs
[2024-12-14T19:42:39.115+0000] {logging_mixin.py:190} INFO - [2024-12-14T19:42:39.115+0000] {dag.py:4180} INFO - Setting next_dagrun for example_xcom_args to None, run_after=None
[2024-12-14T19:42:39.119+0000] {logging_mixin.py:190} INFO - [2024-12-14T19:42:39.119+0000] {dag.py:4180} INFO - Setting next_dagrun for example_xcom_args_with_operators to None, run_after=None
[2024-12-14T19:42:39.138+0000] {processor.py:208} INFO - Processing /home/airflow/.local/lib/python3.12/site-packages/airflow/example_dags/example_xcomargs.py took 0.077 seconds
[2024-12-14T19:43:09.527+0000] {processor.py:186} INFO - Started process (PID=951) to work on /home/airflow/.local/lib/python3.12/site-packages/airflow/example_dags/example_xcomargs.py
[2024-12-14T19:43:09.527+0000] {processor.py:914} INFO - Processing file /home/airflow/.local/lib/python3.12/site-packages/airflow/example_dags/example_xcomargs.py for tasks to queue
[2024-12-14T19:43:09.529+0000] {logging_mixin.py:190} INFO - [2024-12-14T19:43:09.529+0000] {dagbag.py:588} INFO - Filling up the DagBag from /home/airflow/.local/lib/python3.12/site-packages/airflow/example_dags/example_xcomargs.py
[2024-12-14T19:43:09.538+0000] {processor.py:925} INFO - DAG(s) 'example_xcom_args_with_operators', 'example_xcom_args' retrieved from /home/airflow/.local/lib/python3.12/site-packages/airflow/example_dags/example_xcomargs.py
[2024-12-14T19:43:09.558+0000] {logging_mixin.py:190} INFO - [2024-12-14T19:43:09.558+0000] {dag.py:3239} INFO - Sync 2 DAGs
[2024-12-14T19:43:09.574+0000] {logging_mixin.py:190} INFO - [2024-12-14T19:43:09.574+0000] {dag.py:4180} INFO - Setting next_dagrun for example_xcom_args to None, run_after=None
[2024-12-14T19:43:09.579+0000] {logging_mixin.py:190} INFO - [2024-12-14T19:43:09.578+0000] {dag.py:4180} INFO - Setting next_dagrun for example_xcom_args_with_operators to None, run_after=None
[2024-12-14T19:43:09.593+0000] {processor.py:208} INFO - Processing /home/airflow/.local/lib/python3.12/site-packages/airflow/example_dags/example_xcomargs.py took 0.073 seconds
[2024-12-14T19:43:40.368+0000] {processor.py:186} INFO - Started process (PID=1014) to work on /home/airflow/.local/lib/python3.12/site-packages/airflow/example_dags/example_xcomargs.py
[2024-12-14T19:43:40.369+0000] {processor.py:914} INFO - Processing file /home/airflow/.local/lib/python3.12/site-packages/airflow/example_dags/example_xcomargs.py for tasks to queue
[2024-12-14T19:43:40.371+0000] {logging_mixin.py:190} INFO - [2024-12-14T19:43:40.371+0000] {dagbag.py:588} INFO - Filling up the DagBag from /home/airflow/.local/lib/python3.12/site-packages/airflow/example_dags/example_xcomargs.py
[2024-12-14T19:43:40.379+0000] {processor.py:925} INFO - DAG(s) 'example_xcom_args_with_operators', 'example_xcom_args' retrieved from /home/airflow/.local/lib/python3.12/site-packages/airflow/example_dags/example_xcomargs.py
[2024-12-14T19:43:40.399+0000] {logging_mixin.py:190} INFO - [2024-12-14T19:43:40.399+0000] {dag.py:3239} INFO - Sync 2 DAGs
[2024-12-14T19:43:40.412+0000] {logging_mixin.py:190} INFO - [2024-12-14T19:43:40.412+0000] {dag.py:4180} INFO - Setting next_dagrun for example_xcom_args to None, run_after=None
[2024-12-14T19:43:40.415+0000] {logging_mixin.py:190} INFO - [2024-12-14T19:43:40.415+0000] {dag.py:4180} INFO - Setting next_dagrun for example_xcom_args_with_operators to None, run_after=None
[2024-12-14T19:43:40.428+0000] {processor.py:208} INFO - Processing /home/airflow/.local/lib/python3.12/site-packages/airflow/example_dags/example_xcomargs.py took 0.065 seconds
[2024-12-14T19:44:10.862+0000] {processor.py:186} INFO - Started process (PID=1076) to work on /home/airflow/.local/lib/python3.12/site-packages/airflow/example_dags/example_xcomargs.py
[2024-12-14T19:44:10.864+0000] {processor.py:914} INFO - Processing file /home/airflow/.local/lib/python3.12/site-packages/airflow/example_dags/example_xcomargs.py for tasks to queue
[2024-12-14T19:44:10.866+0000] {logging_mixin.py:190} INFO - [2024-12-14T19:44:10.865+0000] {dagbag.py:588} INFO - Filling up the DagBag from /home/airflow/.local/lib/python3.12/site-packages/airflow/example_dags/example_xcomargs.py
[2024-12-14T19:44:10.874+0000] {processor.py:925} INFO - DAG(s) 'example_xcom_args', 'example_xcom_args_with_operators' retrieved from /home/airflow/.local/lib/python3.12/site-packages/airflow/example_dags/example_xcomargs.py
[2024-12-14T19:44:10.896+0000] {logging_mixin.py:190} INFO - [2024-12-14T19:44:10.896+0000] {dag.py:3239} INFO - Sync 2 DAGs
[2024-12-14T19:44:10.909+0000] {logging_mixin.py:190} INFO - [2024-12-14T19:44:10.909+0000] {dag.py:4180} INFO - Setting next_dagrun for example_xcom_args to None, run_after=None
[2024-12-14T19:44:10.912+0000] {logging_mixin.py:190} INFO - [2024-12-14T19:44:10.912+0000] {dag.py:4180} INFO - Setting next_dagrun for example_xcom_args_with_operators to None, run_after=None
[2024-12-14T19:44:10.926+0000] {processor.py:208} INFO - Processing /home/airflow/.local/lib/python3.12/site-packages/airflow/example_dags/example_xcomargs.py took 0.070 seconds
[2024-12-14T19:44:42.526+0000] {processor.py:186} INFO - Started process (PID=1140) to work on /home/airflow/.local/lib/python3.12/site-packages/airflow/example_dags/example_xcomargs.py
[2024-12-14T19:44:42.527+0000] {processor.py:914} INFO - Processing file /home/airflow/.local/lib/python3.12/site-packages/airflow/example_dags/example_xcomargs.py for tasks to queue
[2024-12-14T19:44:42.529+0000] {logging_mixin.py:190} INFO - [2024-12-14T19:44:42.529+0000] {dagbag.py:588} INFO - Filling up the DagBag from /home/airflow/.local/lib/python3.12/site-packages/airflow/example_dags/example_xcomargs.py
[2024-12-14T19:44:42.537+0000] {processor.py:925} INFO - DAG(s) 'example_xcom_args_with_operators', 'example_xcom_args' retrieved from /home/airflow/.local/lib/python3.12/site-packages/airflow/example_dags/example_xcomargs.py
[2024-12-14T19:44:42.555+0000] {logging_mixin.py:190} INFO - [2024-12-14T19:44:42.555+0000] {dag.py:3239} INFO - Sync 2 DAGs
[2024-12-14T19:44:42.567+0000] {logging_mixin.py:190} INFO - [2024-12-14T19:44:42.567+0000] {dag.py:4180} INFO - Setting next_dagrun for example_xcom_args to None, run_after=None
[2024-12-14T19:44:42.570+0000] {logging_mixin.py:190} INFO - [2024-12-14T19:44:42.570+0000] {dag.py:4180} INFO - Setting next_dagrun for example_xcom_args_with_operators to None, run_after=None
[2024-12-14T19:44:42.582+0000] {processor.py:208} INFO - Processing /home/airflow/.local/lib/python3.12/site-packages/airflow/example_dags/example_xcomargs.py took 0.060 seconds
[2024-12-14T19:45:14.201+0000] {processor.py:186} INFO - Started process (PID=1203) to work on /home/airflow/.local/lib/python3.12/site-packages/airflow/example_dags/example_xcomargs.py
[2024-12-14T19:45:14.202+0000] {processor.py:914} INFO - Processing file /home/airflow/.local/lib/python3.12/site-packages/airflow/example_dags/example_xcomargs.py for tasks to queue
[2024-12-14T19:45:14.203+0000] {logging_mixin.py:190} INFO - [2024-12-14T19:45:14.203+0000] {dagbag.py:588} INFO - Filling up the DagBag from /home/airflow/.local/lib/python3.12/site-packages/airflow/example_dags/example_xcomargs.py
[2024-12-14T19:45:14.214+0000] {processor.py:925} INFO - DAG(s) 'example_xcom_args_with_operators', 'example_xcom_args' retrieved from /home/airflow/.local/lib/python3.12/site-packages/airflow/example_dags/example_xcomargs.py
[2024-12-14T19:45:14.234+0000] {logging_mixin.py:190} INFO - [2024-12-14T19:45:14.234+0000] {dag.py:3239} INFO - Sync 2 DAGs
[2024-12-14T19:45:14.249+0000] {logging_mixin.py:190} INFO - [2024-12-14T19:45:14.249+0000] {dag.py:4180} INFO - Setting next_dagrun for example_xcom_args to None, run_after=None
[2024-12-14T19:45:14.253+0000] {logging_mixin.py:190} INFO - [2024-12-14T19:45:14.253+0000] {dag.py:4180} INFO - Setting next_dagrun for example_xcom_args_with_operators to None, run_after=None
[2024-12-14T19:45:14.267+0000] {processor.py:208} INFO - Processing /home/airflow/.local/lib/python3.12/site-packages/airflow/example_dags/example_xcomargs.py took 0.071 seconds
[2024-12-14T19:45:45.110+0000] {processor.py:186} INFO - Started process (PID=1266) to work on /home/airflow/.local/lib/python3.12/site-packages/airflow/example_dags/example_xcomargs.py
[2024-12-14T19:45:45.111+0000] {processor.py:914} INFO - Processing file /home/airflow/.local/lib/python3.12/site-packages/airflow/example_dags/example_xcomargs.py for tasks to queue
[2024-12-14T19:45:45.113+0000] {logging_mixin.py:190} INFO - [2024-12-14T19:45:45.113+0000] {dagbag.py:588} INFO - Filling up the DagBag from /home/airflow/.local/lib/python3.12/site-packages/airflow/example_dags/example_xcomargs.py
[2024-12-14T19:45:45.121+0000] {processor.py:925} INFO - DAG(s) 'example_xcom_args', 'example_xcom_args_with_operators' retrieved from /home/airflow/.local/lib/python3.12/site-packages/airflow/example_dags/example_xcomargs.py
[2024-12-14T19:45:45.144+0000] {logging_mixin.py:190} INFO - [2024-12-14T19:45:45.143+0000] {dag.py:3239} INFO - Sync 2 DAGs
[2024-12-14T19:45:45.160+0000] {logging_mixin.py:190} INFO - [2024-12-14T19:45:45.160+0000] {dag.py:4180} INFO - Setting next_dagrun for example_xcom_args to None, run_after=None
[2024-12-14T19:45:45.164+0000] {logging_mixin.py:190} INFO - [2024-12-14T19:45:45.164+0000] {dag.py:4180} INFO - Setting next_dagrun for example_xcom_args_with_operators to None, run_after=None
[2024-12-14T19:45:45.179+0000] {processor.py:208} INFO - Processing /home/airflow/.local/lib/python3.12/site-packages/airflow/example_dags/example_xcomargs.py took 0.074 seconds
