[2024-12-14T19:28:30.710+0000] {processor.py:186} INFO - Started process (PID=58) to work on /home/airflow/.local/lib/python3.12/site-packages/airflow/example_dags/example_latest_only.py
[2024-12-14T19:28:30.710+0000] {processor.py:914} INFO - Processing file /home/airflow/.local/lib/python3.12/site-packages/airflow/example_dags/example_latest_only.py for tasks to queue
[2024-12-14T19:28:30.712+0000] {logging_mixin.py:190} INFO - [2024-12-14T19:28:30.712+0000] {dagbag.py:588} INFO - Filling up the DagBag from /home/airflow/.local/lib/python3.12/site-packages/airflow/example_dags/example_latest_only.py
[2024-12-14T19:28:30.721+0000] {processor.py:925} INFO - DAG(s) 'latest_only' retrieved from /home/airflow/.local/lib/python3.12/site-packages/airflow/example_dags/example_latest_only.py
[2024-12-14T19:28:30.837+0000] {logging_mixin.py:190} INFO - [2024-12-14T19:28:30.837+0000] {override.py:1911} INFO - Created Permission View: can edit on DAG:latest_only
[2024-12-14T19:28:30.846+0000] {logging_mixin.py:190} INFO - [2024-12-14T19:28:30.846+0000] {override.py:1911} INFO - Created Permission View: can delete on DAG:latest_only
[2024-12-14T19:28:30.852+0000] {logging_mixin.py:190} INFO - [2024-12-14T19:28:30.852+0000] {override.py:1911} INFO - Created Permission View: can read on DAG:latest_only
[2024-12-14T19:28:30.858+0000] {logging_mixin.py:190} INFO - [2024-12-14T19:28:30.858+0000] {override.py:1911} INFO - Created Permission View: menu access on DAG Run:latest_only
[2024-12-14T19:28:30.864+0000] {logging_mixin.py:190} INFO - [2024-12-14T19:28:30.864+0000] {override.py:1911} INFO - Created Permission View: can delete on DAG Run:latest_only
[2024-12-14T19:28:30.869+0000] {logging_mixin.py:190} INFO - [2024-12-14T19:28:30.869+0000] {override.py:1911} INFO - Created Permission View: can create on DAG Run:latest_only
[2024-12-14T19:28:30.876+0000] {logging_mixin.py:190} INFO - [2024-12-14T19:28:30.875+0000] {override.py:1911} INFO - Created Permission View: can read on DAG Run:latest_only
[2024-12-14T19:28:30.876+0000] {logging_mixin.py:190} INFO - [2024-12-14T19:28:30.876+0000] {dag.py:3239} INFO - Sync 1 DAGs
[2024-12-14T19:28:30.890+0000] {logging_mixin.py:190} INFO - [2024-12-14T19:28:30.890+0000] {dag.py:3262} INFO - Creating ORM DAG for latest_only
[2024-12-14T19:28:30.902+0000] {logging_mixin.py:190} INFO - [2024-12-14T19:28:30.902+0000] {dag.py:4180} INFO - Setting next_dagrun for latest_only to 2024-12-14 12:00:00+00:00, run_after=2024-12-14 16:00:00+00:00
[2024-12-14T19:28:30.921+0000] {processor.py:208} INFO - Processing /home/airflow/.local/lib/python3.12/site-packages/airflow/example_dags/example_latest_only.py took 0.217 seconds
[2024-12-14T19:29:01.401+0000] {processor.py:186} INFO - Started process (PID=121) to work on /home/airflow/.local/lib/python3.12/site-packages/airflow/example_dags/example_latest_only.py
[2024-12-14T19:29:01.402+0000] {processor.py:914} INFO - Processing file /home/airflow/.local/lib/python3.12/site-packages/airflow/example_dags/example_latest_only.py for tasks to queue
[2024-12-14T19:29:01.404+0000] {logging_mixin.py:190} INFO - [2024-12-14T19:29:01.404+0000] {dagbag.py:588} INFO - Filling up the DagBag from /home/airflow/.local/lib/python3.12/site-packages/airflow/example_dags/example_latest_only.py
[2024-12-14T19:29:01.413+0000] {processor.py:925} INFO - DAG(s) 'latest_only' retrieved from /home/airflow/.local/lib/python3.12/site-packages/airflow/example_dags/example_latest_only.py
[2024-12-14T19:29:01.434+0000] {logging_mixin.py:190} INFO - [2024-12-14T19:29:01.434+0000] {dag.py:3239} INFO - Sync 1 DAGs
[2024-12-14T19:29:01.463+0000] {logging_mixin.py:190} INFO - [2024-12-14T19:29:01.462+0000] {dag.py:4180} INFO - Setting next_dagrun for latest_only to 2024-12-14 12:00:00+00:00, run_after=2024-12-14 16:00:00+00:00
[2024-12-14T19:29:01.483+0000] {processor.py:208} INFO - Processing /home/airflow/.local/lib/python3.12/site-packages/airflow/example_dags/example_latest_only.py took 0.088 seconds
[2024-12-14T19:29:31.579+0000] {processor.py:186} INFO - Started process (PID=183) to work on /home/airflow/.local/lib/python3.12/site-packages/airflow/example_dags/example_latest_only.py
[2024-12-14T19:29:31.581+0000] {processor.py:914} INFO - Processing file /home/airflow/.local/lib/python3.12/site-packages/airflow/example_dags/example_latest_only.py for tasks to queue
[2024-12-14T19:29:31.582+0000] {logging_mixin.py:190} INFO - [2024-12-14T19:29:31.582+0000] {dagbag.py:588} INFO - Filling up the DagBag from /home/airflow/.local/lib/python3.12/site-packages/airflow/example_dags/example_latest_only.py
[2024-12-14T19:29:31.588+0000] {processor.py:925} INFO - DAG(s) 'latest_only' retrieved from /home/airflow/.local/lib/python3.12/site-packages/airflow/example_dags/example_latest_only.py
[2024-12-14T19:29:31.603+0000] {logging_mixin.py:190} INFO - [2024-12-14T19:29:31.603+0000] {dag.py:3239} INFO - Sync 1 DAGs
[2024-12-14T19:29:31.623+0000] {logging_mixin.py:190} INFO - [2024-12-14T19:29:31.623+0000] {dag.py:4180} INFO - Setting next_dagrun for latest_only to 2024-12-14 12:00:00+00:00, run_after=2024-12-14 16:00:00+00:00
[2024-12-14T19:29:31.638+0000] {processor.py:208} INFO - Processing /home/airflow/.local/lib/python3.12/site-packages/airflow/example_dags/example_latest_only.py took 0.063 seconds
[2024-12-14T19:30:02.483+0000] {processor.py:186} INFO - Started process (PID=246) to work on /home/airflow/.local/lib/python3.12/site-packages/airflow/example_dags/example_latest_only.py
[2024-12-14T19:30:02.485+0000] {processor.py:914} INFO - Processing file /home/airflow/.local/lib/python3.12/site-packages/airflow/example_dags/example_latest_only.py for tasks to queue
[2024-12-14T19:30:02.487+0000] {logging_mixin.py:190} INFO - [2024-12-14T19:30:02.487+0000] {dagbag.py:588} INFO - Filling up the DagBag from /home/airflow/.local/lib/python3.12/site-packages/airflow/example_dags/example_latest_only.py
[2024-12-14T19:30:02.493+0000] {processor.py:925} INFO - DAG(s) 'latest_only' retrieved from /home/airflow/.local/lib/python3.12/site-packages/airflow/example_dags/example_latest_only.py
[2024-12-14T19:30:02.512+0000] {logging_mixin.py:190} INFO - [2024-12-14T19:30:02.512+0000] {dag.py:3239} INFO - Sync 1 DAGs
[2024-12-14T19:30:02.539+0000] {logging_mixin.py:190} INFO - [2024-12-14T19:30:02.538+0000] {dag.py:4180} INFO - Setting next_dagrun for latest_only to 2024-12-14 12:00:00+00:00, run_after=2024-12-14 16:00:00+00:00
[2024-12-14T19:30:02.557+0000] {processor.py:208} INFO - Processing /home/airflow/.local/lib/python3.12/site-packages/airflow/example_dags/example_latest_only.py took 0.079 seconds
[2024-12-14T19:30:33.034+0000] {processor.py:186} INFO - Started process (PID=308) to work on /home/airflow/.local/lib/python3.12/site-packages/airflow/example_dags/example_latest_only.py
[2024-12-14T19:30:33.034+0000] {processor.py:914} INFO - Processing file /home/airflow/.local/lib/python3.12/site-packages/airflow/example_dags/example_latest_only.py for tasks to queue
[2024-12-14T19:30:33.036+0000] {logging_mixin.py:190} INFO - [2024-12-14T19:30:33.036+0000] {dagbag.py:588} INFO - Filling up the DagBag from /home/airflow/.local/lib/python3.12/site-packages/airflow/example_dags/example_latest_only.py
[2024-12-14T19:30:33.042+0000] {processor.py:925} INFO - DAG(s) 'latest_only' retrieved from /home/airflow/.local/lib/python3.12/site-packages/airflow/example_dags/example_latest_only.py
[2024-12-14T19:30:33.057+0000] {logging_mixin.py:190} INFO - [2024-12-14T19:30:33.057+0000] {dag.py:3239} INFO - Sync 1 DAGs
[2024-12-14T19:30:33.078+0000] {logging_mixin.py:190} INFO - [2024-12-14T19:30:33.077+0000] {dag.py:4180} INFO - Setting next_dagrun for latest_only to 2024-12-14 12:00:00+00:00, run_after=2024-12-14 16:00:00+00:00
[2024-12-14T19:30:33.092+0000] {processor.py:208} INFO - Processing /home/airflow/.local/lib/python3.12/site-packages/airflow/example_dags/example_latest_only.py took 0.064 seconds
[2024-12-14T19:31:41.994+0000] {processor.py:186} INFO - Started process (PID=59) to work on /home/airflow/.local/lib/python3.12/site-packages/airflow/example_dags/example_latest_only.py
[2024-12-14T19:31:41.996+0000] {processor.py:914} INFO - Processing file /home/airflow/.local/lib/python3.12/site-packages/airflow/example_dags/example_latest_only.py for tasks to queue
[2024-12-14T19:31:41.998+0000] {logging_mixin.py:190} INFO - [2024-12-14T19:31:41.998+0000] {dagbag.py:588} INFO - Filling up the DagBag from /home/airflow/.local/lib/python3.12/site-packages/airflow/example_dags/example_latest_only.py
[2024-12-14T19:31:42.008+0000] {processor.py:925} INFO - DAG(s) 'latest_only' retrieved from /home/airflow/.local/lib/python3.12/site-packages/airflow/example_dags/example_latest_only.py
[2024-12-14T19:31:42.049+0000] {logging_mixin.py:190} INFO - [2024-12-14T19:31:42.048+0000] {dag.py:3239} INFO - Sync 1 DAGs
[2024-12-14T19:31:42.077+0000] {logging_mixin.py:190} INFO - [2024-12-14T19:31:42.077+0000] {dag.py:4180} INFO - Setting next_dagrun for latest_only to 2024-12-14 12:00:00+00:00, run_after=2024-12-14 16:00:00+00:00
[2024-12-14T19:31:42.097+0000] {processor.py:208} INFO - Processing /home/airflow/.local/lib/python3.12/site-packages/airflow/example_dags/example_latest_only.py took 0.115 seconds
[2024-12-14T19:32:12.425+0000] {processor.py:186} INFO - Started process (PID=122) to work on /home/airflow/.local/lib/python3.12/site-packages/airflow/example_dags/example_latest_only.py
[2024-12-14T19:32:12.426+0000] {processor.py:914} INFO - Processing file /home/airflow/.local/lib/python3.12/site-packages/airflow/example_dags/example_latest_only.py for tasks to queue
[2024-12-14T19:32:12.428+0000] {logging_mixin.py:190} INFO - [2024-12-14T19:32:12.427+0000] {dagbag.py:588} INFO - Filling up the DagBag from /home/airflow/.local/lib/python3.12/site-packages/airflow/example_dags/example_latest_only.py
[2024-12-14T19:32:12.434+0000] {processor.py:925} INFO - DAG(s) 'latest_only' retrieved from /home/airflow/.local/lib/python3.12/site-packages/airflow/example_dags/example_latest_only.py
[2024-12-14T19:32:12.449+0000] {logging_mixin.py:190} INFO - [2024-12-14T19:32:12.449+0000] {dag.py:3239} INFO - Sync 1 DAGs
[2024-12-14T19:32:12.469+0000] {logging_mixin.py:190} INFO - [2024-12-14T19:32:12.469+0000] {dag.py:4180} INFO - Setting next_dagrun for latest_only to 2024-12-14 12:00:00+00:00, run_after=2024-12-14 16:00:00+00:00
[2024-12-14T19:32:12.484+0000] {processor.py:208} INFO - Processing /home/airflow/.local/lib/python3.12/site-packages/airflow/example_dags/example_latest_only.py took 0.064 seconds
[2024-12-14T19:32:44.112+0000] {processor.py:186} INFO - Started process (PID=186) to work on /home/airflow/.local/lib/python3.12/site-packages/airflow/example_dags/example_latest_only.py
[2024-12-14T19:32:44.113+0000] {processor.py:914} INFO - Processing file /home/airflow/.local/lib/python3.12/site-packages/airflow/example_dags/example_latest_only.py for tasks to queue
[2024-12-14T19:32:44.115+0000] {logging_mixin.py:190} INFO - [2024-12-14T19:32:44.115+0000] {dagbag.py:588} INFO - Filling up the DagBag from /home/airflow/.local/lib/python3.12/site-packages/airflow/example_dags/example_latest_only.py
[2024-12-14T19:32:44.120+0000] {processor.py:925} INFO - DAG(s) 'latest_only' retrieved from /home/airflow/.local/lib/python3.12/site-packages/airflow/example_dags/example_latest_only.py
[2024-12-14T19:32:44.139+0000] {logging_mixin.py:190} INFO - [2024-12-14T19:32:44.138+0000] {dag.py:3239} INFO - Sync 1 DAGs
[2024-12-14T19:32:44.164+0000] {logging_mixin.py:190} INFO - [2024-12-14T19:32:44.163+0000] {dag.py:4180} INFO - Setting next_dagrun for latest_only to 2024-12-14 12:00:00+00:00, run_after=2024-12-14 16:00:00+00:00
[2024-12-14T19:32:44.181+0000] {processor.py:208} INFO - Processing /home/airflow/.local/lib/python3.12/site-packages/airflow/example_dags/example_latest_only.py took 0.074 seconds
[2024-12-14T19:33:15.426+0000] {processor.py:186} INFO - Started process (PID=249) to work on /home/airflow/.local/lib/python3.12/site-packages/airflow/example_dags/example_latest_only.py
[2024-12-14T19:33:15.428+0000] {processor.py:914} INFO - Processing file /home/airflow/.local/lib/python3.12/site-packages/airflow/example_dags/example_latest_only.py for tasks to queue
[2024-12-14T19:33:15.429+0000] {logging_mixin.py:190} INFO - [2024-12-14T19:33:15.429+0000] {dagbag.py:588} INFO - Filling up the DagBag from /home/airflow/.local/lib/python3.12/site-packages/airflow/example_dags/example_latest_only.py
[2024-12-14T19:33:15.436+0000] {processor.py:925} INFO - DAG(s) 'latest_only' retrieved from /home/airflow/.local/lib/python3.12/site-packages/airflow/example_dags/example_latest_only.py
[2024-12-14T19:33:15.452+0000] {logging_mixin.py:190} INFO - [2024-12-14T19:33:15.452+0000] {dag.py:3239} INFO - Sync 1 DAGs
[2024-12-14T19:33:15.473+0000] {logging_mixin.py:190} INFO - [2024-12-14T19:33:15.473+0000] {dag.py:4180} INFO - Setting next_dagrun for latest_only to 2024-12-14 12:00:00+00:00, run_after=2024-12-14 16:00:00+00:00
[2024-12-14T19:33:15.489+0000] {processor.py:208} INFO - Processing /home/airflow/.local/lib/python3.12/site-packages/airflow/example_dags/example_latest_only.py took 0.068 seconds
[2024-12-14T19:33:46.770+0000] {processor.py:186} INFO - Started process (PID=312) to work on /home/airflow/.local/lib/python3.12/site-packages/airflow/example_dags/example_latest_only.py
[2024-12-14T19:33:46.772+0000] {processor.py:914} INFO - Processing file /home/airflow/.local/lib/python3.12/site-packages/airflow/example_dags/example_latest_only.py for tasks to queue
[2024-12-14T19:33:46.773+0000] {logging_mixin.py:190} INFO - [2024-12-14T19:33:46.773+0000] {dagbag.py:588} INFO - Filling up the DagBag from /home/airflow/.local/lib/python3.12/site-packages/airflow/example_dags/example_latest_only.py
[2024-12-14T19:33:46.779+0000] {processor.py:925} INFO - DAG(s) 'latest_only' retrieved from /home/airflow/.local/lib/python3.12/site-packages/airflow/example_dags/example_latest_only.py
[2024-12-14T19:33:46.797+0000] {logging_mixin.py:190} INFO - [2024-12-14T19:33:46.797+0000] {dag.py:3239} INFO - Sync 1 DAGs
[2024-12-14T19:33:46.822+0000] {logging_mixin.py:190} INFO - [2024-12-14T19:33:46.821+0000] {dag.py:4180} INFO - Setting next_dagrun for latest_only to 2024-12-14 12:00:00+00:00, run_after=2024-12-14 16:00:00+00:00
[2024-12-14T19:33:46.837+0000] {processor.py:208} INFO - Processing /home/airflow/.local/lib/python3.12/site-packages/airflow/example_dags/example_latest_only.py took 0.072 seconds
[2024-12-14T19:34:18.110+0000] {processor.py:186} INFO - Started process (PID=375) to work on /home/airflow/.local/lib/python3.12/site-packages/airflow/example_dags/example_latest_only.py
[2024-12-14T19:34:18.111+0000] {processor.py:914} INFO - Processing file /home/airflow/.local/lib/python3.12/site-packages/airflow/example_dags/example_latest_only.py for tasks to queue
[2024-12-14T19:34:18.113+0000] {logging_mixin.py:190} INFO - [2024-12-14T19:34:18.112+0000] {dagbag.py:588} INFO - Filling up the DagBag from /home/airflow/.local/lib/python3.12/site-packages/airflow/example_dags/example_latest_only.py
[2024-12-14T19:34:18.118+0000] {processor.py:925} INFO - DAG(s) 'latest_only' retrieved from /home/airflow/.local/lib/python3.12/site-packages/airflow/example_dags/example_latest_only.py
[2024-12-14T19:34:18.135+0000] {logging_mixin.py:190} INFO - [2024-12-14T19:34:18.134+0000] {dag.py:3239} INFO - Sync 1 DAGs
[2024-12-14T19:34:18.157+0000] {logging_mixin.py:190} INFO - [2024-12-14T19:34:18.157+0000] {dag.py:4180} INFO - Setting next_dagrun for latest_only to 2024-12-14 12:00:00+00:00, run_after=2024-12-14 16:00:00+00:00
[2024-12-14T19:34:18.172+0000] {processor.py:208} INFO - Processing /home/airflow/.local/lib/python3.12/site-packages/airflow/example_dags/example_latest_only.py took 0.067 seconds
[2024-12-14T19:34:49.513+0000] {processor.py:186} INFO - Started process (PID=438) to work on /home/airflow/.local/lib/python3.12/site-packages/airflow/example_dags/example_latest_only.py
[2024-12-14T19:34:49.514+0000] {processor.py:914} INFO - Processing file /home/airflow/.local/lib/python3.12/site-packages/airflow/example_dags/example_latest_only.py for tasks to queue
[2024-12-14T19:34:49.516+0000] {logging_mixin.py:190} INFO - [2024-12-14T19:34:49.515+0000] {dagbag.py:588} INFO - Filling up the DagBag from /home/airflow/.local/lib/python3.12/site-packages/airflow/example_dags/example_latest_only.py
[2024-12-14T19:34:49.521+0000] {processor.py:925} INFO - DAG(s) 'latest_only' retrieved from /home/airflow/.local/lib/python3.12/site-packages/airflow/example_dags/example_latest_only.py
[2024-12-14T19:34:49.538+0000] {logging_mixin.py:190} INFO - [2024-12-14T19:34:49.538+0000] {dag.py:3239} INFO - Sync 1 DAGs
[2024-12-14T19:34:49.560+0000] {logging_mixin.py:190} INFO - [2024-12-14T19:34:49.560+0000] {dag.py:4180} INFO - Setting next_dagrun for latest_only to 2024-12-14 12:00:00+00:00, run_after=2024-12-14 16:00:00+00:00
[2024-12-14T19:34:49.575+0000] {processor.py:208} INFO - Processing /home/airflow/.local/lib/python3.12/site-packages/airflow/example_dags/example_latest_only.py took 0.067 seconds
[2024-12-14T19:35:53.312+0000] {processor.py:186} INFO - Started process (PID=52) to work on /home/airflow/.local/lib/python3.12/site-packages/airflow/example_dags/example_latest_only.py
[2024-12-14T19:35:53.313+0000] {processor.py:914} INFO - Processing file /home/airflow/.local/lib/python3.12/site-packages/airflow/example_dags/example_latest_only.py for tasks to queue
[2024-12-14T19:35:53.315+0000] {logging_mixin.py:190} INFO - [2024-12-14T19:35:53.315+0000] {dagbag.py:588} INFO - Filling up the DagBag from /home/airflow/.local/lib/python3.12/site-packages/airflow/example_dags/example_latest_only.py
[2024-12-14T19:35:53.321+0000] {processor.py:925} INFO - DAG(s) 'latest_only' retrieved from /home/airflow/.local/lib/python3.12/site-packages/airflow/example_dags/example_latest_only.py
[2024-12-14T19:35:53.341+0000] {logging_mixin.py:190} INFO - [2024-12-14T19:35:53.341+0000] {dag.py:3239} INFO - Sync 1 DAGs
[2024-12-14T19:35:53.361+0000] {logging_mixin.py:190} INFO - [2024-12-14T19:35:53.361+0000] {dag.py:4180} INFO - Setting next_dagrun for latest_only to 2024-12-14 12:00:00+00:00, run_after=2024-12-14 16:00:00+00:00
[2024-12-14T19:35:53.376+0000] {processor.py:208} INFO - Processing /home/airflow/.local/lib/python3.12/site-packages/airflow/example_dags/example_latest_only.py took 0.068 seconds
[2024-12-14T19:36:24.620+0000] {processor.py:186} INFO - Started process (PID=115) to work on /home/airflow/.local/lib/python3.12/site-packages/airflow/example_dags/example_latest_only.py
[2024-12-14T19:36:24.621+0000] {processor.py:914} INFO - Processing file /home/airflow/.local/lib/python3.12/site-packages/airflow/example_dags/example_latest_only.py for tasks to queue
[2024-12-14T19:36:24.622+0000] {logging_mixin.py:190} INFO - [2024-12-14T19:36:24.622+0000] {dagbag.py:588} INFO - Filling up the DagBag from /home/airflow/.local/lib/python3.12/site-packages/airflow/example_dags/example_latest_only.py
[2024-12-14T19:36:24.628+0000] {processor.py:925} INFO - DAG(s) 'latest_only' retrieved from /home/airflow/.local/lib/python3.12/site-packages/airflow/example_dags/example_latest_only.py
[2024-12-14T19:36:24.643+0000] {logging_mixin.py:190} INFO - [2024-12-14T19:36:24.643+0000] {dag.py:3239} INFO - Sync 1 DAGs
[2024-12-14T19:36:24.664+0000] {logging_mixin.py:190} INFO - [2024-12-14T19:36:24.664+0000] {dag.py:4180} INFO - Setting next_dagrun for latest_only to 2024-12-14 12:00:00+00:00, run_after=2024-12-14 16:00:00+00:00
[2024-12-14T19:36:24.679+0000] {processor.py:208} INFO - Processing /home/airflow/.local/lib/python3.12/site-packages/airflow/example_dags/example_latest_only.py took 0.063 seconds
[2024-12-14T19:36:55.628+0000] {processor.py:186} INFO - Started process (PID=178) to work on /home/airflow/.local/lib/python3.12/site-packages/airflow/example_dags/example_latest_only.py
[2024-12-14T19:36:55.630+0000] {processor.py:914} INFO - Processing file /home/airflow/.local/lib/python3.12/site-packages/airflow/example_dags/example_latest_only.py for tasks to queue
[2024-12-14T19:36:55.632+0000] {logging_mixin.py:190} INFO - [2024-12-14T19:36:55.631+0000] {dagbag.py:588} INFO - Filling up the DagBag from /home/airflow/.local/lib/python3.12/site-packages/airflow/example_dags/example_latest_only.py
[2024-12-14T19:36:55.637+0000] {processor.py:925} INFO - DAG(s) 'latest_only' retrieved from /home/airflow/.local/lib/python3.12/site-packages/airflow/example_dags/example_latest_only.py
[2024-12-14T19:36:55.654+0000] {logging_mixin.py:190} INFO - [2024-12-14T19:36:55.654+0000] {dag.py:3239} INFO - Sync 1 DAGs
[2024-12-14T19:36:55.676+0000] {logging_mixin.py:190} INFO - [2024-12-14T19:36:55.676+0000] {dag.py:4180} INFO - Setting next_dagrun for latest_only to 2024-12-14 12:00:00+00:00, run_after=2024-12-14 16:00:00+00:00
[2024-12-14T19:36:55.693+0000] {processor.py:208} INFO - Processing /home/airflow/.local/lib/python3.12/site-packages/airflow/example_dags/example_latest_only.py took 0.070 seconds
[2024-12-14T19:37:26.619+0000] {processor.py:186} INFO - Started process (PID=241) to work on /home/airflow/.local/lib/python3.12/site-packages/airflow/example_dags/example_latest_only.py
[2024-12-14T19:37:26.620+0000] {processor.py:914} INFO - Processing file /home/airflow/.local/lib/python3.12/site-packages/airflow/example_dags/example_latest_only.py for tasks to queue
[2024-12-14T19:37:26.622+0000] {logging_mixin.py:190} INFO - [2024-12-14T19:37:26.621+0000] {dagbag.py:588} INFO - Filling up the DagBag from /home/airflow/.local/lib/python3.12/site-packages/airflow/example_dags/example_latest_only.py
[2024-12-14T19:37:26.627+0000] {processor.py:925} INFO - DAG(s) 'latest_only' retrieved from /home/airflow/.local/lib/python3.12/site-packages/airflow/example_dags/example_latest_only.py
[2024-12-14T19:37:26.646+0000] {logging_mixin.py:190} INFO - [2024-12-14T19:37:26.646+0000] {dag.py:3239} INFO - Sync 1 DAGs
[2024-12-14T19:37:26.668+0000] {logging_mixin.py:190} INFO - [2024-12-14T19:37:26.668+0000] {dag.py:4180} INFO - Setting next_dagrun for latest_only to 2024-12-14 12:00:00+00:00, run_after=2024-12-14 16:00:00+00:00
[2024-12-14T19:37:26.684+0000] {processor.py:208} INFO - Processing /home/airflow/.local/lib/python3.12/site-packages/airflow/example_dags/example_latest_only.py took 0.070 seconds
[2024-12-14T19:37:57.602+0000] {processor.py:186} INFO - Started process (PID=304) to work on /home/airflow/.local/lib/python3.12/site-packages/airflow/example_dags/example_latest_only.py
[2024-12-14T19:37:57.603+0000] {processor.py:914} INFO - Processing file /home/airflow/.local/lib/python3.12/site-packages/airflow/example_dags/example_latest_only.py for tasks to queue
[2024-12-14T19:37:57.604+0000] {logging_mixin.py:190} INFO - [2024-12-14T19:37:57.604+0000] {dagbag.py:588} INFO - Filling up the DagBag from /home/airflow/.local/lib/python3.12/site-packages/airflow/example_dags/example_latest_only.py
[2024-12-14T19:37:57.610+0000] {processor.py:925} INFO - DAG(s) 'latest_only' retrieved from /home/airflow/.local/lib/python3.12/site-packages/airflow/example_dags/example_latest_only.py
[2024-12-14T19:37:57.627+0000] {logging_mixin.py:190} INFO - [2024-12-14T19:37:57.627+0000] {dag.py:3239} INFO - Sync 1 DAGs
[2024-12-14T19:37:57.651+0000] {logging_mixin.py:190} INFO - [2024-12-14T19:37:57.650+0000] {dag.py:4180} INFO - Setting next_dagrun for latest_only to 2024-12-14 12:00:00+00:00, run_after=2024-12-14 16:00:00+00:00
[2024-12-14T19:37:57.668+0000] {processor.py:208} INFO - Processing /home/airflow/.local/lib/python3.12/site-packages/airflow/example_dags/example_latest_only.py took 0.071 seconds
[2024-12-14T19:38:28.618+0000] {processor.py:186} INFO - Started process (PID=367) to work on /home/airflow/.local/lib/python3.12/site-packages/airflow/example_dags/example_latest_only.py
[2024-12-14T19:38:28.619+0000] {processor.py:914} INFO - Processing file /home/airflow/.local/lib/python3.12/site-packages/airflow/example_dags/example_latest_only.py for tasks to queue
[2024-12-14T19:38:28.620+0000] {logging_mixin.py:190} INFO - [2024-12-14T19:38:28.620+0000] {dagbag.py:588} INFO - Filling up the DagBag from /home/airflow/.local/lib/python3.12/site-packages/airflow/example_dags/example_latest_only.py
[2024-12-14T19:38:28.626+0000] {processor.py:925} INFO - DAG(s) 'latest_only' retrieved from /home/airflow/.local/lib/python3.12/site-packages/airflow/example_dags/example_latest_only.py
[2024-12-14T19:38:28.640+0000] {logging_mixin.py:190} INFO - [2024-12-14T19:38:28.640+0000] {dag.py:3239} INFO - Sync 1 DAGs
[2024-12-14T19:38:28.659+0000] {logging_mixin.py:190} INFO - [2024-12-14T19:38:28.659+0000] {dag.py:4180} INFO - Setting next_dagrun for latest_only to 2024-12-14 12:00:00+00:00, run_after=2024-12-14 16:00:00+00:00
[2024-12-14T19:38:28.673+0000] {processor.py:208} INFO - Processing /home/airflow/.local/lib/python3.12/site-packages/airflow/example_dags/example_latest_only.py took 0.060 seconds
[2024-12-14T19:38:59.813+0000] {processor.py:186} INFO - Started process (PID=430) to work on /home/airflow/.local/lib/python3.12/site-packages/airflow/example_dags/example_latest_only.py
[2024-12-14T19:38:59.814+0000] {processor.py:914} INFO - Processing file /home/airflow/.local/lib/python3.12/site-packages/airflow/example_dags/example_latest_only.py for tasks to queue
[2024-12-14T19:38:59.816+0000] {logging_mixin.py:190} INFO - [2024-12-14T19:38:59.815+0000] {dagbag.py:588} INFO - Filling up the DagBag from /home/airflow/.local/lib/python3.12/site-packages/airflow/example_dags/example_latest_only.py
[2024-12-14T19:38:59.821+0000] {processor.py:925} INFO - DAG(s) 'latest_only' retrieved from /home/airflow/.local/lib/python3.12/site-packages/airflow/example_dags/example_latest_only.py
[2024-12-14T19:38:59.837+0000] {logging_mixin.py:190} INFO - [2024-12-14T19:38:59.837+0000] {dag.py:3239} INFO - Sync 1 DAGs
[2024-12-14T19:38:59.857+0000] {logging_mixin.py:190} INFO - [2024-12-14T19:38:59.856+0000] {dag.py:4180} INFO - Setting next_dagrun for latest_only to 2024-12-14 12:00:00+00:00, run_after=2024-12-14 16:00:00+00:00
[2024-12-14T19:38:59.871+0000] {processor.py:208} INFO - Processing /home/airflow/.local/lib/python3.12/site-packages/airflow/example_dags/example_latest_only.py took 0.063 seconds
[2024-12-14T19:39:31.185+0000] {processor.py:186} INFO - Started process (PID=493) to work on /home/airflow/.local/lib/python3.12/site-packages/airflow/example_dags/example_latest_only.py
[2024-12-14T19:39:31.186+0000] {processor.py:914} INFO - Processing file /home/airflow/.local/lib/python3.12/site-packages/airflow/example_dags/example_latest_only.py for tasks to queue
[2024-12-14T19:39:31.188+0000] {logging_mixin.py:190} INFO - [2024-12-14T19:39:31.187+0000] {dagbag.py:588} INFO - Filling up the DagBag from /home/airflow/.local/lib/python3.12/site-packages/airflow/example_dags/example_latest_only.py
[2024-12-14T19:39:31.195+0000] {processor.py:925} INFO - DAG(s) 'latest_only' retrieved from /home/airflow/.local/lib/python3.12/site-packages/airflow/example_dags/example_latest_only.py
[2024-12-14T19:39:31.213+0000] {logging_mixin.py:190} INFO - [2024-12-14T19:39:31.213+0000] {dag.py:3239} INFO - Sync 1 DAGs
[2024-12-14T19:39:31.239+0000] {logging_mixin.py:190} INFO - [2024-12-14T19:39:31.239+0000] {dag.py:4180} INFO - Setting next_dagrun for latest_only to 2024-12-14 12:00:00+00:00, run_after=2024-12-14 16:00:00+00:00
[2024-12-14T19:39:31.256+0000] {processor.py:208} INFO - Processing /home/airflow/.local/lib/python3.12/site-packages/airflow/example_dags/example_latest_only.py took 0.076 seconds
[2024-12-14T19:40:02.201+0000] {processor.py:186} INFO - Started process (PID=555) to work on /home/airflow/.local/lib/python3.12/site-packages/airflow/example_dags/example_latest_only.py
[2024-12-14T19:40:02.202+0000] {processor.py:914} INFO - Processing file /home/airflow/.local/lib/python3.12/site-packages/airflow/example_dags/example_latest_only.py for tasks to queue
[2024-12-14T19:40:02.204+0000] {logging_mixin.py:190} INFO - [2024-12-14T19:40:02.204+0000] {dagbag.py:588} INFO - Filling up the DagBag from /home/airflow/.local/lib/python3.12/site-packages/airflow/example_dags/example_latest_only.py
[2024-12-14T19:40:02.211+0000] {processor.py:925} INFO - DAG(s) 'latest_only' retrieved from /home/airflow/.local/lib/python3.12/site-packages/airflow/example_dags/example_latest_only.py
[2024-12-14T19:40:02.230+0000] {logging_mixin.py:190} INFO - [2024-12-14T19:40:02.230+0000] {dag.py:3239} INFO - Sync 1 DAGs
[2024-12-14T19:40:02.255+0000] {logging_mixin.py:190} INFO - [2024-12-14T19:40:02.255+0000] {dag.py:4180} INFO - Setting next_dagrun for latest_only to 2024-12-14 12:00:00+00:00, run_after=2024-12-14 16:00:00+00:00
[2024-12-14T19:40:02.273+0000] {processor.py:208} INFO - Processing /home/airflow/.local/lib/python3.12/site-packages/airflow/example_dags/example_latest_only.py took 0.080 seconds
[2024-12-14T19:40:32.946+0000] {processor.py:186} INFO - Started process (PID=619) to work on /home/airflow/.local/lib/python3.12/site-packages/airflow/example_dags/example_latest_only.py
[2024-12-14T19:40:32.947+0000] {processor.py:914} INFO - Processing file /home/airflow/.local/lib/python3.12/site-packages/airflow/example_dags/example_latest_only.py for tasks to queue
[2024-12-14T19:40:32.949+0000] {logging_mixin.py:190} INFO - [2024-12-14T19:40:32.948+0000] {dagbag.py:588} INFO - Filling up the DagBag from /home/airflow/.local/lib/python3.12/site-packages/airflow/example_dags/example_latest_only.py
[2024-12-14T19:40:32.954+0000] {processor.py:925} INFO - DAG(s) 'latest_only' retrieved from /home/airflow/.local/lib/python3.12/site-packages/airflow/example_dags/example_latest_only.py
[2024-12-14T19:40:32.970+0000] {logging_mixin.py:190} INFO - [2024-12-14T19:40:32.970+0000] {dag.py:3239} INFO - Sync 1 DAGs
[2024-12-14T19:40:32.990+0000] {logging_mixin.py:190} INFO - [2024-12-14T19:40:32.990+0000] {dag.py:4180} INFO - Setting next_dagrun for latest_only to 2024-12-14 12:00:00+00:00, run_after=2024-12-14 16:00:00+00:00
[2024-12-14T19:40:33.005+0000] {processor.py:208} INFO - Processing /home/airflow/.local/lib/python3.12/site-packages/airflow/example_dags/example_latest_only.py took 0.064 seconds
[2024-12-14T19:41:04.077+0000] {processor.py:186} INFO - Started process (PID=688) to work on /home/airflow/.local/lib/python3.12/site-packages/airflow/example_dags/example_latest_only.py
[2024-12-14T19:41:04.078+0000] {processor.py:914} INFO - Processing file /home/airflow/.local/lib/python3.12/site-packages/airflow/example_dags/example_latest_only.py for tasks to queue
[2024-12-14T19:41:04.080+0000] {logging_mixin.py:190} INFO - [2024-12-14T19:41:04.079+0000] {dagbag.py:588} INFO - Filling up the DagBag from /home/airflow/.local/lib/python3.12/site-packages/airflow/example_dags/example_latest_only.py
[2024-12-14T19:41:04.085+0000] {processor.py:925} INFO - DAG(s) 'latest_only' retrieved from /home/airflow/.local/lib/python3.12/site-packages/airflow/example_dags/example_latest_only.py
[2024-12-14T19:41:04.101+0000] {logging_mixin.py:190} INFO - [2024-12-14T19:41:04.101+0000] {dag.py:3239} INFO - Sync 1 DAGs
[2024-12-14T19:41:04.122+0000] {logging_mixin.py:190} INFO - [2024-12-14T19:41:04.122+0000] {dag.py:4180} INFO - Setting next_dagrun for latest_only to 2024-12-14 12:00:00+00:00, run_after=2024-12-14 16:00:00+00:00
[2024-12-14T19:41:04.137+0000] {processor.py:208} INFO - Processing /home/airflow/.local/lib/python3.12/site-packages/airflow/example_dags/example_latest_only.py took 0.064 seconds
[2024-12-14T19:41:35.298+0000] {processor.py:186} INFO - Started process (PID=751) to work on /home/airflow/.local/lib/python3.12/site-packages/airflow/example_dags/example_latest_only.py
[2024-12-14T19:41:35.299+0000] {processor.py:914} INFO - Processing file /home/airflow/.local/lib/python3.12/site-packages/airflow/example_dags/example_latest_only.py for tasks to queue
[2024-12-14T19:41:35.302+0000] {logging_mixin.py:190} INFO - [2024-12-14T19:41:35.301+0000] {dagbag.py:588} INFO - Filling up the DagBag from /home/airflow/.local/lib/python3.12/site-packages/airflow/example_dags/example_latest_only.py
[2024-12-14T19:41:35.309+0000] {processor.py:925} INFO - DAG(s) 'latest_only' retrieved from /home/airflow/.local/lib/python3.12/site-packages/airflow/example_dags/example_latest_only.py
[2024-12-14T19:41:35.330+0000] {logging_mixin.py:190} INFO - [2024-12-14T19:41:35.329+0000] {dag.py:3239} INFO - Sync 1 DAGs
[2024-12-14T19:41:35.357+0000] {logging_mixin.py:190} INFO - [2024-12-14T19:41:35.356+0000] {dag.py:4180} INFO - Setting next_dagrun for latest_only to 2024-12-14 12:00:00+00:00, run_after=2024-12-14 16:00:00+00:00
[2024-12-14T19:41:35.376+0000] {processor.py:208} INFO - Processing /home/airflow/.local/lib/python3.12/site-packages/airflow/example_dags/example_latest_only.py took 0.084 seconds
[2024-12-14T19:42:07.129+0000] {processor.py:186} INFO - Started process (PID=813) to work on /home/airflow/.local/lib/python3.12/site-packages/airflow/example_dags/example_latest_only.py
[2024-12-14T19:42:07.131+0000] {processor.py:914} INFO - Processing file /home/airflow/.local/lib/python3.12/site-packages/airflow/example_dags/example_latest_only.py for tasks to queue
[2024-12-14T19:42:07.133+0000] {logging_mixin.py:190} INFO - [2024-12-14T19:42:07.132+0000] {dagbag.py:588} INFO - Filling up the DagBag from /home/airflow/.local/lib/python3.12/site-packages/airflow/example_dags/example_latest_only.py
[2024-12-14T19:42:07.140+0000] {processor.py:925} INFO - DAG(s) 'latest_only' retrieved from /home/airflow/.local/lib/python3.12/site-packages/airflow/example_dags/example_latest_only.py
[2024-12-14T19:42:07.161+0000] {logging_mixin.py:190} INFO - [2024-12-14T19:42:07.160+0000] {dag.py:3239} INFO - Sync 1 DAGs
[2024-12-14T19:42:07.184+0000] {logging_mixin.py:190} INFO - [2024-12-14T19:42:07.184+0000] {dag.py:4180} INFO - Setting next_dagrun for latest_only to 2024-12-14 12:00:00+00:00, run_after=2024-12-14 16:00:00+00:00
[2024-12-14T19:42:07.202+0000] {processor.py:208} INFO - Processing /home/airflow/.local/lib/python3.12/site-packages/airflow/example_dags/example_latest_only.py took 0.079 seconds
[2024-12-14T19:42:38.280+0000] {processor.py:186} INFO - Started process (PID=876) to work on /home/airflow/.local/lib/python3.12/site-packages/airflow/example_dags/example_latest_only.py
[2024-12-14T19:42:38.281+0000] {processor.py:914} INFO - Processing file /home/airflow/.local/lib/python3.12/site-packages/airflow/example_dags/example_latest_only.py for tasks to queue
[2024-12-14T19:42:38.283+0000] {logging_mixin.py:190} INFO - [2024-12-14T19:42:38.282+0000] {dagbag.py:588} INFO - Filling up the DagBag from /home/airflow/.local/lib/python3.12/site-packages/airflow/example_dags/example_latest_only.py
[2024-12-14T19:42:38.289+0000] {processor.py:925} INFO - DAG(s) 'latest_only' retrieved from /home/airflow/.local/lib/python3.12/site-packages/airflow/example_dags/example_latest_only.py
[2024-12-14T19:42:38.307+0000] {logging_mixin.py:190} INFO - [2024-12-14T19:42:38.307+0000] {dag.py:3239} INFO - Sync 1 DAGs
[2024-12-14T19:42:38.329+0000] {logging_mixin.py:190} INFO - [2024-12-14T19:42:38.329+0000] {dag.py:4180} INFO - Setting next_dagrun for latest_only to 2024-12-14 12:00:00+00:00, run_after=2024-12-14 16:00:00+00:00
[2024-12-14T19:42:38.344+0000] {processor.py:208} INFO - Processing /home/airflow/.local/lib/python3.12/site-packages/airflow/example_dags/example_latest_only.py took 0.069 seconds
[2024-12-14T19:43:08.486+0000] {processor.py:186} INFO - Started process (PID=938) to work on /home/airflow/.local/lib/python3.12/site-packages/airflow/example_dags/example_latest_only.py
[2024-12-14T19:43:08.487+0000] {processor.py:914} INFO - Processing file /home/airflow/.local/lib/python3.12/site-packages/airflow/example_dags/example_latest_only.py for tasks to queue
[2024-12-14T19:43:08.488+0000] {logging_mixin.py:190} INFO - [2024-12-14T19:43:08.488+0000] {dagbag.py:588} INFO - Filling up the DagBag from /home/airflow/.local/lib/python3.12/site-packages/airflow/example_dags/example_latest_only.py
[2024-12-14T19:43:08.494+0000] {processor.py:925} INFO - DAG(s) 'latest_only' retrieved from /home/airflow/.local/lib/python3.12/site-packages/airflow/example_dags/example_latest_only.py
[2024-12-14T19:43:08.510+0000] {logging_mixin.py:190} INFO - [2024-12-14T19:43:08.510+0000] {dag.py:3239} INFO - Sync 1 DAGs
[2024-12-14T19:43:08.530+0000] {logging_mixin.py:190} INFO - [2024-12-14T19:43:08.530+0000] {dag.py:4180} INFO - Setting next_dagrun for latest_only to 2024-12-14 12:00:00+00:00, run_after=2024-12-14 16:00:00+00:00
[2024-12-14T19:43:08.546+0000] {processor.py:208} INFO - Processing /home/airflow/.local/lib/python3.12/site-packages/airflow/example_dags/example_latest_only.py took 0.065 seconds
[2024-12-14T19:43:39.635+0000] {processor.py:186} INFO - Started process (PID=1001) to work on /home/airflow/.local/lib/python3.12/site-packages/airflow/example_dags/example_latest_only.py
[2024-12-14T19:43:39.636+0000] {processor.py:914} INFO - Processing file /home/airflow/.local/lib/python3.12/site-packages/airflow/example_dags/example_latest_only.py for tasks to queue
[2024-12-14T19:43:39.638+0000] {logging_mixin.py:190} INFO - [2024-12-14T19:43:39.638+0000] {dagbag.py:588} INFO - Filling up the DagBag from /home/airflow/.local/lib/python3.12/site-packages/airflow/example_dags/example_latest_only.py
[2024-12-14T19:43:39.644+0000] {processor.py:925} INFO - DAG(s) 'latest_only' retrieved from /home/airflow/.local/lib/python3.12/site-packages/airflow/example_dags/example_latest_only.py
[2024-12-14T19:43:39.659+0000] {logging_mixin.py:190} INFO - [2024-12-14T19:43:39.659+0000] {dag.py:3239} INFO - Sync 1 DAGs
[2024-12-14T19:43:39.678+0000] {logging_mixin.py:190} INFO - [2024-12-14T19:43:39.678+0000] {dag.py:4180} INFO - Setting next_dagrun for latest_only to 2024-12-14 12:00:00+00:00, run_after=2024-12-14 16:00:00+00:00
[2024-12-14T19:43:39.693+0000] {processor.py:208} INFO - Processing /home/airflow/.local/lib/python3.12/site-packages/airflow/example_dags/example_latest_only.py took 0.063 seconds
[2024-12-14T19:44:10.225+0000] {processor.py:186} INFO - Started process (PID=1064) to work on /home/airflow/.local/lib/python3.12/site-packages/airflow/example_dags/example_latest_only.py
[2024-12-14T19:44:10.226+0000] {processor.py:914} INFO - Processing file /home/airflow/.local/lib/python3.12/site-packages/airflow/example_dags/example_latest_only.py for tasks to queue
[2024-12-14T19:44:10.228+0000] {logging_mixin.py:190} INFO - [2024-12-14T19:44:10.228+0000] {dagbag.py:588} INFO - Filling up the DagBag from /home/airflow/.local/lib/python3.12/site-packages/airflow/example_dags/example_latest_only.py
[2024-12-14T19:44:10.236+0000] {processor.py:925} INFO - DAG(s) 'latest_only' retrieved from /home/airflow/.local/lib/python3.12/site-packages/airflow/example_dags/example_latest_only.py
[2024-12-14T19:44:10.252+0000] {logging_mixin.py:190} INFO - [2024-12-14T19:44:10.252+0000] {dag.py:3239} INFO - Sync 1 DAGs
[2024-12-14T19:44:10.272+0000] {logging_mixin.py:190} INFO - [2024-12-14T19:44:10.272+0000] {dag.py:4180} INFO - Setting next_dagrun for latest_only to 2024-12-14 12:00:00+00:00, run_after=2024-12-14 16:00:00+00:00
[2024-12-14T19:44:10.286+0000] {processor.py:208} INFO - Processing /home/airflow/.local/lib/python3.12/site-packages/airflow/example_dags/example_latest_only.py took 0.066 seconds
[2024-12-14T19:44:41.665+0000] {processor.py:186} INFO - Started process (PID=1127) to work on /home/airflow/.local/lib/python3.12/site-packages/airflow/example_dags/example_latest_only.py
[2024-12-14T19:44:41.666+0000] {processor.py:914} INFO - Processing file /home/airflow/.local/lib/python3.12/site-packages/airflow/example_dags/example_latest_only.py for tasks to queue
[2024-12-14T19:44:41.668+0000] {logging_mixin.py:190} INFO - [2024-12-14T19:44:41.667+0000] {dagbag.py:588} INFO - Filling up the DagBag from /home/airflow/.local/lib/python3.12/site-packages/airflow/example_dags/example_latest_only.py
[2024-12-14T19:44:41.674+0000] {processor.py:925} INFO - DAG(s) 'latest_only' retrieved from /home/airflow/.local/lib/python3.12/site-packages/airflow/example_dags/example_latest_only.py
[2024-12-14T19:44:41.690+0000] {logging_mixin.py:190} INFO - [2024-12-14T19:44:41.690+0000] {dag.py:3239} INFO - Sync 1 DAGs
[2024-12-14T19:44:41.711+0000] {logging_mixin.py:190} INFO - [2024-12-14T19:44:41.711+0000] {dag.py:4180} INFO - Setting next_dagrun for latest_only to 2024-12-14 12:00:00+00:00, run_after=2024-12-14 16:00:00+00:00
[2024-12-14T19:44:41.728+0000] {processor.py:208} INFO - Processing /home/airflow/.local/lib/python3.12/site-packages/airflow/example_dags/example_latest_only.py took 0.069 seconds
[2024-12-14T19:45:13.641+0000] {processor.py:186} INFO - Started process (PID=1191) to work on /home/airflow/.local/lib/python3.12/site-packages/airflow/example_dags/example_latest_only.py
[2024-12-14T19:45:13.642+0000] {processor.py:914} INFO - Processing file /home/airflow/.local/lib/python3.12/site-packages/airflow/example_dags/example_latest_only.py for tasks to queue
[2024-12-14T19:45:13.643+0000] {logging_mixin.py:190} INFO - [2024-12-14T19:45:13.643+0000] {dagbag.py:588} INFO - Filling up the DagBag from /home/airflow/.local/lib/python3.12/site-packages/airflow/example_dags/example_latest_only.py
[2024-12-14T19:45:13.649+0000] {processor.py:925} INFO - DAG(s) 'latest_only' retrieved from /home/airflow/.local/lib/python3.12/site-packages/airflow/example_dags/example_latest_only.py
[2024-12-14T19:45:13.667+0000] {logging_mixin.py:190} INFO - [2024-12-14T19:45:13.666+0000] {dag.py:3239} INFO - Sync 1 DAGs
[2024-12-14T19:45:13.691+0000] {logging_mixin.py:190} INFO - [2024-12-14T19:45:13.691+0000] {dag.py:4180} INFO - Setting next_dagrun for latest_only to 2024-12-14 12:00:00+00:00, run_after=2024-12-14 16:00:00+00:00
[2024-12-14T19:45:13.708+0000] {processor.py:208} INFO - Processing /home/airflow/.local/lib/python3.12/site-packages/airflow/example_dags/example_latest_only.py took 0.072 seconds
[2024-12-14T19:45:44.301+0000] {processor.py:186} INFO - Started process (PID=1254) to work on /home/airflow/.local/lib/python3.12/site-packages/airflow/example_dags/example_latest_only.py
[2024-12-14T19:45:44.302+0000] {processor.py:914} INFO - Processing file /home/airflow/.local/lib/python3.12/site-packages/airflow/example_dags/example_latest_only.py for tasks to queue
[2024-12-14T19:45:44.304+0000] {logging_mixin.py:190} INFO - [2024-12-14T19:45:44.304+0000] {dagbag.py:588} INFO - Filling up the DagBag from /home/airflow/.local/lib/python3.12/site-packages/airflow/example_dags/example_latest_only.py
[2024-12-14T19:45:44.310+0000] {processor.py:925} INFO - DAG(s) 'latest_only' retrieved from /home/airflow/.local/lib/python3.12/site-packages/airflow/example_dags/example_latest_only.py
[2024-12-14T19:45:44.326+0000] {logging_mixin.py:190} INFO - [2024-12-14T19:45:44.326+0000] {dag.py:3239} INFO - Sync 1 DAGs
[2024-12-14T19:45:44.346+0000] {logging_mixin.py:190} INFO - [2024-12-14T19:45:44.345+0000] {dag.py:4180} INFO - Setting next_dagrun for latest_only to 2024-12-14 12:00:00+00:00, run_after=2024-12-14 16:00:00+00:00
[2024-12-14T19:45:44.360+0000] {processor.py:208} INFO - Processing /home/airflow/.local/lib/python3.12/site-packages/airflow/example_dags/example_latest_only.py took 0.063 seconds
