[2024-12-14T19:28:31.370+0000] {processor.py:186} INFO - Started process (PID=63) to work on /home/airflow/.local/lib/python3.12/site-packages/airflow/example_dags/tutorial.py
[2024-12-14T19:28:31.371+0000] {processor.py:914} INFO - Processing file /home/airflow/.local/lib/python3.12/site-packages/airflow/example_dags/tutorial.py for tasks to queue
[2024-12-14T19:28:31.373+0000] {logging_mixin.py:190} INFO - [2024-12-14T19:28:31.372+0000] {dagbag.py:588} INFO - Filling up the DagBag from /home/airflow/.local/lib/python3.12/site-packages/airflow/example_dags/tutorial.py
[2024-12-14T19:28:31.380+0000] {processor.py:925} INFO - DAG(s) 'tutorial' retrieved from /home/airflow/.local/lib/python3.12/site-packages/airflow/example_dags/tutorial.py
[2024-12-14T19:28:31.471+0000] {logging_mixin.py:190} INFO - [2024-12-14T19:28:31.470+0000] {override.py:1911} INFO - Created Permission View: can edit on DAG:tutorial
[2024-12-14T19:28:31.478+0000] {logging_mixin.py:190} INFO - [2024-12-14T19:28:31.478+0000] {override.py:1911} INFO - Created Permission View: can delete on DAG:tutorial
[2024-12-14T19:28:31.483+0000] {logging_mixin.py:190} INFO - [2024-12-14T19:28:31.483+0000] {override.py:1911} INFO - Created Permission View: can read on DAG:tutorial
[2024-12-14T19:28:31.488+0000] {logging_mixin.py:190} INFO - [2024-12-14T19:28:31.488+0000] {override.py:1911} INFO - Created Permission View: menu access on DAG Run:tutorial
[2024-12-14T19:28:31.494+0000] {logging_mixin.py:190} INFO - [2024-12-14T19:28:31.494+0000] {override.py:1911} INFO - Created Permission View: can delete on DAG Run:tutorial
[2024-12-14T19:28:31.500+0000] {logging_mixin.py:190} INFO - [2024-12-14T19:28:31.500+0000] {override.py:1911} INFO - Created Permission View: can create on DAG Run:tutorial
[2024-12-14T19:28:31.506+0000] {logging_mixin.py:190} INFO - [2024-12-14T19:28:31.506+0000] {override.py:1911} INFO - Created Permission View: can read on DAG Run:tutorial
[2024-12-14T19:28:31.506+0000] {logging_mixin.py:190} INFO - [2024-12-14T19:28:31.506+0000] {dag.py:3239} INFO - Sync 1 DAGs
[2024-12-14T19:28:31.522+0000] {logging_mixin.py:190} INFO - [2024-12-14T19:28:31.522+0000] {dag.py:3262} INFO - Creating ORM DAG for tutorial
[2024-12-14T19:28:31.534+0000] {logging_mixin.py:190} INFO - [2024-12-14T19:28:31.534+0000] {dag.py:4180} INFO - Setting next_dagrun for tutorial to 2024-12-13 00:00:00+00:00, run_after=2024-12-14 00:00:00+00:00
[2024-12-14T19:28:31.551+0000] {processor.py:208} INFO - Processing /home/airflow/.local/lib/python3.12/site-packages/airflow/example_dags/tutorial.py took 0.186 seconds
[2024-12-14T19:29:02.093+0000] {processor.py:186} INFO - Started process (PID=126) to work on /home/airflow/.local/lib/python3.12/site-packages/airflow/example_dags/tutorial.py
[2024-12-14T19:29:02.093+0000] {processor.py:914} INFO - Processing file /home/airflow/.local/lib/python3.12/site-packages/airflow/example_dags/tutorial.py for tasks to queue
[2024-12-14T19:29:02.096+0000] {logging_mixin.py:190} INFO - [2024-12-14T19:29:02.095+0000] {dagbag.py:588} INFO - Filling up the DagBag from /home/airflow/.local/lib/python3.12/site-packages/airflow/example_dags/tutorial.py
[2024-12-14T19:29:02.104+0000] {processor.py:925} INFO - DAG(s) 'tutorial' retrieved from /home/airflow/.local/lib/python3.12/site-packages/airflow/example_dags/tutorial.py
[2024-12-14T19:29:02.124+0000] {logging_mixin.py:190} INFO - [2024-12-14T19:29:02.124+0000] {dag.py:3239} INFO - Sync 1 DAGs
[2024-12-14T19:29:02.149+0000] {logging_mixin.py:190} INFO - [2024-12-14T19:29:02.149+0000] {dag.py:4180} INFO - Setting next_dagrun for tutorial to 2024-12-13 00:00:00+00:00, run_after=2024-12-14 00:00:00+00:00
[2024-12-14T19:29:02.168+0000] {processor.py:208} INFO - Processing /home/airflow/.local/lib/python3.12/site-packages/airflow/example_dags/tutorial.py took 0.082 seconds
[2024-12-14T19:29:32.927+0000] {processor.py:186} INFO - Started process (PID=189) to work on /home/airflow/.local/lib/python3.12/site-packages/airflow/example_dags/tutorial.py
[2024-12-14T19:29:32.929+0000] {processor.py:914} INFO - Processing file /home/airflow/.local/lib/python3.12/site-packages/airflow/example_dags/tutorial.py for tasks to queue
[2024-12-14T19:29:32.930+0000] {logging_mixin.py:190} INFO - [2024-12-14T19:29:32.930+0000] {dagbag.py:588} INFO - Filling up the DagBag from /home/airflow/.local/lib/python3.12/site-packages/airflow/example_dags/tutorial.py
[2024-12-14T19:29:32.937+0000] {processor.py:925} INFO - DAG(s) 'tutorial' retrieved from /home/airflow/.local/lib/python3.12/site-packages/airflow/example_dags/tutorial.py
[2024-12-14T19:29:32.955+0000] {logging_mixin.py:190} INFO - [2024-12-14T19:29:32.955+0000] {dag.py:3239} INFO - Sync 1 DAGs
[2024-12-14T19:29:32.979+0000] {logging_mixin.py:190} INFO - [2024-12-14T19:29:32.979+0000] {dag.py:4180} INFO - Setting next_dagrun for tutorial to 2024-12-13 00:00:00+00:00, run_after=2024-12-14 00:00:00+00:00
[2024-12-14T19:29:32.997+0000] {processor.py:208} INFO - Processing /home/airflow/.local/lib/python3.12/site-packages/airflow/example_dags/tutorial.py took 0.075 seconds
[2024-12-14T19:30:03.091+0000] {processor.py:186} INFO - Started process (PID=251) to work on /home/airflow/.local/lib/python3.12/site-packages/airflow/example_dags/tutorial.py
[2024-12-14T19:30:03.092+0000] {processor.py:914} INFO - Processing file /home/airflow/.local/lib/python3.12/site-packages/airflow/example_dags/tutorial.py for tasks to queue
[2024-12-14T19:30:03.093+0000] {logging_mixin.py:190} INFO - [2024-12-14T19:30:03.093+0000] {dagbag.py:588} INFO - Filling up the DagBag from /home/airflow/.local/lib/python3.12/site-packages/airflow/example_dags/tutorial.py
[2024-12-14T19:30:03.100+0000] {processor.py:925} INFO - DAG(s) 'tutorial' retrieved from /home/airflow/.local/lib/python3.12/site-packages/airflow/example_dags/tutorial.py
[2024-12-14T19:30:03.119+0000] {logging_mixin.py:190} INFO - [2024-12-14T19:30:03.118+0000] {dag.py:3239} INFO - Sync 1 DAGs
[2024-12-14T19:30:03.144+0000] {logging_mixin.py:190} INFO - [2024-12-14T19:30:03.144+0000] {dag.py:4180} INFO - Setting next_dagrun for tutorial to 2024-12-13 00:00:00+00:00, run_after=2024-12-14 00:00:00+00:00
[2024-12-14T19:30:03.161+0000] {processor.py:208} INFO - Processing /home/airflow/.local/lib/python3.12/site-packages/airflow/example_dags/tutorial.py took 0.076 seconds
[2024-12-14T19:30:33.395+0000] {processor.py:186} INFO - Started process (PID=314) to work on /home/airflow/.local/lib/python3.12/site-packages/airflow/example_dags/tutorial.py
[2024-12-14T19:30:33.396+0000] {processor.py:914} INFO - Processing file /home/airflow/.local/lib/python3.12/site-packages/airflow/example_dags/tutorial.py for tasks to queue
[2024-12-14T19:30:33.398+0000] {logging_mixin.py:190} INFO - [2024-12-14T19:30:33.397+0000] {dagbag.py:588} INFO - Filling up the DagBag from /home/airflow/.local/lib/python3.12/site-packages/airflow/example_dags/tutorial.py
[2024-12-14T19:30:33.404+0000] {processor.py:925} INFO - DAG(s) 'tutorial' retrieved from /home/airflow/.local/lib/python3.12/site-packages/airflow/example_dags/tutorial.py
[2024-12-14T19:30:33.424+0000] {logging_mixin.py:190} INFO - [2024-12-14T19:30:33.424+0000] {dag.py:3239} INFO - Sync 1 DAGs
[2024-12-14T19:30:33.452+0000] {logging_mixin.py:190} INFO - [2024-12-14T19:30:33.451+0000] {dag.py:4180} INFO - Setting next_dagrun for tutorial to 2024-12-13 00:00:00+00:00, run_after=2024-12-14 00:00:00+00:00
[2024-12-14T19:30:33.471+0000] {processor.py:208} INFO - Processing /home/airflow/.local/lib/python3.12/site-packages/airflow/example_dags/tutorial.py took 0.080 seconds
[2024-12-14T19:31:42.596+0000] {processor.py:186} INFO - Started process (PID=64) to work on /home/airflow/.local/lib/python3.12/site-packages/airflow/example_dags/tutorial.py
[2024-12-14T19:31:42.608+0000] {processor.py:914} INFO - Processing file /home/airflow/.local/lib/python3.12/site-packages/airflow/example_dags/tutorial.py for tasks to queue
[2024-12-14T19:31:42.610+0000] {logging_mixin.py:190} INFO - [2024-12-14T19:31:42.610+0000] {dagbag.py:588} INFO - Filling up the DagBag from /home/airflow/.local/lib/python3.12/site-packages/airflow/example_dags/tutorial.py
[2024-12-14T19:31:42.657+0000] {processor.py:925} INFO - DAG(s) 'tutorial' retrieved from /home/airflow/.local/lib/python3.12/site-packages/airflow/example_dags/tutorial.py
[2024-12-14T19:31:42.749+0000] {logging_mixin.py:190} INFO - [2024-12-14T19:31:42.748+0000] {dag.py:3239} INFO - Sync 1 DAGs
[2024-12-14T19:31:42.800+0000] {logging_mixin.py:190} INFO - [2024-12-14T19:31:42.800+0000] {dag.py:4180} INFO - Setting next_dagrun for tutorial to 2024-12-13 00:00:00+00:00, run_after=2024-12-14 00:00:00+00:00
[2024-12-14T19:31:42.833+0000] {processor.py:208} INFO - Processing /home/airflow/.local/lib/python3.12/site-packages/airflow/example_dags/tutorial.py took 0.265 seconds
[2024-12-14T19:32:13.150+0000] {processor.py:186} INFO - Started process (PID=128) to work on /home/airflow/.local/lib/python3.12/site-packages/airflow/example_dags/tutorial.py
[2024-12-14T19:32:13.150+0000] {processor.py:914} INFO - Processing file /home/airflow/.local/lib/python3.12/site-packages/airflow/example_dags/tutorial.py for tasks to queue
[2024-12-14T19:32:13.152+0000] {logging_mixin.py:190} INFO - [2024-12-14T19:32:13.152+0000] {dagbag.py:588} INFO - Filling up the DagBag from /home/airflow/.local/lib/python3.12/site-packages/airflow/example_dags/tutorial.py
[2024-12-14T19:32:13.159+0000] {processor.py:925} INFO - DAG(s) 'tutorial' retrieved from /home/airflow/.local/lib/python3.12/site-packages/airflow/example_dags/tutorial.py
[2024-12-14T19:32:13.174+0000] {logging_mixin.py:190} INFO - [2024-12-14T19:32:13.174+0000] {dag.py:3239} INFO - Sync 1 DAGs
[2024-12-14T19:32:13.195+0000] {logging_mixin.py:190} INFO - [2024-12-14T19:32:13.195+0000] {dag.py:4180} INFO - Setting next_dagrun for tutorial to 2024-12-13 00:00:00+00:00, run_after=2024-12-14 00:00:00+00:00
[2024-12-14T19:32:13.213+0000] {processor.py:208} INFO - Processing /home/airflow/.local/lib/python3.12/site-packages/airflow/example_dags/tutorial.py took 0.068 seconds
[2024-12-14T19:32:44.483+0000] {processor.py:186} INFO - Started process (PID=191) to work on /home/airflow/.local/lib/python3.12/site-packages/airflow/example_dags/tutorial.py
[2024-12-14T19:32:44.485+0000] {processor.py:914} INFO - Processing file /home/airflow/.local/lib/python3.12/site-packages/airflow/example_dags/tutorial.py for tasks to queue
[2024-12-14T19:32:44.486+0000] {logging_mixin.py:190} INFO - [2024-12-14T19:32:44.486+0000] {dagbag.py:588} INFO - Filling up the DagBag from /home/airflow/.local/lib/python3.12/site-packages/airflow/example_dags/tutorial.py
[2024-12-14T19:32:44.493+0000] {processor.py:925} INFO - DAG(s) 'tutorial' retrieved from /home/airflow/.local/lib/python3.12/site-packages/airflow/example_dags/tutorial.py
[2024-12-14T19:32:44.510+0000] {logging_mixin.py:190} INFO - [2024-12-14T19:32:44.510+0000] {dag.py:3239} INFO - Sync 1 DAGs
[2024-12-14T19:32:44.531+0000] {logging_mixin.py:190} INFO - [2024-12-14T19:32:44.531+0000] {dag.py:4180} INFO - Setting next_dagrun for tutorial to 2024-12-13 00:00:00+00:00, run_after=2024-12-14 00:00:00+00:00
[2024-12-14T19:32:44.549+0000] {processor.py:208} INFO - Processing /home/airflow/.local/lib/python3.12/site-packages/airflow/example_dags/tutorial.py took 0.071 seconds
[2024-12-14T19:33:15.682+0000] {processor.py:186} INFO - Started process (PID=254) to work on /home/airflow/.local/lib/python3.12/site-packages/airflow/example_dags/tutorial.py
[2024-12-14T19:33:15.683+0000] {processor.py:914} INFO - Processing file /home/airflow/.local/lib/python3.12/site-packages/airflow/example_dags/tutorial.py for tasks to queue
[2024-12-14T19:33:15.685+0000] {logging_mixin.py:190} INFO - [2024-12-14T19:33:15.684+0000] {dagbag.py:588} INFO - Filling up the DagBag from /home/airflow/.local/lib/python3.12/site-packages/airflow/example_dags/tutorial.py
[2024-12-14T19:33:15.692+0000] {processor.py:925} INFO - DAG(s) 'tutorial' retrieved from /home/airflow/.local/lib/python3.12/site-packages/airflow/example_dags/tutorial.py
[2024-12-14T19:33:15.709+0000] {logging_mixin.py:190} INFO - [2024-12-14T19:33:15.709+0000] {dag.py:3239} INFO - Sync 1 DAGs
[2024-12-14T19:33:15.731+0000] {logging_mixin.py:190} INFO - [2024-12-14T19:33:15.731+0000] {dag.py:4180} INFO - Setting next_dagrun for tutorial to 2024-12-13 00:00:00+00:00, run_after=2024-12-14 00:00:00+00:00
[2024-12-14T19:33:15.746+0000] {processor.py:208} INFO - Processing /home/airflow/.local/lib/python3.12/site-packages/airflow/example_dags/tutorial.py took 0.070 seconds
[2024-12-14T19:33:47.091+0000] {processor.py:186} INFO - Started process (PID=317) to work on /home/airflow/.local/lib/python3.12/site-packages/airflow/example_dags/tutorial.py
[2024-12-14T19:33:47.093+0000] {processor.py:914} INFO - Processing file /home/airflow/.local/lib/python3.12/site-packages/airflow/example_dags/tutorial.py for tasks to queue
[2024-12-14T19:33:47.094+0000] {logging_mixin.py:190} INFO - [2024-12-14T19:33:47.094+0000] {dagbag.py:588} INFO - Filling up the DagBag from /home/airflow/.local/lib/python3.12/site-packages/airflow/example_dags/tutorial.py
[2024-12-14T19:33:47.102+0000] {processor.py:925} INFO - DAG(s) 'tutorial' retrieved from /home/airflow/.local/lib/python3.12/site-packages/airflow/example_dags/tutorial.py
[2024-12-14T19:33:47.118+0000] {logging_mixin.py:190} INFO - [2024-12-14T19:33:47.118+0000] {dag.py:3239} INFO - Sync 1 DAGs
[2024-12-14T19:33:47.139+0000] {logging_mixin.py:190} INFO - [2024-12-14T19:33:47.139+0000] {dag.py:4180} INFO - Setting next_dagrun for tutorial to 2024-12-13 00:00:00+00:00, run_after=2024-12-14 00:00:00+00:00
[2024-12-14T19:33:47.156+0000] {processor.py:208} INFO - Processing /home/airflow/.local/lib/python3.12/site-packages/airflow/example_dags/tutorial.py took 0.070 seconds
[2024-12-14T19:34:18.362+0000] {processor.py:186} INFO - Started process (PID=380) to work on /home/airflow/.local/lib/python3.12/site-packages/airflow/example_dags/tutorial.py
[2024-12-14T19:34:18.363+0000] {processor.py:914} INFO - Processing file /home/airflow/.local/lib/python3.12/site-packages/airflow/example_dags/tutorial.py for tasks to queue
[2024-12-14T19:34:18.365+0000] {logging_mixin.py:190} INFO - [2024-12-14T19:34:18.365+0000] {dagbag.py:588} INFO - Filling up the DagBag from /home/airflow/.local/lib/python3.12/site-packages/airflow/example_dags/tutorial.py
[2024-12-14T19:34:18.371+0000] {processor.py:925} INFO - DAG(s) 'tutorial' retrieved from /home/airflow/.local/lib/python3.12/site-packages/airflow/example_dags/tutorial.py
[2024-12-14T19:34:18.390+0000] {logging_mixin.py:190} INFO - [2024-12-14T19:34:18.389+0000] {dag.py:3239} INFO - Sync 1 DAGs
[2024-12-14T19:34:18.415+0000] {logging_mixin.py:190} INFO - [2024-12-14T19:34:18.415+0000] {dag.py:4180} INFO - Setting next_dagrun for tutorial to 2024-12-13 00:00:00+00:00, run_after=2024-12-14 00:00:00+00:00
[2024-12-14T19:34:18.431+0000] {processor.py:208} INFO - Processing /home/airflow/.local/lib/python3.12/site-packages/airflow/example_dags/tutorial.py took 0.074 seconds
[2024-12-14T19:34:49.746+0000] {processor.py:186} INFO - Started process (PID=443) to work on /home/airflow/.local/lib/python3.12/site-packages/airflow/example_dags/tutorial.py
[2024-12-14T19:34:49.747+0000] {processor.py:914} INFO - Processing file /home/airflow/.local/lib/python3.12/site-packages/airflow/example_dags/tutorial.py for tasks to queue
[2024-12-14T19:34:49.749+0000] {logging_mixin.py:190} INFO - [2024-12-14T19:34:49.749+0000] {dagbag.py:588} INFO - Filling up the DagBag from /home/airflow/.local/lib/python3.12/site-packages/airflow/example_dags/tutorial.py
[2024-12-14T19:34:49.756+0000] {processor.py:925} INFO - DAG(s) 'tutorial' retrieved from /home/airflow/.local/lib/python3.12/site-packages/airflow/example_dags/tutorial.py
[2024-12-14T19:34:49.770+0000] {logging_mixin.py:190} INFO - [2024-12-14T19:34:49.770+0000] {dag.py:3239} INFO - Sync 1 DAGs
[2024-12-14T19:34:49.790+0000] {logging_mixin.py:190} INFO - [2024-12-14T19:34:49.790+0000] {dag.py:4180} INFO - Setting next_dagrun for tutorial to 2024-12-13 00:00:00+00:00, run_after=2024-12-14 00:00:00+00:00
[2024-12-14T19:34:49.805+0000] {processor.py:208} INFO - Processing /home/airflow/.local/lib/python3.12/site-packages/airflow/example_dags/tutorial.py took 0.064 seconds
[2024-12-14T19:35:53.661+0000] {processor.py:186} INFO - Started process (PID=57) to work on /home/airflow/.local/lib/python3.12/site-packages/airflow/example_dags/tutorial.py
[2024-12-14T19:35:53.662+0000] {processor.py:914} INFO - Processing file /home/airflow/.local/lib/python3.12/site-packages/airflow/example_dags/tutorial.py for tasks to queue
[2024-12-14T19:35:53.664+0000] {logging_mixin.py:190} INFO - [2024-12-14T19:35:53.664+0000] {dagbag.py:588} INFO - Filling up the DagBag from /home/airflow/.local/lib/python3.12/site-packages/airflow/example_dags/tutorial.py
[2024-12-14T19:35:53.670+0000] {processor.py:925} INFO - DAG(s) 'tutorial' retrieved from /home/airflow/.local/lib/python3.12/site-packages/airflow/example_dags/tutorial.py
[2024-12-14T19:35:53.692+0000] {logging_mixin.py:190} INFO - [2024-12-14T19:35:53.692+0000] {dag.py:3239} INFO - Sync 1 DAGs
[2024-12-14T19:35:53.714+0000] {logging_mixin.py:190} INFO - [2024-12-14T19:35:53.713+0000] {dag.py:4180} INFO - Setting next_dagrun for tutorial to 2024-12-13 00:00:00+00:00, run_after=2024-12-14 00:00:00+00:00
[2024-12-14T19:35:53.730+0000] {processor.py:208} INFO - Processing /home/airflow/.local/lib/python3.12/site-packages/airflow/example_dags/tutorial.py took 0.074 seconds
[2024-12-14T19:36:24.873+0000] {processor.py:186} INFO - Started process (PID=120) to work on /home/airflow/.local/lib/python3.12/site-packages/airflow/example_dags/tutorial.py
[2024-12-14T19:36:24.873+0000] {processor.py:914} INFO - Processing file /home/airflow/.local/lib/python3.12/site-packages/airflow/example_dags/tutorial.py for tasks to queue
[2024-12-14T19:36:24.875+0000] {logging_mixin.py:190} INFO - [2024-12-14T19:36:24.875+0000] {dagbag.py:588} INFO - Filling up the DagBag from /home/airflow/.local/lib/python3.12/site-packages/airflow/example_dags/tutorial.py
[2024-12-14T19:36:24.881+0000] {processor.py:925} INFO - DAG(s) 'tutorial' retrieved from /home/airflow/.local/lib/python3.12/site-packages/airflow/example_dags/tutorial.py
[2024-12-14T19:36:24.898+0000] {logging_mixin.py:190} INFO - [2024-12-14T19:36:24.898+0000] {dag.py:3239} INFO - Sync 1 DAGs
[2024-12-14T19:36:24.919+0000] {logging_mixin.py:190} INFO - [2024-12-14T19:36:24.919+0000] {dag.py:4180} INFO - Setting next_dagrun for tutorial to 2024-12-13 00:00:00+00:00, run_after=2024-12-14 00:00:00+00:00
[2024-12-14T19:36:24.934+0000] {processor.py:208} INFO - Processing /home/airflow/.local/lib/python3.12/site-packages/airflow/example_dags/tutorial.py took 0.066 seconds
[2024-12-14T19:36:55.888+0000] {processor.py:186} INFO - Started process (PID=183) to work on /home/airflow/.local/lib/python3.12/site-packages/airflow/example_dags/tutorial.py
[2024-12-14T19:36:55.889+0000] {processor.py:914} INFO - Processing file /home/airflow/.local/lib/python3.12/site-packages/airflow/example_dags/tutorial.py for tasks to queue
[2024-12-14T19:36:55.891+0000] {logging_mixin.py:190} INFO - [2024-12-14T19:36:55.890+0000] {dagbag.py:588} INFO - Filling up the DagBag from /home/airflow/.local/lib/python3.12/site-packages/airflow/example_dags/tutorial.py
[2024-12-14T19:36:55.899+0000] {processor.py:925} INFO - DAG(s) 'tutorial' retrieved from /home/airflow/.local/lib/python3.12/site-packages/airflow/example_dags/tutorial.py
[2024-12-14T19:36:55.914+0000] {logging_mixin.py:190} INFO - [2024-12-14T19:36:55.914+0000] {dag.py:3239} INFO - Sync 1 DAGs
[2024-12-14T19:36:55.939+0000] {logging_mixin.py:190} INFO - [2024-12-14T19:36:55.939+0000] {dag.py:4180} INFO - Setting next_dagrun for tutorial to 2024-12-13 00:00:00+00:00, run_after=2024-12-14 00:00:00+00:00
[2024-12-14T19:36:55.954+0000] {processor.py:208} INFO - Processing /home/airflow/.local/lib/python3.12/site-packages/airflow/example_dags/tutorial.py took 0.070 seconds
[2024-12-14T19:37:26.889+0000] {processor.py:186} INFO - Started process (PID=246) to work on /home/airflow/.local/lib/python3.12/site-packages/airflow/example_dags/tutorial.py
[2024-12-14T19:37:26.890+0000] {processor.py:914} INFO - Processing file /home/airflow/.local/lib/python3.12/site-packages/airflow/example_dags/tutorial.py for tasks to queue
[2024-12-14T19:37:26.892+0000] {logging_mixin.py:190} INFO - [2024-12-14T19:37:26.892+0000] {dagbag.py:588} INFO - Filling up the DagBag from /home/airflow/.local/lib/python3.12/site-packages/airflow/example_dags/tutorial.py
[2024-12-14T19:37:26.899+0000] {processor.py:925} INFO - DAG(s) 'tutorial' retrieved from /home/airflow/.local/lib/python3.12/site-packages/airflow/example_dags/tutorial.py
[2024-12-14T19:37:26.915+0000] {logging_mixin.py:190} INFO - [2024-12-14T19:37:26.915+0000] {dag.py:3239} INFO - Sync 1 DAGs
[2024-12-14T19:37:26.936+0000] {logging_mixin.py:190} INFO - [2024-12-14T19:37:26.936+0000] {dag.py:4180} INFO - Setting next_dagrun for tutorial to 2024-12-13 00:00:00+00:00, run_after=2024-12-14 00:00:00+00:00
[2024-12-14T19:37:26.954+0000] {processor.py:208} INFO - Processing /home/airflow/.local/lib/python3.12/site-packages/airflow/example_dags/tutorial.py took 0.070 seconds
[2024-12-14T19:37:57.825+0000] {processor.py:186} INFO - Started process (PID=309) to work on /home/airflow/.local/lib/python3.12/site-packages/airflow/example_dags/tutorial.py
[2024-12-14T19:37:57.826+0000] {processor.py:914} INFO - Processing file /home/airflow/.local/lib/python3.12/site-packages/airflow/example_dags/tutorial.py for tasks to queue
[2024-12-14T19:37:57.828+0000] {logging_mixin.py:190} INFO - [2024-12-14T19:37:57.828+0000] {dagbag.py:588} INFO - Filling up the DagBag from /home/airflow/.local/lib/python3.12/site-packages/airflow/example_dags/tutorial.py
[2024-12-14T19:37:57.835+0000] {processor.py:925} INFO - DAG(s) 'tutorial' retrieved from /home/airflow/.local/lib/python3.12/site-packages/airflow/example_dags/tutorial.py
[2024-12-14T19:37:57.851+0000] {logging_mixin.py:190} INFO - [2024-12-14T19:37:57.851+0000] {dag.py:3239} INFO - Sync 1 DAGs
[2024-12-14T19:37:57.871+0000] {logging_mixin.py:190} INFO - [2024-12-14T19:37:57.871+0000] {dag.py:4180} INFO - Setting next_dagrun for tutorial to 2024-12-13 00:00:00+00:00, run_after=2024-12-14 00:00:00+00:00
[2024-12-14T19:37:57.886+0000] {processor.py:208} INFO - Processing /home/airflow/.local/lib/python3.12/site-packages/airflow/example_dags/tutorial.py took 0.065 seconds
[2024-12-14T19:38:28.813+0000] {processor.py:186} INFO - Started process (PID=372) to work on /home/airflow/.local/lib/python3.12/site-packages/airflow/example_dags/tutorial.py
[2024-12-14T19:38:28.814+0000] {processor.py:914} INFO - Processing file /home/airflow/.local/lib/python3.12/site-packages/airflow/example_dags/tutorial.py for tasks to queue
[2024-12-14T19:38:28.816+0000] {logging_mixin.py:190} INFO - [2024-12-14T19:38:28.815+0000] {dagbag.py:588} INFO - Filling up the DagBag from /home/airflow/.local/lib/python3.12/site-packages/airflow/example_dags/tutorial.py
[2024-12-14T19:38:28.822+0000] {processor.py:925} INFO - DAG(s) 'tutorial' retrieved from /home/airflow/.local/lib/python3.12/site-packages/airflow/example_dags/tutorial.py
[2024-12-14T19:38:28.837+0000] {logging_mixin.py:190} INFO - [2024-12-14T19:38:28.837+0000] {dag.py:3239} INFO - Sync 1 DAGs
[2024-12-14T19:38:28.858+0000] {logging_mixin.py:190} INFO - [2024-12-14T19:38:28.857+0000] {dag.py:4180} INFO - Setting next_dagrun for tutorial to 2024-12-13 00:00:00+00:00, run_after=2024-12-14 00:00:00+00:00
[2024-12-14T19:38:28.872+0000] {processor.py:208} INFO - Processing /home/airflow/.local/lib/python3.12/site-packages/airflow/example_dags/tutorial.py took 0.064 seconds
[2024-12-14T19:39:00.064+0000] {processor.py:186} INFO - Started process (PID=435) to work on /home/airflow/.local/lib/python3.12/site-packages/airflow/example_dags/tutorial.py
[2024-12-14T19:39:00.065+0000] {processor.py:914} INFO - Processing file /home/airflow/.local/lib/python3.12/site-packages/airflow/example_dags/tutorial.py for tasks to queue
[2024-12-14T19:39:00.067+0000] {logging_mixin.py:190} INFO - [2024-12-14T19:39:00.067+0000] {dagbag.py:588} INFO - Filling up the DagBag from /home/airflow/.local/lib/python3.12/site-packages/airflow/example_dags/tutorial.py
[2024-12-14T19:39:00.073+0000] {processor.py:925} INFO - DAG(s) 'tutorial' retrieved from /home/airflow/.local/lib/python3.12/site-packages/airflow/example_dags/tutorial.py
[2024-12-14T19:39:00.089+0000] {logging_mixin.py:190} INFO - [2024-12-14T19:39:00.089+0000] {dag.py:3239} INFO - Sync 1 DAGs
[2024-12-14T19:39:00.110+0000] {logging_mixin.py:190} INFO - [2024-12-14T19:39:00.109+0000] {dag.py:4180} INFO - Setting next_dagrun for tutorial to 2024-12-13 00:00:00+00:00, run_after=2024-12-14 00:00:00+00:00
[2024-12-14T19:39:00.125+0000] {processor.py:208} INFO - Processing /home/airflow/.local/lib/python3.12/site-packages/airflow/example_dags/tutorial.py took 0.066 seconds
[2024-12-14T19:39:31.553+0000] {processor.py:186} INFO - Started process (PID=498) to work on /home/airflow/.local/lib/python3.12/site-packages/airflow/example_dags/tutorial.py
[2024-12-14T19:39:31.554+0000] {processor.py:914} INFO - Processing file /home/airflow/.local/lib/python3.12/site-packages/airflow/example_dags/tutorial.py for tasks to queue
[2024-12-14T19:39:31.555+0000] {logging_mixin.py:190} INFO - [2024-12-14T19:39:31.555+0000] {dagbag.py:588} INFO - Filling up the DagBag from /home/airflow/.local/lib/python3.12/site-packages/airflow/example_dags/tutorial.py
[2024-12-14T19:39:31.561+0000] {processor.py:925} INFO - DAG(s) 'tutorial' retrieved from /home/airflow/.local/lib/python3.12/site-packages/airflow/example_dags/tutorial.py
[2024-12-14T19:39:31.578+0000] {logging_mixin.py:190} INFO - [2024-12-14T19:39:31.578+0000] {dag.py:3239} INFO - Sync 1 DAGs
[2024-12-14T19:39:31.600+0000] {logging_mixin.py:190} INFO - [2024-12-14T19:39:31.600+0000] {dag.py:4180} INFO - Setting next_dagrun for tutorial to 2024-12-13 00:00:00+00:00, run_after=2024-12-14 00:00:00+00:00
[2024-12-14T19:39:31.616+0000] {processor.py:208} INFO - Processing /home/airflow/.local/lib/python3.12/site-packages/airflow/example_dags/tutorial.py took 0.068 seconds
[2024-12-14T19:40:02.717+0000] {processor.py:186} INFO - Started process (PID=561) to work on /home/airflow/.local/lib/python3.12/site-packages/airflow/example_dags/tutorial.py
[2024-12-14T19:40:02.718+0000] {processor.py:914} INFO - Processing file /home/airflow/.local/lib/python3.12/site-packages/airflow/example_dags/tutorial.py for tasks to queue
[2024-12-14T19:40:02.720+0000] {logging_mixin.py:190} INFO - [2024-12-14T19:40:02.720+0000] {dagbag.py:588} INFO - Filling up the DagBag from /home/airflow/.local/lib/python3.12/site-packages/airflow/example_dags/tutorial.py
[2024-12-14T19:40:02.729+0000] {processor.py:925} INFO - DAG(s) 'tutorial' retrieved from /home/airflow/.local/lib/python3.12/site-packages/airflow/example_dags/tutorial.py
[2024-12-14T19:40:02.751+0000] {logging_mixin.py:190} INFO - [2024-12-14T19:40:02.751+0000] {dag.py:3239} INFO - Sync 1 DAGs
[2024-12-14T19:40:02.780+0000] {logging_mixin.py:190} INFO - [2024-12-14T19:40:02.780+0000] {dag.py:4180} INFO - Setting next_dagrun for tutorial to 2024-12-13 00:00:00+00:00, run_after=2024-12-14 00:00:00+00:00
[2024-12-14T19:40:02.799+0000] {processor.py:208} INFO - Processing /home/airflow/.local/lib/python3.12/site-packages/airflow/example_dags/tutorial.py took 0.088 seconds
[2024-12-14T19:40:33.190+0000] {processor.py:186} INFO - Started process (PID=624) to work on /home/airflow/.local/lib/python3.12/site-packages/airflow/example_dags/tutorial.py
[2024-12-14T19:40:33.191+0000] {processor.py:914} INFO - Processing file /home/airflow/.local/lib/python3.12/site-packages/airflow/example_dags/tutorial.py for tasks to queue
[2024-12-14T19:40:33.193+0000] {logging_mixin.py:190} INFO - [2024-12-14T19:40:33.193+0000] {dagbag.py:588} INFO - Filling up the DagBag from /home/airflow/.local/lib/python3.12/site-packages/airflow/example_dags/tutorial.py
[2024-12-14T19:40:33.199+0000] {processor.py:925} INFO - DAG(s) 'tutorial' retrieved from /home/airflow/.local/lib/python3.12/site-packages/airflow/example_dags/tutorial.py
[2024-12-14T19:40:33.217+0000] {logging_mixin.py:190} INFO - [2024-12-14T19:40:33.217+0000] {dag.py:3239} INFO - Sync 1 DAGs
[2024-12-14T19:40:33.244+0000] {logging_mixin.py:190} INFO - [2024-12-14T19:40:33.243+0000] {dag.py:4180} INFO - Setting next_dagrun for tutorial to 2024-12-13 00:00:00+00:00, run_after=2024-12-14 00:00:00+00:00
[2024-12-14T19:40:33.265+0000] {processor.py:208} INFO - Processing /home/airflow/.local/lib/python3.12/site-packages/airflow/example_dags/tutorial.py took 0.079 seconds
[2024-12-14T19:41:04.507+0000] {processor.py:186} INFO - Started process (PID=694) to work on /home/airflow/.local/lib/python3.12/site-packages/airflow/example_dags/tutorial.py
[2024-12-14T19:41:04.508+0000] {processor.py:914} INFO - Processing file /home/airflow/.local/lib/python3.12/site-packages/airflow/example_dags/tutorial.py for tasks to queue
[2024-12-14T19:41:04.510+0000] {logging_mixin.py:190} INFO - [2024-12-14T19:41:04.510+0000] {dagbag.py:588} INFO - Filling up the DagBag from /home/airflow/.local/lib/python3.12/site-packages/airflow/example_dags/tutorial.py
[2024-12-14T19:41:04.519+0000] {processor.py:925} INFO - DAG(s) 'tutorial' retrieved from /home/airflow/.local/lib/python3.12/site-packages/airflow/example_dags/tutorial.py
[2024-12-14T19:41:04.538+0000] {logging_mixin.py:190} INFO - [2024-12-14T19:41:04.537+0000] {dag.py:3239} INFO - Sync 1 DAGs
[2024-12-14T19:41:04.562+0000] {logging_mixin.py:190} INFO - [2024-12-14T19:41:04.562+0000] {dag.py:4180} INFO - Setting next_dagrun for tutorial to 2024-12-13 00:00:00+00:00, run_after=2024-12-14 00:00:00+00:00
[2024-12-14T19:41:04.578+0000] {processor.py:208} INFO - Processing /home/airflow/.local/lib/python3.12/site-packages/airflow/example_dags/tutorial.py took 0.083 seconds
[2024-12-14T19:41:35.695+0000] {processor.py:186} INFO - Started process (PID=756) to work on /home/airflow/.local/lib/python3.12/site-packages/airflow/example_dags/tutorial.py
[2024-12-14T19:41:35.696+0000] {processor.py:914} INFO - Processing file /home/airflow/.local/lib/python3.12/site-packages/airflow/example_dags/tutorial.py for tasks to queue
[2024-12-14T19:41:35.698+0000] {logging_mixin.py:190} INFO - [2024-12-14T19:41:35.698+0000] {dagbag.py:588} INFO - Filling up the DagBag from /home/airflow/.local/lib/python3.12/site-packages/airflow/example_dags/tutorial.py
[2024-12-14T19:41:35.705+0000] {processor.py:925} INFO - DAG(s) 'tutorial' retrieved from /home/airflow/.local/lib/python3.12/site-packages/airflow/example_dags/tutorial.py
[2024-12-14T19:41:35.720+0000] {logging_mixin.py:190} INFO - [2024-12-14T19:41:35.720+0000] {dag.py:3239} INFO - Sync 1 DAGs
[2024-12-14T19:41:35.745+0000] {logging_mixin.py:190} INFO - [2024-12-14T19:41:35.745+0000] {dag.py:4180} INFO - Setting next_dagrun for tutorial to 2024-12-13 00:00:00+00:00, run_after=2024-12-14 00:00:00+00:00
[2024-12-14T19:41:35.762+0000] {processor.py:208} INFO - Processing /home/airflow/.local/lib/python3.12/site-packages/airflow/example_dags/tutorial.py took 0.072 seconds
[2024-12-14T19:42:07.376+0000] {processor.py:186} INFO - Started process (PID=818) to work on /home/airflow/.local/lib/python3.12/site-packages/airflow/example_dags/tutorial.py
[2024-12-14T19:42:07.377+0000] {processor.py:914} INFO - Processing file /home/airflow/.local/lib/python3.12/site-packages/airflow/example_dags/tutorial.py for tasks to queue
[2024-12-14T19:42:07.379+0000] {logging_mixin.py:190} INFO - [2024-12-14T19:42:07.379+0000] {dagbag.py:588} INFO - Filling up the DagBag from /home/airflow/.local/lib/python3.12/site-packages/airflow/example_dags/tutorial.py
[2024-12-14T19:42:07.387+0000] {processor.py:925} INFO - DAG(s) 'tutorial' retrieved from /home/airflow/.local/lib/python3.12/site-packages/airflow/example_dags/tutorial.py
[2024-12-14T19:42:07.405+0000] {logging_mixin.py:190} INFO - [2024-12-14T19:42:07.405+0000] {dag.py:3239} INFO - Sync 1 DAGs
[2024-12-14T19:42:07.428+0000] {logging_mixin.py:190} INFO - [2024-12-14T19:42:07.428+0000] {dag.py:4180} INFO - Setting next_dagrun for tutorial to 2024-12-13 00:00:00+00:00, run_after=2024-12-14 00:00:00+00:00
[2024-12-14T19:42:07.446+0000] {processor.py:208} INFO - Processing /home/airflow/.local/lib/python3.12/site-packages/airflow/example_dags/tutorial.py took 0.076 seconds
[2024-12-14T19:42:38.711+0000] {processor.py:186} INFO - Started process (PID=881) to work on /home/airflow/.local/lib/python3.12/site-packages/airflow/example_dags/tutorial.py
[2024-12-14T19:42:38.712+0000] {processor.py:914} INFO - Processing file /home/airflow/.local/lib/python3.12/site-packages/airflow/example_dags/tutorial.py for tasks to queue
[2024-12-14T19:42:38.714+0000] {logging_mixin.py:190} INFO - [2024-12-14T19:42:38.714+0000] {dagbag.py:588} INFO - Filling up the DagBag from /home/airflow/.local/lib/python3.12/site-packages/airflow/example_dags/tutorial.py
[2024-12-14T19:42:38.721+0000] {processor.py:925} INFO - DAG(s) 'tutorial' retrieved from /home/airflow/.local/lib/python3.12/site-packages/airflow/example_dags/tutorial.py
[2024-12-14T19:42:38.737+0000] {logging_mixin.py:190} INFO - [2024-12-14T19:42:38.737+0000] {dag.py:3239} INFO - Sync 1 DAGs
[2024-12-14T19:42:38.755+0000] {logging_mixin.py:190} INFO - [2024-12-14T19:42:38.755+0000] {dag.py:4180} INFO - Setting next_dagrun for tutorial to 2024-12-13 00:00:00+00:00, run_after=2024-12-14 00:00:00+00:00
[2024-12-14T19:42:38.769+0000] {processor.py:208} INFO - Processing /home/airflow/.local/lib/python3.12/site-packages/airflow/example_dags/tutorial.py took 0.063 seconds
[2024-12-14T19:43:08.820+0000] {processor.py:186} INFO - Started process (PID=944) to work on /home/airflow/.local/lib/python3.12/site-packages/airflow/example_dags/tutorial.py
[2024-12-14T19:43:08.821+0000] {processor.py:914} INFO - Processing file /home/airflow/.local/lib/python3.12/site-packages/airflow/example_dags/tutorial.py for tasks to queue
[2024-12-14T19:43:08.823+0000] {logging_mixin.py:190} INFO - [2024-12-14T19:43:08.822+0000] {dagbag.py:588} INFO - Filling up the DagBag from /home/airflow/.local/lib/python3.12/site-packages/airflow/example_dags/tutorial.py
[2024-12-14T19:43:08.831+0000] {processor.py:925} INFO - DAG(s) 'tutorial' retrieved from /home/airflow/.local/lib/python3.12/site-packages/airflow/example_dags/tutorial.py
[2024-12-14T19:43:08.853+0000] {logging_mixin.py:190} INFO - [2024-12-14T19:43:08.853+0000] {dag.py:3239} INFO - Sync 1 DAGs
[2024-12-14T19:43:08.879+0000] {logging_mixin.py:190} INFO - [2024-12-14T19:43:08.878+0000] {dag.py:4180} INFO - Setting next_dagrun for tutorial to 2024-12-13 00:00:00+00:00, run_after=2024-12-14 00:00:00+00:00
[2024-12-14T19:43:08.896+0000] {processor.py:208} INFO - Processing /home/airflow/.local/lib/python3.12/site-packages/airflow/example_dags/tutorial.py took 0.083 seconds
[2024-12-14T19:43:39.824+0000] {processor.py:186} INFO - Started process (PID=1006) to work on /home/airflow/.local/lib/python3.12/site-packages/airflow/example_dags/tutorial.py
[2024-12-14T19:43:39.825+0000] {processor.py:914} INFO - Processing file /home/airflow/.local/lib/python3.12/site-packages/airflow/example_dags/tutorial.py for tasks to queue
[2024-12-14T19:43:39.826+0000] {logging_mixin.py:190} INFO - [2024-12-14T19:43:39.826+0000] {dagbag.py:588} INFO - Filling up the DagBag from /home/airflow/.local/lib/python3.12/site-packages/airflow/example_dags/tutorial.py
[2024-12-14T19:43:39.833+0000] {processor.py:925} INFO - DAG(s) 'tutorial' retrieved from /home/airflow/.local/lib/python3.12/site-packages/airflow/example_dags/tutorial.py
[2024-12-14T19:43:39.850+0000] {logging_mixin.py:190} INFO - [2024-12-14T19:43:39.850+0000] {dag.py:3239} INFO - Sync 1 DAGs
[2024-12-14T19:43:39.872+0000] {logging_mixin.py:190} INFO - [2024-12-14T19:43:39.872+0000] {dag.py:4180} INFO - Setting next_dagrun for tutorial to 2024-12-13 00:00:00+00:00, run_after=2024-12-14 00:00:00+00:00
[2024-12-14T19:43:39.888+0000] {processor.py:208} INFO - Processing /home/airflow/.local/lib/python3.12/site-packages/airflow/example_dags/tutorial.py took 0.069 seconds
[2024-12-14T19:44:10.422+0000] {processor.py:186} INFO - Started process (PID=1069) to work on /home/airflow/.local/lib/python3.12/site-packages/airflow/example_dags/tutorial.py
[2024-12-14T19:44:10.423+0000] {processor.py:914} INFO - Processing file /home/airflow/.local/lib/python3.12/site-packages/airflow/example_dags/tutorial.py for tasks to queue
[2024-12-14T19:44:10.424+0000] {logging_mixin.py:190} INFO - [2024-12-14T19:44:10.424+0000] {dagbag.py:588} INFO - Filling up the DagBag from /home/airflow/.local/lib/python3.12/site-packages/airflow/example_dags/tutorial.py
[2024-12-14T19:44:10.432+0000] {processor.py:925} INFO - DAG(s) 'tutorial' retrieved from /home/airflow/.local/lib/python3.12/site-packages/airflow/example_dags/tutorial.py
[2024-12-14T19:44:10.449+0000] {logging_mixin.py:190} INFO - [2024-12-14T19:44:10.449+0000] {dag.py:3239} INFO - Sync 1 DAGs
[2024-12-14T19:44:10.472+0000] {logging_mixin.py:190} INFO - [2024-12-14T19:44:10.472+0000] {dag.py:4180} INFO - Setting next_dagrun for tutorial to 2024-12-13 00:00:00+00:00, run_after=2024-12-14 00:00:00+00:00
[2024-12-14T19:44:10.486+0000] {processor.py:208} INFO - Processing /home/airflow/.local/lib/python3.12/site-packages/airflow/example_dags/tutorial.py took 0.069 seconds
[2024-12-14T19:44:41.960+0000] {processor.py:186} INFO - Started process (PID=1133) to work on /home/airflow/.local/lib/python3.12/site-packages/airflow/example_dags/tutorial.py
[2024-12-14T19:44:41.961+0000] {processor.py:914} INFO - Processing file /home/airflow/.local/lib/python3.12/site-packages/airflow/example_dags/tutorial.py for tasks to queue
[2024-12-14T19:44:41.963+0000] {logging_mixin.py:190} INFO - [2024-12-14T19:44:41.962+0000] {dagbag.py:588} INFO - Filling up the DagBag from /home/airflow/.local/lib/python3.12/site-packages/airflow/example_dags/tutorial.py
[2024-12-14T19:44:41.969+0000] {processor.py:925} INFO - DAG(s) 'tutorial' retrieved from /home/airflow/.local/lib/python3.12/site-packages/airflow/example_dags/tutorial.py
[2024-12-14T19:44:41.985+0000] {logging_mixin.py:190} INFO - [2024-12-14T19:44:41.985+0000] {dag.py:3239} INFO - Sync 1 DAGs
[2024-12-14T19:44:42.004+0000] {logging_mixin.py:190} INFO - [2024-12-14T19:44:42.004+0000] {dag.py:4180} INFO - Setting next_dagrun for tutorial to 2024-12-13 00:00:00+00:00, run_after=2024-12-14 00:00:00+00:00
[2024-12-14T19:44:42.018+0000] {processor.py:208} INFO - Processing /home/airflow/.local/lib/python3.12/site-packages/airflow/example_dags/tutorial.py took 0.064 seconds
[2024-12-14T19:45:13.901+0000] {processor.py:186} INFO - Started process (PID=1196) to work on /home/airflow/.local/lib/python3.12/site-packages/airflow/example_dags/tutorial.py
[2024-12-14T19:45:13.901+0000] {processor.py:914} INFO - Processing file /home/airflow/.local/lib/python3.12/site-packages/airflow/example_dags/tutorial.py for tasks to queue
[2024-12-14T19:45:13.903+0000] {logging_mixin.py:190} INFO - [2024-12-14T19:45:13.903+0000] {dagbag.py:588} INFO - Filling up the DagBag from /home/airflow/.local/lib/python3.12/site-packages/airflow/example_dags/tutorial.py
[2024-12-14T19:45:13.910+0000] {processor.py:925} INFO - DAG(s) 'tutorial' retrieved from /home/airflow/.local/lib/python3.12/site-packages/airflow/example_dags/tutorial.py
[2024-12-14T19:45:13.928+0000] {logging_mixin.py:190} INFO - [2024-12-14T19:45:13.927+0000] {dag.py:3239} INFO - Sync 1 DAGs
[2024-12-14T19:45:13.952+0000] {logging_mixin.py:190} INFO - [2024-12-14T19:45:13.952+0000] {dag.py:4180} INFO - Setting next_dagrun for tutorial to 2024-12-13 00:00:00+00:00, run_after=2024-12-14 00:00:00+00:00
[2024-12-14T19:45:13.969+0000] {processor.py:208} INFO - Processing /home/airflow/.local/lib/python3.12/site-packages/airflow/example_dags/tutorial.py took 0.073 seconds
[2024-12-14T19:45:44.667+0000] {processor.py:186} INFO - Started process (PID=1259) to work on /home/airflow/.local/lib/python3.12/site-packages/airflow/example_dags/tutorial.py
[2024-12-14T19:45:44.668+0000] {processor.py:914} INFO - Processing file /home/airflow/.local/lib/python3.12/site-packages/airflow/example_dags/tutorial.py for tasks to queue
[2024-12-14T19:45:44.670+0000] {logging_mixin.py:190} INFO - [2024-12-14T19:45:44.669+0000] {dagbag.py:588} INFO - Filling up the DagBag from /home/airflow/.local/lib/python3.12/site-packages/airflow/example_dags/tutorial.py
[2024-12-14T19:45:44.678+0000] {processor.py:925} INFO - DAG(s) 'tutorial' retrieved from /home/airflow/.local/lib/python3.12/site-packages/airflow/example_dags/tutorial.py
[2024-12-14T19:45:44.697+0000] {logging_mixin.py:190} INFO - [2024-12-14T19:45:44.696+0000] {dag.py:3239} INFO - Sync 1 DAGs
[2024-12-14T19:45:44.722+0000] {logging_mixin.py:190} INFO - [2024-12-14T19:45:44.722+0000] {dag.py:4180} INFO - Setting next_dagrun for tutorial to 2024-12-13 00:00:00+00:00, run_after=2024-12-14 00:00:00+00:00
[2024-12-14T19:45:44.738+0000] {processor.py:208} INFO - Processing /home/airflow/.local/lib/python3.12/site-packages/airflow/example_dags/tutorial.py took 0.076 seconds
