[2024-12-28T19:34:44.913+0000] {local_task_job_runner.py:123} INFO - ::group::Pre task execution logs
[2024-12-28T19:34:44.926+0000] {taskinstance.py:2613} INFO - Dependencies all met for dep_context=non-requeueable deps ti=<TaskInstance: spark_clickhouse_example.spark_submit_job manual__2024-12-28T19:34:43.851169+00:00 [queued]>
[2024-12-28T19:34:44.934+0000] {taskinstance.py:2613} INFO - Dependencies all met for dep_context=requeueable deps ti=<TaskInstance: spark_clickhouse_example.spark_submit_job manual__2024-12-28T19:34:43.851169+00:00 [queued]>
[2024-12-28T19:34:44.934+0000] {taskinstance.py:2866} INFO - Starting attempt 1 of 1
[2024-12-28T19:34:44.948+0000] {taskinstance.py:2889} INFO - Executing <Task(SparkSubmitOperator): spark_submit_job> on 2024-12-28 19:34:43.851169+00:00
[2024-12-28T19:34:44.955+0000] {warnings.py:112} WARNING - /home/***/.local/lib/python3.12/site-packages/***/task/task_runner/standard_task_runner.py:70: DeprecationWarning: This process (pid=2081) is multi-threaded, use of fork() may lead to deadlocks in the child.
  pid = os.fork()

[2024-12-28T19:34:44.956+0000] {standard_task_runner.py:72} INFO - Started process 2082 to run task
[2024-12-28T19:34:44.956+0000] {standard_task_runner.py:104} INFO - Running: ['***', 'tasks', 'run', 'spark_clickhouse_example', 'spark_submit_job', 'manual__2024-12-28T19:34:43.851169+00:00', '--job-id', '15', '--raw', '--subdir', 'DAGS_FOLDER/test_spark_clickhouse.py', '--cfg-path', '/tmp/tmpkv1rkfmy']
[2024-12-28T19:34:44.957+0000] {standard_task_runner.py:105} INFO - Job 15: Subtask spark_submit_job
[2024-12-28T19:34:44.988+0000] {task_command.py:467} INFO - Running <TaskInstance: spark_clickhouse_example.spark_submit_job manual__2024-12-28T19:34:43.851169+00:00 [running]> on host 471d7521a401
[2024-12-28T19:34:45.048+0000] {taskinstance.py:3132} INFO - Exporting env vars: AIRFLOW_CTX_DAG_OWNER='TKO' AIRFLOW_CTX_DAG_ID='spark_clickhouse_example' AIRFLOW_CTX_TASK_ID='spark_submit_job' AIRFLOW_CTX_EXECUTION_DATE='2024-12-28T19:34:43.851169+00:00' AIRFLOW_CTX_TRY_NUMBER='1' AIRFLOW_CTX_DAG_RUN_ID='manual__2024-12-28T19:34:43.851169+00:00'
[2024-12-28T19:34:45.049+0000] {taskinstance.py:731} INFO - ::endgroup::
[2024-12-28T19:34:45.056+0000] {base.py:84} INFO - Retrieving connection 'spark'
[2024-12-28T19:34:45.057+0000] {spark_submit.py:327} ERROR - Failed to decode base64 keytab: Incorrect padding
[2024-12-28T19:34:45.058+0000] {spark_submit.py:304} INFO - Could not load connection string spark, defaulting to spark://spark-master:7077
[2024-12-28T19:34:45.059+0000] {spark_submit.py:473} INFO - Spark-Submit cmd: spark-submit --master spark://spark-master:7077 --num-executors 1 --total-executor-cores 1 --executor-cores 1 --executor-memory 12g --driver-memory 12g --name arrow-spark --verbose --deploy-mode client dags/spark_app/spark_1.py
[2024-12-28T19:34:46.139+0000] {spark_submit.py:634} INFO - Using properties file: null
[2024-12-28T19:34:46.237+0000] {spark_submit.py:634} INFO - Parsed arguments:
[2024-12-28T19:34:46.238+0000] {spark_submit.py:634} INFO - master                  spark://spark-master:7077
[2024-12-28T19:34:46.238+0000] {spark_submit.py:634} INFO - remote                  null
[2024-12-28T19:34:46.238+0000] {spark_submit.py:634} INFO - deployMode              client
[2024-12-28T19:34:46.238+0000] {spark_submit.py:634} INFO - executorMemory          12g
[2024-12-28T19:34:46.238+0000] {spark_submit.py:634} INFO - executorCores           1
[2024-12-28T19:34:46.239+0000] {spark_submit.py:634} INFO - totalExecutorCores      1
[2024-12-28T19:34:46.239+0000] {spark_submit.py:634} INFO - propertiesFile          null
[2024-12-28T19:34:46.239+0000] {spark_submit.py:634} INFO - driverMemory            12g
[2024-12-28T19:34:46.239+0000] {spark_submit.py:634} INFO - driverCores             null
[2024-12-28T19:34:46.239+0000] {spark_submit.py:634} INFO - driverExtraClassPath    null
[2024-12-28T19:34:46.239+0000] {spark_submit.py:634} INFO - driverExtraLibraryPath  null
[2024-12-28T19:34:46.240+0000] {spark_submit.py:634} INFO - driverExtraJavaOptions  null
[2024-12-28T19:34:46.240+0000] {spark_submit.py:634} INFO - supervise               false
[2024-12-28T19:34:46.240+0000] {spark_submit.py:634} INFO - queue                   null
[2024-12-28T19:34:46.240+0000] {spark_submit.py:634} INFO - numExecutors            1
[2024-12-28T19:34:46.240+0000] {spark_submit.py:634} INFO - files                   null
[2024-12-28T19:34:46.240+0000] {spark_submit.py:634} INFO - pyFiles                 null
[2024-12-28T19:34:46.241+0000] {spark_submit.py:634} INFO - archives                null
[2024-12-28T19:34:46.241+0000] {spark_submit.py:634} INFO - mainClass               null
[2024-12-28T19:34:46.241+0000] {spark_submit.py:634} INFO - primaryResource         file:/opt/***/dags/spark_app/spark_1.py
[2024-12-28T19:34:46.241+0000] {spark_submit.py:634} INFO - name                    arrow-spark
[2024-12-28T19:34:46.241+0000] {spark_submit.py:634} INFO - childArgs               []
[2024-12-28T19:34:46.242+0000] {spark_submit.py:634} INFO - jars                    null
[2024-12-28T19:34:46.242+0000] {spark_submit.py:634} INFO - packages                null
[2024-12-28T19:34:46.242+0000] {spark_submit.py:634} INFO - packagesExclusions      null
[2024-12-28T19:34:46.242+0000] {spark_submit.py:634} INFO - repositories            null
[2024-12-28T19:34:46.242+0000] {spark_submit.py:634} INFO - verbose                 true
[2024-12-28T19:34:46.242+0000] {spark_submit.py:634} INFO - 
[2024-12-28T19:34:46.242+0000] {spark_submit.py:634} INFO - Spark properties used, including those specified through
[2024-12-28T19:34:46.242+0000] {spark_submit.py:634} INFO - --conf and those from the properties file null:
[2024-12-28T19:34:46.243+0000] {spark_submit.py:634} INFO - (spark.driver.memory,12g)
[2024-12-28T19:34:46.243+0000] {spark_submit.py:634} INFO - 
[2024-12-28T19:34:46.243+0000] {spark_submit.py:634} INFO - 
[2024-12-28T19:34:46.437+0000] {spark_submit.py:634} INFO - Main class:
[2024-12-28T19:34:46.437+0000] {spark_submit.py:634} INFO - org.apache.spark.deploy.PythonRunner
[2024-12-28T19:34:46.438+0000] {spark_submit.py:634} INFO - Arguments:
[2024-12-28T19:34:46.438+0000] {spark_submit.py:634} INFO - file:/opt/***/dags/spark_app/spark_1.py
[2024-12-28T19:34:46.438+0000] {spark_submit.py:634} INFO - null
[2024-12-28T19:34:46.440+0000] {spark_submit.py:634} INFO - Spark config:
[2024-12-28T19:34:46.440+0000] {spark_submit.py:634} INFO - (spark.app.name,arrow-spark)
[2024-12-28T19:34:46.441+0000] {spark_submit.py:634} INFO - (spark.app.submitTime,1735414486422)
[2024-12-28T19:34:46.441+0000] {spark_submit.py:634} INFO - (spark.cores.max,1)
[2024-12-28T19:34:46.441+0000] {spark_submit.py:634} INFO - (spark.driver.memory,12g)
[2024-12-28T19:34:46.441+0000] {spark_submit.py:634} INFO - (spark.executor.cores,1)
[2024-12-28T19:34:46.441+0000] {spark_submit.py:634} INFO - (spark.executor.memory,12g)
[2024-12-28T19:34:46.441+0000] {spark_submit.py:634} INFO - (spark.master,spark://spark-master:7077)
[2024-12-28T19:34:46.442+0000] {spark_submit.py:634} INFO - (spark.submit.deployMode,client)
[2024-12-28T19:34:46.442+0000] {spark_submit.py:634} INFO - (spark.submit.pyFiles,)
[2024-12-28T19:34:46.442+0000] {spark_submit.py:634} INFO - Classpath elements:
[2024-12-28T19:34:46.442+0000] {spark_submit.py:634} INFO - 
[2024-12-28T19:34:46.442+0000] {spark_submit.py:634} INFO - 
[2024-12-28T19:34:46.443+0000] {spark_submit.py:634} INFO - 
[2024-12-28T19:34:47.503+0000] {spark_submit.py:634} INFO - 24/12/28 19:34:47 INFO SparkContext: Running Spark version 3.5.4
[2024-12-28T19:34:47.505+0000] {spark_submit.py:634} INFO - 24/12/28 19:34:47 INFO SparkContext: OS info Linux, 5.10.0-33-cloud-amd64, amd64
[2024-12-28T19:34:47.505+0000] {spark_submit.py:634} INFO - 24/12/28 19:34:47 INFO SparkContext: Java version 17.0.13
[2024-12-28T19:34:47.555+0000] {spark_submit.py:634} INFO - 24/12/28 19:34:47 WARN NativeCodeLoader: Unable to load native-hadoop library for your platform... using builtin-java classes where applicable
[2024-12-28T19:34:47.635+0000] {spark_submit.py:634} INFO - 24/12/28 19:34:47 INFO ResourceUtils: ==============================================================
[2024-12-28T19:34:47.636+0000] {spark_submit.py:634} INFO - 24/12/28 19:34:47 INFO ResourceUtils: No custom resources configured for spark.driver.
[2024-12-28T19:34:47.636+0000] {spark_submit.py:634} INFO - 24/12/28 19:34:47 INFO ResourceUtils: ==============================================================
[2024-12-28T19:34:47.636+0000] {spark_submit.py:634} INFO - 24/12/28 19:34:47 INFO SparkContext: Submitted application: ExampleJob111
[2024-12-28T19:34:47.653+0000] {spark_submit.py:634} INFO - 24/12/28 19:34:47 INFO ResourceProfile: Default ResourceProfile created, executor resources: Map(cores -> name: cores, amount: 1, script: , vendor: , memory -> name: memory, amount: 12288, script: , vendor: , offHeap -> name: offHeap, amount: 0, script: , vendor: ), task resources: Map(cpus -> name: cpus, amount: 1.0)
[2024-12-28T19:34:47.661+0000] {spark_submit.py:634} INFO - 24/12/28 19:34:47 INFO ResourceProfile: Limiting resource is cpus at 1 tasks per executor
[2024-12-28T19:34:47.663+0000] {spark_submit.py:634} INFO - 24/12/28 19:34:47 INFO ResourceProfileManager: Added ResourceProfile id: 0
[2024-12-28T19:34:47.699+0000] {spark_submit.py:634} INFO - 24/12/28 19:34:47 INFO SecurityManager: Changing view acls to: default
[2024-12-28T19:34:47.700+0000] {spark_submit.py:634} INFO - 24/12/28 19:34:47 INFO SecurityManager: Changing modify acls to: default
[2024-12-28T19:34:47.700+0000] {spark_submit.py:634} INFO - 24/12/28 19:34:47 INFO SecurityManager: Changing view acls groups to:
[2024-12-28T19:34:47.701+0000] {spark_submit.py:634} INFO - 24/12/28 19:34:47 INFO SecurityManager: Changing modify acls groups to:
[2024-12-28T19:34:47.702+0000] {spark_submit.py:634} INFO - 24/12/28 19:34:47 INFO SecurityManager: SecurityManager: authentication disabled; ui acls disabled; users with view permissions: default; groups with view permissions: EMPTY; users with modify permissions: default; groups with modify permissions: EMPTY
[2024-12-28T19:34:47.906+0000] {spark_submit.py:634} INFO - 24/12/28 19:34:47 INFO Utils: Successfully started service 'sparkDriver' on port 34459.
[2024-12-28T19:34:47.926+0000] {spark_submit.py:634} INFO - 24/12/28 19:34:47 INFO SparkEnv: Registering MapOutputTracker
[2024-12-28T19:34:47.952+0000] {spark_submit.py:634} INFO - 24/12/28 19:34:47 INFO SparkEnv: Registering BlockManagerMaster
[2024-12-28T19:34:47.966+0000] {spark_submit.py:634} INFO - 24/12/28 19:34:47 INFO BlockManagerMasterEndpoint: Using org.apache.spark.storage.DefaultTopologyMapper for getting topology information
[2024-12-28T19:34:47.967+0000] {spark_submit.py:634} INFO - 24/12/28 19:34:47 INFO BlockManagerMasterEndpoint: BlockManagerMasterEndpoint up
[2024-12-28T19:34:47.971+0000] {spark_submit.py:634} INFO - 24/12/28 19:34:47 INFO SparkEnv: Registering BlockManagerMasterHeartbeat
[2024-12-28T19:34:47.985+0000] {spark_submit.py:634} INFO - 24/12/28 19:34:47 INFO DiskBlockManager: Created local directory at /tmp/blockmgr-4ffc311a-b682-45cb-b6c6-a7db0a21033b
[2024-12-28T19:34:47.994+0000] {spark_submit.py:634} INFO - 24/12/28 19:34:47 INFO MemoryStore: MemoryStore started with capacity 7.0 GiB
[2024-12-28T19:34:48.004+0000] {spark_submit.py:634} INFO - 24/12/28 19:34:48 INFO SparkEnv: Registering OutputCommitCoordinator
[2024-12-28T19:34:48.085+0000] {spark_submit.py:634} INFO - 24/12/28 19:34:48 INFO JettyUtils: Start Jetty 0.0.0.0:4040 for SparkUI
[2024-12-28T19:34:48.120+0000] {spark_submit.py:634} INFO - 24/12/28 19:34:48 INFO Utils: Successfully started service 'SparkUI' on port 4040.
[2024-12-28T19:34:48.286+0000] {spark_submit.py:634} INFO - 24/12/28 19:34:48 INFO StandaloneAppClient$ClientEndpoint: Connecting to master spark://spark-master:7077...
[2024-12-28T19:34:48.352+0000] {spark_submit.py:634} INFO - 24/12/28 19:34:48 INFO TransportClientFactory: Successfully created connection to spark-master/172.18.0.8:7077 after 27 ms (0 ms spent in bootstraps)
[2024-12-28T19:34:48.461+0000] {spark_submit.py:634} INFO - 24/12/28 19:34:48 INFO StandaloneSchedulerBackend: Connected to Spark cluster with app ID app-20241228193448-0004
[2024-12-28T19:34:48.473+0000] {spark_submit.py:634} INFO - 24/12/28 19:34:48 INFO StandaloneAppClient$ClientEndpoint: Executor added: app-20241228193448-0004/0 on worker-20241228182544-172.18.0.9-43053 (172.18.0.9:43053) with 1 core(s)
[2024-12-28T19:34:48.474+0000] {spark_submit.py:634} INFO - 24/12/28 19:34:48 INFO StandaloneSchedulerBackend: Granted executor ID app-20241228193448-0004/0 on hostPort 172.18.0.9:43053 with 1 core(s), 12.0 GiB RAM
[2024-12-28T19:34:48.480+0000] {spark_submit.py:634} INFO - 24/12/28 19:34:48 INFO Utils: Successfully started service 'org.apache.spark.network.netty.NettyBlockTransferService' on port 45387.
[2024-12-28T19:34:48.480+0000] {spark_submit.py:634} INFO - 24/12/28 19:34:48 INFO NettyBlockTransferService: Server created on 471d7521a401:45387
[2024-12-28T19:34:48.481+0000] {spark_submit.py:634} INFO - 24/12/28 19:34:48 INFO BlockManager: Using org.apache.spark.storage.RandomBlockReplicationPolicy for block replication policy
[2024-12-28T19:34:48.487+0000] {spark_submit.py:634} INFO - 24/12/28 19:34:48 INFO BlockManagerMaster: Registering BlockManager BlockManagerId(driver, 471d7521a401, 45387, None)
[2024-12-28T19:34:48.492+0000] {spark_submit.py:634} INFO - 24/12/28 19:34:48 INFO BlockManagerMasterEndpoint: Registering block manager 471d7521a401:45387 with 7.0 GiB RAM, BlockManagerId(driver, 471d7521a401, 45387, None)
[2024-12-28T19:34:48.493+0000] {spark_submit.py:634} INFO - 24/12/28 19:34:48 INFO BlockManagerMaster: Registered BlockManager BlockManagerId(driver, 471d7521a401, 45387, None)
[2024-12-28T19:34:48.495+0000] {spark_submit.py:634} INFO - 24/12/28 19:34:48 INFO BlockManager: Initialized BlockManager: BlockManagerId(driver, 471d7521a401, 45387, None)
[2024-12-28T19:34:48.539+0000] {spark_submit.py:634} INFO - 24/12/28 19:34:48 INFO StandaloneAppClient$ClientEndpoint: Executor updated: app-20241228193448-0004/0 is now RUNNING
[2024-12-28T19:34:48.733+0000] {spark_submit.py:634} INFO - 24/12/28 19:34:48 INFO StandaloneSchedulerBackend: SchedulerBackend is ready for scheduling beginning after reached minRegisteredResourcesRatio: 0.0
[2024-12-28T19:34:49.487+0000] {spark_submit.py:634} INFO - 24/12/28 19:34:49 INFO SharedState: Setting hive.metastore.warehouse.dir ('null') to the value of spark.sql.warehouse.dir.
[2024-12-28T19:34:49.507+0000] {spark_submit.py:634} INFO - 24/12/28 19:34:49 INFO SharedState: Warehouse path is 'file:/opt/***/spark-warehouse'.
[2024-12-28T19:34:51.799+0000] {spark_submit.py:634} INFO - 24/12/28 19:34:51 INFO StandaloneSchedulerBackend$StandaloneDriverEndpoint: Registered executor NettyRpcEndpointRef(spark-client://Executor) (172.18.0.9:53354) with ID 0,  ResourceProfileId 0
[2024-12-28T19:34:51.871+0000] {spark_submit.py:634} INFO - 24/12/28 19:34:51 INFO BlockManagerMasterEndpoint: Registering block manager 172.18.0.9:35253 with 7.0 GiB RAM, BlockManagerId(0, 172.18.0.9, 35253, None)
[2024-12-28T19:34:51.973+0000] {spark_submit.py:634} INFO - 24/12/28 19:34:51 INFO FileOutputCommitter: File Output Committer Algorithm version is 1
[2024-12-28T19:34:51.973+0000] {spark_submit.py:634} INFO - 24/12/28 19:34:51 INFO FileOutputCommitter: FileOutputCommitter skip cleanup _temporary folders under output directory:false, ignore cleanup failures: false
[2024-12-28T19:34:51.974+0000] {spark_submit.py:634} INFO - 24/12/28 19:34:51 INFO SQLHadoopMapReduceCommitProtocol: Using output committer class org.apache.hadoop.mapreduce.lib.output.FileOutputCommitter
[2024-12-28T19:34:52.177+0000] {spark_submit.py:634} INFO - 24/12/28 19:34:52 INFO CodeGenerator: Code generated in 146.938598 ms
[2024-12-28T19:34:52.201+0000] {spark_submit.py:634} INFO - 24/12/28 19:34:52 INFO SparkContext: Starting job: csv at NativeMethodAccessorImpl.java:0
[2024-12-28T19:34:52.210+0000] {spark_submit.py:634} INFO - 24/12/28 19:34:52 INFO DAGScheduler: Got job 0 (csv at NativeMethodAccessorImpl.java:0) with 2 output partitions
[2024-12-28T19:34:52.211+0000] {spark_submit.py:634} INFO - 24/12/28 19:34:52 INFO DAGScheduler: Final stage: ResultStage 0 (csv at NativeMethodAccessorImpl.java:0)
[2024-12-28T19:34:52.211+0000] {spark_submit.py:634} INFO - 24/12/28 19:34:52 INFO DAGScheduler: Parents of final stage: List()
[2024-12-28T19:34:52.211+0000] {spark_submit.py:634} INFO - 24/12/28 19:34:52 INFO DAGScheduler: Missing parents: List()
[2024-12-28T19:34:52.214+0000] {spark_submit.py:634} INFO - 24/12/28 19:34:52 INFO DAGScheduler: Submitting ResultStage 0 (MapPartitionsRDD[6] at csv at NativeMethodAccessorImpl.java:0), which has no missing parents
[2024-12-28T19:34:52.324+0000] {spark_submit.py:634} INFO - 24/12/28 19:34:52 INFO MemoryStore: Block broadcast_0 stored as values in memory (estimated size 214.9 KiB, free 7.0 GiB)
[2024-12-28T19:34:52.344+0000] {spark_submit.py:634} INFO - 24/12/28 19:34:52 INFO MemoryStore: Block broadcast_0_piece0 stored as bytes in memory (estimated size 78.4 KiB, free 7.0 GiB)
[2024-12-28T19:34:52.346+0000] {spark_submit.py:634} INFO - 24/12/28 19:34:52 INFO BlockManagerInfo: Added broadcast_0_piece0 in memory on 471d7521a401:45387 (size: 78.4 KiB, free: 7.0 GiB)
[2024-12-28T19:34:52.349+0000] {spark_submit.py:634} INFO - 24/12/28 19:34:52 INFO SparkContext: Created broadcast 0 from broadcast at DAGScheduler.scala:1585
[2024-12-28T19:34:52.361+0000] {spark_submit.py:634} INFO - 24/12/28 19:34:52 INFO DAGScheduler: Submitting 2 missing tasks from ResultStage 0 (MapPartitionsRDD[6] at csv at NativeMethodAccessorImpl.java:0) (first 15 tasks are for partitions Vector(0, 1))
[2024-12-28T19:34:52.362+0000] {spark_submit.py:634} INFO - 24/12/28 19:34:52 INFO TaskSchedulerImpl: Adding task set 0.0 with 2 tasks resource profile 0
[2024-12-28T19:34:52.380+0000] {spark_submit.py:634} INFO - 24/12/28 19:34:52 INFO TaskSetManager: Starting task 0.0 in stage 0.0 (TID 0) (172.18.0.9, executor 0, partition 0, PROCESS_LOCAL, 9020 bytes)
[2024-12-28T19:34:52.568+0000] {spark_submit.py:634} INFO - 24/12/28 19:34:52 INFO BlockManagerInfo: Added broadcast_0_piece0 in memory on 172.18.0.9:35253 (size: 78.4 KiB, free: 7.0 GiB)
[2024-12-28T19:34:54.006+0000] {spark_submit.py:634} INFO - 24/12/28 19:34:54 INFO TaskSetManager: Starting task 1.0 in stage 0.0 (TID 1) (172.18.0.9, executor 0, partition 1, PROCESS_LOCAL, 9057 bytes)
[2024-12-28T19:34:54.015+0000] {spark_submit.py:634} INFO - 24/12/28 19:34:54 INFO TaskSetManager: Finished task 0.0 in stage 0.0 (TID 0) in 1642 ms on 172.18.0.9 (executor 0) (1/2)
[2024-12-28T19:34:54.024+0000] {spark_submit.py:634} INFO - 24/12/28 19:34:54 INFO PythonAccumulatorV2: Connected to AccumulatorServer at host: 127.0.0.1 port: 47295
[2024-12-28T19:34:54.150+0000] {spark_submit.py:634} INFO - 24/12/28 19:34:54 INFO TaskSetManager: Finished task 1.0 in stage 0.0 (TID 1) in 145 ms on 172.18.0.9 (executor 0) (2/2)
[2024-12-28T19:34:54.151+0000] {spark_submit.py:634} INFO - 24/12/28 19:34:54 INFO TaskSchedulerImpl: Removed TaskSet 0.0, whose tasks have all completed, from pool
[2024-12-28T19:34:54.153+0000] {spark_submit.py:634} INFO - 24/12/28 19:34:54 INFO DAGScheduler: ResultStage 0 (csv at NativeMethodAccessorImpl.java:0) finished in 1.930 s
[2024-12-28T19:34:54.156+0000] {spark_submit.py:634} INFO - 24/12/28 19:34:54 INFO DAGScheduler: Job 0 is finished. Cancelling potential speculative or zombie tasks for this job
[2024-12-28T19:34:54.156+0000] {spark_submit.py:634} INFO - 24/12/28 19:34:54 INFO TaskSchedulerImpl: Killing all running tasks in stage 0: Stage finished
[2024-12-28T19:34:54.158+0000] {spark_submit.py:634} INFO - 24/12/28 19:34:54 INFO DAGScheduler: Job 0 finished: csv at NativeMethodAccessorImpl.java:0, took 1.956730 s
[2024-12-28T19:34:54.160+0000] {spark_submit.py:634} INFO - 24/12/28 19:34:54 INFO FileFormatWriter: Start to commit write Job 6be0ed80-87b7-48cf-9772-30b6c7cba1a9.
[2024-12-28T19:34:54.183+0000] {spark_submit.py:634} INFO - 24/12/28 19:34:54 INFO FileFormatWriter: Write Job 6be0ed80-87b7-48cf-9772-30b6c7cba1a9 committed. Elapsed time: 21 ms.
[2024-12-28T19:34:54.185+0000] {spark_submit.py:634} INFO - 24/12/28 19:34:54 INFO FileFormatWriter: Finished processing stats for write job 6be0ed80-87b7-48cf-9772-30b6c7cba1a9.
[2024-12-28T19:34:54.230+0000] {spark_submit.py:634} INFO - 24/12/28 19:34:54 INFO InMemoryFileIndex: It took 10 ms to list leaf files for 1 paths.
[2024-12-28T19:34:54.257+0000] {spark_submit.py:634} INFO - 24/12/28 19:34:54 INFO InMemoryFileIndex: It took 1 ms to list leaf files for 1 paths.
[2024-12-28T19:34:55.053+0000] {spark_submit.py:634} INFO - 24/12/28 19:34:55 INFO FileSourceStrategy: Pushed Filters:
[2024-12-28T19:34:55.055+0000] {spark_submit.py:634} INFO - 24/12/28 19:34:55 INFO FileSourceStrategy: Post-Scan Filters: (length(trim(value#6, None)) > 0)
[2024-12-28T19:34:55.093+0000] {spark_submit.py:634} INFO - 24/12/28 19:34:55 INFO CodeGenerator: Code generated in 13.652928 ms
[2024-12-28T19:34:55.109+0000] {spark_submit.py:634} INFO - 24/12/28 19:34:55 INFO MemoryStore: Block broadcast_1 stored as values in memory (estimated size 200.3 KiB, free 7.0 GiB)
[2024-12-28T19:34:55.119+0000] {spark_submit.py:634} INFO - 24/12/28 19:34:55 INFO MemoryStore: Block broadcast_1_piece0 stored as bytes in memory (estimated size 34.4 KiB, free 7.0 GiB)
[2024-12-28T19:34:55.120+0000] {spark_submit.py:634} INFO - 24/12/28 19:34:55 INFO BlockManagerInfo: Added broadcast_1_piece0 in memory on 471d7521a401:45387 (size: 34.4 KiB, free: 7.0 GiB)
[2024-12-28T19:34:55.121+0000] {spark_submit.py:634} INFO - 24/12/28 19:34:55 INFO SparkContext: Created broadcast 1 from csv at NativeMethodAccessorImpl.java:0
[2024-12-28T19:34:55.128+0000] {spark_submit.py:634} INFO - 24/12/28 19:34:55 INFO FileSourceScanExec: Planning scan with bin packing, max size: 4194304 bytes, open cost is considered as scanning 4194304 bytes.
[2024-12-28T19:34:55.159+0000] {spark_submit.py:634} INFO - 24/12/28 19:34:55 INFO SparkContext: Starting job: csv at NativeMethodAccessorImpl.java:0
[2024-12-28T19:34:55.160+0000] {spark_submit.py:634} INFO - 24/12/28 19:34:55 INFO DAGScheduler: Got job 1 (csv at NativeMethodAccessorImpl.java:0) with 1 output partitions
[2024-12-28T19:34:55.160+0000] {spark_submit.py:634} INFO - 24/12/28 19:34:55 INFO DAGScheduler: Final stage: ResultStage 1 (csv at NativeMethodAccessorImpl.java:0)
[2024-12-28T19:34:55.161+0000] {spark_submit.py:634} INFO - 24/12/28 19:34:55 INFO DAGScheduler: Parents of final stage: List()
[2024-12-28T19:34:55.161+0000] {spark_submit.py:634} INFO - 24/12/28 19:34:55 INFO DAGScheduler: Missing parents: List()
[2024-12-28T19:34:55.161+0000] {spark_submit.py:634} INFO - 24/12/28 19:34:55 INFO DAGScheduler: Submitting ResultStage 1 (MapPartitionsRDD[10] at csv at NativeMethodAccessorImpl.java:0), which has no missing parents
[2024-12-28T19:34:55.179+0000] {spark_submit.py:634} INFO - 24/12/28 19:34:55 INFO MemoryStore: Block broadcast_2 stored as values in memory (estimated size 13.5 KiB, free 7.0 GiB)
[2024-12-28T19:34:55.182+0000] {spark_submit.py:634} INFO - 24/12/28 19:34:55 INFO MemoryStore: Block broadcast_2_piece0 stored as bytes in memory (estimated size 6.4 KiB, free 7.0 GiB)
[2024-12-28T19:34:55.182+0000] {spark_submit.py:634} INFO - 24/12/28 19:34:55 INFO BlockManagerInfo: Added broadcast_2_piece0 in memory on 471d7521a401:45387 (size: 6.4 KiB, free: 7.0 GiB)
[2024-12-28T19:34:55.183+0000] {spark_submit.py:634} INFO - 24/12/28 19:34:55 INFO SparkContext: Created broadcast 2 from broadcast at DAGScheduler.scala:1585
[2024-12-28T19:34:55.184+0000] {spark_submit.py:634} INFO - 24/12/28 19:34:55 INFO DAGScheduler: Submitting 1 missing tasks from ResultStage 1 (MapPartitionsRDD[10] at csv at NativeMethodAccessorImpl.java:0) (first 15 tasks are for partitions Vector(0))
[2024-12-28T19:34:55.184+0000] {spark_submit.py:634} INFO - 24/12/28 19:34:55 INFO TaskSchedulerImpl: Adding task set 1.0 with 1 tasks resource profile 0
[2024-12-28T19:34:55.187+0000] {spark_submit.py:634} INFO - 24/12/28 19:34:55 INFO TaskSetManager: Starting task 0.0 in stage 1.0 (TID 2) (172.18.0.9, executor 0, partition 0, PROCESS_LOCAL, 9602 bytes)
[2024-12-28T19:34:55.207+0000] {spark_submit.py:634} INFO - 24/12/28 19:34:55 INFO BlockManagerInfo: Added broadcast_2_piece0 in memory on 172.18.0.9:35253 (size: 6.4 KiB, free: 7.0 GiB)
[2024-12-28T19:34:55.379+0000] {spark_submit.py:634} INFO - 24/12/28 19:34:55 INFO BlockManagerInfo: Added broadcast_1_piece0 in memory on 172.18.0.9:35253 (size: 34.4 KiB, free: 7.0 GiB)
[2024-12-28T19:34:55.447+0000] {spark_submit.py:634} INFO - 24/12/28 19:34:55 INFO TaskSetManager: Finished task 0.0 in stage 1.0 (TID 2) in 261 ms on 172.18.0.9 (executor 0) (1/1)
[2024-12-28T19:34:55.447+0000] {spark_submit.py:634} INFO - 24/12/28 19:34:55 INFO TaskSchedulerImpl: Removed TaskSet 1.0, whose tasks have all completed, from pool
[2024-12-28T19:34:55.450+0000] {spark_submit.py:634} INFO - 24/12/28 19:34:55 INFO DAGScheduler: ResultStage 1 (csv at NativeMethodAccessorImpl.java:0) finished in 0.286 s
[2024-12-28T19:34:55.450+0000] {spark_submit.py:634} INFO - 24/12/28 19:34:55 INFO DAGScheduler: Job 1 is finished. Cancelling potential speculative or zombie tasks for this job
[2024-12-28T19:34:55.450+0000] {spark_submit.py:634} INFO - 24/12/28 19:34:55 INFO TaskSchedulerImpl: Killing all running tasks in stage 1: Stage finished
[2024-12-28T19:34:55.451+0000] {spark_submit.py:634} INFO - 24/12/28 19:34:55 INFO DAGScheduler: Job 1 finished: csv at NativeMethodAccessorImpl.java:0, took 0.291625 s
[2024-12-28T19:34:55.469+0000] {spark_submit.py:634} INFO - 24/12/28 19:34:55 INFO CodeGenerator: Code generated in 10.080715 ms
[2024-12-28T19:34:55.495+0000] {spark_submit.py:634} INFO - 24/12/28 19:34:55 INFO FileSourceStrategy: Pushed Filters:
[2024-12-28T19:34:55.496+0000] {spark_submit.py:634} INFO - 24/12/28 19:34:55 INFO FileSourceStrategy: Post-Scan Filters:
[2024-12-28T19:34:55.503+0000] {spark_submit.py:634} INFO - 24/12/28 19:34:55 INFO MemoryStore: Block broadcast_3 stored as values in memory (estimated size 200.3 KiB, free 7.0 GiB)
[2024-12-28T19:34:55.513+0000] {spark_submit.py:634} INFO - 24/12/28 19:34:55 INFO MemoryStore: Block broadcast_3_piece0 stored as bytes in memory (estimated size 34.4 KiB, free 7.0 GiB)
[2024-12-28T19:34:55.514+0000] {spark_submit.py:634} INFO - 24/12/28 19:34:55 INFO BlockManagerInfo: Added broadcast_3_piece0 in memory on 471d7521a401:45387 (size: 34.4 KiB, free: 7.0 GiB)
[2024-12-28T19:34:55.515+0000] {spark_submit.py:634} INFO - 24/12/28 19:34:55 INFO SparkContext: Created broadcast 3 from csv at NativeMethodAccessorImpl.java:0
[2024-12-28T19:34:55.515+0000] {spark_submit.py:634} INFO - 24/12/28 19:34:55 INFO FileSourceScanExec: Planning scan with bin packing, max size: 4194304 bytes, open cost is considered as scanning 4194304 bytes.
[2024-12-28T19:34:55.558+0000] {spark_submit.py:634} INFO - 24/12/28 19:34:55 INFO SparkContext: Starting job: csv at NativeMethodAccessorImpl.java:0
[2024-12-28T19:34:55.559+0000] {spark_submit.py:634} INFO - 24/12/28 19:34:55 INFO DAGScheduler: Got job 2 (csv at NativeMethodAccessorImpl.java:0) with 1 output partitions
[2024-12-28T19:34:55.560+0000] {spark_submit.py:634} INFO - 24/12/28 19:34:55 INFO DAGScheduler: Final stage: ResultStage 2 (csv at NativeMethodAccessorImpl.java:0)
[2024-12-28T19:34:55.560+0000] {spark_submit.py:634} INFO - 24/12/28 19:34:55 INFO DAGScheduler: Parents of final stage: List()
[2024-12-28T19:34:55.560+0000] {spark_submit.py:634} INFO - 24/12/28 19:34:55 INFO DAGScheduler: Missing parents: List()
[2024-12-28T19:34:55.561+0000] {spark_submit.py:634} INFO - 24/12/28 19:34:55 INFO DAGScheduler: Submitting ResultStage 2 (MapPartitionsRDD[16] at csv at NativeMethodAccessorImpl.java:0), which has no missing parents
[2024-12-28T19:34:55.593+0000] {spark_submit.py:634} INFO - 24/12/28 19:34:55 INFO MemoryStore: Block broadcast_4 stored as values in memory (estimated size 27.7 KiB, free 7.0 GiB)
[2024-12-28T19:34:55.595+0000] {spark_submit.py:634} INFO - 24/12/28 19:34:55 INFO MemoryStore: Block broadcast_4_piece0 stored as bytes in memory (estimated size 12.7 KiB, free 7.0 GiB)
[2024-12-28T19:34:55.608+0000] {spark_submit.py:634} INFO - 24/12/28 19:34:55 INFO BlockManagerInfo: Added broadcast_4_piece0 in memory on 471d7521a401:45387 (size: 12.7 KiB, free: 7.0 GiB)
[2024-12-28T19:34:55.614+0000] {spark_submit.py:634} INFO - 24/12/28 19:34:55 INFO SparkContext: Created broadcast 4 from broadcast at DAGScheduler.scala:1585
[2024-12-28T19:34:55.615+0000] {spark_submit.py:634} INFO - 24/12/28 19:34:55 INFO DAGScheduler: Submitting 1 missing tasks from ResultStage 2 (MapPartitionsRDD[16] at csv at NativeMethodAccessorImpl.java:0) (first 15 tasks are for partitions Vector(0))
[2024-12-28T19:34:55.615+0000] {spark_submit.py:634} INFO - 24/12/28 19:34:55 INFO TaskSchedulerImpl: Adding task set 2.0 with 1 tasks resource profile 0
[2024-12-28T19:34:55.618+0000] {spark_submit.py:634} INFO - 24/12/28 19:34:55 INFO TaskSetManager: Starting task 0.0 in stage 2.0 (TID 3) (172.18.0.9, executor 0, partition 0, PROCESS_LOCAL, 9602 bytes)
[2024-12-28T19:34:55.628+0000] {spark_submit.py:634} INFO - 24/12/28 19:34:55 INFO BlockManagerInfo: Removed broadcast_1_piece0 on 172.18.0.9:35253 in memory (size: 34.4 KiB, free: 7.0 GiB)
[2024-12-28T19:34:55.643+0000] {spark_submit.py:634} INFO - 24/12/28 19:34:55 INFO BlockManagerInfo: Removed broadcast_1_piece0 on 471d7521a401:45387 in memory (size: 34.4 KiB, free: 7.0 GiB)
[2024-12-28T19:34:55.648+0000] {spark_submit.py:634} INFO - 24/12/28 19:34:55 INFO BlockManagerInfo: Added broadcast_4_piece0 in memory on 172.18.0.9:35253 (size: 12.7 KiB, free: 7.0 GiB)
[2024-12-28T19:34:55.680+0000] {spark_submit.py:634} INFO - 24/12/28 19:34:55 INFO BlockManagerInfo: Removed broadcast_2_piece0 on 471d7521a401:45387 in memory (size: 6.4 KiB, free: 7.0 GiB)
[2024-12-28T19:34:55.698+0000] {spark_submit.py:634} INFO - 24/12/28 19:34:55 INFO BlockManagerInfo: Removed broadcast_2_piece0 on 172.18.0.9:35253 in memory (size: 6.4 KiB, free: 7.0 GiB)
[2024-12-28T19:34:55.722+0000] {spark_submit.py:634} INFO - 24/12/28 19:34:55 INFO BlockManagerInfo: Removed broadcast_0_piece0 on 471d7521a401:45387 in memory (size: 78.4 KiB, free: 7.0 GiB)
[2024-12-28T19:34:55.737+0000] {spark_submit.py:634} INFO - 24/12/28 19:34:55 INFO BlockManagerInfo: Removed broadcast_0_piece0 on 172.18.0.9:35253 in memory (size: 78.4 KiB, free: 7.0 GiB)
[2024-12-28T19:34:56.564+0000] {spark_submit.py:634} INFO - 24/12/28 19:34:56 INFO BlockManagerInfo: Added broadcast_3_piece0 in memory on 172.18.0.9:35253 (size: 34.4 KiB, free: 7.0 GiB)
[2024-12-28T19:34:56.607+0000] {spark_submit.py:634} INFO - 24/12/28 19:34:56 INFO TaskSetManager: Finished task 0.0 in stage 2.0 (TID 3) in 990 ms on 172.18.0.9 (executor 0) (1/1)
[2024-12-28T19:34:56.608+0000] {spark_submit.py:634} INFO - 24/12/28 19:34:56 INFO TaskSchedulerImpl: Removed TaskSet 2.0, whose tasks have all completed, from pool
[2024-12-28T19:34:56.609+0000] {spark_submit.py:634} INFO - 24/12/28 19:34:56 INFO DAGScheduler: ResultStage 2 (csv at NativeMethodAccessorImpl.java:0) finished in 1.046 s
[2024-12-28T19:34:56.609+0000] {spark_submit.py:634} INFO - 24/12/28 19:34:56 INFO DAGScheduler: Job 2 is finished. Cancelling potential speculative or zombie tasks for this job
[2024-12-28T19:34:56.609+0000] {spark_submit.py:634} INFO - 24/12/28 19:34:56 INFO TaskSchedulerImpl: Killing all running tasks in stage 2: Stage finished
[2024-12-28T19:34:56.610+0000] {spark_submit.py:634} INFO - 24/12/28 19:34:56 INFO DAGScheduler: Job 2 finished: csv at NativeMethodAccessorImpl.java:0, took 1.051907 s
[2024-12-28T19:34:56.652+0000] {spark_submit.py:634} INFO - 24/12/28 19:34:56 INFO FileSourceStrategy: Pushed Filters:
[2024-12-28T19:34:56.652+0000] {spark_submit.py:634} INFO - 24/12/28 19:34:56 INFO FileSourceStrategy: Post-Scan Filters:
[2024-12-28T19:34:56.696+0000] {spark_submit.py:634} INFO - 24/12/28 19:34:56 INFO CodeGenerator: Code generated in 11.021494 ms
[2024-12-28T19:34:56.701+0000] {spark_submit.py:634} INFO - 24/12/28 19:34:56 INFO MemoryStore: Block broadcast_5 stored as values in memory (estimated size 200.2 KiB, free 7.0 GiB)
[2024-12-28T19:34:56.712+0000] {spark_submit.py:634} INFO - 24/12/28 19:34:56 INFO MemoryStore: Block broadcast_5_piece0 stored as bytes in memory (estimated size 34.4 KiB, free 7.0 GiB)
[2024-12-28T19:34:56.713+0000] {spark_submit.py:634} INFO - 24/12/28 19:34:56 INFO BlockManagerInfo: Added broadcast_5_piece0 in memory on 471d7521a401:45387 (size: 34.4 KiB, free: 7.0 GiB)
[2024-12-28T19:34:56.714+0000] {spark_submit.py:634} INFO - 24/12/28 19:34:56 INFO SparkContext: Created broadcast 5 from showString at NativeMethodAccessorImpl.java:0
[2024-12-28T19:34:56.718+0000] {spark_submit.py:634} INFO - 24/12/28 19:34:56 INFO FileSourceScanExec: Planning scan with bin packing, max size: 4194304 bytes, open cost is considered as scanning 4194304 bytes.
[2024-12-28T19:34:56.728+0000] {spark_submit.py:634} INFO - 24/12/28 19:34:56 INFO SparkContext: Starting job: showString at NativeMethodAccessorImpl.java:0
[2024-12-28T19:34:56.729+0000] {spark_submit.py:634} INFO - 24/12/28 19:34:56 INFO DAGScheduler: Got job 3 (showString at NativeMethodAccessorImpl.java:0) with 1 output partitions
[2024-12-28T19:34:56.730+0000] {spark_submit.py:634} INFO - 24/12/28 19:34:56 INFO DAGScheduler: Final stage: ResultStage 3 (showString at NativeMethodAccessorImpl.java:0)
[2024-12-28T19:34:56.730+0000] {spark_submit.py:634} INFO - 24/12/28 19:34:56 INFO DAGScheduler: Parents of final stage: List()
[2024-12-28T19:34:56.730+0000] {spark_submit.py:634} INFO - 24/12/28 19:34:56 INFO DAGScheduler: Missing parents: List()
[2024-12-28T19:34:56.732+0000] {spark_submit.py:634} INFO - 24/12/28 19:34:56 INFO DAGScheduler: Submitting ResultStage 3 (MapPartitionsRDD[20] at showString at NativeMethodAccessorImpl.java:0), which has no missing parents
[2024-12-28T19:34:56.733+0000] {spark_submit.py:634} INFO - 24/12/28 19:34:56 INFO MemoryStore: Block broadcast_6 stored as values in memory (estimated size 15.2 KiB, free 7.0 GiB)
[2024-12-28T19:34:56.735+0000] {spark_submit.py:634} INFO - 24/12/28 19:34:56 INFO MemoryStore: Block broadcast_6_piece0 stored as bytes in memory (estimated size 7.5 KiB, free 7.0 GiB)
[2024-12-28T19:34:56.737+0000] {spark_submit.py:634} INFO - 24/12/28 19:34:56 INFO BlockManagerInfo: Added broadcast_6_piece0 in memory on 471d7521a401:45387 (size: 7.5 KiB, free: 7.0 GiB)
[2024-12-28T19:34:56.740+0000] {spark_submit.py:634} INFO - 24/12/28 19:34:56 INFO SparkContext: Created broadcast 6 from broadcast at DAGScheduler.scala:1585
[2024-12-28T19:34:56.741+0000] {spark_submit.py:634} INFO - 24/12/28 19:34:56 INFO DAGScheduler: Submitting 1 missing tasks from ResultStage 3 (MapPartitionsRDD[20] at showString at NativeMethodAccessorImpl.java:0) (first 15 tasks are for partitions Vector(0))
[2024-12-28T19:34:56.742+0000] {spark_submit.py:634} INFO - 24/12/28 19:34:56 INFO TaskSchedulerImpl: Adding task set 3.0 with 1 tasks resource profile 0
[2024-12-28T19:34:56.743+0000] {spark_submit.py:634} INFO - 24/12/28 19:34:56 INFO TaskSetManager: Starting task 0.0 in stage 3.0 (TID 4) (172.18.0.9, executor 0, partition 0, PROCESS_LOCAL, 9602 bytes)
[2024-12-28T19:34:56.762+0000] {spark_submit.py:634} INFO - 24/12/28 19:34:56 INFO BlockManagerInfo: Added broadcast_6_piece0 in memory on 172.18.0.9:35253 (size: 7.5 KiB, free: 7.0 GiB)
[2024-12-28T19:34:56.804+0000] {spark_submit.py:634} INFO - 24/12/28 19:34:56 INFO BlockManagerInfo: Added broadcast_5_piece0 in memory on 172.18.0.9:35253 (size: 34.4 KiB, free: 7.0 GiB)
[2024-12-28T19:34:56.855+0000] {spark_submit.py:634} INFO - 24/12/28 19:34:56 INFO TaskSetManager: Finished task 0.0 in stage 3.0 (TID 4) in 112 ms on 172.18.0.9 (executor 0) (1/1)
[2024-12-28T19:34:56.856+0000] {spark_submit.py:634} INFO - 24/12/28 19:34:56 INFO TaskSchedulerImpl: Removed TaskSet 3.0, whose tasks have all completed, from pool
[2024-12-28T19:34:56.856+0000] {spark_submit.py:634} INFO - 24/12/28 19:34:56 INFO DAGScheduler: ResultStage 3 (showString at NativeMethodAccessorImpl.java:0) finished in 0.125 s
[2024-12-28T19:34:56.856+0000] {spark_submit.py:634} INFO - 24/12/28 19:34:56 INFO DAGScheduler: Job 3 is finished. Cancelling potential speculative or zombie tasks for this job
[2024-12-28T19:34:56.857+0000] {spark_submit.py:634} INFO - 24/12/28 19:34:56 INFO TaskSchedulerImpl: Killing all running tasks in stage 3: Stage finished
[2024-12-28T19:34:56.857+0000] {spark_submit.py:634} INFO - 24/12/28 19:34:56 INFO DAGScheduler: Job 3 finished: showString at NativeMethodAccessorImpl.java:0, took 0.128192 s
[2024-12-28T19:34:56.873+0000] {spark_submit.py:634} INFO - 24/12/28 19:34:56 INFO CodeGenerator: Code generated in 11.092153 ms
[2024-12-28T19:34:56.879+0000] {spark_submit.py:634} INFO - +-------+-----+
[2024-12-28T19:34:56.880+0000] {spark_submit.py:634} INFO - |   Name|Value|
[2024-12-28T19:34:56.880+0000] {spark_submit.py:634} INFO - +-------+-----+
[2024-12-28T19:34:56.880+0000] {spark_submit.py:634} INFO - |  Alice|    1|
[2024-12-28T19:34:56.880+0000] {spark_submit.py:634} INFO - |    Bob|    2|
[2024-12-28T19:34:56.880+0000] {spark_submit.py:634} INFO - |Charlie|    3|
[2024-12-28T19:34:56.880+0000] {spark_submit.py:634} INFO - +-------+-----+
[2024-12-28T19:34:56.880+0000] {spark_submit.py:634} INFO - 
[2024-12-28T19:34:56.899+0000] {spark_submit.py:634} INFO - 24/12/28 19:34:56 INFO FileSourceStrategy: Pushed Filters:
[2024-12-28T19:34:56.900+0000] {spark_submit.py:634} INFO - 24/12/28 19:34:56 INFO FileSourceStrategy: Post-Scan Filters:
[2024-12-28T19:34:56.916+0000] {spark_submit.py:634} INFO - 24/12/28 19:34:56 INFO MemoryStore: Block broadcast_7 stored as values in memory (estimated size 200.2 KiB, free 7.0 GiB)
[2024-12-28T19:34:56.925+0000] {spark_submit.py:634} INFO - 24/12/28 19:34:56 INFO MemoryStore: Block broadcast_7_piece0 stored as bytes in memory (estimated size 34.4 KiB, free 7.0 GiB)
[2024-12-28T19:34:56.926+0000] {spark_submit.py:634} INFO - 24/12/28 19:34:56 INFO BlockManagerInfo: Added broadcast_7_piece0 in memory on 471d7521a401:45387 (size: 34.4 KiB, free: 7.0 GiB)
[2024-12-28T19:34:56.927+0000] {spark_submit.py:634} INFO - 24/12/28 19:34:56 INFO SparkContext: Created broadcast 7 from showString at NativeMethodAccessorImpl.java:0
[2024-12-28T19:34:56.928+0000] {spark_submit.py:634} INFO - 24/12/28 19:34:56 INFO FileSourceScanExec: Planning scan with bin packing, max size: 4194304 bytes, open cost is considered as scanning 4194304 bytes.
[2024-12-28T19:34:56.937+0000] {spark_submit.py:634} INFO - 24/12/28 19:34:56 INFO SparkContext: Starting job: showString at NativeMethodAccessorImpl.java:0
[2024-12-28T19:34:56.938+0000] {spark_submit.py:634} INFO - 24/12/28 19:34:56 INFO DAGScheduler: Got job 4 (showString at NativeMethodAccessorImpl.java:0) with 1 output partitions
[2024-12-28T19:34:56.938+0000] {spark_submit.py:634} INFO - 24/12/28 19:34:56 INFO DAGScheduler: Final stage: ResultStage 4 (showString at NativeMethodAccessorImpl.java:0)
[2024-12-28T19:34:56.939+0000] {spark_submit.py:634} INFO - 24/12/28 19:34:56 INFO DAGScheduler: Parents of final stage: List()
[2024-12-28T19:34:56.939+0000] {spark_submit.py:634} INFO - 24/12/28 19:34:56 INFO DAGScheduler: Missing parents: List()
[2024-12-28T19:34:56.939+0000] {spark_submit.py:634} INFO - 24/12/28 19:34:56 INFO DAGScheduler: Submitting ResultStage 4 (MapPartitionsRDD[24] at showString at NativeMethodAccessorImpl.java:0), which has no missing parents
[2024-12-28T19:34:56.941+0000] {spark_submit.py:634} INFO - 24/12/28 19:34:56 INFO MemoryStore: Block broadcast_8 stored as values in memory (estimated size 15.2 KiB, free 7.0 GiB)
[2024-12-28T19:34:56.942+0000] {spark_submit.py:634} INFO - 24/12/28 19:34:56 INFO MemoryStore: Block broadcast_8_piece0 stored as bytes in memory (estimated size 7.5 KiB, free 7.0 GiB)
[2024-12-28T19:34:56.943+0000] {spark_submit.py:634} INFO - 24/12/28 19:34:56 INFO BlockManagerInfo: Added broadcast_8_piece0 in memory on 471d7521a401:45387 (size: 7.5 KiB, free: 7.0 GiB)
[2024-12-28T19:34:56.943+0000] {spark_submit.py:634} INFO - 24/12/28 19:34:56 INFO SparkContext: Created broadcast 8 from broadcast at DAGScheduler.scala:1585
[2024-12-28T19:34:56.944+0000] {spark_submit.py:634} INFO - 24/12/28 19:34:56 INFO DAGScheduler: Submitting 1 missing tasks from ResultStage 4 (MapPartitionsRDD[24] at showString at NativeMethodAccessorImpl.java:0) (first 15 tasks are for partitions Vector(0))
[2024-12-28T19:34:56.944+0000] {spark_submit.py:634} INFO - 24/12/28 19:34:56 INFO TaskSchedulerImpl: Adding task set 4.0 with 1 tasks resource profile 0
[2024-12-28T19:34:56.946+0000] {spark_submit.py:634} INFO - 24/12/28 19:34:56 INFO TaskSetManager: Starting task 0.0 in stage 4.0 (TID 5) (172.18.0.9, executor 0, partition 0, PROCESS_LOCAL, 9602 bytes)
[2024-12-28T19:34:56.960+0000] {spark_submit.py:634} INFO - 24/12/28 19:34:56 INFO BlockManagerInfo: Added broadcast_8_piece0 in memory on 172.18.0.9:35253 (size: 7.5 KiB, free: 7.0 GiB)
[2024-12-28T19:34:56.979+0000] {spark_submit.py:634} INFO - 24/12/28 19:34:56 INFO BlockManagerInfo: Added broadcast_7_piece0 in memory on 172.18.0.9:35253 (size: 34.4 KiB, free: 7.0 GiB)
[2024-12-28T19:34:57.001+0000] {spark_submit.py:634} INFO - 24/12/28 19:34:57 INFO TaskSetManager: Finished task 0.0 in stage 4.0 (TID 5) in 56 ms on 172.18.0.9 (executor 0) (1/1)
[2024-12-28T19:34:57.001+0000] {spark_submit.py:634} INFO - 24/12/28 19:34:57 INFO TaskSchedulerImpl: Removed TaskSet 4.0, whose tasks have all completed, from pool
[2024-12-28T19:34:57.002+0000] {spark_submit.py:634} INFO - 24/12/28 19:34:57 INFO DAGScheduler: ResultStage 4 (showString at NativeMethodAccessorImpl.java:0) finished in 0.062 s
[2024-12-28T19:34:57.003+0000] {spark_submit.py:634} INFO - 24/12/28 19:34:57 INFO DAGScheduler: Job 4 is finished. Cancelling potential speculative or zombie tasks for this job
[2024-12-28T19:34:57.003+0000] {spark_submit.py:634} INFO - 24/12/28 19:34:57 INFO TaskSchedulerImpl: Killing all running tasks in stage 4: Stage finished
[2024-12-28T19:34:57.003+0000] {spark_submit.py:634} INFO - 24/12/28 19:34:57 INFO DAGScheduler: Job 4 finished: showString at NativeMethodAccessorImpl.java:0, took 0.065136 s
[2024-12-28T19:34:57.009+0000] {spark_submit.py:634} INFO - +-------+-----+
[2024-12-28T19:34:57.009+0000] {spark_submit.py:634} INFO - |   Name|Value|
[2024-12-28T19:34:57.009+0000] {spark_submit.py:634} INFO - +-------+-----+
[2024-12-28T19:34:57.009+0000] {spark_submit.py:634} INFO - |  Alice|    1|
[2024-12-28T19:34:57.009+0000] {spark_submit.py:634} INFO - |    Bob|    2|
[2024-12-28T19:34:57.010+0000] {spark_submit.py:634} INFO - |Charlie|    3|
[2024-12-28T19:34:57.010+0000] {spark_submit.py:634} INFO - +-------+-----+
[2024-12-28T19:34:57.010+0000] {spark_submit.py:634} INFO - 
[2024-12-28T19:34:57.250+0000] {spark_submit.py:634} INFO - 24/12/28 19:34:57 INFO FileSourceStrategy: Pushed Filters:
[2024-12-28T19:34:57.250+0000] {spark_submit.py:634} INFO - 24/12/28 19:34:57 INFO FileSourceStrategy: Post-Scan Filters:
[2024-12-28T19:34:57.257+0000] {spark_submit.py:634} INFO - 24/12/28 19:34:57 INFO MemoryStore: Block broadcast_9 stored as values in memory (estimated size 200.2 KiB, free 7.0 GiB)
[2024-12-28T19:34:57.276+0000] {spark_submit.py:634} INFO - 24/12/28 19:34:57 INFO BlockManagerInfo: Removed broadcast_8_piece0 on 471d7521a401:45387 in memory (size: 7.5 KiB, free: 7.0 GiB)
[2024-12-28T19:34:57.278+0000] {spark_submit.py:634} INFO - 24/12/28 19:34:57 INFO BlockManagerInfo: Removed broadcast_8_piece0 on 172.18.0.9:35253 in memory (size: 7.5 KiB, free: 7.0 GiB)
[2024-12-28T19:34:57.283+0000] {spark_submit.py:634} INFO - 24/12/28 19:34:57 INFO MemoryStore: Block broadcast_9_piece0 stored as bytes in memory (estimated size 34.4 KiB, free 7.0 GiB)
[2024-12-28T19:34:57.284+0000] {spark_submit.py:634} INFO - 24/12/28 19:34:57 INFO BlockManagerInfo: Added broadcast_9_piece0 in memory on 471d7521a401:45387 (size: 34.4 KiB, free: 7.0 GiB)
[2024-12-28T19:34:57.285+0000] {spark_submit.py:634} INFO - 24/12/28 19:34:57 INFO SparkContext: Created broadcast 9 from toPandas at /opt/***/dags/spark_app/spark_1.py:16
[2024-12-28T19:34:57.286+0000] {spark_submit.py:634} INFO - 24/12/28 19:34:57 INFO FileSourceScanExec: Planning scan with bin packing, max size: 4194304 bytes, open cost is considered as scanning 4194304 bytes.
[2024-12-28T19:34:57.295+0000] {spark_submit.py:634} INFO - 24/12/28 19:34:57 INFO BlockManagerInfo: Removed broadcast_6_piece0 on 471d7521a401:45387 in memory (size: 7.5 KiB, free: 7.0 GiB)
[2024-12-28T19:34:57.297+0000] {spark_submit.py:634} INFO - 24/12/28 19:34:57 INFO BlockManagerInfo: Removed broadcast_6_piece0 on 172.18.0.9:35253 in memory (size: 7.5 KiB, free: 7.0 GiB)
[2024-12-28T19:34:57.299+0000] {spark_submit.py:634} INFO - 24/12/28 19:34:57 INFO SparkContext: Starting job: toPandas at /opt/***/dags/spark_app/spark_1.py:16
[2024-12-28T19:34:57.300+0000] {spark_submit.py:634} INFO - 24/12/28 19:34:57 INFO DAGScheduler: Got job 5 (toPandas at /opt/***/dags/spark_app/spark_1.py:16) with 1 output partitions
[2024-12-28T19:34:57.300+0000] {spark_submit.py:634} INFO - 24/12/28 19:34:57 INFO DAGScheduler: Final stage: ResultStage 5 (toPandas at /opt/***/dags/spark_app/spark_1.py:16)
[2024-12-28T19:34:57.300+0000] {spark_submit.py:634} INFO - 24/12/28 19:34:57 INFO DAGScheduler: Parents of final stage: List()
[2024-12-28T19:34:57.300+0000] {spark_submit.py:634} INFO - 24/12/28 19:34:57 INFO DAGScheduler: Missing parents: List()
[2024-12-28T19:34:57.301+0000] {spark_submit.py:634} INFO - 24/12/28 19:34:57 INFO DAGScheduler: Submitting ResultStage 5 (MapPartitionsRDD[27] at toPandas at /opt/***/dags/spark_app/spark_1.py:16), which has no missing parents
[2024-12-28T19:34:57.303+0000] {spark_submit.py:634} INFO - 24/12/28 19:34:57 INFO MemoryStore: Block broadcast_10 stored as values in memory (estimated size 11.8 KiB, free 7.0 GiB)
[2024-12-28T19:34:57.304+0000] {spark_submit.py:634} INFO - 24/12/28 19:34:57 INFO MemoryStore: Block broadcast_10_piece0 stored as bytes in memory (estimated size 6.2 KiB, free 7.0 GiB)
[2024-12-28T19:34:57.304+0000] {spark_submit.py:634} INFO - 24/12/28 19:34:57 INFO BlockManagerInfo: Added broadcast_10_piece0 in memory on 471d7521a401:45387 (size: 6.2 KiB, free: 7.0 GiB)
[2024-12-28T19:34:57.305+0000] {spark_submit.py:634} INFO - 24/12/28 19:34:57 INFO SparkContext: Created broadcast 10 from broadcast at DAGScheduler.scala:1585
[2024-12-28T19:34:57.305+0000] {spark_submit.py:634} INFO - 24/12/28 19:34:57 INFO DAGScheduler: Submitting 1 missing tasks from ResultStage 5 (MapPartitionsRDD[27] at toPandas at /opt/***/dags/spark_app/spark_1.py:16) (first 15 tasks are for partitions Vector(0))
[2024-12-28T19:34:57.306+0000] {spark_submit.py:634} INFO - 24/12/28 19:34:57 INFO TaskSchedulerImpl: Adding task set 5.0 with 1 tasks resource profile 0
[2024-12-28T19:34:57.307+0000] {spark_submit.py:634} INFO - 24/12/28 19:34:57 INFO TaskSetManager: Starting task 0.0 in stage 5.0 (TID 6) (172.18.0.9, executor 0, partition 0, PROCESS_LOCAL, 9602 bytes)
[2024-12-28T19:34:57.312+0000] {spark_submit.py:634} INFO - 24/12/28 19:34:57 INFO BlockManagerInfo: Removed broadcast_4_piece0 on 471d7521a401:45387 in memory (size: 12.7 KiB, free: 7.0 GiB)
[2024-12-28T19:34:57.313+0000] {spark_submit.py:634} INFO - 24/12/28 19:34:57 INFO BlockManagerInfo: Removed broadcast_4_piece0 on 172.18.0.9:35253 in memory (size: 12.7 KiB, free: 7.0 GiB)
[2024-12-28T19:34:57.322+0000] {spark_submit.py:634} INFO - 24/12/28 19:34:57 INFO BlockManagerInfo: Added broadcast_10_piece0 in memory on 172.18.0.9:35253 (size: 6.2 KiB, free: 7.0 GiB)
[2024-12-28T19:34:57.337+0000] {spark_submit.py:634} INFO - 24/12/28 19:34:57 INFO BlockManagerInfo: Removed broadcast_5_piece0 on 172.18.0.9:35253 in memory (size: 34.4 KiB, free: 7.0 GiB)
[2024-12-28T19:34:57.340+0000] {spark_submit.py:634} INFO - 24/12/28 19:34:57 INFO BlockManagerInfo: Removed broadcast_5_piece0 on 471d7521a401:45387 in memory (size: 34.4 KiB, free: 7.0 GiB)
[2024-12-28T19:34:57.350+0000] {spark_submit.py:634} INFO - 24/12/28 19:34:57 INFO BlockManagerInfo: Added broadcast_9_piece0 in memory on 172.18.0.9:35253 (size: 34.4 KiB, free: 7.0 GiB)
[2024-12-28T19:34:57.352+0000] {spark_submit.py:634} INFO - 24/12/28 19:34:57 INFO BlockManagerInfo: Removed broadcast_7_piece0 on 471d7521a401:45387 in memory (size: 34.4 KiB, free: 7.0 GiB)
[2024-12-28T19:34:57.357+0000] {spark_submit.py:634} INFO - 24/12/28 19:34:57 INFO BlockManagerInfo: Removed broadcast_7_piece0 on 172.18.0.9:35253 in memory (size: 34.4 KiB, free: 7.0 GiB)
[2024-12-28T19:34:57.382+0000] {spark_submit.py:634} INFO - 24/12/28 19:34:57 INFO TaskSetManager: Finished task 0.0 in stage 5.0 (TID 6) in 76 ms on 172.18.0.9 (executor 0) (1/1)
[2024-12-28T19:34:57.382+0000] {spark_submit.py:634} INFO - 24/12/28 19:34:57 INFO TaskSchedulerImpl: Removed TaskSet 5.0, whose tasks have all completed, from pool
[2024-12-28T19:34:57.386+0000] {spark_submit.py:634} INFO - 24/12/28 19:34:57 INFO DAGScheduler: ResultStage 5 (toPandas at /opt/***/dags/spark_app/spark_1.py:16) finished in 0.081 s
[2024-12-28T19:34:57.387+0000] {spark_submit.py:634} INFO - 24/12/28 19:34:57 INFO DAGScheduler: Job 5 is finished. Cancelling potential speculative or zombie tasks for this job
[2024-12-28T19:34:57.387+0000] {spark_submit.py:634} INFO - 24/12/28 19:34:57 INFO TaskSchedulerImpl: Killing all running tasks in stage 5: Stage finished
[2024-12-28T19:34:57.387+0000] {spark_submit.py:634} INFO - 24/12/28 19:34:57 INFO DAGScheduler: Job 5 finished: toPandas at /opt/***/dags/spark_app/spark_1.py:16, took 0.085315 s
[2024-12-28T19:34:57.417+0000] {spark_submit.py:634} INFO - 24/12/28 19:34:57 INFO SparkContext: SparkContext is stopping with exitCode 0.
[2024-12-28T19:34:57.429+0000] {spark_submit.py:634} INFO - 24/12/28 19:34:57 INFO SparkUI: Stopped Spark web UI at http://471d7521a401:4040
[2024-12-28T19:34:57.435+0000] {spark_submit.py:634} INFO - 24/12/28 19:34:57 INFO StandaloneSchedulerBackend: Shutting down all executors
[2024-12-28T19:34:57.437+0000] {spark_submit.py:634} INFO - 24/12/28 19:34:57 INFO StandaloneSchedulerBackend$StandaloneDriverEndpoint: Asking each executor to shut down
[2024-12-28T19:34:57.462+0000] {spark_submit.py:634} INFO - 24/12/28 19:34:57 INFO MapOutputTrackerMasterEndpoint: MapOutputTrackerMasterEndpoint stopped!
[2024-12-28T19:34:57.491+0000] {spark_submit.py:634} INFO - 24/12/28 19:34:57 INFO MemoryStore: MemoryStore cleared
[2024-12-28T19:34:57.491+0000] {spark_submit.py:634} INFO - 24/12/28 19:34:57 INFO BlockManager: BlockManager stopped
[2024-12-28T19:34:57.496+0000] {spark_submit.py:634} INFO - 24/12/28 19:34:57 INFO BlockManagerMaster: BlockManagerMaster stopped
[2024-12-28T19:34:57.496+0000] {spark_submit.py:634} INFO - 24/12/28 19:34:57 INFO OutputCommitCoordinator$OutputCommitCoordinatorEndpoint: OutputCommitCoordinator stopped!
[2024-12-28T19:34:57.507+0000] {spark_submit.py:634} INFO - 24/12/28 19:34:57 INFO SparkContext: Successfully stopped SparkContext
[2024-12-28T19:34:58.250+0000] {spark_submit.py:634} INFO - 24/12/28 19:34:58 INFO ShutdownHookManager: Shutdown hook called
[2024-12-28T19:34:58.250+0000] {spark_submit.py:634} INFO - 24/12/28 19:34:58 INFO ShutdownHookManager: Deleting directory /tmp/spark-7c576494-2c46-43fb-94a5-136990a66c70
[2024-12-28T19:34:58.254+0000] {spark_submit.py:634} INFO - 24/12/28 19:34:58 INFO ShutdownHookManager: Deleting directory /tmp/spark-949fd0dd-15db-4d85-8ae2-45cda8920229
[2024-12-28T19:34:58.257+0000] {spark_submit.py:634} INFO - 24/12/28 19:34:58 INFO ShutdownHookManager: Deleting directory /tmp/spark-7c576494-2c46-43fb-94a5-136990a66c70/pyspark-7fdb6a3c-86c3-4fdc-8e4e-3630b6382709
[2024-12-28T19:34:58.294+0000] {taskinstance.py:340} INFO - ::group::Post task execution logs
[2024-12-28T19:34:58.294+0000] {taskinstance.py:352} INFO - Marking task as SUCCESS. dag_id=spark_clickhouse_example, task_id=spark_submit_job, run_id=manual__2024-12-28T19:34:43.851169+00:00, execution_date=20241228T193443, start_date=20241228T193444, end_date=20241228T193458
[2024-12-28T19:34:58.318+0000] {local_task_job_runner.py:266} INFO - Task exited with return code 0
[2024-12-28T19:34:58.335+0000] {taskinstance.py:3895} INFO - 1 downstream tasks scheduled from follow-on schedule check
[2024-12-28T19:34:58.336+0000] {local_task_job_runner.py:245} INFO - ::endgroup::
