[2025-03-04T19:13:28.467+0000] {processor.py:186} INFO - Started process (PID=35) to work on /opt/airflow/dags/spark_example.py
[2025-03-04T19:13:28.468+0000] {processor.py:914} INFO - Processing file /opt/airflow/dags/spark_example.py for tasks to queue
[2025-03-04T19:13:28.470+0000] {logging_mixin.py:190} INFO - [2025-03-04T19:13:28.470+0000] {dagbag.py:588} INFO - Filling up the DagBag from /opt/airflow/dags/spark_example.py
[2025-03-04T19:13:28.481+0000] {processor.py:925} INFO - DAG(s) 'spark_example' retrieved from /opt/airflow/dags/spark_example.py
[2025-03-04T19:13:28.510+0000] {logging_mixin.py:190} INFO - [2025-03-04T19:13:28.509+0000] {dag.py:3239} INFO - Sync 1 DAGs
[2025-03-04T19:13:28.528+0000] {logging_mixin.py:190} INFO - [2025-03-04T19:13:28.528+0000] {dag.py:4180} INFO - Setting next_dagrun for spark_example to None, run_after=None
[2025-03-04T19:13:28.544+0000] {processor.py:208} INFO - Processing /opt/airflow/dags/spark_example.py took 0.081 seconds
[2025-03-04T19:13:58.948+0000] {processor.py:186} INFO - Started process (PID=43) to work on /opt/airflow/dags/spark_example.py
[2025-03-04T19:13:58.949+0000] {processor.py:914} INFO - Processing file /opt/airflow/dags/spark_example.py for tasks to queue
[2025-03-04T19:13:58.950+0000] {logging_mixin.py:190} INFO - [2025-03-04T19:13:58.950+0000] {dagbag.py:588} INFO - Filling up the DagBag from /opt/airflow/dags/spark_example.py
[2025-03-04T19:13:58.955+0000] {processor.py:925} INFO - DAG(s) 'spark_example' retrieved from /opt/airflow/dags/spark_example.py
[2025-03-04T19:13:58.976+0000] {logging_mixin.py:190} INFO - [2025-03-04T19:13:58.976+0000] {dag.py:3239} INFO - Sync 1 DAGs
[2025-03-04T19:13:58.987+0000] {logging_mixin.py:190} INFO - [2025-03-04T19:13:58.987+0000] {dag.py:4180} INFO - Setting next_dagrun for spark_example to None, run_after=None
[2025-03-04T19:13:59.000+0000] {processor.py:208} INFO - Processing /opt/airflow/dags/spark_example.py took 0.057 seconds
[2025-03-04T19:14:29.291+0000] {processor.py:186} INFO - Started process (PID=52) to work on /opt/airflow/dags/spark_example.py
[2025-03-04T19:14:29.295+0000] {processor.py:914} INFO - Processing file /opt/airflow/dags/spark_example.py for tasks to queue
[2025-03-04T19:14:29.297+0000] {logging_mixin.py:190} INFO - [2025-03-04T19:14:29.297+0000] {dagbag.py:588} INFO - Filling up the DagBag from /opt/airflow/dags/spark_example.py
[2025-03-04T19:14:29.303+0000] {processor.py:925} INFO - DAG(s) 'spark_example' retrieved from /opt/airflow/dags/spark_example.py
[2025-03-04T19:14:29.325+0000] {logging_mixin.py:190} INFO - [2025-03-04T19:14:29.325+0000] {dag.py:3239} INFO - Sync 1 DAGs
[2025-03-04T19:14:29.340+0000] {logging_mixin.py:190} INFO - [2025-03-04T19:14:29.340+0000] {dag.py:4180} INFO - Setting next_dagrun for spark_example to None, run_after=None
[2025-03-04T19:14:29.359+0000] {processor.py:208} INFO - Processing /opt/airflow/dags/spark_example.py took 0.073 seconds
[2025-03-04T19:14:59.856+0000] {processor.py:186} INFO - Started process (PID=61) to work on /opt/airflow/dags/spark_example.py
[2025-03-04T19:14:59.857+0000] {processor.py:914} INFO - Processing file /opt/airflow/dags/spark_example.py for tasks to queue
[2025-03-04T19:14:59.858+0000] {logging_mixin.py:190} INFO - [2025-03-04T19:14:59.858+0000] {dagbag.py:588} INFO - Filling up the DagBag from /opt/airflow/dags/spark_example.py
[2025-03-04T19:14:59.864+0000] {processor.py:925} INFO - DAG(s) 'spark_example' retrieved from /opt/airflow/dags/spark_example.py
[2025-03-04T19:14:59.883+0000] {logging_mixin.py:190} INFO - [2025-03-04T19:14:59.883+0000] {dag.py:3239} INFO - Sync 1 DAGs
[2025-03-04T19:14:59.898+0000] {logging_mixin.py:190} INFO - [2025-03-04T19:14:59.897+0000] {dag.py:4180} INFO - Setting next_dagrun for spark_example to None, run_after=None
[2025-03-04T19:14:59.911+0000] {processor.py:208} INFO - Processing /opt/airflow/dags/spark_example.py took 0.060 seconds
[2025-03-04T19:15:30.298+0000] {processor.py:186} INFO - Started process (PID=70) to work on /opt/airflow/dags/spark_example.py
[2025-03-04T19:15:30.302+0000] {processor.py:914} INFO - Processing file /opt/airflow/dags/spark_example.py for tasks to queue
[2025-03-04T19:15:30.304+0000] {logging_mixin.py:190} INFO - [2025-03-04T19:15:30.304+0000] {dagbag.py:588} INFO - Filling up the DagBag from /opt/airflow/dags/spark_example.py
[2025-03-04T19:15:30.310+0000] {processor.py:925} INFO - DAG(s) 'spark_example' retrieved from /opt/airflow/dags/spark_example.py
[2025-03-04T19:15:30.334+0000] {logging_mixin.py:190} INFO - [2025-03-04T19:15:30.333+0000] {dag.py:3239} INFO - Sync 1 DAGs
[2025-03-04T19:15:30.463+0000] {logging_mixin.py:190} INFO - [2025-03-04T19:15:30.463+0000] {dag.py:4180} INFO - Setting next_dagrun for spark_example to None, run_after=None
[2025-03-04T19:15:30.477+0000] {processor.py:208} INFO - Processing /opt/airflow/dags/spark_example.py took 0.184 seconds
