[2025-01-12T20:32:43.347+0000] {processor.py:186} INFO - Started process (PID=31) to work on /opt/airflow/dags/spark_example.py
[2025-01-12T20:32:43.348+0000] {processor.py:914} INFO - Processing file /opt/airflow/dags/spark_example.py for tasks to queue
[2025-01-12T20:32:43.350+0000] {logging_mixin.py:190} INFO - [2025-01-12T20:32:43.350+0000] {dagbag.py:588} INFO - Filling up the DagBag from /opt/airflow/dags/spark_example.py
[2025-01-12T20:32:43.364+0000] {processor.py:925} INFO - DAG(s) 'spark_example' retrieved from /opt/airflow/dags/spark_example.py
[2025-01-12T20:32:43.414+0000] {logging_mixin.py:190} INFO - [2025-01-12T20:32:43.414+0000] {dag.py:3239} INFO - Sync 1 DAGs
[2025-01-12T20:32:43.436+0000] {logging_mixin.py:190} INFO - [2025-01-12T20:32:43.436+0000] {dag.py:4180} INFO - Setting next_dagrun for spark_example to None, run_after=None
[2025-01-12T20:32:43.458+0000] {processor.py:208} INFO - Processing /opt/airflow/dags/spark_example.py took 0.117 seconds
[2025-01-12T20:33:14.019+0000] {processor.py:186} INFO - Started process (PID=40) to work on /opt/airflow/dags/spark_example.py
[2025-01-12T20:33:14.020+0000] {processor.py:914} INFO - Processing file /opt/airflow/dags/spark_example.py for tasks to queue
[2025-01-12T20:33:14.022+0000] {logging_mixin.py:190} INFO - [2025-01-12T20:33:14.022+0000] {dagbag.py:588} INFO - Filling up the DagBag from /opt/airflow/dags/spark_example.py
[2025-01-12T20:33:14.027+0000] {processor.py:925} INFO - DAG(s) 'spark_example' retrieved from /opt/airflow/dags/spark_example.py
[2025-01-12T20:33:14.052+0000] {logging_mixin.py:190} INFO - [2025-01-12T20:33:14.051+0000] {dag.py:3239} INFO - Sync 1 DAGs
[2025-01-12T20:33:14.063+0000] {logging_mixin.py:190} INFO - [2025-01-12T20:33:14.063+0000] {dag.py:4180} INFO - Setting next_dagrun for spark_example to None, run_after=None
[2025-01-12T20:33:14.078+0000] {processor.py:208} INFO - Processing /opt/airflow/dags/spark_example.py took 0.064 seconds
[2025-01-12T20:33:44.394+0000] {processor.py:186} INFO - Started process (PID=49) to work on /opt/airflow/dags/spark_example.py
[2025-01-12T20:33:44.396+0000] {processor.py:914} INFO - Processing file /opt/airflow/dags/spark_example.py for tasks to queue
[2025-01-12T20:33:44.398+0000] {logging_mixin.py:190} INFO - [2025-01-12T20:33:44.398+0000] {dagbag.py:588} INFO - Filling up the DagBag from /opt/airflow/dags/spark_example.py
[2025-01-12T20:33:44.407+0000] {processor.py:925} INFO - DAG(s) 'spark_example' retrieved from /opt/airflow/dags/spark_example.py
[2025-01-12T20:33:44.433+0000] {logging_mixin.py:190} INFO - [2025-01-12T20:33:44.433+0000] {dag.py:3239} INFO - Sync 1 DAGs
[2025-01-12T20:33:44.449+0000] {logging_mixin.py:190} INFO - [2025-01-12T20:33:44.449+0000] {dag.py:4180} INFO - Setting next_dagrun for spark_example to None, run_after=None
[2025-01-12T20:33:44.467+0000] {processor.py:208} INFO - Processing /opt/airflow/dags/spark_example.py took 0.078 seconds
[2025-01-12T20:34:14.824+0000] {processor.py:186} INFO - Started process (PID=58) to work on /opt/airflow/dags/spark_example.py
[2025-01-12T20:34:14.824+0000] {processor.py:914} INFO - Processing file /opt/airflow/dags/spark_example.py for tasks to queue
[2025-01-12T20:34:14.826+0000] {logging_mixin.py:190} INFO - [2025-01-12T20:34:14.826+0000] {dagbag.py:588} INFO - Filling up the DagBag from /opt/airflow/dags/spark_example.py
[2025-01-12T20:34:14.832+0000] {processor.py:925} INFO - DAG(s) 'spark_example' retrieved from /opt/airflow/dags/spark_example.py
[2025-01-12T20:34:14.854+0000] {logging_mixin.py:190} INFO - [2025-01-12T20:34:14.853+0000] {dag.py:3239} INFO - Sync 1 DAGs
[2025-01-12T20:34:14.868+0000] {logging_mixin.py:190} INFO - [2025-01-12T20:34:14.868+0000] {dag.py:4180} INFO - Setting next_dagrun for spark_example to None, run_after=None
