[2024-12-28T19:25:50.484+0000] {local_task_job_runner.py:123} INFO - ::group::Pre task execution logs
[2024-12-28T19:25:50.497+0000] {taskinstance.py:2613} INFO - Dependencies all met for dep_context=non-requeueable deps ti=<TaskInstance: spark_clickhouse_example.spark_submit_job manual__2024-12-28T19:25:49.153882+00:00 [queued]>
[2024-12-28T19:25:50.503+0000] {taskinstance.py:2613} INFO - Dependencies all met for dep_context=requeueable deps ti=<TaskInstance: spark_clickhouse_example.spark_submit_job manual__2024-12-28T19:25:49.153882+00:00 [queued]>
[2024-12-28T19:25:50.504+0000] {taskinstance.py:2866} INFO - Starting attempt 1 of 1
[2024-12-28T19:25:50.513+0000] {taskinstance.py:2889} INFO - Executing <Task(SparkSubmitOperator): spark_submit_job> on 2024-12-28 19:25:49.153882+00:00
[2024-12-28T19:25:50.519+0000] {warnings.py:112} WARNING - /home/***/.local/lib/python3.12/site-packages/***/task/task_runner/standard_task_runner.py:70: DeprecationWarning: This process (pid=1549) is multi-threaded, use of fork() may lead to deadlocks in the child.
  pid = os.fork()

[2024-12-28T19:25:50.520+0000] {standard_task_runner.py:72} INFO - Started process 1550 to run task
[2024-12-28T19:25:50.521+0000] {standard_task_runner.py:104} INFO - Running: ['***', 'tasks', 'run', 'spark_clickhouse_example', 'spark_submit_job', 'manual__2024-12-28T19:25:49.153882+00:00', '--job-id', '12', '--raw', '--subdir', 'DAGS_FOLDER/test_spark_clickhouse.py', '--cfg-path', '/tmp/tmp7be6ri57']
[2024-12-28T19:25:50.522+0000] {standard_task_runner.py:105} INFO - Job 12: Subtask spark_submit_job
[2024-12-28T19:25:50.554+0000] {task_command.py:467} INFO - Running <TaskInstance: spark_clickhouse_example.spark_submit_job manual__2024-12-28T19:25:49.153882+00:00 [running]> on host 471d7521a401
[2024-12-28T19:25:50.612+0000] {taskinstance.py:3132} INFO - Exporting env vars: AIRFLOW_CTX_DAG_OWNER='TKO' AIRFLOW_CTX_DAG_ID='spark_clickhouse_example' AIRFLOW_CTX_TASK_ID='spark_submit_job' AIRFLOW_CTX_EXECUTION_DATE='2024-12-28T19:25:49.153882+00:00' AIRFLOW_CTX_TRY_NUMBER='1' AIRFLOW_CTX_DAG_RUN_ID='manual__2024-12-28T19:25:49.153882+00:00'
[2024-12-28T19:25:50.613+0000] {taskinstance.py:731} INFO - ::endgroup::
[2024-12-28T19:25:50.622+0000] {base.py:84} INFO - Retrieving connection 'spark'
[2024-12-28T19:25:50.622+0000] {spark_submit.py:327} ERROR - Failed to decode base64 keytab: Incorrect padding
[2024-12-28T19:25:50.623+0000] {spark_submit.py:304} INFO - Could not load connection string spark, defaulting to spark://spark-master:7077
[2024-12-28T19:25:50.625+0000] {spark_submit.py:473} INFO - Spark-Submit cmd: spark-submit --master spark://spark-master:7077 --num-executors 1 --total-executor-cores 1 --executor-cores 1 --executor-memory 12g --driver-memory 12g --name arrow-spark --verbose --deploy-mode client dags/spark_app/spark_1.py
[2024-12-28T19:25:51.712+0000] {spark_submit.py:634} INFO - Using properties file: null
[2024-12-28T19:25:51.805+0000] {spark_submit.py:634} INFO - Parsed arguments:
[2024-12-28T19:25:51.805+0000] {spark_submit.py:634} INFO - master                  spark://spark-master:7077
[2024-12-28T19:25:51.806+0000] {spark_submit.py:634} INFO - remote                  null
[2024-12-28T19:25:51.806+0000] {spark_submit.py:634} INFO - deployMode              client
[2024-12-28T19:25:51.806+0000] {spark_submit.py:634} INFO - executorMemory          12g
[2024-12-28T19:25:51.806+0000] {spark_submit.py:634} INFO - executorCores           1
[2024-12-28T19:25:51.806+0000] {spark_submit.py:634} INFO - totalExecutorCores      1
[2024-12-28T19:25:51.807+0000] {spark_submit.py:634} INFO - propertiesFile          null
[2024-12-28T19:25:51.807+0000] {spark_submit.py:634} INFO - driverMemory            12g
[2024-12-28T19:25:51.807+0000] {spark_submit.py:634} INFO - driverCores             null
[2024-12-28T19:25:51.807+0000] {spark_submit.py:634} INFO - driverExtraClassPath    null
[2024-12-28T19:25:51.807+0000] {spark_submit.py:634} INFO - driverExtraLibraryPath  null
[2024-12-28T19:25:51.807+0000] {spark_submit.py:634} INFO - driverExtraJavaOptions  null
[2024-12-28T19:25:51.808+0000] {spark_submit.py:634} INFO - supervise               false
[2024-12-28T19:25:51.808+0000] {spark_submit.py:634} INFO - queue                   null
[2024-12-28T19:25:51.808+0000] {spark_submit.py:634} INFO - numExecutors            1
[2024-12-28T19:25:51.808+0000] {spark_submit.py:634} INFO - files                   null
[2024-12-28T19:25:51.808+0000] {spark_submit.py:634} INFO - pyFiles                 null
[2024-12-28T19:25:51.808+0000] {spark_submit.py:634} INFO - archives                null
[2024-12-28T19:25:51.809+0000] {spark_submit.py:634} INFO - mainClass               null
[2024-12-28T19:25:51.809+0000] {spark_submit.py:634} INFO - primaryResource         file:/opt/***/dags/spark_app/spark_1.py
[2024-12-28T19:25:51.809+0000] {spark_submit.py:634} INFO - name                    arrow-spark
[2024-12-28T19:25:51.809+0000] {spark_submit.py:634} INFO - childArgs               []
[2024-12-28T19:25:51.810+0000] {spark_submit.py:634} INFO - jars                    null
[2024-12-28T19:25:51.810+0000] {spark_submit.py:634} INFO - packages                null
[2024-12-28T19:25:51.810+0000] {spark_submit.py:634} INFO - packagesExclusions      null
[2024-12-28T19:25:51.810+0000] {spark_submit.py:634} INFO - repositories            null
[2024-12-28T19:25:51.810+0000] {spark_submit.py:634} INFO - verbose                 true
[2024-12-28T19:25:51.810+0000] {spark_submit.py:634} INFO - 
[2024-12-28T19:25:51.811+0000] {spark_submit.py:634} INFO - Spark properties used, including those specified through
[2024-12-28T19:25:51.811+0000] {spark_submit.py:634} INFO - --conf and those from the properties file null:
[2024-12-28T19:25:51.811+0000] {spark_submit.py:634} INFO - (spark.driver.memory,12g)
[2024-12-28T19:25:51.811+0000] {spark_submit.py:634} INFO - 
[2024-12-28T19:25:51.811+0000] {spark_submit.py:634} INFO - 
[2024-12-28T19:25:52.012+0000] {spark_submit.py:634} INFO - Main class:
[2024-12-28T19:25:52.012+0000] {spark_submit.py:634} INFO - org.apache.spark.deploy.PythonRunner
[2024-12-28T19:25:52.013+0000] {spark_submit.py:634} INFO - Arguments:
[2024-12-28T19:25:52.013+0000] {spark_submit.py:634} INFO - file:/opt/***/dags/spark_app/spark_1.py
[2024-12-28T19:25:52.013+0000] {spark_submit.py:634} INFO - null
[2024-12-28T19:25:52.015+0000] {spark_submit.py:634} INFO - Spark config:
[2024-12-28T19:25:52.015+0000] {spark_submit.py:634} INFO - (spark.app.name,arrow-spark)
[2024-12-28T19:25:52.015+0000] {spark_submit.py:634} INFO - (spark.app.submitTime,1735413951997)
[2024-12-28T19:25:52.015+0000] {spark_submit.py:634} INFO - (spark.cores.max,1)
[2024-12-28T19:25:52.016+0000] {spark_submit.py:634} INFO - (spark.driver.memory,12g)
[2024-12-28T19:25:52.016+0000] {spark_submit.py:634} INFO - (spark.executor.cores,1)
[2024-12-28T19:25:52.016+0000] {spark_submit.py:634} INFO - (spark.executor.memory,12g)
[2024-12-28T19:25:52.016+0000] {spark_submit.py:634} INFO - (spark.master,spark://spark-master:7077)
[2024-12-28T19:25:52.016+0000] {spark_submit.py:634} INFO - (spark.submit.deployMode,client)
[2024-12-28T19:25:52.017+0000] {spark_submit.py:634} INFO - (spark.submit.pyFiles,)
[2024-12-28T19:25:52.017+0000] {spark_submit.py:634} INFO - Classpath elements:
[2024-12-28T19:25:52.017+0000] {spark_submit.py:634} INFO - 
[2024-12-28T19:25:52.017+0000] {spark_submit.py:634} INFO - 
[2024-12-28T19:25:52.017+0000] {spark_submit.py:634} INFO - 
[2024-12-28T19:25:53.061+0000] {spark_submit.py:634} INFO - 24/12/28 19:25:53 INFO SparkContext: Running Spark version 3.5.4
[2024-12-28T19:25:53.062+0000] {spark_submit.py:634} INFO - 24/12/28 19:25:53 INFO SparkContext: OS info Linux, 5.10.0-33-cloud-amd64, amd64
[2024-12-28T19:25:53.062+0000] {spark_submit.py:634} INFO - 24/12/28 19:25:53 INFO SparkContext: Java version 17.0.13
[2024-12-28T19:25:53.104+0000] {spark_submit.py:634} INFO - 24/12/28 19:25:53 WARN NativeCodeLoader: Unable to load native-hadoop library for your platform... using builtin-java classes where applicable
[2024-12-28T19:25:53.200+0000] {spark_submit.py:634} INFO - 24/12/28 19:25:53 INFO ResourceUtils: ==============================================================
[2024-12-28T19:25:53.201+0000] {spark_submit.py:634} INFO - 24/12/28 19:25:53 INFO ResourceUtils: No custom resources configured for spark.driver.
[2024-12-28T19:25:53.201+0000] {spark_submit.py:634} INFO - 24/12/28 19:25:53 INFO ResourceUtils: ==============================================================
[2024-12-28T19:25:53.201+0000] {spark_submit.py:634} INFO - 24/12/28 19:25:53 INFO SparkContext: Submitted application: ExampleJob111
[2024-12-28T19:25:53.218+0000] {spark_submit.py:634} INFO - 24/12/28 19:25:53 INFO ResourceProfile: Default ResourceProfile created, executor resources: Map(cores -> name: cores, amount: 1, script: , vendor: , memory -> name: memory, amount: 12288, script: , vendor: , offHeap -> name: offHeap, amount: 0, script: , vendor: ), task resources: Map(cpus -> name: cpus, amount: 1.0)
[2024-12-28T19:25:53.228+0000] {spark_submit.py:634} INFO - 24/12/28 19:25:53 INFO ResourceProfile: Limiting resource is cpus at 1 tasks per executor
[2024-12-28T19:25:53.230+0000] {spark_submit.py:634} INFO - 24/12/28 19:25:53 INFO ResourceProfileManager: Added ResourceProfile id: 0
[2024-12-28T19:25:53.277+0000] {spark_submit.py:634} INFO - 24/12/28 19:25:53 INFO SecurityManager: Changing view acls to: default
[2024-12-28T19:25:53.278+0000] {spark_submit.py:634} INFO - 24/12/28 19:25:53 INFO SecurityManager: Changing modify acls to: default
[2024-12-28T19:25:53.278+0000] {spark_submit.py:634} INFO - 24/12/28 19:25:53 INFO SecurityManager: Changing view acls groups to:
[2024-12-28T19:25:53.279+0000] {spark_submit.py:634} INFO - 24/12/28 19:25:53 INFO SecurityManager: Changing modify acls groups to:
[2024-12-28T19:25:53.279+0000] {spark_submit.py:634} INFO - 24/12/28 19:25:53 INFO SecurityManager: SecurityManager: authentication disabled; ui acls disabled; users with view permissions: default; groups with view permissions: EMPTY; users with modify permissions: default; groups with modify permissions: EMPTY
[2024-12-28T19:25:53.471+0000] {spark_submit.py:634} INFO - 24/12/28 19:25:53 INFO Utils: Successfully started service 'sparkDriver' on port 37381.
[2024-12-28T19:25:53.490+0000] {spark_submit.py:634} INFO - 24/12/28 19:25:53 INFO SparkEnv: Registering MapOutputTracker
[2024-12-28T19:25:53.513+0000] {spark_submit.py:634} INFO - 24/12/28 19:25:53 INFO SparkEnv: Registering BlockManagerMaster
[2024-12-28T19:25:53.523+0000] {spark_submit.py:634} INFO - 24/12/28 19:25:53 INFO BlockManagerMasterEndpoint: Using org.apache.spark.storage.DefaultTopologyMapper for getting topology information
[2024-12-28T19:25:53.524+0000] {spark_submit.py:634} INFO - 24/12/28 19:25:53 INFO BlockManagerMasterEndpoint: BlockManagerMasterEndpoint up
[2024-12-28T19:25:53.526+0000] {spark_submit.py:634} INFO - 24/12/28 19:25:53 INFO SparkEnv: Registering BlockManagerMasterHeartbeat
[2024-12-28T19:25:53.538+0000] {spark_submit.py:634} INFO - 24/12/28 19:25:53 INFO DiskBlockManager: Created local directory at /tmp/blockmgr-7c24eecb-92a6-435c-8000-a3707bc33422
[2024-12-28T19:25:53.547+0000] {spark_submit.py:634} INFO - 24/12/28 19:25:53 INFO MemoryStore: MemoryStore started with capacity 7.0 GiB
[2024-12-28T19:25:53.556+0000] {spark_submit.py:634} INFO - 24/12/28 19:25:53 INFO SparkEnv: Registering OutputCommitCoordinator
[2024-12-28T19:25:53.637+0000] {spark_submit.py:634} INFO - 24/12/28 19:25:53 INFO JettyUtils: Start Jetty 0.0.0.0:4040 for SparkUI
[2024-12-28T19:25:53.674+0000] {spark_submit.py:634} INFO - 24/12/28 19:25:53 INFO Utils: Successfully started service 'SparkUI' on port 4040.
[2024-12-28T19:25:53.811+0000] {spark_submit.py:634} INFO - 24/12/28 19:25:53 INFO StandaloneAppClient$ClientEndpoint: Connecting to master spark://spark-master:7077...
[2024-12-28T19:25:53.848+0000] {spark_submit.py:634} INFO - 24/12/28 19:25:53 INFO TransportClientFactory: Successfully created connection to spark-master/172.18.0.8:7077 after 20 ms (0 ms spent in bootstraps)
[2024-12-28T19:25:53.931+0000] {spark_submit.py:634} INFO - 24/12/28 19:25:53 INFO StandaloneSchedulerBackend: Connected to Spark cluster with app ID app-20241228192553-0002
[2024-12-28T19:25:53.939+0000] {spark_submit.py:634} INFO - 24/12/28 19:25:53 INFO StandaloneAppClient$ClientEndpoint: Executor added: app-20241228192553-0002/0 on worker-20241228182544-172.18.0.9-43053 (172.18.0.9:43053) with 1 core(s)
[2024-12-28T19:25:53.941+0000] {spark_submit.py:634} INFO - 24/12/28 19:25:53 INFO StandaloneSchedulerBackend: Granted executor ID app-20241228192553-0002/0 on hostPort 172.18.0.9:43053 with 1 core(s), 12.0 GiB RAM
[2024-12-28T19:25:53.943+0000] {spark_submit.py:634} INFO - 24/12/28 19:25:53 INFO Utils: Successfully started service 'org.apache.spark.network.netty.NettyBlockTransferService' on port 35425.
[2024-12-28T19:25:53.943+0000] {spark_submit.py:634} INFO - 24/12/28 19:25:53 INFO NettyBlockTransferService: Server created on 471d7521a401:35425
[2024-12-28T19:25:53.947+0000] {spark_submit.py:634} INFO - 24/12/28 19:25:53 INFO BlockManager: Using org.apache.spark.storage.RandomBlockReplicationPolicy for block replication policy
[2024-12-28T19:25:53.950+0000] {spark_submit.py:634} INFO - 24/12/28 19:25:53 INFO BlockManagerMaster: Registering BlockManager BlockManagerId(driver, 471d7521a401, 35425, None)
[2024-12-28T19:25:53.954+0000] {spark_submit.py:634} INFO - 24/12/28 19:25:53 INFO BlockManagerMasterEndpoint: Registering block manager 471d7521a401:35425 with 7.0 GiB RAM, BlockManagerId(driver, 471d7521a401, 35425, None)
[2024-12-28T19:25:53.961+0000] {spark_submit.py:634} INFO - 24/12/28 19:25:53 INFO BlockManagerMaster: Registered BlockManager BlockManagerId(driver, 471d7521a401, 35425, None)
[2024-12-28T19:25:53.966+0000] {spark_submit.py:634} INFO - 24/12/28 19:25:53 INFO StandaloneAppClient$ClientEndpoint: Executor updated: app-20241228192553-0002/0 is now RUNNING
[2024-12-28T19:25:53.968+0000] {spark_submit.py:634} INFO - 24/12/28 19:25:53 INFO BlockManager: Initialized BlockManager: BlockManagerId(driver, 471d7521a401, 35425, None)
[2024-12-28T19:25:54.217+0000] {spark_submit.py:634} INFO - 24/12/28 19:25:54 INFO StandaloneSchedulerBackend: SchedulerBackend is ready for scheduling beginning after reached minRegisteredResourcesRatio: 0.0
[2024-12-28T19:25:54.925+0000] {spark_submit.py:634} INFO - 24/12/28 19:25:54 INFO SharedState: Setting hive.metastore.warehouse.dir ('null') to the value of spark.sql.warehouse.dir.
[2024-12-28T19:25:54.941+0000] {spark_submit.py:634} INFO - 24/12/28 19:25:54 INFO SharedState: Warehouse path is 'file:/opt/***/spark-warehouse'.
[2024-12-28T19:25:57.330+0000] {spark_submit.py:634} INFO - 24/12/28 19:25:57 INFO StandaloneSchedulerBackend$StandaloneDriverEndpoint: Registered executor NettyRpcEndpointRef(spark-client://Executor) (172.18.0.9:47022) with ID 0,  ResourceProfileId 0
[2024-12-28T19:25:57.397+0000] {spark_submit.py:634} INFO - 24/12/28 19:25:57 INFO BlockManagerMasterEndpoint: Registering block manager 172.18.0.9:38131 with 7.0 GiB RAM, BlockManagerId(0, 172.18.0.9, 38131, None)
[2024-12-28T19:25:58.153+0000] {spark_submit.py:634} INFO - 24/12/28 19:25:58 INFO CodeGenerator: Code generated in 233.767062 ms
[2024-12-28T19:25:58.241+0000] {spark_submit.py:634} INFO - 24/12/28 19:25:58 INFO SparkContext: Starting job: toPandas at /opt/***/dags/spark_app/spark_1.py:7
[2024-12-28T19:25:58.257+0000] {spark_submit.py:634} INFO - 24/12/28 19:25:58 INFO DAGScheduler: Got job 0 (toPandas at /opt/***/dags/spark_app/spark_1.py:7) with 2 output partitions
[2024-12-28T19:25:58.257+0000] {spark_submit.py:634} INFO - 24/12/28 19:25:58 INFO DAGScheduler: Final stage: ResultStage 0 (toPandas at /opt/***/dags/spark_app/spark_1.py:7)
[2024-12-28T19:25:58.258+0000] {spark_submit.py:634} INFO - 24/12/28 19:25:58 INFO DAGScheduler: Parents of final stage: List()
[2024-12-28T19:25:58.258+0000] {spark_submit.py:634} INFO - 24/12/28 19:25:58 INFO DAGScheduler: Missing parents: List()
[2024-12-28T19:25:58.285+0000] {spark_submit.py:634} INFO - 24/12/28 19:25:58 INFO DAGScheduler: Submitting ResultStage 0 (MapPartitionsRDD[6] at toPandas at /opt/***/dags/spark_app/spark_1.py:7), which has no missing parents
[2024-12-28T19:25:58.381+0000] {spark_submit.py:634} INFO - 24/12/28 19:25:58 INFO MemoryStore: Block broadcast_0 stored as values in memory (estimated size 12.5 KiB, free 7.0 GiB)
[2024-12-28T19:25:58.405+0000] {spark_submit.py:634} INFO - 24/12/28 19:25:58 INFO MemoryStore: Block broadcast_0_piece0 stored as bytes in memory (estimated size 6.6 KiB, free 7.0 GiB)
[2024-12-28T19:25:58.413+0000] {spark_submit.py:634} INFO - 24/12/28 19:25:58 INFO BlockManagerInfo: Added broadcast_0_piece0 in memory on 471d7521a401:35425 (size: 6.6 KiB, free: 7.0 GiB)
[2024-12-28T19:25:58.413+0000] {spark_submit.py:634} INFO - 24/12/28 19:25:58 INFO SparkContext: Created broadcast 0 from broadcast at DAGScheduler.scala:1585
[2024-12-28T19:25:58.449+0000] {spark_submit.py:634} INFO - 24/12/28 19:25:58 INFO DAGScheduler: Submitting 2 missing tasks from ResultStage 0 (MapPartitionsRDD[6] at toPandas at /opt/***/dags/spark_app/spark_1.py:7) (first 15 tasks are for partitions Vector(0, 1))
[2024-12-28T19:25:58.449+0000] {spark_submit.py:634} INFO - 24/12/28 19:25:58 INFO TaskSchedulerImpl: Adding task set 0.0 with 2 tasks resource profile 0
[2024-12-28T19:25:58.489+0000] {spark_submit.py:634} INFO - 24/12/28 19:25:58 INFO TaskSetManager: Starting task 0.0 in stage 0.0 (TID 0) (172.18.0.9, executor 0, partition 0, PROCESS_LOCAL, 9020 bytes)
[2024-12-28T19:25:58.905+0000] {spark_submit.py:634} INFO - 24/12/28 19:25:58 INFO BlockManagerInfo: Added broadcast_0_piece0 in memory on 172.18.0.9:38131 (size: 6.6 KiB, free: 7.0 GiB)
[2024-12-28T19:26:00.677+0000] {spark_submit.py:634} INFO - 24/12/28 19:26:00 INFO TaskSetManager: Starting task 1.0 in stage 0.0 (TID 1) (172.18.0.9, executor 0, partition 1, PROCESS_LOCAL, 9057 bytes)
[2024-12-28T19:26:00.695+0000] {spark_submit.py:634} INFO - 24/12/28 19:26:00 INFO TaskSetManager: Finished task 0.0 in stage 0.0 (TID 0) in 2221 ms on 172.18.0.9 (executor 0) (1/2)
[2024-12-28T19:26:00.710+0000] {spark_submit.py:634} INFO - 24/12/28 19:26:00 INFO PythonAccumulatorV2: Connected to AccumulatorServer at host: 127.0.0.1 port: 60115
[2024-12-28T19:26:00.792+0000] {spark_submit.py:634} INFO - 24/12/28 19:26:00 INFO TaskSetManager: Finished task 1.0 in stage 0.0 (TID 1) in 117 ms on 172.18.0.9 (executor 0) (2/2)
[2024-12-28T19:26:00.792+0000] {spark_submit.py:634} INFO - 24/12/28 19:26:00 INFO TaskSchedulerImpl: Removed TaskSet 0.0, whose tasks have all completed, from pool
[2024-12-28T19:26:00.793+0000] {spark_submit.py:634} INFO - 24/12/28 19:26:00 INFO DAGScheduler: ResultStage 0 (toPandas at /opt/***/dags/spark_app/spark_1.py:7) finished in 2.479 s
[2024-12-28T19:26:00.796+0000] {spark_submit.py:634} INFO - 24/12/28 19:26:00 INFO DAGScheduler: Job 0 is finished. Cancelling potential speculative or zombie tasks for this job
[2024-12-28T19:26:00.796+0000] {spark_submit.py:634} INFO - 24/12/28 19:26:00 INFO TaskSchedulerImpl: Killing all running tasks in stage 0: Stage finished
[2024-12-28T19:26:00.798+0000] {spark_submit.py:634} INFO - 24/12/28 19:26:00 INFO DAGScheduler: Job 0 finished: toPandas at /opt/***/dags/spark_app/spark_1.py:7, took 2.559554 s
[2024-12-28T19:26:00.940+0000] {spark_submit.py:634} INFO - 24/12/28 19:26:00 INFO InMemoryFileIndex: It took 23 ms to list leaf files for 1 paths.
[2024-12-28T19:26:00.990+0000] {spark_submit.py:634} INFO - 24/12/28 19:26:00 INFO InMemoryFileIndex: It took 2 ms to list leaf files for 1 paths.
[2024-12-28T19:26:01.691+0000] {spark_submit.py:634} INFO - 24/12/28 19:26:01 INFO BlockManagerInfo: Removed broadcast_0_piece0 on 172.18.0.9:38131 in memory (size: 6.6 KiB, free: 7.0 GiB)
[2024-12-28T19:26:01.695+0000] {spark_submit.py:634} INFO - 24/12/28 19:26:01 INFO BlockManagerInfo: Removed broadcast_0_piece0 on 471d7521a401:35425 in memory (size: 6.6 KiB, free: 7.0 GiB)
[2024-12-28T19:26:01.973+0000] {spark_submit.py:634} INFO - 24/12/28 19:26:01 INFO FileSourceStrategy: Pushed Filters:
[2024-12-28T19:26:01.974+0000] {spark_submit.py:634} INFO - 24/12/28 19:26:01 INFO FileSourceStrategy: Post-Scan Filters: (length(trim(value#4, None)) > 0)
[2024-12-28T19:26:02.022+0000] {spark_submit.py:634} INFO - 24/12/28 19:26:02 INFO CodeGenerator: Code generated in 14.54952 ms
[2024-12-28T19:26:02.038+0000] {spark_submit.py:634} INFO - 24/12/28 19:26:02 INFO MemoryStore: Block broadcast_1 stored as values in memory (estimated size 200.3 KiB, free 7.0 GiB)
[2024-12-28T19:26:02.064+0000] {spark_submit.py:634} INFO - 24/12/28 19:26:02 INFO MemoryStore: Block broadcast_1_piece0 stored as bytes in memory (estimated size 34.4 KiB, free 7.0 GiB)
[2024-12-28T19:26:02.065+0000] {spark_submit.py:634} INFO - 24/12/28 19:26:02 INFO BlockManagerInfo: Added broadcast_1_piece0 in memory on 471d7521a401:35425 (size: 34.4 KiB, free: 7.0 GiB)
[2024-12-28T19:26:02.066+0000] {spark_submit.py:634} INFO - 24/12/28 19:26:02 INFO SparkContext: Created broadcast 1 from csv at NativeMethodAccessorImpl.java:0
[2024-12-28T19:26:02.076+0000] {spark_submit.py:634} INFO - 24/12/28 19:26:02 INFO FileSourceScanExec: Planning scan with bin packing, max size: 4194304 bytes, open cost is considered as scanning 4194304 bytes.
[2024-12-28T19:26:02.113+0000] {spark_submit.py:634} INFO - 24/12/28 19:26:02 INFO SparkContext: Starting job: csv at NativeMethodAccessorImpl.java:0
[2024-12-28T19:26:02.115+0000] {spark_submit.py:634} INFO - 24/12/28 19:26:02 INFO DAGScheduler: Got job 1 (csv at NativeMethodAccessorImpl.java:0) with 1 output partitions
[2024-12-28T19:26:02.115+0000] {spark_submit.py:634} INFO - 24/12/28 19:26:02 INFO DAGScheduler: Final stage: ResultStage 1 (csv at NativeMethodAccessorImpl.java:0)
[2024-12-28T19:26:02.115+0000] {spark_submit.py:634} INFO - 24/12/28 19:26:02 INFO DAGScheduler: Parents of final stage: List()
[2024-12-28T19:26:02.115+0000] {spark_submit.py:634} INFO - 24/12/28 19:26:02 INFO DAGScheduler: Missing parents: List()
[2024-12-28T19:26:02.116+0000] {spark_submit.py:634} INFO - 24/12/28 19:26:02 INFO DAGScheduler: Submitting ResultStage 1 (MapPartitionsRDD[10] at csv at NativeMethodAccessorImpl.java:0), which has no missing parents
[2024-12-28T19:26:02.149+0000] {spark_submit.py:634} INFO - 24/12/28 19:26:02 INFO MemoryStore: Block broadcast_2 stored as values in memory (estimated size 13.5 KiB, free 7.0 GiB)
[2024-12-28T19:26:02.152+0000] {spark_submit.py:634} INFO - 24/12/28 19:26:02 INFO MemoryStore: Block broadcast_2_piece0 stored as bytes in memory (estimated size 6.4 KiB, free 7.0 GiB)
[2024-12-28T19:26:02.153+0000] {spark_submit.py:634} INFO - 24/12/28 19:26:02 INFO BlockManagerInfo: Added broadcast_2_piece0 in memory on 471d7521a401:35425 (size: 6.4 KiB, free: 7.0 GiB)
[2024-12-28T19:26:02.154+0000] {spark_submit.py:634} INFO - 24/12/28 19:26:02 INFO SparkContext: Created broadcast 2 from broadcast at DAGScheduler.scala:1585
[2024-12-28T19:26:02.154+0000] {spark_submit.py:634} INFO - 24/12/28 19:26:02 INFO DAGScheduler: Submitting 1 missing tasks from ResultStage 1 (MapPartitionsRDD[10] at csv at NativeMethodAccessorImpl.java:0) (first 15 tasks are for partitions Vector(0))
[2024-12-28T19:26:02.155+0000] {spark_submit.py:634} INFO - 24/12/28 19:26:02 INFO TaskSchedulerImpl: Adding task set 1.0 with 1 tasks resource profile 0
[2024-12-28T19:26:02.158+0000] {spark_submit.py:634} INFO - 24/12/28 19:26:02 INFO TaskSetManager: Starting task 0.0 in stage 1.0 (TID 2) (172.18.0.9, executor 0, partition 0, PROCESS_LOCAL, 9602 bytes)
[2024-12-28T19:26:02.185+0000] {spark_submit.py:634} INFO - 24/12/28 19:26:02 INFO BlockManagerInfo: Added broadcast_2_piece0 in memory on 172.18.0.9:38131 (size: 6.4 KiB, free: 7.0 GiB)
[2024-12-28T19:26:02.378+0000] {spark_submit.py:634} INFO - 24/12/28 19:26:02 INFO BlockManagerInfo: Added broadcast_1_piece0 in memory on 172.18.0.9:38131 (size: 34.4 KiB, free: 7.0 GiB)
[2024-12-28T19:26:02.606+0000] {spark_submit.py:634} INFO - 24/12/28 19:26:02 INFO TaskSetManager: Finished task 0.0 in stage 1.0 (TID 2) in 450 ms on 172.18.0.9 (executor 0) (1/1)
[2024-12-28T19:26:02.607+0000] {spark_submit.py:634} INFO - 24/12/28 19:26:02 INFO TaskSchedulerImpl: Removed TaskSet 1.0, whose tasks have all completed, from pool
[2024-12-28T19:26:02.607+0000] {spark_submit.py:634} INFO - 24/12/28 19:26:02 INFO DAGScheduler: ResultStage 1 (csv at NativeMethodAccessorImpl.java:0) finished in 0.489 s
[2024-12-28T19:26:02.608+0000] {spark_submit.py:634} INFO - 24/12/28 19:26:02 INFO DAGScheduler: Job 1 is finished. Cancelling potential speculative or zombie tasks for this job
[2024-12-28T19:26:02.608+0000] {spark_submit.py:634} INFO - 24/12/28 19:26:02 INFO TaskSchedulerImpl: Killing all running tasks in stage 1: Stage finished
[2024-12-28T19:26:02.609+0000] {spark_submit.py:634} INFO - 24/12/28 19:26:02 INFO DAGScheduler: Job 1 finished: csv at NativeMethodAccessorImpl.java:0, took 0.495391 s
[2024-12-28T19:26:02.628+0000] {spark_submit.py:634} INFO - 24/12/28 19:26:02 INFO CodeGenerator: Code generated in 11.736614 ms
[2024-12-28T19:26:02.662+0000] {spark_submit.py:634} INFO - 24/12/28 19:26:02 INFO FileSourceStrategy: Pushed Filters:
[2024-12-28T19:26:02.662+0000] {spark_submit.py:634} INFO - 24/12/28 19:26:02 INFO FileSourceStrategy: Post-Scan Filters:
[2024-12-28T19:26:02.670+0000] {spark_submit.py:634} INFO - 24/12/28 19:26:02 INFO MemoryStore: Block broadcast_3 stored as values in memory (estimated size 200.3 KiB, free 7.0 GiB)
[2024-12-28T19:26:02.682+0000] {spark_submit.py:634} INFO - 24/12/28 19:26:02 INFO MemoryStore: Block broadcast_3_piece0 stored as bytes in memory (estimated size 34.4 KiB, free 7.0 GiB)
[2024-12-28T19:26:02.685+0000] {spark_submit.py:634} INFO - 24/12/28 19:26:02 INFO BlockManagerInfo: Added broadcast_3_piece0 in memory on 471d7521a401:35425 (size: 34.4 KiB, free: 7.0 GiB)
[2024-12-28T19:26:02.686+0000] {spark_submit.py:634} INFO - 24/12/28 19:26:02 INFO SparkContext: Created broadcast 3 from csv at NativeMethodAccessorImpl.java:0
[2024-12-28T19:26:02.687+0000] {spark_submit.py:634} INFO - 24/12/28 19:26:02 INFO FileSourceScanExec: Planning scan with bin packing, max size: 4194304 bytes, open cost is considered as scanning 4194304 bytes.
[2024-12-28T19:26:02.740+0000] {spark_submit.py:634} INFO - 24/12/28 19:26:02 INFO SparkContext: Starting job: csv at NativeMethodAccessorImpl.java:0
[2024-12-28T19:26:02.746+0000] {spark_submit.py:634} INFO - 24/12/28 19:26:02 INFO DAGScheduler: Got job 2 (csv at NativeMethodAccessorImpl.java:0) with 1 output partitions
[2024-12-28T19:26:02.746+0000] {spark_submit.py:634} INFO - 24/12/28 19:26:02 INFO DAGScheduler: Final stage: ResultStage 2 (csv at NativeMethodAccessorImpl.java:0)
[2024-12-28T19:26:02.746+0000] {spark_submit.py:634} INFO - 24/12/28 19:26:02 INFO DAGScheduler: Parents of final stage: List()
[2024-12-28T19:26:02.747+0000] {spark_submit.py:634} INFO - 24/12/28 19:26:02 INFO DAGScheduler: Missing parents: List()
[2024-12-28T19:26:02.747+0000] {spark_submit.py:634} INFO - 24/12/28 19:26:02 INFO DAGScheduler: Submitting ResultStage 2 (MapPartitionsRDD[16] at csv at NativeMethodAccessorImpl.java:0), which has no missing parents
[2024-12-28T19:26:02.767+0000] {spark_submit.py:634} INFO - 24/12/28 19:26:02 INFO MemoryStore: Block broadcast_4 stored as values in memory (estimated size 27.7 KiB, free 7.0 GiB)
[2024-12-28T19:26:02.768+0000] {spark_submit.py:634} INFO - 24/12/28 19:26:02 INFO MemoryStore: Block broadcast_4_piece0 stored as bytes in memory (estimated size 12.7 KiB, free 7.0 GiB)
[2024-12-28T19:26:02.772+0000] {spark_submit.py:634} INFO - 24/12/28 19:26:02 INFO BlockManagerInfo: Added broadcast_4_piece0 in memory on 471d7521a401:35425 (size: 12.7 KiB, free: 7.0 GiB)
[2024-12-28T19:26:02.773+0000] {spark_submit.py:634} INFO - 24/12/28 19:26:02 INFO SparkContext: Created broadcast 4 from broadcast at DAGScheduler.scala:1585
[2024-12-28T19:26:02.774+0000] {spark_submit.py:634} INFO - 24/12/28 19:26:02 INFO DAGScheduler: Submitting 1 missing tasks from ResultStage 2 (MapPartitionsRDD[16] at csv at NativeMethodAccessorImpl.java:0) (first 15 tasks are for partitions Vector(0))
[2024-12-28T19:26:02.774+0000] {spark_submit.py:634} INFO - 24/12/28 19:26:02 INFO TaskSchedulerImpl: Adding task set 2.0 with 1 tasks resource profile 0
[2024-12-28T19:26:02.776+0000] {spark_submit.py:634} INFO - 24/12/28 19:26:02 INFO TaskSetManager: Starting task 0.0 in stage 2.0 (TID 3) (172.18.0.9, executor 0, partition 0, PROCESS_LOCAL, 9602 bytes)
[2024-12-28T19:26:02.817+0000] {spark_submit.py:634} INFO - 24/12/28 19:26:02 INFO BlockManagerInfo: Added broadcast_4_piece0 in memory on 172.18.0.9:38131 (size: 12.7 KiB, free: 7.0 GiB)
[2024-12-28T19:26:03.956+0000] {spark_submit.py:634} INFO - 24/12/28 19:26:03 INFO BlockManagerInfo: Added broadcast_3_piece0 in memory on 172.18.0.9:38131 (size: 34.4 KiB, free: 7.0 GiB)
[2024-12-28T19:26:04.055+0000] {spark_submit.py:634} INFO - 24/12/28 19:26:04 INFO TaskSetManager: Finished task 0.0 in stage 2.0 (TID 3) in 1280 ms on 172.18.0.9 (executor 0) (1/1)
[2024-12-28T19:26:04.058+0000] {spark_submit.py:634} INFO - 24/12/28 19:26:04 INFO DAGScheduler: ResultStage 2 (csv at NativeMethodAccessorImpl.java:0) finished in 1.308 s
[2024-12-28T19:26:04.059+0000] {spark_submit.py:634} INFO - 24/12/28 19:26:04 INFO DAGScheduler: Job 2 is finished. Cancelling potential speculative or zombie tasks for this job
[2024-12-28T19:26:04.061+0000] {spark_submit.py:634} INFO - 24/12/28 19:26:04 INFO TaskSchedulerImpl: Removed TaskSet 2.0, whose tasks have all completed, from pool
[2024-12-28T19:26:04.062+0000] {spark_submit.py:634} INFO - 24/12/28 19:26:04 INFO TaskSchedulerImpl: Killing all running tasks in stage 2: Stage finished
[2024-12-28T19:26:04.069+0000] {spark_submit.py:634} INFO - 24/12/28 19:26:04 INFO DAGScheduler: Job 2 finished: csv at NativeMethodAccessorImpl.java:0, took 1.322386 s
[2024-12-28T19:26:04.100+0000] {spark_submit.py:634} INFO - 24/12/28 19:26:04 INFO FileSourceStrategy: Pushed Filters:
[2024-12-28T19:26:04.101+0000] {spark_submit.py:634} INFO - 24/12/28 19:26:04 INFO FileSourceStrategy: Post-Scan Filters:
[2024-12-28T19:26:04.143+0000] {spark_submit.py:634} INFO - 24/12/28 19:26:04 INFO CodeGenerator: Code generated in 11.282948 ms
[2024-12-28T19:26:04.148+0000] {spark_submit.py:634} INFO - 24/12/28 19:26:04 INFO MemoryStore: Block broadcast_5 stored as values in memory (estimated size 200.2 KiB, free 7.0 GiB)
[2024-12-28T19:26:04.157+0000] {spark_submit.py:634} INFO - 24/12/28 19:26:04 INFO MemoryStore: Block broadcast_5_piece0 stored as bytes in memory (estimated size 34.5 KiB, free 7.0 GiB)
[2024-12-28T19:26:04.158+0000] {spark_submit.py:634} INFO - 24/12/28 19:26:04 INFO BlockManagerInfo: Added broadcast_5_piece0 in memory on 471d7521a401:35425 (size: 34.5 KiB, free: 7.0 GiB)
[2024-12-28T19:26:04.159+0000] {spark_submit.py:634} INFO - 24/12/28 19:26:04 INFO SparkContext: Created broadcast 5 from showString at NativeMethodAccessorImpl.java:0
[2024-12-28T19:26:04.162+0000] {spark_submit.py:634} INFO - 24/12/28 19:26:04 INFO FileSourceScanExec: Planning scan with bin packing, max size: 4194304 bytes, open cost is considered as scanning 4194304 bytes.
[2024-12-28T19:26:04.171+0000] {spark_submit.py:634} INFO - 24/12/28 19:26:04 INFO SparkContext: Starting job: showString at NativeMethodAccessorImpl.java:0
[2024-12-28T19:26:04.172+0000] {spark_submit.py:634} INFO - 24/12/28 19:26:04 INFO DAGScheduler: Got job 3 (showString at NativeMethodAccessorImpl.java:0) with 1 output partitions
[2024-12-28T19:26:04.172+0000] {spark_submit.py:634} INFO - 24/12/28 19:26:04 INFO DAGScheduler: Final stage: ResultStage 3 (showString at NativeMethodAccessorImpl.java:0)
[2024-12-28T19:26:04.172+0000] {spark_submit.py:634} INFO - 24/12/28 19:26:04 INFO DAGScheduler: Parents of final stage: List()
[2024-12-28T19:26:04.173+0000] {spark_submit.py:634} INFO - 24/12/28 19:26:04 INFO DAGScheduler: Missing parents: List()
[2024-12-28T19:26:04.173+0000] {spark_submit.py:634} INFO - 24/12/28 19:26:04 INFO DAGScheduler: Submitting ResultStage 3 (MapPartitionsRDD[20] at showString at NativeMethodAccessorImpl.java:0), which has no missing parents
[2024-12-28T19:26:04.176+0000] {spark_submit.py:634} INFO - 24/12/28 19:26:04 INFO MemoryStore: Block broadcast_6 stored as values in memory (estimated size 15.2 KiB, free 7.0 GiB)
[2024-12-28T19:26:04.197+0000] {spark_submit.py:634} INFO - 24/12/28 19:26:04 INFO MemoryStore: Block broadcast_6_piece0 stored as bytes in memory (estimated size 7.5 KiB, free 7.0 GiB)
[2024-12-28T19:26:04.199+0000] {spark_submit.py:634} INFO - 24/12/28 19:26:04 INFO BlockManagerInfo: Added broadcast_6_piece0 in memory on 471d7521a401:35425 (size: 7.5 KiB, free: 7.0 GiB)
[2024-12-28T19:26:04.201+0000] {spark_submit.py:634} INFO - 24/12/28 19:26:04 INFO SparkContext: Created broadcast 6 from broadcast at DAGScheduler.scala:1585
[2024-12-28T19:26:04.202+0000] {spark_submit.py:634} INFO - 24/12/28 19:26:04 INFO DAGScheduler: Submitting 1 missing tasks from ResultStage 3 (MapPartitionsRDD[20] at showString at NativeMethodAccessorImpl.java:0) (first 15 tasks are for partitions Vector(0))
[2024-12-28T19:26:04.202+0000] {spark_submit.py:634} INFO - 24/12/28 19:26:04 INFO TaskSchedulerImpl: Adding task set 3.0 with 1 tasks resource profile 0
[2024-12-28T19:26:04.204+0000] {spark_submit.py:634} INFO - 24/12/28 19:26:04 INFO TaskSetManager: Starting task 0.0 in stage 3.0 (TID 4) (172.18.0.9, executor 0, partition 0, PROCESS_LOCAL, 9602 bytes)
[2024-12-28T19:26:04.207+0000] {spark_submit.py:634} INFO - 24/12/28 19:26:04 INFO BlockManagerInfo: Removed broadcast_1_piece0 on 471d7521a401:35425 in memory (size: 34.4 KiB, free: 7.0 GiB)
[2024-12-28T19:26:04.214+0000] {spark_submit.py:634} INFO - 24/12/28 19:26:04 INFO BlockManagerInfo: Removed broadcast_1_piece0 on 172.18.0.9:38131 in memory (size: 34.4 KiB, free: 7.0 GiB)
[2024-12-28T19:26:04.241+0000] {spark_submit.py:634} INFO - 24/12/28 19:26:04 INFO BlockManagerInfo: Added broadcast_6_piece0 in memory on 172.18.0.9:38131 (size: 7.5 KiB, free: 7.0 GiB)
[2024-12-28T19:26:04.254+0000] {spark_submit.py:634} INFO - 24/12/28 19:26:04 INFO BlockManagerInfo: Removed broadcast_4_piece0 on 471d7521a401:35425 in memory (size: 12.7 KiB, free: 7.0 GiB)
[2024-12-28T19:26:04.255+0000] {spark_submit.py:634} INFO - 24/12/28 19:26:04 INFO BlockManagerInfo: Removed broadcast_4_piece0 on 172.18.0.9:38131 in memory (size: 12.7 KiB, free: 7.0 GiB)
[2024-12-28T19:26:04.270+0000] {spark_submit.py:634} INFO - 24/12/28 19:26:04 INFO BlockManagerInfo: Removed broadcast_3_piece0 on 471d7521a401:35425 in memory (size: 34.4 KiB, free: 7.0 GiB)
[2024-12-28T19:26:04.293+0000] {spark_submit.py:634} INFO - 24/12/28 19:26:04 INFO BlockManagerInfo: Removed broadcast_3_piece0 on 172.18.0.9:38131 in memory (size: 34.4 KiB, free: 7.0 GiB)
[2024-12-28T19:26:04.311+0000] {spark_submit.py:634} INFO - 24/12/28 19:26:04 INFO BlockManagerInfo: Removed broadcast_2_piece0 on 471d7521a401:35425 in memory (size: 6.4 KiB, free: 7.0 GiB)
[2024-12-28T19:26:04.314+0000] {spark_submit.py:634} INFO - 24/12/28 19:26:04 INFO BlockManagerInfo: Removed broadcast_2_piece0 on 172.18.0.9:38131 in memory (size: 6.4 KiB, free: 7.0 GiB)
[2024-12-28T19:26:04.314+0000] {spark_submit.py:634} INFO - 24/12/28 19:26:04 INFO BlockManagerInfo: Added broadcast_5_piece0 in memory on 172.18.0.9:38131 (size: 34.5 KiB, free: 7.0 GiB)
[2024-12-28T19:26:04.370+0000] {spark_submit.py:634} INFO - 24/12/28 19:26:04 INFO TaskSetManager: Finished task 0.0 in stage 3.0 (TID 4) in 167 ms on 172.18.0.9 (executor 0) (1/1)
[2024-12-28T19:26:04.370+0000] {spark_submit.py:634} INFO - 24/12/28 19:26:04 INFO TaskSchedulerImpl: Removed TaskSet 3.0, whose tasks have all completed, from pool
[2024-12-28T19:26:04.376+0000] {spark_submit.py:634} INFO - 24/12/28 19:26:04 INFO DAGScheduler: ResultStage 3 (showString at NativeMethodAccessorImpl.java:0) finished in 0.197 s
[2024-12-28T19:26:04.377+0000] {spark_submit.py:634} INFO - 24/12/28 19:26:04 INFO DAGScheduler: Job 3 is finished. Cancelling potential speculative or zombie tasks for this job
[2024-12-28T19:26:04.377+0000] {spark_submit.py:634} INFO - 24/12/28 19:26:04 INFO TaskSchedulerImpl: Killing all running tasks in stage 3: Stage finished
[2024-12-28T19:26:04.377+0000] {spark_submit.py:634} INFO - 24/12/28 19:26:04 INFO DAGScheduler: Job 3 finished: showString at NativeMethodAccessorImpl.java:0, took 0.200717 s
[2024-12-28T19:26:04.389+0000] {spark_submit.py:634} INFO - 24/12/28 19:26:04 INFO CodeGenerator: Code generated in 12.878903 ms
[2024-12-28T19:26:04.397+0000] {spark_submit.py:634} INFO - +-------+-----+
[2024-12-28T19:26:04.397+0000] {spark_submit.py:634} INFO - |   Name|Value|
[2024-12-28T19:26:04.397+0000] {spark_submit.py:634} INFO - +-------+-----+
[2024-12-28T19:26:04.398+0000] {spark_submit.py:634} INFO - |  Alice|    1|
[2024-12-28T19:26:04.398+0000] {spark_submit.py:634} INFO - |    Bob|    2|
[2024-12-28T19:26:04.398+0000] {spark_submit.py:634} INFO - |Charlie|    3|
[2024-12-28T19:26:04.398+0000] {spark_submit.py:634} INFO - +-------+-----+
[2024-12-28T19:26:04.398+0000] {spark_submit.py:634} INFO - 
[2024-12-28T19:26:04.411+0000] {spark_submit.py:634} INFO - 24/12/28 19:26:04 INFO FileSourceStrategy: Pushed Filters:
[2024-12-28T19:26:04.412+0000] {spark_submit.py:634} INFO - 24/12/28 19:26:04 INFO FileSourceStrategy: Post-Scan Filters:
[2024-12-28T19:26:04.427+0000] {spark_submit.py:634} INFO - 24/12/28 19:26:04 INFO MemoryStore: Block broadcast_7 stored as values in memory (estimated size 200.2 KiB, free 7.0 GiB)
[2024-12-28T19:26:04.437+0000] {spark_submit.py:634} INFO - 24/12/28 19:26:04 INFO MemoryStore: Block broadcast_7_piece0 stored as bytes in memory (estimated size 34.5 KiB, free 7.0 GiB)
[2024-12-28T19:26:04.438+0000] {spark_submit.py:634} INFO - 24/12/28 19:26:04 INFO BlockManagerInfo: Added broadcast_7_piece0 in memory on 471d7521a401:35425 (size: 34.5 KiB, free: 7.0 GiB)
[2024-12-28T19:26:04.442+0000] {spark_submit.py:634} INFO - 24/12/28 19:26:04 INFO SparkContext: Created broadcast 7 from showString at NativeMethodAccessorImpl.java:0
[2024-12-28T19:26:04.452+0000] {spark_submit.py:634} INFO - 24/12/28 19:26:04 INFO FileSourceScanExec: Planning scan with bin packing, max size: 4194304 bytes, open cost is considered as scanning 4194304 bytes.
[2024-12-28T19:26:04.453+0000] {spark_submit.py:634} INFO - 24/12/28 19:26:04 INFO SparkContext: Starting job: showString at NativeMethodAccessorImpl.java:0
[2024-12-28T19:26:04.454+0000] {spark_submit.py:634} INFO - 24/12/28 19:26:04 INFO DAGScheduler: Got job 4 (showString at NativeMethodAccessorImpl.java:0) with 1 output partitions
[2024-12-28T19:26:04.455+0000] {spark_submit.py:634} INFO - 24/12/28 19:26:04 INFO DAGScheduler: Final stage: ResultStage 4 (showString at NativeMethodAccessorImpl.java:0)
[2024-12-28T19:26:04.455+0000] {spark_submit.py:634} INFO - 24/12/28 19:26:04 INFO DAGScheduler: Parents of final stage: List()
[2024-12-28T19:26:04.455+0000] {spark_submit.py:634} INFO - 24/12/28 19:26:04 INFO DAGScheduler: Missing parents: List()
[2024-12-28T19:26:04.455+0000] {spark_submit.py:634} INFO - 24/12/28 19:26:04 INFO DAGScheduler: Submitting ResultStage 4 (MapPartitionsRDD[24] at showString at NativeMethodAccessorImpl.java:0), which has no missing parents
[2024-12-28T19:26:04.457+0000] {spark_submit.py:634} INFO - 24/12/28 19:26:04 INFO MemoryStore: Block broadcast_8 stored as values in memory (estimated size 15.2 KiB, free 7.0 GiB)
[2024-12-28T19:26:04.465+0000] {spark_submit.py:634} INFO - 24/12/28 19:26:04 INFO MemoryStore: Block broadcast_8_piece0 stored as bytes in memory (estimated size 7.5 KiB, free 7.0 GiB)
[2024-12-28T19:26:04.468+0000] {spark_submit.py:634} INFO - 24/12/28 19:26:04 INFO BlockManagerInfo: Added broadcast_8_piece0 in memory on 471d7521a401:35425 (size: 7.5 KiB, free: 7.0 GiB)
[2024-12-28T19:26:04.468+0000] {spark_submit.py:634} INFO - 24/12/28 19:26:04 INFO SparkContext: Created broadcast 8 from broadcast at DAGScheduler.scala:1585
[2024-12-28T19:26:04.468+0000] {spark_submit.py:634} INFO - 24/12/28 19:26:04 INFO DAGScheduler: Submitting 1 missing tasks from ResultStage 4 (MapPartitionsRDD[24] at showString at NativeMethodAccessorImpl.java:0) (first 15 tasks are for partitions Vector(0))
[2024-12-28T19:26:04.469+0000] {spark_submit.py:634} INFO - 24/12/28 19:26:04 INFO TaskSchedulerImpl: Adding task set 4.0 with 1 tasks resource profile 0
[2024-12-28T19:26:04.469+0000] {spark_submit.py:634} INFO - 24/12/28 19:26:04 INFO TaskSetManager: Starting task 0.0 in stage 4.0 (TID 5) (172.18.0.9, executor 0, partition 0, PROCESS_LOCAL, 9602 bytes)
[2024-12-28T19:26:04.487+0000] {spark_submit.py:634} INFO - 24/12/28 19:26:04 INFO BlockManagerInfo: Added broadcast_8_piece0 in memory on 172.18.0.9:38131 (size: 7.5 KiB, free: 7.0 GiB)
[2024-12-28T19:26:04.505+0000] {spark_submit.py:634} INFO - 24/12/28 19:26:04 INFO BlockManagerInfo: Added broadcast_7_piece0 in memory on 172.18.0.9:38131 (size: 34.5 KiB, free: 7.0 GiB)
[2024-12-28T19:26:04.541+0000] {spark_submit.py:634} INFO - 24/12/28 19:26:04 INFO TaskSetManager: Finished task 0.0 in stage 4.0 (TID 5) in 79 ms on 172.18.0.9 (executor 0) (1/1)
[2024-12-28T19:26:04.541+0000] {spark_submit.py:634} INFO - 24/12/28 19:26:04 INFO TaskSchedulerImpl: Removed TaskSet 4.0, whose tasks have all completed, from pool
[2024-12-28T19:26:04.541+0000] {spark_submit.py:634} INFO - 24/12/28 19:26:04 INFO DAGScheduler: ResultStage 4 (showString at NativeMethodAccessorImpl.java:0) finished in 0.085 s
[2024-12-28T19:26:04.544+0000] {spark_submit.py:634} INFO - 24/12/28 19:26:04 INFO DAGScheduler: Job 4 is finished. Cancelling potential speculative or zombie tasks for this job
[2024-12-28T19:26:04.545+0000] {spark_submit.py:634} INFO - 24/12/28 19:26:04 INFO TaskSchedulerImpl: Killing all running tasks in stage 4: Stage finished
[2024-12-28T19:26:04.545+0000] {spark_submit.py:634} INFO - 24/12/28 19:26:04 INFO DAGScheduler: Job 4 finished: showString at NativeMethodAccessorImpl.java:0, took 0.088650 s
[2024-12-28T19:26:04.546+0000] {spark_submit.py:634} INFO - +-------+-----+
[2024-12-28T19:26:04.547+0000] {spark_submit.py:634} INFO - |   Name|Value|
[2024-12-28T19:26:04.547+0000] {spark_submit.py:634} INFO - +-------+-----+
[2024-12-28T19:26:04.547+0000] {spark_submit.py:634} INFO - |  Alice|    1|
[2024-12-28T19:26:04.547+0000] {spark_submit.py:634} INFO - |    Bob|    2|
[2024-12-28T19:26:04.547+0000] {spark_submit.py:634} INFO - |Charlie|    3|
[2024-12-28T19:26:04.548+0000] {spark_submit.py:634} INFO - +-------+-----+
[2024-12-28T19:26:04.548+0000] {spark_submit.py:634} INFO - 
[2024-12-28T19:26:04.551+0000] {spark_submit.py:634} INFO - 24/12/28 19:26:04 INFO FileSourceStrategy: Pushed Filters:
[2024-12-28T19:26:04.552+0000] {spark_submit.py:634} INFO - 24/12/28 19:26:04 INFO FileSourceStrategy: Post-Scan Filters:
[2024-12-28T19:26:04.556+0000] {spark_submit.py:634} INFO - 24/12/28 19:26:04 INFO MemoryStore: Block broadcast_9 stored as values in memory (estimated size 200.2 KiB, free 7.0 GiB)
[2024-12-28T19:26:04.566+0000] {spark_submit.py:634} INFO - 24/12/28 19:26:04 INFO MemoryStore: Block broadcast_9_piece0 stored as bytes in memory (estimated size 34.5 KiB, free 7.0 GiB)
[2024-12-28T19:26:04.567+0000] {spark_submit.py:634} INFO - 24/12/28 19:26:04 INFO BlockManagerInfo: Added broadcast_9_piece0 in memory on 471d7521a401:35425 (size: 34.5 KiB, free: 7.0 GiB)
[2024-12-28T19:26:04.567+0000] {spark_submit.py:634} INFO - 24/12/28 19:26:04 INFO SparkContext: Created broadcast 9 from toPandas at /opt/***/dags/spark_app/spark_1.py:16
[2024-12-28T19:26:04.568+0000] {spark_submit.py:634} INFO - 24/12/28 19:26:04 INFO FileSourceScanExec: Planning scan with bin packing, max size: 4194304 bytes, open cost is considered as scanning 4194304 bytes.
[2024-12-28T19:26:04.578+0000] {spark_submit.py:634} INFO - 24/12/28 19:26:04 INFO SparkContext: Starting job: toPandas at /opt/***/dags/spark_app/spark_1.py:16
[2024-12-28T19:26:04.579+0000] {spark_submit.py:634} INFO - 24/12/28 19:26:04 INFO DAGScheduler: Got job 5 (toPandas at /opt/***/dags/spark_app/spark_1.py:16) with 1 output partitions
[2024-12-28T19:26:04.579+0000] {spark_submit.py:634} INFO - 24/12/28 19:26:04 INFO DAGScheduler: Final stage: ResultStage 5 (toPandas at /opt/***/dags/spark_app/spark_1.py:16)
[2024-12-28T19:26:04.579+0000] {spark_submit.py:634} INFO - 24/12/28 19:26:04 INFO DAGScheduler: Parents of final stage: List()
[2024-12-28T19:26:04.579+0000] {spark_submit.py:634} INFO - 24/12/28 19:26:04 INFO DAGScheduler: Missing parents: List()
[2024-12-28T19:26:04.580+0000] {spark_submit.py:634} INFO - 24/12/28 19:26:04 INFO DAGScheduler: Submitting ResultStage 5 (MapPartitionsRDD[27] at toPandas at /opt/***/dags/spark_app/spark_1.py:16), which has no missing parents
[2024-12-28T19:26:04.582+0000] {spark_submit.py:634} INFO - 24/12/28 19:26:04 INFO MemoryStore: Block broadcast_10 stored as values in memory (estimated size 11.8 KiB, free 7.0 GiB)
[2024-12-28T19:26:04.595+0000] {spark_submit.py:634} INFO - 24/12/28 19:26:04 INFO MemoryStore: Block broadcast_10_piece0 stored as bytes in memory (estimated size 6.2 KiB, free 7.0 GiB)
[2024-12-28T19:26:04.596+0000] {spark_submit.py:634} INFO - 24/12/28 19:26:04 INFO BlockManagerInfo: Added broadcast_10_piece0 in memory on 471d7521a401:35425 (size: 6.2 KiB, free: 7.0 GiB)
[2024-12-28T19:26:04.596+0000] {spark_submit.py:634} INFO - 24/12/28 19:26:04 INFO SparkContext: Created broadcast 10 from broadcast at DAGScheduler.scala:1585
[2024-12-28T19:26:04.597+0000] {spark_submit.py:634} INFO - 24/12/28 19:26:04 INFO DAGScheduler: Submitting 1 missing tasks from ResultStage 5 (MapPartitionsRDD[27] at toPandas at /opt/***/dags/spark_app/spark_1.py:16) (first 15 tasks are for partitions Vector(0))
[2024-12-28T19:26:04.597+0000] {spark_submit.py:634} INFO - 24/12/28 19:26:04 INFO TaskSchedulerImpl: Adding task set 5.0 with 1 tasks resource profile 0
[2024-12-28T19:26:04.598+0000] {spark_submit.py:634} INFO - 24/12/28 19:26:04 INFO TaskSetManager: Starting task 0.0 in stage 5.0 (TID 6) (172.18.0.9, executor 0, partition 0, PROCESS_LOCAL, 9602 bytes)
[2024-12-28T19:26:04.605+0000] {spark_submit.py:634} INFO - 24/12/28 19:26:04 INFO BlockManagerInfo: Removed broadcast_6_piece0 on 471d7521a401:35425 in memory (size: 7.5 KiB, free: 7.0 GiB)
[2024-12-28T19:26:04.609+0000] {spark_submit.py:634} INFO - 24/12/28 19:26:04 INFO BlockManagerInfo: Removed broadcast_6_piece0 on 172.18.0.9:38131 in memory (size: 7.5 KiB, free: 7.0 GiB)
[2024-12-28T19:26:04.621+0000] {spark_submit.py:634} INFO - 24/12/28 19:26:04 INFO BlockManagerInfo: Removed broadcast_8_piece0 on 471d7521a401:35425 in memory (size: 7.5 KiB, free: 7.0 GiB)
[2024-12-28T19:26:04.624+0000] {spark_submit.py:634} INFO - 24/12/28 19:26:04 INFO BlockManagerInfo: Added broadcast_10_piece0 in memory on 172.18.0.9:38131 (size: 6.2 KiB, free: 7.0 GiB)
[2024-12-28T19:26:04.624+0000] {spark_submit.py:634} INFO - 24/12/28 19:26:04 INFO BlockManagerInfo: Removed broadcast_8_piece0 on 172.18.0.9:38131 in memory (size: 7.5 KiB, free: 7.0 GiB)
[2024-12-28T19:26:04.644+0000] {spark_submit.py:634} INFO - 24/12/28 19:26:04 INFO BlockManagerInfo: Removed broadcast_7_piece0 on 471d7521a401:35425 in memory (size: 34.5 KiB, free: 7.0 GiB)
[2024-12-28T19:26:04.644+0000] {spark_submit.py:634} INFO - 24/12/28 19:26:04 INFO BlockManagerInfo: Removed broadcast_7_piece0 on 172.18.0.9:38131 in memory (size: 34.5 KiB, free: 7.0 GiB)
[2024-12-28T19:26:04.647+0000] {spark_submit.py:634} INFO - 24/12/28 19:26:04 INFO BlockManagerInfo: Added broadcast_9_piece0 in memory on 172.18.0.9:38131 (size: 34.5 KiB, free: 7.0 GiB)
[2024-12-28T19:26:04.665+0000] {spark_submit.py:634} INFO - 24/12/28 19:26:04 INFO BlockManagerInfo: Removed broadcast_5_piece0 on 471d7521a401:35425 in memory (size: 34.5 KiB, free: 7.0 GiB)
[2024-12-28T19:26:04.671+0000] {spark_submit.py:634} INFO - 24/12/28 19:26:04 INFO BlockManagerInfo: Removed broadcast_5_piece0 on 172.18.0.9:38131 in memory (size: 34.5 KiB, free: 7.0 GiB)
[2024-12-28T19:26:04.672+0000] {spark_submit.py:634} INFO - 24/12/28 19:26:04 INFO TaskSetManager: Finished task 0.0 in stage 5.0 (TID 6) in 74 ms on 172.18.0.9 (executor 0) (1/1)
[2024-12-28T19:26:04.672+0000] {spark_submit.py:634} INFO - 24/12/28 19:26:04 INFO TaskSchedulerImpl: Removed TaskSet 5.0, whose tasks have all completed, from pool
[2024-12-28T19:26:04.681+0000] {spark_submit.py:634} INFO - 24/12/28 19:26:04 INFO DAGScheduler: ResultStage 5 (toPandas at /opt/***/dags/spark_app/spark_1.py:16) finished in 0.093 s
[2024-12-28T19:26:04.682+0000] {spark_submit.py:634} INFO - 24/12/28 19:26:04 INFO DAGScheduler: Job 5 is finished. Cancelling potential speculative or zombie tasks for this job
[2024-12-28T19:26:04.682+0000] {spark_submit.py:634} INFO - 24/12/28 19:26:04 INFO TaskSchedulerImpl: Killing all running tasks in stage 5: Stage finished
[2024-12-28T19:26:04.682+0000] {spark_submit.py:634} INFO - 24/12/28 19:26:04 INFO DAGScheduler: Job 5 finished: toPandas at /opt/***/dags/spark_app/spark_1.py:16, took 0.096249 s
[2024-12-28T19:26:04.690+0000] {spark_submit.py:634} INFO - 24/12/28 19:26:04 INFO SparkContext: SparkContext is stopping with exitCode 0.
[2024-12-28T19:26:04.701+0000] {spark_submit.py:634} INFO - 24/12/28 19:26:04 INFO SparkUI: Stopped Spark web UI at http://471d7521a401:4040
[2024-12-28T19:26:04.705+0000] {spark_submit.py:634} INFO - 24/12/28 19:26:04 INFO StandaloneSchedulerBackend: Shutting down all executors
[2024-12-28T19:26:04.705+0000] {spark_submit.py:634} INFO - 24/12/28 19:26:04 INFO StandaloneSchedulerBackend$StandaloneDriverEndpoint: Asking each executor to shut down
[2024-12-28T19:26:04.731+0000] {spark_submit.py:634} INFO - 24/12/28 19:26:04 INFO MapOutputTrackerMasterEndpoint: MapOutputTrackerMasterEndpoint stopped!
[2024-12-28T19:26:04.756+0000] {spark_submit.py:634} INFO - 24/12/28 19:26:04 INFO MemoryStore: MemoryStore cleared
[2024-12-28T19:26:04.756+0000] {spark_submit.py:634} INFO - 24/12/28 19:26:04 INFO BlockManager: BlockManager stopped
[2024-12-28T19:26:04.762+0000] {spark_submit.py:634} INFO - 24/12/28 19:26:04 INFO BlockManagerMaster: BlockManagerMaster stopped
[2024-12-28T19:26:04.765+0000] {spark_submit.py:634} INFO - 24/12/28 19:26:04 INFO OutputCommitCoordinator$OutputCommitCoordinatorEndpoint: OutputCommitCoordinator stopped!
[2024-12-28T19:26:04.782+0000] {spark_submit.py:634} INFO - 24/12/28 19:26:04 INFO SparkContext: Successfully stopped SparkContext
[2024-12-28T19:26:04.893+0000] {spark_submit.py:634} INFO - 24/12/28 19:26:04 INFO ShutdownHookManager: Shutdown hook called
[2024-12-28T19:26:04.893+0000] {spark_submit.py:634} INFO - 24/12/28 19:26:04 INFO ShutdownHookManager: Deleting directory /tmp/spark-34be0018-3111-4225-9879-a31f9650b5cb
[2024-12-28T19:26:04.897+0000] {spark_submit.py:634} INFO - 24/12/28 19:26:04 INFO ShutdownHookManager: Deleting directory /tmp/spark-80ac41d9-86e3-4486-b0cf-75fa8cfddea3
[2024-12-28T19:26:04.900+0000] {spark_submit.py:634} INFO - 24/12/28 19:26:04 INFO ShutdownHookManager: Deleting directory /tmp/spark-34be0018-3111-4225-9879-a31f9650b5cb/pyspark-c536d344-c4c9-4d09-8b23-37f6518f9d47
[2024-12-28T19:26:04.936+0000] {taskinstance.py:340} INFO - ::group::Post task execution logs
[2024-12-28T19:26:04.936+0000] {taskinstance.py:352} INFO - Marking task as SUCCESS. dag_id=spark_clickhouse_example, task_id=spark_submit_job, run_id=manual__2024-12-28T19:25:49.153882+00:00, execution_date=20241228T192549, start_date=20241228T192550, end_date=20241228T192604
[2024-12-28T19:26:04.984+0000] {local_task_job_runner.py:266} INFO - Task exited with return code 0
[2024-12-28T19:26:05.000+0000] {taskinstance.py:3895} INFO - 1 downstream tasks scheduled from follow-on schedule check
[2024-12-28T19:26:05.001+0000] {local_task_job_runner.py:245} INFO - ::endgroup::
