[2025-01-27T20:44:09.676+0000] {processor.py:186} INFO - Started process (PID=31) to work on /opt/airflow/dags/spark_example.py
[2025-01-27T20:44:09.677+0000] {processor.py:914} INFO - Processing file /opt/airflow/dags/spark_example.py for tasks to queue
[2025-01-27T20:44:09.679+0000] {logging_mixin.py:190} INFO - [2025-01-27T20:44:09.678+0000] {dagbag.py:588} INFO - Filling up the DagBag from /opt/airflow/dags/spark_example.py
[2025-01-27T20:44:09.693+0000] {processor.py:925} INFO - DAG(s) 'spark_example' retrieved from /opt/airflow/dags/spark_example.py
[2025-01-27T20:44:09.755+0000] {logging_mixin.py:190} INFO - [2025-01-27T20:44:09.755+0000] {dag.py:3239} INFO - Sync 1 DAGs
[2025-01-27T20:44:09.798+0000] {logging_mixin.py:190} INFO - [2025-01-27T20:44:09.798+0000] {dag.py:4180} INFO - Setting next_dagrun for spark_example to None, run_after=None
[2025-01-27T20:44:09.837+0000] {processor.py:208} INFO - Processing /opt/airflow/dags/spark_example.py took 0.175 seconds
[2025-01-27T20:44:40.429+0000] {processor.py:186} INFO - Started process (PID=39) to work on /opt/airflow/dags/spark_example.py
[2025-01-27T20:44:40.430+0000] {processor.py:914} INFO - Processing file /opt/airflow/dags/spark_example.py for tasks to queue
[2025-01-27T20:44:40.444+0000] {logging_mixin.py:190} INFO - [2025-01-27T20:44:40.444+0000] {dagbag.py:588} INFO - Filling up the DagBag from /opt/airflow/dags/spark_example.py
[2025-01-27T20:44:40.451+0000] {processor.py:925} INFO - DAG(s) 'spark_example' retrieved from /opt/airflow/dags/spark_example.py
[2025-01-27T20:44:40.484+0000] {logging_mixin.py:190} INFO - [2025-01-27T20:44:40.484+0000] {dag.py:3239} INFO - Sync 1 DAGs
[2025-01-27T20:44:40.502+0000] {logging_mixin.py:190} INFO - [2025-01-27T20:44:40.501+0000] {dag.py:4180} INFO - Setting next_dagrun for spark_example to None, run_after=None
[2025-01-27T20:44:40.525+0000] {processor.py:208} INFO - Processing /opt/airflow/dags/spark_example.py took 0.107 seconds
[2025-01-27T20:45:10.574+0000] {processor.py:186} INFO - Started process (PID=48) to work on /opt/airflow/dags/spark_example.py
[2025-01-27T20:45:10.575+0000] {processor.py:914} INFO - Processing file /opt/airflow/dags/spark_example.py for tasks to queue
[2025-01-27T20:45:10.577+0000] {logging_mixin.py:190} INFO - [2025-01-27T20:45:10.576+0000] {dagbag.py:588} INFO - Filling up the DagBag from /opt/airflow/dags/spark_example.py
[2025-01-27T20:45:10.582+0000] {processor.py:925} INFO - DAG(s) 'spark_example' retrieved from /opt/airflow/dags/spark_example.py
[2025-01-27T20:45:10.602+0000] {logging_mixin.py:190} INFO - [2025-01-27T20:45:10.601+0000] {dag.py:3239} INFO - Sync 1 DAGs
[2025-01-27T20:45:10.613+0000] {logging_mixin.py:190} INFO - [2025-01-27T20:45:10.613+0000] {dag.py:4180} INFO - Setting next_dagrun for spark_example to None, run_after=None
[2025-01-27T20:45:10.627+0000] {processor.py:208} INFO - Processing /opt/airflow/dags/spark_example.py took 0.057 seconds
[2025-01-27T20:45:41.073+0000] {processor.py:186} INFO - Started process (PID=57) to work on /opt/airflow/dags/spark_example.py
[2025-01-27T20:45:41.074+0000] {processor.py:914} INFO - Processing file /opt/airflow/dags/spark_example.py for tasks to queue
[2025-01-27T20:45:41.076+0000] {logging_mixin.py:190} INFO - [2025-01-27T20:45:41.075+0000] {dagbag.py:588} INFO - Filling up the DagBag from /opt/airflow/dags/spark_example.py
[2025-01-27T20:45:41.081+0000] {processor.py:925} INFO - DAG(s) 'spark_example' retrieved from /opt/airflow/dags/spark_example.py
[2025-01-27T20:45:41.102+0000] {logging_mixin.py:190} INFO - [2025-01-27T20:45:41.102+0000] {dag.py:3239} INFO - Sync 1 DAGs
[2025-01-27T20:45:41.114+0000] {logging_mixin.py:190} INFO - [2025-01-27T20:45:41.114+0000] {dag.py:4180} INFO - Setting next_dagrun for spark_example to None, run_after=None
[2025-01-27T20:45:41.128+0000] {processor.py:208} INFO - Processing /opt/airflow/dags/spark_example.py took 0.059 seconds
[2025-01-27T20:46:11.623+0000] {processor.py:186} INFO - Started process (PID=66) to work on /opt/airflow/dags/spark_example.py
[2025-01-27T20:46:11.630+0000] {processor.py:914} INFO - Processing file /opt/airflow/dags/spark_example.py for tasks to queue
[2025-01-27T20:46:11.632+0000] {logging_mixin.py:190} INFO - [2025-01-27T20:46:11.631+0000] {dagbag.py:588} INFO - Filling up the DagBag from /opt/airflow/dags/spark_example.py
[2025-01-27T20:46:11.637+0000] {processor.py:925} INFO - DAG(s) 'spark_example' retrieved from /opt/airflow/dags/spark_example.py
[2025-01-27T20:46:11.657+0000] {logging_mixin.py:190} INFO - [2025-01-27T20:46:11.656+0000] {dag.py:3239} INFO - Sync 1 DAGs
[2025-01-27T20:46:11.798+0000] {logging_mixin.py:190} INFO - [2025-01-27T20:46:11.798+0000] {dag.py:4180} INFO - Setting next_dagrun for spark_example to None, run_after=None
[2025-01-27T20:46:11.812+0000] {processor.py:208} INFO - Processing /opt/airflow/dags/spark_example.py took 0.194 seconds
