[2025-01-22T18:26:18.884+0000] {processor.py:186} INFO - Started process (PID=30) to work on /opt/airflow/dags/spark_example.py
[2025-01-22T18:26:18.885+0000] {processor.py:914} INFO - Processing file /opt/airflow/dags/spark_example.py for tasks to queue
[2025-01-22T18:26:18.886+0000] {logging_mixin.py:190} INFO - [2025-01-22T18:26:18.886+0000] {dagbag.py:588} INFO - Filling up the DagBag from /opt/airflow/dags/spark_example.py
[2025-01-22T18:26:18.903+0000] {processor.py:925} INFO - DAG(s) 'spark_example' retrieved from /opt/airflow/dags/spark_example.py
[2025-01-22T18:26:18.942+0000] {logging_mixin.py:190} INFO - [2025-01-22T18:26:18.941+0000] {dag.py:3239} INFO - Sync 1 DAGs
[2025-01-22T18:26:18.974+0000] {logging_mixin.py:190} INFO - [2025-01-22T18:26:18.974+0000] {dag.py:4180} INFO - Setting next_dagrun for spark_example to None, run_after=None
[2025-01-22T18:26:18.995+0000] {processor.py:208} INFO - Processing /opt/airflow/dags/spark_example.py took 0.121 seconds
[2025-01-22T18:26:49.581+0000] {processor.py:186} INFO - Started process (PID=37) to work on /opt/airflow/dags/spark_example.py
[2025-01-22T18:26:49.582+0000] {processor.py:914} INFO - Processing file /opt/airflow/dags/spark_example.py for tasks to queue
[2025-01-22T18:26:49.583+0000] {logging_mixin.py:190} INFO - [2025-01-22T18:26:49.583+0000] {dagbag.py:588} INFO - Filling up the DagBag from /opt/airflow/dags/spark_example.py
[2025-01-22T18:26:49.589+0000] {processor.py:925} INFO - DAG(s) 'spark_example' retrieved from /opt/airflow/dags/spark_example.py
[2025-01-22T18:26:49.616+0000] {logging_mixin.py:190} INFO - [2025-01-22T18:26:49.615+0000] {dag.py:3239} INFO - Sync 1 DAGs
[2025-01-22T18:26:49.628+0000] {logging_mixin.py:190} INFO - [2025-01-22T18:26:49.627+0000] {dag.py:4180} INFO - Setting next_dagrun for spark_example to None, run_after=None
[2025-01-22T18:26:49.642+0000] {processor.py:208} INFO - Processing /opt/airflow/dags/spark_example.py took 0.066 seconds
[2025-01-22T18:27:19.940+0000] {processor.py:186} INFO - Started process (PID=47) to work on /opt/airflow/dags/spark_example.py
[2025-01-22T18:27:19.951+0000] {processor.py:914} INFO - Processing file /opt/airflow/dags/spark_example.py for tasks to queue
[2025-01-22T18:27:19.953+0000] {logging_mixin.py:190} INFO - [2025-01-22T18:27:19.953+0000] {dagbag.py:588} INFO - Filling up the DagBag from /opt/airflow/dags/spark_example.py
[2025-01-22T18:27:19.960+0000] {processor.py:925} INFO - DAG(s) 'spark_example' retrieved from /opt/airflow/dags/spark_example.py
[2025-01-22T18:27:19.988+0000] {logging_mixin.py:190} INFO - [2025-01-22T18:27:19.988+0000] {dag.py:3239} INFO - Sync 1 DAGs
[2025-01-22T18:27:20.005+0000] {logging_mixin.py:190} INFO - [2025-01-22T18:27:20.005+0000] {dag.py:4180} INFO - Setting next_dagrun for spark_example to None, run_after=None
[2025-01-22T18:27:20.023+0000] {processor.py:208} INFO - Processing /opt/airflow/dags/spark_example.py took 0.090 seconds
[2025-01-22T18:27:50.484+0000] {processor.py:186} INFO - Started process (PID=56) to work on /opt/airflow/dags/spark_example.py
[2025-01-22T18:27:50.486+0000] {processor.py:914} INFO - Processing file /opt/airflow/dags/spark_example.py for tasks to queue
[2025-01-22T18:27:50.488+0000] {logging_mixin.py:190} INFO - [2025-01-22T18:27:50.487+0000] {dagbag.py:588} INFO - Filling up the DagBag from /opt/airflow/dags/spark_example.py
[2025-01-22T18:27:50.493+0000] {processor.py:925} INFO - DAG(s) 'spark_example' retrieved from /opt/airflow/dags/spark_example.py
[2025-01-22T18:27:50.514+0000] {logging_mixin.py:190} INFO - [2025-01-22T18:27:50.514+0000] {dag.py:3239} INFO - Sync 1 DAGs
[2025-01-22T18:27:50.526+0000] {logging_mixin.py:190} INFO - [2025-01-22T18:27:50.526+0000] {dag.py:4180} INFO - Setting next_dagrun for spark_example to None, run_after=None
[2025-01-22T18:27:50.541+0000] {processor.py:208} INFO - Processing /opt/airflow/dags/spark_example.py took 0.061 seconds
[2025-01-22T18:28:20.968+0000] {processor.py:186} INFO - Started process (PID=65) to work on /opt/airflow/dags/spark_example.py
[2025-01-22T18:28:20.969+0000] {processor.py:914} INFO - Processing file /opt/airflow/dags/spark_example.py for tasks to queue
[2025-01-22T18:28:20.971+0000] {logging_mixin.py:190} INFO - [2025-01-22T18:28:20.970+0000] {dagbag.py:588} INFO - Filling up the DagBag from /opt/airflow/dags/spark_example.py
[2025-01-22T18:28:20.976+0000] {processor.py:925} INFO - DAG(s) 'spark_example' retrieved from /opt/airflow/dags/spark_example.py
[2025-01-22T18:28:21.000+0000] {logging_mixin.py:190} INFO - [2025-01-22T18:28:20.999+0000] {dag.py:3239} INFO - Sync 1 DAGs
[2025-01-22T18:28:21.012+0000] {logging_mixin.py:190} INFO - [2025-01-22T18:28:21.012+0000] {dag.py:4180} INFO - Setting next_dagrun for spark_example to None, run_after=None
[2025-01-22T18:28:21.157+0000] {processor.py:208} INFO - Processing /opt/airflow/dags/spark_example.py took 0.194 seconds
