[2025-01-28T21:40:56.083+0000] {processor.py:186} INFO - Started process (PID=31) to work on /opt/airflow/dags/spark_example.py
[2025-01-28T21:40:56.083+0000] {processor.py:914} INFO - Processing file /opt/airflow/dags/spark_example.py for tasks to queue
[2025-01-28T21:40:56.085+0000] {logging_mixin.py:190} INFO - [2025-01-28T21:40:56.085+0000] {dagbag.py:588} INFO - Filling up the DagBag from /opt/airflow/dags/spark_example.py
[2025-01-28T21:40:56.104+0000] {processor.py:925} INFO - DAG(s) 'spark_example' retrieved from /opt/airflow/dags/spark_example.py
[2025-01-28T21:40:56.166+0000] {logging_mixin.py:190} INFO - [2025-01-28T21:40:56.166+0000] {dag.py:3239} INFO - Sync 1 DAGs
[2025-01-28T21:40:56.224+0000] {logging_mixin.py:190} INFO - [2025-01-28T21:40:56.223+0000] {dag.py:4180} INFO - Setting next_dagrun for spark_example to None, run_after=None
[2025-01-28T21:40:56.276+0000] {processor.py:208} INFO - Processing /opt/airflow/dags/spark_example.py took 0.199 seconds
[2025-01-28T21:41:26.883+0000] {processor.py:186} INFO - Started process (PID=39) to work on /opt/airflow/dags/spark_example.py
[2025-01-28T21:41:26.884+0000] {processor.py:914} INFO - Processing file /opt/airflow/dags/spark_example.py for tasks to queue
[2025-01-28T21:41:26.885+0000] {logging_mixin.py:190} INFO - [2025-01-28T21:41:26.885+0000] {dagbag.py:588} INFO - Filling up the DagBag from /opt/airflow/dags/spark_example.py
[2025-01-28T21:41:26.891+0000] {processor.py:925} INFO - DAG(s) 'spark_example' retrieved from /opt/airflow/dags/spark_example.py
[2025-01-28T21:41:26.917+0000] {logging_mixin.py:190} INFO - [2025-01-28T21:41:26.917+0000] {dag.py:3239} INFO - Sync 1 DAGs
[2025-01-28T21:41:26.932+0000] {logging_mixin.py:190} INFO - [2025-01-28T21:41:26.932+0000] {dag.py:4180} INFO - Setting next_dagrun for spark_example to None, run_after=None
[2025-01-28T21:41:26.949+0000] {processor.py:208} INFO - Processing /opt/airflow/dags/spark_example.py took 0.070 seconds
[2025-01-28T21:41:57.243+0000] {processor.py:186} INFO - Started process (PID=48) to work on /opt/airflow/dags/spark_example.py
[2025-01-28T21:41:57.244+0000] {processor.py:914} INFO - Processing file /opt/airflow/dags/spark_example.py for tasks to queue
[2025-01-28T21:41:57.246+0000] {logging_mixin.py:190} INFO - [2025-01-28T21:41:57.245+0000] {dagbag.py:588} INFO - Filling up the DagBag from /opt/airflow/dags/spark_example.py
[2025-01-28T21:41:57.251+0000] {processor.py:925} INFO - DAG(s) 'spark_example' retrieved from /opt/airflow/dags/spark_example.py
[2025-01-28T21:41:57.275+0000] {logging_mixin.py:190} INFO - [2025-01-28T21:41:57.275+0000] {dag.py:3239} INFO - Sync 1 DAGs
[2025-01-28T21:41:57.291+0000] {logging_mixin.py:190} INFO - [2025-01-28T21:41:57.290+0000] {dag.py:4180} INFO - Setting next_dagrun for spark_example to None, run_after=None
[2025-01-28T21:41:57.306+0000] {processor.py:208} INFO - Processing /opt/airflow/dags/spark_example.py took 0.067 seconds
[2025-01-28T21:42:27.711+0000] {processor.py:186} INFO - Started process (PID=57) to work on /opt/airflow/dags/spark_example.py
[2025-01-28T21:42:27.712+0000] {processor.py:914} INFO - Processing file /opt/airflow/dags/spark_example.py for tasks to queue
[2025-01-28T21:42:27.713+0000] {logging_mixin.py:190} INFO - [2025-01-28T21:42:27.713+0000] {dagbag.py:588} INFO - Filling up the DagBag from /opt/airflow/dags/spark_example.py
[2025-01-28T21:42:27.718+0000] {processor.py:925} INFO - DAG(s) 'spark_example' retrieved from /opt/airflow/dags/spark_example.py
[2025-01-28T21:42:27.742+0000] {logging_mixin.py:190} INFO - [2025-01-28T21:42:27.742+0000] {dag.py:3239} INFO - Sync 1 DAGs
[2025-01-28T21:42:27.754+0000] {logging_mixin.py:190} INFO - [2025-01-28T21:42:27.754+0000] {dag.py:4180} INFO - Setting next_dagrun for spark_example to None, run_after=None
[2025-01-28T21:42:27.768+0000] {processor.py:208} INFO - Processing /opt/airflow/dags/spark_example.py took 0.062 seconds
[2025-01-28T21:42:58.178+0000] {processor.py:186} INFO - Started process (PID=65) to work on /opt/airflow/dags/spark_example.py
[2025-01-28T21:42:58.181+0000] {processor.py:914} INFO - Processing file /opt/airflow/dags/spark_example.py for tasks to queue
[2025-01-28T21:42:58.183+0000] {logging_mixin.py:190} INFO - [2025-01-28T21:42:58.182+0000] {dagbag.py:588} INFO - Filling up the DagBag from /opt/airflow/dags/spark_example.py
[2025-01-28T21:42:58.190+0000] {processor.py:925} INFO - DAG(s) 'spark_example' retrieved from /opt/airflow/dags/spark_example.py
[2025-01-28T21:42:58.210+0000] {logging_mixin.py:190} INFO - [2025-01-28T21:42:58.210+0000] {dag.py:3239} INFO - Sync 1 DAGs
[2025-01-28T21:42:58.222+0000] {logging_mixin.py:190} INFO - [2025-01-28T21:42:58.222+0000] {dag.py:4180} INFO - Setting next_dagrun for spark_example to None, run_after=None
[2025-01-28T21:42:58.350+0000] {processor.py:208} INFO - Processing /opt/airflow/dags/spark_example.py took 0.177 seconds
[2025-01-28T21:43:28.642+0000] {processor.py:186} INFO - Started process (PID=74) to work on /opt/airflow/dags/spark_example.py
[2025-01-28T21:43:28.642+0000] {processor.py:914} INFO - Processing file /opt/airflow/dags/spark_example.py for tasks to queue
[2025-01-28T21:43:28.645+0000] {logging_mixin.py:190} INFO - [2025-01-28T21:43:28.644+0000] {dagbag.py:588} INFO - Filling up the DagBag from /opt/airflow/dags/spark_example.py
[2025-01-28T21:43:28.651+0000] {processor.py:925} INFO - DAG(s) 'spark_example' retrieved from /opt/airflow/dags/spark_example.py
[2025-01-28T21:43:28.671+0000] {logging_mixin.py:190} INFO - [2025-01-28T21:43:28.671+0000] {dag.py:3239} INFO - Sync 1 DAGs
[2025-01-28T21:43:28.794+0000] {logging_mixin.py:190} INFO - [2025-01-28T21:43:28.794+0000] {dag.py:4180} INFO - Setting next_dagrun for spark_example to None, run_after=None
[2025-01-28T21:43:28.808+0000] {processor.py:208} INFO - Processing /opt/airflow/dags/spark_example.py took 0.173 seconds
