[2025-01-20T20:07:16.104+0000] {processor.py:186} INFO - Started process (PID=30) to work on /opt/airflow/dags/spark_example.py
[2025-01-20T20:07:16.104+0000] {processor.py:914} INFO - Processing file /opt/airflow/dags/spark_example.py for tasks to queue
[2025-01-20T20:07:16.123+0000] {logging_mixin.py:190} INFO - [2025-01-20T20:07:16.123+0000] {dagbag.py:588} INFO - Filling up the DagBag from /opt/airflow/dags/spark_example.py
[2025-01-20T20:07:16.164+0000] {processor.py:925} INFO - DAG(s) 'spark_example' retrieved from /opt/airflow/dags/spark_example.py
[2025-01-20T20:07:16.230+0000] {logging_mixin.py:190} INFO - [2025-01-20T20:07:16.229+0000] {dag.py:3239} INFO - Sync 1 DAGs
[2025-01-20T20:07:16.267+0000] {logging_mixin.py:190} INFO - [2025-01-20T20:07:16.266+0000] {dag.py:4180} INFO - Setting next_dagrun for spark_example to None, run_after=None
[2025-01-20T20:07:16.297+0000] {processor.py:208} INFO - Processing /opt/airflow/dags/spark_example.py took 0.216 seconds
[2025-01-20T20:07:46.915+0000] {processor.py:186} INFO - Started process (PID=38) to work on /opt/airflow/dags/spark_example.py
[2025-01-20T20:07:46.915+0000] {processor.py:914} INFO - Processing file /opt/airflow/dags/spark_example.py for tasks to queue
[2025-01-20T20:07:46.917+0000] {logging_mixin.py:190} INFO - [2025-01-20T20:07:46.917+0000] {dagbag.py:588} INFO - Filling up the DagBag from /opt/airflow/dags/spark_example.py
[2025-01-20T20:07:46.925+0000] {processor.py:925} INFO - DAG(s) 'spark_example' retrieved from /opt/airflow/dags/spark_example.py
[2025-01-20T20:07:46.945+0000] {logging_mixin.py:190} INFO - [2025-01-20T20:07:46.944+0000] {dag.py:3239} INFO - Sync 1 DAGs
[2025-01-20T20:07:46.956+0000] {logging_mixin.py:190} INFO - [2025-01-20T20:07:46.956+0000] {dag.py:4180} INFO - Setting next_dagrun for spark_example to None, run_after=None
[2025-01-20T20:07:46.975+0000] {processor.py:208} INFO - Processing /opt/airflow/dags/spark_example.py took 0.066 seconds
[2025-01-20T20:08:17.409+0000] {processor.py:186} INFO - Started process (PID=47) to work on /opt/airflow/dags/spark_example.py
[2025-01-20T20:08:17.411+0000] {processor.py:914} INFO - Processing file /opt/airflow/dags/spark_example.py for tasks to queue
[2025-01-20T20:08:17.413+0000] {logging_mixin.py:190} INFO - [2025-01-20T20:08:17.412+0000] {dagbag.py:588} INFO - Filling up the DagBag from /opt/airflow/dags/spark_example.py
[2025-01-20T20:08:17.418+0000] {processor.py:925} INFO - DAG(s) 'spark_example' retrieved from /opt/airflow/dags/spark_example.py
[2025-01-20T20:08:17.438+0000] {logging_mixin.py:190} INFO - [2025-01-20T20:08:17.438+0000] {dag.py:3239} INFO - Sync 1 DAGs
[2025-01-20T20:08:17.450+0000] {logging_mixin.py:190} INFO - [2025-01-20T20:08:17.450+0000] {dag.py:4180} INFO - Setting next_dagrun for spark_example to None, run_after=None
[2025-01-20T20:08:17.465+0000] {processor.py:208} INFO - Processing /opt/airflow/dags/spark_example.py took 0.061 seconds
