[2024-12-28T19:42:49.124+0000] {local_task_job_runner.py:123} INFO - ::group::Pre task execution logs
[2024-12-28T19:42:49.137+0000] {taskinstance.py:2613} INFO - Dependencies all met for dep_context=non-requeueable deps ti=<TaskInstance: spark_clickhouse_example.spark_submit_job manual__2024-12-28T19:42:43.067077+00:00 [queued]>
[2024-12-28T19:42:49.144+0000] {taskinstance.py:2613} INFO - Dependencies all met for dep_context=requeueable deps ti=<TaskInstance: spark_clickhouse_example.spark_submit_job manual__2024-12-28T19:42:43.067077+00:00 [queued]>
[2024-12-28T19:42:49.144+0000] {taskinstance.py:2866} INFO - Starting attempt 1 of 1
[2024-12-28T19:42:49.154+0000] {taskinstance.py:2889} INFO - Executing <Task(SparkSubmitOperator): spark_submit_job> on 2024-12-28 19:42:43.067077+00:00
[2024-12-28T19:42:49.161+0000] {warnings.py:112} WARNING - /home/***/.local/lib/python3.12/site-packages/***/task/task_runner/standard_task_runner.py:70: DeprecationWarning: This process (pid=55) is multi-threaded, use of fork() may lead to deadlocks in the child.
  pid = os.fork()

[2024-12-28T19:42:49.162+0000] {standard_task_runner.py:72} INFO - Started process 56 to run task
[2024-12-28T19:42:49.163+0000] {standard_task_runner.py:104} INFO - Running: ['***', 'tasks', 'run', 'spark_clickhouse_example', 'spark_submit_job', 'manual__2024-12-28T19:42:43.067077+00:00', '--job-id', '20', '--raw', '--subdir', 'DAGS_FOLDER/test_spark_clickhouse.py', '--cfg-path', '/tmp/tmppajthobj']
[2024-12-28T19:42:49.164+0000] {standard_task_runner.py:105} INFO - Job 20: Subtask spark_submit_job
[2024-12-28T19:42:49.194+0000] {task_command.py:467} INFO - Running <TaskInstance: spark_clickhouse_example.spark_submit_job manual__2024-12-28T19:42:43.067077+00:00 [running]> on host 471d7521a401
[2024-12-28T19:42:49.253+0000] {taskinstance.py:3132} INFO - Exporting env vars: AIRFLOW_CTX_DAG_OWNER='TKO' AIRFLOW_CTX_DAG_ID='spark_clickhouse_example' AIRFLOW_CTX_TASK_ID='spark_submit_job' AIRFLOW_CTX_EXECUTION_DATE='2024-12-28T19:42:43.067077+00:00' AIRFLOW_CTX_TRY_NUMBER='1' AIRFLOW_CTX_DAG_RUN_ID='manual__2024-12-28T19:42:43.067077+00:00'
[2024-12-28T19:42:49.254+0000] {taskinstance.py:731} INFO - ::endgroup::
[2024-12-28T19:42:49.261+0000] {base.py:84} INFO - Retrieving connection 'spark'
[2024-12-28T19:42:49.261+0000] {spark_submit.py:327} ERROR - Failed to decode base64 keytab: Incorrect padding
[2024-12-28T19:42:49.262+0000] {spark_submit.py:304} INFO - Could not load connection string spark, defaulting to spark://spark-master:7077
[2024-12-28T19:42:49.263+0000] {spark_submit.py:473} INFO - Spark-Submit cmd: spark-submit --master spark://spark-master:7077 --num-executors 1 --total-executor-cores 1 --executor-cores 1 --executor-memory 12g --driver-memory 12g --name arrow-spark --verbose --deploy-mode client dags/spark_app/spark_1.py
[2024-12-28T19:42:50.332+0000] {spark_submit.py:634} INFO - Using properties file: null
[2024-12-28T19:42:50.415+0000] {spark_submit.py:634} INFO - Parsed arguments:
[2024-12-28T19:42:50.415+0000] {spark_submit.py:634} INFO - master                  spark://spark-master:7077
[2024-12-28T19:42:50.415+0000] {spark_submit.py:634} INFO - remote                  null
[2024-12-28T19:42:50.416+0000] {spark_submit.py:634} INFO - deployMode              client
[2024-12-28T19:42:50.416+0000] {spark_submit.py:634} INFO - executorMemory          12g
[2024-12-28T19:42:50.416+0000] {spark_submit.py:634} INFO - executorCores           1
[2024-12-28T19:42:50.416+0000] {spark_submit.py:634} INFO - totalExecutorCores      1
[2024-12-28T19:42:50.416+0000] {spark_submit.py:634} INFO - propertiesFile          null
[2024-12-28T19:42:50.417+0000] {spark_submit.py:634} INFO - driverMemory            12g
[2024-12-28T19:42:50.417+0000] {spark_submit.py:634} INFO - driverCores             null
[2024-12-28T19:42:50.417+0000] {spark_submit.py:634} INFO - driverExtraClassPath    null
[2024-12-28T19:42:50.417+0000] {spark_submit.py:634} INFO - driverExtraLibraryPath  null
[2024-12-28T19:42:50.417+0000] {spark_submit.py:634} INFO - driverExtraJavaOptions  null
[2024-12-28T19:42:50.417+0000] {spark_submit.py:634} INFO - supervise               false
[2024-12-28T19:42:50.418+0000] {spark_submit.py:634} INFO - queue                   null
[2024-12-28T19:42:50.418+0000] {spark_submit.py:634} INFO - numExecutors            1
[2024-12-28T19:42:50.418+0000] {spark_submit.py:634} INFO - files                   null
[2024-12-28T19:42:50.418+0000] {spark_submit.py:634} INFO - pyFiles                 null
[2024-12-28T19:42:50.418+0000] {spark_submit.py:634} INFO - archives                null
[2024-12-28T19:42:50.418+0000] {spark_submit.py:634} INFO - mainClass               null
[2024-12-28T19:42:50.419+0000] {spark_submit.py:634} INFO - primaryResource         file:/opt/***/dags/spark_app/spark_1.py
[2024-12-28T19:42:50.419+0000] {spark_submit.py:634} INFO - name                    arrow-spark
[2024-12-28T19:42:50.419+0000] {spark_submit.py:634} INFO - childArgs               []
[2024-12-28T19:42:50.419+0000] {spark_submit.py:634} INFO - jars                    null
[2024-12-28T19:42:50.419+0000] {spark_submit.py:634} INFO - packages                null
[2024-12-28T19:42:50.419+0000] {spark_submit.py:634} INFO - packagesExclusions      null
[2024-12-28T19:42:50.419+0000] {spark_submit.py:634} INFO - repositories            null
[2024-12-28T19:42:50.419+0000] {spark_submit.py:634} INFO - verbose                 true
[2024-12-28T19:42:50.419+0000] {spark_submit.py:634} INFO - 
[2024-12-28T19:42:50.419+0000] {spark_submit.py:634} INFO - Spark properties used, including those specified through
[2024-12-28T19:42:50.420+0000] {spark_submit.py:634} INFO - --conf and those from the properties file null:
[2024-12-28T19:42:50.420+0000] {spark_submit.py:634} INFO - (spark.driver.memory,12g)
[2024-12-28T19:42:50.420+0000] {spark_submit.py:634} INFO - 
[2024-12-28T19:42:50.420+0000] {spark_submit.py:634} INFO - 
[2024-12-28T19:42:50.617+0000] {spark_submit.py:634} INFO - Main class:
[2024-12-28T19:42:50.617+0000] {spark_submit.py:634} INFO - org.apache.spark.deploy.PythonRunner
[2024-12-28T19:42:50.617+0000] {spark_submit.py:634} INFO - Arguments:
[2024-12-28T19:42:50.618+0000] {spark_submit.py:634} INFO - file:/opt/***/dags/spark_app/spark_1.py
[2024-12-28T19:42:50.618+0000] {spark_submit.py:634} INFO - null
[2024-12-28T19:42:50.620+0000] {spark_submit.py:634} INFO - Spark config:
[2024-12-28T19:42:50.620+0000] {spark_submit.py:634} INFO - (spark.app.name,arrow-spark)
[2024-12-28T19:42:50.620+0000] {spark_submit.py:634} INFO - (spark.app.submitTime,1735414970601)
[2024-12-28T19:42:50.620+0000] {spark_submit.py:634} INFO - (spark.cores.max,1)
[2024-12-28T19:42:50.621+0000] {spark_submit.py:634} INFO - (spark.driver.memory,12g)
[2024-12-28T19:42:50.621+0000] {spark_submit.py:634} INFO - (spark.executor.cores,1)
[2024-12-28T19:42:50.621+0000] {spark_submit.py:634} INFO - (spark.executor.memory,12g)
[2024-12-28T19:42:50.621+0000] {spark_submit.py:634} INFO - (spark.master,spark://spark-master:7077)
[2024-12-28T19:42:50.621+0000] {spark_submit.py:634} INFO - (spark.submit.deployMode,client)
[2024-12-28T19:42:50.621+0000] {spark_submit.py:634} INFO - (spark.submit.pyFiles,)
[2024-12-28T19:42:50.622+0000] {spark_submit.py:634} INFO - Classpath elements:
[2024-12-28T19:42:50.622+0000] {spark_submit.py:634} INFO - 
[2024-12-28T19:42:50.622+0000] {spark_submit.py:634} INFO - 
[2024-12-28T19:42:50.622+0000] {spark_submit.py:634} INFO - 
[2024-12-28T19:42:51.685+0000] {spark_submit.py:634} INFO - 24/12/28 19:42:51 INFO SparkContext: Running Spark version 3.5.4
[2024-12-28T19:42:51.687+0000] {spark_submit.py:634} INFO - 24/12/28 19:42:51 INFO SparkContext: OS info Linux, 5.10.0-33-cloud-amd64, amd64
[2024-12-28T19:42:51.687+0000] {spark_submit.py:634} INFO - 24/12/28 19:42:51 INFO SparkContext: Java version 17.0.13
[2024-12-28T19:42:51.730+0000] {spark_submit.py:634} INFO - 24/12/28 19:42:51 WARN NativeCodeLoader: Unable to load native-hadoop library for your platform... using builtin-java classes where applicable
[2024-12-28T19:42:51.810+0000] {spark_submit.py:634} INFO - 24/12/28 19:42:51 INFO ResourceUtils: ==============================================================
[2024-12-28T19:42:51.811+0000] {spark_submit.py:634} INFO - 24/12/28 19:42:51 INFO ResourceUtils: No custom resources configured for spark.driver.
[2024-12-28T19:42:51.811+0000] {spark_submit.py:634} INFO - 24/12/28 19:42:51 INFO ResourceUtils: ==============================================================
[2024-12-28T19:42:51.811+0000] {spark_submit.py:634} INFO - 24/12/28 19:42:51 INFO SparkContext: Submitted application: ExampleJob111
[2024-12-28T19:42:51.829+0000] {spark_submit.py:634} INFO - 24/12/28 19:42:51 INFO ResourceProfile: Default ResourceProfile created, executor resources: Map(cores -> name: cores, amount: 1, script: , vendor: , memory -> name: memory, amount: 12288, script: , vendor: , offHeap -> name: offHeap, amount: 0, script: , vendor: ), task resources: Map(cpus -> name: cpus, amount: 1.0)
[2024-12-28T19:42:51.841+0000] {spark_submit.py:634} INFO - 24/12/28 19:42:51 INFO ResourceProfile: Limiting resource is cpus at 1 tasks per executor
[2024-12-28T19:42:51.842+0000] {spark_submit.py:634} INFO - 24/12/28 19:42:51 INFO ResourceProfileManager: Added ResourceProfile id: 0
[2024-12-28T19:42:51.882+0000] {spark_submit.py:634} INFO - 24/12/28 19:42:51 INFO SecurityManager: Changing view acls to: default
[2024-12-28T19:42:51.883+0000] {spark_submit.py:634} INFO - 24/12/28 19:42:51 INFO SecurityManager: Changing modify acls to: default
[2024-12-28T19:42:51.883+0000] {spark_submit.py:634} INFO - 24/12/28 19:42:51 INFO SecurityManager: Changing view acls groups to:
[2024-12-28T19:42:51.883+0000] {spark_submit.py:634} INFO - 24/12/28 19:42:51 INFO SecurityManager: Changing modify acls groups to:
[2024-12-28T19:42:51.884+0000] {spark_submit.py:634} INFO - 24/12/28 19:42:51 INFO SecurityManager: SecurityManager: authentication disabled; ui acls disabled; users with view permissions: default; groups with view permissions: EMPTY; users with modify permissions: default; groups with modify permissions: EMPTY
[2024-12-28T19:42:52.064+0000] {spark_submit.py:634} INFO - 24/12/28 19:42:52 INFO Utils: Successfully started service 'sparkDriver' on port 41873.
[2024-12-28T19:42:52.089+0000] {spark_submit.py:634} INFO - 24/12/28 19:42:52 INFO SparkEnv: Registering MapOutputTracker
[2024-12-28T19:42:52.146+0000] {spark_submit.py:634} INFO - 24/12/28 19:42:52 INFO SparkEnv: Registering BlockManagerMaster
[2024-12-28T19:42:52.163+0000] {spark_submit.py:634} INFO - 24/12/28 19:42:52 INFO BlockManagerMasterEndpoint: Using org.apache.spark.storage.DefaultTopologyMapper for getting topology information
[2024-12-28T19:42:52.164+0000] {spark_submit.py:634} INFO - 24/12/28 19:42:52 INFO BlockManagerMasterEndpoint: BlockManagerMasterEndpoint up
[2024-12-28T19:42:52.168+0000] {spark_submit.py:634} INFO - 24/12/28 19:42:52 INFO SparkEnv: Registering BlockManagerMasterHeartbeat
[2024-12-28T19:42:52.185+0000] {spark_submit.py:634} INFO - 24/12/28 19:42:52 INFO DiskBlockManager: Created local directory at /tmp/blockmgr-c84f3faa-6535-463f-8622-496d9f1ebfbb
[2024-12-28T19:42:52.196+0000] {spark_submit.py:634} INFO - 24/12/28 19:42:52 INFO MemoryStore: MemoryStore started with capacity 7.0 GiB
[2024-12-28T19:42:52.206+0000] {spark_submit.py:634} INFO - 24/12/28 19:42:52 INFO SparkEnv: Registering OutputCommitCoordinator
[2024-12-28T19:42:52.293+0000] {spark_submit.py:634} INFO - 24/12/28 19:42:52 INFO JettyUtils: Start Jetty 0.0.0.0:4040 for SparkUI
[2024-12-28T19:42:52.332+0000] {spark_submit.py:634} INFO - 24/12/28 19:42:52 INFO Utils: Successfully started service 'SparkUI' on port 4040.
[2024-12-28T19:42:52.459+0000] {spark_submit.py:634} INFO - 24/12/28 19:42:52 INFO StandaloneAppClient$ClientEndpoint: Connecting to master spark://spark-master:7077...
[2024-12-28T19:42:52.495+0000] {spark_submit.py:634} INFO - 24/12/28 19:42:52 INFO TransportClientFactory: Successfully created connection to spark-master/172.18.0.4:7077 after 19 ms (0 ms spent in bootstraps)
[2024-12-28T19:42:52.635+0000] {spark_submit.py:634} INFO - 24/12/28 19:42:52 INFO StandaloneSchedulerBackend: Connected to Spark cluster with app ID app-20241228194252-0000
[2024-12-28T19:42:52.655+0000] {spark_submit.py:634} INFO - 24/12/28 19:42:52 INFO Utils: Successfully started service 'org.apache.spark.network.netty.NettyBlockTransferService' on port 41263.
[2024-12-28T19:42:52.656+0000] {spark_submit.py:634} INFO - 24/12/28 19:42:52 INFO NettyBlockTransferService: Server created on 471d7521a401:41263
[2024-12-28T19:42:52.658+0000] {spark_submit.py:634} INFO - 24/12/28 19:42:52 INFO BlockManager: Using org.apache.spark.storage.RandomBlockReplicationPolicy for block replication policy
[2024-12-28T19:42:52.686+0000] {spark_submit.py:634} INFO - 24/12/28 19:42:52 INFO BlockManagerMaster: Registering BlockManager BlockManagerId(driver, 471d7521a401, 41263, None)
[2024-12-28T19:42:52.686+0000] {spark_submit.py:634} INFO - 24/12/28 19:42:52 INFO StandaloneAppClient$ClientEndpoint: Executor added: app-20241228194252-0000/0 on worker-20241228194147-172.18.0.5-43541 (172.18.0.5:43541) with 1 core(s)
[2024-12-28T19:42:52.686+0000] {spark_submit.py:634} INFO - 24/12/28 19:42:52 INFO StandaloneSchedulerBackend: Granted executor ID app-20241228194252-0000/0 on hostPort 172.18.0.5:43541 with 1 core(s), 12.0 GiB RAM
[2024-12-28T19:42:52.700+0000] {spark_submit.py:634} INFO - 24/12/28 19:42:52 INFO BlockManagerMasterEndpoint: Registering block manager 471d7521a401:41263 with 7.0 GiB RAM, BlockManagerId(driver, 471d7521a401, 41263, None)
[2024-12-28T19:42:52.701+0000] {spark_submit.py:634} INFO - 24/12/28 19:42:52 INFO BlockManagerMaster: Registered BlockManager BlockManagerId(driver, 471d7521a401, 41263, None)
[2024-12-28T19:42:52.705+0000] {spark_submit.py:634} INFO - 24/12/28 19:42:52 INFO BlockManager: Initialized BlockManager: BlockManagerId(driver, 471d7521a401, 41263, None)
[2024-12-28T19:42:52.875+0000] {spark_submit.py:634} INFO - 24/12/28 19:42:52 INFO StandaloneAppClient$ClientEndpoint: Executor updated: app-20241228194252-0000/0 is now RUNNING
[2024-12-28T19:42:52.993+0000] {spark_submit.py:634} INFO - 24/12/28 19:42:52 INFO StandaloneSchedulerBackend: SchedulerBackend is ready for scheduling beginning after reached minRegisteredResourcesRatio: 0.0
[2024-12-28T19:42:53.758+0000] {spark_submit.py:634} INFO - 24/12/28 19:42:53 INFO SharedState: Setting hive.metastore.warehouse.dir ('null') to the value of spark.sql.warehouse.dir.
[2024-12-28T19:42:53.769+0000] {spark_submit.py:634} INFO - 24/12/28 19:42:53 INFO SharedState: Warehouse path is 'file:/opt/***/spark-warehouse'.
[2024-12-28T19:42:56.047+0000] {spark_submit.py:634} INFO - 24/12/28 19:42:56 INFO StandaloneSchedulerBackend$StandaloneDriverEndpoint: Registered executor NettyRpcEndpointRef(spark-client://Executor) (172.18.0.5:49284) with ID 0,  ResourceProfileId 0
[2024-12-28T19:42:56.146+0000] {spark_submit.py:634} INFO - 24/12/28 19:42:56 INFO BlockManagerMasterEndpoint: Registering block manager 172.18.0.5:33443 with 7.0 GiB RAM, BlockManagerId(0, 172.18.0.5, 33443, None)
[2024-12-28T19:42:56.265+0000] {spark_submit.py:634} INFO - 24/12/28 19:42:56 INFO FileOutputCommitter: File Output Committer Algorithm version is 1
[2024-12-28T19:42:56.265+0000] {spark_submit.py:634} INFO - 24/12/28 19:42:56 INFO FileOutputCommitter: FileOutputCommitter skip cleanup _temporary folders under output directory:false, ignore cleanup failures: false
[2024-12-28T19:42:56.266+0000] {spark_submit.py:634} INFO - 24/12/28 19:42:56 INFO SQLHadoopMapReduceCommitProtocol: Using output committer class org.apache.hadoop.mapreduce.lib.output.FileOutputCommitter
[2024-12-28T19:42:56.486+0000] {spark_submit.py:634} INFO - 24/12/28 19:42:56 INFO CodeGenerator: Code generated in 150.651033 ms
[2024-12-28T19:42:56.511+0000] {spark_submit.py:634} INFO - 24/12/28 19:42:56 INFO SparkContext: Starting job: csv at NativeMethodAccessorImpl.java:0
[2024-12-28T19:42:56.527+0000] {spark_submit.py:634} INFO - 24/12/28 19:42:56 INFO DAGScheduler: Got job 0 (csv at NativeMethodAccessorImpl.java:0) with 2 output partitions
[2024-12-28T19:42:56.528+0000] {spark_submit.py:634} INFO - 24/12/28 19:42:56 INFO DAGScheduler: Final stage: ResultStage 0 (csv at NativeMethodAccessorImpl.java:0)
[2024-12-28T19:42:56.528+0000] {spark_submit.py:634} INFO - 24/12/28 19:42:56 INFO DAGScheduler: Parents of final stage: List()
[2024-12-28T19:42:56.530+0000] {spark_submit.py:634} INFO - 24/12/28 19:42:56 INFO DAGScheduler: Missing parents: List()
[2024-12-28T19:42:56.538+0000] {spark_submit.py:634} INFO - 24/12/28 19:42:56 INFO DAGScheduler: Submitting ResultStage 0 (MapPartitionsRDD[6] at csv at NativeMethodAccessorImpl.java:0), which has no missing parents
[2024-12-28T19:42:56.639+0000] {spark_submit.py:634} INFO - 24/12/28 19:42:56 INFO MemoryStore: Block broadcast_0 stored as values in memory (estimated size 214.9 KiB, free 7.0 GiB)
[2024-12-28T19:42:56.666+0000] {spark_submit.py:634} INFO - 24/12/28 19:42:56 INFO MemoryStore: Block broadcast_0_piece0 stored as bytes in memory (estimated size 78.4 KiB, free 7.0 GiB)
[2024-12-28T19:42:56.670+0000] {spark_submit.py:634} INFO - 24/12/28 19:42:56 INFO BlockManagerInfo: Added broadcast_0_piece0 in memory on 471d7521a401:41263 (size: 78.4 KiB, free: 7.0 GiB)
[2024-12-28T19:42:56.671+0000] {spark_submit.py:634} INFO - 24/12/28 19:42:56 INFO SparkContext: Created broadcast 0 from broadcast at DAGScheduler.scala:1585
[2024-12-28T19:42:56.684+0000] {spark_submit.py:634} INFO - 24/12/28 19:42:56 INFO DAGScheduler: Submitting 2 missing tasks from ResultStage 0 (MapPartitionsRDD[6] at csv at NativeMethodAccessorImpl.java:0) (first 15 tasks are for partitions Vector(0, 1))
[2024-12-28T19:42:56.685+0000] {spark_submit.py:634} INFO - 24/12/28 19:42:56 INFO TaskSchedulerImpl: Adding task set 0.0 with 2 tasks resource profile 0
[2024-12-28T19:42:56.710+0000] {spark_submit.py:634} INFO - 24/12/28 19:42:56 INFO TaskSetManager: Starting task 0.0 in stage 0.0 (TID 0) (172.18.0.5, executor 0, partition 0, PROCESS_LOCAL, 9020 bytes)
[2024-12-28T19:42:56.942+0000] {spark_submit.py:634} INFO - 24/12/28 19:42:56 INFO BlockManagerInfo: Added broadcast_0_piece0 in memory on 172.18.0.5:33443 (size: 78.4 KiB, free: 7.0 GiB)
[2024-12-28T19:42:58.387+0000] {spark_submit.py:634} INFO - 24/12/28 19:42:58 INFO TaskSetManager: Starting task 1.0 in stage 0.0 (TID 1) (172.18.0.5, executor 0, partition 1, PROCESS_LOCAL, 9057 bytes)
[2024-12-28T19:42:58.396+0000] {spark_submit.py:634} INFO - 24/12/28 19:42:58 INFO TaskSetManager: Finished task 0.0 in stage 0.0 (TID 0) in 1695 ms on 172.18.0.5 (executor 0) (1/2)
[2024-12-28T19:42:58.407+0000] {spark_submit.py:634} INFO - 24/12/28 19:42:58 INFO PythonAccumulatorV2: Connected to AccumulatorServer at host: 127.0.0.1 port: 56271
[2024-12-28T19:42:58.552+0000] {spark_submit.py:634} INFO - 24/12/28 19:42:58 INFO TaskSetManager: Finished task 1.0 in stage 0.0 (TID 1) in 165 ms on 172.18.0.5 (executor 0) (2/2)
[2024-12-28T19:42:58.553+0000] {spark_submit.py:634} INFO - 24/12/28 19:42:58 INFO TaskSchedulerImpl: Removed TaskSet 0.0, whose tasks have all completed, from pool
[2024-12-28T19:42:58.554+0000] {spark_submit.py:634} INFO - 24/12/28 19:42:58 INFO DAGScheduler: ResultStage 0 (csv at NativeMethodAccessorImpl.java:0) finished in 2.006 s
[2024-12-28T19:42:58.556+0000] {spark_submit.py:634} INFO - 24/12/28 19:42:58 INFO DAGScheduler: Job 0 is finished. Cancelling potential speculative or zombie tasks for this job
[2024-12-28T19:42:58.556+0000] {spark_submit.py:634} INFO - 24/12/28 19:42:58 INFO TaskSchedulerImpl: Killing all running tasks in stage 0: Stage finished
[2024-12-28T19:42:58.558+0000] {spark_submit.py:634} INFO - 24/12/28 19:42:58 INFO DAGScheduler: Job 0 finished: csv at NativeMethodAccessorImpl.java:0, took 2.046494 s
[2024-12-28T19:42:58.561+0000] {spark_submit.py:634} INFO - 24/12/28 19:42:58 INFO FileFormatWriter: Start to commit write Job 8f8f4773-501d-4eae-8e19-0007f4d77831.
[2024-12-28T19:42:58.583+0000] {spark_submit.py:634} INFO - 24/12/28 19:42:58 INFO FileFormatWriter: Write Job 8f8f4773-501d-4eae-8e19-0007f4d77831 committed. Elapsed time: 21 ms.
[2024-12-28T19:42:58.586+0000] {spark_submit.py:634} INFO - 24/12/28 19:42:58 INFO FileFormatWriter: Finished processing stats for write job 8f8f4773-501d-4eae-8e19-0007f4d77831.
[2024-12-28T19:42:58.627+0000] {spark_submit.py:634} INFO - 24/12/28 19:42:58 INFO InMemoryFileIndex: It took 10 ms to list leaf files for 1 paths.
[2024-12-28T19:42:58.657+0000] {spark_submit.py:634} INFO - 24/12/28 19:42:58 INFO InMemoryFileIndex: It took 1 ms to list leaf files for 1 paths.
[2024-12-28T19:42:59.166+0000] {spark_submit.py:634} INFO - 24/12/28 19:42:59 INFO BlockManagerInfo: Removed broadcast_0_piece0 on 471d7521a401:41263 in memory (size: 78.4 KiB, free: 7.0 GiB)
[2024-12-28T19:42:59.180+0000] {spark_submit.py:634} INFO - 24/12/28 19:42:59 INFO BlockManagerInfo: Removed broadcast_0_piece0 on 172.18.0.5:33443 in memory (size: 78.4 KiB, free: 7.0 GiB)
[2024-12-28T19:42:59.525+0000] {spark_submit.py:634} INFO - 24/12/28 19:42:59 INFO FileSourceStrategy: Pushed Filters:
[2024-12-28T19:42:59.526+0000] {spark_submit.py:634} INFO - 24/12/28 19:42:59 INFO FileSourceStrategy: Post-Scan Filters: (length(trim(value#6, None)) > 0)
[2024-12-28T19:42:59.564+0000] {spark_submit.py:634} INFO - 24/12/28 19:42:59 INFO CodeGenerator: Code generated in 13.598015 ms
[2024-12-28T19:42:59.579+0000] {spark_submit.py:634} INFO - 24/12/28 19:42:59 INFO MemoryStore: Block broadcast_1 stored as values in memory (estimated size 200.3 KiB, free 7.0 GiB)
[2024-12-28T19:42:59.588+0000] {spark_submit.py:634} INFO - 24/12/28 19:42:59 INFO MemoryStore: Block broadcast_1_piece0 stored as bytes in memory (estimated size 34.4 KiB, free 7.0 GiB)
[2024-12-28T19:42:59.589+0000] {spark_submit.py:634} INFO - 24/12/28 19:42:59 INFO BlockManagerInfo: Added broadcast_1_piece0 in memory on 471d7521a401:41263 (size: 34.4 KiB, free: 7.0 GiB)
[2024-12-28T19:42:59.590+0000] {spark_submit.py:634} INFO - 24/12/28 19:42:59 INFO SparkContext: Created broadcast 1 from csv at NativeMethodAccessorImpl.java:0
[2024-12-28T19:42:59.598+0000] {spark_submit.py:634} INFO - 24/12/28 19:42:59 INFO FileSourceScanExec: Planning scan with bin packing, max size: 4194304 bytes, open cost is considered as scanning 4194304 bytes.
[2024-12-28T19:42:59.630+0000] {spark_submit.py:634} INFO - 24/12/28 19:42:59 INFO SparkContext: Starting job: csv at NativeMethodAccessorImpl.java:0
[2024-12-28T19:42:59.631+0000] {spark_submit.py:634} INFO - 24/12/28 19:42:59 INFO DAGScheduler: Got job 1 (csv at NativeMethodAccessorImpl.java:0) with 1 output partitions
[2024-12-28T19:42:59.631+0000] {spark_submit.py:634} INFO - 24/12/28 19:42:59 INFO DAGScheduler: Final stage: ResultStage 1 (csv at NativeMethodAccessorImpl.java:0)
[2024-12-28T19:42:59.632+0000] {spark_submit.py:634} INFO - 24/12/28 19:42:59 INFO DAGScheduler: Parents of final stage: List()
[2024-12-28T19:42:59.632+0000] {spark_submit.py:634} INFO - 24/12/28 19:42:59 INFO DAGScheduler: Missing parents: List()
[2024-12-28T19:42:59.632+0000] {spark_submit.py:634} INFO - 24/12/28 19:42:59 INFO DAGScheduler: Submitting ResultStage 1 (MapPartitionsRDD[10] at csv at NativeMethodAccessorImpl.java:0), which has no missing parents
[2024-12-28T19:42:59.646+0000] {spark_submit.py:634} INFO - 24/12/28 19:42:59 INFO MemoryStore: Block broadcast_2 stored as values in memory (estimated size 13.5 KiB, free 7.0 GiB)
[2024-12-28T19:42:59.648+0000] {spark_submit.py:634} INFO - 24/12/28 19:42:59 INFO MemoryStore: Block broadcast_2_piece0 stored as bytes in memory (estimated size 6.4 KiB, free 7.0 GiB)
[2024-12-28T19:42:59.648+0000] {spark_submit.py:634} INFO - 24/12/28 19:42:59 INFO BlockManagerInfo: Added broadcast_2_piece0 in memory on 471d7521a401:41263 (size: 6.4 KiB, free: 7.0 GiB)
[2024-12-28T19:42:59.649+0000] {spark_submit.py:634} INFO - 24/12/28 19:42:59 INFO SparkContext: Created broadcast 2 from broadcast at DAGScheduler.scala:1585
[2024-12-28T19:42:59.650+0000] {spark_submit.py:634} INFO - 24/12/28 19:42:59 INFO DAGScheduler: Submitting 1 missing tasks from ResultStage 1 (MapPartitionsRDD[10] at csv at NativeMethodAccessorImpl.java:0) (first 15 tasks are for partitions Vector(0))
[2024-12-28T19:42:59.650+0000] {spark_submit.py:634} INFO - 24/12/28 19:42:59 INFO TaskSchedulerImpl: Adding task set 1.0 with 1 tasks resource profile 0
[2024-12-28T19:42:59.654+0000] {spark_submit.py:634} INFO - 24/12/28 19:42:59 INFO TaskSetManager: Starting task 0.0 in stage 1.0 (TID 2) (172.18.0.5, executor 0, partition 0, PROCESS_LOCAL, 9602 bytes)
[2024-12-28T19:42:59.675+0000] {spark_submit.py:634} INFO - 24/12/28 19:42:59 INFO BlockManagerInfo: Added broadcast_2_piece0 in memory on 172.18.0.5:33443 (size: 6.4 KiB, free: 7.0 GiB)
[2024-12-28T19:42:59.850+0000] {spark_submit.py:634} INFO - 24/12/28 19:42:59 INFO BlockManagerInfo: Added broadcast_1_piece0 in memory on 172.18.0.5:33443 (size: 34.4 KiB, free: 7.0 GiB)
[2024-12-28T19:42:59.924+0000] {spark_submit.py:634} INFO - 24/12/28 19:42:59 INFO TaskSetManager: Finished task 0.0 in stage 1.0 (TID 2) in 272 ms on 172.18.0.5 (executor 0) (1/1)
[2024-12-28T19:42:59.924+0000] {spark_submit.py:634} INFO - 24/12/28 19:42:59 INFO TaskSchedulerImpl: Removed TaskSet 1.0, whose tasks have all completed, from pool
[2024-12-28T19:42:59.925+0000] {spark_submit.py:634} INFO - 24/12/28 19:42:59 INFO DAGScheduler: ResultStage 1 (csv at NativeMethodAccessorImpl.java:0) finished in 0.290 s
[2024-12-28T19:42:59.925+0000] {spark_submit.py:634} INFO - 24/12/28 19:42:59 INFO DAGScheduler: Job 1 is finished. Cancelling potential speculative or zombie tasks for this job
[2024-12-28T19:42:59.926+0000] {spark_submit.py:634} INFO - 24/12/28 19:42:59 INFO TaskSchedulerImpl: Killing all running tasks in stage 1: Stage finished
[2024-12-28T19:42:59.926+0000] {spark_submit.py:634} INFO - 24/12/28 19:42:59 INFO DAGScheduler: Job 1 finished: csv at NativeMethodAccessorImpl.java:0, took 0.295898 s
[2024-12-28T19:42:59.945+0000] {spark_submit.py:634} INFO - 24/12/28 19:42:59 INFO CodeGenerator: Code generated in 10.303835 ms
[2024-12-28T19:42:59.972+0000] {spark_submit.py:634} INFO - 24/12/28 19:42:59 INFO FileSourceStrategy: Pushed Filters:
[2024-12-28T19:42:59.973+0000] {spark_submit.py:634} INFO - 24/12/28 19:42:59 INFO FileSourceStrategy: Post-Scan Filters:
[2024-12-28T19:42:59.980+0000] {spark_submit.py:634} INFO - 24/12/28 19:42:59 INFO MemoryStore: Block broadcast_3 stored as values in memory (estimated size 200.3 KiB, free 7.0 GiB)
[2024-12-28T19:42:59.989+0000] {spark_submit.py:634} INFO - 24/12/28 19:42:59 INFO MemoryStore: Block broadcast_3_piece0 stored as bytes in memory (estimated size 34.4 KiB, free 7.0 GiB)
[2024-12-28T19:42:59.989+0000] {spark_submit.py:634} INFO - 24/12/28 19:42:59 INFO BlockManagerInfo: Added broadcast_3_piece0 in memory on 471d7521a401:41263 (size: 34.4 KiB, free: 7.0 GiB)
[2024-12-28T19:42:59.990+0000] {spark_submit.py:634} INFO - 24/12/28 19:42:59 INFO SparkContext: Created broadcast 3 from csv at NativeMethodAccessorImpl.java:0
[2024-12-28T19:42:59.991+0000] {spark_submit.py:634} INFO - 24/12/28 19:42:59 INFO FileSourceScanExec: Planning scan with bin packing, max size: 4194304 bytes, open cost is considered as scanning 4194304 bytes.
[2024-12-28T19:43:00.023+0000] {spark_submit.py:634} INFO - 24/12/28 19:43:00 INFO SparkContext: Starting job: csv at NativeMethodAccessorImpl.java:0
[2024-12-28T19:43:00.025+0000] {spark_submit.py:634} INFO - 24/12/28 19:43:00 INFO DAGScheduler: Got job 2 (csv at NativeMethodAccessorImpl.java:0) with 1 output partitions
[2024-12-28T19:43:00.025+0000] {spark_submit.py:634} INFO - 24/12/28 19:43:00 INFO DAGScheduler: Final stage: ResultStage 2 (csv at NativeMethodAccessorImpl.java:0)
[2024-12-28T19:43:00.025+0000] {spark_submit.py:634} INFO - 24/12/28 19:43:00 INFO DAGScheduler: Parents of final stage: List()
[2024-12-28T19:43:00.025+0000] {spark_submit.py:634} INFO - 24/12/28 19:43:00 INFO DAGScheduler: Missing parents: List()
[2024-12-28T19:43:00.026+0000] {spark_submit.py:634} INFO - 24/12/28 19:43:00 INFO DAGScheduler: Submitting ResultStage 2 (MapPartitionsRDD[16] at csv at NativeMethodAccessorImpl.java:0), which has no missing parents
[2024-12-28T19:43:00.041+0000] {spark_submit.py:634} INFO - 24/12/28 19:43:00 INFO MemoryStore: Block broadcast_4 stored as values in memory (estimated size 27.7 KiB, free 7.0 GiB)
[2024-12-28T19:43:00.042+0000] {spark_submit.py:634} INFO - 24/12/28 19:43:00 INFO MemoryStore: Block broadcast_4_piece0 stored as bytes in memory (estimated size 12.7 KiB, free 7.0 GiB)
[2024-12-28T19:43:00.043+0000] {spark_submit.py:634} INFO - 24/12/28 19:43:00 INFO BlockManagerInfo: Added broadcast_4_piece0 in memory on 471d7521a401:41263 (size: 12.7 KiB, free: 7.0 GiB)
[2024-12-28T19:43:00.043+0000] {spark_submit.py:634} INFO - 24/12/28 19:43:00 INFO SparkContext: Created broadcast 4 from broadcast at DAGScheduler.scala:1585
[2024-12-28T19:43:00.044+0000] {spark_submit.py:634} INFO - 24/12/28 19:43:00 INFO DAGScheduler: Submitting 1 missing tasks from ResultStage 2 (MapPartitionsRDD[16] at csv at NativeMethodAccessorImpl.java:0) (first 15 tasks are for partitions Vector(0))
[2024-12-28T19:43:00.044+0000] {spark_submit.py:634} INFO - 24/12/28 19:43:00 INFO TaskSchedulerImpl: Adding task set 2.0 with 1 tasks resource profile 0
[2024-12-28T19:43:00.045+0000] {spark_submit.py:634} INFO - 24/12/28 19:43:00 INFO TaskSetManager: Starting task 0.0 in stage 2.0 (TID 3) (172.18.0.5, executor 0, partition 0, PROCESS_LOCAL, 9602 bytes)
[2024-12-28T19:43:00.059+0000] {spark_submit.py:634} INFO - 24/12/28 19:43:00 INFO BlockManagerInfo: Added broadcast_4_piece0 in memory on 172.18.0.5:33443 (size: 12.7 KiB, free: 7.0 GiB)
[2024-12-28T19:43:01.021+0000] {spark_submit.py:634} INFO - 24/12/28 19:43:01 INFO BlockManagerInfo: Added broadcast_3_piece0 in memory on 172.18.0.5:33443 (size: 34.4 KiB, free: 7.0 GiB)
[2024-12-28T19:43:01.074+0000] {spark_submit.py:634} INFO - 24/12/28 19:43:01 INFO TaskSetManager: Finished task 0.0 in stage 2.0 (TID 3) in 1029 ms on 172.18.0.5 (executor 0) (1/1)
[2024-12-28T19:43:01.074+0000] {spark_submit.py:634} INFO - 24/12/28 19:43:01 INFO TaskSchedulerImpl: Removed TaskSet 2.0, whose tasks have all completed, from pool
[2024-12-28T19:43:01.076+0000] {spark_submit.py:634} INFO - 24/12/28 19:43:01 INFO DAGScheduler: ResultStage 2 (csv at NativeMethodAccessorImpl.java:0) finished in 1.048 s
[2024-12-28T19:43:01.077+0000] {spark_submit.py:634} INFO - 24/12/28 19:43:01 INFO DAGScheduler: Job 2 is finished. Cancelling potential speculative or zombie tasks for this job
[2024-12-28T19:43:01.077+0000] {spark_submit.py:634} INFO - 24/12/28 19:43:01 INFO TaskSchedulerImpl: Killing all running tasks in stage 2: Stage finished
[2024-12-28T19:43:01.078+0000] {spark_submit.py:634} INFO - 24/12/28 19:43:01 INFO DAGScheduler: Job 2 finished: csv at NativeMethodAccessorImpl.java:0, took 1.053857 s
[2024-12-28T19:43:01.102+0000] {spark_submit.py:634} INFO - 24/12/28 19:43:01 INFO FileSourceStrategy: Pushed Filters:
[2024-12-28T19:43:01.102+0000] {spark_submit.py:634} INFO - 24/12/28 19:43:01 INFO FileSourceStrategy: Post-Scan Filters:
[2024-12-28T19:43:01.136+0000] {spark_submit.py:634} INFO - 24/12/28 19:43:01 INFO CodeGenerator: Code generated in 11.025553 ms
[2024-12-28T19:43:01.140+0000] {spark_submit.py:634} INFO - 24/12/28 19:43:01 INFO MemoryStore: Block broadcast_5 stored as values in memory (estimated size 200.2 KiB, free 7.0 GiB)
[2024-12-28T19:43:01.163+0000] {spark_submit.py:634} INFO - 24/12/28 19:43:01 INFO BlockManagerInfo: Removed broadcast_4_piece0 on 172.18.0.5:33443 in memory (size: 12.7 KiB, free: 7.0 GiB)
[2024-12-28T19:43:01.170+0000] {spark_submit.py:634} INFO - 24/12/28 19:43:01 INFO BlockManagerInfo: Removed broadcast_4_piece0 on 471d7521a401:41263 in memory (size: 12.7 KiB, free: 7.0 GiB)
[2024-12-28T19:43:01.170+0000] {spark_submit.py:634} INFO - 24/12/28 19:43:01 INFO MemoryStore: Block broadcast_5_piece0 stored as bytes in memory (estimated size 34.4 KiB, free 7.0 GiB)
[2024-12-28T19:43:01.171+0000] {spark_submit.py:634} INFO - 24/12/28 19:43:01 INFO BlockManagerInfo: Added broadcast_5_piece0 in memory on 471d7521a401:41263 (size: 34.4 KiB, free: 7.0 GiB)
[2024-12-28T19:43:01.172+0000] {spark_submit.py:634} INFO - 24/12/28 19:43:01 INFO SparkContext: Created broadcast 5 from showString at NativeMethodAccessorImpl.java:0
[2024-12-28T19:43:01.177+0000] {spark_submit.py:634} INFO - 24/12/28 19:43:01 INFO FileSourceScanExec: Planning scan with bin packing, max size: 4194304 bytes, open cost is considered as scanning 4194304 bytes.
[2024-12-28T19:43:01.178+0000] {spark_submit.py:634} INFO - 24/12/28 19:43:01 INFO BlockManagerInfo: Removed broadcast_2_piece0 on 471d7521a401:41263 in memory (size: 6.4 KiB, free: 7.0 GiB)
[2024-12-28T19:43:01.184+0000] {spark_submit.py:634} INFO - 24/12/28 19:43:01 INFO BlockManagerInfo: Removed broadcast_2_piece0 on 172.18.0.5:33443 in memory (size: 6.4 KiB, free: 7.0 GiB)
[2024-12-28T19:43:01.186+0000] {spark_submit.py:634} INFO - 24/12/28 19:43:01 INFO SparkContext: Starting job: showString at NativeMethodAccessorImpl.java:0
[2024-12-28T19:43:01.187+0000] {spark_submit.py:634} INFO - 24/12/28 19:43:01 INFO DAGScheduler: Got job 3 (showString at NativeMethodAccessorImpl.java:0) with 1 output partitions
[2024-12-28T19:43:01.187+0000] {spark_submit.py:634} INFO - 24/12/28 19:43:01 INFO DAGScheduler: Final stage: ResultStage 3 (showString at NativeMethodAccessorImpl.java:0)
[2024-12-28T19:43:01.188+0000] {spark_submit.py:634} INFO - 24/12/28 19:43:01 INFO DAGScheduler: Parents of final stage: List()
[2024-12-28T19:43:01.188+0000] {spark_submit.py:634} INFO - 24/12/28 19:43:01 INFO DAGScheduler: Missing parents: List()
[2024-12-28T19:43:01.188+0000] {spark_submit.py:634} INFO - 24/12/28 19:43:01 INFO DAGScheduler: Submitting ResultStage 3 (MapPartitionsRDD[20] at showString at NativeMethodAccessorImpl.java:0), which has no missing parents
[2024-12-28T19:43:01.192+0000] {spark_submit.py:634} INFO - 24/12/28 19:43:01 INFO MemoryStore: Block broadcast_6 stored as values in memory (estimated size 15.2 KiB, free 7.0 GiB)
[2024-12-28T19:43:01.192+0000] {spark_submit.py:634} INFO - 24/12/28 19:43:01 INFO BlockManagerInfo: Removed broadcast_1_piece0 on 471d7521a401:41263 in memory (size: 34.4 KiB, free: 7.0 GiB)
[2024-12-28T19:43:01.194+0000] {spark_submit.py:634} INFO - 24/12/28 19:43:01 INFO MemoryStore: Block broadcast_6_piece0 stored as bytes in memory (estimated size 7.5 KiB, free 7.0 GiB)
[2024-12-28T19:43:01.194+0000] {spark_submit.py:634} INFO - 24/12/28 19:43:01 INFO BlockManagerInfo: Added broadcast_6_piece0 in memory on 471d7521a401:41263 (size: 7.5 KiB, free: 7.0 GiB)
[2024-12-28T19:43:01.194+0000] {spark_submit.py:634} INFO - 24/12/28 19:43:01 INFO SparkContext: Created broadcast 6 from broadcast at DAGScheduler.scala:1585
[2024-12-28T19:43:01.195+0000] {spark_submit.py:634} INFO - 24/12/28 19:43:01 INFO DAGScheduler: Submitting 1 missing tasks from ResultStage 3 (MapPartitionsRDD[20] at showString at NativeMethodAccessorImpl.java:0) (first 15 tasks are for partitions Vector(0))
[2024-12-28T19:43:01.195+0000] {spark_submit.py:634} INFO - 24/12/28 19:43:01 INFO TaskSchedulerImpl: Adding task set 3.0 with 1 tasks resource profile 0
[2024-12-28T19:43:01.196+0000] {spark_submit.py:634} INFO - 24/12/28 19:43:01 INFO TaskSetManager: Starting task 0.0 in stage 3.0 (TID 4) (172.18.0.5, executor 0, partition 0, PROCESS_LOCAL, 9602 bytes)
[2024-12-28T19:43:01.200+0000] {spark_submit.py:634} INFO - 24/12/28 19:43:01 INFO BlockManagerInfo: Removed broadcast_1_piece0 on 172.18.0.5:33443 in memory (size: 34.4 KiB, free: 7.0 GiB)
[2024-12-28T19:43:01.208+0000] {spark_submit.py:634} INFO - 24/12/28 19:43:01 INFO BlockManagerInfo: Removed broadcast_3_piece0 on 471d7521a401:41263 in memory (size: 34.4 KiB, free: 7.0 GiB)
[2024-12-28T19:43:01.210+0000] {spark_submit.py:634} INFO - 24/12/28 19:43:01 INFO BlockManagerInfo: Removed broadcast_3_piece0 on 172.18.0.5:33443 in memory (size: 34.4 KiB, free: 7.0 GiB)
[2024-12-28T19:43:01.215+0000] {spark_submit.py:634} INFO - 24/12/28 19:43:01 INFO BlockManagerInfo: Added broadcast_6_piece0 in memory on 172.18.0.5:33443 (size: 7.5 KiB, free: 7.0 GiB)
[2024-12-28T19:43:01.256+0000] {spark_submit.py:634} INFO - 24/12/28 19:43:01 INFO BlockManagerInfo: Added broadcast_5_piece0 in memory on 172.18.0.5:33443 (size: 34.4 KiB, free: 7.0 GiB)
[2024-12-28T19:43:01.310+0000] {spark_submit.py:634} INFO - 24/12/28 19:43:01 INFO TaskSetManager: Finished task 0.0 in stage 3.0 (TID 4) in 113 ms on 172.18.0.5 (executor 0) (1/1)
[2024-12-28T19:43:01.311+0000] {spark_submit.py:634} INFO - 24/12/28 19:43:01 INFO TaskSchedulerImpl: Removed TaskSet 3.0, whose tasks have all completed, from pool
[2024-12-28T19:43:01.317+0000] {spark_submit.py:634} INFO - 24/12/28 19:43:01 INFO DAGScheduler: ResultStage 3 (showString at NativeMethodAccessorImpl.java:0) finished in 0.124 s
[2024-12-28T19:43:01.318+0000] {spark_submit.py:634} INFO - 24/12/28 19:43:01 INFO DAGScheduler: Job 3 is finished. Cancelling potential speculative or zombie tasks for this job
[2024-12-28T19:43:01.318+0000] {spark_submit.py:634} INFO - 24/12/28 19:43:01 INFO TaskSchedulerImpl: Killing all running tasks in stage 3: Stage finished
[2024-12-28T19:43:01.318+0000] {spark_submit.py:634} INFO - 24/12/28 19:43:01 INFO DAGScheduler: Job 3 finished: showString at NativeMethodAccessorImpl.java:0, took 0.128288 s
[2024-12-28T19:43:01.331+0000] {spark_submit.py:634} INFO - 24/12/28 19:43:01 INFO CodeGenerator: Code generated in 10.168857 ms
[2024-12-28T19:43:01.335+0000] {spark_submit.py:634} INFO - +-------+-----+
[2024-12-28T19:43:01.336+0000] {spark_submit.py:634} INFO - |   Name|Value|
[2024-12-28T19:43:01.336+0000] {spark_submit.py:634} INFO - +-------+-----+
[2024-12-28T19:43:01.336+0000] {spark_submit.py:634} INFO - |  Alice|    1|
[2024-12-28T19:43:01.336+0000] {spark_submit.py:634} INFO - |    Bob|    2|
[2024-12-28T19:43:01.337+0000] {spark_submit.py:634} INFO - |Charlie|    3|
[2024-12-28T19:43:01.337+0000] {spark_submit.py:634} INFO - +-------+-----+
[2024-12-28T19:43:01.337+0000] {spark_submit.py:634} INFO - 
[2024-12-28T19:43:01.351+0000] {spark_submit.py:634} INFO - 24/12/28 19:43:01 INFO FileSourceStrategy: Pushed Filters:
[2024-12-28T19:43:01.351+0000] {spark_submit.py:634} INFO - 24/12/28 19:43:01 INFO FileSourceStrategy: Post-Scan Filters:
[2024-12-28T19:43:01.365+0000] {spark_submit.py:634} INFO - 24/12/28 19:43:01 INFO MemoryStore: Block broadcast_7 stored as values in memory (estimated size 200.2 KiB, free 7.0 GiB)
[2024-12-28T19:43:01.377+0000] {spark_submit.py:634} INFO - 24/12/28 19:43:01 INFO MemoryStore: Block broadcast_7_piece0 stored as bytes in memory (estimated size 34.4 KiB, free 7.0 GiB)
[2024-12-28T19:43:01.377+0000] {spark_submit.py:634} INFO - 24/12/28 19:43:01 INFO BlockManagerInfo: Added broadcast_7_piece0 in memory on 471d7521a401:41263 (size: 34.4 KiB, free: 7.0 GiB)
[2024-12-28T19:43:01.377+0000] {spark_submit.py:634} INFO - 24/12/28 19:43:01 INFO SparkContext: Created broadcast 7 from showString at NativeMethodAccessorImpl.java:0
[2024-12-28T19:43:01.378+0000] {spark_submit.py:634} INFO - 24/12/28 19:43:01 INFO FileSourceScanExec: Planning scan with bin packing, max size: 4194304 bytes, open cost is considered as scanning 4194304 bytes.
[2024-12-28T19:43:01.385+0000] {spark_submit.py:634} INFO - 24/12/28 19:43:01 INFO SparkContext: Starting job: showString at NativeMethodAccessorImpl.java:0
[2024-12-28T19:43:01.386+0000] {spark_submit.py:634} INFO - 24/12/28 19:43:01 INFO DAGScheduler: Got job 4 (showString at NativeMethodAccessorImpl.java:0) with 1 output partitions
[2024-12-28T19:43:01.386+0000] {spark_submit.py:634} INFO - 24/12/28 19:43:01 INFO DAGScheduler: Final stage: ResultStage 4 (showString at NativeMethodAccessorImpl.java:0)
[2024-12-28T19:43:01.386+0000] {spark_submit.py:634} INFO - 24/12/28 19:43:01 INFO DAGScheduler: Parents of final stage: List()
[2024-12-28T19:43:01.387+0000] {spark_submit.py:634} INFO - 24/12/28 19:43:01 INFO DAGScheduler: Missing parents: List()
[2024-12-28T19:43:01.387+0000] {spark_submit.py:634} INFO - 24/12/28 19:43:01 INFO DAGScheduler: Submitting ResultStage 4 (MapPartitionsRDD[24] at showString at NativeMethodAccessorImpl.java:0), which has no missing parents
[2024-12-28T19:43:01.389+0000] {spark_submit.py:634} INFO - 24/12/28 19:43:01 INFO MemoryStore: Block broadcast_8 stored as values in memory (estimated size 15.2 KiB, free 7.0 GiB)
[2024-12-28T19:43:01.390+0000] {spark_submit.py:634} INFO - 24/12/28 19:43:01 INFO MemoryStore: Block broadcast_8_piece0 stored as bytes in memory (estimated size 7.5 KiB, free 7.0 GiB)
[2024-12-28T19:43:01.391+0000] {spark_submit.py:634} INFO - 24/12/28 19:43:01 INFO BlockManagerInfo: Added broadcast_8_piece0 in memory on 471d7521a401:41263 (size: 7.5 KiB, free: 7.0 GiB)
[2024-12-28T19:43:01.391+0000] {spark_submit.py:634} INFO - 24/12/28 19:43:01 INFO SparkContext: Created broadcast 8 from broadcast at DAGScheduler.scala:1585
[2024-12-28T19:43:01.392+0000] {spark_submit.py:634} INFO - 24/12/28 19:43:01 INFO DAGScheduler: Submitting 1 missing tasks from ResultStage 4 (MapPartitionsRDD[24] at showString at NativeMethodAccessorImpl.java:0) (first 15 tasks are for partitions Vector(0))
[2024-12-28T19:43:01.392+0000] {spark_submit.py:634} INFO - 24/12/28 19:43:01 INFO TaskSchedulerImpl: Adding task set 4.0 with 1 tasks resource profile 0
[2024-12-28T19:43:01.396+0000] {spark_submit.py:634} INFO - 24/12/28 19:43:01 INFO TaskSetManager: Starting task 0.0 in stage 4.0 (TID 5) (172.18.0.5, executor 0, partition 0, PROCESS_LOCAL, 9602 bytes)
[2024-12-28T19:43:01.409+0000] {spark_submit.py:634} INFO - 24/12/28 19:43:01 INFO BlockManagerInfo: Added broadcast_8_piece0 in memory on 172.18.0.5:33443 (size: 7.5 KiB, free: 7.0 GiB)
[2024-12-28T19:43:01.434+0000] {spark_submit.py:634} INFO - 24/12/28 19:43:01 INFO BlockManagerInfo: Added broadcast_7_piece0 in memory on 172.18.0.5:33443 (size: 34.4 KiB, free: 7.0 GiB)
[2024-12-28T19:43:01.461+0000] {spark_submit.py:634} INFO - 24/12/28 19:43:01 INFO TaskSetManager: Finished task 0.0 in stage 4.0 (TID 5) in 67 ms on 172.18.0.5 (executor 0) (1/1)
[2024-12-28T19:43:01.461+0000] {spark_submit.py:634} INFO - 24/12/28 19:43:01 INFO TaskSchedulerImpl: Removed TaskSet 4.0, whose tasks have all completed, from pool
[2024-12-28T19:43:01.463+0000] {spark_submit.py:634} INFO - 24/12/28 19:43:01 INFO DAGScheduler: ResultStage 4 (showString at NativeMethodAccessorImpl.java:0) finished in 0.074 s
[2024-12-28T19:43:01.464+0000] {spark_submit.py:634} INFO - 24/12/28 19:43:01 INFO DAGScheduler: Job 4 is finished. Cancelling potential speculative or zombie tasks for this job
[2024-12-28T19:43:01.464+0000] {spark_submit.py:634} INFO - 24/12/28 19:43:01 INFO TaskSchedulerImpl: Killing all running tasks in stage 4: Stage finished
[2024-12-28T19:43:01.469+0000] {spark_submit.py:634} INFO - 24/12/28 19:43:01 INFO DAGScheduler: Job 4 finished: showString at NativeMethodAccessorImpl.java:0, took 0.079162 s
[2024-12-28T19:43:01.477+0000] {spark_submit.py:634} INFO - +-------+-----+
[2024-12-28T19:43:01.477+0000] {spark_submit.py:634} INFO - |   Name|Value|
[2024-12-28T19:43:01.477+0000] {spark_submit.py:634} INFO - +-------+-----+
[2024-12-28T19:43:01.478+0000] {spark_submit.py:634} INFO - |  Alice|    1|
[2024-12-28T19:43:01.478+0000] {spark_submit.py:634} INFO - |    Bob|    2|
[2024-12-28T19:43:01.478+0000] {spark_submit.py:634} INFO - |Charlie|    3|
[2024-12-28T19:43:01.478+0000] {spark_submit.py:634} INFO - +-------+-----+
[2024-12-28T19:43:01.478+0000] {spark_submit.py:634} INFO - 
[2024-12-28T19:43:01.729+0000] {spark_submit.py:634} INFO - 24/12/28 19:43:01 INFO FileSourceStrategy: Pushed Filters:
[2024-12-28T19:43:01.729+0000] {spark_submit.py:634} INFO - 24/12/28 19:43:01 INFO FileSourceStrategy: Post-Scan Filters:
[2024-12-28T19:43:01.737+0000] {spark_submit.py:634} INFO - 24/12/28 19:43:01 INFO MemoryStore: Block broadcast_9 stored as values in memory (estimated size 200.2 KiB, free 7.0 GiB)
[2024-12-28T19:43:01.767+0000] {spark_submit.py:634} INFO - 24/12/28 19:43:01 INFO MemoryStore: Block broadcast_9_piece0 stored as bytes in memory (estimated size 34.4 KiB, free 7.0 GiB)
[2024-12-28T19:43:01.770+0000] {spark_submit.py:634} INFO - 24/12/28 19:43:01 INFO BlockManagerInfo: Added broadcast_9_piece0 in memory on 471d7521a401:41263 (size: 34.4 KiB, free: 7.0 GiB)
[2024-12-28T19:43:01.771+0000] {spark_submit.py:634} INFO - 24/12/28 19:43:01 INFO BlockManagerInfo: Removed broadcast_7_piece0 on 471d7521a401:41263 in memory (size: 34.4 KiB, free: 7.0 GiB)
[2024-12-28T19:43:01.771+0000] {spark_submit.py:634} INFO - 24/12/28 19:43:01 INFO SparkContext: Created broadcast 9 from toPandas at /opt/***/dags/spark_app/spark_1.py:16
[2024-12-28T19:43:01.771+0000] {spark_submit.py:634} INFO - 24/12/28 19:43:01 INFO BlockManagerInfo: Removed broadcast_7_piece0 on 172.18.0.5:33443 in memory (size: 34.4 KiB, free: 7.0 GiB)
[2024-12-28T19:43:01.771+0000] {spark_submit.py:634} INFO - 24/12/28 19:43:01 INFO FileSourceScanExec: Planning scan with bin packing, max size: 4194304 bytes, open cost is considered as scanning 4194304 bytes.
[2024-12-28T19:43:01.782+0000] {spark_submit.py:634} INFO - 24/12/28 19:43:01 INFO SparkContext: Starting job: toPandas at /opt/***/dags/spark_app/spark_1.py:16
[2024-12-28T19:43:01.784+0000] {spark_submit.py:634} INFO - 24/12/28 19:43:01 INFO DAGScheduler: Got job 5 (toPandas at /opt/***/dags/spark_app/spark_1.py:16) with 1 output partitions
[2024-12-28T19:43:01.784+0000] {spark_submit.py:634} INFO - 24/12/28 19:43:01 INFO DAGScheduler: Final stage: ResultStage 5 (toPandas at /opt/***/dags/spark_app/spark_1.py:16)
[2024-12-28T19:43:01.784+0000] {spark_submit.py:634} INFO - 24/12/28 19:43:01 INFO DAGScheduler: Parents of final stage: List()
[2024-12-28T19:43:01.785+0000] {spark_submit.py:634} INFO - 24/12/28 19:43:01 INFO DAGScheduler: Missing parents: List()
[2024-12-28T19:43:01.789+0000] {spark_submit.py:634} INFO - 24/12/28 19:43:01 INFO DAGScheduler: Submitting ResultStage 5 (MapPartitionsRDD[27] at toPandas at /opt/***/dags/spark_app/spark_1.py:16), which has no missing parents
[2024-12-28T19:43:01.791+0000] {spark_submit.py:634} INFO - 24/12/28 19:43:01 INFO MemoryStore: Block broadcast_10 stored as values in memory (estimated size 11.8 KiB, free 7.0 GiB)
[2024-12-28T19:43:01.792+0000] {spark_submit.py:634} INFO - 24/12/28 19:43:01 INFO MemoryStore: Block broadcast_10_piece0 stored as bytes in memory (estimated size 6.2 KiB, free 7.0 GiB)
[2024-12-28T19:43:01.793+0000] {spark_submit.py:634} INFO - 24/12/28 19:43:01 INFO BlockManagerInfo: Added broadcast_10_piece0 in memory on 471d7521a401:41263 (size: 6.2 KiB, free: 7.0 GiB)
[2024-12-28T19:43:01.794+0000] {spark_submit.py:634} INFO - 24/12/28 19:43:01 INFO SparkContext: Created broadcast 10 from broadcast at DAGScheduler.scala:1585
[2024-12-28T19:43:01.795+0000] {spark_submit.py:634} INFO - 24/12/28 19:43:01 INFO DAGScheduler: Submitting 1 missing tasks from ResultStage 5 (MapPartitionsRDD[27] at toPandas at /opt/***/dags/spark_app/spark_1.py:16) (first 15 tasks are for partitions Vector(0))
[2024-12-28T19:43:01.796+0000] {spark_submit.py:634} INFO - 24/12/28 19:43:01 INFO TaskSchedulerImpl: Adding task set 5.0 with 1 tasks resource profile 0
[2024-12-28T19:43:01.802+0000] {spark_submit.py:634} INFO - 24/12/28 19:43:01 INFO BlockManagerInfo: Removed broadcast_5_piece0 on 172.18.0.5:33443 in memory (size: 34.4 KiB, free: 7.0 GiB)
[2024-12-28T19:43:01.805+0000] {spark_submit.py:634} INFO - 24/12/28 19:43:01 INFO BlockManagerInfo: Removed broadcast_5_piece0 on 471d7521a401:41263 in memory (size: 34.4 KiB, free: 7.0 GiB)
[2024-12-28T19:43:01.806+0000] {spark_submit.py:634} INFO - 24/12/28 19:43:01 INFO TaskSetManager: Starting task 0.0 in stage 5.0 (TID 6) (172.18.0.5, executor 0, partition 0, PROCESS_LOCAL, 9602 bytes)
[2024-12-28T19:43:01.830+0000] {spark_submit.py:634} INFO - 24/12/28 19:43:01 INFO BlockManagerInfo: Added broadcast_10_piece0 in memory on 172.18.0.5:33443 (size: 6.2 KiB, free: 7.0 GiB)
[2024-12-28T19:43:01.831+0000] {spark_submit.py:634} INFO - 24/12/28 19:43:01 INFO BlockManagerInfo: Removed broadcast_6_piece0 on 471d7521a401:41263 in memory (size: 7.5 KiB, free: 7.0 GiB)
[2024-12-28T19:43:01.839+0000] {spark_submit.py:634} INFO - 24/12/28 19:43:01 INFO BlockManagerInfo: Removed broadcast_6_piece0 on 172.18.0.5:33443 in memory (size: 7.5 KiB, free: 7.0 GiB)
[2024-12-28T19:43:01.872+0000] {spark_submit.py:634} INFO - 24/12/28 19:43:01 INFO BlockManagerInfo: Added broadcast_9_piece0 in memory on 172.18.0.5:33443 (size: 34.4 KiB, free: 7.0 GiB)
[2024-12-28T19:43:01.874+0000] {spark_submit.py:634} INFO - 24/12/28 19:43:01 INFO BlockManagerInfo: Removed broadcast_8_piece0 on 471d7521a401:41263 in memory (size: 7.5 KiB, free: 7.0 GiB)
[2024-12-28T19:43:01.875+0000] {spark_submit.py:634} INFO - 24/12/28 19:43:01 INFO BlockManagerInfo: Removed broadcast_8_piece0 on 172.18.0.5:33443 in memory (size: 7.5 KiB, free: 7.0 GiB)
[2024-12-28T19:43:01.922+0000] {spark_submit.py:634} INFO - 24/12/28 19:43:01 INFO TaskSetManager: Finished task 0.0 in stage 5.0 (TID 6) in 116 ms on 172.18.0.5 (executor 0) (1/1)
[2024-12-28T19:43:01.922+0000] {spark_submit.py:634} INFO - 24/12/28 19:43:01 INFO TaskSchedulerImpl: Removed TaskSet 5.0, whose tasks have all completed, from pool
[2024-12-28T19:43:01.928+0000] {spark_submit.py:634} INFO - 24/12/28 19:43:01 INFO DAGScheduler: ResultStage 5 (toPandas at /opt/***/dags/spark_app/spark_1.py:16) finished in 0.134 s
[2024-12-28T19:43:01.928+0000] {spark_submit.py:634} INFO - 24/12/28 19:43:01 INFO DAGScheduler: Job 5 is finished. Cancelling potential speculative or zombie tasks for this job
[2024-12-28T19:43:01.928+0000] {spark_submit.py:634} INFO - 24/12/28 19:43:01 INFO TaskSchedulerImpl: Killing all running tasks in stage 5: Stage finished
[2024-12-28T19:43:01.944+0000] {spark_submit.py:634} INFO - 24/12/28 19:43:01 INFO DAGScheduler: Job 5 finished: toPandas at /opt/***/dags/spark_app/spark_1.py:16, took 0.146414 s
[2024-12-28T19:43:01.990+0000] {spark_submit.py:634} INFO - 24/12/28 19:43:01 INFO SparkContext: SparkContext is stopping with exitCode 0.
[2024-12-28T19:43:01.999+0000] {spark_submit.py:634} INFO - 24/12/28 19:43:01 INFO SparkUI: Stopped Spark web UI at http://471d7521a401:4040
[2024-12-28T19:43:02.006+0000] {spark_submit.py:634} INFO - 24/12/28 19:43:02 INFO StandaloneSchedulerBackend: Shutting down all executors
[2024-12-28T19:43:02.016+0000] {spark_submit.py:634} INFO - 24/12/28 19:43:02 INFO StandaloneSchedulerBackend$StandaloneDriverEndpoint: Asking each executor to shut down
[2024-12-28T19:43:02.063+0000] {spark_submit.py:634} INFO - 24/12/28 19:43:02 INFO MapOutputTrackerMasterEndpoint: MapOutputTrackerMasterEndpoint stopped!
[2024-12-28T19:43:02.077+0000] {spark_submit.py:634} INFO - 24/12/28 19:43:02 INFO MemoryStore: MemoryStore cleared
[2024-12-28T19:43:02.077+0000] {spark_submit.py:634} INFO - 24/12/28 19:43:02 INFO BlockManager: BlockManager stopped
[2024-12-28T19:43:02.090+0000] {spark_submit.py:634} INFO - 24/12/28 19:43:02 INFO BlockManagerMaster: BlockManagerMaster stopped
[2024-12-28T19:43:02.091+0000] {spark_submit.py:634} INFO - 24/12/28 19:43:02 INFO OutputCommitCoordinator$OutputCommitCoordinatorEndpoint: OutputCommitCoordinator stopped!
[2024-12-28T19:43:02.107+0000] {spark_submit.py:634} INFO - 24/12/28 19:43:02 INFO SparkContext: Successfully stopped SparkContext
[2024-12-28T19:43:02.658+0000] {spark_submit.py:634} INFO - 24/12/28 19:43:02 INFO ShutdownHookManager: Shutdown hook called
[2024-12-28T19:43:02.658+0000] {spark_submit.py:634} INFO - 24/12/28 19:43:02 INFO ShutdownHookManager: Deleting directory /tmp/spark-c9ae86f7-92e1-404c-9cf0-3f502379cd0e/pyspark-87ec6c0b-dba9-4e64-bf82-f0da926bef7e
[2024-12-28T19:43:02.662+0000] {spark_submit.py:634} INFO - 24/12/28 19:43:02 INFO ShutdownHookManager: Deleting directory /tmp/spark-00b5eb2f-21e6-4b2d-b564-56d5d0ee7125
[2024-12-28T19:43:02.665+0000] {spark_submit.py:634} INFO - 24/12/28 19:43:02 INFO ShutdownHookManager: Deleting directory /tmp/spark-c9ae86f7-92e1-404c-9cf0-3f502379cd0e
[2024-12-28T19:43:02.702+0000] {taskinstance.py:340} INFO - ::group::Post task execution logs
[2024-12-28T19:43:02.703+0000] {taskinstance.py:352} INFO - Marking task as SUCCESS. dag_id=spark_clickhouse_example, task_id=spark_submit_job, run_id=manual__2024-12-28T19:42:43.067077+00:00, execution_date=20241228T194243, start_date=20241228T194249, end_date=20241228T194302
[2024-12-28T19:43:02.743+0000] {local_task_job_runner.py:266} INFO - Task exited with return code 0
[2024-12-28T19:43:02.764+0000] {taskinstance.py:3895} INFO - 1 downstream tasks scheduled from follow-on schedule check
[2024-12-28T19:43:02.765+0000] {local_task_job_runner.py:245} INFO - ::endgroup::
