[2025-02-14T20:58:25.040+0000] {processor.py:186} INFO - Started process (PID=32) to work on /opt/airflow/dags/spark_example.py
[2025-02-14T20:58:25.041+0000] {processor.py:914} INFO - Processing file /opt/airflow/dags/spark_example.py for tasks to queue
[2025-02-14T20:58:25.043+0000] {logging_mixin.py:190} INFO - [2025-02-14T20:58:25.043+0000] {dagbag.py:588} INFO - Filling up the DagBag from /opt/airflow/dags/spark_example.py
[2025-02-14T20:58:25.073+0000] {processor.py:925} INFO - DAG(s) 'spark_example' retrieved from /opt/airflow/dags/spark_example.py
[2025-02-14T20:58:25.107+0000] {logging_mixin.py:190} INFO - [2025-02-14T20:58:25.107+0000] {dag.py:3239} INFO - Sync 1 DAGs
[2025-02-14T20:58:25.133+0000] {logging_mixin.py:190} INFO - [2025-02-14T20:58:25.133+0000] {dag.py:4180} INFO - Setting next_dagrun for spark_example to None, run_after=None
[2025-02-14T20:58:25.166+0000] {processor.py:208} INFO - Processing /opt/airflow/dags/spark_example.py took 0.132 seconds
[2025-02-14T20:58:55.801+0000] {processor.py:186} INFO - Started process (PID=40) to work on /opt/airflow/dags/spark_example.py
[2025-02-14T20:58:55.802+0000] {processor.py:914} INFO - Processing file /opt/airflow/dags/spark_example.py for tasks to queue
[2025-02-14T20:58:55.804+0000] {logging_mixin.py:190} INFO - [2025-02-14T20:58:55.804+0000] {dagbag.py:588} INFO - Filling up the DagBag from /opt/airflow/dags/spark_example.py
[2025-02-14T20:58:55.811+0000] {processor.py:925} INFO - DAG(s) 'spark_example' retrieved from /opt/airflow/dags/spark_example.py
[2025-02-14T20:58:55.847+0000] {logging_mixin.py:190} INFO - [2025-02-14T20:58:55.847+0000] {dag.py:3239} INFO - Sync 1 DAGs
[2025-02-14T20:58:55.864+0000] {logging_mixin.py:190} INFO - [2025-02-14T20:58:55.864+0000] {dag.py:4180} INFO - Setting next_dagrun for spark_example to None, run_after=None
[2025-02-14T20:58:55.891+0000] {processor.py:208} INFO - Processing /opt/airflow/dags/spark_example.py took 0.094 seconds
[2025-02-14T20:59:26.274+0000] {processor.py:186} INFO - Started process (PID=48) to work on /opt/airflow/dags/spark_example.py
[2025-02-14T20:59:26.281+0000] {processor.py:914} INFO - Processing file /opt/airflow/dags/spark_example.py for tasks to queue
[2025-02-14T20:59:26.283+0000] {logging_mixin.py:190} INFO - [2025-02-14T20:59:26.282+0000] {dagbag.py:588} INFO - Filling up the DagBag from /opt/airflow/dags/spark_example.py
[2025-02-14T20:59:26.288+0000] {processor.py:925} INFO - DAG(s) 'spark_example' retrieved from /opt/airflow/dags/spark_example.py
[2025-02-14T20:59:26.308+0000] {logging_mixin.py:190} INFO - [2025-02-14T20:59:26.308+0000] {dag.py:3239} INFO - Sync 1 DAGs
[2025-02-14T20:59:26.320+0000] {logging_mixin.py:190} INFO - [2025-02-14T20:59:26.320+0000] {dag.py:4180} INFO - Setting next_dagrun for spark_example to None, run_after=None
[2025-02-14T20:59:26.335+0000] {processor.py:208} INFO - Processing /opt/airflow/dags/spark_example.py took 0.066 seconds
[2025-02-14T20:59:56.767+0000] {processor.py:186} INFO - Started process (PID=57) to work on /opt/airflow/dags/spark_example.py
[2025-02-14T20:59:56.772+0000] {processor.py:914} INFO - Processing file /opt/airflow/dags/spark_example.py for tasks to queue
[2025-02-14T20:59:56.774+0000] {logging_mixin.py:190} INFO - [2025-02-14T20:59:56.774+0000] {dagbag.py:588} INFO - Filling up the DagBag from /opt/airflow/dags/spark_example.py
[2025-02-14T20:59:56.780+0000] {processor.py:925} INFO - DAG(s) 'spark_example' retrieved from /opt/airflow/dags/spark_example.py
[2025-02-14T20:59:56.805+0000] {logging_mixin.py:190} INFO - [2025-02-14T20:59:56.805+0000] {dag.py:3239} INFO - Sync 1 DAGs
[2025-02-14T20:59:56.821+0000] {logging_mixin.py:190} INFO - [2025-02-14T20:59:56.820+0000] {dag.py:4180} INFO - Setting next_dagrun for spark_example to None, run_after=None
[2025-02-14T20:59:56.839+0000] {processor.py:208} INFO - Processing /opt/airflow/dags/spark_example.py took 0.077 seconds
[2025-02-14T21:00:27.268+0000] {processor.py:186} INFO - Started process (PID=66) to work on /opt/airflow/dags/spark_example.py
[2025-02-14T21:00:27.269+0000] {processor.py:914} INFO - Processing file /opt/airflow/dags/spark_example.py for tasks to queue
[2025-02-14T21:00:27.271+0000] {logging_mixin.py:190} INFO - [2025-02-14T21:00:27.270+0000] {dagbag.py:588} INFO - Filling up the DagBag from /opt/airflow/dags/spark_example.py
[2025-02-14T21:00:27.276+0000] {processor.py:925} INFO - DAG(s) 'spark_example' retrieved from /opt/airflow/dags/spark_example.py
[2025-02-14T21:00:27.300+0000] {logging_mixin.py:190} INFO - [2025-02-14T21:00:27.300+0000] {dag.py:3239} INFO - Sync 1 DAGs
[2025-02-14T21:00:27.438+0000] {logging_mixin.py:190} INFO - [2025-02-14T21:00:27.438+0000] {dag.py:4180} INFO - Setting next_dagrun for spark_example to None, run_after=None
[2025-02-14T21:00:27.456+0000] {processor.py:208} INFO - Processing /opt/airflow/dags/spark_example.py took 0.193 seconds
[2025-02-14T21:00:57.758+0000] {processor.py:186} INFO - Started process (PID=75) to work on /opt/airflow/dags/spark_example.py
[2025-02-14T21:00:57.759+0000] {processor.py:914} INFO - Processing file /opt/airflow/dags/spark_example.py for tasks to queue
[2025-02-14T21:00:57.761+0000] {logging_mixin.py:190} INFO - [2025-02-14T21:00:57.760+0000] {dagbag.py:588} INFO - Filling up the DagBag from /opt/airflow/dags/spark_example.py
[2025-02-14T21:00:57.766+0000] {processor.py:925} INFO - DAG(s) 'spark_example' retrieved from /opt/airflow/dags/spark_example.py
[2025-02-14T21:00:57.917+0000] {logging_mixin.py:190} INFO - [2025-02-14T21:00:57.916+0000] {dag.py:3239} INFO - Sync 1 DAGs
[2025-02-14T21:00:57.928+0000] {logging_mixin.py:190} INFO - [2025-02-14T21:00:57.928+0000] {dag.py:4180} INFO - Setting next_dagrun for spark_example to None, run_after=None
[2025-02-14T21:00:57.942+0000] {processor.py:208} INFO - Processing /opt/airflow/dags/spark_example.py took 0.189 seconds
[2025-02-14T21:01:28.231+0000] {processor.py:186} INFO - Started process (PID=85) to work on /opt/airflow/dags/spark_example.py
[2025-02-14T21:01:28.232+0000] {processor.py:914} INFO - Processing file /opt/airflow/dags/spark_example.py for tasks to queue
[2025-02-14T21:01:28.234+0000] {logging_mixin.py:190} INFO - [2025-02-14T21:01:28.233+0000] {dagbag.py:588} INFO - Filling up the DagBag from /opt/airflow/dags/spark_example.py
[2025-02-14T21:01:28.370+0000] {processor.py:925} INFO - DAG(s) 'spark_example' retrieved from /opt/airflow/dags/spark_example.py
[2025-02-14T21:01:28.387+0000] {logging_mixin.py:190} INFO - [2025-02-14T21:01:28.387+0000] {dag.py:3239} INFO - Sync 1 DAGs
[2025-02-14T21:01:28.398+0000] {logging_mixin.py:190} INFO - [2025-02-14T21:01:28.397+0000] {dag.py:4180} INFO - Setting next_dagrun for spark_example to None, run_after=None
[2025-02-14T21:01:28.414+0000] {processor.py:208} INFO - Processing /opt/airflow/dags/spark_example.py took 0.187 seconds
[2025-02-14T21:01:58.711+0000] {processor.py:186} INFO - Started process (PID=94) to work on /opt/airflow/dags/spark_example.py
[2025-02-14T21:01:58.720+0000] {processor.py:914} INFO - Processing file /opt/airflow/dags/spark_example.py for tasks to queue
[2025-02-14T21:01:58.722+0000] {logging_mixin.py:190} INFO - [2025-02-14T21:01:58.722+0000] {dagbag.py:588} INFO - Filling up the DagBag from /opt/airflow/dags/spark_example.py
[2025-02-14T21:01:58.728+0000] {processor.py:925} INFO - DAG(s) 'spark_example' retrieved from /opt/airflow/dags/spark_example.py
[2025-02-14T21:01:58.748+0000] {logging_mixin.py:190} INFO - [2025-02-14T21:01:58.748+0000] {dag.py:3239} INFO - Sync 1 DAGs
[2025-02-14T21:01:58.760+0000] {logging_mixin.py:190} INFO - [2025-02-14T21:01:58.759+0000] {dag.py:4180} INFO - Setting next_dagrun for spark_example to None, run_after=None
[2025-02-14T21:01:58.774+0000] {processor.py:208} INFO - Processing /opt/airflow/dags/spark_example.py took 0.069 seconds
[2025-02-14T21:02:29.067+0000] {processor.py:186} INFO - Started process (PID=102) to work on /opt/airflow/dags/spark_example.py
[2025-02-14T21:02:29.067+0000] {processor.py:914} INFO - Processing file /opt/airflow/dags/spark_example.py for tasks to queue
[2025-02-14T21:02:29.069+0000] {logging_mixin.py:190} INFO - [2025-02-14T21:02:29.069+0000] {dagbag.py:588} INFO - Filling up the DagBag from /opt/airflow/dags/spark_example.py
[2025-02-14T21:02:29.075+0000] {processor.py:925} INFO - DAG(s) 'spark_example' retrieved from /opt/airflow/dags/spark_example.py
[2025-02-14T21:02:29.100+0000] {logging_mixin.py:190} INFO - [2025-02-14T21:02:29.100+0000] {dag.py:3239} INFO - Sync 1 DAGs
[2025-02-14T21:02:29.116+0000] {logging_mixin.py:190} INFO - [2025-02-14T21:02:29.115+0000] {dag.py:4180} INFO - Setting next_dagrun for spark_example to None, run_after=None
[2025-02-14T21:02:29.134+0000] {processor.py:208} INFO - Processing /opt/airflow/dags/spark_example.py took 0.072 seconds
[2025-02-14T21:02:59.444+0000] {processor.py:186} INFO - Started process (PID=111) to work on /opt/airflow/dags/spark_example.py
[2025-02-14T21:02:59.451+0000] {processor.py:914} INFO - Processing file /opt/airflow/dags/spark_example.py for tasks to queue
[2025-02-14T21:02:59.453+0000] {logging_mixin.py:190} INFO - [2025-02-14T21:02:59.453+0000] {dagbag.py:588} INFO - Filling up the DagBag from /opt/airflow/dags/spark_example.py
[2025-02-14T21:02:59.459+0000] {processor.py:925} INFO - DAG(s) 'spark_example' retrieved from /opt/airflow/dags/spark_example.py
[2025-02-14T21:02:59.483+0000] {logging_mixin.py:190} INFO - [2025-02-14T21:02:59.483+0000] {dag.py:3239} INFO - Sync 1 DAGs
[2025-02-14T21:02:59.499+0000] {logging_mixin.py:190} INFO - [2025-02-14T21:02:59.499+0000] {dag.py:4180} INFO - Setting next_dagrun for spark_example to None, run_after=None
[2025-02-14T21:02:59.517+0000] {processor.py:208} INFO - Processing /opt/airflow/dags/spark_example.py took 0.078 seconds
[2025-02-14T21:03:29.828+0000] {processor.py:186} INFO - Started process (PID=120) to work on /opt/airflow/dags/spark_example.py
[2025-02-14T21:03:29.829+0000] {processor.py:914} INFO - Processing file /opt/airflow/dags/spark_example.py for tasks to queue
[2025-02-14T21:03:29.831+0000] {logging_mixin.py:190} INFO - [2025-02-14T21:03:29.830+0000] {dagbag.py:588} INFO - Filling up the DagBag from /opt/airflow/dags/spark_example.py
[2025-02-14T21:03:29.837+0000] {processor.py:925} INFO - DAG(s) 'spark_example' retrieved from /opt/airflow/dags/spark_example.py
[2025-02-14T21:03:29.861+0000] {logging_mixin.py:190} INFO - [2025-02-14T21:03:29.861+0000] {dag.py:3239} INFO - Sync 1 DAGs
[2025-02-14T21:03:29.877+0000] {logging_mixin.py:190} INFO - [2025-02-14T21:03:29.877+0000] {dag.py:4180} INFO - Setting next_dagrun for spark_example to None, run_after=None
[2025-02-14T21:03:29.893+0000] {processor.py:208} INFO - Processing /opt/airflow/dags/spark_example.py took 0.070 seconds
[2025-02-14T21:04:00.202+0000] {processor.py:186} INFO - Started process (PID=129) to work on /opt/airflow/dags/spark_example.py
[2025-02-14T21:04:00.203+0000] {processor.py:914} INFO - Processing file /opt/airflow/dags/spark_example.py for tasks to queue
[2025-02-14T21:04:00.205+0000] {logging_mixin.py:190} INFO - [2025-02-14T21:04:00.205+0000] {dagbag.py:588} INFO - Filling up the DagBag from /opt/airflow/dags/spark_example.py
[2025-02-14T21:04:00.213+0000] {processor.py:925} INFO - DAG(s) 'spark_example' retrieved from /opt/airflow/dags/spark_example.py
[2025-02-14T21:04:00.240+0000] {logging_mixin.py:190} INFO - [2025-02-14T21:04:00.240+0000] {dag.py:3239} INFO - Sync 1 DAGs
[2025-02-14T21:04:00.256+0000] {logging_mixin.py:190} INFO - [2025-02-14T21:04:00.256+0000] {dag.py:4180} INFO - Setting next_dagrun for spark_example to None, run_after=None
[2025-02-14T21:04:00.274+0000] {processor.py:208} INFO - Processing /opt/airflow/dags/spark_example.py took 0.078 seconds
[2025-02-14T21:04:30.589+0000] {processor.py:186} INFO - Started process (PID=137) to work on /opt/airflow/dags/spark_example.py
[2025-02-14T21:04:30.589+0000] {processor.py:914} INFO - Processing file /opt/airflow/dags/spark_example.py for tasks to queue
[2025-02-14T21:04:30.591+0000] {logging_mixin.py:190} INFO - [2025-02-14T21:04:30.591+0000] {dagbag.py:588} INFO - Filling up the DagBag from /opt/airflow/dags/spark_example.py
[2025-02-14T21:04:30.597+0000] {processor.py:925} INFO - DAG(s) 'spark_example' retrieved from /opt/airflow/dags/spark_example.py
[2025-02-14T21:04:30.617+0000] {logging_mixin.py:190} INFO - [2025-02-14T21:04:30.617+0000] {dag.py:3239} INFO - Sync 1 DAGs
[2025-02-14T21:04:30.629+0000] {logging_mixin.py:190} INFO - [2025-02-14T21:04:30.629+0000] {dag.py:4180} INFO - Setting next_dagrun for spark_example to None, run_after=None
[2025-02-14T21:04:30.644+0000] {processor.py:208} INFO - Processing /opt/airflow/dags/spark_example.py took 0.061 seconds
[2025-02-14T21:05:01.010+0000] {processor.py:186} INFO - Started process (PID=147) to work on /opt/airflow/dags/spark_example.py
[2025-02-14T21:05:01.012+0000] {processor.py:914} INFO - Processing file /opt/airflow/dags/spark_example.py for tasks to queue
[2025-02-14T21:05:01.013+0000] {logging_mixin.py:190} INFO - [2025-02-14T21:05:01.013+0000] {dagbag.py:588} INFO - Filling up the DagBag from /opt/airflow/dags/spark_example.py
[2025-02-14T21:05:01.019+0000] {processor.py:925} INFO - DAG(s) 'spark_example' retrieved from /opt/airflow/dags/spark_example.py
[2025-02-14T21:05:01.045+0000] {logging_mixin.py:190} INFO - [2025-02-14T21:05:01.045+0000] {dag.py:3239} INFO - Sync 1 DAGs
[2025-02-14T21:05:01.061+0000] {logging_mixin.py:190} INFO - [2025-02-14T21:05:01.061+0000] {dag.py:4180} INFO - Setting next_dagrun for spark_example to None, run_after=None
[2025-02-14T21:05:01.079+0000] {processor.py:208} INFO - Processing /opt/airflow/dags/spark_example.py took 0.074 seconds
