[2024-12-28T19:11:32.325+0000] {local_task_job_runner.py:123} INFO - ::group::Pre task execution logs
[2024-12-28T19:11:32.338+0000] {taskinstance.py:2613} INFO - Dependencies all met for dep_context=non-requeueable deps ti=<TaskInstance: spark_clickhouse_example.spark_submit_job manual__2024-12-28T19:11:30.998664+00:00 [queued]>
[2024-12-28T19:11:32.344+0000] {taskinstance.py:2613} INFO - Dependencies all met for dep_context=requeueable deps ti=<TaskInstance: spark_clickhouse_example.spark_submit_job manual__2024-12-28T19:11:30.998664+00:00 [queued]>
[2024-12-28T19:11:32.344+0000] {taskinstance.py:2866} INFO - Starting attempt 1 of 1
[2024-12-28T19:11:32.354+0000] {taskinstance.py:2889} INFO - Executing <Task(SparkSubmitOperator): spark_submit_job> on 2024-12-28 19:11:30.998664+00:00
[2024-12-28T19:11:32.360+0000] {warnings.py:112} WARNING - /home/***/.local/lib/python3.12/site-packages/***/task/task_runner/standard_task_runner.py:70: DeprecationWarning: This process (pid=1086) is multi-threaded, use of fork() may lead to deadlocks in the child.
  pid = os.fork()

[2024-12-28T19:11:32.361+0000] {standard_task_runner.py:72} INFO - Started process 1087 to run task
[2024-12-28T19:11:32.362+0000] {standard_task_runner.py:104} INFO - Running: ['***', 'tasks', 'run', 'spark_clickhouse_example', 'spark_submit_job', 'manual__2024-12-28T19:11:30.998664+00:00', '--job-id', '9', '--raw', '--subdir', 'DAGS_FOLDER/test_spark_clickhouse.py', '--cfg-path', '/tmp/tmptd259r59']
[2024-12-28T19:11:32.362+0000] {standard_task_runner.py:105} INFO - Job 9: Subtask spark_submit_job
[2024-12-28T19:11:32.394+0000] {task_command.py:467} INFO - Running <TaskInstance: spark_clickhouse_example.spark_submit_job manual__2024-12-28T19:11:30.998664+00:00 [running]> on host 471d7521a401
[2024-12-28T19:11:32.452+0000] {taskinstance.py:3132} INFO - Exporting env vars: AIRFLOW_CTX_DAG_OWNER='TKO' AIRFLOW_CTX_DAG_ID='spark_clickhouse_example' AIRFLOW_CTX_TASK_ID='spark_submit_job' AIRFLOW_CTX_EXECUTION_DATE='2024-12-28T19:11:30.998664+00:00' AIRFLOW_CTX_TRY_NUMBER='1' AIRFLOW_CTX_DAG_RUN_ID='manual__2024-12-28T19:11:30.998664+00:00'
[2024-12-28T19:11:32.452+0000] {taskinstance.py:731} INFO - ::endgroup::
[2024-12-28T19:11:32.459+0000] {base.py:84} INFO - Retrieving connection 'spark'
[2024-12-28T19:11:32.460+0000] {spark_submit.py:327} ERROR - Failed to decode base64 keytab: Incorrect padding
[2024-12-28T19:11:32.461+0000] {spark_submit.py:304} INFO - Could not load connection string spark, defaulting to spark://spark-master:7077
[2024-12-28T19:11:32.462+0000] {spark_submit.py:473} INFO - Spark-Submit cmd: spark-submit --master spark://spark-master:7077 --num-executors 1 --total-executor-cores 1 --executor-cores 1 --executor-memory 12g --driver-memory 12g --name arrow-spark --verbose --deploy-mode client dags/spark_app/spark_1.py
[2024-12-28T19:11:33.588+0000] {spark_submit.py:634} INFO - Using properties file: null
[2024-12-28T19:11:33.685+0000] {spark_submit.py:634} INFO - Parsed arguments:
[2024-12-28T19:11:33.685+0000] {spark_submit.py:634} INFO - master                  spark://spark-master:7077
[2024-12-28T19:11:33.686+0000] {spark_submit.py:634} INFO - remote                  null
[2024-12-28T19:11:33.686+0000] {spark_submit.py:634} INFO - deployMode              client
[2024-12-28T19:11:33.686+0000] {spark_submit.py:634} INFO - executorMemory          12g
[2024-12-28T19:11:33.686+0000] {spark_submit.py:634} INFO - executorCores           1
[2024-12-28T19:11:33.686+0000] {spark_submit.py:634} INFO - totalExecutorCores      1
[2024-12-28T19:11:33.686+0000] {spark_submit.py:634} INFO - propertiesFile          null
[2024-12-28T19:11:33.687+0000] {spark_submit.py:634} INFO - driverMemory            12g
[2024-12-28T19:11:33.687+0000] {spark_submit.py:634} INFO - driverCores             null
[2024-12-28T19:11:33.687+0000] {spark_submit.py:634} INFO - driverExtraClassPath    null
[2024-12-28T19:11:33.687+0000] {spark_submit.py:634} INFO - driverExtraLibraryPath  null
[2024-12-28T19:11:33.687+0000] {spark_submit.py:634} INFO - driverExtraJavaOptions  null
[2024-12-28T19:11:33.688+0000] {spark_submit.py:634} INFO - supervise               false
[2024-12-28T19:11:33.688+0000] {spark_submit.py:634} INFO - queue                   null
[2024-12-28T19:11:33.688+0000] {spark_submit.py:634} INFO - numExecutors            1
[2024-12-28T19:11:33.688+0000] {spark_submit.py:634} INFO - files                   null
[2024-12-28T19:11:33.688+0000] {spark_submit.py:634} INFO - pyFiles                 null
[2024-12-28T19:11:33.688+0000] {spark_submit.py:634} INFO - archives                null
[2024-12-28T19:11:33.689+0000] {spark_submit.py:634} INFO - mainClass               null
[2024-12-28T19:11:33.689+0000] {spark_submit.py:634} INFO - primaryResource         file:/opt/***/dags/spark_app/spark_1.py
[2024-12-28T19:11:33.689+0000] {spark_submit.py:634} INFO - name                    arrow-spark
[2024-12-28T19:11:33.689+0000] {spark_submit.py:634} INFO - childArgs               []
[2024-12-28T19:11:33.689+0000] {spark_submit.py:634} INFO - jars                    null
[2024-12-28T19:11:33.690+0000] {spark_submit.py:634} INFO - packages                null
[2024-12-28T19:11:33.690+0000] {spark_submit.py:634} INFO - packagesExclusions      null
[2024-12-28T19:11:33.690+0000] {spark_submit.py:634} INFO - repositories            null
[2024-12-28T19:11:33.690+0000] {spark_submit.py:634} INFO - verbose                 true
[2024-12-28T19:11:33.690+0000] {spark_submit.py:634} INFO - 
[2024-12-28T19:11:33.690+0000] {spark_submit.py:634} INFO - Spark properties used, including those specified through
[2024-12-28T19:11:33.691+0000] {spark_submit.py:634} INFO - --conf and those from the properties file null:
[2024-12-28T19:11:33.691+0000] {spark_submit.py:634} INFO - (spark.driver.memory,12g)
[2024-12-28T19:11:33.691+0000] {spark_submit.py:634} INFO - 
[2024-12-28T19:11:33.691+0000] {spark_submit.py:634} INFO - 
[2024-12-28T19:11:33.901+0000] {spark_submit.py:634} INFO - Main class:
[2024-12-28T19:11:33.902+0000] {spark_submit.py:634} INFO - org.apache.spark.deploy.PythonRunner
[2024-12-28T19:11:33.902+0000] {spark_submit.py:634} INFO - Arguments:
[2024-12-28T19:11:33.902+0000] {spark_submit.py:634} INFO - file:/opt/***/dags/spark_app/spark_1.py
[2024-12-28T19:11:33.902+0000] {spark_submit.py:634} INFO - null
[2024-12-28T19:11:33.904+0000] {spark_submit.py:634} INFO - Spark config:
[2024-12-28T19:11:33.904+0000] {spark_submit.py:634} INFO - (spark.app.name,arrow-spark)
[2024-12-28T19:11:33.904+0000] {spark_submit.py:634} INFO - (spark.app.submitTime,1735413093886)
[2024-12-28T19:11:33.905+0000] {spark_submit.py:634} INFO - (spark.cores.max,1)
[2024-12-28T19:11:33.905+0000] {spark_submit.py:634} INFO - (spark.driver.memory,12g)
[2024-12-28T19:11:33.905+0000] {spark_submit.py:634} INFO - (spark.executor.cores,1)
[2024-12-28T19:11:33.905+0000] {spark_submit.py:634} INFO - (spark.executor.memory,12g)
[2024-12-28T19:11:33.905+0000] {spark_submit.py:634} INFO - (spark.master,spark://spark-master:7077)
[2024-12-28T19:11:33.906+0000] {spark_submit.py:634} INFO - (spark.submit.deployMode,client)
[2024-12-28T19:11:33.906+0000] {spark_submit.py:634} INFO - (spark.submit.pyFiles,)
[2024-12-28T19:11:33.906+0000] {spark_submit.py:634} INFO - Classpath elements:
[2024-12-28T19:11:33.906+0000] {spark_submit.py:634} INFO - 
[2024-12-28T19:11:33.906+0000] {spark_submit.py:634} INFO - 
[2024-12-28T19:11:33.906+0000] {spark_submit.py:634} INFO - 
[2024-12-28T19:11:34.972+0000] {spark_submit.py:634} INFO - 24/12/28 19:11:34 INFO SparkContext: Running Spark version 3.5.4
[2024-12-28T19:11:34.973+0000] {spark_submit.py:634} INFO - 24/12/28 19:11:34 INFO SparkContext: OS info Linux, 5.10.0-33-cloud-amd64, amd64
[2024-12-28T19:11:34.973+0000] {spark_submit.py:634} INFO - 24/12/28 19:11:34 INFO SparkContext: Java version 17.0.13
[2024-12-28T19:11:35.026+0000] {spark_submit.py:634} INFO - 24/12/28 19:11:35 WARN NativeCodeLoader: Unable to load native-hadoop library for your platform... using builtin-java classes where applicable
[2024-12-28T19:11:35.110+0000] {spark_submit.py:634} INFO - 24/12/28 19:11:35 INFO ResourceUtils: ==============================================================
[2024-12-28T19:11:35.111+0000] {spark_submit.py:634} INFO - 24/12/28 19:11:35 INFO ResourceUtils: No custom resources configured for spark.driver.
[2024-12-28T19:11:35.111+0000] {spark_submit.py:634} INFO - 24/12/28 19:11:35 INFO ResourceUtils: ==============================================================
[2024-12-28T19:11:35.111+0000] {spark_submit.py:634} INFO - 24/12/28 19:11:35 INFO SparkContext: Submitted application: ExampleJob111
[2024-12-28T19:11:35.129+0000] {spark_submit.py:634} INFO - 24/12/28 19:11:35 INFO ResourceProfile: Default ResourceProfile created, executor resources: Map(cores -> name: cores, amount: 1, script: , vendor: , memory -> name: memory, amount: 12288, script: , vendor: , offHeap -> name: offHeap, amount: 0, script: , vendor: ), task resources: Map(cpus -> name: cpus, amount: 1.0)
[2024-12-28T19:11:35.137+0000] {spark_submit.py:634} INFO - 24/12/28 19:11:35 INFO ResourceProfile: Limiting resource is cpus at 1 tasks per executor
[2024-12-28T19:11:35.139+0000] {spark_submit.py:634} INFO - 24/12/28 19:11:35 INFO ResourceProfileManager: Added ResourceProfile id: 0
[2024-12-28T19:11:35.173+0000] {spark_submit.py:634} INFO - 24/12/28 19:11:35 INFO SecurityManager: Changing view acls to: default
[2024-12-28T19:11:35.173+0000] {spark_submit.py:634} INFO - 24/12/28 19:11:35 INFO SecurityManager: Changing modify acls to: default
[2024-12-28T19:11:35.173+0000] {spark_submit.py:634} INFO - 24/12/28 19:11:35 INFO SecurityManager: Changing view acls groups to:
[2024-12-28T19:11:35.174+0000] {spark_submit.py:634} INFO - 24/12/28 19:11:35 INFO SecurityManager: Changing modify acls groups to:
[2024-12-28T19:11:35.174+0000] {spark_submit.py:634} INFO - 24/12/28 19:11:35 INFO SecurityManager: SecurityManager: authentication disabled; ui acls disabled; users with view permissions: default; groups with view permissions: EMPTY; users with modify permissions: default; groups with modify permissions: EMPTY
[2024-12-28T19:11:35.375+0000] {spark_submit.py:634} INFO - 24/12/28 19:11:35 INFO Utils: Successfully started service 'sparkDriver' on port 41353.
[2024-12-28T19:11:35.396+0000] {spark_submit.py:634} INFO - 24/12/28 19:11:35 INFO SparkEnv: Registering MapOutputTracker
[2024-12-28T19:11:35.421+0000] {spark_submit.py:634} INFO - 24/12/28 19:11:35 INFO SparkEnv: Registering BlockManagerMaster
[2024-12-28T19:11:35.437+0000] {spark_submit.py:634} INFO - 24/12/28 19:11:35 INFO BlockManagerMasterEndpoint: Using org.apache.spark.storage.DefaultTopologyMapper for getting topology information
[2024-12-28T19:11:35.438+0000] {spark_submit.py:634} INFO - 24/12/28 19:11:35 INFO BlockManagerMasterEndpoint: BlockManagerMasterEndpoint up
[2024-12-28T19:11:35.441+0000] {spark_submit.py:634} INFO - 24/12/28 19:11:35 INFO SparkEnv: Registering BlockManagerMasterHeartbeat
[2024-12-28T19:11:35.457+0000] {spark_submit.py:634} INFO - 24/12/28 19:11:35 INFO DiskBlockManager: Created local directory at /tmp/blockmgr-7fa28582-536e-45f9-a529-734f4bb0b8ea
[2024-12-28T19:11:35.470+0000] {spark_submit.py:634} INFO - 24/12/28 19:11:35 INFO MemoryStore: MemoryStore started with capacity 7.0 GiB
[2024-12-28T19:11:35.482+0000] {spark_submit.py:634} INFO - 24/12/28 19:11:35 INFO SparkEnv: Registering OutputCommitCoordinator
[2024-12-28T19:11:35.583+0000] {spark_submit.py:634} INFO - 24/12/28 19:11:35 INFO JettyUtils: Start Jetty 0.0.0.0:4040 for SparkUI
[2024-12-28T19:11:35.625+0000] {spark_submit.py:634} INFO - 24/12/28 19:11:35 INFO Utils: Successfully started service 'SparkUI' on port 4040.
[2024-12-28T19:11:35.747+0000] {spark_submit.py:634} INFO - 24/12/28 19:11:35 INFO StandaloneAppClient$ClientEndpoint: Connecting to master spark://spark-master:7077...
[2024-12-28T19:11:35.788+0000] {spark_submit.py:634} INFO - 24/12/28 19:11:35 INFO TransportClientFactory: Successfully created connection to spark-master/172.18.0.8:7077 after 25 ms (0 ms spent in bootstraps)
[2024-12-28T19:11:35.862+0000] {spark_submit.py:634} INFO - 24/12/28 19:11:35 INFO StandaloneSchedulerBackend: Connected to Spark cluster with app ID app-20241228191135-0001
[2024-12-28T19:11:35.867+0000] {spark_submit.py:634} INFO - 24/12/28 19:11:35 INFO StandaloneAppClient$ClientEndpoint: Executor added: app-20241228191135-0001/0 on worker-20241228182544-172.18.0.9-43053 (172.18.0.9:43053) with 1 core(s)
[2024-12-28T19:11:35.867+0000] {spark_submit.py:634} INFO - 24/12/28 19:11:35 INFO StandaloneSchedulerBackend: Granted executor ID app-20241228191135-0001/0 on hostPort 172.18.0.9:43053 with 1 core(s), 12.0 GiB RAM
[2024-12-28T19:11:35.893+0000] {spark_submit.py:634} INFO - 24/12/28 19:11:35 INFO Utils: Successfully started service 'org.apache.spark.network.netty.NettyBlockTransferService' on port 38637.
[2024-12-28T19:11:35.895+0000] {spark_submit.py:634} INFO - 24/12/28 19:11:35 INFO NettyBlockTransferService: Server created on 471d7521a401:38637
[2024-12-28T19:11:35.895+0000] {spark_submit.py:634} INFO - 24/12/28 19:11:35 INFO BlockManager: Using org.apache.spark.storage.RandomBlockReplicationPolicy for block replication policy
[2024-12-28T19:11:35.905+0000] {spark_submit.py:634} INFO - 24/12/28 19:11:35 INFO BlockManagerMaster: Registering BlockManager BlockManagerId(driver, 471d7521a401, 38637, None)
[2024-12-28T19:11:35.918+0000] {spark_submit.py:634} INFO - 24/12/28 19:11:35 INFO BlockManagerMasterEndpoint: Registering block manager 471d7521a401:38637 with 7.0 GiB RAM, BlockManagerId(driver, 471d7521a401, 38637, None)
[2024-12-28T19:11:35.932+0000] {spark_submit.py:634} INFO - 24/12/28 19:11:35 INFO BlockManagerMaster: Registered BlockManager BlockManagerId(driver, 471d7521a401, 38637, None)
[2024-12-28T19:11:35.933+0000] {spark_submit.py:634} INFO - 24/12/28 19:11:35 INFO BlockManager: Initialized BlockManager: BlockManagerId(driver, 471d7521a401, 38637, None)
[2024-12-28T19:11:35.939+0000] {spark_submit.py:634} INFO - 24/12/28 19:11:35 INFO StandaloneAppClient$ClientEndpoint: Executor updated: app-20241228191135-0001/0 is now RUNNING
[2024-12-28T19:11:36.144+0000] {spark_submit.py:634} INFO - 24/12/28 19:11:36 INFO StandaloneSchedulerBackend: SchedulerBackend is ready for scheduling beginning after reached minRegisteredResourcesRatio: 0.0
[2024-12-28T19:11:36.852+0000] {spark_submit.py:634} INFO - 24/12/28 19:11:36 INFO SharedState: Setting hive.metastore.warehouse.dir ('null') to the value of spark.sql.warehouse.dir.
[2024-12-28T19:11:36.873+0000] {spark_submit.py:634} INFO - 24/12/28 19:11:36 INFO SharedState: Warehouse path is 'file:/opt/***/spark-warehouse'.
[2024-12-28T19:11:38.889+0000] {spark_submit.py:634} INFO - 24/12/28 19:11:38 INFO StandaloneSchedulerBackend$StandaloneDriverEndpoint: Registered executor NettyRpcEndpointRef(spark-client://Executor) (172.18.0.9:39550) with ID 0,  ResourceProfileId 0
[2024-12-28T19:11:38.995+0000] {spark_submit.py:634} INFO - 24/12/28 19:11:38 INFO BlockManagerMasterEndpoint: Registering block manager 172.18.0.9:43399 with 7.0 GiB RAM, BlockManagerId(0, 172.18.0.9, 43399, None)
[2024-12-28T19:11:39.533+0000] {spark_submit.py:634} INFO - 24/12/28 19:11:39 INFO CodeGenerator: Code generated in 192.821874 ms
[2024-12-28T19:11:39.583+0000] {spark_submit.py:634} INFO - 24/12/28 19:11:39 INFO SparkContext: Starting job: toPandas at /opt/***/dags/spark_app/spark_1.py:7
[2024-12-28T19:11:39.596+0000] {spark_submit.py:634} INFO - 24/12/28 19:11:39 INFO DAGScheduler: Got job 0 (toPandas at /opt/***/dags/spark_app/spark_1.py:7) with 2 output partitions
[2024-12-28T19:11:39.596+0000] {spark_submit.py:634} INFO - 24/12/28 19:11:39 INFO DAGScheduler: Final stage: ResultStage 0 (toPandas at /opt/***/dags/spark_app/spark_1.py:7)
[2024-12-28T19:11:39.596+0000] {spark_submit.py:634} INFO - 24/12/28 19:11:39 INFO DAGScheduler: Parents of final stage: List()
[2024-12-28T19:11:39.597+0000] {spark_submit.py:634} INFO - 24/12/28 19:11:39 INFO DAGScheduler: Missing parents: List()
[2024-12-28T19:11:39.603+0000] {spark_submit.py:634} INFO - 24/12/28 19:11:39 INFO DAGScheduler: Submitting ResultStage 0 (MapPartitionsRDD[6] at toPandas at /opt/***/dags/spark_app/spark_1.py:7), which has no missing parents
[2024-12-28T19:11:39.653+0000] {spark_submit.py:634} INFO - 24/12/28 19:11:39 INFO MemoryStore: Block broadcast_0 stored as values in memory (estimated size 12.5 KiB, free 7.0 GiB)
[2024-12-28T19:11:39.680+0000] {spark_submit.py:634} INFO - 24/12/28 19:11:39 INFO MemoryStore: Block broadcast_0_piece0 stored as bytes in memory (estimated size 6.6 KiB, free 7.0 GiB)
[2024-12-28T19:11:39.684+0000] {spark_submit.py:634} INFO - 24/12/28 19:11:39 INFO BlockManagerInfo: Added broadcast_0_piece0 in memory on 471d7521a401:38637 (size: 6.6 KiB, free: 7.0 GiB)
[2024-12-28T19:11:39.686+0000] {spark_submit.py:634} INFO - 24/12/28 19:11:39 INFO SparkContext: Created broadcast 0 from broadcast at DAGScheduler.scala:1585
[2024-12-28T19:11:39.699+0000] {spark_submit.py:634} INFO - 24/12/28 19:11:39 INFO DAGScheduler: Submitting 2 missing tasks from ResultStage 0 (MapPartitionsRDD[6] at toPandas at /opt/***/dags/spark_app/spark_1.py:7) (first 15 tasks are for partitions Vector(0, 1))
[2024-12-28T19:11:39.700+0000] {spark_submit.py:634} INFO - 24/12/28 19:11:39 INFO TaskSchedulerImpl: Adding task set 0.0 with 2 tasks resource profile 0
[2024-12-28T19:11:39.724+0000] {spark_submit.py:634} INFO - 24/12/28 19:11:39 INFO TaskSetManager: Starting task 0.0 in stage 0.0 (TID 0) (172.18.0.9, executor 0, partition 0, PROCESS_LOCAL, 9020 bytes)
[2024-12-28T19:11:39.969+0000] {spark_submit.py:634} INFO - 24/12/28 19:11:39 INFO BlockManagerInfo: Added broadcast_0_piece0 in memory on 172.18.0.9:43399 (size: 6.6 KiB, free: 7.0 GiB)
[2024-12-28T19:11:41.244+0000] {spark_submit.py:634} INFO - 24/12/28 19:11:41 INFO TaskSetManager: Starting task 1.0 in stage 0.0 (TID 1) (172.18.0.9, executor 0, partition 1, PROCESS_LOCAL, 9057 bytes)
[2024-12-28T19:11:41.252+0000] {spark_submit.py:634} INFO - 24/12/28 19:11:41 INFO TaskSetManager: Finished task 0.0 in stage 0.0 (TID 0) in 1537 ms on 172.18.0.9 (executor 0) (1/2)
[2024-12-28T19:11:41.261+0000] {spark_submit.py:634} INFO - 24/12/28 19:11:41 INFO PythonAccumulatorV2: Connected to AccumulatorServer at host: 127.0.0.1 port: 50697
[2024-12-28T19:11:41.387+0000] {spark_submit.py:634} INFO - 24/12/28 19:11:41 INFO TaskSetManager: Finished task 1.0 in stage 0.0 (TID 1) in 143 ms on 172.18.0.9 (executor 0) (2/2)
[2024-12-28T19:11:41.388+0000] {spark_submit.py:634} INFO - 24/12/28 19:11:41 INFO TaskSchedulerImpl: Removed TaskSet 0.0, whose tasks have all completed, from pool
[2024-12-28T19:11:41.389+0000] {spark_submit.py:634} INFO - 24/12/28 19:11:41 INFO DAGScheduler: ResultStage 0 (toPandas at /opt/***/dags/spark_app/spark_1.py:7) finished in 1.776 s
[2024-12-28T19:11:41.392+0000] {spark_submit.py:634} INFO - 24/12/28 19:11:41 INFO DAGScheduler: Job 0 is finished. Cancelling potential speculative or zombie tasks for this job
[2024-12-28T19:11:41.392+0000] {spark_submit.py:634} INFO - 24/12/28 19:11:41 INFO TaskSchedulerImpl: Killing all running tasks in stage 0: Stage finished
[2024-12-28T19:11:41.394+0000] {spark_submit.py:634} INFO - 24/12/28 19:11:41 INFO DAGScheduler: Job 0 finished: toPandas at /opt/***/dags/spark_app/spark_1.py:7, took 1.810015 s
[2024-12-28T19:11:41.544+0000] {spark_submit.py:634} INFO - 24/12/28 19:11:41 INFO InMemoryFileIndex: It took 15 ms to list leaf files for 1 paths.
[2024-12-28T19:11:41.590+0000] {spark_submit.py:634} INFO - 24/12/28 19:11:41 INFO InMemoryFileIndex: It took 1 ms to list leaf files for 1 paths.
[2024-12-28T19:11:41.907+0000] {spark_submit.py:634} INFO - 24/12/28 19:11:41 INFO BlockManagerInfo: Removed broadcast_0_piece0 on 172.18.0.9:43399 in memory (size: 6.6 KiB, free: 7.0 GiB)
[2024-12-28T19:11:41.912+0000] {spark_submit.py:634} INFO - 24/12/28 19:11:41 INFO BlockManagerInfo: Removed broadcast_0_piece0 on 471d7521a401:38637 in memory (size: 6.6 KiB, free: 7.0 GiB)
[2024-12-28T19:11:42.560+0000] {spark_submit.py:634} INFO - 24/12/28 19:11:42 INFO FileSourceStrategy: Pushed Filters:
[2024-12-28T19:11:42.561+0000] {spark_submit.py:634} INFO - 24/12/28 19:11:42 INFO FileSourceStrategy: Post-Scan Filters: (length(trim(value#4, None)) > 0)
[2024-12-28T19:11:42.604+0000] {spark_submit.py:634} INFO - 24/12/28 19:11:42 INFO CodeGenerator: Code generated in 14.984666 ms
[2024-12-28T19:11:42.619+0000] {spark_submit.py:634} INFO - 24/12/28 19:11:42 INFO MemoryStore: Block broadcast_1 stored as values in memory (estimated size 200.3 KiB, free 7.0 GiB)
[2024-12-28T19:11:42.641+0000] {spark_submit.py:634} INFO - 24/12/28 19:11:42 INFO MemoryStore: Block broadcast_1_piece0 stored as bytes in memory (estimated size 34.4 KiB, free 7.0 GiB)
[2024-12-28T19:11:42.642+0000] {spark_submit.py:634} INFO - 24/12/28 19:11:42 INFO BlockManagerInfo: Added broadcast_1_piece0 in memory on 471d7521a401:38637 (size: 34.4 KiB, free: 7.0 GiB)
[2024-12-28T19:11:42.643+0000] {spark_submit.py:634} INFO - 24/12/28 19:11:42 INFO SparkContext: Created broadcast 1 from csv at NativeMethodAccessorImpl.java:0
[2024-12-28T19:11:42.650+0000] {spark_submit.py:634} INFO - 24/12/28 19:11:42 INFO FileSourceScanExec: Planning scan with bin packing, max size: 4194304 bytes, open cost is considered as scanning 4194304 bytes.
[2024-12-28T19:11:42.683+0000] {spark_submit.py:634} INFO - 24/12/28 19:11:42 INFO SparkContext: Starting job: csv at NativeMethodAccessorImpl.java:0
[2024-12-28T19:11:42.684+0000] {spark_submit.py:634} INFO - 24/12/28 19:11:42 INFO DAGScheduler: Got job 1 (csv at NativeMethodAccessorImpl.java:0) with 1 output partitions
[2024-12-28T19:11:42.684+0000] {spark_submit.py:634} INFO - 24/12/28 19:11:42 INFO DAGScheduler: Final stage: ResultStage 1 (csv at NativeMethodAccessorImpl.java:0)
[2024-12-28T19:11:42.684+0000] {spark_submit.py:634} INFO - 24/12/28 19:11:42 INFO DAGScheduler: Parents of final stage: List()
[2024-12-28T19:11:42.684+0000] {spark_submit.py:634} INFO - 24/12/28 19:11:42 INFO DAGScheduler: Missing parents: List()
[2024-12-28T19:11:42.685+0000] {spark_submit.py:634} INFO - 24/12/28 19:11:42 INFO DAGScheduler: Submitting ResultStage 1 (MapPartitionsRDD[10] at csv at NativeMethodAccessorImpl.java:0), which has no missing parents
[2024-12-28T19:11:42.703+0000] {spark_submit.py:634} INFO - 24/12/28 19:11:42 INFO MemoryStore: Block broadcast_2 stored as values in memory (estimated size 13.5 KiB, free 7.0 GiB)
[2024-12-28T19:11:42.705+0000] {spark_submit.py:634} INFO - 24/12/28 19:11:42 INFO MemoryStore: Block broadcast_2_piece0 stored as bytes in memory (estimated size 6.4 KiB, free 7.0 GiB)
[2024-12-28T19:11:42.706+0000] {spark_submit.py:634} INFO - 24/12/28 19:11:42 INFO BlockManagerInfo: Added broadcast_2_piece0 in memory on 471d7521a401:38637 (size: 6.4 KiB, free: 7.0 GiB)
[2024-12-28T19:11:42.706+0000] {spark_submit.py:634} INFO - 24/12/28 19:11:42 INFO SparkContext: Created broadcast 2 from broadcast at DAGScheduler.scala:1585
[2024-12-28T19:11:42.707+0000] {spark_submit.py:634} INFO - 24/12/28 19:11:42 INFO DAGScheduler: Submitting 1 missing tasks from ResultStage 1 (MapPartitionsRDD[10] at csv at NativeMethodAccessorImpl.java:0) (first 15 tasks are for partitions Vector(0))
[2024-12-28T19:11:42.707+0000] {spark_submit.py:634} INFO - 24/12/28 19:11:42 INFO TaskSchedulerImpl: Adding task set 1.0 with 1 tasks resource profile 0
[2024-12-28T19:11:42.711+0000] {spark_submit.py:634} INFO - 24/12/28 19:11:42 INFO TaskSetManager: Starting task 0.0 in stage 1.0 (TID 2) (172.18.0.9, executor 0, partition 0, PROCESS_LOCAL, 9602 bytes)
[2024-12-28T19:11:42.733+0000] {spark_submit.py:634} INFO - 24/12/28 19:11:42 INFO BlockManagerInfo: Added broadcast_2_piece0 in memory on 172.18.0.9:43399 (size: 6.4 KiB, free: 7.0 GiB)
[2024-12-28T19:11:42.943+0000] {spark_submit.py:634} INFO - 24/12/28 19:11:42 INFO BlockManagerInfo: Added broadcast_1_piece0 in memory on 172.18.0.9:43399 (size: 34.4 KiB, free: 7.0 GiB)
[2024-12-28T19:11:43.133+0000] {spark_submit.py:634} INFO - 24/12/28 19:11:43 INFO TaskSetManager: Finished task 0.0 in stage 1.0 (TID 2) in 424 ms on 172.18.0.9 (executor 0) (1/1)
[2024-12-28T19:11:43.133+0000] {spark_submit.py:634} INFO - 24/12/28 19:11:43 INFO TaskSchedulerImpl: Removed TaskSet 1.0, whose tasks have all completed, from pool
[2024-12-28T19:11:43.134+0000] {spark_submit.py:634} INFO - 24/12/28 19:11:43 INFO DAGScheduler: ResultStage 1 (csv at NativeMethodAccessorImpl.java:0) finished in 0.446 s
[2024-12-28T19:11:43.134+0000] {spark_submit.py:634} INFO - 24/12/28 19:11:43 INFO DAGScheduler: Job 1 is finished. Cancelling potential speculative or zombie tasks for this job
[2024-12-28T19:11:43.137+0000] {spark_submit.py:634} INFO - 24/12/28 19:11:43 INFO TaskSchedulerImpl: Killing all running tasks in stage 1: Stage finished
[2024-12-28T19:11:43.137+0000] {spark_submit.py:634} INFO - 24/12/28 19:11:43 INFO DAGScheduler: Job 1 finished: csv at NativeMethodAccessorImpl.java:0, took 0.451488 s
[2024-12-28T19:11:43.152+0000] {spark_submit.py:634} INFO - 24/12/28 19:11:43 INFO CodeGenerator: Code generated in 11.099114 ms
[2024-12-28T19:11:43.187+0000] {spark_submit.py:634} INFO - 24/12/28 19:11:43 INFO FileSourceStrategy: Pushed Filters:
[2024-12-28T19:11:43.188+0000] {spark_submit.py:634} INFO - 24/12/28 19:11:43 INFO FileSourceStrategy: Post-Scan Filters:
[2024-12-28T19:11:43.193+0000] {spark_submit.py:634} INFO - 24/12/28 19:11:43 INFO MemoryStore: Block broadcast_3 stored as values in memory (estimated size 200.3 KiB, free 7.0 GiB)
[2024-12-28T19:11:43.201+0000] {spark_submit.py:634} INFO - 24/12/28 19:11:43 INFO MemoryStore: Block broadcast_3_piece0 stored as bytes in memory (estimated size 34.4 KiB, free 7.0 GiB)
[2024-12-28T19:11:43.202+0000] {spark_submit.py:634} INFO - 24/12/28 19:11:43 INFO BlockManagerInfo: Added broadcast_3_piece0 in memory on 471d7521a401:38637 (size: 34.4 KiB, free: 7.0 GiB)
[2024-12-28T19:11:43.202+0000] {spark_submit.py:634} INFO - 24/12/28 19:11:43 INFO SparkContext: Created broadcast 3 from csv at NativeMethodAccessorImpl.java:0
[2024-12-28T19:11:43.203+0000] {spark_submit.py:634} INFO - 24/12/28 19:11:43 INFO FileSourceScanExec: Planning scan with bin packing, max size: 4194304 bytes, open cost is considered as scanning 4194304 bytes.
[2024-12-28T19:11:43.238+0000] {spark_submit.py:634} INFO - 24/12/28 19:11:43 INFO SparkContext: Starting job: csv at NativeMethodAccessorImpl.java:0
[2024-12-28T19:11:43.239+0000] {spark_submit.py:634} INFO - 24/12/28 19:11:43 INFO DAGScheduler: Got job 2 (csv at NativeMethodAccessorImpl.java:0) with 1 output partitions
[2024-12-28T19:11:43.240+0000] {spark_submit.py:634} INFO - 24/12/28 19:11:43 INFO DAGScheduler: Final stage: ResultStage 2 (csv at NativeMethodAccessorImpl.java:0)
[2024-12-28T19:11:43.240+0000] {spark_submit.py:634} INFO - 24/12/28 19:11:43 INFO DAGScheduler: Parents of final stage: List()
[2024-12-28T19:11:43.240+0000] {spark_submit.py:634} INFO - 24/12/28 19:11:43 INFO DAGScheduler: Missing parents: List()
[2024-12-28T19:11:43.240+0000] {spark_submit.py:634} INFO - 24/12/28 19:11:43 INFO DAGScheduler: Submitting ResultStage 2 (MapPartitionsRDD[16] at csv at NativeMethodAccessorImpl.java:0), which has no missing parents
[2024-12-28T19:11:43.254+0000] {spark_submit.py:634} INFO - 24/12/28 19:11:43 INFO MemoryStore: Block broadcast_4 stored as values in memory (estimated size 27.7 KiB, free 7.0 GiB)
[2024-12-28T19:11:43.264+0000] {spark_submit.py:634} INFO - 24/12/28 19:11:43 INFO MemoryStore: Block broadcast_4_piece0 stored as bytes in memory (estimated size 12.8 KiB, free 7.0 GiB)
[2024-12-28T19:11:43.266+0000] {spark_submit.py:634} INFO - 24/12/28 19:11:43 INFO BlockManagerInfo: Added broadcast_4_piece0 in memory on 471d7521a401:38637 (size: 12.8 KiB, free: 7.0 GiB)
[2024-12-28T19:11:43.266+0000] {spark_submit.py:634} INFO - 24/12/28 19:11:43 INFO SparkContext: Created broadcast 4 from broadcast at DAGScheduler.scala:1585
[2024-12-28T19:11:43.267+0000] {spark_submit.py:634} INFO - 24/12/28 19:11:43 INFO BlockManagerInfo: Removed broadcast_2_piece0 on 471d7521a401:38637 in memory (size: 6.4 KiB, free: 7.0 GiB)
[2024-12-28T19:11:43.269+0000] {spark_submit.py:634} INFO - 24/12/28 19:11:43 INFO DAGScheduler: Submitting 1 missing tasks from ResultStage 2 (MapPartitionsRDD[16] at csv at NativeMethodAccessorImpl.java:0) (first 15 tasks are for partitions Vector(0))
[2024-12-28T19:11:43.269+0000] {spark_submit.py:634} INFO - 24/12/28 19:11:43 INFO TaskSchedulerImpl: Adding task set 2.0 with 1 tasks resource profile 0
[2024-12-28T19:11:43.270+0000] {spark_submit.py:634} INFO - 24/12/28 19:11:43 INFO TaskSetManager: Starting task 0.0 in stage 2.0 (TID 3) (172.18.0.9, executor 0, partition 0, PROCESS_LOCAL, 9602 bytes)
[2024-12-28T19:11:43.272+0000] {spark_submit.py:634} INFO - 24/12/28 19:11:43 INFO BlockManagerInfo: Removed broadcast_2_piece0 on 172.18.0.9:43399 in memory (size: 6.4 KiB, free: 7.0 GiB)
[2024-12-28T19:11:43.301+0000] {spark_submit.py:634} INFO - 24/12/28 19:11:43 INFO BlockManagerInfo: Removed broadcast_1_piece0 on 471d7521a401:38637 in memory (size: 34.4 KiB, free: 7.0 GiB)
[2024-12-28T19:11:43.301+0000] {spark_submit.py:634} INFO - 24/12/28 19:11:43 INFO BlockManagerInfo: Removed broadcast_1_piece0 on 172.18.0.9:43399 in memory (size: 34.4 KiB, free: 7.0 GiB)
[2024-12-28T19:11:43.308+0000] {spark_submit.py:634} INFO - 24/12/28 19:11:43 INFO BlockManagerInfo: Added broadcast_4_piece0 in memory on 172.18.0.9:43399 (size: 12.8 KiB, free: 7.0 GiB)
[2024-12-28T19:11:44.414+0000] {spark_submit.py:634} INFO - 24/12/28 19:11:44 INFO BlockManagerInfo: Added broadcast_3_piece0 in memory on 172.18.0.9:43399 (size: 34.4 KiB, free: 7.0 GiB)
[2024-12-28T19:11:44.499+0000] {spark_submit.py:634} INFO - 24/12/28 19:11:44 INFO TaskSetManager: Finished task 0.0 in stage 2.0 (TID 3) in 1229 ms on 172.18.0.9 (executor 0) (1/1)
[2024-12-28T19:11:44.500+0000] {spark_submit.py:634} INFO - 24/12/28 19:11:44 INFO TaskSchedulerImpl: Removed TaskSet 2.0, whose tasks have all completed, from pool
[2024-12-28T19:11:44.500+0000] {spark_submit.py:634} INFO - 24/12/28 19:11:44 INFO DAGScheduler: ResultStage 2 (csv at NativeMethodAccessorImpl.java:0) finished in 1.259 s
[2024-12-28T19:11:44.500+0000] {spark_submit.py:634} INFO - 24/12/28 19:11:44 INFO DAGScheduler: Job 2 is finished. Cancelling potential speculative or zombie tasks for this job
[2024-12-28T19:11:44.501+0000] {spark_submit.py:634} INFO - 24/12/28 19:11:44 INFO TaskSchedulerImpl: Killing all running tasks in stage 2: Stage finished
[2024-12-28T19:11:44.503+0000] {spark_submit.py:634} INFO - 24/12/28 19:11:44 INFO DAGScheduler: Job 2 finished: csv at NativeMethodAccessorImpl.java:0, took 1.264002 s
[2024-12-28T19:11:44.539+0000] {spark_submit.py:634} INFO - 24/12/28 19:11:44 INFO FileSourceStrategy: Pushed Filters:
[2024-12-28T19:11:44.540+0000] {spark_submit.py:634} INFO - 24/12/28 19:11:44 INFO FileSourceStrategy: Post-Scan Filters:
[2024-12-28T19:11:44.580+0000] {spark_submit.py:634} INFO - 24/12/28 19:11:44 INFO CodeGenerator: Code generated in 10.418134 ms
[2024-12-28T19:11:44.585+0000] {spark_submit.py:634} INFO - 24/12/28 19:11:44 INFO MemoryStore: Block broadcast_5 stored as values in memory (estimated size 200.2 KiB, free 7.0 GiB)
[2024-12-28T19:11:44.595+0000] {spark_submit.py:634} INFO - 24/12/28 19:11:44 INFO MemoryStore: Block broadcast_5_piece0 stored as bytes in memory (estimated size 34.4 KiB, free 7.0 GiB)
[2024-12-28T19:11:44.596+0000] {spark_submit.py:634} INFO - 24/12/28 19:11:44 INFO BlockManagerInfo: Added broadcast_5_piece0 in memory on 471d7521a401:38637 (size: 34.4 KiB, free: 7.0 GiB)
[2024-12-28T19:11:44.597+0000] {spark_submit.py:634} INFO - 24/12/28 19:11:44 INFO SparkContext: Created broadcast 5 from showString at NativeMethodAccessorImpl.java:0
[2024-12-28T19:11:44.602+0000] {spark_submit.py:634} INFO - 24/12/28 19:11:44 INFO FileSourceScanExec: Planning scan with bin packing, max size: 4194304 bytes, open cost is considered as scanning 4194304 bytes.
[2024-12-28T19:11:44.612+0000] {spark_submit.py:634} INFO - 24/12/28 19:11:44 INFO SparkContext: Starting job: showString at NativeMethodAccessorImpl.java:0
[2024-12-28T19:11:44.614+0000] {spark_submit.py:634} INFO - 24/12/28 19:11:44 INFO DAGScheduler: Got job 3 (showString at NativeMethodAccessorImpl.java:0) with 1 output partitions
[2024-12-28T19:11:44.614+0000] {spark_submit.py:634} INFO - 24/12/28 19:11:44 INFO DAGScheduler: Final stage: ResultStage 3 (showString at NativeMethodAccessorImpl.java:0)
[2024-12-28T19:11:44.614+0000] {spark_submit.py:634} INFO - 24/12/28 19:11:44 INFO DAGScheduler: Parents of final stage: List()
[2024-12-28T19:11:44.614+0000] {spark_submit.py:634} INFO - 24/12/28 19:11:44 INFO DAGScheduler: Missing parents: List()
[2024-12-28T19:11:44.615+0000] {spark_submit.py:634} INFO - 24/12/28 19:11:44 INFO DAGScheduler: Submitting ResultStage 3 (MapPartitionsRDD[20] at showString at NativeMethodAccessorImpl.java:0), which has no missing parents
[2024-12-28T19:11:44.618+0000] {spark_submit.py:634} INFO - 24/12/28 19:11:44 INFO MemoryStore: Block broadcast_6 stored as values in memory (estimated size 15.2 KiB, free 7.0 GiB)
[2024-12-28T19:11:44.619+0000] {spark_submit.py:634} INFO - 24/12/28 19:11:44 INFO MemoryStore: Block broadcast_6_piece0 stored as bytes in memory (estimated size 7.5 KiB, free 7.0 GiB)
[2024-12-28T19:11:44.619+0000] {spark_submit.py:634} INFO - 24/12/28 19:11:44 INFO BlockManagerInfo: Added broadcast_6_piece0 in memory on 471d7521a401:38637 (size: 7.5 KiB, free: 7.0 GiB)
[2024-12-28T19:11:44.621+0000] {spark_submit.py:634} INFO - 24/12/28 19:11:44 INFO SparkContext: Created broadcast 6 from broadcast at DAGScheduler.scala:1585
[2024-12-28T19:11:44.622+0000] {spark_submit.py:634} INFO - 24/12/28 19:11:44 INFO DAGScheduler: Submitting 1 missing tasks from ResultStage 3 (MapPartitionsRDD[20] at showString at NativeMethodAccessorImpl.java:0) (first 15 tasks are for partitions Vector(0))
[2024-12-28T19:11:44.623+0000] {spark_submit.py:634} INFO - 24/12/28 19:11:44 INFO TaskSchedulerImpl: Adding task set 3.0 with 1 tasks resource profile 0
[2024-12-28T19:11:44.624+0000] {spark_submit.py:634} INFO - 24/12/28 19:11:44 INFO TaskSetManager: Starting task 0.0 in stage 3.0 (TID 4) (172.18.0.9, executor 0, partition 0, PROCESS_LOCAL, 9602 bytes)
[2024-12-28T19:11:44.640+0000] {spark_submit.py:634} INFO - 24/12/28 19:11:44 INFO BlockManagerInfo: Added broadcast_6_piece0 in memory on 172.18.0.9:43399 (size: 7.5 KiB, free: 7.0 GiB)
[2024-12-28T19:11:44.683+0000] {spark_submit.py:634} INFO - 24/12/28 19:11:44 INFO BlockManagerInfo: Added broadcast_5_piece0 in memory on 172.18.0.9:43399 (size: 34.4 KiB, free: 7.0 GiB)
[2024-12-28T19:11:44.733+0000] {spark_submit.py:634} INFO - 24/12/28 19:11:44 INFO TaskSetManager: Finished task 0.0 in stage 3.0 (TID 4) in 109 ms on 172.18.0.9 (executor 0) (1/1)
[2024-12-28T19:11:44.734+0000] {spark_submit.py:634} INFO - 24/12/28 19:11:44 INFO TaskSchedulerImpl: Removed TaskSet 3.0, whose tasks have all completed, from pool
[2024-12-28T19:11:44.735+0000] {spark_submit.py:634} INFO - 24/12/28 19:11:44 INFO DAGScheduler: ResultStage 3 (showString at NativeMethodAccessorImpl.java:0) finished in 0.119 s
[2024-12-28T19:11:44.735+0000] {spark_submit.py:634} INFO - 24/12/28 19:11:44 INFO DAGScheduler: Job 3 is finished. Cancelling potential speculative or zombie tasks for this job
[2024-12-28T19:11:44.735+0000] {spark_submit.py:634} INFO - 24/12/28 19:11:44 INFO TaskSchedulerImpl: Killing all running tasks in stage 3: Stage finished
[2024-12-28T19:11:44.737+0000] {spark_submit.py:634} INFO - 24/12/28 19:11:44 INFO DAGScheduler: Job 3 finished: showString at NativeMethodAccessorImpl.java:0, took 0.123808 s
[2024-12-28T19:11:44.756+0000] {spark_submit.py:634} INFO - 24/12/28 19:11:44 INFO CodeGenerator: Code generated in 15.217794 ms
[2024-12-28T19:11:44.760+0000] {spark_submit.py:634} INFO - +-------+-----+
[2024-12-28T19:11:44.761+0000] {spark_submit.py:634} INFO - |   Name|Value|
[2024-12-28T19:11:44.761+0000] {spark_submit.py:634} INFO - +-------+-----+
[2024-12-28T19:11:44.761+0000] {spark_submit.py:634} INFO - |  Alice|    1|
[2024-12-28T19:11:44.761+0000] {spark_submit.py:634} INFO - |    Bob|    2|
[2024-12-28T19:11:44.762+0000] {spark_submit.py:634} INFO - |Charlie|    3|
[2024-12-28T19:11:44.762+0000] {spark_submit.py:634} INFO - +-------+-----+
[2024-12-28T19:11:44.762+0000] {spark_submit.py:634} INFO - 
[2024-12-28T19:11:44.796+0000] {spark_submit.py:634} INFO - 24/12/28 19:11:44 INFO FileSourceStrategy: Pushed Filters:
[2024-12-28T19:11:44.797+0000] {spark_submit.py:634} INFO - 24/12/28 19:11:44 INFO FileSourceStrategy: Post-Scan Filters:
[2024-12-28T19:11:44.814+0000] {spark_submit.py:634} INFO - 24/12/28 19:11:44 INFO MemoryStore: Block broadcast_7 stored as values in memory (estimated size 200.2 KiB, free 7.0 GiB)
[2024-12-28T19:11:44.837+0000] {spark_submit.py:634} INFO - 24/12/28 19:11:44 INFO BlockManagerInfo: Removed broadcast_3_piece0 on 172.18.0.9:43399 in memory (size: 34.4 KiB, free: 7.0 GiB)
[2024-12-28T19:11:44.839+0000] {spark_submit.py:634} INFO - 24/12/28 19:11:44 INFO BlockManagerInfo: Removed broadcast_3_piece0 on 471d7521a401:38637 in memory (size: 34.4 KiB, free: 7.0 GiB)
[2024-12-28T19:11:44.842+0000] {spark_submit.py:634} INFO - 24/12/28 19:11:44 INFO MemoryStore: Block broadcast_7_piece0 stored as bytes in memory (estimated size 34.4 KiB, free 7.0 GiB)
[2024-12-28T19:11:44.843+0000] {spark_submit.py:634} INFO - 24/12/28 19:11:44 INFO BlockManagerInfo: Added broadcast_7_piece0 in memory on 471d7521a401:38637 (size: 34.4 KiB, free: 7.0 GiB)
[2024-12-28T19:11:44.844+0000] {spark_submit.py:634} INFO - 24/12/28 19:11:44 INFO SparkContext: Created broadcast 7 from showString at NativeMethodAccessorImpl.java:0
[2024-12-28T19:11:44.845+0000] {spark_submit.py:634} INFO - 24/12/28 19:11:44 INFO FileSourceScanExec: Planning scan with bin packing, max size: 4194304 bytes, open cost is considered as scanning 4194304 bytes.
[2024-12-28T19:11:44.854+0000] {spark_submit.py:634} INFO - 24/12/28 19:11:44 INFO SparkContext: Starting job: showString at NativeMethodAccessorImpl.java:0
[2024-12-28T19:11:44.854+0000] {spark_submit.py:634} INFO - 24/12/28 19:11:44 INFO DAGScheduler: Got job 4 (showString at NativeMethodAccessorImpl.java:0) with 1 output partitions
[2024-12-28T19:11:44.855+0000] {spark_submit.py:634} INFO - 24/12/28 19:11:44 INFO DAGScheduler: Final stage: ResultStage 4 (showString at NativeMethodAccessorImpl.java:0)
[2024-12-28T19:11:44.855+0000] {spark_submit.py:634} INFO - 24/12/28 19:11:44 INFO DAGScheduler: Parents of final stage: List()
[2024-12-28T19:11:44.855+0000] {spark_submit.py:634} INFO - 24/12/28 19:11:44 INFO DAGScheduler: Missing parents: List()
[2024-12-28T19:11:44.855+0000] {spark_submit.py:634} INFO - 24/12/28 19:11:44 INFO DAGScheduler: Submitting ResultStage 4 (MapPartitionsRDD[24] at showString at NativeMethodAccessorImpl.java:0), which has no missing parents
[2024-12-28T19:11:44.857+0000] {spark_submit.py:634} INFO - 24/12/28 19:11:44 INFO MemoryStore: Block broadcast_8 stored as values in memory (estimated size 15.2 KiB, free 7.0 GiB)
[2024-12-28T19:11:44.859+0000] {spark_submit.py:634} INFO - 24/12/28 19:11:44 INFO MemoryStore: Block broadcast_8_piece0 stored as bytes in memory (estimated size 7.5 KiB, free 7.0 GiB)
[2024-12-28T19:11:44.859+0000] {spark_submit.py:634} INFO - 24/12/28 19:11:44 INFO BlockManagerInfo: Added broadcast_8_piece0 in memory on 471d7521a401:38637 (size: 7.5 KiB, free: 7.0 GiB)
[2024-12-28T19:11:44.860+0000] {spark_submit.py:634} INFO - 24/12/28 19:11:44 INFO SparkContext: Created broadcast 8 from broadcast at DAGScheduler.scala:1585
[2024-12-28T19:11:44.860+0000] {spark_submit.py:634} INFO - 24/12/28 19:11:44 INFO DAGScheduler: Submitting 1 missing tasks from ResultStage 4 (MapPartitionsRDD[24] at showString at NativeMethodAccessorImpl.java:0) (first 15 tasks are for partitions Vector(0))
[2024-12-28T19:11:44.860+0000] {spark_submit.py:634} INFO - 24/12/28 19:11:44 INFO TaskSchedulerImpl: Adding task set 4.0 with 1 tasks resource profile 0
[2024-12-28T19:11:44.862+0000] {spark_submit.py:634} INFO - 24/12/28 19:11:44 INFO TaskSetManager: Starting task 0.0 in stage 4.0 (TID 5) (172.18.0.9, executor 0, partition 0, PROCESS_LOCAL, 9602 bytes)
[2024-12-28T19:11:44.872+0000] {spark_submit.py:634} INFO - 24/12/28 19:11:44 INFO BlockManagerInfo: Removed broadcast_5_piece0 on 471d7521a401:38637 in memory (size: 34.4 KiB, free: 7.0 GiB)
[2024-12-28T19:11:44.874+0000] {spark_submit.py:634} INFO - 24/12/28 19:11:44 INFO BlockManagerInfo: Removed broadcast_5_piece0 on 172.18.0.9:43399 in memory (size: 34.4 KiB, free: 7.0 GiB)
[2024-12-28T19:11:44.879+0000] {spark_submit.py:634} INFO - 24/12/28 19:11:44 INFO BlockManagerInfo: Added broadcast_8_piece0 in memory on 172.18.0.9:43399 (size: 7.5 KiB, free: 7.0 GiB)
[2024-12-28T19:11:44.888+0000] {spark_submit.py:634} INFO - 24/12/28 19:11:44 INFO BlockManagerInfo: Removed broadcast_4_piece0 on 471d7521a401:38637 in memory (size: 12.8 KiB, free: 7.0 GiB)
[2024-12-28T19:11:44.889+0000] {spark_submit.py:634} INFO - 24/12/28 19:11:44 INFO BlockManagerInfo: Removed broadcast_4_piece0 on 172.18.0.9:43399 in memory (size: 12.8 KiB, free: 7.0 GiB)
[2024-12-28T19:11:44.899+0000] {spark_submit.py:634} INFO - 24/12/28 19:11:44 INFO BlockManagerInfo: Removed broadcast_6_piece0 on 471d7521a401:38637 in memory (size: 7.5 KiB, free: 7.0 GiB)
[2024-12-28T19:11:44.909+0000] {spark_submit.py:634} INFO - 24/12/28 19:11:44 INFO BlockManagerInfo: Removed broadcast_6_piece0 on 172.18.0.9:43399 in memory (size: 7.5 KiB, free: 7.0 GiB)
[2024-12-28T19:11:44.915+0000] {spark_submit.py:634} INFO - 24/12/28 19:11:44 INFO BlockManagerInfo: Added broadcast_7_piece0 in memory on 172.18.0.9:43399 (size: 34.4 KiB, free: 7.0 GiB)
[2024-12-28T19:11:44.943+0000] {spark_submit.py:634} INFO - 24/12/28 19:11:44 INFO TaskSetManager: Finished task 0.0 in stage 4.0 (TID 5) in 81 ms on 172.18.0.9 (executor 0) (1/1)
[2024-12-28T19:11:44.944+0000] {spark_submit.py:634} INFO - 24/12/28 19:11:44 INFO TaskSchedulerImpl: Removed TaskSet 4.0, whose tasks have all completed, from pool
[2024-12-28T19:11:44.951+0000] {spark_submit.py:634} INFO - 24/12/28 19:11:44 INFO DAGScheduler: ResultStage 4 (showString at NativeMethodAccessorImpl.java:0) finished in 0.087 s
[2024-12-28T19:11:44.951+0000] {spark_submit.py:634} INFO - 24/12/28 19:11:44 INFO DAGScheduler: Job 4 is finished. Cancelling potential speculative or zombie tasks for this job
[2024-12-28T19:11:44.952+0000] {spark_submit.py:634} INFO - 24/12/28 19:11:44 INFO TaskSchedulerImpl: Killing all running tasks in stage 4: Stage finished
[2024-12-28T19:11:44.960+0000] {spark_submit.py:634} INFO - 24/12/28 19:11:44 INFO DAGScheduler: Job 4 finished: showString at NativeMethodAccessorImpl.java:0, took 0.097673 s
[2024-12-28T19:11:44.962+0000] {spark_submit.py:634} INFO - +-------+-----+
[2024-12-28T19:11:44.962+0000] {spark_submit.py:634} INFO - |   Name|Value|
[2024-12-28T19:11:44.963+0000] {spark_submit.py:634} INFO - +-------+-----+
[2024-12-28T19:11:44.963+0000] {spark_submit.py:634} INFO - |  Alice|    1|
[2024-12-28T19:11:44.963+0000] {spark_submit.py:634} INFO - |    Bob|    2|
[2024-12-28T19:11:44.963+0000] {spark_submit.py:634} INFO - |Charlie|    3|
[2024-12-28T19:11:44.963+0000] {spark_submit.py:634} INFO - +-------+-----+
[2024-12-28T19:11:44.963+0000] {spark_submit.py:634} INFO - 
[2024-12-28T19:11:44.989+0000] {spark_submit.py:634} INFO - 24/12/28 19:11:44 INFO FileSourceStrategy: Pushed Filters:
[2024-12-28T19:11:44.990+0000] {spark_submit.py:634} INFO - 24/12/28 19:11:44 INFO FileSourceStrategy: Post-Scan Filters:
[2024-12-28T19:11:44.996+0000] {spark_submit.py:634} INFO - 24/12/28 19:11:44 INFO MemoryStore: Block broadcast_9 stored as values in memory (estimated size 200.2 KiB, free 7.0 GiB)
[2024-12-28T19:11:45.017+0000] {spark_submit.py:634} INFO - 24/12/28 19:11:45 INFO BlockManagerInfo: Removed broadcast_7_piece0 on 471d7521a401:38637 in memory (size: 34.4 KiB, free: 7.0 GiB)
[2024-12-28T19:11:45.018+0000] {spark_submit.py:634} INFO - 24/12/28 19:11:45 INFO MemoryStore: Block broadcast_9_piece0 stored as bytes in memory (estimated size 34.4 KiB, free 7.0 GiB)
[2024-12-28T19:11:45.019+0000] {spark_submit.py:634} INFO - 24/12/28 19:11:45 INFO BlockManagerInfo: Added broadcast_9_piece0 in memory on 471d7521a401:38637 (size: 34.4 KiB, free: 7.0 GiB)
[2024-12-28T19:11:45.019+0000] {spark_submit.py:634} INFO - 24/12/28 19:11:45 INFO SparkContext: Created broadcast 9 from toPandas at /opt/***/dags/spark_app/spark_1.py:16
[2024-12-28T19:11:45.020+0000] {spark_submit.py:634} INFO - 24/12/28 19:11:45 INFO FileSourceScanExec: Planning scan with bin packing, max size: 4194304 bytes, open cost is considered as scanning 4194304 bytes.
[2024-12-28T19:11:45.022+0000] {spark_submit.py:634} INFO - 24/12/28 19:11:45 INFO BlockManagerInfo: Removed broadcast_7_piece0 on 172.18.0.9:43399 in memory (size: 34.4 KiB, free: 7.0 GiB)
[2024-12-28T19:11:45.032+0000] {spark_submit.py:634} INFO - 24/12/28 19:11:45 INFO SparkContext: Starting job: toPandas at /opt/***/dags/spark_app/spark_1.py:16
[2024-12-28T19:11:45.033+0000] {spark_submit.py:634} INFO - 24/12/28 19:11:45 INFO DAGScheduler: Got job 5 (toPandas at /opt/***/dags/spark_app/spark_1.py:16) with 1 output partitions
[2024-12-28T19:11:45.033+0000] {spark_submit.py:634} INFO - 24/12/28 19:11:45 INFO DAGScheduler: Final stage: ResultStage 5 (toPandas at /opt/***/dags/spark_app/spark_1.py:16)
[2024-12-28T19:11:45.034+0000] {spark_submit.py:634} INFO - 24/12/28 19:11:45 INFO DAGScheduler: Parents of final stage: List()
[2024-12-28T19:11:45.034+0000] {spark_submit.py:634} INFO - 24/12/28 19:11:45 INFO DAGScheduler: Missing parents: List()
[2024-12-28T19:11:45.034+0000] {spark_submit.py:634} INFO - 24/12/28 19:11:45 INFO DAGScheduler: Submitting ResultStage 5 (MapPartitionsRDD[27] at toPandas at /opt/***/dags/spark_app/spark_1.py:16), which has no missing parents
[2024-12-28T19:11:45.036+0000] {spark_submit.py:634} INFO - 24/12/28 19:11:45 INFO MemoryStore: Block broadcast_10 stored as values in memory (estimated size 11.8 KiB, free 7.0 GiB)
[2024-12-28T19:11:45.037+0000] {spark_submit.py:634} INFO - 24/12/28 19:11:45 INFO MemoryStore: Block broadcast_10_piece0 stored as bytes in memory (estimated size 6.2 KiB, free 7.0 GiB)
[2024-12-28T19:11:45.038+0000] {spark_submit.py:634} INFO - 24/12/28 19:11:45 INFO BlockManagerInfo: Added broadcast_10_piece0 in memory on 471d7521a401:38637 (size: 6.2 KiB, free: 7.0 GiB)
[2024-12-28T19:11:45.040+0000] {spark_submit.py:634} INFO - 24/12/28 19:11:45 INFO SparkContext: Created broadcast 10 from broadcast at DAGScheduler.scala:1585
[2024-12-28T19:11:45.040+0000] {spark_submit.py:634} INFO - 24/12/28 19:11:45 INFO DAGScheduler: Submitting 1 missing tasks from ResultStage 5 (MapPartitionsRDD[27] at toPandas at /opt/***/dags/spark_app/spark_1.py:16) (first 15 tasks are for partitions Vector(0))
[2024-12-28T19:11:45.040+0000] {spark_submit.py:634} INFO - 24/12/28 19:11:45 INFO TaskSchedulerImpl: Adding task set 5.0 with 1 tasks resource profile 0
[2024-12-28T19:11:45.042+0000] {spark_submit.py:634} INFO - 24/12/28 19:11:45 INFO BlockManagerInfo: Removed broadcast_8_piece0 on 471d7521a401:38637 in memory (size: 7.5 KiB, free: 7.0 GiB)
[2024-12-28T19:11:45.042+0000] {spark_submit.py:634} INFO - 24/12/28 19:11:45 INFO TaskSetManager: Starting task 0.0 in stage 5.0 (TID 6) (172.18.0.9, executor 0, partition 0, PROCESS_LOCAL, 9602 bytes)
[2024-12-28T19:11:45.051+0000] {spark_submit.py:634} INFO - 24/12/28 19:11:45 INFO BlockManagerInfo: Removed broadcast_8_piece0 on 172.18.0.9:43399 in memory (size: 7.5 KiB, free: 7.0 GiB)
[2024-12-28T19:11:45.065+0000] {spark_submit.py:634} INFO - 24/12/28 19:11:45 INFO BlockManagerInfo: Added broadcast_10_piece0 in memory on 172.18.0.9:43399 (size: 6.2 KiB, free: 7.0 GiB)
[2024-12-28T19:11:45.093+0000] {spark_submit.py:634} INFO - 24/12/28 19:11:45 INFO BlockManagerInfo: Added broadcast_9_piece0 in memory on 172.18.0.9:43399 (size: 34.4 KiB, free: 7.0 GiB)
[2024-12-28T19:11:45.133+0000] {spark_submit.py:634} INFO - 24/12/28 19:11:45 INFO TaskSetManager: Finished task 0.0 in stage 5.0 (TID 6) in 87 ms on 172.18.0.9 (executor 0) (1/1)
[2024-12-28T19:11:45.133+0000] {spark_submit.py:634} INFO - 24/12/28 19:11:45 INFO TaskSchedulerImpl: Removed TaskSet 5.0, whose tasks have all completed, from pool
[2024-12-28T19:11:45.134+0000] {spark_submit.py:634} INFO - 24/12/28 19:11:45 INFO DAGScheduler: ResultStage 5 (toPandas at /opt/***/dags/spark_app/spark_1.py:16) finished in 0.096 s
[2024-12-28T19:11:45.134+0000] {spark_submit.py:634} INFO - 24/12/28 19:11:45 INFO DAGScheduler: Job 5 is finished. Cancelling potential speculative or zombie tasks for this job
[2024-12-28T19:11:45.134+0000] {spark_submit.py:634} INFO - 24/12/28 19:11:45 INFO TaskSchedulerImpl: Killing all running tasks in stage 5: Stage finished
[2024-12-28T19:11:45.134+0000] {spark_submit.py:634} INFO - 24/12/28 19:11:45 INFO DAGScheduler: Job 5 finished: toPandas at /opt/***/dags/spark_app/spark_1.py:16, took 0.099140 s
[2024-12-28T19:11:45.147+0000] {spark_submit.py:634} INFO - 24/12/28 19:11:45 INFO SparkContext: SparkContext is stopping with exitCode 0.
[2024-12-28T19:11:45.156+0000] {spark_submit.py:634} INFO - 24/12/28 19:11:45 INFO SparkUI: Stopped Spark web UI at http://471d7521a401:4040
[2024-12-28T19:11:45.163+0000] {spark_submit.py:634} INFO - 24/12/28 19:11:45 INFO StandaloneSchedulerBackend: Shutting down all executors
[2024-12-28T19:11:45.164+0000] {spark_submit.py:634} INFO - 24/12/28 19:11:45 INFO StandaloneSchedulerBackend$StandaloneDriverEndpoint: Asking each executor to shut down
[2024-12-28T19:11:45.188+0000] {spark_submit.py:634} INFO - 24/12/28 19:11:45 INFO MapOutputTrackerMasterEndpoint: MapOutputTrackerMasterEndpoint stopped!
[2024-12-28T19:11:45.203+0000] {spark_submit.py:634} INFO - 24/12/28 19:11:45 INFO MemoryStore: MemoryStore cleared
[2024-12-28T19:11:45.204+0000] {spark_submit.py:634} INFO - 24/12/28 19:11:45 INFO BlockManager: BlockManager stopped
[2024-12-28T19:11:45.209+0000] {spark_submit.py:634} INFO - 24/12/28 19:11:45 INFO BlockManagerMaster: BlockManagerMaster stopped
[2024-12-28T19:11:45.217+0000] {spark_submit.py:634} INFO - 24/12/28 19:11:45 INFO OutputCommitCoordinator$OutputCommitCoordinatorEndpoint: OutputCommitCoordinator stopped!
[2024-12-28T19:11:45.237+0000] {spark_submit.py:634} INFO - 24/12/28 19:11:45 INFO SparkContext: Successfully stopped SparkContext
[2024-12-28T19:11:45.485+0000] {spark_submit.py:634} INFO - 24/12/28 19:11:45 INFO ShutdownHookManager: Shutdown hook called
[2024-12-28T19:11:45.485+0000] {spark_submit.py:634} INFO - 24/12/28 19:11:45 INFO ShutdownHookManager: Deleting directory /tmp/spark-bc0310e2-134d-4c89-b079-8425a4aec6b6
[2024-12-28T19:11:45.489+0000] {spark_submit.py:634} INFO - 24/12/28 19:11:45 INFO ShutdownHookManager: Deleting directory /tmp/spark-bc0310e2-134d-4c89-b079-8425a4aec6b6/pyspark-4992d950-e049-46ae-be2b-fba5e3e06173
[2024-12-28T19:11:45.492+0000] {spark_submit.py:634} INFO - 24/12/28 19:11:45 INFO ShutdownHookManager: Deleting directory /tmp/spark-767d5c18-3ccd-4514-bedc-863b9acc17ae
[2024-12-28T19:11:45.526+0000] {taskinstance.py:340} INFO - ::group::Post task execution logs
[2024-12-28T19:11:45.526+0000] {taskinstance.py:352} INFO - Marking task as SUCCESS. dag_id=spark_clickhouse_example, task_id=spark_submit_job, run_id=manual__2024-12-28T19:11:30.998664+00:00, execution_date=20241228T191130, start_date=20241228T191132, end_date=20241228T191145
[2024-12-28T19:11:45.558+0000] {local_task_job_runner.py:266} INFO - Task exited with return code 0
[2024-12-28T19:11:45.574+0000] {taskinstance.py:3895} INFO - 1 downstream tasks scheduled from follow-on schedule check
[2024-12-28T19:11:45.575+0000] {local_task_job_runner.py:245} INFO - ::endgroup::
