[2025-01-14T20:23:08.578+0000] {processor.py:186} INFO - Started process (PID=30) to work on /opt/airflow/dags/spark_example.py
[2025-01-14T20:23:08.579+0000] {processor.py:914} INFO - Processing file /opt/airflow/dags/spark_example.py for tasks to queue
[2025-01-14T20:23:08.581+0000] {logging_mixin.py:190} INFO - [2025-01-14T20:23:08.580+0000] {dagbag.py:588} INFO - Filling up the DagBag from /opt/airflow/dags/spark_example.py
[2025-01-14T20:23:08.596+0000] {processor.py:925} INFO - DAG(s) 'spark_example' retrieved from /opt/airflow/dags/spark_example.py
[2025-01-14T20:23:08.638+0000] {logging_mixin.py:190} INFO - [2025-01-14T20:23:08.637+0000] {dag.py:3239} INFO - Sync 1 DAGs
[2025-01-14T20:23:08.660+0000] {logging_mixin.py:190} INFO - [2025-01-14T20:23:08.660+0000] {dag.py:4180} INFO - Setting next_dagrun for spark_example to None, run_after=None
[2025-01-14T20:23:08.682+0000] {processor.py:208} INFO - Processing /opt/airflow/dags/spark_example.py took 0.126 seconds
[2025-01-14T20:23:39.317+0000] {processor.py:186} INFO - Started process (PID=40) to work on /opt/airflow/dags/spark_example.py
[2025-01-14T20:23:39.318+0000] {processor.py:914} INFO - Processing file /opt/airflow/dags/spark_example.py for tasks to queue
[2025-01-14T20:23:39.319+0000] {logging_mixin.py:190} INFO - [2025-01-14T20:23:39.319+0000] {dagbag.py:588} INFO - Filling up the DagBag from /opt/airflow/dags/spark_example.py
[2025-01-14T20:23:39.324+0000] {processor.py:925} INFO - DAG(s) 'spark_example' retrieved from /opt/airflow/dags/spark_example.py
[2025-01-14T20:23:39.350+0000] {logging_mixin.py:190} INFO - [2025-01-14T20:23:39.350+0000] {dag.py:3239} INFO - Sync 1 DAGs
[2025-01-14T20:23:39.365+0000] {logging_mixin.py:190} INFO - [2025-01-14T20:23:39.365+0000] {dag.py:4180} INFO - Setting next_dagrun for spark_example to None, run_after=None
[2025-01-14T20:23:39.382+0000] {processor.py:208} INFO - Processing /opt/airflow/dags/spark_example.py took 0.069 seconds
[2025-01-14T20:24:09.682+0000] {processor.py:186} INFO - Started process (PID=49) to work on /opt/airflow/dags/spark_example.py
[2025-01-14T20:24:09.683+0000] {processor.py:914} INFO - Processing file /opt/airflow/dags/spark_example.py for tasks to queue
[2025-01-14T20:24:09.684+0000] {logging_mixin.py:190} INFO - [2025-01-14T20:24:09.684+0000] {dagbag.py:588} INFO - Filling up the DagBag from /opt/airflow/dags/spark_example.py
[2025-01-14T20:24:09.690+0000] {processor.py:925} INFO - DAG(s) 'spark_example' retrieved from /opt/airflow/dags/spark_example.py
[2025-01-14T20:24:09.711+0000] {logging_mixin.py:190} INFO - [2025-01-14T20:24:09.711+0000] {dag.py:3239} INFO - Sync 1 DAGs
[2025-01-14T20:24:09.723+0000] {logging_mixin.py:190} INFO - [2025-01-14T20:24:09.723+0000] {dag.py:4180} INFO - Setting next_dagrun for spark_example to None, run_after=None
[2025-01-14T20:24:09.737+0000] {processor.py:208} INFO - Processing /opt/airflow/dags/spark_example.py took 0.060 seconds
[2025-01-14T20:24:40.046+0000] {processor.py:186} INFO - Started process (PID=58) to work on /opt/airflow/dags/spark_example.py
[2025-01-14T20:24:40.047+0000] {processor.py:914} INFO - Processing file /opt/airflow/dags/spark_example.py for tasks to queue
[2025-01-14T20:24:40.048+0000] {logging_mixin.py:190} INFO - [2025-01-14T20:24:40.048+0000] {dagbag.py:588} INFO - Filling up the DagBag from /opt/airflow/dags/spark_example.py
[2025-01-14T20:24:40.053+0000] {processor.py:925} INFO - DAG(s) 'spark_example' retrieved from /opt/airflow/dags/spark_example.py
[2025-01-14T20:24:40.073+0000] {logging_mixin.py:190} INFO - [2025-01-14T20:24:40.073+0000] {dag.py:3239} INFO - Sync 1 DAGs
[2025-01-14T20:24:40.086+0000] {logging_mixin.py:190} INFO - [2025-01-14T20:24:40.086+0000] {dag.py:4180} INFO - Setting next_dagrun for spark_example to None, run_after=None
[2025-01-14T20:24:40.103+0000] {processor.py:208} INFO - Processing /opt/airflow/dags/spark_example.py took 0.062 seconds
[2025-01-14T20:25:10.641+0000] {processor.py:186} INFO - Started process (PID=67) to work on /opt/airflow/dags/spark_example.py
[2025-01-14T20:25:10.646+0000] {processor.py:914} INFO - Processing file /opt/airflow/dags/spark_example.py for tasks to queue
[2025-01-14T20:25:10.649+0000] {logging_mixin.py:190} INFO - [2025-01-14T20:25:10.648+0000] {dagbag.py:588} INFO - Filling up the DagBag from /opt/airflow/dags/spark_example.py
[2025-01-14T20:25:10.657+0000] {processor.py:925} INFO - DAG(s) 'spark_example' retrieved from /opt/airflow/dags/spark_example.py
[2025-01-14T20:25:10.680+0000] {logging_mixin.py:190} INFO - [2025-01-14T20:25:10.680+0000] {dag.py:3239} INFO - Sync 1 DAGs
[2025-01-14T20:25:10.693+0000] {logging_mixin.py:190} INFO - [2025-01-14T20:25:10.692+0000] {dag.py:4180} INFO - Setting next_dagrun for spark_example to None, run_after=None
[2025-01-14T20:25:10.706+0000] {processor.py:208} INFO - Processing /opt/airflow/dags/spark_example.py took 0.070 seconds
[2025-01-14T20:25:41.130+0000] {processor.py:186} INFO - Started process (PID=75) to work on /opt/airflow/dags/spark_example.py
[2025-01-14T20:25:41.130+0000] {processor.py:914} INFO - Processing file /opt/airflow/dags/spark_example.py for tasks to queue
[2025-01-14T20:25:41.132+0000] {logging_mixin.py:190} INFO - [2025-01-14T20:25:41.132+0000] {dagbag.py:588} INFO - Filling up the DagBag from /opt/airflow/dags/spark_example.py
[2025-01-14T20:25:41.137+0000] {processor.py:925} INFO - DAG(s) 'spark_example' retrieved from /opt/airflow/dags/spark_example.py
[2025-01-14T20:25:41.157+0000] {logging_mixin.py:190} INFO - [2025-01-14T20:25:41.157+0000] {dag.py:3239} INFO - Sync 1 DAGs
[2025-01-14T20:25:41.169+0000] {logging_mixin.py:190} INFO - [2025-01-14T20:25:41.169+0000] {dag.py:4180} INFO - Setting next_dagrun for spark_example to None, run_after=None
[2025-01-14T20:25:41.308+0000] {processor.py:208} INFO - Processing /opt/airflow/dags/spark_example.py took 0.183 seconds
[2025-01-14T20:26:11.608+0000] {processor.py:186} INFO - Started process (PID=84) to work on /opt/airflow/dags/spark_example.py
[2025-01-14T20:26:11.611+0000] {processor.py:914} INFO - Processing file /opt/airflow/dags/spark_example.py for tasks to queue
[2025-01-14T20:26:11.613+0000] {logging_mixin.py:190} INFO - [2025-01-14T20:26:11.613+0000] {dagbag.py:588} INFO - Filling up the DagBag from /opt/airflow/dags/spark_example.py
[2025-01-14T20:26:11.620+0000] {processor.py:925} INFO - DAG(s) 'spark_example' retrieved from /opt/airflow/dags/spark_example.py
[2025-01-14T20:26:11.647+0000] {logging_mixin.py:190} INFO - [2025-01-14T20:26:11.646+0000] {dag.py:3239} INFO - Sync 1 DAGs
[2025-01-14T20:26:11.785+0000] {logging_mixin.py:190} INFO - [2025-01-14T20:26:11.785+0000] {dag.py:4180} INFO - Setting next_dagrun for spark_example to None, run_after=None
[2025-01-14T20:26:11.802+0000] {processor.py:208} INFO - Processing /opt/airflow/dags/spark_example.py took 0.199 seconds
