[2025-01-18T19:44:34.062+0000] {local_task_job_runner.py:123} INFO - ::group::Pre task execution logs
[2025-01-18T19:44:34.073+0000] {taskinstance.py:2613} INFO - Dependencies all met for dep_context=non-requeueable deps ti=<TaskInstance: spark_clickhouse_example.spark_submit_job manual__2025-01-18T19:44:33.157550+00:00 [queued]>
[2025-01-18T19:44:34.079+0000] {taskinstance.py:2613} INFO - Dependencies all met for dep_context=requeueable deps ti=<TaskInstance: spark_clickhouse_example.spark_submit_job manual__2025-01-18T19:44:33.157550+00:00 [queued]>
[2025-01-18T19:44:34.080+0000] {taskinstance.py:2866} INFO - Starting attempt 1 of 1
[2025-01-18T19:44:34.089+0000] {taskinstance.py:2889} INFO - Executing <Task(SparkSubmitOperator): spark_submit_job> on 2025-01-18 19:44:33.157550+00:00
[2025-01-18T19:44:34.095+0000] {warnings.py:112} WARNING - /home/***/.local/lib/python3.12/site-packages/***/task/task_runner/standard_task_runner.py:70: DeprecationWarning: This process (pid=810) is multi-threaded, use of fork() may lead to deadlocks in the child.
  pid = os.fork()

[2025-01-18T19:44:34.096+0000] {standard_task_runner.py:72} INFO - Started process 811 to run task
[2025-01-18T19:44:34.097+0000] {standard_task_runner.py:104} INFO - Running: ['***', 'tasks', 'run', 'spark_clickhouse_example', 'spark_submit_job', 'manual__2025-01-18T19:44:33.157550+00:00', '--job-id', '45', '--raw', '--subdir', 'DAGS_FOLDER/test_spark_clickhouse.py', '--cfg-path', '/tmp/tmpy271g883']
[2025-01-18T19:44:34.098+0000] {standard_task_runner.py:105} INFO - Job 45: Subtask spark_submit_job
[2025-01-18T19:44:34.127+0000] {task_command.py:467} INFO - Running <TaskInstance: spark_clickhouse_example.spark_submit_job manual__2025-01-18T19:44:33.157550+00:00 [running]> on host 471d7521a401
[2025-01-18T19:44:34.186+0000] {taskinstance.py:3132} INFO - Exporting env vars: AIRFLOW_CTX_DAG_OWNER='TKO' AIRFLOW_CTX_DAG_ID='spark_clickhouse_example' AIRFLOW_CTX_TASK_ID='spark_submit_job' AIRFLOW_CTX_EXECUTION_DATE='2025-01-18T19:44:33.157550+00:00' AIRFLOW_CTX_TRY_NUMBER='1' AIRFLOW_CTX_DAG_RUN_ID='manual__2025-01-18T19:44:33.157550+00:00'
[2025-01-18T19:44:34.187+0000] {taskinstance.py:731} INFO - ::endgroup::
[2025-01-18T19:44:34.194+0000] {base.py:84} INFO - Retrieving connection 'spark'
[2025-01-18T19:44:34.195+0000] {spark_submit.py:327} ERROR - Failed to decode base64 keytab: Incorrect padding
[2025-01-18T19:44:34.195+0000] {spark_submit.py:304} INFO - Could not load connection string spark, defaulting to spark://spark-master:7077
[2025-01-18T19:44:34.197+0000] {spark_submit.py:473} INFO - Spark-Submit cmd: spark-submit --master spark://spark-master:7077 --packages com.clickhouse.spark:clickhouse-spark-runtime-3.5_2.12:0.8.1,com.clickhouse:clickhouse-jdbc:0.7.0,com.clickhouse:clickhouse-client:0.7.0,com.clickhouse:clickhouse-http-client:0.7.0,org.apache.httpcomponents.client5:httpclient5:5.3.1 --executor-memory 12g --driver-memory 12g --name arrow-spark --verbose --deploy-mode client dags/spark_app/spark_1.py
[2025-01-18T19:44:35.299+0000] {spark_submit.py:634} INFO - Using properties file: null
[2025-01-18T19:44:35.387+0000] {spark_submit.py:634} INFO - Parsed arguments:
[2025-01-18T19:44:35.388+0000] {spark_submit.py:634} INFO - master                  spark://spark-master:7077
[2025-01-18T19:44:35.388+0000] {spark_submit.py:634} INFO - remote                  null
[2025-01-18T19:44:35.388+0000] {spark_submit.py:634} INFO - deployMode              client
[2025-01-18T19:44:35.389+0000] {spark_submit.py:634} INFO - executorMemory          12g
[2025-01-18T19:44:35.389+0000] {spark_submit.py:634} INFO - executorCores           null
[2025-01-18T19:44:35.389+0000] {spark_submit.py:634} INFO - totalExecutorCores      null
[2025-01-18T19:44:35.389+0000] {spark_submit.py:634} INFO - propertiesFile          null
[2025-01-18T19:44:35.389+0000] {spark_submit.py:634} INFO - driverMemory            12g
[2025-01-18T19:44:35.389+0000] {spark_submit.py:634} INFO - driverCores             null
[2025-01-18T19:44:35.389+0000] {spark_submit.py:634} INFO - driverExtraClassPath    null
[2025-01-18T19:44:35.389+0000] {spark_submit.py:634} INFO - driverExtraLibraryPath  null
[2025-01-18T19:44:35.389+0000] {spark_submit.py:634} INFO - driverExtraJavaOptions  null
[2025-01-18T19:44:35.390+0000] {spark_submit.py:634} INFO - supervise               false
[2025-01-18T19:44:35.390+0000] {spark_submit.py:634} INFO - queue                   null
[2025-01-18T19:44:35.390+0000] {spark_submit.py:634} INFO - numExecutors            null
[2025-01-18T19:44:35.390+0000] {spark_submit.py:634} INFO - files                   null
[2025-01-18T19:44:35.390+0000] {spark_submit.py:634} INFO - pyFiles                 null
[2025-01-18T19:44:35.390+0000] {spark_submit.py:634} INFO - archives                null
[2025-01-18T19:44:35.390+0000] {spark_submit.py:634} INFO - mainClass               null
[2025-01-18T19:44:35.390+0000] {spark_submit.py:634} INFO - primaryResource         file:/opt/***/dags/spark_app/spark_1.py
[2025-01-18T19:44:35.390+0000] {spark_submit.py:634} INFO - name                    arrow-spark
[2025-01-18T19:44:35.390+0000] {spark_submit.py:634} INFO - childArgs               []
[2025-01-18T19:44:35.391+0000] {spark_submit.py:634} INFO - jars                    null
[2025-01-18T19:44:35.391+0000] {spark_submit.py:634} INFO - packages                com.clickhouse.spark:clickhouse-spark-runtime-3.5_2.12:0.8.1,com.clickhouse:clickhouse-jdbc:0.7.0,com.clickhouse:clickhouse-client:0.7.0,com.clickhouse:clickhouse-http-client:0.7.0,org.apache.httpcomponents.client5:httpclient5:5.3.1
[2025-01-18T19:44:35.391+0000] {spark_submit.py:634} INFO - packagesExclusions      null
[2025-01-18T19:44:35.391+0000] {spark_submit.py:634} INFO - repositories            null
[2025-01-18T19:44:35.391+0000] {spark_submit.py:634} INFO - verbose                 true
[2025-01-18T19:44:35.391+0000] {spark_submit.py:634} INFO - 
[2025-01-18T19:44:35.391+0000] {spark_submit.py:634} INFO - Spark properties used, including those specified through
[2025-01-18T19:44:35.391+0000] {spark_submit.py:634} INFO - --conf and those from the properties file null:
[2025-01-18T19:44:35.391+0000] {spark_submit.py:634} INFO - (spark.driver.memory,12g)
[2025-01-18T19:44:35.392+0000] {spark_submit.py:634} INFO - 
[2025-01-18T19:44:35.392+0000] {spark_submit.py:634} INFO - 
[2025-01-18T19:44:35.484+0000] {spark_submit.py:634} INFO - :: loading settings :: url = jar:file:/home/***/.local/lib/python3.12/site-packages/pyspark/jars/ivy-2.5.1.jar!/org/apache/ivy/core/settings/ivysettings.xml
[2025-01-18T19:44:35.542+0000] {spark_submit.py:634} INFO - Ivy Default Cache set to: /home/***/.ivy2/cache
[2025-01-18T19:44:35.543+0000] {spark_submit.py:634} INFO - The jars for the packages stored in: /home/***/.ivy2/jars
[2025-01-18T19:44:35.546+0000] {spark_submit.py:634} INFO - com.clickhouse.spark#clickhouse-spark-runtime-3.5_2.12 added as a dependency
[2025-01-18T19:44:35.547+0000] {spark_submit.py:634} INFO - com.clickhouse#clickhouse-jdbc added as a dependency
[2025-01-18T19:44:35.547+0000] {spark_submit.py:634} INFO - com.clickhouse#clickhouse-client added as a dependency
[2025-01-18T19:44:35.547+0000] {spark_submit.py:634} INFO - com.clickhouse#clickhouse-http-client added as a dependency
[2025-01-18T19:44:35.547+0000] {spark_submit.py:634} INFO - org.apache.httpcomponents.client5#httpclient5 added as a dependency
[2025-01-18T19:44:35.547+0000] {spark_submit.py:634} INFO - :: resolving dependencies :: org.apache.spark#spark-submit-parent-f2c50a49-c718-40b4-9174-0b525ec53bcf;1.0
[2025-01-18T19:44:35.548+0000] {spark_submit.py:634} INFO - confs: [default]
[2025-01-18T19:44:35.653+0000] {spark_submit.py:634} INFO - found com.clickhouse.spark#clickhouse-spark-runtime-3.5_2.12;0.8.1 in central
[2025-01-18T19:44:35.679+0000] {spark_submit.py:634} INFO - found com.clickhouse#clickhouse-jdbc;0.7.0 in central
[2025-01-18T19:44:35.702+0000] {spark_submit.py:634} INFO - found com.clickhouse#clickhouse-client;0.7.0 in central
[2025-01-18T19:44:35.723+0000] {spark_submit.py:634} INFO - found com.clickhouse#clickhouse-data;0.7.0 in central
[2025-01-18T19:44:35.757+0000] {spark_submit.py:634} INFO - found com.clickhouse#clickhouse-http-client;0.7.0 in central
[2025-01-18T19:44:35.788+0000] {spark_submit.py:634} INFO - found org.apache.httpcomponents.client5#httpclient5;5.3.1 in central
[2025-01-18T19:44:35.810+0000] {spark_submit.py:634} INFO - found org.apache.httpcomponents.core5#httpcore5;5.2.4 in central
[2025-01-18T19:44:35.831+0000] {spark_submit.py:634} INFO - found org.apache.httpcomponents.core5#httpcore5-h2;5.2.4 in central
[2025-01-18T19:44:35.850+0000] {spark_submit.py:634} INFO - found org.slf4j#slf4j-api;1.7.36 in central
[2025-01-18T19:44:35.876+0000] {spark_submit.py:634} INFO - :: resolution report :: resolve 314ms :: artifacts dl 15ms
[2025-01-18T19:44:35.876+0000] {spark_submit.py:634} INFO - :: modules in use:
[2025-01-18T19:44:35.877+0000] {spark_submit.py:634} INFO - com.clickhouse#clickhouse-client;0.7.0 from central in [default]
[2025-01-18T19:44:35.877+0000] {spark_submit.py:634} INFO - com.clickhouse#clickhouse-data;0.7.0 from central in [default]
[2025-01-18T19:44:35.877+0000] {spark_submit.py:634} INFO - com.clickhouse#clickhouse-http-client;0.7.0 from central in [default]
[2025-01-18T19:44:35.877+0000] {spark_submit.py:634} INFO - com.clickhouse#clickhouse-jdbc;0.7.0 from central in [default]
[2025-01-18T19:44:35.877+0000] {spark_submit.py:634} INFO - com.clickhouse.spark#clickhouse-spark-runtime-3.5_2.12;0.8.1 from central in [default]
[2025-01-18T19:44:35.878+0000] {spark_submit.py:634} INFO - org.apache.httpcomponents.client5#httpclient5;5.3.1 from central in [default]
[2025-01-18T19:44:35.878+0000] {spark_submit.py:634} INFO - org.apache.httpcomponents.core5#httpcore5;5.2.4 from central in [default]
[2025-01-18T19:44:35.878+0000] {spark_submit.py:634} INFO - org.apache.httpcomponents.core5#httpcore5-h2;5.2.4 from central in [default]
[2025-01-18T19:44:35.878+0000] {spark_submit.py:634} INFO - org.slf4j#slf4j-api;1.7.36 from central in [default]
[2025-01-18T19:44:35.878+0000] {spark_submit.py:634} INFO - :: evicted modules:
[2025-01-18T19:44:35.878+0000] {spark_submit.py:634} INFO - com.clickhouse#clickhouse-http-client;0.7.0-SNAPSHOT by [com.clickhouse#clickhouse-http-client;0.7.0] in [default]
[2025-01-18T19:44:35.879+0000] {spark_submit.py:634} INFO - ---------------------------------------------------------------------
[2025-01-18T19:44:35.879+0000] {spark_submit.py:634} INFO - |                  |            modules            ||   artifacts   |
[2025-01-18T19:44:35.879+0000] {spark_submit.py:634} INFO - |       conf       | number| search|dwnlded|evicted|| number|dwnlded|
[2025-01-18T19:44:35.879+0000] {spark_submit.py:634} INFO - ---------------------------------------------------------------------
[2025-01-18T19:44:35.879+0000] {spark_submit.py:634} INFO - |      default     |   10  |   0   |   0   |   1   ||   9   |   0   |
[2025-01-18T19:44:35.880+0000] {spark_submit.py:634} INFO - ---------------------------------------------------------------------
[2025-01-18T19:44:35.883+0000] {spark_submit.py:634} INFO - :: retrieving :: org.apache.spark#spark-submit-parent-f2c50a49-c718-40b4-9174-0b525ec53bcf
[2025-01-18T19:44:35.884+0000] {spark_submit.py:634} INFO - confs: [default]
[2025-01-18T19:44:35.891+0000] {spark_submit.py:634} INFO - 0 artifacts copied, 9 already retrieved (0kB/8ms)
[2025-01-18T19:44:36.042+0000] {spark_submit.py:634} INFO - 25/01/18 19:44:36 WARN NativeCodeLoader: Unable to load native-hadoop library for your platform... using builtin-java classes where applicable
[2025-01-18T19:44:36.192+0000] {spark_submit.py:634} INFO - Main class:
[2025-01-18T19:44:36.193+0000] {spark_submit.py:634} INFO - org.apache.spark.deploy.PythonRunner
[2025-01-18T19:44:36.193+0000] {spark_submit.py:634} INFO - Arguments:
[2025-01-18T19:44:36.193+0000] {spark_submit.py:634} INFO - file:/opt/***/dags/spark_app/spark_1.py
[2025-01-18T19:44:36.194+0000] {spark_submit.py:634} INFO - file:///home/***/.ivy2/jars/com.clickhouse.spark_clickhouse-spark-runtime-3.5_2.12-0.8.1.jar,file:///home/***/.ivy2/jars/com.clickhouse_clickhouse-jdbc-0.7.0.jar,file:///home/***/.ivy2/jars/com.clickhouse_clickhouse-client-0.7.0.jar,file:///home/***/.ivy2/jars/com.clickhouse_clickhouse-http-client-0.7.0.jar,file:///home/***/.ivy2/jars/org.apache.httpcomponents.client5_httpclient5-5.3.1.jar,file:///home/***/.ivy2/jars/com.clickhouse_clickhouse-data-0.7.0.jar,file:///home/***/.ivy2/jars/org.apache.httpcomponents.core5_httpcore5-5.2.4.jar,file:///home/***/.ivy2/jars/org.apache.httpcomponents.core5_httpcore5-h2-5.2.4.jar,file:///home/***/.ivy2/jars/org.slf4j_slf4j-api-1.7.36.jar
[2025-01-18T19:44:36.196+0000] {spark_submit.py:634} INFO - Spark config:
[2025-01-18T19:44:36.196+0000] {spark_submit.py:634} INFO - (spark.app.name,arrow-spark)
[2025-01-18T19:44:36.196+0000] {spark_submit.py:634} INFO - (spark.app.submitTime,1737229476178)
[2025-01-18T19:44:36.197+0000] {spark_submit.py:634} INFO - (spark.driver.memory,12g)
[2025-01-18T19:44:36.197+0000] {spark_submit.py:634} INFO - (spark.executor.memory,12g)
[2025-01-18T19:44:36.197+0000] {spark_submit.py:634} INFO - (spark.files,file:///home/***/.ivy2/jars/com.clickhouse.spark_clickhouse-spark-runtime-3.5_2.12-0.8.1.jar,file:///home/***/.ivy2/jars/com.clickhouse_clickhouse-jdbc-0.7.0.jar,file:///home/***/.ivy2/jars/com.clickhouse_clickhouse-client-0.7.0.jar,file:///home/***/.ivy2/jars/com.clickhouse_clickhouse-http-client-0.7.0.jar,file:///home/***/.ivy2/jars/org.apache.httpcomponents.client5_httpclient5-5.3.1.jar,file:///home/***/.ivy2/jars/com.clickhouse_clickhouse-data-0.7.0.jar,file:///home/***/.ivy2/jars/org.apache.httpcomponents.core5_httpcore5-5.2.4.jar,file:///home/***/.ivy2/jars/org.apache.httpcomponents.core5_httpcore5-h2-5.2.4.jar,file:///home/***/.ivy2/jars/org.slf4j_slf4j-api-1.7.36.jar)
[2025-01-18T19:44:36.197+0000] {spark_submit.py:634} INFO - (spark.jars,file:///home/***/.ivy2/jars/com.clickhouse.spark_clickhouse-spark-runtime-3.5_2.12-0.8.1.jar,file:///home/***/.ivy2/jars/com.clickhouse_clickhouse-jdbc-0.7.0.jar,file:///home/***/.ivy2/jars/com.clickhouse_clickhouse-client-0.7.0.jar,file:///home/***/.ivy2/jars/com.clickhouse_clickhouse-http-client-0.7.0.jar,file:///home/***/.ivy2/jars/org.apache.httpcomponents.client5_httpclient5-5.3.1.jar,file:///home/***/.ivy2/jars/com.clickhouse_clickhouse-data-0.7.0.jar,file:///home/***/.ivy2/jars/org.apache.httpcomponents.core5_httpcore5-5.2.4.jar,file:///home/***/.ivy2/jars/org.apache.httpcomponents.core5_httpcore5-h2-5.2.4.jar,file:///home/***/.ivy2/jars/org.slf4j_slf4j-api-1.7.36.jar)
[2025-01-18T19:44:36.198+0000] {spark_submit.py:634} INFO - (spark.master,spark://spark-master:7077)
[2025-01-18T19:44:36.198+0000] {spark_submit.py:634} INFO - (spark.repl.local.jars,file:///home/***/.ivy2/jars/com.clickhouse.spark_clickhouse-spark-runtime-3.5_2.12-0.8.1.jar,file:///home/***/.ivy2/jars/com.clickhouse_clickhouse-jdbc-0.7.0.jar,file:///home/***/.ivy2/jars/com.clickhouse_clickhouse-client-0.7.0.jar,file:///home/***/.ivy2/jars/com.clickhouse_clickhouse-http-client-0.7.0.jar,file:///home/***/.ivy2/jars/org.apache.httpcomponents.client5_httpclient5-5.3.1.jar,file:///home/***/.ivy2/jars/com.clickhouse_clickhouse-data-0.7.0.jar,file:///home/***/.ivy2/jars/org.apache.httpcomponents.core5_httpcore5-5.2.4.jar,file:///home/***/.ivy2/jars/org.apache.httpcomponents.core5_httpcore5-h2-5.2.4.jar,file:///home/***/.ivy2/jars/org.slf4j_slf4j-api-1.7.36.jar)
[2025-01-18T19:44:36.198+0000] {spark_submit.py:634} INFO - (spark.submit.deployMode,client)
[2025-01-18T19:44:36.198+0000] {spark_submit.py:634} INFO - (spark.submit.pyFiles,/home/***/.ivy2/jars/com.clickhouse.spark_clickhouse-spark-runtime-3.5_2.12-0.8.1.jar,/home/***/.ivy2/jars/com.clickhouse_clickhouse-jdbc-0.7.0.jar,/home/***/.ivy2/jars/com.clickhouse_clickhouse-client-0.7.0.jar,/home/***/.ivy2/jars/com.clickhouse_clickhouse-http-client-0.7.0.jar,/home/***/.ivy2/jars/org.apache.httpcomponents.client5_httpclient5-5.3.1.jar,/home/***/.ivy2/jars/com.clickhouse_clickhouse-data-0.7.0.jar,/home/***/.ivy2/jars/org.apache.httpcomponents.core5_httpcore5-5.2.4.jar,/home/***/.ivy2/jars/org.apache.httpcomponents.core5_httpcore5-h2-5.2.4.jar,/home/***/.ivy2/jars/org.slf4j_slf4j-api-1.7.36.jar)
[2025-01-18T19:44:36.199+0000] {spark_submit.py:634} INFO - Classpath elements:
[2025-01-18T19:44:36.199+0000] {spark_submit.py:634} INFO - file:///home/***/.ivy2/jars/com.clickhouse.spark_clickhouse-spark-runtime-3.5_2.12-0.8.1.jar
[2025-01-18T19:44:36.199+0000] {spark_submit.py:634} INFO - file:///home/***/.ivy2/jars/com.clickhouse_clickhouse-jdbc-0.7.0.jar
[2025-01-18T19:44:36.199+0000] {spark_submit.py:634} INFO - file:///home/***/.ivy2/jars/com.clickhouse_clickhouse-client-0.7.0.jar
[2025-01-18T19:44:36.200+0000] {spark_submit.py:634} INFO - file:///home/***/.ivy2/jars/com.clickhouse_clickhouse-http-client-0.7.0.jar
[2025-01-18T19:44:36.200+0000] {spark_submit.py:634} INFO - file:///home/***/.ivy2/jars/org.apache.httpcomponents.client5_httpclient5-5.3.1.jar
[2025-01-18T19:44:36.200+0000] {spark_submit.py:634} INFO - file:///home/***/.ivy2/jars/com.clickhouse_clickhouse-data-0.7.0.jar
[2025-01-18T19:44:36.200+0000] {spark_submit.py:634} INFO - file:///home/***/.ivy2/jars/org.apache.httpcomponents.core5_httpcore5-5.2.4.jar
[2025-01-18T19:44:36.200+0000] {spark_submit.py:634} INFO - file:///home/***/.ivy2/jars/org.apache.httpcomponents.core5_httpcore5-h2-5.2.4.jar
[2025-01-18T19:44:36.200+0000] {spark_submit.py:634} INFO - file:///home/***/.ivy2/jars/org.slf4j_slf4j-api-1.7.36.jar
[2025-01-18T19:44:36.201+0000] {spark_submit.py:634} INFO - 
[2025-01-18T19:44:36.201+0000] {spark_submit.py:634} INFO - 
[2025-01-18T19:44:37.237+0000] {spark_submit.py:634} INFO - 25/01/18 19:44:37 INFO SparkContext: Running Spark version 3.5.4
[2025-01-18T19:44:37.238+0000] {spark_submit.py:634} INFO - 25/01/18 19:44:37 INFO SparkContext: OS info Linux, 5.10.0-33-cloud-amd64, amd64
[2025-01-18T19:44:37.238+0000] {spark_submit.py:634} INFO - 25/01/18 19:44:37 INFO SparkContext: Java version 17.0.13
[2025-01-18T19:44:37.256+0000] {spark_submit.py:634} INFO - 25/01/18 19:44:37 INFO ResourceUtils: ==============================================================
[2025-01-18T19:44:37.256+0000] {spark_submit.py:634} INFO - 25/01/18 19:44:37 INFO ResourceUtils: No custom resources configured for spark.driver.
[2025-01-18T19:44:37.257+0000] {spark_submit.py:634} INFO - 25/01/18 19:44:37 INFO ResourceUtils: ==============================================================
[2025-01-18T19:44:37.257+0000] {spark_submit.py:634} INFO - 25/01/18 19:44:37 INFO SparkContext: Submitted application: arrow-spark
[2025-01-18T19:44:37.278+0000] {spark_submit.py:634} INFO - 25/01/18 19:44:37 INFO ResourceProfile: Default ResourceProfile created, executor resources: Map(memory -> name: memory, amount: 12288, script: , vendor: , offHeap -> name: offHeap, amount: 0, script: , vendor: ), task resources: Map(cpus -> name: cpus, amount: 1.0)
[2025-01-18T19:44:37.286+0000] {spark_submit.py:634} INFO - 25/01/18 19:44:37 INFO ResourceProfile: Limiting resource is cpu
[2025-01-18T19:44:37.287+0000] {spark_submit.py:634} INFO - 25/01/18 19:44:37 INFO ResourceProfileManager: Added ResourceProfile id: 0
[2025-01-18T19:44:37.330+0000] {spark_submit.py:634} INFO - 25/01/18 19:44:37 INFO SecurityManager: Changing view acls to: default
[2025-01-18T19:44:37.331+0000] {spark_submit.py:634} INFO - 25/01/18 19:44:37 INFO SecurityManager: Changing modify acls to: default
[2025-01-18T19:44:37.331+0000] {spark_submit.py:634} INFO - 25/01/18 19:44:37 INFO SecurityManager: Changing view acls groups to:
[2025-01-18T19:44:37.331+0000] {spark_submit.py:634} INFO - 25/01/18 19:44:37 INFO SecurityManager: Changing modify acls groups to:
[2025-01-18T19:44:37.332+0000] {spark_submit.py:634} INFO - 25/01/18 19:44:37 INFO SecurityManager: SecurityManager: authentication disabled; ui acls disabled; users with view permissions: default; groups with view permissions: EMPTY; users with modify permissions: default; groups with modify permissions: EMPTY
[2025-01-18T19:44:37.511+0000] {spark_submit.py:634} INFO - 25/01/18 19:44:37 INFO Utils: Successfully started service 'sparkDriver' on port 43373.
[2025-01-18T19:44:37.538+0000] {spark_submit.py:634} INFO - 25/01/18 19:44:37 INFO SparkEnv: Registering MapOutputTracker
[2025-01-18T19:44:37.588+0000] {spark_submit.py:634} INFO - 25/01/18 19:44:37 INFO SparkEnv: Registering BlockManagerMaster
[2025-01-18T19:44:37.603+0000] {spark_submit.py:634} INFO - 25/01/18 19:44:37 INFO BlockManagerMasterEndpoint: Using org.apache.spark.storage.DefaultTopologyMapper for getting topology information
[2025-01-18T19:44:37.603+0000] {spark_submit.py:634} INFO - 25/01/18 19:44:37 INFO BlockManagerMasterEndpoint: BlockManagerMasterEndpoint up
[2025-01-18T19:44:37.609+0000] {spark_submit.py:634} INFO - 25/01/18 19:44:37 INFO SparkEnv: Registering BlockManagerMasterHeartbeat
[2025-01-18T19:44:37.624+0000] {spark_submit.py:634} INFO - 25/01/18 19:44:37 INFO DiskBlockManager: Created local directory at /tmp/blockmgr-87e7488a-a4b7-4606-9760-0c4c6afc1b46
[2025-01-18T19:44:37.640+0000] {spark_submit.py:634} INFO - 25/01/18 19:44:37 INFO MemoryStore: MemoryStore started with capacity 7.0 GiB
[2025-01-18T19:44:37.654+0000] {spark_submit.py:634} INFO - 25/01/18 19:44:37 INFO SparkEnv: Registering OutputCommitCoordinator
[2025-01-18T19:44:37.766+0000] {spark_submit.py:634} INFO - 25/01/18 19:44:37 INFO JettyUtils: Start Jetty 0.0.0.0:4040 for SparkUI
[2025-01-18T19:44:37.817+0000] {spark_submit.py:634} INFO - 25/01/18 19:44:37 INFO Utils: Successfully started service 'SparkUI' on port 4040.
[2025-01-18T19:44:37.853+0000] {spark_submit.py:634} INFO - 25/01/18 19:44:37 INFO SparkContext: Added JAR file:///home/***/.ivy2/jars/com.clickhouse.spark_clickhouse-spark-runtime-3.5_2.12-0.8.1.jar at spark://471d7521a401:43373/jars/com.clickhouse.spark_clickhouse-spark-runtime-3.5_2.12-0.8.1.jar with timestamp 1737229477232
[2025-01-18T19:44:37.853+0000] {spark_submit.py:634} INFO - 25/01/18 19:44:37 INFO SparkContext: Added JAR file:///home/***/.ivy2/jars/com.clickhouse_clickhouse-jdbc-0.7.0.jar at spark://471d7521a401:43373/jars/com.clickhouse_clickhouse-jdbc-0.7.0.jar with timestamp 1737229477232
[2025-01-18T19:44:37.854+0000] {spark_submit.py:634} INFO - 25/01/18 19:44:37 INFO SparkContext: Added JAR file:///home/***/.ivy2/jars/com.clickhouse_clickhouse-client-0.7.0.jar at spark://471d7521a401:43373/jars/com.clickhouse_clickhouse-client-0.7.0.jar with timestamp 1737229477232
[2025-01-18T19:44:37.854+0000] {spark_submit.py:634} INFO - 25/01/18 19:44:37 INFO SparkContext: Added JAR file:///home/***/.ivy2/jars/com.clickhouse_clickhouse-http-client-0.7.0.jar at spark://471d7521a401:43373/jars/com.clickhouse_clickhouse-http-client-0.7.0.jar with timestamp 1737229477232
[2025-01-18T19:44:37.854+0000] {spark_submit.py:634} INFO - 25/01/18 19:44:37 INFO SparkContext: Added JAR file:///home/***/.ivy2/jars/org.apache.httpcomponents.client5_httpclient5-5.3.1.jar at spark://471d7521a401:43373/jars/org.apache.httpcomponents.client5_httpclient5-5.3.1.jar with timestamp 1737229477232
[2025-01-18T19:44:37.854+0000] {spark_submit.py:634} INFO - 25/01/18 19:44:37 INFO SparkContext: Added JAR file:///home/***/.ivy2/jars/com.clickhouse_clickhouse-data-0.7.0.jar at spark://471d7521a401:43373/jars/com.clickhouse_clickhouse-data-0.7.0.jar with timestamp 1737229477232
[2025-01-18T19:44:37.854+0000] {spark_submit.py:634} INFO - 25/01/18 19:44:37 INFO SparkContext: Added JAR file:///home/***/.ivy2/jars/org.apache.httpcomponents.core5_httpcore5-5.2.4.jar at spark://471d7521a401:43373/jars/org.apache.httpcomponents.core5_httpcore5-5.2.4.jar with timestamp 1737229477232
[2025-01-18T19:44:37.854+0000] {spark_submit.py:634} INFO - 25/01/18 19:44:37 INFO SparkContext: Added JAR file:///home/***/.ivy2/jars/org.apache.httpcomponents.core5_httpcore5-h2-5.2.4.jar at spark://471d7521a401:43373/jars/org.apache.httpcomponents.core5_httpcore5-h2-5.2.4.jar with timestamp 1737229477232
[2025-01-18T19:44:37.855+0000] {spark_submit.py:634} INFO - 25/01/18 19:44:37 INFO SparkContext: Added JAR file:///home/***/.ivy2/jars/org.slf4j_slf4j-api-1.7.36.jar at spark://471d7521a401:43373/jars/org.slf4j_slf4j-api-1.7.36.jar with timestamp 1737229477232
[2025-01-18T19:44:37.857+0000] {spark_submit.py:634} INFO - 25/01/18 19:44:37 INFO SparkContext: Added file file:///home/***/.ivy2/jars/com.clickhouse.spark_clickhouse-spark-runtime-3.5_2.12-0.8.1.jar at spark://471d7521a401:43373/files/com.clickhouse.spark_clickhouse-spark-runtime-3.5_2.12-0.8.1.jar with timestamp 1737229477232
[2025-01-18T19:44:37.858+0000] {spark_submit.py:634} INFO - 25/01/18 19:44:37 INFO Utils: Copying /home/***/.ivy2/jars/com.clickhouse.spark_clickhouse-spark-runtime-3.5_2.12-0.8.1.jar to /tmp/spark-ba8dc016-b454-42ee-a313-ea6cc8fd6ab6/userFiles-18706bf5-10b7-4a6c-bbc6-6202f95e73ab/com.clickhouse.spark_clickhouse-spark-runtime-3.5_2.12-0.8.1.jar
[2025-01-18T19:44:37.870+0000] {spark_submit.py:634} INFO - 25/01/18 19:44:37 INFO SparkContext: Added file file:///home/***/.ivy2/jars/com.clickhouse_clickhouse-jdbc-0.7.0.jar at spark://471d7521a401:43373/files/com.clickhouse_clickhouse-jdbc-0.7.0.jar with timestamp 1737229477232
[2025-01-18T19:44:37.870+0000] {spark_submit.py:634} INFO - 25/01/18 19:44:37 INFO Utils: Copying /home/***/.ivy2/jars/com.clickhouse_clickhouse-jdbc-0.7.0.jar to /tmp/spark-ba8dc016-b454-42ee-a313-ea6cc8fd6ab6/userFiles-18706bf5-10b7-4a6c-bbc6-6202f95e73ab/com.clickhouse_clickhouse-jdbc-0.7.0.jar
[2025-01-18T19:44:37.874+0000] {spark_submit.py:634} INFO - 25/01/18 19:44:37 INFO SparkContext: Added file file:///home/***/.ivy2/jars/com.clickhouse_clickhouse-client-0.7.0.jar at spark://471d7521a401:43373/files/com.clickhouse_clickhouse-client-0.7.0.jar with timestamp 1737229477232
[2025-01-18T19:44:37.875+0000] {spark_submit.py:634} INFO - 25/01/18 19:44:37 INFO Utils: Copying /home/***/.ivy2/jars/com.clickhouse_clickhouse-client-0.7.0.jar to /tmp/spark-ba8dc016-b454-42ee-a313-ea6cc8fd6ab6/userFiles-18706bf5-10b7-4a6c-bbc6-6202f95e73ab/com.clickhouse_clickhouse-client-0.7.0.jar
[2025-01-18T19:44:37.879+0000] {spark_submit.py:634} INFO - 25/01/18 19:44:37 INFO SparkContext: Added file file:///home/***/.ivy2/jars/com.clickhouse_clickhouse-http-client-0.7.0.jar at spark://471d7521a401:43373/files/com.clickhouse_clickhouse-http-client-0.7.0.jar with timestamp 1737229477232
[2025-01-18T19:44:37.879+0000] {spark_submit.py:634} INFO - 25/01/18 19:44:37 INFO Utils: Copying /home/***/.ivy2/jars/com.clickhouse_clickhouse-http-client-0.7.0.jar to /tmp/spark-ba8dc016-b454-42ee-a313-ea6cc8fd6ab6/userFiles-18706bf5-10b7-4a6c-bbc6-6202f95e73ab/com.clickhouse_clickhouse-http-client-0.7.0.jar
[2025-01-18T19:44:37.883+0000] {spark_submit.py:634} INFO - 25/01/18 19:44:37 INFO SparkContext: Added file file:///home/***/.ivy2/jars/org.apache.httpcomponents.client5_httpclient5-5.3.1.jar at spark://471d7521a401:43373/files/org.apache.httpcomponents.client5_httpclient5-5.3.1.jar with timestamp 1737229477232
[2025-01-18T19:44:37.883+0000] {spark_submit.py:634} INFO - 25/01/18 19:44:37 INFO Utils: Copying /home/***/.ivy2/jars/org.apache.httpcomponents.client5_httpclient5-5.3.1.jar to /tmp/spark-ba8dc016-b454-42ee-a313-ea6cc8fd6ab6/userFiles-18706bf5-10b7-4a6c-bbc6-6202f95e73ab/org.apache.httpcomponents.client5_httpclient5-5.3.1.jar
[2025-01-18T19:44:37.887+0000] {spark_submit.py:634} INFO - 25/01/18 19:44:37 INFO SparkContext: Added file file:///home/***/.ivy2/jars/com.clickhouse_clickhouse-data-0.7.0.jar at spark://471d7521a401:43373/files/com.clickhouse_clickhouse-data-0.7.0.jar with timestamp 1737229477232
[2025-01-18T19:44:37.887+0000] {spark_submit.py:634} INFO - 25/01/18 19:44:37 INFO Utils: Copying /home/***/.ivy2/jars/com.clickhouse_clickhouse-data-0.7.0.jar to /tmp/spark-ba8dc016-b454-42ee-a313-ea6cc8fd6ab6/userFiles-18706bf5-10b7-4a6c-bbc6-6202f95e73ab/com.clickhouse_clickhouse-data-0.7.0.jar
[2025-01-18T19:44:37.890+0000] {spark_submit.py:634} INFO - 25/01/18 19:44:37 INFO SparkContext: Added file file:///home/***/.ivy2/jars/org.apache.httpcomponents.core5_httpcore5-5.2.4.jar at spark://471d7521a401:43373/files/org.apache.httpcomponents.core5_httpcore5-5.2.4.jar with timestamp 1737229477232
[2025-01-18T19:44:37.891+0000] {spark_submit.py:634} INFO - 25/01/18 19:44:37 INFO Utils: Copying /home/***/.ivy2/jars/org.apache.httpcomponents.core5_httpcore5-5.2.4.jar to /tmp/spark-ba8dc016-b454-42ee-a313-ea6cc8fd6ab6/userFiles-18706bf5-10b7-4a6c-bbc6-6202f95e73ab/org.apache.httpcomponents.core5_httpcore5-5.2.4.jar
[2025-01-18T19:44:37.895+0000] {spark_submit.py:634} INFO - 25/01/18 19:44:37 INFO SparkContext: Added file file:///home/***/.ivy2/jars/org.apache.httpcomponents.core5_httpcore5-h2-5.2.4.jar at spark://471d7521a401:43373/files/org.apache.httpcomponents.core5_httpcore5-h2-5.2.4.jar with timestamp 1737229477232
[2025-01-18T19:44:37.895+0000] {spark_submit.py:634} INFO - 25/01/18 19:44:37 INFO Utils: Copying /home/***/.ivy2/jars/org.apache.httpcomponents.core5_httpcore5-h2-5.2.4.jar to /tmp/spark-ba8dc016-b454-42ee-a313-ea6cc8fd6ab6/userFiles-18706bf5-10b7-4a6c-bbc6-6202f95e73ab/org.apache.httpcomponents.core5_httpcore5-h2-5.2.4.jar
[2025-01-18T19:44:37.899+0000] {spark_submit.py:634} INFO - 25/01/18 19:44:37 INFO SparkContext: Added file file:///home/***/.ivy2/jars/org.slf4j_slf4j-api-1.7.36.jar at spark://471d7521a401:43373/files/org.slf4j_slf4j-api-1.7.36.jar with timestamp 1737229477232
[2025-01-18T19:44:37.899+0000] {spark_submit.py:634} INFO - 25/01/18 19:44:37 INFO Utils: Copying /home/***/.ivy2/jars/org.slf4j_slf4j-api-1.7.36.jar to /tmp/spark-ba8dc016-b454-42ee-a313-ea6cc8fd6ab6/userFiles-18706bf5-10b7-4a6c-bbc6-6202f95e73ab/org.slf4j_slf4j-api-1.7.36.jar
[2025-01-18T19:44:37.974+0000] {spark_submit.py:634} INFO - 25/01/18 19:44:37 INFO StandaloneAppClient$ClientEndpoint: Connecting to master spark://spark-master:7077...
[2025-01-18T19:44:38.011+0000] {spark_submit.py:634} INFO - 25/01/18 19:44:38 INFO TransportClientFactory: Successfully created connection to spark-master/172.18.0.8:7077 after 19 ms (0 ms spent in bootstraps)
[2025-01-18T19:44:38.088+0000] {spark_submit.py:634} INFO - 25/01/18 19:44:38 INFO StandaloneSchedulerBackend: Connected to Spark cluster with app ID app-20250118194438-0001
[2025-01-18T19:44:38.093+0000] {spark_submit.py:634} INFO - 25/01/18 19:44:38 INFO StandaloneAppClient$ClientEndpoint: Executor added: app-20250118194438-0001/0 on worker-20250118191013-172.18.0.9-45481 (172.18.0.9:45481) with 4 core(s)
[2025-01-18T19:44:38.093+0000] {spark_submit.py:634} INFO - 25/01/18 19:44:38 INFO StandaloneSchedulerBackend: Granted executor ID app-20250118194438-0001/0 on hostPort 172.18.0.9:45481 with 4 core(s), 12.0 GiB RAM
[2025-01-18T19:44:38.100+0000] {spark_submit.py:634} INFO - 25/01/18 19:44:38 INFO Utils: Successfully started service 'org.apache.spark.network.netty.NettyBlockTransferService' on port 34293.
[2025-01-18T19:44:38.100+0000] {spark_submit.py:634} INFO - 25/01/18 19:44:38 INFO NettyBlockTransferService: Server created on 471d7521a401:34293
[2025-01-18T19:44:38.101+0000] {spark_submit.py:634} INFO - 25/01/18 19:44:38 INFO BlockManager: Using org.apache.spark.storage.RandomBlockReplicationPolicy for block replication policy
[2025-01-18T19:44:38.107+0000] {spark_submit.py:634} INFO - 25/01/18 19:44:38 INFO BlockManagerMaster: Registering BlockManager BlockManagerId(driver, 471d7521a401, 34293, None)
[2025-01-18T19:44:38.111+0000] {spark_submit.py:634} INFO - 25/01/18 19:44:38 INFO BlockManagerMasterEndpoint: Registering block manager 471d7521a401:34293 with 7.0 GiB RAM, BlockManagerId(driver, 471d7521a401, 34293, None)
[2025-01-18T19:44:38.111+0000] {spark_submit.py:634} INFO - 25/01/18 19:44:38 INFO BlockManagerMaster: Registered BlockManager BlockManagerId(driver, 471d7521a401, 34293, None)
[2025-01-18T19:44:38.112+0000] {spark_submit.py:634} INFO - 25/01/18 19:44:38 INFO BlockManager: Initialized BlockManager: BlockManagerId(driver, 471d7521a401, 34293, None)
[2025-01-18T19:44:38.154+0000] {spark_submit.py:634} INFO - 25/01/18 19:44:38 INFO StandaloneAppClient$ClientEndpoint: Executor updated: app-20250118194438-0001/0 is now RUNNING
[2025-01-18T19:44:38.313+0000] {spark_submit.py:634} INFO - 25/01/18 19:44:38 INFO StandaloneSchedulerBackend: SchedulerBackend is ready for scheduling beginning after reached minRegisteredResourcesRatio: 0.0
[2025-01-18T19:44:38.543+0000] {spark_submit.py:634} INFO - 25/01/18 19:44:38 INFO SharedState: Setting hive.metastore.warehouse.dir ('null') to the value of spark.sql.warehouse.dir.
[2025-01-18T19:44:38.544+0000] {spark_submit.py:634} INFO - 25/01/18 19:44:38 INFO SharedState: Warehouse path is 'file:/opt/***/spark-warehouse'.
[2025-01-18T19:44:40.440+0000] {spark_submit.py:634} INFO - 25/01/18 19:44:40 INFO ClickHouseCatalog: Detect ClickHouse server timezone: Etc/UTC
[2025-01-18T19:44:40.580+0000] {spark_submit.py:634} INFO - 25/01/18 19:44:40 INFO ClickHouseCatalog: Detect 1 ClickHouse clusters: default
[2025-01-18T19:44:40.580+0000] {spark_submit.py:634} INFO - 25/01/18 19:44:40 INFO ClickHouseCatalog: ClickHouse clusters' detail: List(cluster: default, shards: [shard_num: 1, shard_weight: 1, replicas: [[HTTP]default@localhost:8123}/default, replica_num: 1]])
[2025-01-18T19:44:40.582+0000] {spark_submit.py:634} INFO - 25/01/18 19:44:40 INFO ClickHouseCatalog: Registered functions: ck_xx_hash64,clickhouse_xxHash64,clickhouse_cityHash64,clickhouse_murmurHash2_64,clickhouse_murmurHash3_32,clickhouse_murmurHash3_64,clickhouse_murmurHash2_32,ck_xx_hash64_shard,clickhouse_shard_xxHash64
[2025-01-18T19:44:41.057+0000] {spark_submit.py:634} INFO - 25/01/18 19:44:41 INFO StandaloneSchedulerBackend$StandaloneDriverEndpoint: Registered executor NettyRpcEndpointRef(spark-client://Executor) (172.18.0.9:47224) with ID 0,  ResourceProfileId 0
[2025-01-18T19:44:41.151+0000] {spark_submit.py:634} INFO - 25/01/18 19:44:41 INFO BlockManagerMasterEndpoint: Registering block manager 172.18.0.9:40317 with 7.0 GiB RAM, BlockManagerId(0, 172.18.0.9, 40317, None)
[2025-01-18T19:44:42.448+0000] {spark_submit.py:634} INFO - 25/01/18 19:44:42 INFO V2ScanRelationPushDown:
[2025-01-18T19:44:42.448+0000] {spark_submit.py:634} INFO - Output: age#0, workclass#1, fnlwgt#2L, education#3, educational-num#4, marital-status#5, occupation#6, relationship#7, race#8, gender#9, capital-gain#10L, capital-loss#11, hours-per-week#12, native-country#13, income_>50K#14
[2025-01-18T19:44:42.449+0000] {spark_submit.py:634} INFO - 
[2025-01-18T19:44:43.000+0000] {spark_submit.py:634} INFO - 25/01/18 19:44:42 INFO CodeGenerator: Code generated in 163.875857 ms
[2025-01-18T19:44:43.057+0000] {spark_submit.py:634} INFO - 25/01/18 19:44:43 INFO SparkContext: Starting job: showString at NativeMethodAccessorImpl.java:0
[2025-01-18T19:44:43.071+0000] {spark_submit.py:634} INFO - 25/01/18 19:44:43 INFO DAGScheduler: Got job 0 (showString at NativeMethodAccessorImpl.java:0) with 1 output partitions
[2025-01-18T19:44:43.071+0000] {spark_submit.py:634} INFO - 25/01/18 19:44:43 INFO DAGScheduler: Final stage: ResultStage 0 (showString at NativeMethodAccessorImpl.java:0)
[2025-01-18T19:44:43.071+0000] {spark_submit.py:634} INFO - 25/01/18 19:44:43 INFO DAGScheduler: Parents of final stage: List()
[2025-01-18T19:44:43.072+0000] {spark_submit.py:634} INFO - 25/01/18 19:44:43 INFO DAGScheduler: Missing parents: List()
[2025-01-18T19:44:43.080+0000] {spark_submit.py:634} INFO - 25/01/18 19:44:43 INFO DAGScheduler: Submitting ResultStage 0 (MapPartitionsRDD[3] at showString at NativeMethodAccessorImpl.java:0), which has no missing parents
[2025-01-18T19:44:43.161+0000] {spark_submit.py:634} INFO - 25/01/18 19:44:43 INFO MemoryStore: Block broadcast_0 stored as values in memory (estimated size 18.0 KiB, free 7.0 GiB)
[2025-01-18T19:44:43.179+0000] {spark_submit.py:634} INFO - 25/01/18 19:44:43 INFO MemoryStore: Block broadcast_0_piece0 stored as bytes in memory (estimated size 7.8 KiB, free 7.0 GiB)
[2025-01-18T19:44:43.181+0000] {spark_submit.py:634} INFO - 25/01/18 19:44:43 INFO BlockManagerInfo: Added broadcast_0_piece0 in memory on 471d7521a401:34293 (size: 7.8 KiB, free: 7.0 GiB)
[2025-01-18T19:44:43.184+0000] {spark_submit.py:634} INFO - 25/01/18 19:44:43 INFO SparkContext: Created broadcast 0 from broadcast at DAGScheduler.scala:1585
[2025-01-18T19:44:43.199+0000] {spark_submit.py:634} INFO - 25/01/18 19:44:43 INFO DAGScheduler: Submitting 1 missing tasks from ResultStage 0 (MapPartitionsRDD[3] at showString at NativeMethodAccessorImpl.java:0) (first 15 tasks are for partitions Vector(0))
[2025-01-18T19:44:43.200+0000] {spark_submit.py:634} INFO - 25/01/18 19:44:43 INFO TaskSchedulerImpl: Adding task set 0.0 with 1 tasks resource profile 0
[2025-01-18T19:44:43.230+0000] {spark_submit.py:634} INFO - 25/01/18 19:44:43 INFO TaskSetManager: Starting task 0.0 in stage 0.0 (TID 0) (172.18.0.9, executor 0, partition 0, ANY, 13336 bytes)
[2025-01-18T19:44:43.498+0000] {spark_submit.py:634} INFO - 25/01/18 19:44:43 INFO BlockManagerInfo: Added broadcast_0_piece0 in memory on 172.18.0.9:40317 (size: 7.8 KiB, free: 7.0 GiB)
[2025-01-18T19:44:44.675+0000] {spark_submit.py:634} INFO - 25/01/18 19:44:44 INFO TaskSetManager: Finished task 0.0 in stage 0.0 (TID 0) in 1461 ms on 172.18.0.9 (executor 0) (1/1)
[2025-01-18T19:44:44.678+0000] {spark_submit.py:634} INFO - 25/01/18 19:44:44 INFO TaskSchedulerImpl: Removed TaskSet 0.0, whose tasks have all completed, from pool
[2025-01-18T19:44:44.680+0000] {spark_submit.py:634} INFO - 25/01/18 19:44:44 INFO DAGScheduler: ResultStage 0 (showString at NativeMethodAccessorImpl.java:0) finished in 1.595 s
[2025-01-18T19:44:44.683+0000] {spark_submit.py:634} INFO - 25/01/18 19:44:44 INFO DAGScheduler: Job 0 is finished. Cancelling potential speculative or zombie tasks for this job
[2025-01-18T19:44:44.684+0000] {spark_submit.py:634} INFO - 25/01/18 19:44:44 INFO TaskSchedulerImpl: Killing all running tasks in stage 0: Stage finished
[2025-01-18T19:44:44.693+0000] {spark_submit.py:634} INFO - 25/01/18 19:44:44 INFO DAGScheduler: Job 0 finished: showString at NativeMethodAccessorImpl.java:0, took 1.627916 s
[2025-01-18T19:44:44.984+0000] {spark_submit.py:634} INFO - 25/01/18 19:44:44 INFO BlockManagerInfo: Removed broadcast_0_piece0 on 172.18.0.9:40317 in memory (size: 7.8 KiB, free: 7.0 GiB)
[2025-01-18T19:44:44.991+0000] {spark_submit.py:634} INFO - 25/01/18 19:44:44 INFO BlockManagerInfo: Removed broadcast_0_piece0 on 471d7521a401:34293 in memory (size: 7.8 KiB, free: 7.0 GiB)
[2025-01-18T19:44:45.515+0000] {spark_submit.py:634} INFO - 25/01/18 19:44:45 INFO CodeGenerator: Code generated in 32.170341 ms
[2025-01-18T19:44:45.531+0000] {spark_submit.py:634} INFO - +---+----------------+------+------------+---------------+------------------+-----------------+-------------+------------------+------+------------+------------+--------------+--------------+-----------+
[2025-01-18T19:44:45.532+0000] {spark_submit.py:634} INFO - |age|       workclass|fnlwgt|   education|educational-num|    marital-status|       occupation| relationship|              race|gender|capital-gain|capital-loss|hours-per-week|native-country|income_>50K|
[2025-01-18T19:44:45.532+0000] {spark_submit.py:634} INFO - +---+----------------+------+------------+---------------+------------------+-----------------+-------------+------------------+------+------------+------------+--------------+--------------+-----------+
[2025-01-18T19:44:45.532+0000] {spark_submit.py:634} INFO - | 67|         Private|366425|   Doctorate|             16|          Divorced|  Exec-managerial|Not-in-family|             White|  Male|       99999|           0|            60| United-States|          1|
[2025-01-18T19:44:45.532+0000] {spark_submit.py:634} INFO - | 17|         Private|244602|        12th|              8|     Never-married|    Other-service|    Own-child|             White|  Male|           0|           0|            15| United-States|          0|
[2025-01-18T19:44:45.532+0000] {spark_submit.py:634} INFO - | 31|         Private|174201|   Bachelors|             13|Married-civ-spouse|  Exec-managerial|      Husband|             White|  Male|           0|           0|            40| United-States|          1|
[2025-01-18T19:44:45.532+0000] {spark_submit.py:634} INFO - | 58|       State-gov|110199|     7th-8th|              4|Married-civ-spouse| Transport-moving|      Husband|             White|  Male|           0|           0|            40| United-States|          0|
[2025-01-18T19:44:45.532+0000] {spark_submit.py:634} INFO - | 25|       State-gov|149248|Some-college|             10|     Never-married|    Other-service|Not-in-family|             Black|  Male|           0|           0|            40| United-States|          0|
[2025-01-18T19:44:45.532+0000] {spark_submit.py:634} INFO - | 59|       State-gov|105363|     HS-grad|              9|     Never-married|     Adm-clerical|    Own-child|             White|  Male|           0|           0|            40| United-States|          0|
[2025-01-18T19:44:45.533+0000] {spark_submit.py:634} INFO - | 70|         Private|216390|         9th|              5|Married-civ-spouse|Machine-op-inspct|         Wife|             White|Female|        2653|           0|            40| United-States|          0|
[2025-01-18T19:44:45.533+0000] {spark_submit.py:634} INFO - | 35|Self-emp-not-inc|361888|   Bachelors|             13|Married-civ-spouse|            Sales|      Husband|             White|  Male|           0|           0|            60|         Japan|          0|
[2025-01-18T19:44:45.533+0000] {spark_submit.py:634} INFO - | 28|         Private| 74784|     HS-grad|              9|     Never-married|Handlers-cleaners|Not-in-family|             White|  Male|           0|           0|            50| United-States|          0|
[2025-01-18T19:44:45.533+0000] {spark_submit.py:634} INFO - | 28|         Private|118089|     HS-grad|              9|Married-civ-spouse|  Exec-managerial|      Husband|             White|  Male|        4386|           0|            45| United-States|          1|
[2025-01-18T19:44:45.533+0000] {spark_submit.py:634} INFO - | 21|         Private|138513|Some-college|             10|     Never-married|  Exec-managerial|    Own-child|             White|  Male|           0|           0|            25| United-States|          0|
[2025-01-18T19:44:45.533+0000] {spark_submit.py:634} INFO - | 30|Self-emp-not-inc|100252|     HS-grad|              9|Married-civ-spouse|Machine-op-inspct|    Own-child|Asian-Pac-Islander|  Male|           0|           0|            60|         South|          0|
[2025-01-18T19:44:45.533+0000] {spark_submit.py:634} INFO - | 59|Self-emp-not-inc|241297|Some-college|             10|           Widowed|  Farming-fishing|Not-in-family|             White|Female|        6849|           0|            40| United-States|          0|
[2025-01-18T19:44:45.533+0000] {spark_submit.py:634} INFO - | 20|         Private| 39764|     HS-grad|              9|     Never-married|Handlers-cleaners|    Own-child|             White|  Male|           0|           0|            40| United-States|          0|
[2025-01-18T19:44:45.533+0000] {spark_submit.py:634} INFO - | 45|         Private| 30690|     7th-8th|              4|     Never-married|    Other-service|Not-in-family|             White|  Male|           0|           0|            10| United-States|          0|
[2025-01-18T19:44:45.533+0000] {spark_submit.py:634} INFO - | 76|         Private|316185|     7th-8th|              4|           Widowed|  Protective-serv|Not-in-family|             White|Female|           0|           0|            12| United-States|          0|
[2025-01-18T19:44:45.533+0000] {spark_submit.py:634} INFO - | 30|         Private|110239|        10th|              6|Married-civ-spouse| Transport-moving|      Husband|             White|  Male|           0|           0|            55| United-States|          0|
[2025-01-18T19:44:45.534+0000] {spark_submit.py:634} INFO - | 54|     Federal-gov|278076|     HS-grad|              9|Married-civ-spouse|  Exec-managerial|      Husband|             White|  Male|        5178|           0|            40| United-States|          1|
[2025-01-18T19:44:45.534+0000] {spark_submit.py:634} INFO - | 19|       Local-gov|259169|Some-college|             10|     Never-married|   Prof-specialty|    Own-child|             White|Female|           0|           0|            30| United-States|          0|
[2025-01-18T19:44:45.534+0000] {spark_submit.py:634} INFO - | 44|         Private|136986|   Doctorate|             16|Married-civ-spouse|   Prof-specialty|      Husband|             White|  Male|           0|           0|            50| United-States|          1|
[2025-01-18T19:44:45.534+0000] {spark_submit.py:634} INFO - +---+----------------+------+------------+---------------+------------------+-----------------+-------------+------------------+------+------------+------------+--------------+--------------+-----------+
[2025-01-18T19:44:45.534+0000] {spark_submit.py:634} INFO - only showing top 20 rows
[2025-01-18T19:44:45.534+0000] {spark_submit.py:634} INFO - 
[2025-01-18T19:44:46.095+0000] {spark_submit.py:634} INFO - 25/01/18 19:44:46 INFO FileOutputCommitter: File Output Committer Algorithm version is 1
[2025-01-18T19:44:46.096+0000] {spark_submit.py:634} INFO - 25/01/18 19:44:46 INFO FileOutputCommitter: FileOutputCommitter skip cleanup _temporary folders under output directory:false, ignore cleanup failures: false
[2025-01-18T19:44:46.096+0000] {spark_submit.py:634} INFO - 25/01/18 19:44:46 INFO SQLHadoopMapReduceCommitProtocol: Using output committer class org.apache.hadoop.mapreduce.lib.output.FileOutputCommitter
[2025-01-18T19:44:46.139+0000] {spark_submit.py:634} INFO - 25/01/18 19:44:46 INFO CodeGenerator: Code generated in 16.586246 ms
[2025-01-18T19:44:46.159+0000] {spark_submit.py:634} INFO - 25/01/18 19:44:46 INFO SparkContext: Starting job: csv at NativeMethodAccessorImpl.java:0
[2025-01-18T19:44:46.160+0000] {spark_submit.py:634} INFO - 25/01/18 19:44:46 INFO DAGScheduler: Got job 1 (csv at NativeMethodAccessorImpl.java:0) with 4 output partitions
[2025-01-18T19:44:46.160+0000] {spark_submit.py:634} INFO - 25/01/18 19:44:46 INFO DAGScheduler: Final stage: ResultStage 1 (csv at NativeMethodAccessorImpl.java:0)
[2025-01-18T19:44:46.160+0000] {spark_submit.py:634} INFO - 25/01/18 19:44:46 INFO DAGScheduler: Parents of final stage: List()
[2025-01-18T19:44:46.160+0000] {spark_submit.py:634} INFO - 25/01/18 19:44:46 INFO DAGScheduler: Missing parents: List()
[2025-01-18T19:44:46.161+0000] {spark_submit.py:634} INFO - 25/01/18 19:44:46 INFO DAGScheduler: Submitting ResultStage 1 (MapPartitionsRDD[10] at csv at NativeMethodAccessorImpl.java:0), which has no missing parents
[2025-01-18T19:44:46.235+0000] {spark_submit.py:634} INFO - 25/01/18 19:44:46 INFO MemoryStore: Block broadcast_1 stored as values in memory (estimated size 225.8 KiB, free 7.0 GiB)
[2025-01-18T19:44:46.248+0000] {spark_submit.py:634} INFO - 25/01/18 19:44:46 INFO MemoryStore: Block broadcast_1_piece0 stored as bytes in memory (estimated size 81.2 KiB, free 7.0 GiB)
[2025-01-18T19:44:46.249+0000] {spark_submit.py:634} INFO - 25/01/18 19:44:46 INFO BlockManagerInfo: Added broadcast_1_piece0 in memory on 471d7521a401:34293 (size: 81.2 KiB, free: 7.0 GiB)
[2025-01-18T19:44:46.249+0000] {spark_submit.py:634} INFO - 25/01/18 19:44:46 INFO SparkContext: Created broadcast 1 from broadcast at DAGScheduler.scala:1585
[2025-01-18T19:44:46.249+0000] {spark_submit.py:634} INFO - 25/01/18 19:44:46 INFO DAGScheduler: Submitting 4 missing tasks from ResultStage 1 (MapPartitionsRDD[10] at csv at NativeMethodAccessorImpl.java:0) (first 15 tasks are for partitions Vector(0, 1, 2, 3))
[2025-01-18T19:44:46.249+0000] {spark_submit.py:634} INFO - 25/01/18 19:44:46 INFO TaskSchedulerImpl: Adding task set 1.0 with 4 tasks resource profile 0
[2025-01-18T19:44:46.249+0000] {spark_submit.py:634} INFO - 25/01/18 19:44:46 INFO TaskSetManager: Starting task 0.0 in stage 1.0 (TID 1) (172.18.0.9, executor 0, partition 0, PROCESS_LOCAL, 10837 bytes)
[2025-01-18T19:44:46.249+0000] {spark_submit.py:634} INFO - 25/01/18 19:44:46 INFO TaskSetManager: Starting task 1.0 in stage 1.0 (TID 2) (172.18.0.9, executor 0, partition 1, PROCESS_LOCAL, 10874 bytes)
[2025-01-18T19:44:46.250+0000] {spark_submit.py:634} INFO - 25/01/18 19:44:46 INFO TaskSetManager: Starting task 2.0 in stage 1.0 (TID 3) (172.18.0.9, executor 0, partition 2, PROCESS_LOCAL, 10872 bytes)
[2025-01-18T19:44:46.250+0000] {spark_submit.py:634} INFO - 25/01/18 19:44:46 INFO TaskSetManager: Starting task 3.0 in stage 1.0 (TID 4) (172.18.0.9, executor 0, partition 3, PROCESS_LOCAL, 10876 bytes)
[2025-01-18T19:44:46.289+0000] {spark_submit.py:634} INFO - 25/01/18 19:44:46 INFO BlockManagerInfo: Added broadcast_1_piece0 in memory on 172.18.0.9:40317 (size: 81.2 KiB, free: 7.0 GiB)
[2025-01-18T19:44:47.719+0000] {spark_submit.py:634} INFO - 25/01/18 19:44:47 INFO TaskSetManager: Finished task 2.0 in stage 1.0 (TID 3) in 1468 ms on 172.18.0.9 (executor 0) (1/4)
[2025-01-18T19:44:47.720+0000] {spark_submit.py:634} INFO - 25/01/18 19:44:47 INFO PythonAccumulatorV2: Connected to AccumulatorServer at host: 127.0.0.1 port: 43977
[2025-01-18T19:44:47.738+0000] {spark_submit.py:634} INFO - 25/01/18 19:44:47 INFO TaskSetManager: Finished task 0.0 in stage 1.0 (TID 1) in 1495 ms on 172.18.0.9 (executor 0) (2/4)
[2025-01-18T19:44:47.816+0000] {spark_submit.py:634} INFO - 25/01/18 19:44:47 INFO TaskSetManager: Finished task 1.0 in stage 1.0 (TID 2) in 1569 ms on 172.18.0.9 (executor 0) (3/4)
[2025-01-18T19:44:47.840+0000] {spark_submit.py:634} INFO - 25/01/18 19:44:47 INFO TaskSetManager: Finished task 3.0 in stage 1.0 (TID 4) in 1586 ms on 172.18.0.9 (executor 0) (4/4)
[2025-01-18T19:44:47.840+0000] {spark_submit.py:634} INFO - 25/01/18 19:44:47 INFO TaskSchedulerImpl: Removed TaskSet 1.0, whose tasks have all completed, from pool
[2025-01-18T19:44:47.841+0000] {spark_submit.py:634} INFO - 25/01/18 19:44:47 INFO DAGScheduler: ResultStage 1 (csv at NativeMethodAccessorImpl.java:0) finished in 1.671 s
[2025-01-18T19:44:47.841+0000] {spark_submit.py:634} INFO - 25/01/18 19:44:47 INFO DAGScheduler: Job 1 is finished. Cancelling potential speculative or zombie tasks for this job
[2025-01-18T19:44:47.841+0000] {spark_submit.py:634} INFO - 25/01/18 19:44:47 INFO TaskSchedulerImpl: Killing all running tasks in stage 1: Stage finished
[2025-01-18T19:44:47.841+0000] {spark_submit.py:634} INFO - 25/01/18 19:44:47 INFO DAGScheduler: Job 1 finished: csv at NativeMethodAccessorImpl.java:0, took 1.678467 s
[2025-01-18T19:44:47.841+0000] {spark_submit.py:634} INFO - 25/01/18 19:44:47 INFO FileFormatWriter: Start to commit write Job 37ee14a4-f4eb-4beb-abcc-64debca02081.
[2025-01-18T19:44:47.868+0000] {spark_submit.py:634} INFO - 25/01/18 19:44:47 INFO FileFormatWriter: Write Job 37ee14a4-f4eb-4beb-abcc-64debca02081 committed. Elapsed time: 29 ms.
[2025-01-18T19:44:47.871+0000] {spark_submit.py:634} INFO - 25/01/18 19:44:47 INFO FileFormatWriter: Finished processing stats for write job 37ee14a4-f4eb-4beb-abcc-64debca02081.
[2025-01-18T19:44:47.918+0000] {spark_submit.py:634} INFO - 25/01/18 19:44:47 INFO InMemoryFileIndex: It took 12 ms to list leaf files for 1 paths.
[2025-01-18T19:44:47.956+0000] {spark_submit.py:634} INFO - 25/01/18 19:44:47 INFO InMemoryFileIndex: It took 1 ms to list leaf files for 1 paths.
[2025-01-18T19:44:48.147+0000] {spark_submit.py:634} INFO - 25/01/18 19:44:48 INFO FileSourceStrategy: Pushed Filters:
[2025-01-18T19:44:48.147+0000] {spark_submit.py:634} INFO - 25/01/18 19:44:48 INFO BlockManagerInfo: Removed broadcast_1_piece0 on 172.18.0.9:40317 in memory (size: 81.2 KiB, free: 7.0 GiB)
[2025-01-18T19:44:48.155+0000] {spark_submit.py:634} INFO - 25/01/18 19:44:48 INFO FileSourceStrategy: Post-Scan Filters: (length(trim(value#117, None)) > 0)
[2025-01-18T19:44:48.158+0000] {spark_submit.py:634} INFO - 25/01/18 19:44:48 INFO BlockManagerInfo: Removed broadcast_1_piece0 on 471d7521a401:34293 in memory (size: 81.2 KiB, free: 7.0 GiB)
[2025-01-18T19:44:48.192+0000] {spark_submit.py:634} INFO - 25/01/18 19:44:48 INFO CodeGenerator: Code generated in 10.024719 ms
[2025-01-18T19:44:48.217+0000] {spark_submit.py:634} INFO - 25/01/18 19:44:48 INFO MemoryStore: Block broadcast_2 stored as values in memory (estimated size 206.3 KiB, free 7.0 GiB)
[2025-01-18T19:44:48.228+0000] {spark_submit.py:634} INFO - 25/01/18 19:44:48 INFO MemoryStore: Block broadcast_2_piece0 stored as bytes in memory (estimated size 36.2 KiB, free 7.0 GiB)
[2025-01-18T19:44:48.229+0000] {spark_submit.py:634} INFO - 25/01/18 19:44:48 INFO BlockManagerInfo: Added broadcast_2_piece0 in memory on 471d7521a401:34293 (size: 36.2 KiB, free: 7.0 GiB)
[2025-01-18T19:44:48.230+0000] {spark_submit.py:634} INFO - 25/01/18 19:44:48 INFO SparkContext: Created broadcast 2 from csv at NativeMethodAccessorImpl.java:0
[2025-01-18T19:44:48.239+0000] {spark_submit.py:634} INFO - 25/01/18 19:44:48 INFO FileSourceScanExec: Planning scan with bin packing, max size: 4194304 bytes, open cost is considered as scanning 4194304 bytes.
[2025-01-18T19:44:48.277+0000] {spark_submit.py:634} INFO - 25/01/18 19:44:48 INFO SparkContext: Starting job: csv at NativeMethodAccessorImpl.java:0
[2025-01-18T19:44:48.279+0000] {spark_submit.py:634} INFO - 25/01/18 19:44:48 INFO DAGScheduler: Got job 2 (csv at NativeMethodAccessorImpl.java:0) with 1 output partitions
[2025-01-18T19:44:48.279+0000] {spark_submit.py:634} INFO - 25/01/18 19:44:48 INFO DAGScheduler: Final stage: ResultStage 2 (csv at NativeMethodAccessorImpl.java:0)
[2025-01-18T19:44:48.279+0000] {spark_submit.py:634} INFO - 25/01/18 19:44:48 INFO DAGScheduler: Parents of final stage: List()
[2025-01-18T19:44:48.280+0000] {spark_submit.py:634} INFO - 25/01/18 19:44:48 INFO DAGScheduler: Missing parents: List()
[2025-01-18T19:44:48.280+0000] {spark_submit.py:634} INFO - 25/01/18 19:44:48 INFO DAGScheduler: Submitting ResultStage 2 (MapPartitionsRDD[14] at csv at NativeMethodAccessorImpl.java:0), which has no missing parents
[2025-01-18T19:44:48.290+0000] {spark_submit.py:634} INFO - 25/01/18 19:44:48 INFO MemoryStore: Block broadcast_3 stored as values in memory (estimated size 13.5 KiB, free 7.0 GiB)
[2025-01-18T19:44:48.293+0000] {spark_submit.py:634} INFO - 25/01/18 19:44:48 INFO MemoryStore: Block broadcast_3_piece0 stored as bytes in memory (estimated size 6.4 KiB, free 7.0 GiB)
[2025-01-18T19:44:48.293+0000] {spark_submit.py:634} INFO - 25/01/18 19:44:48 INFO BlockManagerInfo: Added broadcast_3_piece0 in memory on 471d7521a401:34293 (size: 6.4 KiB, free: 7.0 GiB)
[2025-01-18T19:44:48.295+0000] {spark_submit.py:634} INFO - 25/01/18 19:44:48 INFO SparkContext: Created broadcast 3 from broadcast at DAGScheduler.scala:1585
[2025-01-18T19:44:48.295+0000] {spark_submit.py:634} INFO - 25/01/18 19:44:48 INFO DAGScheduler: Submitting 1 missing tasks from ResultStage 2 (MapPartitionsRDD[14] at csv at NativeMethodAccessorImpl.java:0) (first 15 tasks are for partitions Vector(0))
[2025-01-18T19:44:48.296+0000] {spark_submit.py:634} INFO - 25/01/18 19:44:48 INFO TaskSchedulerImpl: Adding task set 2.0 with 1 tasks resource profile 0
[2025-01-18T19:44:48.299+0000] {spark_submit.py:634} INFO - 25/01/18 19:44:48 INFO TaskSetManager: Starting task 0.0 in stage 2.0 (TID 5) (172.18.0.9, executor 0, partition 0, PROCESS_LOCAL, 11456 bytes)
[2025-01-18T19:44:48.340+0000] {spark_submit.py:634} INFO - 25/01/18 19:44:48 INFO BlockManagerInfo: Added broadcast_3_piece0 in memory on 172.18.0.9:40317 (size: 6.4 KiB, free: 7.0 GiB)
[2025-01-18T19:44:48.540+0000] {spark_submit.py:634} INFO - 25/01/18 19:44:48 INFO BlockManagerInfo: Added broadcast_2_piece0 in memory on 172.18.0.9:40317 (size: 36.2 KiB, free: 7.0 GiB)
[2025-01-18T19:44:48.677+0000] {spark_submit.py:634} INFO - 25/01/18 19:44:48 INFO TaskSetManager: Finished task 0.0 in stage 2.0 (TID 5) in 379 ms on 172.18.0.9 (executor 0) (1/1)
[2025-01-18T19:44:48.677+0000] {spark_submit.py:634} INFO - 25/01/18 19:44:48 INFO TaskSchedulerImpl: Removed TaskSet 2.0, whose tasks have all completed, from pool
[2025-01-18T19:44:48.677+0000] {spark_submit.py:634} INFO - 25/01/18 19:44:48 INFO DAGScheduler: ResultStage 2 (csv at NativeMethodAccessorImpl.java:0) finished in 0.395 s
[2025-01-18T19:44:48.677+0000] {spark_submit.py:634} INFO - 25/01/18 19:44:48 INFO DAGScheduler: Job 2 is finished. Cancelling potential speculative or zombie tasks for this job
[2025-01-18T19:44:48.678+0000] {spark_submit.py:634} INFO - 25/01/18 19:44:48 INFO TaskSchedulerImpl: Killing all running tasks in stage 2: Stage finished
[2025-01-18T19:44:48.678+0000] {spark_submit.py:634} INFO - 25/01/18 19:44:48 INFO DAGScheduler: Job 2 finished: csv at NativeMethodAccessorImpl.java:0, took 0.398983 s
[2025-01-18T19:44:48.690+0000] {spark_submit.py:634} INFO - 25/01/18 19:44:48 INFO CodeGenerator: Code generated in 10.456818 ms
[2025-01-18T19:44:48.731+0000] {spark_submit.py:634} INFO - 25/01/18 19:44:48 INFO FileSourceStrategy: Pushed Filters:
[2025-01-18T19:44:48.731+0000] {spark_submit.py:634} INFO - 25/01/18 19:44:48 INFO FileSourceStrategy: Post-Scan Filters:
[2025-01-18T19:44:48.743+0000] {spark_submit.py:634} INFO - 25/01/18 19:44:48 INFO MemoryStore: Block broadcast_4 stored as values in memory (estimated size 206.3 KiB, free 7.0 GiB)
[2025-01-18T19:44:48.764+0000] {spark_submit.py:634} INFO - 25/01/18 19:44:48 INFO MemoryStore: Block broadcast_4_piece0 stored as bytes in memory (estimated size 36.2 KiB, free 7.0 GiB)
[2025-01-18T19:44:48.765+0000] {spark_submit.py:634} INFO - 25/01/18 19:44:48 INFO BlockManagerInfo: Added broadcast_4_piece0 in memory on 471d7521a401:34293 (size: 36.2 KiB, free: 7.0 GiB)
[2025-01-18T19:44:48.767+0000] {spark_submit.py:634} INFO - 25/01/18 19:44:48 INFO SparkContext: Created broadcast 4 from csv at NativeMethodAccessorImpl.java:0
[2025-01-18T19:44:48.768+0000] {spark_submit.py:634} INFO - 25/01/18 19:44:48 INFO FileSourceScanExec: Planning scan with bin packing, max size: 4194304 bytes, open cost is considered as scanning 4194304 bytes.
[2025-01-18T19:44:48.834+0000] {spark_submit.py:634} INFO - 25/01/18 19:44:48 INFO SparkContext: Starting job: csv at NativeMethodAccessorImpl.java:0
[2025-01-18T19:44:48.835+0000] {spark_submit.py:634} INFO - 25/01/18 19:44:48 INFO DAGScheduler: Got job 3 (csv at NativeMethodAccessorImpl.java:0) with 1 output partitions
[2025-01-18T19:44:48.836+0000] {spark_submit.py:634} INFO - 25/01/18 19:44:48 INFO DAGScheduler: Final stage: ResultStage 3 (csv at NativeMethodAccessorImpl.java:0)
[2025-01-18T19:44:48.836+0000] {spark_submit.py:634} INFO - 25/01/18 19:44:48 INFO DAGScheduler: Parents of final stage: List()
[2025-01-18T19:44:48.836+0000] {spark_submit.py:634} INFO - 25/01/18 19:44:48 INFO DAGScheduler: Missing parents: List()
[2025-01-18T19:44:48.836+0000] {spark_submit.py:634} INFO - 25/01/18 19:44:48 INFO DAGScheduler: Submitting ResultStage 3 (MapPartitionsRDD[20] at csv at NativeMethodAccessorImpl.java:0), which has no missing parents
[2025-01-18T19:44:48.859+0000] {spark_submit.py:634} INFO - 25/01/18 19:44:48 INFO MemoryStore: Block broadcast_5 stored as values in memory (estimated size 32.4 KiB, free 7.0 GiB)
[2025-01-18T19:44:48.884+0000] {spark_submit.py:634} INFO - 25/01/18 19:44:48 INFO MemoryStore: Block broadcast_5_piece0 stored as bytes in memory (estimated size 13.7 KiB, free 7.0 GiB)
[2025-01-18T19:44:48.885+0000] {spark_submit.py:634} INFO - 25/01/18 19:44:48 INFO BlockManagerInfo: Added broadcast_5_piece0 in memory on 471d7521a401:34293 (size: 13.7 KiB, free: 7.0 GiB)
[2025-01-18T19:44:48.885+0000] {spark_submit.py:634} INFO - 25/01/18 19:44:48 INFO SparkContext: Created broadcast 5 from broadcast at DAGScheduler.scala:1585
[2025-01-18T19:44:48.887+0000] {spark_submit.py:634} INFO - 25/01/18 19:44:48 INFO DAGScheduler: Submitting 1 missing tasks from ResultStage 3 (MapPartitionsRDD[20] at csv at NativeMethodAccessorImpl.java:0) (first 15 tasks are for partitions Vector(0))
[2025-01-18T19:44:48.887+0000] {spark_submit.py:634} INFO - 25/01/18 19:44:48 INFO TaskSchedulerImpl: Adding task set 3.0 with 1 tasks resource profile 0
[2025-01-18T19:44:48.889+0000] {spark_submit.py:634} INFO - 25/01/18 19:44:48 INFO TaskSetManager: Starting task 0.0 in stage 3.0 (TID 6) (172.18.0.9, executor 0, partition 0, PROCESS_LOCAL, 11456 bytes)
[2025-01-18T19:44:48.889+0000] {spark_submit.py:634} INFO - 25/01/18 19:44:48 INFO BlockManagerInfo: Removed broadcast_3_piece0 on 172.18.0.9:40317 in memory (size: 6.4 KiB, free: 7.0 GiB)
[2025-01-18T19:44:48.890+0000] {spark_submit.py:634} INFO - 25/01/18 19:44:48 INFO BlockManagerInfo: Removed broadcast_3_piece0 on 471d7521a401:34293 in memory (size: 6.4 KiB, free: 7.0 GiB)
[2025-01-18T19:44:48.909+0000] {spark_submit.py:634} INFO - 25/01/18 19:44:48 INFO BlockManagerInfo: Added broadcast_5_piece0 in memory on 172.18.0.9:40317 (size: 13.7 KiB, free: 7.0 GiB)
[2025-01-18T19:44:48.918+0000] {spark_submit.py:634} INFO - 25/01/18 19:44:48 INFO BlockManagerInfo: Removed broadcast_2_piece0 on 172.18.0.9:40317 in memory (size: 36.2 KiB, free: 7.0 GiB)
[2025-01-18T19:44:48.921+0000] {spark_submit.py:634} INFO - 25/01/18 19:44:48 INFO BlockManagerInfo: Removed broadcast_2_piece0 on 471d7521a401:34293 in memory (size: 36.2 KiB, free: 7.0 GiB)
[2025-01-18T19:44:49.878+0000] {spark_submit.py:634} INFO - 25/01/18 19:44:49 INFO BlockManagerInfo: Added broadcast_4_piece0 in memory on 172.18.0.9:40317 (size: 36.2 KiB, free: 7.0 GiB)
[2025-01-18T19:44:49.933+0000] {spark_submit.py:634} INFO - 25/01/18 19:44:49 INFO TaskSetManager: Finished task 0.0 in stage 3.0 (TID 6) in 1045 ms on 172.18.0.9 (executor 0) (1/1)
[2025-01-18T19:44:49.934+0000] {spark_submit.py:634} INFO - 25/01/18 19:44:49 INFO TaskSchedulerImpl: Removed TaskSet 3.0, whose tasks have all completed, from pool
[2025-01-18T19:44:49.934+0000] {spark_submit.py:634} INFO - 25/01/18 19:44:49 INFO DAGScheduler: ResultStage 3 (csv at NativeMethodAccessorImpl.java:0) finished in 1.097 s
[2025-01-18T19:44:49.934+0000] {spark_submit.py:634} INFO - 25/01/18 19:44:49 INFO DAGScheduler: Job 3 is finished. Cancelling potential speculative or zombie tasks for this job
[2025-01-18T19:44:49.934+0000] {spark_submit.py:634} INFO - 25/01/18 19:44:49 INFO TaskSchedulerImpl: Killing all running tasks in stage 3: Stage finished
[2025-01-18T19:44:49.936+0000] {spark_submit.py:634} INFO - 25/01/18 19:44:49 INFO DAGScheduler: Job 3 finished: csv at NativeMethodAccessorImpl.java:0, took 1.101935 s
[2025-01-18T19:44:49.960+0000] {spark_submit.py:634} INFO - 25/01/18 19:44:49 INFO FileSourceStrategy: Pushed Filters:
[2025-01-18T19:44:49.961+0000] {spark_submit.py:634} INFO - 25/01/18 19:44:49 INFO FileSourceStrategy: Post-Scan Filters:
[2025-01-18T19:44:49.980+0000] {spark_submit.py:634} INFO - 25/01/18 19:44:49 INFO CodeGenerator: Code generated in 7.684602 ms
[2025-01-18T19:44:49.995+0000] {spark_submit.py:634} INFO - 25/01/18 19:44:49 INFO MemoryStore: Block broadcast_6 stored as values in memory (estimated size 206.2 KiB, free 7.0 GiB)
[2025-01-18T19:44:49.995+0000] {spark_submit.py:634} INFO - 25/01/18 19:44:49 INFO MemoryStore: Block broadcast_6_piece0 stored as bytes in memory (estimated size 36.1 KiB, free 7.0 GiB)
[2025-01-18T19:44:49.996+0000] {spark_submit.py:634} INFO - 25/01/18 19:44:49 INFO BlockManagerInfo: Added broadcast_6_piece0 in memory on 471d7521a401:34293 (size: 36.1 KiB, free: 7.0 GiB)
[2025-01-18T19:44:49.997+0000] {spark_submit.py:634} INFO - 25/01/18 19:44:49 INFO SparkContext: Created broadcast 6 from showString at NativeMethodAccessorImpl.java:0
[2025-01-18T19:44:50.001+0000] {spark_submit.py:634} INFO - 25/01/18 19:44:50 INFO FileSourceScanExec: Planning scan with bin packing, max size: 4194304 bytes, open cost is considered as scanning 4194304 bytes.
[2025-01-18T19:44:50.010+0000] {spark_submit.py:634} INFO - 25/01/18 19:44:50 INFO SparkContext: Starting job: showString at NativeMethodAccessorImpl.java:0
[2025-01-18T19:44:50.011+0000] {spark_submit.py:634} INFO - 25/01/18 19:44:50 INFO DAGScheduler: Got job 4 (showString at NativeMethodAccessorImpl.java:0) with 1 output partitions
[2025-01-18T19:44:50.011+0000] {spark_submit.py:634} INFO - 25/01/18 19:44:50 INFO DAGScheduler: Final stage: ResultStage 4 (showString at NativeMethodAccessorImpl.java:0)
[2025-01-18T19:44:50.012+0000] {spark_submit.py:634} INFO - 25/01/18 19:44:50 INFO DAGScheduler: Parents of final stage: List()
[2025-01-18T19:44:50.012+0000] {spark_submit.py:634} INFO - 25/01/18 19:44:50 INFO DAGScheduler: Missing parents: List()
[2025-01-18T19:44:50.012+0000] {spark_submit.py:634} INFO - 25/01/18 19:44:50 INFO DAGScheduler: Submitting ResultStage 4 (MapPartitionsRDD[24] at showString at NativeMethodAccessorImpl.java:0), which has no missing parents
[2025-01-18T19:44:50.016+0000] {spark_submit.py:634} INFO - 25/01/18 19:44:50 INFO MemoryStore: Block broadcast_7 stored as values in memory (estimated size 15.2 KiB, free 7.0 GiB)
[2025-01-18T19:44:50.017+0000] {spark_submit.py:634} INFO - 25/01/18 19:44:50 INFO MemoryStore: Block broadcast_7_piece0 stored as bytes in memory (estimated size 7.5 KiB, free 7.0 GiB)
[2025-01-18T19:44:50.017+0000] {spark_submit.py:634} INFO - 25/01/18 19:44:50 INFO BlockManagerInfo: Added broadcast_7_piece0 in memory on 471d7521a401:34293 (size: 7.5 KiB, free: 7.0 GiB)
[2025-01-18T19:44:50.018+0000] {spark_submit.py:634} INFO - 25/01/18 19:44:50 INFO SparkContext: Created broadcast 7 from broadcast at DAGScheduler.scala:1585
[2025-01-18T19:44:50.018+0000] {spark_submit.py:634} INFO - 25/01/18 19:44:50 INFO DAGScheduler: Submitting 1 missing tasks from ResultStage 4 (MapPartitionsRDD[24] at showString at NativeMethodAccessorImpl.java:0) (first 15 tasks are for partitions Vector(0))
[2025-01-18T19:44:50.019+0000] {spark_submit.py:634} INFO - 25/01/18 19:44:50 INFO TaskSchedulerImpl: Adding task set 4.0 with 1 tasks resource profile 0
[2025-01-18T19:44:50.020+0000] {spark_submit.py:634} INFO - 25/01/18 19:44:50 INFO TaskSetManager: Starting task 0.0 in stage 4.0 (TID 7) (172.18.0.9, executor 0, partition 0, PROCESS_LOCAL, 11456 bytes)
[2025-01-18T19:44:50.037+0000] {spark_submit.py:634} INFO - 25/01/18 19:44:50 INFO BlockManagerInfo: Added broadcast_7_piece0 in memory on 172.18.0.9:40317 (size: 7.5 KiB, free: 7.0 GiB)
[2025-01-18T19:44:50.109+0000] {spark_submit.py:634} INFO - 25/01/18 19:44:50 INFO BlockManagerInfo: Added broadcast_6_piece0 in memory on 172.18.0.9:40317 (size: 36.1 KiB, free: 7.0 GiB)
[2025-01-18T19:44:50.159+0000] {spark_submit.py:634} INFO - 25/01/18 19:44:50 INFO TaskSetManager: Finished task 0.0 in stage 4.0 (TID 7) in 140 ms on 172.18.0.9 (executor 0) (1/1)
[2025-01-18T19:44:50.160+0000] {spark_submit.py:634} INFO - 25/01/18 19:44:50 INFO TaskSchedulerImpl: Removed TaskSet 4.0, whose tasks have all completed, from pool
[2025-01-18T19:44:50.160+0000] {spark_submit.py:634} INFO - 25/01/18 19:44:50 INFO DAGScheduler: ResultStage 4 (showString at NativeMethodAccessorImpl.java:0) finished in 0.147 s
[2025-01-18T19:44:50.160+0000] {spark_submit.py:634} INFO - 25/01/18 19:44:50 INFO DAGScheduler: Job 4 is finished. Cancelling potential speculative or zombie tasks for this job
[2025-01-18T19:44:50.160+0000] {spark_submit.py:634} INFO - 25/01/18 19:44:50 INFO TaskSchedulerImpl: Killing all running tasks in stage 4: Stage finished
[2025-01-18T19:44:50.162+0000] {spark_submit.py:634} INFO - 25/01/18 19:44:50 INFO DAGScheduler: Job 4 finished: showString at NativeMethodAccessorImpl.java:0, took 0.150193 s
[2025-01-18T19:44:50.173+0000] {spark_submit.py:634} INFO - 25/01/18 19:44:50 INFO CodeGenerator: Code generated in 8.235008 ms
[2025-01-18T19:44:50.175+0000] {spark_submit.py:634} INFO - +-------+-----+
[2025-01-18T19:44:50.175+0000] {spark_submit.py:634} INFO - |   Name|Value|
[2025-01-18T19:44:50.176+0000] {spark_submit.py:634} INFO - +-------+-----+
[2025-01-18T19:44:50.176+0000] {spark_submit.py:634} INFO - |  Alice|    1|
[2025-01-18T19:44:50.176+0000] {spark_submit.py:634} INFO - |    Bob|    2|
[2025-01-18T19:44:50.176+0000] {spark_submit.py:634} INFO - |Charlie|    3|
[2025-01-18T19:44:50.176+0000] {spark_submit.py:634} INFO - +-------+-----+
[2025-01-18T19:44:50.176+0000] {spark_submit.py:634} INFO - 
[2025-01-18T19:44:50.193+0000] {spark_submit.py:634} INFO - 25/01/18 19:44:50 INFO FileSourceStrategy: Pushed Filters:
[2025-01-18T19:44:50.194+0000] {spark_submit.py:634} INFO - 25/01/18 19:44:50 INFO FileSourceStrategy: Post-Scan Filters:
[2025-01-18T19:44:50.209+0000] {spark_submit.py:634} INFO - 25/01/18 19:44:50 INFO MemoryStore: Block broadcast_8 stored as values in memory (estimated size 206.2 KiB, free 7.0 GiB)
[2025-01-18T19:44:50.239+0000] {spark_submit.py:634} INFO - 25/01/18 19:44:50 INFO MemoryStore: Block broadcast_8_piece0 stored as bytes in memory (estimated size 36.1 KiB, free 7.0 GiB)
[2025-01-18T19:44:50.240+0000] {spark_submit.py:634} INFO - 25/01/18 19:44:50 INFO BlockManagerInfo: Removed broadcast_7_piece0 on 471d7521a401:34293 in memory (size: 7.5 KiB, free: 7.0 GiB)
[2025-01-18T19:44:50.241+0000] {spark_submit.py:634} INFO - 25/01/18 19:44:50 INFO BlockManagerInfo: Added broadcast_8_piece0 in memory on 471d7521a401:34293 (size: 36.1 KiB, free: 7.0 GiB)
[2025-01-18T19:44:50.242+0000] {spark_submit.py:634} INFO - 25/01/18 19:44:50 INFO SparkContext: Created broadcast 8 from showString at NativeMethodAccessorImpl.java:0
[2025-01-18T19:44:50.244+0000] {spark_submit.py:634} INFO - 25/01/18 19:44:50 INFO FileSourceScanExec: Planning scan with bin packing, max size: 4194304 bytes, open cost is considered as scanning 4194304 bytes.
[2025-01-18T19:44:50.247+0000] {spark_submit.py:634} INFO - 25/01/18 19:44:50 INFO BlockManagerInfo: Removed broadcast_7_piece0 on 172.18.0.9:40317 in memory (size: 7.5 KiB, free: 7.0 GiB)
[2025-01-18T19:44:50.256+0000] {spark_submit.py:634} INFO - 25/01/18 19:44:50 INFO SparkContext: Starting job: showString at NativeMethodAccessorImpl.java:0
[2025-01-18T19:44:50.270+0000] {spark_submit.py:634} INFO - 25/01/18 19:44:50 INFO DAGScheduler: Got job 5 (showString at NativeMethodAccessorImpl.java:0) with 1 output partitions
[2025-01-18T19:44:50.270+0000] {spark_submit.py:634} INFO - 25/01/18 19:44:50 INFO DAGScheduler: Final stage: ResultStage 5 (showString at NativeMethodAccessorImpl.java:0)
[2025-01-18T19:44:50.270+0000] {spark_submit.py:634} INFO - 25/01/18 19:44:50 INFO DAGScheduler: Parents of final stage: List()
[2025-01-18T19:44:50.270+0000] {spark_submit.py:634} INFO - 25/01/18 19:44:50 INFO DAGScheduler: Missing parents: List()
[2025-01-18T19:44:50.271+0000] {spark_submit.py:634} INFO - 25/01/18 19:44:50 INFO DAGScheduler: Submitting ResultStage 5 (MapPartitionsRDD[28] at showString at NativeMethodAccessorImpl.java:0), which has no missing parents
[2025-01-18T19:44:50.273+0000] {spark_submit.py:634} INFO - 25/01/18 19:44:50 INFO MemoryStore: Block broadcast_9 stored as values in memory (estimated size 15.3 KiB, free 7.0 GiB)
[2025-01-18T19:44:50.275+0000] {spark_submit.py:634} INFO - 25/01/18 19:44:50 INFO MemoryStore: Block broadcast_9_piece0 stored as bytes in memory (estimated size 7.5 KiB, free 7.0 GiB)
[2025-01-18T19:44:50.276+0000] {spark_submit.py:634} INFO - 25/01/18 19:44:50 INFO BlockManagerInfo: Added broadcast_9_piece0 in memory on 471d7521a401:34293 (size: 7.5 KiB, free: 7.0 GiB)
[2025-01-18T19:44:50.279+0000] {spark_submit.py:634} INFO - 25/01/18 19:44:50 INFO SparkContext: Created broadcast 9 from broadcast at DAGScheduler.scala:1585
[2025-01-18T19:44:50.279+0000] {spark_submit.py:634} INFO - 25/01/18 19:44:50 INFO DAGScheduler: Submitting 1 missing tasks from ResultStage 5 (MapPartitionsRDD[28] at showString at NativeMethodAccessorImpl.java:0) (first 15 tasks are for partitions Vector(0))
[2025-01-18T19:44:50.280+0000] {spark_submit.py:634} INFO - 25/01/18 19:44:50 INFO TaskSchedulerImpl: Adding task set 5.0 with 1 tasks resource profile 0
[2025-01-18T19:44:50.281+0000] {spark_submit.py:634} INFO - 25/01/18 19:44:50 INFO TaskSetManager: Starting task 0.0 in stage 5.0 (TID 8) (172.18.0.9, executor 0, partition 0, PROCESS_LOCAL, 11456 bytes)
[2025-01-18T19:44:50.291+0000] {spark_submit.py:634} INFO - 25/01/18 19:44:50 INFO BlockManagerInfo: Removed broadcast_5_piece0 on 471d7521a401:34293 in memory (size: 13.7 KiB, free: 7.0 GiB)
[2025-01-18T19:44:50.292+0000] {spark_submit.py:634} INFO - 25/01/18 19:44:50 INFO BlockManagerInfo: Removed broadcast_5_piece0 on 172.18.0.9:40317 in memory (size: 13.7 KiB, free: 7.0 GiB)
[2025-01-18T19:44:50.301+0000] {spark_submit.py:634} INFO - 25/01/18 19:44:50 INFO BlockManagerInfo: Removed broadcast_4_piece0 on 471d7521a401:34293 in memory (size: 36.2 KiB, free: 7.0 GiB)
[2025-01-18T19:44:50.305+0000] {spark_submit.py:634} INFO - 25/01/18 19:44:50 INFO BlockManagerInfo: Added broadcast_9_piece0 in memory on 172.18.0.9:40317 (size: 7.5 KiB, free: 7.0 GiB)
[2025-01-18T19:44:50.305+0000] {spark_submit.py:634} INFO - 25/01/18 19:44:50 INFO BlockManagerInfo: Removed broadcast_4_piece0 on 172.18.0.9:40317 in memory (size: 36.2 KiB, free: 7.0 GiB)
[2025-01-18T19:44:50.320+0000] {spark_submit.py:634} INFO - 25/01/18 19:44:50 INFO BlockManagerInfo: Removed broadcast_6_piece0 on 172.18.0.9:40317 in memory (size: 36.1 KiB, free: 7.0 GiB)
[2025-01-18T19:44:50.322+0000] {spark_submit.py:634} INFO - 25/01/18 19:44:50 INFO BlockManagerInfo: Removed broadcast_6_piece0 on 471d7521a401:34293 in memory (size: 36.1 KiB, free: 7.0 GiB)
[2025-01-18T19:44:50.323+0000] {spark_submit.py:634} INFO - 25/01/18 19:44:50 INFO BlockManagerInfo: Added broadcast_8_piece0 in memory on 172.18.0.9:40317 (size: 36.1 KiB, free: 7.0 GiB)
[2025-01-18T19:44:50.351+0000] {spark_submit.py:634} INFO - 25/01/18 19:44:50 INFO TaskSetManager: Finished task 0.0 in stage 5.0 (TID 8) in 69 ms on 172.18.0.9 (executor 0) (1/1)
[2025-01-18T19:44:50.352+0000] {spark_submit.py:634} INFO - 25/01/18 19:44:50 INFO TaskSchedulerImpl: Removed TaskSet 5.0, whose tasks have all completed, from pool
[2025-01-18T19:44:50.355+0000] {spark_submit.py:634} INFO - 25/01/18 19:44:50 INFO DAGScheduler: ResultStage 5 (showString at NativeMethodAccessorImpl.java:0) finished in 0.081 s
[2025-01-18T19:44:50.356+0000] {spark_submit.py:634} INFO - 25/01/18 19:44:50 INFO DAGScheduler: Job 5 is finished. Cancelling potential speculative or zombie tasks for this job
[2025-01-18T19:44:50.356+0000] {spark_submit.py:634} INFO - 25/01/18 19:44:50 INFO TaskSchedulerImpl: Killing all running tasks in stage 5: Stage finished
[2025-01-18T19:44:50.356+0000] {spark_submit.py:634} INFO - 25/01/18 19:44:50 INFO DAGScheduler: Job 5 finished: showString at NativeMethodAccessorImpl.java:0, took 0.098056 s
[2025-01-18T19:44:50.360+0000] {spark_submit.py:634} INFO - +-------+-----+
[2025-01-18T19:44:50.361+0000] {spark_submit.py:634} INFO - |   Name|Value|
[2025-01-18T19:44:50.361+0000] {spark_submit.py:634} INFO - +-------+-----+
[2025-01-18T19:44:50.361+0000] {spark_submit.py:634} INFO - |  Alice|    1|
[2025-01-18T19:44:50.361+0000] {spark_submit.py:634} INFO - |    Bob|    2|
[2025-01-18T19:44:50.361+0000] {spark_submit.py:634} INFO - |Charlie|    3|
[2025-01-18T19:44:50.362+0000] {spark_submit.py:634} INFO - +-------+-----+
[2025-01-18T19:44:50.362+0000] {spark_submit.py:634} INFO - 
[2025-01-18T19:44:50.667+0000] {spark_submit.py:634} INFO - 25/01/18 19:44:50 INFO FileSourceStrategy: Pushed Filters:
[2025-01-18T19:44:50.668+0000] {spark_submit.py:634} INFO - 25/01/18 19:44:50 INFO FileSourceStrategy: Post-Scan Filters:
[2025-01-18T19:44:50.675+0000] {spark_submit.py:634} INFO - 25/01/18 19:44:50 INFO MemoryStore: Block broadcast_10 stored as values in memory (estimated size 206.2 KiB, free 7.0 GiB)
[2025-01-18T19:44:50.696+0000] {spark_submit.py:634} INFO - 25/01/18 19:44:50 INFO BlockManagerInfo: Removed broadcast_9_piece0 on 471d7521a401:34293 in memory (size: 7.5 KiB, free: 7.0 GiB)
[2025-01-18T19:44:50.698+0000] {spark_submit.py:634} INFO - 25/01/18 19:44:50 INFO BlockManagerInfo: Removed broadcast_9_piece0 on 172.18.0.9:40317 in memory (size: 7.5 KiB, free: 7.0 GiB)
[2025-01-18T19:44:50.704+0000] {spark_submit.py:634} INFO - 25/01/18 19:44:50 INFO MemoryStore: Block broadcast_10_piece0 stored as bytes in memory (estimated size 36.1 KiB, free 7.0 GiB)
[2025-01-18T19:44:50.706+0000] {spark_submit.py:634} INFO - 25/01/18 19:44:50 INFO BlockManagerInfo: Added broadcast_10_piece0 in memory on 471d7521a401:34293 (size: 36.1 KiB, free: 7.0 GiB)
[2025-01-18T19:44:50.707+0000] {spark_submit.py:634} INFO - 25/01/18 19:44:50 INFO SparkContext: Created broadcast 10 from toPandas at /opt/***/dags/spark_app/spark_1.py:38
[2025-01-18T19:44:50.708+0000] {spark_submit.py:634} INFO - 25/01/18 19:44:50 INFO FileSourceScanExec: Planning scan with bin packing, max size: 4194304 bytes, open cost is considered as scanning 4194304 bytes.
[2025-01-18T19:44:50.722+0000] {spark_submit.py:634} INFO - 25/01/18 19:44:50 INFO BlockManagerInfo: Removed broadcast_8_piece0 on 172.18.0.9:40317 in memory (size: 36.1 KiB, free: 7.0 GiB)
[2025-01-18T19:44:50.723+0000] {spark_submit.py:634} INFO - 25/01/18 19:44:50 INFO SparkContext: Starting job: toPandas at /opt/***/dags/spark_app/spark_1.py:38
[2025-01-18T19:44:50.728+0000] {spark_submit.py:634} INFO - 25/01/18 19:44:50 INFO DAGScheduler: Got job 6 (toPandas at /opt/***/dags/spark_app/spark_1.py:38) with 1 output partitions
[2025-01-18T19:44:50.728+0000] {spark_submit.py:634} INFO - 25/01/18 19:44:50 INFO DAGScheduler: Final stage: ResultStage 6 (toPandas at /opt/***/dags/spark_app/spark_1.py:38)
[2025-01-18T19:44:50.728+0000] {spark_submit.py:634} INFO - 25/01/18 19:44:50 INFO DAGScheduler: Parents of final stage: List()
[2025-01-18T19:44:50.729+0000] {spark_submit.py:634} INFO - 25/01/18 19:44:50 INFO DAGScheduler: Missing parents: List()
[2025-01-18T19:44:50.729+0000] {spark_submit.py:634} INFO - 25/01/18 19:44:50 INFO DAGScheduler: Submitting ResultStage 6 (MapPartitionsRDD[31] at toPandas at /opt/***/dags/spark_app/spark_1.py:38), which has no missing parents
[2025-01-18T19:44:50.729+0000] {spark_submit.py:634} INFO - 25/01/18 19:44:50 INFO BlockManagerInfo: Removed broadcast_8_piece0 on 471d7521a401:34293 in memory (size: 36.1 KiB, free: 7.0 GiB)
[2025-01-18T19:44:50.729+0000] {spark_submit.py:634} INFO - 25/01/18 19:44:50 INFO MemoryStore: Block broadcast_11 stored as values in memory (estimated size 11.8 KiB, free 7.0 GiB)
[2025-01-18T19:44:50.729+0000] {spark_submit.py:634} INFO - 25/01/18 19:44:50 INFO MemoryStore: Block broadcast_11_piece0 stored as bytes in memory (estimated size 6.2 KiB, free 7.0 GiB)
[2025-01-18T19:44:50.730+0000] {spark_submit.py:634} INFO - 25/01/18 19:44:50 INFO BlockManagerInfo: Added broadcast_11_piece0 in memory on 471d7521a401:34293 (size: 6.2 KiB, free: 7.0 GiB)
[2025-01-18T19:44:50.730+0000] {spark_submit.py:634} INFO - 25/01/18 19:44:50 INFO SparkContext: Created broadcast 11 from broadcast at DAGScheduler.scala:1585
[2025-01-18T19:44:50.731+0000] {spark_submit.py:634} INFO - 25/01/18 19:44:50 INFO DAGScheduler: Submitting 1 missing tasks from ResultStage 6 (MapPartitionsRDD[31] at toPandas at /opt/***/dags/spark_app/spark_1.py:38) (first 15 tasks are for partitions Vector(0))
[2025-01-18T19:44:50.731+0000] {spark_submit.py:634} INFO - 25/01/18 19:44:50 INFO TaskSchedulerImpl: Adding task set 6.0 with 1 tasks resource profile 0
[2025-01-18T19:44:50.733+0000] {spark_submit.py:634} INFO - 25/01/18 19:44:50 INFO TaskSetManager: Starting task 0.0 in stage 6.0 (TID 9) (172.18.0.9, executor 0, partition 0, PROCESS_LOCAL, 11456 bytes)
[2025-01-18T19:44:50.761+0000] {spark_submit.py:634} INFO - 25/01/18 19:44:50 INFO BlockManagerInfo: Added broadcast_11_piece0 in memory on 172.18.0.9:40317 (size: 6.2 KiB, free: 7.0 GiB)
[2025-01-18T19:44:50.803+0000] {spark_submit.py:634} INFO - 25/01/18 19:44:50 INFO BlockManagerInfo: Added broadcast_10_piece0 in memory on 172.18.0.9:40317 (size: 36.1 KiB, free: 7.0 GiB)
[2025-01-18T19:44:50.860+0000] {spark_submit.py:634} INFO - 25/01/18 19:44:50 INFO TaskSetManager: Finished task 0.0 in stage 6.0 (TID 9) in 128 ms on 172.18.0.9 (executor 0) (1/1)
[2025-01-18T19:44:50.860+0000] {spark_submit.py:634} INFO - 25/01/18 19:44:50 INFO TaskSchedulerImpl: Removed TaskSet 6.0, whose tasks have all completed, from pool
[2025-01-18T19:44:50.863+0000] {spark_submit.py:634} INFO - 25/01/18 19:44:50 INFO DAGScheduler: ResultStage 6 (toPandas at /opt/***/dags/spark_app/spark_1.py:38) finished in 0.135 s
[2025-01-18T19:44:50.864+0000] {spark_submit.py:634} INFO - 25/01/18 19:44:50 INFO DAGScheduler: Job 6 is finished. Cancelling potential speculative or zombie tasks for this job
[2025-01-18T19:44:50.864+0000] {spark_submit.py:634} INFO - 25/01/18 19:44:50 INFO TaskSchedulerImpl: Killing all running tasks in stage 6: Stage finished
[2025-01-18T19:44:50.864+0000] {spark_submit.py:634} INFO - 25/01/18 19:44:50 INFO DAGScheduler: Job 6 finished: toPandas at /opt/***/dags/spark_app/spark_1.py:38, took 0.138333 s
[2025-01-18T19:44:50.901+0000] {spark_submit.py:634} INFO - 25/01/18 19:44:50 INFO SparkContext: SparkContext is stopping with exitCode 0.
[2025-01-18T19:44:50.909+0000] {spark_submit.py:634} INFO - 25/01/18 19:44:50 INFO SparkUI: Stopped Spark web UI at http://471d7521a401:4040
[2025-01-18T19:44:50.912+0000] {spark_submit.py:634} INFO - 25/01/18 19:44:50 INFO StandaloneSchedulerBackend: Shutting down all executors
[2025-01-18T19:44:50.917+0000] {spark_submit.py:634} INFO - 25/01/18 19:44:50 INFO StandaloneSchedulerBackend$StandaloneDriverEndpoint: Asking each executor to shut down
[2025-01-18T19:44:50.963+0000] {spark_submit.py:634} INFO - 25/01/18 19:44:50 INFO MapOutputTrackerMasterEndpoint: MapOutputTrackerMasterEndpoint stopped!
[2025-01-18T19:44:50.996+0000] {spark_submit.py:634} INFO - 25/01/18 19:44:50 INFO MemoryStore: MemoryStore cleared
[2025-01-18T19:44:50.996+0000] {spark_submit.py:634} INFO - 25/01/18 19:44:50 INFO BlockManager: BlockManager stopped
[2025-01-18T19:44:51.018+0000] {spark_submit.py:634} INFO - 25/01/18 19:44:51 INFO BlockManagerMaster: BlockManagerMaster stopped
[2025-01-18T19:44:51.019+0000] {spark_submit.py:634} INFO - 25/01/18 19:44:51 INFO OutputCommitCoordinator$OutputCommitCoordinatorEndpoint: OutputCommitCoordinator stopped!
[2025-01-18T19:44:51.032+0000] {spark_submit.py:634} INFO - 25/01/18 19:44:51 INFO SparkContext: Successfully stopped SparkContext
[2025-01-18T19:44:51.949+0000] {spark_submit.py:634} INFO - 25/01/18 19:44:51 INFO ShutdownHookManager: Shutdown hook called
[2025-01-18T19:44:51.949+0000] {spark_submit.py:634} INFO - 25/01/18 19:44:51 INFO ShutdownHookManager: Deleting directory /tmp/spark-6a74f35e-ef9e-4577-b5e9-989d0cd65443
[2025-01-18T19:44:51.952+0000] {spark_submit.py:634} INFO - 25/01/18 19:44:51 INFO ShutdownHookManager: Deleting directory /tmp/spark-ba8dc016-b454-42ee-a313-ea6cc8fd6ab6/pyspark-72e45692-6f13-4cc5-ac73-e5a05c6f134e
[2025-01-18T19:44:51.955+0000] {spark_submit.py:634} INFO - 25/01/18 19:44:51 INFO ShutdownHookManager: Deleting directory /tmp/spark-ba8dc016-b454-42ee-a313-ea6cc8fd6ab6
[2025-01-18T19:44:51.994+0000] {taskinstance.py:340} INFO - ::group::Post task execution logs
[2025-01-18T19:44:51.995+0000] {taskinstance.py:352} INFO - Marking task as SUCCESS. dag_id=spark_clickhouse_example, task_id=spark_submit_job, run_id=manual__2025-01-18T19:44:33.157550+00:00, execution_date=20250118T194433, start_date=20250118T194434, end_date=20250118T194451
[2025-01-18T19:44:52.027+0000] {local_task_job_runner.py:266} INFO - Task exited with return code 0
[2025-01-18T19:44:52.044+0000] {taskinstance.py:3895} INFO - 1 downstream tasks scheduled from follow-on schedule check
[2025-01-18T19:44:52.045+0000] {local_task_job_runner.py:245} INFO - ::endgroup::
