[2024-12-29T09:44:49.418+0000] {processor.py:186} INFO - Started process (PID=31) to work on /opt/airflow/dags/spark_example.py
[2024-12-29T09:44:49.419+0000] {processor.py:914} INFO - Processing file /opt/airflow/dags/spark_example.py for tasks to queue
[2024-12-29T09:44:49.422+0000] {logging_mixin.py:190} INFO - [2024-12-29T09:44:49.421+0000] {dagbag.py:588} INFO - Filling up the DagBag from /opt/airflow/dags/spark_example.py
[2024-12-29T09:44:49.440+0000] {processor.py:925} INFO - DAG(s) 'spark_example' retrieved from /opt/airflow/dags/spark_example.py
[2024-12-29T09:44:49.473+0000] {logging_mixin.py:190} INFO - [2024-12-29T09:44:49.472+0000] {dag.py:3239} INFO - Sync 1 DAGs
[2024-12-29T09:44:49.497+0000] {logging_mixin.py:190} INFO - [2024-12-29T09:44:49.497+0000] {dag.py:4180} INFO - Setting next_dagrun for spark_example to None, run_after=None
[2024-12-29T09:44:49.538+0000] {processor.py:208} INFO - Processing /opt/airflow/dags/spark_example.py took 0.125 seconds
[2024-12-29T09:45:20.073+0000] {processor.py:186} INFO - Started process (PID=40) to work on /opt/airflow/dags/spark_example.py
[2024-12-29T09:45:20.076+0000] {processor.py:914} INFO - Processing file /opt/airflow/dags/spark_example.py for tasks to queue
[2024-12-29T09:45:20.078+0000] {logging_mixin.py:190} INFO - [2024-12-29T09:45:20.077+0000] {dagbag.py:588} INFO - Filling up the DagBag from /opt/airflow/dags/spark_example.py
[2024-12-29T09:45:20.083+0000] {processor.py:925} INFO - DAG(s) 'spark_example' retrieved from /opt/airflow/dags/spark_example.py
[2024-12-29T09:45:20.108+0000] {logging_mixin.py:190} INFO - [2024-12-29T09:45:20.108+0000] {dag.py:3239} INFO - Sync 1 DAGs
[2024-12-29T09:45:20.124+0000] {logging_mixin.py:190} INFO - [2024-12-29T09:45:20.124+0000] {dag.py:4180} INFO - Setting next_dagrun for spark_example to None, run_after=None
[2024-12-29T09:45:20.142+0000] {processor.py:208} INFO - Processing /opt/airflow/dags/spark_example.py took 0.073 seconds
[2024-12-29T09:45:50.458+0000] {processor.py:186} INFO - Started process (PID=49) to work on /opt/airflow/dags/spark_example.py
[2024-12-29T09:45:50.459+0000] {processor.py:914} INFO - Processing file /opt/airflow/dags/spark_example.py for tasks to queue
[2024-12-29T09:45:50.461+0000] {logging_mixin.py:190} INFO - [2024-12-29T09:45:50.461+0000] {dagbag.py:588} INFO - Filling up the DagBag from /opt/airflow/dags/spark_example.py
[2024-12-29T09:45:50.469+0000] {processor.py:925} INFO - DAG(s) 'spark_example' retrieved from /opt/airflow/dags/spark_example.py
[2024-12-29T09:45:50.515+0000] {logging_mixin.py:190} INFO - [2024-12-29T09:45:50.515+0000] {dag.py:3239} INFO - Sync 1 DAGs
[2024-12-29T09:45:50.531+0000] {logging_mixin.py:190} INFO - [2024-12-29T09:45:50.531+0000] {dag.py:4180} INFO - Setting next_dagrun for spark_example to None, run_after=None
[2024-12-29T09:45:50.550+0000] {processor.py:208} INFO - Processing /opt/airflow/dags/spark_example.py took 0.097 seconds
[2024-12-29T09:46:20.860+0000] {processor.py:186} INFO - Started process (PID=58) to work on /opt/airflow/dags/spark_example.py
[2024-12-29T09:46:20.861+0000] {processor.py:914} INFO - Processing file /opt/airflow/dags/spark_example.py for tasks to queue
[2024-12-29T09:46:20.863+0000] {logging_mixin.py:190} INFO - [2024-12-29T09:46:20.862+0000] {dagbag.py:588} INFO - Filling up the DagBag from /opt/airflow/dags/spark_example.py
[2024-12-29T09:46:20.868+0000] {processor.py:925} INFO - DAG(s) 'spark_example' retrieved from /opt/airflow/dags/spark_example.py
[2024-12-29T09:46:20.896+0000] {logging_mixin.py:190} INFO - [2024-12-29T09:46:20.896+0000] {dag.py:3239} INFO - Sync 1 DAGs
[2024-12-29T09:46:20.911+0000] {logging_mixin.py:190} INFO - [2024-12-29T09:46:20.911+0000] {dag.py:4180} INFO - Setting next_dagrun for spark_example to None, run_after=None
[2024-12-29T09:46:20.929+0000] {processor.py:208} INFO - Processing /opt/airflow/dags/spark_example.py took 0.074 seconds
[2024-12-29T09:46:51.372+0000] {processor.py:186} INFO - Started process (PID=67) to work on /opt/airflow/dags/spark_example.py
[2024-12-29T09:46:51.373+0000] {processor.py:914} INFO - Processing file /opt/airflow/dags/spark_example.py for tasks to queue
[2024-12-29T09:46:51.375+0000] {logging_mixin.py:190} INFO - [2024-12-29T09:46:51.375+0000] {dagbag.py:588} INFO - Filling up the DagBag from /opt/airflow/dags/spark_example.py
[2024-12-29T09:46:51.381+0000] {processor.py:925} INFO - DAG(s) 'spark_example' retrieved from /opt/airflow/dags/spark_example.py
[2024-12-29T09:46:51.401+0000] {logging_mixin.py:190} INFO - [2024-12-29T09:46:51.400+0000] {dag.py:3239} INFO - Sync 1 DAGs
[2024-12-29T09:46:51.412+0000] {logging_mixin.py:190} INFO - [2024-12-29T09:46:51.412+0000] {dag.py:4180} INFO - Setting next_dagrun for spark_example to None, run_after=None
[2024-12-29T09:46:51.427+0000] {processor.py:208} INFO - Processing /opt/airflow/dags/spark_example.py took 0.059 seconds
[2024-12-29T09:47:21.865+0000] {processor.py:186} INFO - Started process (PID=76) to work on /opt/airflow/dags/spark_example.py
[2024-12-29T09:47:21.866+0000] {processor.py:914} INFO - Processing file /opt/airflow/dags/spark_example.py for tasks to queue
[2024-12-29T09:47:21.868+0000] {logging_mixin.py:190} INFO - [2024-12-29T09:47:21.867+0000] {dagbag.py:588} INFO - Filling up the DagBag from /opt/airflow/dags/spark_example.py
[2024-12-29T09:47:21.873+0000] {processor.py:925} INFO - DAG(s) 'spark_example' retrieved from /opt/airflow/dags/spark_example.py
[2024-12-29T09:47:21.894+0000] {logging_mixin.py:190} INFO - [2024-12-29T09:47:21.894+0000] {dag.py:3239} INFO - Sync 1 DAGs
[2024-12-29T09:47:21.906+0000] {logging_mixin.py:190} INFO - [2024-12-29T09:47:21.905+0000] {dag.py:4180} INFO - Setting next_dagrun for spark_example to None, run_after=None
[2024-12-29T09:47:22.040+0000] {processor.py:208} INFO - Processing /opt/airflow/dags/spark_example.py took 0.180 seconds
[2024-12-29T09:47:52.329+0000] {processor.py:186} INFO - Started process (PID=85) to work on /opt/airflow/dags/spark_example.py
[2024-12-29T09:47:52.329+0000] {processor.py:914} INFO - Processing file /opt/airflow/dags/spark_example.py for tasks to queue
[2024-12-29T09:47:52.331+0000] {logging_mixin.py:190} INFO - [2024-12-29T09:47:52.331+0000] {dagbag.py:588} INFO - Filling up the DagBag from /opt/airflow/dags/spark_example.py
[2024-12-29T09:47:52.337+0000] {processor.py:925} INFO - DAG(s) 'spark_example' retrieved from /opt/airflow/dags/spark_example.py
[2024-12-29T09:47:52.357+0000] {logging_mixin.py:190} INFO - [2024-12-29T09:47:52.357+0000] {dag.py:3239} INFO - Sync 1 DAGs
[2024-12-29T09:47:52.491+0000] {logging_mixin.py:190} INFO - [2024-12-29T09:47:52.491+0000] {dag.py:4180} INFO - Setting next_dagrun for spark_example to None, run_after=None
[2024-12-29T09:47:52.505+0000] {processor.py:208} INFO - Processing /opt/airflow/dags/spark_example.py took 0.181 seconds
[2024-12-29T09:48:22.800+0000] {processor.py:186} INFO - Started process (PID=94) to work on /opt/airflow/dags/spark_example.py
[2024-12-29T09:48:22.801+0000] {processor.py:914} INFO - Processing file /opt/airflow/dags/spark_example.py for tasks to queue
[2024-12-29T09:48:22.803+0000] {logging_mixin.py:190} INFO - [2024-12-29T09:48:22.803+0000] {dagbag.py:588} INFO - Filling up the DagBag from /opt/airflow/dags/spark_example.py
[2024-12-29T09:48:22.808+0000] {processor.py:925} INFO - DAG(s) 'spark_example' retrieved from /opt/airflow/dags/spark_example.py
[2024-12-29T09:48:22.949+0000] {logging_mixin.py:190} INFO - [2024-12-29T09:48:22.949+0000] {dag.py:3239} INFO - Sync 1 DAGs
[2024-12-29T09:48:22.960+0000] {logging_mixin.py:190} INFO - [2024-12-29T09:48:22.960+0000] {dag.py:4180} INFO - Setting next_dagrun for spark_example to None, run_after=None
[2024-12-29T09:48:22.974+0000] {processor.py:208} INFO - Processing /opt/airflow/dags/spark_example.py took 0.178 seconds
[2024-12-29T09:48:53.266+0000] {processor.py:186} INFO - Started process (PID=103) to work on /opt/airflow/dags/spark_example.py
[2024-12-29T09:48:53.267+0000] {processor.py:914} INFO - Processing file /opt/airflow/dags/spark_example.py for tasks to queue
[2024-12-29T09:48:53.269+0000] {logging_mixin.py:190} INFO - [2024-12-29T09:48:53.269+0000] {dagbag.py:588} INFO - Filling up the DagBag from /opt/airflow/dags/spark_example.py
[2024-12-29T09:48:53.406+0000] {processor.py:925} INFO - DAG(s) 'spark_example' retrieved from /opt/airflow/dags/spark_example.py
[2024-12-29T09:48:53.423+0000] {logging_mixin.py:190} INFO - [2024-12-29T09:48:53.423+0000] {dag.py:3239} INFO - Sync 1 DAGs
[2024-12-29T09:48:53.434+0000] {logging_mixin.py:190} INFO - [2024-12-29T09:48:53.434+0000] {dag.py:4180} INFO - Setting next_dagrun for spark_example to None, run_after=None
[2024-12-29T09:48:53.448+0000] {processor.py:208} INFO - Processing /opt/airflow/dags/spark_example.py took 0.186 seconds
