[2025-02-10T17:49:26.845+0000] {processor.py:186} INFO - Started process (PID=31) to work on /opt/airflow/dags/spark_example.py
[2025-02-10T17:49:26.847+0000] {processor.py:914} INFO - Processing file /opt/airflow/dags/spark_example.py for tasks to queue
[2025-02-10T17:49:26.851+0000] {logging_mixin.py:190} INFO - [2025-02-10T17:49:26.850+0000] {dagbag.py:588} INFO - Filling up the DagBag from /opt/airflow/dags/spark_example.py
[2025-02-10T17:49:26.873+0000] {processor.py:925} INFO - DAG(s) 'spark_example' retrieved from /opt/airflow/dags/spark_example.py
[2025-02-10T17:49:26.916+0000] {logging_mixin.py:190} INFO - [2025-02-10T17:49:26.915+0000] {dag.py:3239} INFO - Sync 1 DAGs
[2025-02-10T17:49:26.946+0000] {logging_mixin.py:190} INFO - [2025-02-10T17:49:26.945+0000] {dag.py:4180} INFO - Setting next_dagrun for spark_example to None, run_after=None
[2025-02-10T17:49:26.978+0000] {processor.py:208} INFO - Processing /opt/airflow/dags/spark_example.py took 0.142 seconds
[2025-02-10T17:49:57.509+0000] {processor.py:186} INFO - Started process (PID=39) to work on /opt/airflow/dags/spark_example.py
[2025-02-10T17:49:57.510+0000] {processor.py:914} INFO - Processing file /opt/airflow/dags/spark_example.py for tasks to queue
[2025-02-10T17:49:57.512+0000] {logging_mixin.py:190} INFO - [2025-02-10T17:49:57.511+0000] {dagbag.py:588} INFO - Filling up the DagBag from /opt/airflow/dags/spark_example.py
[2025-02-10T17:49:57.517+0000] {processor.py:925} INFO - DAG(s) 'spark_example' retrieved from /opt/airflow/dags/spark_example.py
[2025-02-10T17:49:57.543+0000] {logging_mixin.py:190} INFO - [2025-02-10T17:49:57.543+0000] {dag.py:3239} INFO - Sync 1 DAGs
[2025-02-10T17:49:57.558+0000] {logging_mixin.py:190} INFO - [2025-02-10T17:49:57.558+0000] {dag.py:4180} INFO - Setting next_dagrun for spark_example to None, run_after=None
[2025-02-10T17:49:57.574+0000] {processor.py:208} INFO - Processing /opt/airflow/dags/spark_example.py took 0.070 seconds
[2025-02-10T17:50:27.871+0000] {processor.py:186} INFO - Started process (PID=48) to work on /opt/airflow/dags/spark_example.py
[2025-02-10T17:50:27.872+0000] {processor.py:914} INFO - Processing file /opt/airflow/dags/spark_example.py for tasks to queue
[2025-02-10T17:50:27.874+0000] {logging_mixin.py:190} INFO - [2025-02-10T17:50:27.874+0000] {dagbag.py:588} INFO - Filling up the DagBag from /opt/airflow/dags/spark_example.py
[2025-02-10T17:50:27.879+0000] {processor.py:925} INFO - DAG(s) 'spark_example' retrieved from /opt/airflow/dags/spark_example.py
[2025-02-10T17:50:27.899+0000] {logging_mixin.py:190} INFO - [2025-02-10T17:50:27.899+0000] {dag.py:3239} INFO - Sync 1 DAGs
[2025-02-10T17:50:27.911+0000] {logging_mixin.py:190} INFO - [2025-02-10T17:50:27.910+0000] {dag.py:4180} INFO - Setting next_dagrun for spark_example to None, run_after=None
[2025-02-10T17:50:27.925+0000] {processor.py:208} INFO - Processing /opt/airflow/dags/spark_example.py took 0.058 seconds
[2025-02-10T17:50:58.324+0000] {processor.py:186} INFO - Started process (PID=57) to work on /opt/airflow/dags/spark_example.py
[2025-02-10T17:50:58.325+0000] {processor.py:914} INFO - Processing file /opt/airflow/dags/spark_example.py for tasks to queue
[2025-02-10T17:50:58.326+0000] {logging_mixin.py:190} INFO - [2025-02-10T17:50:58.326+0000] {dagbag.py:588} INFO - Filling up the DagBag from /opt/airflow/dags/spark_example.py
[2025-02-10T17:50:58.332+0000] {processor.py:925} INFO - DAG(s) 'spark_example' retrieved from /opt/airflow/dags/spark_example.py
[2025-02-10T17:50:58.352+0000] {logging_mixin.py:190} INFO - [2025-02-10T17:50:58.351+0000] {dag.py:3239} INFO - Sync 1 DAGs
[2025-02-10T17:50:58.363+0000] {logging_mixin.py:190} INFO - [2025-02-10T17:50:58.363+0000] {dag.py:4180} INFO - Setting next_dagrun for spark_example to None, run_after=None
[2025-02-10T17:50:58.378+0000] {processor.py:208} INFO - Processing /opt/airflow/dags/spark_example.py took 0.058 seconds
[2025-02-10T17:51:28.776+0000] {processor.py:186} INFO - Started process (PID=66) to work on /opt/airflow/dags/spark_example.py
[2025-02-10T17:51:28.777+0000] {processor.py:914} INFO - Processing file /opt/airflow/dags/spark_example.py for tasks to queue
[2025-02-10T17:51:28.778+0000] {logging_mixin.py:190} INFO - [2025-02-10T17:51:28.778+0000] {dagbag.py:588} INFO - Filling up the DagBag from /opt/airflow/dags/spark_example.py
[2025-02-10T17:51:28.784+0000] {processor.py:925} INFO - DAG(s) 'spark_example' retrieved from /opt/airflow/dags/spark_example.py
[2025-02-10T17:51:28.804+0000] {logging_mixin.py:190} INFO - [2025-02-10T17:51:28.803+0000] {dag.py:3239} INFO - Sync 1 DAGs
[2025-02-10T17:51:28.816+0000] {logging_mixin.py:190} INFO - [2025-02-10T17:51:28.816+0000] {dag.py:4180} INFO - Setting next_dagrun for spark_example to None, run_after=None
[2025-02-10T17:51:28.946+0000] {processor.py:208} INFO - Processing /opt/airflow/dags/spark_example.py took 0.175 seconds
[2025-02-10T17:51:59.221+0000] {processor.py:186} INFO - Started process (PID=75) to work on /opt/airflow/dags/spark_example.py
[2025-02-10T17:51:59.221+0000] {processor.py:914} INFO - Processing file /opt/airflow/dags/spark_example.py for tasks to queue
[2025-02-10T17:51:59.223+0000] {logging_mixin.py:190} INFO - [2025-02-10T17:51:59.223+0000] {dagbag.py:588} INFO - Filling up the DagBag from /opt/airflow/dags/spark_example.py
[2025-02-10T17:51:59.228+0000] {processor.py:925} INFO - DAG(s) 'spark_example' retrieved from /opt/airflow/dags/spark_example.py
[2025-02-10T17:51:59.248+0000] {logging_mixin.py:190} INFO - [2025-02-10T17:51:59.247+0000] {dag.py:3239} INFO - Sync 1 DAGs
[2025-02-10T17:51:59.367+0000] {logging_mixin.py:190} INFO - [2025-02-10T17:51:59.367+0000] {dag.py:4180} INFO - Setting next_dagrun for spark_example to None, run_after=None
[2025-02-10T17:51:59.381+0000] {processor.py:208} INFO - Processing /opt/airflow/dags/spark_example.py took 0.165 seconds
[2025-02-10T17:52:29.670+0000] {processor.py:186} INFO - Started process (PID=84) to work on /opt/airflow/dags/spark_example.py
[2025-02-10T17:52:29.671+0000] {processor.py:914} INFO - Processing file /opt/airflow/dags/spark_example.py for tasks to queue
[2025-02-10T17:52:29.672+0000] {logging_mixin.py:190} INFO - [2025-02-10T17:52:29.672+0000] {dagbag.py:588} INFO - Filling up the DagBag from /opt/airflow/dags/spark_example.py
[2025-02-10T17:52:29.678+0000] {processor.py:925} INFO - DAG(s) 'spark_example' retrieved from /opt/airflow/dags/spark_example.py
[2025-02-10T17:52:29.821+0000] {logging_mixin.py:190} INFO - [2025-02-10T17:52:29.820+0000] {dag.py:3239} INFO - Sync 1 DAGs
[2025-02-10T17:52:29.831+0000] {logging_mixin.py:190} INFO - [2025-02-10T17:52:29.831+0000] {dag.py:4180} INFO - Setting next_dagrun for spark_example to None, run_after=None
[2025-02-10T17:52:29.844+0000] {processor.py:208} INFO - Processing /opt/airflow/dags/spark_example.py took 0.179 seconds
[2025-02-10T17:53:00.125+0000] {processor.py:186} INFO - Started process (PID=93) to work on /opt/airflow/dags/spark_example.py
[2025-02-10T17:53:00.125+0000] {processor.py:914} INFO - Processing file /opt/airflow/dags/spark_example.py for tasks to queue
[2025-02-10T17:53:00.127+0000] {logging_mixin.py:190} INFO - [2025-02-10T17:53:00.127+0000] {dagbag.py:588} INFO - Filling up the DagBag from /opt/airflow/dags/spark_example.py
[2025-02-10T17:53:00.132+0000] {processor.py:925} INFO - DAG(s) 'spark_example' retrieved from /opt/airflow/dags/spark_example.py
[2025-02-10T17:53:00.156+0000] {logging_mixin.py:190} INFO - [2025-02-10T17:53:00.156+0000] {dag.py:3239} INFO - Sync 1 DAGs
[2025-02-10T17:53:00.172+0000] {logging_mixin.py:190} INFO - [2025-02-10T17:53:00.171+0000] {dag.py:4180} INFO - Setting next_dagrun for spark_example to None, run_after=None
[2025-02-10T17:53:00.187+0000] {processor.py:208} INFO - Processing /opt/airflow/dags/spark_example.py took 0.067 seconds
[2025-02-10T17:53:30.482+0000] {processor.py:186} INFO - Started process (PID=102) to work on /opt/airflow/dags/spark_example.py
[2025-02-10T17:53:30.483+0000] {processor.py:914} INFO - Processing file /opt/airflow/dags/spark_example.py for tasks to queue
[2025-02-10T17:53:30.484+0000] {logging_mixin.py:190} INFO - [2025-02-10T17:53:30.484+0000] {dagbag.py:588} INFO - Filling up the DagBag from /opt/airflow/dags/spark_example.py
[2025-02-10T17:53:30.490+0000] {processor.py:925} INFO - DAG(s) 'spark_example' retrieved from /opt/airflow/dags/spark_example.py
[2025-02-10T17:53:30.510+0000] {logging_mixin.py:190} INFO - [2025-02-10T17:53:30.510+0000] {dag.py:3239} INFO - Sync 1 DAGs
[2025-02-10T17:53:30.522+0000] {logging_mixin.py:190} INFO - [2025-02-10T17:53:30.521+0000] {dag.py:4180} INFO - Setting next_dagrun for spark_example to None, run_after=None
[2025-02-10T17:53:30.537+0000] {processor.py:208} INFO - Processing /opt/airflow/dags/spark_example.py took 0.060 seconds
[2025-02-10T17:54:00.813+0000] {processor.py:186} INFO - Started process (PID=111) to work on /opt/airflow/dags/spark_example.py
[2025-02-10T17:54:00.813+0000] {processor.py:914} INFO - Processing file /opt/airflow/dags/spark_example.py for tasks to queue
[2025-02-10T17:54:00.815+0000] {logging_mixin.py:190} INFO - [2025-02-10T17:54:00.815+0000] {dagbag.py:588} INFO - Filling up the DagBag from /opt/airflow/dags/spark_example.py
[2025-02-10T17:54:00.820+0000] {processor.py:925} INFO - DAG(s) 'spark_example' retrieved from /opt/airflow/dags/spark_example.py
[2025-02-10T17:54:00.845+0000] {logging_mixin.py:190} INFO - [2025-02-10T17:54:00.844+0000] {dag.py:3239} INFO - Sync 1 DAGs
[2025-02-10T17:54:00.860+0000] {logging_mixin.py:190} INFO - [2025-02-10T17:54:00.860+0000] {dag.py:4180} INFO - Setting next_dagrun for spark_example to None, run_after=None
[2025-02-10T17:54:00.874+0000] {processor.py:208} INFO - Processing /opt/airflow/dags/spark_example.py took 0.066 seconds
[2025-02-10T17:54:31.178+0000] {processor.py:186} INFO - Started process (PID=120) to work on /opt/airflow/dags/spark_example.py
[2025-02-10T17:54:31.179+0000] {processor.py:914} INFO - Processing file /opt/airflow/dags/spark_example.py for tasks to queue
[2025-02-10T17:54:31.180+0000] {logging_mixin.py:190} INFO - [2025-02-10T17:54:31.180+0000] {dagbag.py:588} INFO - Filling up the DagBag from /opt/airflow/dags/spark_example.py
[2025-02-10T17:54:31.186+0000] {processor.py:925} INFO - DAG(s) 'spark_example' retrieved from /opt/airflow/dags/spark_example.py
[2025-02-10T17:54:31.206+0000] {logging_mixin.py:190} INFO - [2025-02-10T17:54:31.206+0000] {dag.py:3239} INFO - Sync 1 DAGs
[2025-02-10T17:54:31.217+0000] {logging_mixin.py:190} INFO - [2025-02-10T17:54:31.217+0000] {dag.py:4180} INFO - Setting next_dagrun for spark_example to None, run_after=None
[2025-02-10T17:54:31.232+0000] {processor.py:208} INFO - Processing /opt/airflow/dags/spark_example.py took 0.060 seconds
[2025-02-10T17:55:01.568+0000] {processor.py:186} INFO - Started process (PID=129) to work on /opt/airflow/dags/spark_example.py
[2025-02-10T17:55:01.568+0000] {processor.py:914} INFO - Processing file /opt/airflow/dags/spark_example.py for tasks to queue
[2025-02-10T17:55:01.570+0000] {logging_mixin.py:190} INFO - [2025-02-10T17:55:01.570+0000] {dagbag.py:588} INFO - Filling up the DagBag from /opt/airflow/dags/spark_example.py
[2025-02-10T17:55:01.577+0000] {processor.py:925} INFO - DAG(s) 'spark_example' retrieved from /opt/airflow/dags/spark_example.py
[2025-02-10T17:55:01.601+0000] {logging_mixin.py:190} INFO - [2025-02-10T17:55:01.600+0000] {dag.py:3239} INFO - Sync 1 DAGs
[2025-02-10T17:55:01.615+0000] {logging_mixin.py:190} INFO - [2025-02-10T17:55:01.615+0000] {dag.py:4180} INFO - Setting next_dagrun for spark_example to None, run_after=None
[2025-02-10T17:55:01.633+0000] {processor.py:208} INFO - Processing /opt/airflow/dags/spark_example.py took 0.071 seconds
[2025-02-10T17:55:32.029+0000] {processor.py:186} INFO - Started process (PID=138) to work on /opt/airflow/dags/spark_example.py
[2025-02-10T17:55:32.030+0000] {processor.py:914} INFO - Processing file /opt/airflow/dags/spark_example.py for tasks to queue
[2025-02-10T17:55:32.033+0000] {logging_mixin.py:190} INFO - [2025-02-10T17:55:32.032+0000] {dagbag.py:588} INFO - Filling up the DagBag from /opt/airflow/dags/spark_example.py
[2025-02-10T17:55:32.040+0000] {processor.py:925} INFO - DAG(s) 'spark_example' retrieved from /opt/airflow/dags/spark_example.py
[2025-02-10T17:55:32.066+0000] {logging_mixin.py:190} INFO - [2025-02-10T17:55:32.066+0000] {dag.py:3239} INFO - Sync 1 DAGs
[2025-02-10T17:55:32.082+0000] {logging_mixin.py:190} INFO - [2025-02-10T17:55:32.081+0000] {dag.py:4180} INFO - Setting next_dagrun for spark_example to None, run_after=None
[2025-02-10T17:55:32.099+0000] {processor.py:208} INFO - Processing /opt/airflow/dags/spark_example.py took 0.076 seconds
[2025-02-10T17:56:02.390+0000] {processor.py:186} INFO - Started process (PID=147) to work on /opt/airflow/dags/spark_example.py
[2025-02-10T17:56:02.390+0000] {processor.py:914} INFO - Processing file /opt/airflow/dags/spark_example.py for tasks to queue
[2025-02-10T17:56:02.392+0000] {logging_mixin.py:190} INFO - [2025-02-10T17:56:02.392+0000] {dagbag.py:588} INFO - Filling up the DagBag from /opt/airflow/dags/spark_example.py
[2025-02-10T17:56:02.397+0000] {processor.py:925} INFO - DAG(s) 'spark_example' retrieved from /opt/airflow/dags/spark_example.py
[2025-02-10T17:56:02.417+0000] {logging_mixin.py:190} INFO - [2025-02-10T17:56:02.417+0000] {dag.py:3239} INFO - Sync 1 DAGs
[2025-02-10T17:56:02.429+0000] {logging_mixin.py:190} INFO - [2025-02-10T17:56:02.429+0000] {dag.py:4180} INFO - Setting next_dagrun for spark_example to None, run_after=None
[2025-02-10T17:56:02.444+0000] {processor.py:208} INFO - Processing /opt/airflow/dags/spark_example.py took 0.059 seconds
[2025-02-10T17:56:32.778+0000] {processor.py:186} INFO - Started process (PID=156) to work on /opt/airflow/dags/spark_example.py
[2025-02-10T17:56:32.779+0000] {processor.py:914} INFO - Processing file /opt/airflow/dags/spark_example.py for tasks to queue
[2025-02-10T17:56:32.781+0000] {logging_mixin.py:190} INFO - [2025-02-10T17:56:32.780+0000] {dagbag.py:588} INFO - Filling up the DagBag from /opt/airflow/dags/spark_example.py
[2025-02-10T17:56:32.786+0000] {processor.py:925} INFO - DAG(s) 'spark_example' retrieved from /opt/airflow/dags/spark_example.py
[2025-02-10T17:56:32.807+0000] {logging_mixin.py:190} INFO - [2025-02-10T17:56:32.806+0000] {dag.py:3239} INFO - Sync 1 DAGs
[2025-02-10T17:56:32.819+0000] {logging_mixin.py:190} INFO - [2025-02-10T17:56:32.819+0000] {dag.py:4180} INFO - Setting next_dagrun for spark_example to None, run_after=None
[2025-02-10T17:56:32.833+0000] {processor.py:208} INFO - Processing /opt/airflow/dags/spark_example.py took 0.060 seconds
[2025-02-10T17:57:03.116+0000] {processor.py:186} INFO - Started process (PID=165) to work on /opt/airflow/dags/spark_example.py
[2025-02-10T17:57:03.116+0000] {processor.py:914} INFO - Processing file /opt/airflow/dags/spark_example.py for tasks to queue
[2025-02-10T17:57:03.118+0000] {logging_mixin.py:190} INFO - [2025-02-10T17:57:03.117+0000] {dagbag.py:588} INFO - Filling up the DagBag from /opt/airflow/dags/spark_example.py
[2025-02-10T17:57:03.123+0000] {processor.py:925} INFO - DAG(s) 'spark_example' retrieved from /opt/airflow/dags/spark_example.py
[2025-02-10T17:57:03.147+0000] {logging_mixin.py:190} INFO - [2025-02-10T17:57:03.147+0000] {dag.py:3239} INFO - Sync 1 DAGs
[2025-02-10T17:57:03.162+0000] {logging_mixin.py:190} INFO - [2025-02-10T17:57:03.162+0000] {dag.py:4180} INFO - Setting next_dagrun for spark_example to None, run_after=None
[2025-02-10T17:57:03.179+0000] {processor.py:208} INFO - Processing /opt/airflow/dags/spark_example.py took 0.068 seconds
[2025-02-10T17:57:33.470+0000] {processor.py:186} INFO - Started process (PID=174) to work on /opt/airflow/dags/spark_example.py
[2025-02-10T17:57:33.471+0000] {processor.py:914} INFO - Processing file /opt/airflow/dags/spark_example.py for tasks to queue
[2025-02-10T17:57:33.473+0000] {logging_mixin.py:190} INFO - [2025-02-10T17:57:33.472+0000] {dagbag.py:588} INFO - Filling up the DagBag from /opt/airflow/dags/spark_example.py
[2025-02-10T17:57:33.478+0000] {processor.py:925} INFO - DAG(s) 'spark_example' retrieved from /opt/airflow/dags/spark_example.py
[2025-02-10T17:57:33.502+0000] {logging_mixin.py:190} INFO - [2025-02-10T17:57:33.502+0000] {dag.py:3239} INFO - Sync 1 DAGs
[2025-02-10T17:57:33.518+0000] {logging_mixin.py:190} INFO - [2025-02-10T17:57:33.518+0000] {dag.py:4180} INFO - Setting next_dagrun for spark_example to None, run_after=None
[2025-02-10T17:57:33.535+0000] {processor.py:208} INFO - Processing /opt/airflow/dags/spark_example.py took 0.070 seconds
[2025-02-10T17:58:03.824+0000] {processor.py:186} INFO - Started process (PID=183) to work on /opt/airflow/dags/spark_example.py
[2025-02-10T17:58:03.826+0000] {processor.py:914} INFO - Processing file /opt/airflow/dags/spark_example.py for tasks to queue
[2025-02-10T17:58:03.827+0000] {logging_mixin.py:190} INFO - [2025-02-10T17:58:03.827+0000] {dagbag.py:588} INFO - Filling up the DagBag from /opt/airflow/dags/spark_example.py
[2025-02-10T17:58:03.833+0000] {processor.py:925} INFO - DAG(s) 'spark_example' retrieved from /opt/airflow/dags/spark_example.py
[2025-02-10T17:58:03.857+0000] {logging_mixin.py:190} INFO - [2025-02-10T17:58:03.857+0000] {dag.py:3239} INFO - Sync 1 DAGs
[2025-02-10T17:58:03.872+0000] {logging_mixin.py:190} INFO - [2025-02-10T17:58:03.872+0000] {dag.py:4180} INFO - Setting next_dagrun for spark_example to None, run_after=None
[2025-02-10T17:58:03.889+0000] {processor.py:208} INFO - Processing /opt/airflow/dags/spark_example.py took 0.070 seconds
[2025-02-10T17:58:34.179+0000] {processor.py:186} INFO - Started process (PID=192) to work on /opt/airflow/dags/spark_example.py
[2025-02-10T17:58:34.180+0000] {processor.py:914} INFO - Processing file /opt/airflow/dags/spark_example.py for tasks to queue
[2025-02-10T17:58:34.181+0000] {logging_mixin.py:190} INFO - [2025-02-10T17:58:34.181+0000] {dagbag.py:588} INFO - Filling up the DagBag from /opt/airflow/dags/spark_example.py
[2025-02-10T17:58:34.187+0000] {processor.py:925} INFO - DAG(s) 'spark_example' retrieved from /opt/airflow/dags/spark_example.py
[2025-02-10T17:58:34.211+0000] {logging_mixin.py:190} INFO - [2025-02-10T17:58:34.211+0000] {dag.py:3239} INFO - Sync 1 DAGs
[2025-02-10T17:58:34.227+0000] {logging_mixin.py:190} INFO - [2025-02-10T17:58:34.226+0000] {dag.py:4180} INFO - Setting next_dagrun for spark_example to None, run_after=None
[2025-02-10T17:58:34.243+0000] {processor.py:208} INFO - Processing /opt/airflow/dags/spark_example.py took 0.069 seconds
[2025-02-10T17:59:04.526+0000] {processor.py:186} INFO - Started process (PID=201) to work on /opt/airflow/dags/spark_example.py
[2025-02-10T17:59:04.527+0000] {processor.py:914} INFO - Processing file /opt/airflow/dags/spark_example.py for tasks to queue
[2025-02-10T17:59:04.529+0000] {logging_mixin.py:190} INFO - [2025-02-10T17:59:04.529+0000] {dagbag.py:588} INFO - Filling up the DagBag from /opt/airflow/dags/spark_example.py
[2025-02-10T17:59:04.534+0000] {processor.py:925} INFO - DAG(s) 'spark_example' retrieved from /opt/airflow/dags/spark_example.py
[2025-02-10T17:59:04.555+0000] {logging_mixin.py:190} INFO - [2025-02-10T17:59:04.554+0000] {dag.py:3239} INFO - Sync 1 DAGs
[2025-02-10T17:59:04.566+0000] {logging_mixin.py:190} INFO - [2025-02-10T17:59:04.566+0000] {dag.py:4180} INFO - Setting next_dagrun for spark_example to None, run_after=None
[2025-02-10T17:59:04.580+0000] {processor.py:208} INFO - Processing /opt/airflow/dags/spark_example.py took 0.061 seconds
[2025-02-10T17:59:34.862+0000] {processor.py:186} INFO - Started process (PID=210) to work on /opt/airflow/dags/spark_example.py
[2025-02-10T17:59:34.863+0000] {processor.py:914} INFO - Processing file /opt/airflow/dags/spark_example.py for tasks to queue
[2025-02-10T17:59:34.865+0000] {logging_mixin.py:190} INFO - [2025-02-10T17:59:34.864+0000] {dagbag.py:588} INFO - Filling up the DagBag from /opt/airflow/dags/spark_example.py
[2025-02-10T17:59:34.870+0000] {processor.py:925} INFO - DAG(s) 'spark_example' retrieved from /opt/airflow/dags/spark_example.py
[2025-02-10T17:59:34.890+0000] {logging_mixin.py:190} INFO - [2025-02-10T17:59:34.890+0000] {dag.py:3239} INFO - Sync 1 DAGs
[2025-02-10T17:59:34.902+0000] {logging_mixin.py:190} INFO - [2025-02-10T17:59:34.902+0000] {dag.py:4180} INFO - Setting next_dagrun for spark_example to None, run_after=None
[2025-02-10T17:59:34.916+0000] {processor.py:208} INFO - Processing /opt/airflow/dags/spark_example.py took 0.059 seconds
[2025-02-10T18:00:05.192+0000] {processor.py:186} INFO - Started process (PID=219) to work on /opt/airflow/dags/spark_example.py
[2025-02-10T18:00:05.193+0000] {processor.py:914} INFO - Processing file /opt/airflow/dags/spark_example.py for tasks to queue
[2025-02-10T18:00:05.195+0000] {logging_mixin.py:190} INFO - [2025-02-10T18:00:05.195+0000] {dagbag.py:588} INFO - Filling up the DagBag from /opt/airflow/dags/spark_example.py
[2025-02-10T18:00:05.200+0000] {processor.py:925} INFO - DAG(s) 'spark_example' retrieved from /opt/airflow/dags/spark_example.py
[2025-02-10T18:00:05.220+0000] {logging_mixin.py:190} INFO - [2025-02-10T18:00:05.220+0000] {dag.py:3239} INFO - Sync 1 DAGs
[2025-02-10T18:00:05.232+0000] {logging_mixin.py:190} INFO - [2025-02-10T18:00:05.231+0000] {dag.py:4180} INFO - Setting next_dagrun for spark_example to None, run_after=None
[2025-02-10T18:00:05.246+0000] {processor.py:208} INFO - Processing /opt/airflow/dags/spark_example.py took 0.059 seconds
[2025-02-10T18:00:35.526+0000] {processor.py:186} INFO - Started process (PID=228) to work on /opt/airflow/dags/spark_example.py
[2025-02-10T18:00:35.526+0000] {processor.py:914} INFO - Processing file /opt/airflow/dags/spark_example.py for tasks to queue
[2025-02-10T18:00:35.528+0000] {logging_mixin.py:190} INFO - [2025-02-10T18:00:35.527+0000] {dagbag.py:588} INFO - Filling up the DagBag from /opt/airflow/dags/spark_example.py
[2025-02-10T18:00:35.533+0000] {processor.py:925} INFO - DAG(s) 'spark_example' retrieved from /opt/airflow/dags/spark_example.py
[2025-02-10T18:00:35.553+0000] {logging_mixin.py:190} INFO - [2025-02-10T18:00:35.553+0000] {dag.py:3239} INFO - Sync 1 DAGs
[2025-02-10T18:00:35.564+0000] {logging_mixin.py:190} INFO - [2025-02-10T18:00:35.564+0000] {dag.py:4180} INFO - Setting next_dagrun for spark_example to None, run_after=None
[2025-02-10T18:00:35.579+0000] {processor.py:208} INFO - Processing /opt/airflow/dags/spark_example.py took 0.059 seconds
[2025-02-10T18:01:05.852+0000] {processor.py:186} INFO - Started process (PID=237) to work on /opt/airflow/dags/spark_example.py
[2025-02-10T18:01:05.853+0000] {processor.py:914} INFO - Processing file /opt/airflow/dags/spark_example.py for tasks to queue
[2025-02-10T18:01:05.854+0000] {logging_mixin.py:190} INFO - [2025-02-10T18:01:05.854+0000] {dagbag.py:588} INFO - Filling up the DagBag from /opt/airflow/dags/spark_example.py
[2025-02-10T18:01:05.860+0000] {processor.py:925} INFO - DAG(s) 'spark_example' retrieved from /opt/airflow/dags/spark_example.py
[2025-02-10T18:01:05.880+0000] {logging_mixin.py:190} INFO - [2025-02-10T18:01:05.879+0000] {dag.py:3239} INFO - Sync 1 DAGs
[2025-02-10T18:01:05.892+0000] {logging_mixin.py:190} INFO - [2025-02-10T18:01:05.891+0000] {dag.py:4180} INFO - Setting next_dagrun for spark_example to None, run_after=None
[2025-02-10T18:01:05.906+0000] {processor.py:208} INFO - Processing /opt/airflow/dags/spark_example.py took 0.059 seconds
[2025-02-10T18:01:36.184+0000] {processor.py:186} INFO - Started process (PID=253) to work on /opt/airflow/dags/spark_example.py
[2025-02-10T18:01:36.184+0000] {processor.py:914} INFO - Processing file /opt/airflow/dags/spark_example.py for tasks to queue
[2025-02-10T18:01:36.186+0000] {logging_mixin.py:190} INFO - [2025-02-10T18:01:36.186+0000] {dagbag.py:588} INFO - Filling up the DagBag from /opt/airflow/dags/spark_example.py
[2025-02-10T18:01:36.191+0000] {processor.py:925} INFO - DAG(s) 'spark_example' retrieved from /opt/airflow/dags/spark_example.py
[2025-02-10T18:01:36.215+0000] {logging_mixin.py:190} INFO - [2025-02-10T18:01:36.215+0000] {dag.py:3239} INFO - Sync 1 DAGs
[2025-02-10T18:01:36.227+0000] {logging_mixin.py:190} INFO - [2025-02-10T18:01:36.227+0000] {dag.py:4180} INFO - Setting next_dagrun for spark_example to None, run_after=None
[2025-02-10T18:01:36.241+0000] {processor.py:208} INFO - Processing /opt/airflow/dags/spark_example.py took 0.063 seconds
[2025-02-10T18:02:06.526+0000] {processor.py:186} INFO - Started process (PID=262) to work on /opt/airflow/dags/spark_example.py
[2025-02-10T18:02:06.527+0000] {processor.py:914} INFO - Processing file /opt/airflow/dags/spark_example.py for tasks to queue
[2025-02-10T18:02:06.528+0000] {logging_mixin.py:190} INFO - [2025-02-10T18:02:06.528+0000] {dagbag.py:588} INFO - Filling up the DagBag from /opt/airflow/dags/spark_example.py
[2025-02-10T18:02:06.534+0000] {processor.py:925} INFO - DAG(s) 'spark_example' retrieved from /opt/airflow/dags/spark_example.py
[2025-02-10T18:02:06.553+0000] {logging_mixin.py:190} INFO - [2025-02-10T18:02:06.553+0000] {dag.py:3239} INFO - Sync 1 DAGs
[2025-02-10T18:02:06.565+0000] {logging_mixin.py:190} INFO - [2025-02-10T18:02:06.565+0000] {dag.py:4180} INFO - Setting next_dagrun for spark_example to None, run_after=None
[2025-02-10T18:02:06.579+0000] {processor.py:208} INFO - Processing /opt/airflow/dags/spark_example.py took 0.059 seconds
[2025-02-10T18:02:36.915+0000] {processor.py:186} INFO - Started process (PID=271) to work on /opt/airflow/dags/spark_example.py
[2025-02-10T18:02:36.916+0000] {processor.py:914} INFO - Processing file /opt/airflow/dags/spark_example.py for tasks to queue
[2025-02-10T18:02:36.917+0000] {logging_mixin.py:190} INFO - [2025-02-10T18:02:36.917+0000] {dagbag.py:588} INFO - Filling up the DagBag from /opt/airflow/dags/spark_example.py
[2025-02-10T18:02:36.923+0000] {processor.py:925} INFO - DAG(s) 'spark_example' retrieved from /opt/airflow/dags/spark_example.py
[2025-02-10T18:02:36.947+0000] {logging_mixin.py:190} INFO - [2025-02-10T18:02:36.947+0000] {dag.py:3239} INFO - Sync 1 DAGs
[2025-02-10T18:02:36.963+0000] {logging_mixin.py:190} INFO - [2025-02-10T18:02:36.963+0000] {dag.py:4180} INFO - Setting next_dagrun for spark_example to None, run_after=None
[2025-02-10T18:02:36.980+0000] {processor.py:208} INFO - Processing /opt/airflow/dags/spark_example.py took 0.070 seconds
[2025-02-10T18:03:07.284+0000] {processor.py:186} INFO - Started process (PID=280) to work on /opt/airflow/dags/spark_example.py
[2025-02-10T18:03:07.285+0000] {processor.py:914} INFO - Processing file /opt/airflow/dags/spark_example.py for tasks to queue
[2025-02-10T18:03:07.287+0000] {logging_mixin.py:190} INFO - [2025-02-10T18:03:07.287+0000] {dagbag.py:588} INFO - Filling up the DagBag from /opt/airflow/dags/spark_example.py
[2025-02-10T18:03:07.292+0000] {processor.py:925} INFO - DAG(s) 'spark_example' retrieved from /opt/airflow/dags/spark_example.py
[2025-02-10T18:03:07.317+0000] {logging_mixin.py:190} INFO - [2025-02-10T18:03:07.316+0000] {dag.py:3239} INFO - Sync 1 DAGs
[2025-02-10T18:03:07.333+0000] {logging_mixin.py:190} INFO - [2025-02-10T18:03:07.332+0000] {dag.py:4180} INFO - Setting next_dagrun for spark_example to None, run_after=None
[2025-02-10T18:03:07.350+0000] {processor.py:208} INFO - Processing /opt/airflow/dags/spark_example.py took 0.071 seconds
[2025-02-10T18:03:37.657+0000] {processor.py:186} INFO - Started process (PID=289) to work on /opt/airflow/dags/spark_example.py
[2025-02-10T18:03:37.657+0000] {processor.py:914} INFO - Processing file /opt/airflow/dags/spark_example.py for tasks to queue
[2025-02-10T18:03:37.659+0000] {logging_mixin.py:190} INFO - [2025-02-10T18:03:37.659+0000] {dagbag.py:588} INFO - Filling up the DagBag from /opt/airflow/dags/spark_example.py
[2025-02-10T18:03:37.667+0000] {processor.py:925} INFO - DAG(s) 'spark_example' retrieved from /opt/airflow/dags/spark_example.py
[2025-02-10T18:03:37.693+0000] {logging_mixin.py:190} INFO - [2025-02-10T18:03:37.692+0000] {dag.py:3239} INFO - Sync 1 DAGs
[2025-02-10T18:03:37.710+0000] {logging_mixin.py:190} INFO - [2025-02-10T18:03:37.709+0000] {dag.py:4180} INFO - Setting next_dagrun for spark_example to None, run_after=None
[2025-02-10T18:03:37.728+0000] {processor.py:208} INFO - Processing /opt/airflow/dags/spark_example.py took 0.078 seconds
[2025-02-10T18:04:08.016+0000] {processor.py:186} INFO - Started process (PID=298) to work on /opt/airflow/dags/spark_example.py
[2025-02-10T18:04:08.017+0000] {processor.py:914} INFO - Processing file /opt/airflow/dags/spark_example.py for tasks to queue
[2025-02-10T18:04:08.018+0000] {logging_mixin.py:190} INFO - [2025-02-10T18:04:08.018+0000] {dagbag.py:588} INFO - Filling up the DagBag from /opt/airflow/dags/spark_example.py
[2025-02-10T18:04:08.024+0000] {processor.py:925} INFO - DAG(s) 'spark_example' retrieved from /opt/airflow/dags/spark_example.py
[2025-02-10T18:04:08.048+0000] {logging_mixin.py:190} INFO - [2025-02-10T18:04:08.048+0000] {dag.py:3239} INFO - Sync 1 DAGs
[2025-02-10T18:04:08.064+0000] {logging_mixin.py:190} INFO - [2025-02-10T18:04:08.064+0000] {dag.py:4180} INFO - Setting next_dagrun for spark_example to None, run_after=None
[2025-02-10T18:04:08.082+0000] {processor.py:208} INFO - Processing /opt/airflow/dags/spark_example.py took 0.071 seconds
[2025-02-10T18:04:38.389+0000] {processor.py:186} INFO - Started process (PID=307) to work on /opt/airflow/dags/spark_example.py
[2025-02-10T18:04:38.390+0000] {processor.py:914} INFO - Processing file /opt/airflow/dags/spark_example.py for tasks to queue
[2025-02-10T18:04:38.392+0000] {logging_mixin.py:190} INFO - [2025-02-10T18:04:38.391+0000] {dagbag.py:588} INFO - Filling up the DagBag from /opt/airflow/dags/spark_example.py
[2025-02-10T18:04:38.397+0000] {processor.py:925} INFO - DAG(s) 'spark_example' retrieved from /opt/airflow/dags/spark_example.py
[2025-02-10T18:04:38.421+0000] {logging_mixin.py:190} INFO - [2025-02-10T18:04:38.421+0000] {dag.py:3239} INFO - Sync 1 DAGs
[2025-02-10T18:04:38.437+0000] {logging_mixin.py:190} INFO - [2025-02-10T18:04:38.436+0000] {dag.py:4180} INFO - Setting next_dagrun for spark_example to None, run_after=None
[2025-02-10T18:04:38.454+0000] {processor.py:208} INFO - Processing /opt/airflow/dags/spark_example.py took 0.069 seconds
[2025-02-10T18:05:08.764+0000] {processor.py:186} INFO - Started process (PID=316) to work on /opt/airflow/dags/spark_example.py
[2025-02-10T18:05:08.765+0000] {processor.py:914} INFO - Processing file /opt/airflow/dags/spark_example.py for tasks to queue
[2025-02-10T18:05:08.767+0000] {logging_mixin.py:190} INFO - [2025-02-10T18:05:08.766+0000] {dagbag.py:588} INFO - Filling up the DagBag from /opt/airflow/dags/spark_example.py
[2025-02-10T18:05:08.772+0000] {processor.py:925} INFO - DAG(s) 'spark_example' retrieved from /opt/airflow/dags/spark_example.py
[2025-02-10T18:05:08.796+0000] {logging_mixin.py:190} INFO - [2025-02-10T18:05:08.796+0000] {dag.py:3239} INFO - Sync 1 DAGs
[2025-02-10T18:05:08.812+0000] {logging_mixin.py:190} INFO - [2025-02-10T18:05:08.811+0000] {dag.py:4180} INFO - Setting next_dagrun for spark_example to None, run_after=None
[2025-02-10T18:05:08.828+0000] {processor.py:208} INFO - Processing /opt/airflow/dags/spark_example.py took 0.070 seconds
[2025-02-10T18:05:39.129+0000] {processor.py:186} INFO - Started process (PID=325) to work on /opt/airflow/dags/spark_example.py
[2025-02-10T18:05:39.129+0000] {processor.py:914} INFO - Processing file /opt/airflow/dags/spark_example.py for tasks to queue
[2025-02-10T18:05:39.131+0000] {logging_mixin.py:190} INFO - [2025-02-10T18:05:39.131+0000] {dagbag.py:588} INFO - Filling up the DagBag from /opt/airflow/dags/spark_example.py
[2025-02-10T18:05:39.136+0000] {processor.py:925} INFO - DAG(s) 'spark_example' retrieved from /opt/airflow/dags/spark_example.py
[2025-02-10T18:05:39.157+0000] {logging_mixin.py:190} INFO - [2025-02-10T18:05:39.157+0000] {dag.py:3239} INFO - Sync 1 DAGs
[2025-02-10T18:05:39.169+0000] {logging_mixin.py:190} INFO - [2025-02-10T18:05:39.169+0000] {dag.py:4180} INFO - Setting next_dagrun for spark_example to None, run_after=None
[2025-02-10T18:05:39.184+0000] {processor.py:208} INFO - Processing /opt/airflow/dags/spark_example.py took 0.060 seconds
[2025-02-10T18:06:09.479+0000] {processor.py:186} INFO - Started process (PID=334) to work on /opt/airflow/dags/spark_example.py
[2025-02-10T18:06:09.480+0000] {processor.py:914} INFO - Processing file /opt/airflow/dags/spark_example.py for tasks to queue
[2025-02-10T18:06:09.482+0000] {logging_mixin.py:190} INFO - [2025-02-10T18:06:09.482+0000] {dagbag.py:588} INFO - Filling up the DagBag from /opt/airflow/dags/spark_example.py
[2025-02-10T18:06:09.488+0000] {processor.py:925} INFO - DAG(s) 'spark_example' retrieved from /opt/airflow/dags/spark_example.py
[2025-02-10T18:06:09.508+0000] {logging_mixin.py:190} INFO - [2025-02-10T18:06:09.508+0000] {dag.py:3239} INFO - Sync 1 DAGs
[2025-02-10T18:06:09.520+0000] {logging_mixin.py:190} INFO - [2025-02-10T18:06:09.520+0000] {dag.py:4180} INFO - Setting next_dagrun for spark_example to None, run_after=None
[2025-02-10T18:06:09.536+0000] {processor.py:208} INFO - Processing /opt/airflow/dags/spark_example.py took 0.061 seconds
[2025-02-10T18:06:39.841+0000] {processor.py:186} INFO - Started process (PID=343) to work on /opt/airflow/dags/spark_example.py
[2025-02-10T18:06:39.841+0000] {processor.py:914} INFO - Processing file /opt/airflow/dags/spark_example.py for tasks to queue
[2025-02-10T18:06:39.843+0000] {logging_mixin.py:190} INFO - [2025-02-10T18:06:39.843+0000] {dagbag.py:588} INFO - Filling up the DagBag from /opt/airflow/dags/spark_example.py
[2025-02-10T18:06:39.848+0000] {processor.py:925} INFO - DAG(s) 'spark_example' retrieved from /opt/airflow/dags/spark_example.py
[2025-02-10T18:06:39.873+0000] {logging_mixin.py:190} INFO - [2025-02-10T18:06:39.873+0000] {dag.py:3239} INFO - Sync 1 DAGs
[2025-02-10T18:06:39.888+0000] {logging_mixin.py:190} INFO - [2025-02-10T18:06:39.888+0000] {dag.py:4180} INFO - Setting next_dagrun for spark_example to None, run_after=None
[2025-02-10T18:06:39.905+0000] {processor.py:208} INFO - Processing /opt/airflow/dags/spark_example.py took 0.069 seconds
[2025-02-10T18:07:10.202+0000] {processor.py:186} INFO - Started process (PID=352) to work on /opt/airflow/dags/spark_example.py
[2025-02-10T18:07:10.204+0000] {processor.py:914} INFO - Processing file /opt/airflow/dags/spark_example.py for tasks to queue
[2025-02-10T18:07:10.206+0000] {logging_mixin.py:190} INFO - [2025-02-10T18:07:10.206+0000] {dagbag.py:588} INFO - Filling up the DagBag from /opt/airflow/dags/spark_example.py
[2025-02-10T18:07:10.211+0000] {processor.py:925} INFO - DAG(s) 'spark_example' retrieved from /opt/airflow/dags/spark_example.py
[2025-02-10T18:07:10.235+0000] {logging_mixin.py:190} INFO - [2025-02-10T18:07:10.235+0000] {dag.py:3239} INFO - Sync 1 DAGs
[2025-02-10T18:07:10.251+0000] {logging_mixin.py:190} INFO - [2025-02-10T18:07:10.250+0000] {dag.py:4180} INFO - Setting next_dagrun for spark_example to None, run_after=None
[2025-02-10T18:07:10.267+0000] {processor.py:208} INFO - Processing /opt/airflow/dags/spark_example.py took 0.070 seconds
[2025-02-10T18:07:40.574+0000] {processor.py:186} INFO - Started process (PID=361) to work on /opt/airflow/dags/spark_example.py
[2025-02-10T18:07:40.575+0000] {processor.py:914} INFO - Processing file /opt/airflow/dags/spark_example.py for tasks to queue
[2025-02-10T18:07:40.576+0000] {logging_mixin.py:190} INFO - [2025-02-10T18:07:40.576+0000] {dagbag.py:588} INFO - Filling up the DagBag from /opt/airflow/dags/spark_example.py
[2025-02-10T18:07:40.582+0000] {processor.py:925} INFO - DAG(s) 'spark_example' retrieved from /opt/airflow/dags/spark_example.py
[2025-02-10T18:07:40.606+0000] {logging_mixin.py:190} INFO - [2025-02-10T18:07:40.606+0000] {dag.py:3239} INFO - Sync 1 DAGs
[2025-02-10T18:07:40.618+0000] {logging_mixin.py:190} INFO - [2025-02-10T18:07:40.618+0000] {dag.py:4180} INFO - Setting next_dagrun for spark_example to None, run_after=None
[2025-02-10T18:07:40.633+0000] {processor.py:208} INFO - Processing /opt/airflow/dags/spark_example.py took 0.063 seconds
[2025-02-10T18:08:10.926+0000] {processor.py:186} INFO - Started process (PID=370) to work on /opt/airflow/dags/spark_example.py
[2025-02-10T18:08:10.929+0000] {processor.py:914} INFO - Processing file /opt/airflow/dags/spark_example.py for tasks to queue
[2025-02-10T18:08:10.930+0000] {logging_mixin.py:190} INFO - [2025-02-10T18:08:10.930+0000] {dagbag.py:588} INFO - Filling up the DagBag from /opt/airflow/dags/spark_example.py
[2025-02-10T18:08:10.936+0000] {processor.py:925} INFO - DAG(s) 'spark_example' retrieved from /opt/airflow/dags/spark_example.py
[2025-02-10T18:08:10.959+0000] {logging_mixin.py:190} INFO - [2025-02-10T18:08:10.959+0000] {dag.py:3239} INFO - Sync 1 DAGs
[2025-02-10T18:08:10.972+0000] {logging_mixin.py:190} INFO - [2025-02-10T18:08:10.971+0000] {dag.py:4180} INFO - Setting next_dagrun for spark_example to None, run_after=None
[2025-02-10T18:08:10.985+0000] {processor.py:208} INFO - Processing /opt/airflow/dags/spark_example.py took 0.064 seconds
[2025-02-10T18:08:41.269+0000] {processor.py:186} INFO - Started process (PID=379) to work on /opt/airflow/dags/spark_example.py
[2025-02-10T18:08:41.270+0000] {processor.py:914} INFO - Processing file /opt/airflow/dags/spark_example.py for tasks to queue
[2025-02-10T18:08:41.271+0000] {logging_mixin.py:190} INFO - [2025-02-10T18:08:41.271+0000] {dagbag.py:588} INFO - Filling up the DagBag from /opt/airflow/dags/spark_example.py
[2025-02-10T18:08:41.277+0000] {processor.py:925} INFO - DAG(s) 'spark_example' retrieved from /opt/airflow/dags/spark_example.py
[2025-02-10T18:08:41.300+0000] {logging_mixin.py:190} INFO - [2025-02-10T18:08:41.300+0000] {dag.py:3239} INFO - Sync 1 DAGs
[2025-02-10T18:08:41.312+0000] {logging_mixin.py:190} INFO - [2025-02-10T18:08:41.312+0000] {dag.py:4180} INFO - Setting next_dagrun for spark_example to None, run_after=None
[2025-02-10T18:08:41.326+0000] {processor.py:208} INFO - Processing /opt/airflow/dags/spark_example.py took 0.062 seconds
[2025-02-10T18:09:11.610+0000] {processor.py:186} INFO - Started process (PID=387) to work on /opt/airflow/dags/spark_example.py
[2025-02-10T18:09:11.611+0000] {processor.py:914} INFO - Processing file /opt/airflow/dags/spark_example.py for tasks to queue
[2025-02-10T18:09:11.613+0000] {logging_mixin.py:190} INFO - [2025-02-10T18:09:11.612+0000] {dagbag.py:588} INFO - Filling up the DagBag from /opt/airflow/dags/spark_example.py
[2025-02-10T18:09:11.618+0000] {processor.py:925} INFO - DAG(s) 'spark_example' retrieved from /opt/airflow/dags/spark_example.py
[2025-02-10T18:09:11.639+0000] {logging_mixin.py:190} INFO - [2025-02-10T18:09:11.639+0000] {dag.py:3239} INFO - Sync 1 DAGs
[2025-02-10T18:09:11.651+0000] {logging_mixin.py:190} INFO - [2025-02-10T18:09:11.651+0000] {dag.py:4180} INFO - Setting next_dagrun for spark_example to None, run_after=None
[2025-02-10T18:09:11.666+0000] {processor.py:208} INFO - Processing /opt/airflow/dags/spark_example.py took 0.062 seconds
[2025-02-10T18:09:42.026+0000] {processor.py:186} INFO - Started process (PID=396) to work on /opt/airflow/dags/spark_example.py
[2025-02-10T18:09:42.027+0000] {processor.py:914} INFO - Processing file /opt/airflow/dags/spark_example.py for tasks to queue
[2025-02-10T18:09:42.029+0000] {logging_mixin.py:190} INFO - [2025-02-10T18:09:42.029+0000] {dagbag.py:588} INFO - Filling up the DagBag from /opt/airflow/dags/spark_example.py
[2025-02-10T18:09:42.035+0000] {processor.py:925} INFO - DAG(s) 'spark_example' retrieved from /opt/airflow/dags/spark_example.py
[2025-02-10T18:09:42.054+0000] {logging_mixin.py:190} INFO - [2025-02-10T18:09:42.054+0000] {dag.py:3239} INFO - Sync 1 DAGs
[2025-02-10T18:09:42.066+0000] {logging_mixin.py:190} INFO - [2025-02-10T18:09:42.066+0000] {dag.py:4180} INFO - Setting next_dagrun for spark_example to None, run_after=None
[2025-02-10T18:09:42.080+0000] {processor.py:208} INFO - Processing /opt/airflow/dags/spark_example.py took 0.060 seconds
[2025-02-10T18:10:12.428+0000] {processor.py:186} INFO - Started process (PID=405) to work on /opt/airflow/dags/spark_example.py
[2025-02-10T18:10:12.429+0000] {processor.py:914} INFO - Processing file /opt/airflow/dags/spark_example.py for tasks to queue
[2025-02-10T18:10:12.431+0000] {logging_mixin.py:190} INFO - [2025-02-10T18:10:12.430+0000] {dagbag.py:588} INFO - Filling up the DagBag from /opt/airflow/dags/spark_example.py
[2025-02-10T18:10:12.436+0000] {processor.py:925} INFO - DAG(s) 'spark_example' retrieved from /opt/airflow/dags/spark_example.py
[2025-02-10T18:10:12.460+0000] {logging_mixin.py:190} INFO - [2025-02-10T18:10:12.460+0000] {dag.py:3239} INFO - Sync 1 DAGs
[2025-02-10T18:10:12.476+0000] {logging_mixin.py:190} INFO - [2025-02-10T18:10:12.476+0000] {dag.py:4180} INFO - Setting next_dagrun for spark_example to None, run_after=None
[2025-02-10T18:10:12.493+0000] {processor.py:208} INFO - Processing /opt/airflow/dags/spark_example.py took 0.070 seconds
[2025-02-10T18:10:42.795+0000] {processor.py:186} INFO - Started process (PID=414) to work on /opt/airflow/dags/spark_example.py
[2025-02-10T18:10:42.796+0000] {processor.py:914} INFO - Processing file /opt/airflow/dags/spark_example.py for tasks to queue
[2025-02-10T18:10:42.798+0000] {logging_mixin.py:190} INFO - [2025-02-10T18:10:42.798+0000] {dagbag.py:588} INFO - Filling up the DagBag from /opt/airflow/dags/spark_example.py
[2025-02-10T18:10:42.803+0000] {processor.py:925} INFO - DAG(s) 'spark_example' retrieved from /opt/airflow/dags/spark_example.py
[2025-02-10T18:10:42.828+0000] {logging_mixin.py:190} INFO - [2025-02-10T18:10:42.827+0000] {dag.py:3239} INFO - Sync 1 DAGs
[2025-02-10T18:10:42.843+0000] {logging_mixin.py:190} INFO - [2025-02-10T18:10:42.842+0000] {dag.py:4180} INFO - Setting next_dagrun for spark_example to None, run_after=None
[2025-02-10T18:10:42.860+0000] {processor.py:208} INFO - Processing /opt/airflow/dags/spark_example.py took 0.069 seconds
[2025-02-10T18:11:13.156+0000] {processor.py:186} INFO - Started process (PID=424) to work on /opt/airflow/dags/spark_example.py
[2025-02-10T18:11:13.159+0000] {processor.py:914} INFO - Processing file /opt/airflow/dags/spark_example.py for tasks to queue
[2025-02-10T18:11:13.161+0000] {logging_mixin.py:190} INFO - [2025-02-10T18:11:13.160+0000] {dagbag.py:588} INFO - Filling up the DagBag from /opt/airflow/dags/spark_example.py
[2025-02-10T18:11:13.166+0000] {processor.py:925} INFO - DAG(s) 'spark_example' retrieved from /opt/airflow/dags/spark_example.py
[2025-02-10T18:11:13.186+0000] {logging_mixin.py:190} INFO - [2025-02-10T18:11:13.186+0000] {dag.py:3239} INFO - Sync 1 DAGs
[2025-02-10T18:11:13.198+0000] {logging_mixin.py:190} INFO - [2025-02-10T18:11:13.197+0000] {dag.py:4180} INFO - Setting next_dagrun for spark_example to None, run_after=None
[2025-02-10T18:11:13.214+0000] {processor.py:208} INFO - Processing /opt/airflow/dags/spark_example.py took 0.062 seconds
[2025-02-10T18:11:43.493+0000] {processor.py:186} INFO - Started process (PID=433) to work on /opt/airflow/dags/spark_example.py
[2025-02-10T18:11:43.495+0000] {processor.py:914} INFO - Processing file /opt/airflow/dags/spark_example.py for tasks to queue
[2025-02-10T18:11:43.497+0000] {logging_mixin.py:190} INFO - [2025-02-10T18:11:43.496+0000] {dagbag.py:588} INFO - Filling up the DagBag from /opt/airflow/dags/spark_example.py
[2025-02-10T18:11:43.504+0000] {processor.py:925} INFO - DAG(s) 'spark_example' retrieved from /opt/airflow/dags/spark_example.py
[2025-02-10T18:11:43.530+0000] {logging_mixin.py:190} INFO - [2025-02-10T18:11:43.530+0000] {dag.py:3239} INFO - Sync 1 DAGs
[2025-02-10T18:11:43.546+0000] {logging_mixin.py:190} INFO - [2025-02-10T18:11:43.545+0000] {dag.py:4180} INFO - Setting next_dagrun for spark_example to None, run_after=None
[2025-02-10T18:11:43.564+0000] {processor.py:208} INFO - Processing /opt/airflow/dags/spark_example.py took 0.076 seconds
[2025-02-10T18:12:13.902+0000] {processor.py:186} INFO - Started process (PID=442) to work on /opt/airflow/dags/spark_example.py
[2025-02-10T18:12:13.903+0000] {processor.py:914} INFO - Processing file /opt/airflow/dags/spark_example.py for tasks to queue
[2025-02-10T18:12:13.905+0000] {logging_mixin.py:190} INFO - [2025-02-10T18:12:13.905+0000] {dagbag.py:588} INFO - Filling up the DagBag from /opt/airflow/dags/spark_example.py
[2025-02-10T18:12:13.911+0000] {processor.py:925} INFO - DAG(s) 'spark_example' retrieved from /opt/airflow/dags/spark_example.py
[2025-02-10T18:12:13.931+0000] {logging_mixin.py:190} INFO - [2025-02-10T18:12:13.931+0000] {dag.py:3239} INFO - Sync 1 DAGs
[2025-02-10T18:12:13.943+0000] {logging_mixin.py:190} INFO - [2025-02-10T18:12:13.942+0000] {dag.py:4180} INFO - Setting next_dagrun for spark_example to None, run_after=None
[2025-02-10T18:12:13.958+0000] {processor.py:208} INFO - Processing /opt/airflow/dags/spark_example.py took 0.060 seconds
[2025-02-10T18:12:44.253+0000] {processor.py:186} INFO - Started process (PID=451) to work on /opt/airflow/dags/spark_example.py
[2025-02-10T18:12:44.257+0000] {processor.py:914} INFO - Processing file /opt/airflow/dags/spark_example.py for tasks to queue
[2025-02-10T18:12:44.258+0000] {logging_mixin.py:190} INFO - [2025-02-10T18:12:44.258+0000] {dagbag.py:588} INFO - Filling up the DagBag from /opt/airflow/dags/spark_example.py
[2025-02-10T18:12:44.264+0000] {processor.py:925} INFO - DAG(s) 'spark_example' retrieved from /opt/airflow/dags/spark_example.py
[2025-02-10T18:12:44.288+0000] {logging_mixin.py:190} INFO - [2025-02-10T18:12:44.288+0000] {dag.py:3239} INFO - Sync 1 DAGs
[2025-02-10T18:12:44.304+0000] {logging_mixin.py:190} INFO - [2025-02-10T18:12:44.304+0000] {dag.py:4180} INFO - Setting next_dagrun for spark_example to None, run_after=None
[2025-02-10T18:12:44.321+0000] {processor.py:208} INFO - Processing /opt/airflow/dags/spark_example.py took 0.072 seconds
[2025-02-10T18:13:14.622+0000] {processor.py:186} INFO - Started process (PID=460) to work on /opt/airflow/dags/spark_example.py
[2025-02-10T18:13:14.623+0000] {processor.py:914} INFO - Processing file /opt/airflow/dags/spark_example.py for tasks to queue
[2025-02-10T18:13:14.625+0000] {logging_mixin.py:190} INFO - [2025-02-10T18:13:14.625+0000] {dagbag.py:588} INFO - Filling up the DagBag from /opt/airflow/dags/spark_example.py
[2025-02-10T18:13:14.631+0000] {processor.py:925} INFO - DAG(s) 'spark_example' retrieved from /opt/airflow/dags/spark_example.py
[2025-02-10T18:13:14.655+0000] {logging_mixin.py:190} INFO - [2025-02-10T18:13:14.655+0000] {dag.py:3239} INFO - Sync 1 DAGs
[2025-02-10T18:13:14.671+0000] {logging_mixin.py:190} INFO - [2025-02-10T18:13:14.671+0000] {dag.py:4180} INFO - Setting next_dagrun for spark_example to None, run_after=None
[2025-02-10T18:13:14.688+0000] {processor.py:208} INFO - Processing /opt/airflow/dags/spark_example.py took 0.071 seconds
[2025-02-10T18:13:44.992+0000] {processor.py:186} INFO - Started process (PID=469) to work on /opt/airflow/dags/spark_example.py
[2025-02-10T18:13:44.993+0000] {processor.py:914} INFO - Processing file /opt/airflow/dags/spark_example.py for tasks to queue
[2025-02-10T18:13:44.995+0000] {logging_mixin.py:190} INFO - [2025-02-10T18:13:44.995+0000] {dagbag.py:588} INFO - Filling up the DagBag from /opt/airflow/dags/spark_example.py
[2025-02-10T18:13:45.001+0000] {processor.py:925} INFO - DAG(s) 'spark_example' retrieved from /opt/airflow/dags/spark_example.py
[2025-02-10T18:13:45.021+0000] {logging_mixin.py:190} INFO - [2025-02-10T18:13:45.021+0000] {dag.py:3239} INFO - Sync 1 DAGs
[2025-02-10T18:13:45.037+0000] {logging_mixin.py:190} INFO - [2025-02-10T18:13:45.037+0000] {dag.py:4180} INFO - Setting next_dagrun for spark_example to None, run_after=None
[2025-02-10T18:13:45.052+0000] {processor.py:208} INFO - Processing /opt/airflow/dags/spark_example.py took 0.065 seconds
[2025-02-10T18:14:15.341+0000] {processor.py:186} INFO - Started process (PID=478) to work on /opt/airflow/dags/spark_example.py
[2025-02-10T18:14:15.343+0000] {processor.py:914} INFO - Processing file /opt/airflow/dags/spark_example.py for tasks to queue
[2025-02-10T18:14:15.344+0000] {logging_mixin.py:190} INFO - [2025-02-10T18:14:15.344+0000] {dagbag.py:588} INFO - Filling up the DagBag from /opt/airflow/dags/spark_example.py
[2025-02-10T18:14:15.350+0000] {processor.py:925} INFO - DAG(s) 'spark_example' retrieved from /opt/airflow/dags/spark_example.py
[2025-02-10T18:14:15.371+0000] {logging_mixin.py:190} INFO - [2025-02-10T18:14:15.370+0000] {dag.py:3239} INFO - Sync 1 DAGs
[2025-02-10T18:14:15.383+0000] {logging_mixin.py:190} INFO - [2025-02-10T18:14:15.383+0000] {dag.py:4180} INFO - Setting next_dagrun for spark_example to None, run_after=None
[2025-02-10T18:14:15.397+0000] {processor.py:208} INFO - Processing /opt/airflow/dags/spark_example.py took 0.061 seconds
[2025-02-10T18:14:45.697+0000] {processor.py:186} INFO - Started process (PID=487) to work on /opt/airflow/dags/spark_example.py
[2025-02-10T18:14:45.704+0000] {processor.py:914} INFO - Processing file /opt/airflow/dags/spark_example.py for tasks to queue
[2025-02-10T18:14:45.706+0000] {logging_mixin.py:190} INFO - [2025-02-10T18:14:45.705+0000] {dagbag.py:588} INFO - Filling up the DagBag from /opt/airflow/dags/spark_example.py
[2025-02-10T18:14:45.711+0000] {processor.py:925} INFO - DAG(s) 'spark_example' retrieved from /opt/airflow/dags/spark_example.py
[2025-02-10T18:14:45.734+0000] {logging_mixin.py:190} INFO - [2025-02-10T18:14:45.734+0000] {dag.py:3239} INFO - Sync 1 DAGs
[2025-02-10T18:14:45.746+0000] {logging_mixin.py:190} INFO - [2025-02-10T18:14:45.746+0000] {dag.py:4180} INFO - Setting next_dagrun for spark_example to None, run_after=None
[2025-02-10T18:14:45.761+0000] {processor.py:208} INFO - Processing /opt/airflow/dags/spark_example.py took 0.069 seconds
[2025-02-10T18:15:16.039+0000] {processor.py:186} INFO - Started process (PID=496) to work on /opt/airflow/dags/spark_example.py
[2025-02-10T18:15:16.042+0000] {processor.py:914} INFO - Processing file /opt/airflow/dags/spark_example.py for tasks to queue
[2025-02-10T18:15:16.044+0000] {logging_mixin.py:190} INFO - [2025-02-10T18:15:16.043+0000] {dagbag.py:588} INFO - Filling up the DagBag from /opt/airflow/dags/spark_example.py
[2025-02-10T18:15:16.049+0000] {processor.py:925} INFO - DAG(s) 'spark_example' retrieved from /opt/airflow/dags/spark_example.py
[2025-02-10T18:15:16.073+0000] {logging_mixin.py:190} INFO - [2025-02-10T18:15:16.073+0000] {dag.py:3239} INFO - Sync 1 DAGs
[2025-02-10T18:15:16.089+0000] {logging_mixin.py:190} INFO - [2025-02-10T18:15:16.089+0000] {dag.py:4180} INFO - Setting next_dagrun for spark_example to None, run_after=None
[2025-02-10T18:15:16.103+0000] {processor.py:208} INFO - Processing /opt/airflow/dags/spark_example.py took 0.068 seconds
[2025-02-10T18:15:46.389+0000] {processor.py:186} INFO - Started process (PID=505) to work on /opt/airflow/dags/spark_example.py
[2025-02-10T18:15:46.394+0000] {processor.py:914} INFO - Processing file /opt/airflow/dags/spark_example.py for tasks to queue
[2025-02-10T18:15:46.396+0000] {logging_mixin.py:190} INFO - [2025-02-10T18:15:46.396+0000] {dagbag.py:588} INFO - Filling up the DagBag from /opt/airflow/dags/spark_example.py
[2025-02-10T18:15:46.402+0000] {processor.py:925} INFO - DAG(s) 'spark_example' retrieved from /opt/airflow/dags/spark_example.py
[2025-02-10T18:15:46.426+0000] {logging_mixin.py:190} INFO - [2025-02-10T18:15:46.426+0000] {dag.py:3239} INFO - Sync 1 DAGs
[2025-02-10T18:15:46.441+0000] {logging_mixin.py:190} INFO - [2025-02-10T18:15:46.441+0000] {dag.py:4180} INFO - Setting next_dagrun for spark_example to None, run_after=None
[2025-02-10T18:15:46.458+0000] {processor.py:208} INFO - Processing /opt/airflow/dags/spark_example.py took 0.074 seconds
[2025-02-10T18:16:16.753+0000] {processor.py:186} INFO - Started process (PID=514) to work on /opt/airflow/dags/spark_example.py
[2025-02-10T18:16:16.755+0000] {processor.py:914} INFO - Processing file /opt/airflow/dags/spark_example.py for tasks to queue
[2025-02-10T18:16:16.757+0000] {logging_mixin.py:190} INFO - [2025-02-10T18:16:16.756+0000] {dagbag.py:588} INFO - Filling up the DagBag from /opt/airflow/dags/spark_example.py
[2025-02-10T18:16:16.762+0000] {processor.py:925} INFO - DAG(s) 'spark_example' retrieved from /opt/airflow/dags/spark_example.py
[2025-02-10T18:16:16.782+0000] {logging_mixin.py:190} INFO - [2025-02-10T18:16:16.782+0000] {dag.py:3239} INFO - Sync 1 DAGs
[2025-02-10T18:16:16.794+0000] {logging_mixin.py:190} INFO - [2025-02-10T18:16:16.794+0000] {dag.py:4180} INFO - Setting next_dagrun for spark_example to None, run_after=None
[2025-02-10T18:16:16.808+0000] {processor.py:208} INFO - Processing /opt/airflow/dags/spark_example.py took 0.059 seconds
[2025-02-10T18:16:47.090+0000] {processor.py:186} INFO - Started process (PID=523) to work on /opt/airflow/dags/spark_example.py
[2025-02-10T18:16:47.092+0000] {processor.py:914} INFO - Processing file /opt/airflow/dags/spark_example.py for tasks to queue
[2025-02-10T18:16:47.093+0000] {logging_mixin.py:190} INFO - [2025-02-10T18:16:47.093+0000] {dagbag.py:588} INFO - Filling up the DagBag from /opt/airflow/dags/spark_example.py
[2025-02-10T18:16:47.099+0000] {processor.py:925} INFO - DAG(s) 'spark_example' retrieved from /opt/airflow/dags/spark_example.py
[2025-02-10T18:16:47.119+0000] {logging_mixin.py:190} INFO - [2025-02-10T18:16:47.119+0000] {dag.py:3239} INFO - Sync 1 DAGs
[2025-02-10T18:16:47.130+0000] {logging_mixin.py:190} INFO - [2025-02-10T18:16:47.130+0000] {dag.py:4180} INFO - Setting next_dagrun for spark_example to None, run_after=None
[2025-02-10T18:16:47.145+0000] {processor.py:208} INFO - Processing /opt/airflow/dags/spark_example.py took 0.060 seconds
