[2025-02-25T19:54:34.589+0000] {processor.py:186} INFO - Started process (PID=36) to work on /opt/airflow/dags/spark_example.py
[2025-02-25T19:54:34.590+0000] {processor.py:914} INFO - Processing file /opt/airflow/dags/spark_example.py for tasks to queue
[2025-02-25T19:54:34.592+0000] {logging_mixin.py:190} INFO - [2025-02-25T19:54:34.592+0000] {dagbag.py:588} INFO - Filling up the DagBag from /opt/airflow/dags/spark_example.py
[2025-02-25T19:54:34.605+0000] {processor.py:925} INFO - DAG(s) 'spark_example' retrieved from /opt/airflow/dags/spark_example.py
[2025-02-25T19:54:34.639+0000] {logging_mixin.py:190} INFO - [2025-02-25T19:54:34.639+0000] {dag.py:3239} INFO - Sync 1 DAGs
[2025-02-25T19:54:34.664+0000] {logging_mixin.py:190} INFO - [2025-02-25T19:54:34.663+0000] {dag.py:4180} INFO - Setting next_dagrun for spark_example to None, run_after=None
[2025-02-25T19:54:34.685+0000] {processor.py:208} INFO - Processing /opt/airflow/dags/spark_example.py took 0.102 seconds
[2025-02-25T19:55:05.076+0000] {processor.py:186} INFO - Started process (PID=44) to work on /opt/airflow/dags/spark_example.py
[2025-02-25T19:55:05.077+0000] {processor.py:914} INFO - Processing file /opt/airflow/dags/spark_example.py for tasks to queue
[2025-02-25T19:55:05.079+0000] {logging_mixin.py:190} INFO - [2025-02-25T19:55:05.078+0000] {dagbag.py:588} INFO - Filling up the DagBag from /opt/airflow/dags/spark_example.py
[2025-02-25T19:55:05.084+0000] {processor.py:925} INFO - DAG(s) 'spark_example' retrieved from /opt/airflow/dags/spark_example.py
[2025-02-25T19:55:05.105+0000] {logging_mixin.py:190} INFO - [2025-02-25T19:55:05.105+0000] {dag.py:3239} INFO - Sync 1 DAGs
[2025-02-25T19:55:05.116+0000] {logging_mixin.py:190} INFO - [2025-02-25T19:55:05.116+0000] {dag.py:4180} INFO - Setting next_dagrun for spark_example to None, run_after=None
[2025-02-25T19:55:05.129+0000] {processor.py:208} INFO - Processing /opt/airflow/dags/spark_example.py took 0.057 seconds
[2025-02-25T19:55:35.420+0000] {processor.py:186} INFO - Started process (PID=53) to work on /opt/airflow/dags/spark_example.py
[2025-02-25T19:55:35.422+0000] {processor.py:914} INFO - Processing file /opt/airflow/dags/spark_example.py for tasks to queue
[2025-02-25T19:55:35.423+0000] {logging_mixin.py:190} INFO - [2025-02-25T19:55:35.423+0000] {dagbag.py:588} INFO - Filling up the DagBag from /opt/airflow/dags/spark_example.py
[2025-02-25T19:55:35.429+0000] {processor.py:925} INFO - DAG(s) 'spark_example' retrieved from /opt/airflow/dags/spark_example.py
[2025-02-25T19:55:35.448+0000] {logging_mixin.py:190} INFO - [2025-02-25T19:55:35.448+0000] {dag.py:3239} INFO - Sync 1 DAGs
[2025-02-25T19:55:35.460+0000] {logging_mixin.py:190} INFO - [2025-02-25T19:55:35.459+0000] {dag.py:4180} INFO - Setting next_dagrun for spark_example to None, run_after=None
[2025-02-25T19:55:35.473+0000] {processor.py:208} INFO - Processing /opt/airflow/dags/spark_example.py took 0.058 seconds
[2025-02-25T19:56:05.879+0000] {processor.py:186} INFO - Started process (PID=62) to work on /opt/airflow/dags/spark_example.py
[2025-02-25T19:56:05.880+0000] {processor.py:914} INFO - Processing file /opt/airflow/dags/spark_example.py for tasks to queue
[2025-02-25T19:56:05.882+0000] {logging_mixin.py:190} INFO - [2025-02-25T19:56:05.881+0000] {dagbag.py:588} INFO - Filling up the DagBag from /opt/airflow/dags/spark_example.py
[2025-02-25T19:56:05.887+0000] {processor.py:925} INFO - DAG(s) 'spark_example' retrieved from /opt/airflow/dags/spark_example.py
[2025-02-25T19:56:05.906+0000] {logging_mixin.py:190} INFO - [2025-02-25T19:56:05.906+0000] {dag.py:3239} INFO - Sync 1 DAGs
[2025-02-25T19:56:05.918+0000] {logging_mixin.py:190} INFO - [2025-02-25T19:56:05.918+0000] {dag.py:4180} INFO - Setting next_dagrun for spark_example to None, run_after=None
[2025-02-25T19:56:05.932+0000] {processor.py:208} INFO - Processing /opt/airflow/dags/spark_example.py took 0.057 seconds
[2025-02-25T19:56:36.337+0000] {processor.py:186} INFO - Started process (PID=71) to work on /opt/airflow/dags/spark_example.py
[2025-02-25T19:56:36.339+0000] {processor.py:914} INFO - Processing file /opt/airflow/dags/spark_example.py for tasks to queue
[2025-02-25T19:56:36.341+0000] {logging_mixin.py:190} INFO - [2025-02-25T19:56:36.340+0000] {dagbag.py:588} INFO - Filling up the DagBag from /opt/airflow/dags/spark_example.py
[2025-02-25T19:56:36.346+0000] {processor.py:925} INFO - DAG(s) 'spark_example' retrieved from /opt/airflow/dags/spark_example.py
[2025-02-25T19:56:36.365+0000] {logging_mixin.py:190} INFO - [2025-02-25T19:56:36.365+0000] {dag.py:3239} INFO - Sync 1 DAGs
[2025-02-25T19:56:36.377+0000] {logging_mixin.py:190} INFO - [2025-02-25T19:56:36.377+0000] {dag.py:4180} INFO - Setting next_dagrun for spark_example to None, run_after=None
[2025-02-25T19:56:36.515+0000] {processor.py:208} INFO - Processing /opt/airflow/dags/spark_example.py took 0.182 seconds
[2025-02-25T19:57:06.796+0000] {processor.py:186} INFO - Started process (PID=80) to work on /opt/airflow/dags/spark_example.py
[2025-02-25T19:57:06.797+0000] {processor.py:914} INFO - Processing file /opt/airflow/dags/spark_example.py for tasks to queue
[2025-02-25T19:57:06.798+0000] {logging_mixin.py:190} INFO - [2025-02-25T19:57:06.798+0000] {dagbag.py:588} INFO - Filling up the DagBag from /opt/airflow/dags/spark_example.py
[2025-02-25T19:57:06.804+0000] {processor.py:925} INFO - DAG(s) 'spark_example' retrieved from /opt/airflow/dags/spark_example.py
[2025-02-25T19:57:06.829+0000] {logging_mixin.py:190} INFO - [2025-02-25T19:57:06.829+0000] {dag.py:3239} INFO - Sync 1 DAGs
[2025-02-25T19:57:06.972+0000] {logging_mixin.py:190} INFO - [2025-02-25T19:57:06.971+0000] {dag.py:4180} INFO - Setting next_dagrun for spark_example to None, run_after=None
[2025-02-25T19:57:06.985+0000] {processor.py:208} INFO - Processing /opt/airflow/dags/spark_example.py took 0.194 seconds
[2025-02-25T19:57:37.274+0000] {processor.py:186} INFO - Started process (PID=89) to work on /opt/airflow/dags/spark_example.py
[2025-02-25T19:57:37.275+0000] {processor.py:914} INFO - Processing file /opt/airflow/dags/spark_example.py for tasks to queue
[2025-02-25T19:57:37.277+0000] {logging_mixin.py:190} INFO - [2025-02-25T19:57:37.277+0000] {dagbag.py:588} INFO - Filling up the DagBag from /opt/airflow/dags/spark_example.py
[2025-02-25T19:57:37.282+0000] {processor.py:925} INFO - DAG(s) 'spark_example' retrieved from /opt/airflow/dags/spark_example.py
[2025-02-25T19:57:37.436+0000] {logging_mixin.py:190} INFO - [2025-02-25T19:57:37.435+0000] {dag.py:3239} INFO - Sync 1 DAGs
[2025-02-25T19:57:37.446+0000] {logging_mixin.py:190} INFO - [2025-02-25T19:57:37.446+0000] {dag.py:4180} INFO - Setting next_dagrun for spark_example to None, run_after=None
[2025-02-25T19:57:37.459+0000] {processor.py:208} INFO - Processing /opt/airflow/dags/spark_example.py took 0.190 seconds
[2025-02-25T19:58:07.745+0000] {processor.py:186} INFO - Started process (PID=98) to work on /opt/airflow/dags/spark_example.py
[2025-02-25T19:58:07.746+0000] {processor.py:914} INFO - Processing file /opt/airflow/dags/spark_example.py for tasks to queue
[2025-02-25T19:58:07.748+0000] {logging_mixin.py:190} INFO - [2025-02-25T19:58:07.747+0000] {dagbag.py:588} INFO - Filling up the DagBag from /opt/airflow/dags/spark_example.py
[2025-02-25T19:58:07.753+0000] {processor.py:925} INFO - DAG(s) 'spark_example' retrieved from /opt/airflow/dags/spark_example.py
[2025-02-25T19:58:07.772+0000] {logging_mixin.py:190} INFO - [2025-02-25T19:58:07.772+0000] {dag.py:3239} INFO - Sync 1 DAGs
[2025-02-25T19:58:07.784+0000] {logging_mixin.py:190} INFO - [2025-02-25T19:58:07.784+0000] {dag.py:4180} INFO - Setting next_dagrun for spark_example to None, run_after=None
[2025-02-25T19:58:07.797+0000] {processor.py:208} INFO - Processing /opt/airflow/dags/spark_example.py took 0.057 seconds
[2025-02-25T19:58:38.086+0000] {processor.py:186} INFO - Started process (PID=107) to work on /opt/airflow/dags/spark_example.py
[2025-02-25T19:58:38.088+0000] {processor.py:914} INFO - Processing file /opt/airflow/dags/spark_example.py for tasks to queue
[2025-02-25T19:58:38.089+0000] {logging_mixin.py:190} INFO - [2025-02-25T19:58:38.089+0000] {dagbag.py:588} INFO - Filling up the DagBag from /opt/airflow/dags/spark_example.py
[2025-02-25T19:58:38.095+0000] {processor.py:925} INFO - DAG(s) 'spark_example' retrieved from /opt/airflow/dags/spark_example.py
[2025-02-25T19:58:38.119+0000] {logging_mixin.py:190} INFO - [2025-02-25T19:58:38.119+0000] {dag.py:3239} INFO - Sync 1 DAGs
[2025-02-25T19:58:38.135+0000] {logging_mixin.py:190} INFO - [2025-02-25T19:58:38.134+0000] {dag.py:4180} INFO - Setting next_dagrun for spark_example to None, run_after=None
[2025-02-25T19:58:38.150+0000] {processor.py:208} INFO - Processing /opt/airflow/dags/spark_example.py took 0.069 seconds
[2025-02-25T19:59:08.443+0000] {processor.py:186} INFO - Started process (PID=116) to work on /opt/airflow/dags/spark_example.py
[2025-02-25T19:59:08.443+0000] {processor.py:914} INFO - Processing file /opt/airflow/dags/spark_example.py for tasks to queue
[2025-02-25T19:59:08.445+0000] {logging_mixin.py:190} INFO - [2025-02-25T19:59:08.445+0000] {dagbag.py:588} INFO - Filling up the DagBag from /opt/airflow/dags/spark_example.py
[2025-02-25T19:59:08.451+0000] {processor.py:925} INFO - DAG(s) 'spark_example' retrieved from /opt/airflow/dags/spark_example.py
[2025-02-25T19:59:08.475+0000] {logging_mixin.py:190} INFO - [2025-02-25T19:59:08.475+0000] {dag.py:3239} INFO - Sync 1 DAGs
[2025-02-25T19:59:08.491+0000] {logging_mixin.py:190} INFO - [2025-02-25T19:59:08.490+0000] {dag.py:4180} INFO - Setting next_dagrun for spark_example to None, run_after=None
[2025-02-25T19:59:08.504+0000] {processor.py:208} INFO - Processing /opt/airflow/dags/spark_example.py took 0.067 seconds
[2025-02-25T19:59:38.794+0000] {processor.py:186} INFO - Started process (PID=125) to work on /opt/airflow/dags/spark_example.py
[2025-02-25T19:59:38.795+0000] {processor.py:914} INFO - Processing file /opt/airflow/dags/spark_example.py for tasks to queue
[2025-02-25T19:59:38.797+0000] {logging_mixin.py:190} INFO - [2025-02-25T19:59:38.797+0000] {dagbag.py:588} INFO - Filling up the DagBag from /opt/airflow/dags/spark_example.py
[2025-02-25T19:59:38.802+0000] {processor.py:925} INFO - DAG(s) 'spark_example' retrieved from /opt/airflow/dags/spark_example.py
[2025-02-25T19:59:38.822+0000] {logging_mixin.py:190} INFO - [2025-02-25T19:59:38.822+0000] {dag.py:3239} INFO - Sync 1 DAGs
[2025-02-25T19:59:38.836+0000] {logging_mixin.py:190} INFO - [2025-02-25T19:59:38.836+0000] {dag.py:4180} INFO - Setting next_dagrun for spark_example to None, run_after=None
[2025-02-25T19:59:38.850+0000] {processor.py:208} INFO - Processing /opt/airflow/dags/spark_example.py took 0.061 seconds
[2025-02-25T20:00:09.134+0000] {processor.py:186} INFO - Started process (PID=134) to work on /opt/airflow/dags/spark_example.py
[2025-02-25T20:00:09.134+0000] {processor.py:914} INFO - Processing file /opt/airflow/dags/spark_example.py for tasks to queue
[2025-02-25T20:00:09.136+0000] {logging_mixin.py:190} INFO - [2025-02-25T20:00:09.136+0000] {dagbag.py:588} INFO - Filling up the DagBag from /opt/airflow/dags/spark_example.py
[2025-02-25T20:00:09.142+0000] {processor.py:925} INFO - DAG(s) 'spark_example' retrieved from /opt/airflow/dags/spark_example.py
[2025-02-25T20:00:09.163+0000] {logging_mixin.py:190} INFO - [2025-02-25T20:00:09.163+0000] {dag.py:3239} INFO - Sync 1 DAGs
[2025-02-25T20:00:09.176+0000] {logging_mixin.py:190} INFO - [2025-02-25T20:00:09.175+0000] {dag.py:4180} INFO - Setting next_dagrun for spark_example to None, run_after=None
[2025-02-25T20:00:09.190+0000] {processor.py:208} INFO - Processing /opt/airflow/dags/spark_example.py took 0.061 seconds
[2025-02-25T20:00:39.482+0000] {processor.py:186} INFO - Started process (PID=143) to work on /opt/airflow/dags/spark_example.py
[2025-02-25T20:00:39.484+0000] {processor.py:914} INFO - Processing file /opt/airflow/dags/spark_example.py for tasks to queue
[2025-02-25T20:00:39.486+0000] {logging_mixin.py:190} INFO - [2025-02-25T20:00:39.485+0000] {dagbag.py:588} INFO - Filling up the DagBag from /opt/airflow/dags/spark_example.py
[2025-02-25T20:00:39.491+0000] {processor.py:925} INFO - DAG(s) 'spark_example' retrieved from /opt/airflow/dags/spark_example.py
[2025-02-25T20:00:39.511+0000] {logging_mixin.py:190} INFO - [2025-02-25T20:00:39.511+0000] {dag.py:3239} INFO - Sync 1 DAGs
[2025-02-25T20:00:39.522+0000] {logging_mixin.py:190} INFO - [2025-02-25T20:00:39.522+0000] {dag.py:4180} INFO - Setting next_dagrun for spark_example to None, run_after=None
[2025-02-25T20:00:39.536+0000] {processor.py:208} INFO - Processing /opt/airflow/dags/spark_example.py took 0.058 seconds
[2025-02-25T20:01:09.829+0000] {processor.py:186} INFO - Started process (PID=152) to work on /opt/airflow/dags/spark_example.py
[2025-02-25T20:01:09.830+0000] {processor.py:914} INFO - Processing file /opt/airflow/dags/spark_example.py for tasks to queue
[2025-02-25T20:01:09.831+0000] {logging_mixin.py:190} INFO - [2025-02-25T20:01:09.831+0000] {dagbag.py:588} INFO - Filling up the DagBag from /opt/airflow/dags/spark_example.py
[2025-02-25T20:01:09.837+0000] {processor.py:925} INFO - DAG(s) 'spark_example' retrieved from /opt/airflow/dags/spark_example.py
[2025-02-25T20:01:09.856+0000] {logging_mixin.py:190} INFO - [2025-02-25T20:01:09.856+0000] {dag.py:3239} INFO - Sync 1 DAGs
[2025-02-25T20:01:09.868+0000] {logging_mixin.py:190} INFO - [2025-02-25T20:01:09.868+0000] {dag.py:4180} INFO - Setting next_dagrun for spark_example to None, run_after=None
[2025-02-25T20:01:09.882+0000] {processor.py:208} INFO - Processing /opt/airflow/dags/spark_example.py took 0.058 seconds
[2025-02-25T20:01:40.177+0000] {processor.py:186} INFO - Started process (PID=161) to work on /opt/airflow/dags/spark_example.py
[2025-02-25T20:01:40.179+0000] {processor.py:914} INFO - Processing file /opt/airflow/dags/spark_example.py for tasks to queue
[2025-02-25T20:01:40.180+0000] {logging_mixin.py:190} INFO - [2025-02-25T20:01:40.180+0000] {dagbag.py:588} INFO - Filling up the DagBag from /opt/airflow/dags/spark_example.py
[2025-02-25T20:01:40.186+0000] {processor.py:925} INFO - DAG(s) 'spark_example' retrieved from /opt/airflow/dags/spark_example.py
[2025-02-25T20:01:40.206+0000] {logging_mixin.py:190} INFO - [2025-02-25T20:01:40.206+0000] {dag.py:3239} INFO - Sync 1 DAGs
[2025-02-25T20:01:40.218+0000] {logging_mixin.py:190} INFO - [2025-02-25T20:01:40.218+0000] {dag.py:4180} INFO - Setting next_dagrun for spark_example to None, run_after=None
[2025-02-25T20:01:40.232+0000] {processor.py:208} INFO - Processing /opt/airflow/dags/spark_example.py took 0.060 seconds
[2025-02-25T20:02:10.523+0000] {processor.py:186} INFO - Started process (PID=170) to work on /opt/airflow/dags/spark_example.py
[2025-02-25T20:02:10.524+0000] {processor.py:914} INFO - Processing file /opt/airflow/dags/spark_example.py for tasks to queue
[2025-02-25T20:02:10.526+0000] {logging_mixin.py:190} INFO - [2025-02-25T20:02:10.525+0000] {dagbag.py:588} INFO - Filling up the DagBag from /opt/airflow/dags/spark_example.py
[2025-02-25T20:02:10.531+0000] {processor.py:925} INFO - DAG(s) 'spark_example' retrieved from /opt/airflow/dags/spark_example.py
[2025-02-25T20:02:10.551+0000] {logging_mixin.py:190} INFO - [2025-02-25T20:02:10.551+0000] {dag.py:3239} INFO - Sync 1 DAGs
[2025-02-25T20:02:10.562+0000] {logging_mixin.py:190} INFO - [2025-02-25T20:02:10.562+0000] {dag.py:4180} INFO - Setting next_dagrun for spark_example to None, run_after=None
[2025-02-25T20:02:10.576+0000] {processor.py:208} INFO - Processing /opt/airflow/dags/spark_example.py took 0.058 seconds
[2025-02-25T20:02:40.866+0000] {processor.py:186} INFO - Started process (PID=179) to work on /opt/airflow/dags/spark_example.py
[2025-02-25T20:02:40.867+0000] {processor.py:914} INFO - Processing file /opt/airflow/dags/spark_example.py for tasks to queue
[2025-02-25T20:02:40.869+0000] {logging_mixin.py:190} INFO - [2025-02-25T20:02:40.869+0000] {dagbag.py:588} INFO - Filling up the DagBag from /opt/airflow/dags/spark_example.py
[2025-02-25T20:02:40.875+0000] {processor.py:925} INFO - DAG(s) 'spark_example' retrieved from /opt/airflow/dags/spark_example.py
[2025-02-25T20:02:40.894+0000] {logging_mixin.py:190} INFO - [2025-02-25T20:02:40.894+0000] {dag.py:3239} INFO - Sync 1 DAGs
[2025-02-25T20:02:40.906+0000] {logging_mixin.py:190} INFO - [2025-02-25T20:02:40.906+0000] {dag.py:4180} INFO - Setting next_dagrun for spark_example to None, run_after=None
[2025-02-25T20:02:40.920+0000] {processor.py:208} INFO - Processing /opt/airflow/dags/spark_example.py took 0.059 seconds
[2025-02-25T20:03:11.216+0000] {processor.py:186} INFO - Started process (PID=188) to work on /opt/airflow/dags/spark_example.py
[2025-02-25T20:03:11.216+0000] {processor.py:914} INFO - Processing file /opt/airflow/dags/spark_example.py for tasks to queue
[2025-02-25T20:03:11.218+0000] {logging_mixin.py:190} INFO - [2025-02-25T20:03:11.218+0000] {dagbag.py:588} INFO - Filling up the DagBag from /opt/airflow/dags/spark_example.py
[2025-02-25T20:03:11.224+0000] {processor.py:925} INFO - DAG(s) 'spark_example' retrieved from /opt/airflow/dags/spark_example.py
[2025-02-25T20:03:11.244+0000] {logging_mixin.py:190} INFO - [2025-02-25T20:03:11.244+0000] {dag.py:3239} INFO - Sync 1 DAGs
[2025-02-25T20:03:11.257+0000] {logging_mixin.py:190} INFO - [2025-02-25T20:03:11.257+0000] {dag.py:4180} INFO - Setting next_dagrun for spark_example to None, run_after=None
[2025-02-25T20:03:11.271+0000] {processor.py:208} INFO - Processing /opt/airflow/dags/spark_example.py took 0.060 seconds
[2025-02-25T20:03:41.574+0000] {processor.py:186} INFO - Started process (PID=197) to work on /opt/airflow/dags/spark_example.py
[2025-02-25T20:03:41.576+0000] {processor.py:914} INFO - Processing file /opt/airflow/dags/spark_example.py for tasks to queue
[2025-02-25T20:03:41.577+0000] {logging_mixin.py:190} INFO - [2025-02-25T20:03:41.577+0000] {dagbag.py:588} INFO - Filling up the DagBag from /opt/airflow/dags/spark_example.py
[2025-02-25T20:03:41.583+0000] {processor.py:925} INFO - DAG(s) 'spark_example' retrieved from /opt/airflow/dags/spark_example.py
[2025-02-25T20:03:41.602+0000] {logging_mixin.py:190} INFO - [2025-02-25T20:03:41.602+0000] {dag.py:3239} INFO - Sync 1 DAGs
[2025-02-25T20:03:41.614+0000] {logging_mixin.py:190} INFO - [2025-02-25T20:03:41.614+0000] {dag.py:4180} INFO - Setting next_dagrun for spark_example to None, run_after=None
[2025-02-25T20:03:41.628+0000] {processor.py:208} INFO - Processing /opt/airflow/dags/spark_example.py took 0.059 seconds
[2025-02-25T20:04:11.918+0000] {processor.py:186} INFO - Started process (PID=206) to work on /opt/airflow/dags/spark_example.py
[2025-02-25T20:04:11.919+0000] {processor.py:914} INFO - Processing file /opt/airflow/dags/spark_example.py for tasks to queue
[2025-02-25T20:04:11.920+0000] {logging_mixin.py:190} INFO - [2025-02-25T20:04:11.920+0000] {dagbag.py:588} INFO - Filling up the DagBag from /opt/airflow/dags/spark_example.py
[2025-02-25T20:04:11.926+0000] {processor.py:925} INFO - DAG(s) 'spark_example' retrieved from /opt/airflow/dags/spark_example.py
[2025-02-25T20:04:11.945+0000] {logging_mixin.py:190} INFO - [2025-02-25T20:04:11.945+0000] {dag.py:3239} INFO - Sync 1 DAGs
[2025-02-25T20:04:11.957+0000] {logging_mixin.py:190} INFO - [2025-02-25T20:04:11.957+0000] {dag.py:4180} INFO - Setting next_dagrun for spark_example to None, run_after=None
[2025-02-25T20:04:11.970+0000] {processor.py:208} INFO - Processing /opt/airflow/dags/spark_example.py took 0.057 seconds
[2025-02-25T20:04:42.272+0000] {processor.py:186} INFO - Started process (PID=215) to work on /opt/airflow/dags/spark_example.py
[2025-02-25T20:04:42.274+0000] {processor.py:914} INFO - Processing file /opt/airflow/dags/spark_example.py for tasks to queue
[2025-02-25T20:04:42.276+0000] {logging_mixin.py:190} INFO - [2025-02-25T20:04:42.275+0000] {dagbag.py:588} INFO - Filling up the DagBag from /opt/airflow/dags/spark_example.py
[2025-02-25T20:04:42.281+0000] {processor.py:925} INFO - DAG(s) 'spark_example' retrieved from /opt/airflow/dags/spark_example.py
[2025-02-25T20:04:42.301+0000] {logging_mixin.py:190} INFO - [2025-02-25T20:04:42.300+0000] {dag.py:3239} INFO - Sync 1 DAGs
[2025-02-25T20:04:42.312+0000] {logging_mixin.py:190} INFO - [2025-02-25T20:04:42.312+0000] {dag.py:4180} INFO - Setting next_dagrun for spark_example to None, run_after=None
[2025-02-25T20:04:42.326+0000] {processor.py:208} INFO - Processing /opt/airflow/dags/spark_example.py took 0.059 seconds
[2025-02-25T20:05:12.615+0000] {processor.py:186} INFO - Started process (PID=224) to work on /opt/airflow/dags/spark_example.py
[2025-02-25T20:05:12.615+0000] {processor.py:914} INFO - Processing file /opt/airflow/dags/spark_example.py for tasks to queue
[2025-02-25T20:05:12.617+0000] {logging_mixin.py:190} INFO - [2025-02-25T20:05:12.617+0000] {dagbag.py:588} INFO - Filling up the DagBag from /opt/airflow/dags/spark_example.py
[2025-02-25T20:05:12.623+0000] {processor.py:925} INFO - DAG(s) 'spark_example' retrieved from /opt/airflow/dags/spark_example.py
[2025-02-25T20:05:12.642+0000] {logging_mixin.py:190} INFO - [2025-02-25T20:05:12.642+0000] {dag.py:3239} INFO - Sync 1 DAGs
[2025-02-25T20:05:12.654+0000] {logging_mixin.py:190} INFO - [2025-02-25T20:05:12.654+0000] {dag.py:4180} INFO - Setting next_dagrun for spark_example to None, run_after=None
[2025-02-25T20:05:12.668+0000] {processor.py:208} INFO - Processing /opt/airflow/dags/spark_example.py took 0.058 seconds
[2025-02-25T20:05:42.961+0000] {processor.py:186} INFO - Started process (PID=233) to work on /opt/airflow/dags/spark_example.py
[2025-02-25T20:05:42.962+0000] {processor.py:914} INFO - Processing file /opt/airflow/dags/spark_example.py for tasks to queue
[2025-02-25T20:05:42.964+0000] {logging_mixin.py:190} INFO - [2025-02-25T20:05:42.964+0000] {dagbag.py:588} INFO - Filling up the DagBag from /opt/airflow/dags/spark_example.py
[2025-02-25T20:05:42.970+0000] {processor.py:925} INFO - DAG(s) 'spark_example' retrieved from /opt/airflow/dags/spark_example.py
[2025-02-25T20:05:42.990+0000] {logging_mixin.py:190} INFO - [2025-02-25T20:05:42.990+0000] {dag.py:3239} INFO - Sync 1 DAGs
[2025-02-25T20:05:43.002+0000] {logging_mixin.py:190} INFO - [2025-02-25T20:05:43.002+0000] {dag.py:4180} INFO - Setting next_dagrun for spark_example to None, run_after=None
[2025-02-25T20:05:43.017+0000] {processor.py:208} INFO - Processing /opt/airflow/dags/spark_example.py took 0.061 seconds
[2025-02-25T20:06:13.306+0000] {processor.py:186} INFO - Started process (PID=242) to work on /opt/airflow/dags/spark_example.py
[2025-02-25T20:06:13.307+0000] {processor.py:914} INFO - Processing file /opt/airflow/dags/spark_example.py for tasks to queue
[2025-02-25T20:06:13.308+0000] {logging_mixin.py:190} INFO - [2025-02-25T20:06:13.308+0000] {dagbag.py:588} INFO - Filling up the DagBag from /opt/airflow/dags/spark_example.py
[2025-02-25T20:06:13.314+0000] {processor.py:925} INFO - DAG(s) 'spark_example' retrieved from /opt/airflow/dags/spark_example.py
[2025-02-25T20:06:13.334+0000] {logging_mixin.py:190} INFO - [2025-02-25T20:06:13.334+0000] {dag.py:3239} INFO - Sync 1 DAGs
[2025-02-25T20:06:13.346+0000] {logging_mixin.py:190} INFO - [2025-02-25T20:06:13.346+0000] {dag.py:4180} INFO - Setting next_dagrun for spark_example to None, run_after=None
[2025-02-25T20:06:13.361+0000] {processor.py:208} INFO - Processing /opt/airflow/dags/spark_example.py took 0.059 seconds
[2025-02-25T20:06:43.652+0000] {processor.py:186} INFO - Started process (PID=251) to work on /opt/airflow/dags/spark_example.py
[2025-02-25T20:06:43.663+0000] {processor.py:914} INFO - Processing file /opt/airflow/dags/spark_example.py for tasks to queue
[2025-02-25T20:06:43.664+0000] {logging_mixin.py:190} INFO - [2025-02-25T20:06:43.664+0000] {dagbag.py:588} INFO - Filling up the DagBag from /opt/airflow/dags/spark_example.py
[2025-02-25T20:06:43.670+0000] {processor.py:925} INFO - DAG(s) 'spark_example' retrieved from /opt/airflow/dags/spark_example.py
[2025-02-25T20:06:43.691+0000] {logging_mixin.py:190} INFO - [2025-02-25T20:06:43.690+0000] {dag.py:3239} INFO - Sync 1 DAGs
[2025-02-25T20:06:43.702+0000] {logging_mixin.py:190} INFO - [2025-02-25T20:06:43.702+0000] {dag.py:4180} INFO - Setting next_dagrun for spark_example to None, run_after=None
[2025-02-25T20:06:43.716+0000] {processor.py:208} INFO - Processing /opt/airflow/dags/spark_example.py took 0.069 seconds
[2025-02-25T20:07:14.001+0000] {processor.py:186} INFO - Started process (PID=260) to work on /opt/airflow/dags/spark_example.py
[2025-02-25T20:07:14.002+0000] {processor.py:914} INFO - Processing file /opt/airflow/dags/spark_example.py for tasks to queue
[2025-02-25T20:07:14.003+0000] {logging_mixin.py:190} INFO - [2025-02-25T20:07:14.003+0000] {dagbag.py:588} INFO - Filling up the DagBag from /opt/airflow/dags/spark_example.py
[2025-02-25T20:07:14.009+0000] {processor.py:925} INFO - DAG(s) 'spark_example' retrieved from /opt/airflow/dags/spark_example.py
[2025-02-25T20:07:14.029+0000] {logging_mixin.py:190} INFO - [2025-02-25T20:07:14.028+0000] {dag.py:3239} INFO - Sync 1 DAGs
[2025-02-25T20:07:14.040+0000] {logging_mixin.py:190} INFO - [2025-02-25T20:07:14.040+0000] {dag.py:4180} INFO - Setting next_dagrun for spark_example to None, run_after=None
[2025-02-25T20:07:14.053+0000] {processor.py:208} INFO - Processing /opt/airflow/dags/spark_example.py took 0.057 seconds
[2025-02-25T20:07:44.352+0000] {processor.py:186} INFO - Started process (PID=269) to work on /opt/airflow/dags/spark_example.py
[2025-02-25T20:07:44.361+0000] {processor.py:914} INFO - Processing file /opt/airflow/dags/spark_example.py for tasks to queue
[2025-02-25T20:07:44.363+0000] {logging_mixin.py:190} INFO - [2025-02-25T20:07:44.363+0000] {dagbag.py:588} INFO - Filling up the DagBag from /opt/airflow/dags/spark_example.py
[2025-02-25T20:07:44.368+0000] {processor.py:925} INFO - DAG(s) 'spark_example' retrieved from /opt/airflow/dags/spark_example.py
[2025-02-25T20:07:44.388+0000] {logging_mixin.py:190} INFO - [2025-02-25T20:07:44.388+0000] {dag.py:3239} INFO - Sync 1 DAGs
[2025-02-25T20:07:44.399+0000] {logging_mixin.py:190} INFO - [2025-02-25T20:07:44.399+0000] {dag.py:4180} INFO - Setting next_dagrun for spark_example to None, run_after=None
[2025-02-25T20:07:44.413+0000] {processor.py:208} INFO - Processing /opt/airflow/dags/spark_example.py took 0.066 seconds
