[2025-02-13T20:51:26.755+0000] {processor.py:186} INFO - Started process (PID=31) to work on /opt/airflow/dags/spark_example.py
[2025-02-13T20:51:26.756+0000] {processor.py:914} INFO - Processing file /opt/airflow/dags/spark_example.py for tasks to queue
[2025-02-13T20:51:26.758+0000] {logging_mixin.py:190} INFO - [2025-02-13T20:51:26.757+0000] {dagbag.py:588} INFO - Filling up the DagBag from /opt/airflow/dags/spark_example.py
[2025-02-13T20:51:26.773+0000] {processor.py:925} INFO - DAG(s) 'spark_example' retrieved from /opt/airflow/dags/spark_example.py
[2025-02-13T20:51:26.810+0000] {logging_mixin.py:190} INFO - [2025-02-13T20:51:26.809+0000] {dag.py:3239} INFO - Sync 1 DAGs
[2025-02-13T20:51:26.848+0000] {logging_mixin.py:190} INFO - [2025-02-13T20:51:26.848+0000] {dag.py:4180} INFO - Setting next_dagrun for spark_example to None, run_after=None
[2025-02-13T20:51:26.903+0000] {processor.py:208} INFO - Processing /opt/airflow/dags/spark_example.py took 0.159 seconds
[2025-02-13T20:51:57.518+0000] {processor.py:186} INFO - Started process (PID=39) to work on /opt/airflow/dags/spark_example.py
[2025-02-13T20:51:57.519+0000] {processor.py:914} INFO - Processing file /opt/airflow/dags/spark_example.py for tasks to queue
[2025-02-13T20:51:57.520+0000] {logging_mixin.py:190} INFO - [2025-02-13T20:51:57.520+0000] {dagbag.py:588} INFO - Filling up the DagBag from /opt/airflow/dags/spark_example.py
[2025-02-13T20:51:57.525+0000] {processor.py:925} INFO - DAG(s) 'spark_example' retrieved from /opt/airflow/dags/spark_example.py
[2025-02-13T20:51:57.551+0000] {logging_mixin.py:190} INFO - [2025-02-13T20:51:57.551+0000] {dag.py:3239} INFO - Sync 1 DAGs
[2025-02-13T20:51:57.566+0000] {logging_mixin.py:190} INFO - [2025-02-13T20:51:57.566+0000] {dag.py:4180} INFO - Setting next_dagrun for spark_example to None, run_after=None
[2025-02-13T20:51:57.583+0000] {processor.py:208} INFO - Processing /opt/airflow/dags/spark_example.py took 0.069 seconds
[2025-02-13T20:52:27.880+0000] {processor.py:186} INFO - Started process (PID=48) to work on /opt/airflow/dags/spark_example.py
[2025-02-13T20:52:27.881+0000] {processor.py:914} INFO - Processing file /opt/airflow/dags/spark_example.py for tasks to queue
[2025-02-13T20:52:27.883+0000] {logging_mixin.py:190} INFO - [2025-02-13T20:52:27.882+0000] {dagbag.py:588} INFO - Filling up the DagBag from /opt/airflow/dags/spark_example.py
[2025-02-13T20:52:27.888+0000] {processor.py:925} INFO - DAG(s) 'spark_example' retrieved from /opt/airflow/dags/spark_example.py
[2025-02-13T20:52:27.912+0000] {logging_mixin.py:190} INFO - [2025-02-13T20:52:27.912+0000] {dag.py:3239} INFO - Sync 1 DAGs
[2025-02-13T20:52:27.927+0000] {logging_mixin.py:190} INFO - [2025-02-13T20:52:27.927+0000] {dag.py:4180} INFO - Setting next_dagrun for spark_example to None, run_after=None
[2025-02-13T20:52:27.942+0000] {processor.py:208} INFO - Processing /opt/airflow/dags/spark_example.py took 0.067 seconds
[2025-02-13T20:52:58.348+0000] {processor.py:186} INFO - Started process (PID=57) to work on /opt/airflow/dags/spark_example.py
[2025-02-13T20:52:58.349+0000] {processor.py:914} INFO - Processing file /opt/airflow/dags/spark_example.py for tasks to queue
[2025-02-13T20:52:58.350+0000] {logging_mixin.py:190} INFO - [2025-02-13T20:52:58.350+0000] {dagbag.py:588} INFO - Filling up the DagBag from /opt/airflow/dags/spark_example.py
[2025-02-13T20:52:58.356+0000] {processor.py:925} INFO - DAG(s) 'spark_example' retrieved from /opt/airflow/dags/spark_example.py
[2025-02-13T20:52:58.379+0000] {logging_mixin.py:190} INFO - [2025-02-13T20:52:58.378+0000] {dag.py:3239} INFO - Sync 1 DAGs
[2025-02-13T20:52:58.390+0000] {logging_mixin.py:190} INFO - [2025-02-13T20:52:58.390+0000] {dag.py:4180} INFO - Setting next_dagrun for spark_example to None, run_after=None
[2025-02-13T20:52:58.404+0000] {processor.py:208} INFO - Processing /opt/airflow/dags/spark_example.py took 0.061 seconds
[2025-02-13T20:53:28.806+0000] {processor.py:186} INFO - Started process (PID=66) to work on /opt/airflow/dags/spark_example.py
[2025-02-13T20:53:28.809+0000] {processor.py:914} INFO - Processing file /opt/airflow/dags/spark_example.py for tasks to queue
[2025-02-13T20:53:28.811+0000] {logging_mixin.py:190} INFO - [2025-02-13T20:53:28.811+0000] {dagbag.py:588} INFO - Filling up the DagBag from /opt/airflow/dags/spark_example.py
[2025-02-13T20:53:28.816+0000] {processor.py:925} INFO - DAG(s) 'spark_example' retrieved from /opt/airflow/dags/spark_example.py
[2025-02-13T20:53:28.836+0000] {logging_mixin.py:190} INFO - [2025-02-13T20:53:28.836+0000] {dag.py:3239} INFO - Sync 1 DAGs
[2025-02-13T20:53:28.848+0000] {logging_mixin.py:190} INFO - [2025-02-13T20:53:28.848+0000] {dag.py:4180} INFO - Setting next_dagrun for spark_example to None, run_after=None
[2025-02-13T20:53:28.973+0000] {processor.py:208} INFO - Processing /opt/airflow/dags/spark_example.py took 0.173 seconds
[2025-02-13T20:53:59.350+0000] {processor.py:186} INFO - Started process (PID=75) to work on /opt/airflow/dags/spark_example.py
[2025-02-13T20:53:59.350+0000] {processor.py:914} INFO - Processing file /opt/airflow/dags/spark_example.py for tasks to queue
[2025-02-13T20:53:59.352+0000] {logging_mixin.py:190} INFO - [2025-02-13T20:53:59.352+0000] {dagbag.py:588} INFO - Filling up the DagBag from /opt/airflow/dags/spark_example.py
[2025-02-13T20:53:59.357+0000] {processor.py:925} INFO - DAG(s) 'spark_example' retrieved from /opt/airflow/dags/spark_example.py
[2025-02-13T20:53:59.382+0000] {logging_mixin.py:190} INFO - [2025-02-13T20:53:59.382+0000] {dag.py:3239} INFO - Sync 1 DAGs
[2025-02-13T20:53:59.520+0000] {logging_mixin.py:190} INFO - [2025-02-13T20:53:59.519+0000] {dag.py:4180} INFO - Setting next_dagrun for spark_example to None, run_after=None
[2025-02-13T20:53:59.533+0000] {processor.py:208} INFO - Processing /opt/airflow/dags/spark_example.py took 0.188 seconds
[2025-02-13T20:54:29.834+0000] {processor.py:186} INFO - Started process (PID=84) to work on /opt/airflow/dags/spark_example.py
[2025-02-13T20:54:29.842+0000] {processor.py:914} INFO - Processing file /opt/airflow/dags/spark_example.py for tasks to queue
[2025-02-13T20:54:29.844+0000] {logging_mixin.py:190} INFO - [2025-02-13T20:54:29.843+0000] {dagbag.py:588} INFO - Filling up the DagBag from /opt/airflow/dags/spark_example.py
[2025-02-13T20:54:29.849+0000] {processor.py:925} INFO - DAG(s) 'spark_example' retrieved from /opt/airflow/dags/spark_example.py
[2025-02-13T20:54:29.992+0000] {logging_mixin.py:190} INFO - [2025-02-13T20:54:29.991+0000] {dag.py:3239} INFO - Sync 1 DAGs
[2025-02-13T20:54:30.002+0000] {logging_mixin.py:190} INFO - [2025-02-13T20:54:30.002+0000] {dag.py:4180} INFO - Setting next_dagrun for spark_example to None, run_after=None
[2025-02-13T20:54:30.017+0000] {processor.py:208} INFO - Processing /opt/airflow/dags/spark_example.py took 0.188 seconds
[2025-02-13T20:55:00.296+0000] {processor.py:186} INFO - Started process (PID=93) to work on /opt/airflow/dags/spark_example.py
[2025-02-13T20:55:00.296+0000] {processor.py:914} INFO - Processing file /opt/airflow/dags/spark_example.py for tasks to queue
[2025-02-13T20:55:00.298+0000] {logging_mixin.py:190} INFO - [2025-02-13T20:55:00.298+0000] {dagbag.py:588} INFO - Filling up the DagBag from /opt/airflow/dags/spark_example.py
[2025-02-13T20:55:00.303+0000] {processor.py:925} INFO - DAG(s) 'spark_example' retrieved from /opt/airflow/dags/spark_example.py
[2025-02-13T20:55:00.327+0000] {logging_mixin.py:190} INFO - [2025-02-13T20:55:00.327+0000] {dag.py:3239} INFO - Sync 1 DAGs
[2025-02-13T20:55:00.343+0000] {logging_mixin.py:190} INFO - [2025-02-13T20:55:00.342+0000] {dag.py:4180} INFO - Setting next_dagrun for spark_example to None, run_after=None
[2025-02-13T20:55:00.360+0000] {processor.py:208} INFO - Processing /opt/airflow/dags/spark_example.py took 0.069 seconds
[2025-02-13T20:55:30.657+0000] {processor.py:186} INFO - Started process (PID=102) to work on /opt/airflow/dags/spark_example.py
[2025-02-13T20:55:30.665+0000] {processor.py:914} INFO - Processing file /opt/airflow/dags/spark_example.py for tasks to queue
[2025-02-13T20:55:30.666+0000] {logging_mixin.py:190} INFO - [2025-02-13T20:55:30.666+0000] {dagbag.py:588} INFO - Filling up the DagBag from /opt/airflow/dags/spark_example.py
[2025-02-13T20:55:30.672+0000] {processor.py:925} INFO - DAG(s) 'spark_example' retrieved from /opt/airflow/dags/spark_example.py
[2025-02-13T20:55:30.696+0000] {logging_mixin.py:190} INFO - [2025-02-13T20:55:30.696+0000] {dag.py:3239} INFO - Sync 1 DAGs
[2025-02-13T20:55:30.711+0000] {logging_mixin.py:190} INFO - [2025-02-13T20:55:30.711+0000] {dag.py:4180} INFO - Setting next_dagrun for spark_example to None, run_after=None
[2025-02-13T20:55:30.729+0000] {processor.py:208} INFO - Processing /opt/airflow/dags/spark_example.py took 0.077 seconds
[2025-02-13T20:56:01.019+0000] {processor.py:186} INFO - Started process (PID=111) to work on /opt/airflow/dags/spark_example.py
[2025-02-13T20:56:01.020+0000] {processor.py:914} INFO - Processing file /opt/airflow/dags/spark_example.py for tasks to queue
[2025-02-13T20:56:01.021+0000] {logging_mixin.py:190} INFO - [2025-02-13T20:56:01.021+0000] {dagbag.py:588} INFO - Filling up the DagBag from /opt/airflow/dags/spark_example.py
[2025-02-13T20:56:01.027+0000] {processor.py:925} INFO - DAG(s) 'spark_example' retrieved from /opt/airflow/dags/spark_example.py
[2025-02-13T20:56:01.047+0000] {logging_mixin.py:190} INFO - [2025-02-13T20:56:01.047+0000] {dag.py:3239} INFO - Sync 1 DAGs
[2025-02-13T20:56:01.059+0000] {logging_mixin.py:190} INFO - [2025-02-13T20:56:01.059+0000] {dag.py:4180} INFO - Setting next_dagrun for spark_example to None, run_after=None
[2025-02-13T20:56:01.074+0000] {processor.py:208} INFO - Processing /opt/airflow/dags/spark_example.py took 0.059 seconds
[2025-02-13T20:56:31.370+0000] {processor.py:186} INFO - Started process (PID=120) to work on /opt/airflow/dags/spark_example.py
[2025-02-13T20:56:31.372+0000] {processor.py:914} INFO - Processing file /opt/airflow/dags/spark_example.py for tasks to queue
[2025-02-13T20:56:31.373+0000] {logging_mixin.py:190} INFO - [2025-02-13T20:56:31.373+0000] {dagbag.py:588} INFO - Filling up the DagBag from /opt/airflow/dags/spark_example.py
[2025-02-13T20:56:31.379+0000] {processor.py:925} INFO - DAG(s) 'spark_example' retrieved from /opt/airflow/dags/spark_example.py
[2025-02-13T20:56:31.400+0000] {logging_mixin.py:190} INFO - [2025-02-13T20:56:31.399+0000] {dag.py:3239} INFO - Sync 1 DAGs
[2025-02-13T20:56:31.413+0000] {logging_mixin.py:190} INFO - [2025-02-13T20:56:31.412+0000] {dag.py:4180} INFO - Setting next_dagrun for spark_example to None, run_after=None
[2025-02-13T20:56:31.427+0000] {processor.py:208} INFO - Processing /opt/airflow/dags/spark_example.py took 0.062 seconds
[2025-02-13T20:57:01.729+0000] {processor.py:186} INFO - Started process (PID=129) to work on /opt/airflow/dags/spark_example.py
[2025-02-13T20:57:01.729+0000] {processor.py:914} INFO - Processing file /opt/airflow/dags/spark_example.py for tasks to queue
[2025-02-13T20:57:01.731+0000] {logging_mixin.py:190} INFO - [2025-02-13T20:57:01.731+0000] {dagbag.py:588} INFO - Filling up the DagBag from /opt/airflow/dags/spark_example.py
[2025-02-13T20:57:01.739+0000] {processor.py:925} INFO - DAG(s) 'spark_example' retrieved from /opt/airflow/dags/spark_example.py
[2025-02-13T20:57:01.776+0000] {logging_mixin.py:190} INFO - [2025-02-13T20:57:01.776+0000] {dag.py:3239} INFO - Sync 1 DAGs
[2025-02-13T20:57:01.809+0000] {logging_mixin.py:190} INFO - [2025-02-13T20:57:01.809+0000] {dag.py:4180} INFO - Setting next_dagrun for spark_example to None, run_after=None
[2025-02-13T20:57:01.841+0000] {processor.py:208} INFO - Processing /opt/airflow/dags/spark_example.py took 0.119 seconds
[2025-02-13T20:57:32.208+0000] {processor.py:186} INFO - Started process (PID=139) to work on /opt/airflow/dags/spark_example.py
[2025-02-13T20:57:32.213+0000] {processor.py:914} INFO - Processing file /opt/airflow/dags/spark_example.py for tasks to queue
[2025-02-13T20:57:32.215+0000] {logging_mixin.py:190} INFO - [2025-02-13T20:57:32.214+0000] {dagbag.py:588} INFO - Filling up the DagBag from /opt/airflow/dags/spark_example.py
[2025-02-13T20:57:32.220+0000] {processor.py:925} INFO - DAG(s) 'spark_example' retrieved from /opt/airflow/dags/spark_example.py
[2025-02-13T20:57:32.240+0000] {logging_mixin.py:190} INFO - [2025-02-13T20:57:32.240+0000] {dag.py:3239} INFO - Sync 1 DAGs
[2025-02-13T20:57:32.252+0000] {logging_mixin.py:190} INFO - [2025-02-13T20:57:32.251+0000] {dag.py:4180} INFO - Setting next_dagrun for spark_example to None, run_after=None
[2025-02-13T20:57:32.266+0000] {processor.py:208} INFO - Processing /opt/airflow/dags/spark_example.py took 0.065 seconds
[2025-02-13T20:58:02.657+0000] {processor.py:186} INFO - Started process (PID=147) to work on /opt/airflow/dags/spark_example.py
[2025-02-13T20:58:02.658+0000] {processor.py:914} INFO - Processing file /opt/airflow/dags/spark_example.py for tasks to queue
[2025-02-13T20:58:02.659+0000] {logging_mixin.py:190} INFO - [2025-02-13T20:58:02.659+0000] {dagbag.py:588} INFO - Filling up the DagBag from /opt/airflow/dags/spark_example.py
[2025-02-13T20:58:02.665+0000] {processor.py:925} INFO - DAG(s) 'spark_example' retrieved from /opt/airflow/dags/spark_example.py
[2025-02-13T20:58:02.684+0000] {logging_mixin.py:190} INFO - [2025-02-13T20:58:02.684+0000] {dag.py:3239} INFO - Sync 1 DAGs
[2025-02-13T20:58:02.697+0000] {logging_mixin.py:190} INFO - [2025-02-13T20:58:02.697+0000] {dag.py:4180} INFO - Setting next_dagrun for spark_example to None, run_after=None
[2025-02-13T20:58:02.711+0000] {processor.py:208} INFO - Processing /opt/airflow/dags/spark_example.py took 0.060 seconds
[2025-02-13T20:58:33.106+0000] {processor.py:186} INFO - Started process (PID=156) to work on /opt/airflow/dags/spark_example.py
[2025-02-13T20:58:33.110+0000] {processor.py:914} INFO - Processing file /opt/airflow/dags/spark_example.py for tasks to queue
[2025-02-13T20:58:33.112+0000] {logging_mixin.py:190} INFO - [2025-02-13T20:58:33.112+0000] {dagbag.py:588} INFO - Filling up the DagBag from /opt/airflow/dags/spark_example.py
[2025-02-13T20:58:33.118+0000] {processor.py:925} INFO - DAG(s) 'spark_example' retrieved from /opt/airflow/dags/spark_example.py
[2025-02-13T20:58:33.142+0000] {logging_mixin.py:190} INFO - [2025-02-13T20:58:33.142+0000] {dag.py:3239} INFO - Sync 1 DAGs
[2025-02-13T20:58:33.158+0000] {logging_mixin.py:190} INFO - [2025-02-13T20:58:33.157+0000] {dag.py:4180} INFO - Setting next_dagrun for spark_example to None, run_after=None
[2025-02-13T20:58:33.175+0000] {processor.py:208} INFO - Processing /opt/airflow/dags/spark_example.py took 0.074 seconds
[2025-02-13T20:59:03.472+0000] {processor.py:186} INFO - Started process (PID=165) to work on /opt/airflow/dags/spark_example.py
[2025-02-13T20:59:03.472+0000] {processor.py:914} INFO - Processing file /opt/airflow/dags/spark_example.py for tasks to queue
[2025-02-13T20:59:03.474+0000] {logging_mixin.py:190} INFO - [2025-02-13T20:59:03.473+0000] {dagbag.py:588} INFO - Filling up the DagBag from /opt/airflow/dags/spark_example.py
[2025-02-13T20:59:03.479+0000] {processor.py:925} INFO - DAG(s) 'spark_example' retrieved from /opt/airflow/dags/spark_example.py
[2025-02-13T20:59:03.503+0000] {logging_mixin.py:190} INFO - [2025-02-13T20:59:03.503+0000] {dag.py:3239} INFO - Sync 1 DAGs
[2025-02-13T20:59:03.519+0000] {logging_mixin.py:190} INFO - [2025-02-13T20:59:03.518+0000] {dag.py:4180} INFO - Setting next_dagrun for spark_example to None, run_after=None
[2025-02-13T20:59:03.536+0000] {processor.py:208} INFO - Processing /opt/airflow/dags/spark_example.py took 0.069 seconds
[2025-02-13T20:59:33.837+0000] {processor.py:186} INFO - Started process (PID=174) to work on /opt/airflow/dags/spark_example.py
[2025-02-13T20:59:33.839+0000] {processor.py:914} INFO - Processing file /opt/airflow/dags/spark_example.py for tasks to queue
[2025-02-13T20:59:33.841+0000] {logging_mixin.py:190} INFO - [2025-02-13T20:59:33.840+0000] {dagbag.py:588} INFO - Filling up the DagBag from /opt/airflow/dags/spark_example.py
[2025-02-13T20:59:33.848+0000] {processor.py:925} INFO - DAG(s) 'spark_example' retrieved from /opt/airflow/dags/spark_example.py
[2025-02-13T20:59:33.869+0000] {logging_mixin.py:190} INFO - [2025-02-13T20:59:33.869+0000] {dag.py:3239} INFO - Sync 1 DAGs
[2025-02-13T20:59:33.881+0000] {logging_mixin.py:190} INFO - [2025-02-13T20:59:33.880+0000] {dag.py:4180} INFO - Setting next_dagrun for spark_example to None, run_after=None
[2025-02-13T20:59:33.895+0000] {processor.py:208} INFO - Processing /opt/airflow/dags/spark_example.py took 0.063 seconds
[2025-02-13T21:00:04.198+0000] {processor.py:186} INFO - Started process (PID=182) to work on /opt/airflow/dags/spark_example.py
[2025-02-13T21:00:04.199+0000] {processor.py:914} INFO - Processing file /opt/airflow/dags/spark_example.py for tasks to queue
[2025-02-13T21:00:04.200+0000] {logging_mixin.py:190} INFO - [2025-02-13T21:00:04.200+0000] {dagbag.py:588} INFO - Filling up the DagBag from /opt/airflow/dags/spark_example.py
[2025-02-13T21:00:04.206+0000] {processor.py:925} INFO - DAG(s) 'spark_example' retrieved from /opt/airflow/dags/spark_example.py
[2025-02-13T21:00:04.226+0000] {logging_mixin.py:190} INFO - [2025-02-13T21:00:04.225+0000] {dag.py:3239} INFO - Sync 1 DAGs
[2025-02-13T21:00:04.237+0000] {logging_mixin.py:190} INFO - [2025-02-13T21:00:04.237+0000] {dag.py:4180} INFO - Setting next_dagrun for spark_example to None, run_after=None
[2025-02-13T21:00:04.252+0000] {processor.py:208} INFO - Processing /opt/airflow/dags/spark_example.py took 0.058 seconds
[2025-02-13T21:00:34.552+0000] {processor.py:186} INFO - Started process (PID=191) to work on /opt/airflow/dags/spark_example.py
[2025-02-13T21:00:34.553+0000] {processor.py:914} INFO - Processing file /opt/airflow/dags/spark_example.py for tasks to queue
[2025-02-13T21:00:34.555+0000] {logging_mixin.py:190} INFO - [2025-02-13T21:00:34.554+0000] {dagbag.py:588} INFO - Filling up the DagBag from /opt/airflow/dags/spark_example.py
[2025-02-13T21:00:34.560+0000] {processor.py:925} INFO - DAG(s) 'spark_example' retrieved from /opt/airflow/dags/spark_example.py
[2025-02-13T21:00:34.584+0000] {logging_mixin.py:190} INFO - [2025-02-13T21:00:34.584+0000] {dag.py:3239} INFO - Sync 1 DAGs
[2025-02-13T21:00:34.600+0000] {logging_mixin.py:190} INFO - [2025-02-13T21:00:34.600+0000] {dag.py:4180} INFO - Setting next_dagrun for spark_example to None, run_after=None
[2025-02-13T21:00:34.613+0000] {processor.py:208} INFO - Processing /opt/airflow/dags/spark_example.py took 0.066 seconds
[2025-02-13T21:01:04.915+0000] {processor.py:186} INFO - Started process (PID=200) to work on /opt/airflow/dags/spark_example.py
[2025-02-13T21:01:04.916+0000] {processor.py:914} INFO - Processing file /opt/airflow/dags/spark_example.py for tasks to queue
[2025-02-13T21:01:04.917+0000] {logging_mixin.py:190} INFO - [2025-02-13T21:01:04.917+0000] {dagbag.py:588} INFO - Filling up the DagBag from /opt/airflow/dags/spark_example.py
[2025-02-13T21:01:04.923+0000] {processor.py:925} INFO - DAG(s) 'spark_example' retrieved from /opt/airflow/dags/spark_example.py
[2025-02-13T21:01:04.948+0000] {logging_mixin.py:190} INFO - [2025-02-13T21:01:04.948+0000] {dag.py:3239} INFO - Sync 1 DAGs
[2025-02-13T21:01:04.963+0000] {logging_mixin.py:190} INFO - [2025-02-13T21:01:04.963+0000] {dag.py:4180} INFO - Setting next_dagrun for spark_example to None, run_after=None
[2025-02-13T21:01:04.981+0000] {processor.py:208} INFO - Processing /opt/airflow/dags/spark_example.py took 0.072 seconds
[2025-02-13T21:01:35.277+0000] {processor.py:186} INFO - Started process (PID=209) to work on /opt/airflow/dags/spark_example.py
[2025-02-13T21:01:35.279+0000] {processor.py:914} INFO - Processing file /opt/airflow/dags/spark_example.py for tasks to queue
[2025-02-13T21:01:35.281+0000] {logging_mixin.py:190} INFO - [2025-02-13T21:01:35.280+0000] {dagbag.py:588} INFO - Filling up the DagBag from /opt/airflow/dags/spark_example.py
[2025-02-13T21:01:35.286+0000] {processor.py:925} INFO - DAG(s) 'spark_example' retrieved from /opt/airflow/dags/spark_example.py
[2025-02-13T21:01:35.310+0000] {logging_mixin.py:190} INFO - [2025-02-13T21:01:35.310+0000] {dag.py:3239} INFO - Sync 1 DAGs
[2025-02-13T21:01:35.326+0000] {logging_mixin.py:190} INFO - [2025-02-13T21:01:35.325+0000] {dag.py:4180} INFO - Setting next_dagrun for spark_example to None, run_after=None
[2025-02-13T21:01:35.343+0000] {processor.py:208} INFO - Processing /opt/airflow/dags/spark_example.py took 0.070 seconds
[2025-02-13T21:02:05.651+0000] {processor.py:186} INFO - Started process (PID=224) to work on /opt/airflow/dags/spark_example.py
[2025-02-13T21:02:05.651+0000] {processor.py:914} INFO - Processing file /opt/airflow/dags/spark_example.py for tasks to queue
[2025-02-13T21:02:05.653+0000] {logging_mixin.py:190} INFO - [2025-02-13T21:02:05.653+0000] {dagbag.py:588} INFO - Filling up the DagBag from /opt/airflow/dags/spark_example.py
[2025-02-13T21:02:05.658+0000] {processor.py:925} INFO - DAG(s) 'spark_example' retrieved from /opt/airflow/dags/spark_example.py
[2025-02-13T21:02:05.678+0000] {logging_mixin.py:190} INFO - [2025-02-13T21:02:05.678+0000] {dag.py:3239} INFO - Sync 1 DAGs
[2025-02-13T21:02:05.690+0000] {logging_mixin.py:190} INFO - [2025-02-13T21:02:05.689+0000] {dag.py:4180} INFO - Setting next_dagrun for spark_example to None, run_after=None
[2025-02-13T21:02:05.704+0000] {processor.py:208} INFO - Processing /opt/airflow/dags/spark_example.py took 0.059 seconds
[2025-02-13T21:02:35.995+0000] {processor.py:186} INFO - Started process (PID=233) to work on /opt/airflow/dags/spark_example.py
[2025-02-13T21:02:35.996+0000] {processor.py:914} INFO - Processing file /opt/airflow/dags/spark_example.py for tasks to queue
[2025-02-13T21:02:35.998+0000] {logging_mixin.py:190} INFO - [2025-02-13T21:02:35.998+0000] {dagbag.py:588} INFO - Filling up the DagBag from /opt/airflow/dags/spark_example.py
[2025-02-13T21:02:36.003+0000] {processor.py:925} INFO - DAG(s) 'spark_example' retrieved from /opt/airflow/dags/spark_example.py
[2025-02-13T21:02:36.027+0000] {logging_mixin.py:190} INFO - [2025-02-13T21:02:36.027+0000] {dag.py:3239} INFO - Sync 1 DAGs
[2025-02-13T21:02:36.043+0000] {logging_mixin.py:190} INFO - [2025-02-13T21:02:36.042+0000] {dag.py:4180} INFO - Setting next_dagrun for spark_example to None, run_after=None
[2025-02-13T21:02:36.058+0000] {processor.py:208} INFO - Processing /opt/airflow/dags/spark_example.py took 0.068 seconds
[2025-02-13T21:03:06.361+0000] {processor.py:186} INFO - Started process (PID=242) to work on /opt/airflow/dags/spark_example.py
[2025-02-13T21:03:06.361+0000] {processor.py:914} INFO - Processing file /opt/airflow/dags/spark_example.py for tasks to queue
[2025-02-13T21:03:06.364+0000] {logging_mixin.py:190} INFO - [2025-02-13T21:03:06.363+0000] {dagbag.py:588} INFO - Filling up the DagBag from /opt/airflow/dags/spark_example.py
[2025-02-13T21:03:06.372+0000] {processor.py:925} INFO - DAG(s) 'spark_example' retrieved from /opt/airflow/dags/spark_example.py
[2025-02-13T21:03:06.399+0000] {logging_mixin.py:190} INFO - [2025-02-13T21:03:06.399+0000] {dag.py:3239} INFO - Sync 1 DAGs
[2025-02-13T21:03:06.416+0000] {logging_mixin.py:190} INFO - [2025-02-13T21:03:06.416+0000] {dag.py:4180} INFO - Setting next_dagrun for spark_example to None, run_after=None
[2025-02-13T21:03:06.434+0000] {processor.py:208} INFO - Processing /opt/airflow/dags/spark_example.py took 0.080 seconds
