[2024-12-28T18:23:57.562+0000] {local_task_job_runner.py:123} INFO - ::group::Pre task execution logs
[2024-12-28T18:23:57.575+0000] {taskinstance.py:2613} INFO - Dependencies all met for dep_context=non-requeueable deps ti=<TaskInstance: spark_clickhouse_example.spark_submit_job manual__2024-12-28T18:23:56.496287+00:00 [queued]>
[2024-12-28T18:23:57.582+0000] {taskinstance.py:2613} INFO - Dependencies all met for dep_context=requeueable deps ti=<TaskInstance: spark_clickhouse_example.spark_submit_job manual__2024-12-28T18:23:56.496287+00:00 [queued]>
[2024-12-28T18:23:57.583+0000] {taskinstance.py:2866} INFO - Starting attempt 1 of 1
[2024-12-28T18:23:57.593+0000] {taskinstance.py:2889} INFO - Executing <Task(SparkSubmitOperator): spark_submit_job> on 2024-12-28 18:23:56.496287+00:00
[2024-12-28T18:23:57.599+0000] {warnings.py:112} WARNING - /home/***/.local/lib/python3.12/site-packages/***/task/task_runner/standard_task_runner.py:70: DeprecationWarning: This process (pid=180) is multi-threaded, use of fork() may lead to deadlocks in the child.
  pid = os.fork()

[2024-12-28T18:23:57.601+0000] {standard_task_runner.py:72} INFO - Started process 181 to run task
[2024-12-28T18:23:57.601+0000] {standard_task_runner.py:104} INFO - Running: ['***', 'tasks', 'run', 'spark_clickhouse_example', 'spark_submit_job', 'manual__2024-12-28T18:23:56.496287+00:00', '--job-id', '7', '--raw', '--subdir', 'DAGS_FOLDER/test_spark_clickhouse.py', '--cfg-path', '/tmp/tmpfjd7kmmb']
[2024-12-28T18:23:57.602+0000] {standard_task_runner.py:105} INFO - Job 7: Subtask spark_submit_job
[2024-12-28T18:23:57.635+0000] {task_command.py:467} INFO - Running <TaskInstance: spark_clickhouse_example.spark_submit_job manual__2024-12-28T18:23:56.496287+00:00 [running]> on host 471d7521a401
[2024-12-28T18:23:57.699+0000] {taskinstance.py:3132} INFO - Exporting env vars: AIRFLOW_CTX_DAG_OWNER='TKO' AIRFLOW_CTX_DAG_ID='spark_clickhouse_example' AIRFLOW_CTX_TASK_ID='spark_submit_job' AIRFLOW_CTX_EXECUTION_DATE='2024-12-28T18:23:56.496287+00:00' AIRFLOW_CTX_TRY_NUMBER='1' AIRFLOW_CTX_DAG_RUN_ID='manual__2024-12-28T18:23:56.496287+00:00'
[2024-12-28T18:23:57.700+0000] {taskinstance.py:731} INFO - ::endgroup::
[2024-12-28T18:23:57.709+0000] {base.py:84} INFO - Retrieving connection 'spark'
[2024-12-28T18:23:57.710+0000] {spark_submit.py:327} ERROR - Failed to decode base64 keytab: Incorrect padding
[2024-12-28T18:23:57.711+0000] {spark_submit.py:304} INFO - Could not load connection string spark, defaulting to spark://spark-master:7077
[2024-12-28T18:23:57.712+0000] {spark_submit.py:473} INFO - Spark-Submit cmd: spark-submit --master spark://spark-master:7077 --num-executors 1 --total-executor-cores 1 --executor-cores 1 --executor-memory 12g --driver-memory 12g --name arrow-spark --verbose --deploy-mode client dags/spark_app/spark_1.py
[2024-12-28T18:23:59.769+0000] {spark_submit.py:634} INFO - Using properties file: null
[2024-12-28T18:23:59.872+0000] {spark_submit.py:634} INFO - Parsed arguments:
[2024-12-28T18:23:59.872+0000] {spark_submit.py:634} INFO - master                  spark://spark-master:7077
[2024-12-28T18:23:59.873+0000] {spark_submit.py:634} INFO - remote                  null
[2024-12-28T18:23:59.873+0000] {spark_submit.py:634} INFO - deployMode              client
[2024-12-28T18:23:59.873+0000] {spark_submit.py:634} INFO - executorMemory          12g
[2024-12-28T18:23:59.873+0000] {spark_submit.py:634} INFO - executorCores           1
[2024-12-28T18:23:59.873+0000] {spark_submit.py:634} INFO - totalExecutorCores      1
[2024-12-28T18:23:59.874+0000] {spark_submit.py:634} INFO - propertiesFile          null
[2024-12-28T18:23:59.874+0000] {spark_submit.py:634} INFO - driverMemory            12g
[2024-12-28T18:23:59.874+0000] {spark_submit.py:634} INFO - driverCores             null
[2024-12-28T18:23:59.874+0000] {spark_submit.py:634} INFO - driverExtraClassPath    null
[2024-12-28T18:23:59.874+0000] {spark_submit.py:634} INFO - driverExtraLibraryPath  null
[2024-12-28T18:23:59.875+0000] {spark_submit.py:634} INFO - driverExtraJavaOptions  null
[2024-12-28T18:23:59.875+0000] {spark_submit.py:634} INFO - supervise               false
[2024-12-28T18:23:59.875+0000] {spark_submit.py:634} INFO - queue                   null
[2024-12-28T18:23:59.875+0000] {spark_submit.py:634} INFO - numExecutors            1
[2024-12-28T18:23:59.875+0000] {spark_submit.py:634} INFO - files                   null
[2024-12-28T18:23:59.876+0000] {spark_submit.py:634} INFO - pyFiles                 null
[2024-12-28T18:23:59.876+0000] {spark_submit.py:634} INFO - archives                null
[2024-12-28T18:23:59.876+0000] {spark_submit.py:634} INFO - mainClass               null
[2024-12-28T18:23:59.876+0000] {spark_submit.py:634} INFO - primaryResource         file:/opt/***/dags/spark_app/spark_1.py
[2024-12-28T18:23:59.876+0000] {spark_submit.py:634} INFO - name                    arrow-spark
[2024-12-28T18:23:59.877+0000] {spark_submit.py:634} INFO - childArgs               []
[2024-12-28T18:23:59.877+0000] {spark_submit.py:634} INFO - jars                    null
[2024-12-28T18:23:59.877+0000] {spark_submit.py:634} INFO - packages                null
[2024-12-28T18:23:59.877+0000] {spark_submit.py:634} INFO - packagesExclusions      null
[2024-12-28T18:23:59.877+0000] {spark_submit.py:634} INFO - repositories            null
[2024-12-28T18:23:59.878+0000] {spark_submit.py:634} INFO - verbose                 true
[2024-12-28T18:23:59.878+0000] {spark_submit.py:634} INFO - 
[2024-12-28T18:23:59.878+0000] {spark_submit.py:634} INFO - Spark properties used, including those specified through
[2024-12-28T18:23:59.878+0000] {spark_submit.py:634} INFO - --conf and those from the properties file null:
[2024-12-28T18:23:59.878+0000] {spark_submit.py:634} INFO - (spark.driver.memory,12g)
[2024-12-28T18:23:59.878+0000] {spark_submit.py:634} INFO - 
[2024-12-28T18:23:59.879+0000] {spark_submit.py:634} INFO - 
[2024-12-28T18:24:00.192+0000] {spark_submit.py:634} INFO - Main class:
[2024-12-28T18:24:00.193+0000] {spark_submit.py:634} INFO - org.apache.spark.deploy.PythonRunner
[2024-12-28T18:24:00.193+0000] {spark_submit.py:634} INFO - Arguments:
[2024-12-28T18:24:00.193+0000] {spark_submit.py:634} INFO - file:/opt/***/dags/spark_app/spark_1.py
[2024-12-28T18:24:00.193+0000] {spark_submit.py:634} INFO - null
[2024-12-28T18:24:00.196+0000] {spark_submit.py:634} INFO - Spark config:
[2024-12-28T18:24:00.197+0000] {spark_submit.py:634} INFO - (spark.app.name,arrow-spark)
[2024-12-28T18:24:00.197+0000] {spark_submit.py:634} INFO - (spark.app.submitTime,1735410240170)
[2024-12-28T18:24:00.197+0000] {spark_submit.py:634} INFO - (spark.cores.max,1)
[2024-12-28T18:24:00.197+0000] {spark_submit.py:634} INFO - (spark.driver.memory,12g)
[2024-12-28T18:24:00.197+0000] {spark_submit.py:634} INFO - (spark.executor.cores,1)
[2024-12-28T18:24:00.198+0000] {spark_submit.py:634} INFO - (spark.executor.memory,12g)
[2024-12-28T18:24:00.198+0000] {spark_submit.py:634} INFO - (spark.master,spark://spark-master:7077)
[2024-12-28T18:24:00.198+0000] {spark_submit.py:634} INFO - (spark.submit.deployMode,client)
[2024-12-28T18:24:00.198+0000] {spark_submit.py:634} INFO - (spark.submit.pyFiles,)
[2024-12-28T18:24:00.198+0000] {spark_submit.py:634} INFO - Classpath elements:
[2024-12-28T18:24:00.198+0000] {spark_submit.py:634} INFO - 
[2024-12-28T18:24:00.199+0000] {spark_submit.py:634} INFO - 
[2024-12-28T18:24:00.199+0000] {spark_submit.py:634} INFO - 
[2024-12-28T18:24:01.304+0000] {spark_submit.py:634} INFO - 24/12/28 18:24:01 INFO SparkContext: Running Spark version 3.5.4
[2024-12-28T18:24:01.306+0000] {spark_submit.py:634} INFO - 24/12/28 18:24:01 INFO SparkContext: OS info Linux, 5.10.0-33-cloud-amd64, amd64
[2024-12-28T18:24:01.306+0000] {spark_submit.py:634} INFO - 24/12/28 18:24:01 INFO SparkContext: Java version 17.0.13
[2024-12-28T18:24:01.383+0000] {spark_submit.py:634} INFO - 24/12/28 18:24:01 WARN NativeCodeLoader: Unable to load native-hadoop library for your platform... using builtin-java classes where applicable
[2024-12-28T18:24:01.488+0000] {spark_submit.py:634} INFO - 24/12/28 18:24:01 INFO ResourceUtils: ==============================================================
[2024-12-28T18:24:01.488+0000] {spark_submit.py:634} INFO - 24/12/28 18:24:01 INFO ResourceUtils: No custom resources configured for spark.driver.
[2024-12-28T18:24:01.489+0000] {spark_submit.py:634} INFO - 24/12/28 18:24:01 INFO ResourceUtils: ==============================================================
[2024-12-28T18:24:01.489+0000] {spark_submit.py:634} INFO - 24/12/28 18:24:01 INFO SparkContext: Submitted application: ExampleJob111
[2024-12-28T18:24:01.514+0000] {spark_submit.py:634} INFO - 24/12/28 18:24:01 INFO ResourceProfile: Default ResourceProfile created, executor resources: Map(cores -> name: cores, amount: 1, script: , vendor: , memory -> name: memory, amount: 12288, script: , vendor: , offHeap -> name: offHeap, amount: 0, script: , vendor: ), task resources: Map(cpus -> name: cpus, amount: 1.0)
[2024-12-28T18:24:01.523+0000] {spark_submit.py:634} INFO - 24/12/28 18:24:01 INFO ResourceProfile: Limiting resource is cpus at 1 tasks per executor
[2024-12-28T18:24:01.525+0000] {spark_submit.py:634} INFO - 24/12/28 18:24:01 INFO ResourceProfileManager: Added ResourceProfile id: 0
[2024-12-28T18:24:01.591+0000] {spark_submit.py:634} INFO - 24/12/28 18:24:01 INFO SecurityManager: Changing view acls to: default
[2024-12-28T18:24:01.592+0000] {spark_submit.py:634} INFO - 24/12/28 18:24:01 INFO SecurityManager: Changing modify acls to: default
[2024-12-28T18:24:01.592+0000] {spark_submit.py:634} INFO - 24/12/28 18:24:01 INFO SecurityManager: Changing view acls groups to:
[2024-12-28T18:24:01.593+0000] {spark_submit.py:634} INFO - 24/12/28 18:24:01 INFO SecurityManager: Changing modify acls groups to:
[2024-12-28T18:24:01.593+0000] {spark_submit.py:634} INFO - 24/12/28 18:24:01 INFO SecurityManager: SecurityManager: authentication disabled; ui acls disabled; users with view permissions: default; groups with view permissions: EMPTY; users with modify permissions: default; groups with modify permissions: EMPTY
[2024-12-28T18:24:01.897+0000] {spark_submit.py:634} INFO - 24/12/28 18:24:01 INFO Utils: Successfully started service 'sparkDriver' on port 42653.
[2024-12-28T18:24:02.000+0000] {spark_submit.py:634} INFO - 24/12/28 18:24:01 INFO SparkEnv: Registering MapOutputTracker
[2024-12-28T18:24:02.057+0000] {spark_submit.py:634} INFO - 24/12/28 18:24:02 INFO SparkEnv: Registering BlockManagerMaster
[2024-12-28T18:24:02.085+0000] {spark_submit.py:634} INFO - 24/12/28 18:24:02 INFO BlockManagerMasterEndpoint: Using org.apache.spark.storage.DefaultTopologyMapper for getting topology information
[2024-12-28T18:24:02.085+0000] {spark_submit.py:634} INFO - 24/12/28 18:24:02 INFO BlockManagerMasterEndpoint: BlockManagerMasterEndpoint up
[2024-12-28T18:24:02.091+0000] {spark_submit.py:634} INFO - 24/12/28 18:24:02 INFO SparkEnv: Registering BlockManagerMasterHeartbeat
[2024-12-28T18:24:02.116+0000] {spark_submit.py:634} INFO - 24/12/28 18:24:02 INFO DiskBlockManager: Created local directory at /tmp/blockmgr-c48dc934-4d6b-4343-adde-7a53c8073f19
[2024-12-28T18:24:02.129+0000] {spark_submit.py:634} INFO - 24/12/28 18:24:02 INFO MemoryStore: MemoryStore started with capacity 7.0 GiB
[2024-12-28T18:24:02.149+0000] {spark_submit.py:634} INFO - 24/12/28 18:24:02 INFO SparkEnv: Registering OutputCommitCoordinator
[2024-12-28T18:24:02.326+0000] {spark_submit.py:634} INFO - 24/12/28 18:24:02 INFO JettyUtils: Start Jetty 0.0.0.0:4040 for SparkUI
[2024-12-28T18:24:02.382+0000] {spark_submit.py:634} INFO - 24/12/28 18:24:02 INFO Utils: Successfully started service 'SparkUI' on port 4040.
[2024-12-28T18:24:02.577+0000] {spark_submit.py:634} INFO - 24/12/28 18:24:02 INFO StandaloneAppClient$ClientEndpoint: Connecting to master spark://spark-master:7077...
[2024-12-28T18:24:02.659+0000] {spark_submit.py:634} INFO - 24/12/28 18:24:02 WARN StandaloneAppClient$ClientEndpoint: Failed to connect to master spark-master:7077
[2024-12-28T18:24:02.660+0000] {spark_submit.py:634} INFO - org.apache.spark.SparkException: Exception thrown in awaitResult:
[2024-12-28T18:24:02.660+0000] {spark_submit.py:634} INFO - at org.apache.spark.util.SparkThreadUtils$.awaitResult(SparkThreadUtils.scala:56)
[2024-12-28T18:24:02.660+0000] {spark_submit.py:634} INFO - at org.apache.spark.util.ThreadUtils$.awaitResult(ThreadUtils.scala:310)
[2024-12-28T18:24:02.660+0000] {spark_submit.py:634} INFO - at org.apache.spark.rpc.RpcTimeout.awaitResult(RpcTimeout.scala:75)
[2024-12-28T18:24:02.660+0000] {spark_submit.py:634} INFO - at org.apache.spark.rpc.RpcEnv.setupEndpointRefByURI(RpcEnv.scala:102)
[2024-12-28T18:24:02.661+0000] {spark_submit.py:634} INFO - at org.apache.spark.rpc.RpcEnv.setupEndpointRef(RpcEnv.scala:110)
[2024-12-28T18:24:02.661+0000] {spark_submit.py:634} INFO - at org.apache.spark.deploy.client.StandaloneAppClient$ClientEndpoint$$anon$1.run(StandaloneAppClient.scala:108)
[2024-12-28T18:24:02.661+0000] {spark_submit.py:634} INFO - at java.base/java.util.concurrent.Executors$RunnableAdapter.call(Executors.java:539)
[2024-12-28T18:24:02.661+0000] {spark_submit.py:634} INFO - at java.base/java.util.concurrent.FutureTask.run(FutureTask.java:264)
[2024-12-28T18:24:02.661+0000] {spark_submit.py:634} INFO - at java.base/java.util.concurrent.ThreadPoolExecutor.runWorker(ThreadPoolExecutor.java:1136)
[2024-12-28T18:24:02.661+0000] {spark_submit.py:634} INFO - at java.base/java.util.concurrent.ThreadPoolExecutor$Worker.run(ThreadPoolExecutor.java:635)
[2024-12-28T18:24:02.662+0000] {spark_submit.py:634} INFO - at java.base/java.lang.Thread.run(Thread.java:840)
[2024-12-28T18:24:02.662+0000] {spark_submit.py:634} INFO - Caused by: java.io.IOException: Failed to connect to spark-master/<unresolved>:7077
[2024-12-28T18:24:02.662+0000] {spark_submit.py:634} INFO - at org.apache.spark.network.client.TransportClientFactory.createClient(TransportClientFactory.java:294)
[2024-12-28T18:24:02.662+0000] {spark_submit.py:634} INFO - at org.apache.spark.network.client.TransportClientFactory.createClient(TransportClientFactory.java:214)
[2024-12-28T18:24:02.662+0000] {spark_submit.py:634} INFO - at org.apache.spark.network.client.TransportClientFactory.createClient(TransportClientFactory.java:226)
[2024-12-28T18:24:02.662+0000] {spark_submit.py:634} INFO - at org.apache.spark.rpc.netty.NettyRpcEnv.createClient(NettyRpcEnv.scala:204)
[2024-12-28T18:24:02.662+0000] {spark_submit.py:634} INFO - at org.apache.spark.rpc.netty.Outbox$$anon$1.call(Outbox.scala:202)
[2024-12-28T18:24:02.663+0000] {spark_submit.py:634} INFO - at org.apache.spark.rpc.netty.Outbox$$anon$1.call(Outbox.scala:198)
[2024-12-28T18:24:02.663+0000] {spark_submit.py:634} INFO - ... 4 more
[2024-12-28T18:24:02.663+0000] {spark_submit.py:634} INFO - Caused by: java.net.UnknownHostException: spark-master
[2024-12-28T18:24:02.663+0000] {spark_submit.py:634} INFO - at java.base/java.net.InetAddress$CachedAddresses.get(InetAddress.java:801)
[2024-12-28T18:24:02.663+0000] {spark_submit.py:634} INFO - at java.base/java.net.InetAddress.getAllByName0(InetAddress.java:1533)
[2024-12-28T18:24:02.663+0000] {spark_submit.py:634} INFO - at java.base/java.net.InetAddress.getAllByName(InetAddress.java:1385)
[2024-12-28T18:24:02.663+0000] {spark_submit.py:634} INFO - at java.base/java.net.InetAddress.getAllByName(InetAddress.java:1306)
[2024-12-28T18:24:02.663+0000] {spark_submit.py:634} INFO - at java.base/java.net.InetAddress.getByName(InetAddress.java:1256)
[2024-12-28T18:24:02.664+0000] {spark_submit.py:634} INFO - at io.netty.util.internal.SocketUtils$8.run(SocketUtils.java:156)
[2024-12-28T18:24:02.664+0000] {spark_submit.py:634} INFO - at io.netty.util.internal.SocketUtils$8.run(SocketUtils.java:153)
[2024-12-28T18:24:02.664+0000] {spark_submit.py:634} INFO - at java.base/java.security.AccessController.doPrivileged(AccessController.java:569)
[2024-12-28T18:24:02.664+0000] {spark_submit.py:634} INFO - at io.netty.util.internal.SocketUtils.addressByName(SocketUtils.java:153)
[2024-12-28T18:24:02.664+0000] {spark_submit.py:634} INFO - at io.netty.resolver.DefaultNameResolver.doResolve(DefaultNameResolver.java:41)
[2024-12-28T18:24:02.664+0000] {spark_submit.py:634} INFO - at io.netty.resolver.SimpleNameResolver.resolve(SimpleNameResolver.java:61)
[2024-12-28T18:24:02.664+0000] {spark_submit.py:634} INFO - at io.netty.resolver.SimpleNameResolver.resolve(SimpleNameResolver.java:53)
[2024-12-28T18:24:02.665+0000] {spark_submit.py:634} INFO - at io.netty.resolver.InetSocketAddressResolver.doResolve(InetSocketAddressResolver.java:55)
[2024-12-28T18:24:02.665+0000] {spark_submit.py:634} INFO - at io.netty.resolver.InetSocketAddressResolver.doResolve(InetSocketAddressResolver.java:31)
[2024-12-28T18:24:02.665+0000] {spark_submit.py:634} INFO - at io.netty.resolver.AbstractAddressResolver.resolve(AbstractAddressResolver.java:106)
[2024-12-28T18:24:02.665+0000] {spark_submit.py:634} INFO - at io.netty.bootstrap.Bootstrap.doResolveAndConnect0(Bootstrap.java:220)
[2024-12-28T18:24:02.665+0000] {spark_submit.py:634} INFO - at io.netty.bootstrap.Bootstrap.access$000(Bootstrap.java:46)
[2024-12-28T18:24:02.665+0000] {spark_submit.py:634} INFO - at io.netty.bootstrap.Bootstrap$1.operationComplete(Bootstrap.java:189)
[2024-12-28T18:24:02.666+0000] {spark_submit.py:634} INFO - at io.netty.bootstrap.Bootstrap$1.operationComplete(Bootstrap.java:175)
[2024-12-28T18:24:02.666+0000] {spark_submit.py:634} INFO - at io.netty.util.concurrent.DefaultPromise.notifyListener0(DefaultPromise.java:590)
[2024-12-28T18:24:02.666+0000] {spark_submit.py:634} INFO - at io.netty.util.concurrent.DefaultPromise.notifyListenersNow(DefaultPromise.java:557)
[2024-12-28T18:24:02.666+0000] {spark_submit.py:634} INFO - at io.netty.util.concurrent.DefaultPromise.notifyListeners(DefaultPromise.java:492)
[2024-12-28T18:24:02.666+0000] {spark_submit.py:634} INFO - at io.netty.util.concurrent.DefaultPromise.setValue0(DefaultPromise.java:636)
[2024-12-28T18:24:02.666+0000] {spark_submit.py:634} INFO - at io.netty.util.concurrent.DefaultPromise.setSuccess0(DefaultPromise.java:625)
[2024-12-28T18:24:02.666+0000] {spark_submit.py:634} INFO - at io.netty.util.concurrent.DefaultPromise.trySuccess(DefaultPromise.java:105)
[2024-12-28T18:24:02.666+0000] {spark_submit.py:634} INFO - at io.netty.channel.DefaultChannelPromise.trySuccess(DefaultChannelPromise.java:84)
[2024-12-28T18:24:02.667+0000] {spark_submit.py:634} INFO - at io.netty.channel.AbstractChannel$AbstractUnsafe.safeSetSuccess(AbstractChannel.java:990)
[2024-12-28T18:24:02.667+0000] {spark_submit.py:634} INFO - at io.netty.channel.AbstractChannel$AbstractUnsafe.register0(AbstractChannel.java:516)
[2024-12-28T18:24:02.667+0000] {spark_submit.py:634} INFO - at io.netty.channel.AbstractChannel$AbstractUnsafe.access$200(AbstractChannel.java:429)
[2024-12-28T18:24:02.667+0000] {spark_submit.py:634} INFO - at io.netty.channel.AbstractChannel$AbstractUnsafe$1.run(AbstractChannel.java:486)
[2024-12-28T18:24:02.667+0000] {spark_submit.py:634} INFO - at io.netty.util.concurrent.AbstractEventExecutor.runTask(AbstractEventExecutor.java:174)
[2024-12-28T18:24:02.667+0000] {spark_submit.py:634} INFO - at io.netty.util.concurrent.AbstractEventExecutor.safeExecute(AbstractEventExecutor.java:167)
[2024-12-28T18:24:02.667+0000] {spark_submit.py:634} INFO - at io.netty.util.concurrent.SingleThreadEventExecutor.runAllTasks(SingleThreadEventExecutor.java:470)
[2024-12-28T18:24:02.668+0000] {spark_submit.py:634} INFO - at io.netty.channel.nio.NioEventLoop.run(NioEventLoop.java:569)
[2024-12-28T18:24:02.668+0000] {spark_submit.py:634} INFO - at io.netty.util.concurrent.SingleThreadEventExecutor$4.run(SingleThreadEventExecutor.java:997)
[2024-12-28T18:24:02.668+0000] {spark_submit.py:634} INFO - at io.netty.util.internal.ThreadExecutorMap$2.run(ThreadExecutorMap.java:74)
[2024-12-28T18:24:02.668+0000] {spark_submit.py:634} INFO - at io.netty.util.concurrent.FastThreadLocalRunnable.run(FastThreadLocalRunnable.java:30)
[2024-12-28T18:24:02.668+0000] {spark_submit.py:634} INFO - ... 1 more
[2024-12-28T18:24:22.577+0000] {spark_submit.py:634} INFO - 24/12/28 18:24:22 INFO StandaloneAppClient$ClientEndpoint: Connecting to master spark://spark-master:7077...
[2024-12-28T18:24:22.592+0000] {spark_submit.py:634} INFO - 24/12/28 18:24:22 WARN StandaloneAppClient$ClientEndpoint: Failed to connect to master spark-master:7077
[2024-12-28T18:24:22.592+0000] {spark_submit.py:634} INFO - org.apache.spark.SparkException: Exception thrown in awaitResult:
[2024-12-28T18:24:22.592+0000] {spark_submit.py:634} INFO - at org.apache.spark.util.SparkThreadUtils$.awaitResult(SparkThreadUtils.scala:56)
[2024-12-28T18:24:22.593+0000] {spark_submit.py:634} INFO - at org.apache.spark.util.ThreadUtils$.awaitResult(ThreadUtils.scala:310)
[2024-12-28T18:24:22.593+0000] {spark_submit.py:634} INFO - at org.apache.spark.rpc.RpcTimeout.awaitResult(RpcTimeout.scala:75)
[2024-12-28T18:24:22.593+0000] {spark_submit.py:634} INFO - at org.apache.spark.rpc.RpcEnv.setupEndpointRefByURI(RpcEnv.scala:102)
[2024-12-28T18:24:22.593+0000] {spark_submit.py:634} INFO - at org.apache.spark.rpc.RpcEnv.setupEndpointRef(RpcEnv.scala:110)
[2024-12-28T18:24:22.593+0000] {spark_submit.py:634} INFO - at org.apache.spark.deploy.client.StandaloneAppClient$ClientEndpoint$$anon$1.run(StandaloneAppClient.scala:108)
[2024-12-28T18:24:22.593+0000] {spark_submit.py:634} INFO - at java.base/java.util.concurrent.Executors$RunnableAdapter.call(Executors.java:539)
[2024-12-28T18:24:22.593+0000] {spark_submit.py:634} INFO - at java.base/java.util.concurrent.FutureTask.run(FutureTask.java:264)
[2024-12-28T18:24:22.594+0000] {spark_submit.py:634} INFO - at java.base/java.util.concurrent.ThreadPoolExecutor.runWorker(ThreadPoolExecutor.java:1136)
[2024-12-28T18:24:22.594+0000] {spark_submit.py:634} INFO - at java.base/java.util.concurrent.ThreadPoolExecutor$Worker.run(ThreadPoolExecutor.java:635)
[2024-12-28T18:24:22.594+0000] {spark_submit.py:634} INFO - at java.base/java.lang.Thread.run(Thread.java:840)
[2024-12-28T18:24:22.594+0000] {spark_submit.py:634} INFO - Caused by: java.io.IOException: Failed to connect to spark-master/<unresolved>:7077
[2024-12-28T18:24:22.594+0000] {spark_submit.py:634} INFO - at org.apache.spark.network.client.TransportClientFactory.createClient(TransportClientFactory.java:294)
[2024-12-28T18:24:22.594+0000] {spark_submit.py:634} INFO - at org.apache.spark.network.client.TransportClientFactory.createClient(TransportClientFactory.java:214)
[2024-12-28T18:24:22.594+0000] {spark_submit.py:634} INFO - at org.apache.spark.network.client.TransportClientFactory.createClient(TransportClientFactory.java:226)
[2024-12-28T18:24:22.594+0000] {spark_submit.py:634} INFO - at org.apache.spark.rpc.netty.NettyRpcEnv.createClient(NettyRpcEnv.scala:204)
[2024-12-28T18:24:22.595+0000] {spark_submit.py:634} INFO - at org.apache.spark.rpc.netty.Outbox$$anon$1.call(Outbox.scala:202)
[2024-12-28T18:24:22.595+0000] {spark_submit.py:634} INFO - at org.apache.spark.rpc.netty.Outbox$$anon$1.call(Outbox.scala:198)
[2024-12-28T18:24:22.595+0000] {spark_submit.py:634} INFO - ... 4 more
[2024-12-28T18:24:22.595+0000] {spark_submit.py:634} INFO - Caused by: java.net.UnknownHostException: spark-master
[2024-12-28T18:24:22.595+0000] {spark_submit.py:634} INFO - at java.base/java.net.InetAddress$CachedAddresses.get(InetAddress.java:801)
[2024-12-28T18:24:22.595+0000] {spark_submit.py:634} INFO - at java.base/java.net.InetAddress.getAllByName0(InetAddress.java:1533)
[2024-12-28T18:24:22.595+0000] {spark_submit.py:634} INFO - at java.base/java.net.InetAddress.getAllByName(InetAddress.java:1385)
[2024-12-28T18:24:22.595+0000] {spark_submit.py:634} INFO - at java.base/java.net.InetAddress.getAllByName(InetAddress.java:1306)
[2024-12-28T18:24:22.596+0000] {spark_submit.py:634} INFO - at java.base/java.net.InetAddress.getByName(InetAddress.java:1256)
[2024-12-28T18:24:22.596+0000] {spark_submit.py:634} INFO - at io.netty.util.internal.SocketUtils$8.run(SocketUtils.java:156)
[2024-12-28T18:24:22.596+0000] {spark_submit.py:634} INFO - at io.netty.util.internal.SocketUtils$8.run(SocketUtils.java:153)
[2024-12-28T18:24:22.596+0000] {spark_submit.py:634} INFO - at java.base/java.security.AccessController.doPrivileged(AccessController.java:569)
[2024-12-28T18:24:22.596+0000] {spark_submit.py:634} INFO - at io.netty.util.internal.SocketUtils.addressByName(SocketUtils.java:153)
[2024-12-28T18:24:22.596+0000] {spark_submit.py:634} INFO - at io.netty.resolver.DefaultNameResolver.doResolve(DefaultNameResolver.java:41)
[2024-12-28T18:24:22.596+0000] {spark_submit.py:634} INFO - at io.netty.resolver.SimpleNameResolver.resolve(SimpleNameResolver.java:61)
[2024-12-28T18:24:22.597+0000] {spark_submit.py:634} INFO - at io.netty.resolver.SimpleNameResolver.resolve(SimpleNameResolver.java:53)
[2024-12-28T18:24:22.597+0000] {spark_submit.py:634} INFO - at io.netty.resolver.InetSocketAddressResolver.doResolve(InetSocketAddressResolver.java:55)
[2024-12-28T18:24:22.597+0000] {spark_submit.py:634} INFO - at io.netty.resolver.InetSocketAddressResolver.doResolve(InetSocketAddressResolver.java:31)
[2024-12-28T18:24:22.597+0000] {spark_submit.py:634} INFO - at io.netty.resolver.AbstractAddressResolver.resolve(AbstractAddressResolver.java:106)
[2024-12-28T18:24:22.597+0000] {spark_submit.py:634} INFO - at io.netty.bootstrap.Bootstrap.doResolveAndConnect0(Bootstrap.java:220)
[2024-12-28T18:24:22.597+0000] {spark_submit.py:634} INFO - at io.netty.bootstrap.Bootstrap.access$000(Bootstrap.java:46)
[2024-12-28T18:24:22.597+0000] {spark_submit.py:634} INFO - at io.netty.bootstrap.Bootstrap$1.operationComplete(Bootstrap.java:189)
[2024-12-28T18:24:22.597+0000] {spark_submit.py:634} INFO - at io.netty.bootstrap.Bootstrap$1.operationComplete(Bootstrap.java:175)
[2024-12-28T18:24:22.598+0000] {spark_submit.py:634} INFO - at io.netty.util.concurrent.DefaultPromise.notifyListener0(DefaultPromise.java:590)
[2024-12-28T18:24:22.598+0000] {spark_submit.py:634} INFO - at io.netty.util.concurrent.DefaultPromise.notifyListenersNow(DefaultPromise.java:557)
[2024-12-28T18:24:22.598+0000] {spark_submit.py:634} INFO - at io.netty.util.concurrent.DefaultPromise.notifyListeners(DefaultPromise.java:492)
[2024-12-28T18:24:22.598+0000] {spark_submit.py:634} INFO - at io.netty.util.concurrent.DefaultPromise.setValue0(DefaultPromise.java:636)
[2024-12-28T18:24:22.598+0000] {spark_submit.py:634} INFO - at io.netty.util.concurrent.DefaultPromise.setSuccess0(DefaultPromise.java:625)
[2024-12-28T18:24:22.598+0000] {spark_submit.py:634} INFO - at io.netty.util.concurrent.DefaultPromise.trySuccess(DefaultPromise.java:105)
[2024-12-28T18:24:22.598+0000] {spark_submit.py:634} INFO - at io.netty.channel.DefaultChannelPromise.trySuccess(DefaultChannelPromise.java:84)
[2024-12-28T18:24:22.598+0000] {spark_submit.py:634} INFO - at io.netty.channel.AbstractChannel$AbstractUnsafe.safeSetSuccess(AbstractChannel.java:990)
[2024-12-28T18:24:22.598+0000] {spark_submit.py:634} INFO - at io.netty.channel.AbstractChannel$AbstractUnsafe.register0(AbstractChannel.java:516)
[2024-12-28T18:24:22.598+0000] {spark_submit.py:634} INFO - at io.netty.channel.AbstractChannel$AbstractUnsafe.access$200(AbstractChannel.java:429)
[2024-12-28T18:24:22.599+0000] {spark_submit.py:634} INFO - at io.netty.channel.AbstractChannel$AbstractUnsafe$1.run(AbstractChannel.java:486)
[2024-12-28T18:24:22.599+0000] {spark_submit.py:634} INFO - at io.netty.util.concurrent.AbstractEventExecutor.runTask(AbstractEventExecutor.java:174)
[2024-12-28T18:24:22.599+0000] {spark_submit.py:634} INFO - at io.netty.util.concurrent.AbstractEventExecutor.safeExecute(AbstractEventExecutor.java:167)
[2024-12-28T18:24:22.599+0000] {spark_submit.py:634} INFO - at io.netty.util.concurrent.SingleThreadEventExecutor.runAllTasks(SingleThreadEventExecutor.java:470)
[2024-12-28T18:24:22.599+0000] {spark_submit.py:634} INFO - at io.netty.channel.nio.NioEventLoop.run(NioEventLoop.java:569)
[2024-12-28T18:24:22.599+0000] {spark_submit.py:634} INFO - at io.netty.util.concurrent.SingleThreadEventExecutor$4.run(SingleThreadEventExecutor.java:997)
[2024-12-28T18:24:22.599+0000] {spark_submit.py:634} INFO - at io.netty.util.internal.ThreadExecutorMap$2.run(ThreadExecutorMap.java:74)
[2024-12-28T18:24:22.599+0000] {spark_submit.py:634} INFO - at io.netty.util.concurrent.FastThreadLocalRunnable.run(FastThreadLocalRunnable.java:30)
[2024-12-28T18:24:22.599+0000] {spark_submit.py:634} INFO - ... 1 more
[2024-12-28T18:24:42.577+0000] {spark_submit.py:634} INFO - 24/12/28 18:24:42 INFO StandaloneAppClient$ClientEndpoint: Connecting to master spark://spark-master:7077...
[2024-12-28T18:24:42.606+0000] {spark_submit.py:634} INFO - 24/12/28 18:24:42 WARN StandaloneAppClient$ClientEndpoint: Failed to connect to master spark-master:7077
[2024-12-28T18:24:42.607+0000] {spark_submit.py:634} INFO - org.apache.spark.SparkException: Exception thrown in awaitResult:
[2024-12-28T18:24:42.607+0000] {spark_submit.py:634} INFO - at org.apache.spark.util.SparkThreadUtils$.awaitResult(SparkThreadUtils.scala:56)
[2024-12-28T18:24:42.607+0000] {spark_submit.py:634} INFO - at org.apache.spark.util.ThreadUtils$.awaitResult(ThreadUtils.scala:310)
[2024-12-28T18:24:42.607+0000] {spark_submit.py:634} INFO - at org.apache.spark.rpc.RpcTimeout.awaitResult(RpcTimeout.scala:75)
[2024-12-28T18:24:42.608+0000] {spark_submit.py:634} INFO - at org.apache.spark.rpc.RpcEnv.setupEndpointRefByURI(RpcEnv.scala:102)
[2024-12-28T18:24:42.608+0000] {spark_submit.py:634} INFO - at org.apache.spark.rpc.RpcEnv.setupEndpointRef(RpcEnv.scala:110)
[2024-12-28T18:24:42.608+0000] {spark_submit.py:634} INFO - at org.apache.spark.deploy.client.StandaloneAppClient$ClientEndpoint$$anon$1.run(StandaloneAppClient.scala:108)
[2024-12-28T18:24:42.608+0000] {spark_submit.py:634} INFO - at java.base/java.util.concurrent.Executors$RunnableAdapter.call(Executors.java:539)
[2024-12-28T18:24:42.608+0000] {spark_submit.py:634} INFO - at java.base/java.util.concurrent.FutureTask.run(FutureTask.java:264)
[2024-12-28T18:24:42.608+0000] {spark_submit.py:634} INFO - at java.base/java.util.concurrent.ThreadPoolExecutor.runWorker(ThreadPoolExecutor.java:1136)
[2024-12-28T18:24:42.608+0000] {spark_submit.py:634} INFO - at java.base/java.util.concurrent.ThreadPoolExecutor$Worker.run(ThreadPoolExecutor.java:635)
[2024-12-28T18:24:42.609+0000] {spark_submit.py:634} INFO - at java.base/java.lang.Thread.run(Thread.java:840)
[2024-12-28T18:24:42.609+0000] {spark_submit.py:634} INFO - Caused by: java.io.IOException: Failed to connect to spark-master/<unresolved>:7077
[2024-12-28T18:24:42.609+0000] {spark_submit.py:634} INFO - at org.apache.spark.network.client.TransportClientFactory.createClient(TransportClientFactory.java:294)
[2024-12-28T18:24:42.609+0000] {spark_submit.py:634} INFO - at org.apache.spark.network.client.TransportClientFactory.createClient(TransportClientFactory.java:214)
[2024-12-28T18:24:42.609+0000] {spark_submit.py:634} INFO - at org.apache.spark.network.client.TransportClientFactory.createClient(TransportClientFactory.java:226)
[2024-12-28T18:24:42.609+0000] {spark_submit.py:634} INFO - at org.apache.spark.rpc.netty.NettyRpcEnv.createClient(NettyRpcEnv.scala:204)
[2024-12-28T18:24:42.609+0000] {spark_submit.py:634} INFO - at org.apache.spark.rpc.netty.Outbox$$anon$1.call(Outbox.scala:202)
[2024-12-28T18:24:42.610+0000] {spark_submit.py:634} INFO - at org.apache.spark.rpc.netty.Outbox$$anon$1.call(Outbox.scala:198)
[2024-12-28T18:24:42.610+0000] {spark_submit.py:634} INFO - ... 4 more
[2024-12-28T18:24:42.610+0000] {spark_submit.py:634} INFO - Caused by: java.net.UnknownHostException: spark-master
[2024-12-28T18:24:42.610+0000] {spark_submit.py:634} INFO - at java.base/java.net.InetAddress$CachedAddresses.get(InetAddress.java:801)
[2024-12-28T18:24:42.610+0000] {spark_submit.py:634} INFO - at java.base/java.net.InetAddress.getAllByName0(InetAddress.java:1533)
[2024-12-28T18:24:42.610+0000] {spark_submit.py:634} INFO - at java.base/java.net.InetAddress.getAllByName(InetAddress.java:1385)
[2024-12-28T18:24:42.610+0000] {spark_submit.py:634} INFO - at java.base/java.net.InetAddress.getAllByName(InetAddress.java:1306)
[2024-12-28T18:24:42.611+0000] {spark_submit.py:634} INFO - at java.base/java.net.InetAddress.getByName(InetAddress.java:1256)
[2024-12-28T18:24:42.611+0000] {spark_submit.py:634} INFO - at io.netty.util.internal.SocketUtils$8.run(SocketUtils.java:156)
[2024-12-28T18:24:42.611+0000] {spark_submit.py:634} INFO - at io.netty.util.internal.SocketUtils$8.run(SocketUtils.java:153)
[2024-12-28T18:24:42.611+0000] {spark_submit.py:634} INFO - at java.base/java.security.AccessController.doPrivileged(AccessController.java:569)
[2024-12-28T18:24:42.611+0000] {spark_submit.py:634} INFO - at io.netty.util.internal.SocketUtils.addressByName(SocketUtils.java:153)
[2024-12-28T18:24:42.611+0000] {spark_submit.py:634} INFO - at io.netty.resolver.DefaultNameResolver.doResolve(DefaultNameResolver.java:41)
[2024-12-28T18:24:42.611+0000] {spark_submit.py:634} INFO - at io.netty.resolver.SimpleNameResolver.resolve(SimpleNameResolver.java:61)
[2024-12-28T18:24:42.612+0000] {spark_submit.py:634} INFO - at io.netty.resolver.SimpleNameResolver.resolve(SimpleNameResolver.java:53)
[2024-12-28T18:24:42.612+0000] {spark_submit.py:634} INFO - at io.netty.resolver.InetSocketAddressResolver.doResolve(InetSocketAddressResolver.java:55)
[2024-12-28T18:24:42.612+0000] {spark_submit.py:634} INFO - at io.netty.resolver.InetSocketAddressResolver.doResolve(InetSocketAddressResolver.java:31)
[2024-12-28T18:24:42.612+0000] {spark_submit.py:634} INFO - at io.netty.resolver.AbstractAddressResolver.resolve(AbstractAddressResolver.java:106)
[2024-12-28T18:24:42.612+0000] {spark_submit.py:634} INFO - at io.netty.bootstrap.Bootstrap.doResolveAndConnect0(Bootstrap.java:220)
[2024-12-28T18:24:42.612+0000] {spark_submit.py:634} INFO - at io.netty.bootstrap.Bootstrap.access$000(Bootstrap.java:46)
[2024-12-28T18:24:42.612+0000] {spark_submit.py:634} INFO - at io.netty.bootstrap.Bootstrap$1.operationComplete(Bootstrap.java:189)
[2024-12-28T18:24:42.613+0000] {spark_submit.py:634} INFO - at io.netty.bootstrap.Bootstrap$1.operationComplete(Bootstrap.java:175)
[2024-12-28T18:24:42.613+0000] {spark_submit.py:634} INFO - at io.netty.util.concurrent.DefaultPromise.notifyListener0(DefaultPromise.java:590)
[2024-12-28T18:24:42.613+0000] {spark_submit.py:634} INFO - at io.netty.util.concurrent.DefaultPromise.notifyListenersNow(DefaultPromise.java:557)
[2024-12-28T18:24:42.613+0000] {spark_submit.py:634} INFO - at io.netty.util.concurrent.DefaultPromise.notifyListeners(DefaultPromise.java:492)
[2024-12-28T18:24:42.613+0000] {spark_submit.py:634} INFO - at io.netty.util.concurrent.DefaultPromise.setValue0(DefaultPromise.java:636)
[2024-12-28T18:24:42.613+0000] {spark_submit.py:634} INFO - at io.netty.util.concurrent.DefaultPromise.setSuccess0(DefaultPromise.java:625)
[2024-12-28T18:24:42.613+0000] {spark_submit.py:634} INFO - at io.netty.util.concurrent.DefaultPromise.trySuccess(DefaultPromise.java:105)
[2024-12-28T18:24:42.614+0000] {spark_submit.py:634} INFO - at io.netty.channel.DefaultChannelPromise.trySuccess(DefaultChannelPromise.java:84)
[2024-12-28T18:24:42.614+0000] {spark_submit.py:634} INFO - at io.netty.channel.AbstractChannel$AbstractUnsafe.safeSetSuccess(AbstractChannel.java:990)
[2024-12-28T18:24:42.614+0000] {spark_submit.py:634} INFO - at io.netty.channel.AbstractChannel$AbstractUnsafe.register0(AbstractChannel.java:516)
[2024-12-28T18:24:42.614+0000] {spark_submit.py:634} INFO - at io.netty.channel.AbstractChannel$AbstractUnsafe.access$200(AbstractChannel.java:429)
[2024-12-28T18:24:42.614+0000] {spark_submit.py:634} INFO - at io.netty.channel.AbstractChannel$AbstractUnsafe$1.run(AbstractChannel.java:486)
[2024-12-28T18:24:42.614+0000] {spark_submit.py:634} INFO - at io.netty.util.concurrent.AbstractEventExecutor.runTask(AbstractEventExecutor.java:174)
[2024-12-28T18:24:42.614+0000] {spark_submit.py:634} INFO - at io.netty.util.concurrent.AbstractEventExecutor.safeExecute(AbstractEventExecutor.java:167)
[2024-12-28T18:24:42.614+0000] {spark_submit.py:634} INFO - at io.netty.util.concurrent.SingleThreadEventExecutor.runAllTasks(SingleThreadEventExecutor.java:470)
[2024-12-28T18:24:42.615+0000] {spark_submit.py:634} INFO - at io.netty.channel.nio.NioEventLoop.run(NioEventLoop.java:569)
[2024-12-28T18:24:42.615+0000] {spark_submit.py:634} INFO - at io.netty.util.concurrent.SingleThreadEventExecutor$4.run(SingleThreadEventExecutor.java:997)
[2024-12-28T18:24:42.615+0000] {spark_submit.py:634} INFO - at io.netty.util.internal.ThreadExecutorMap$2.run(ThreadExecutorMap.java:74)
[2024-12-28T18:24:42.615+0000] {spark_submit.py:634} INFO - at io.netty.util.concurrent.FastThreadLocalRunnable.run(FastThreadLocalRunnable.java:30)
[2024-12-28T18:24:42.615+0000] {spark_submit.py:634} INFO - ... 1 more
[2024-12-28T18:25:02.578+0000] {spark_submit.py:634} INFO - 24/12/28 18:25:02 WARN StandaloneSchedulerBackend: Application ID is not initialized yet.
[2024-12-28T18:25:02.579+0000] {spark_submit.py:634} INFO - 24/12/28 18:25:02 ERROR StandaloneSchedulerBackend: Application has been killed. Reason: All masters are unresponsive! Giving up.
[2024-12-28T18:25:02.590+0000] {spark_submit.py:634} INFO - 24/12/28 18:25:02 INFO Utils: Successfully started service 'org.apache.spark.network.netty.NettyBlockTransferService' on port 40009.
[2024-12-28T18:25:02.590+0000] {spark_submit.py:634} INFO - 24/12/28 18:25:02 INFO NettyBlockTransferService: Server created on 471d7521a401:40009
[2024-12-28T18:25:02.593+0000] {spark_submit.py:634} INFO - 24/12/28 18:25:02 INFO BlockManager: Using org.apache.spark.storage.RandomBlockReplicationPolicy for block replication policy
[2024-12-28T18:25:02.600+0000] {spark_submit.py:634} INFO - 24/12/28 18:25:02 INFO BlockManagerMaster: Registering BlockManager BlockManagerId(driver, 471d7521a401, 40009, None)
[2024-12-28T18:25:02.604+0000] {spark_submit.py:634} INFO - 24/12/28 18:25:02 INFO BlockManagerMasterEndpoint: Registering block manager 471d7521a401:40009 with 7.0 GiB RAM, BlockManagerId(driver, 471d7521a401, 40009, None)
[2024-12-28T18:25:02.607+0000] {spark_submit.py:634} INFO - 24/12/28 18:25:02 INFO BlockManagerMaster: Registered BlockManager BlockManagerId(driver, 471d7521a401, 40009, None)
[2024-12-28T18:25:02.609+0000] {spark_submit.py:634} INFO - 24/12/28 18:25:02 INFO BlockManager: Initialized BlockManager: BlockManagerId(driver, 471d7521a401, 40009, None)
[2024-12-28T18:25:02.861+0000] {spark_submit.py:634} INFO - 24/12/28 18:25:02 INFO StandaloneSchedulerBackend: SchedulerBackend is ready for scheduling beginning after reached minRegisteredResourcesRatio: 0.0
[2024-12-28T18:25:03.446+0000] {spark_submit.py:634} INFO - 24/12/28 18:25:03 INFO SparkContext: SparkContext is stopping with exitCode 0.
[2024-12-28T18:25:03.458+0000] {spark_submit.py:634} INFO - 24/12/28 18:25:03 INFO SparkUI: Stopped Spark web UI at http://471d7521a401:4040
[2024-12-28T18:25:03.463+0000] {spark_submit.py:634} INFO - 24/12/28 18:25:03 INFO StandaloneSchedulerBackend: Shutting down all executors
[2024-12-28T18:25:03.466+0000] {spark_submit.py:634} INFO - 24/12/28 18:25:03 INFO StandaloneSchedulerBackend$StandaloneDriverEndpoint: Asking each executor to shut down
[2024-12-28T18:25:03.475+0000] {spark_submit.py:634} INFO - 24/12/28 18:25:03 WARN StandaloneAppClient$ClientEndpoint: Drop UnregisterApplication(null) because has not yet connected to master
[2024-12-28T18:25:03.484+0000] {spark_submit.py:634} INFO - 24/12/28 18:25:03 INFO MapOutputTrackerMasterEndpoint: MapOutputTrackerMasterEndpoint stopped!
[2024-12-28T18:25:03.499+0000] {spark_submit.py:634} INFO - 24/12/28 18:25:03 INFO MemoryStore: MemoryStore cleared
[2024-12-28T18:25:03.500+0000] {spark_submit.py:634} INFO - 24/12/28 18:25:03 INFO BlockManager: BlockManager stopped
[2024-12-28T18:25:03.503+0000] {spark_submit.py:634} INFO - 24/12/28 18:25:03 INFO BlockManagerMaster: BlockManagerMaster stopped
[2024-12-28T18:25:03.505+0000] {spark_submit.py:634} INFO - 24/12/28 18:25:03 INFO OutputCommitCoordinator$OutputCommitCoordinatorEndpoint: OutputCommitCoordinator stopped!
[2024-12-28T18:25:03.534+0000] {spark_submit.py:634} INFO - 24/12/28 18:25:03 INFO SparkContext: Successfully stopped SparkContext
[2024-12-28T18:25:03.958+0000] {spark_submit.py:634} INFO - 24/12/28 18:25:03 INFO SharedState: Setting hive.metastore.warehouse.dir ('null') to the value of spark.sql.warehouse.dir.
[2024-12-28T18:25:03.965+0000] {spark_submit.py:634} INFO - 24/12/28 18:25:03 INFO SharedState: Warehouse path is 'file:/opt/***/spark-warehouse'.
[2024-12-28T18:25:04.005+0000] {spark_submit.py:634} INFO - Traceback (most recent call last):
[2024-12-28T18:25:04.005+0000] {spark_submit.py:634} INFO - File "/opt/***/dags/spark_app/spark_1.py", line 23, in <module>
[2024-12-28T18:25:04.006+0000] {spark_submit.py:634} INFO - run()
[2024-12-28T18:25:04.006+0000] {spark_submit.py:634} INFO - File "/opt/***/dags/spark_app/spark_1.py", line 6, in run
[2024-12-28T18:25:04.007+0000] {spark_submit.py:634} INFO - df = spark.createDataFrame(data, ["Name", "Value"])
[2024-12-28T18:25:04.007+0000] {spark_submit.py:634} INFO - ^^^^^^^^^^^^^^^^^^^^^^^^^^^^^^^^^^^^^^^^^^^^^^
[2024-12-28T18:25:04.007+0000] {spark_submit.py:634} INFO - File "/home/***/.local/lib/python3.12/site-packages/pyspark/python/lib/pyspark.zip/pyspark/sql/session.py", line 1443, in createDataFrame
[2024-12-28T18:25:04.008+0000] {spark_submit.py:634} INFO - File "/home/***/.local/lib/python3.12/site-packages/pyspark/python/lib/pyspark.zip/pyspark/sql/session.py", line 1485, in _create_dataframe
[2024-12-28T18:25:04.008+0000] {spark_submit.py:634} INFO - File "/home/***/.local/lib/python3.12/site-packages/pyspark/python/lib/pyspark.zip/pyspark/sql/session.py", line 1093, in _createFromLocal
[2024-12-28T18:25:04.009+0000] {spark_submit.py:634} INFO - File "/home/***/.local/lib/python3.12/site-packages/pyspark/python/lib/pyspark.zip/pyspark/sql/session.py", line 952, in _inferSchemaFromList
[2024-12-28T18:25:04.009+0000] {spark_submit.py:634} INFO - File "/home/***/.local/lib/python3.12/site-packages/pyspark/python/lib/pyspark.zip/pyspark/sql/session.py", line 624, in _jconf
[2024-12-28T18:25:04.009+0000] {spark_submit.py:634} INFO - File "/home/***/.local/lib/python3.12/site-packages/pyspark/python/lib/py4j-0.10.9.7-src.zip/py4j/java_gateway.py", line 1322, in __call__
[2024-12-28T18:25:04.010+0000] {spark_submit.py:634} INFO - File "/home/***/.local/lib/python3.12/site-packages/pyspark/python/lib/pyspark.zip/pyspark/errors/exceptions/captured.py", line 179, in deco
[2024-12-28T18:25:04.010+0000] {spark_submit.py:634} INFO - File "/home/***/.local/lib/python3.12/site-packages/pyspark/python/lib/py4j-0.10.9.7-src.zip/py4j/protocol.py", line 326, in get_return_value
[2024-12-28T18:25:04.011+0000] {spark_submit.py:634} INFO - py4j.protocol.Py4JJavaError: An error occurred while calling o27.sessionState.
[2024-12-28T18:25:04.011+0000] {spark_submit.py:634} INFO - : java.lang.IllegalStateException: LiveListenerBus is stopped.
[2024-12-28T18:25:04.011+0000] {spark_submit.py:634} INFO - at org.apache.spark.scheduler.LiveListenerBus.addToQueue(LiveListenerBus.scala:92)
[2024-12-28T18:25:04.012+0000] {spark_submit.py:634} INFO - at org.apache.spark.scheduler.LiveListenerBus.addToStatusQueue(LiveListenerBus.scala:75)
[2024-12-28T18:25:04.012+0000] {spark_submit.py:634} INFO - at org.apache.spark.sql.internal.SharedState.<init>(SharedState.scala:115)
[2024-12-28T18:25:04.012+0000] {spark_submit.py:634} INFO - at org.apache.spark.sql.SparkSession.$anonfun$sharedState$1(SparkSession.scala:143)
[2024-12-28T18:25:04.013+0000] {spark_submit.py:634} INFO - at scala.Option.getOrElse(Option.scala:189)
[2024-12-28T18:25:04.013+0000] {spark_submit.py:634} INFO - at org.apache.spark.sql.SparkSession.sharedState$lzycompute(SparkSession.scala:143)
[2024-12-28T18:25:04.014+0000] {spark_submit.py:634} INFO - at org.apache.spark.sql.SparkSession.sharedState(SparkSession.scala:142)
[2024-12-28T18:25:04.014+0000] {spark_submit.py:634} INFO - at org.apache.spark.sql.SparkSession.$anonfun$sessionState$2(SparkSession.scala:162)
[2024-12-28T18:25:04.014+0000] {spark_submit.py:634} INFO - at scala.Option.getOrElse(Option.scala:189)
[2024-12-28T18:25:04.015+0000] {spark_submit.py:634} INFO - at org.apache.spark.sql.SparkSession.sessionState$lzycompute(SparkSession.scala:160)
[2024-12-28T18:25:04.015+0000] {spark_submit.py:634} INFO - at org.apache.spark.sql.SparkSession.sessionState(SparkSession.scala:157)
[2024-12-28T18:25:04.015+0000] {spark_submit.py:634} INFO - at java.base/jdk.internal.reflect.NativeMethodAccessorImpl.invoke0(Native Method)
[2024-12-28T18:25:04.016+0000] {spark_submit.py:634} INFO - at java.base/jdk.internal.reflect.NativeMethodAccessorImpl.invoke(NativeMethodAccessorImpl.java:77)
[2024-12-28T18:25:04.016+0000] {spark_submit.py:634} INFO - at java.base/jdk.internal.reflect.DelegatingMethodAccessorImpl.invoke(DelegatingMethodAccessorImpl.java:43)
[2024-12-28T18:25:04.017+0000] {spark_submit.py:634} INFO - at java.base/java.lang.reflect.Method.invoke(Method.java:569)
[2024-12-28T18:25:04.017+0000] {spark_submit.py:634} INFO - at py4j.reflection.MethodInvoker.invoke(MethodInvoker.java:244)
[2024-12-28T18:25:04.017+0000] {spark_submit.py:634} INFO - at py4j.reflection.ReflectionEngine.invoke(ReflectionEngine.java:374)
[2024-12-28T18:25:04.018+0000] {spark_submit.py:634} INFO - at py4j.Gateway.invoke(Gateway.java:282)
[2024-12-28T18:25:04.018+0000] {spark_submit.py:634} INFO - at py4j.commands.AbstractCommand.invokeMethod(AbstractCommand.java:132)
[2024-12-28T18:25:04.019+0000] {spark_submit.py:634} INFO - at py4j.commands.CallCommand.execute(CallCommand.java:79)
[2024-12-28T18:25:04.019+0000] {spark_submit.py:634} INFO - at py4j.ClientServerConnection.waitForCommands(ClientServerConnection.java:182)
[2024-12-28T18:25:04.020+0000] {spark_submit.py:634} INFO - at py4j.ClientServerConnection.run(ClientServerConnection.java:106)
[2024-12-28T18:25:04.020+0000] {spark_submit.py:634} INFO - at java.base/java.lang.Thread.run(Thread.java:840)
[2024-12-28T18:25:04.020+0000] {spark_submit.py:634} INFO - 
[2024-12-28T18:25:04.104+0000] {spark_submit.py:634} INFO - 24/12/28 18:25:04 INFO ShutdownHookManager: Shutdown hook called
[2024-12-28T18:25:04.105+0000] {spark_submit.py:634} INFO - 24/12/28 18:25:04 INFO ShutdownHookManager: Deleting directory /tmp/spark-b33afbc4-e802-4f2c-914f-09ec5943885c/pyspark-27972f96-edc6-4c05-be59-4fddd385c8e6
[2024-12-28T18:25:04.109+0000] {spark_submit.py:634} INFO - 24/12/28 18:25:04 INFO ShutdownHookManager: Deleting directory /tmp/spark-d85a74a1-6434-40c8-9e9b-7084f1d5dca2
[2024-12-28T18:25:04.113+0000] {spark_submit.py:634} INFO - 24/12/28 18:25:04 INFO ShutdownHookManager: Deleting directory /tmp/spark-b33afbc4-e802-4f2c-914f-09ec5943885c
[2024-12-28T18:25:04.153+0000] {taskinstance.py:3311} ERROR - Task failed with exception
Traceback (most recent call last):
  File "/home/airflow/.local/lib/python3.12/site-packages/airflow/models/taskinstance.py", line 767, in _execute_task
    result = _execute_callable(context=context, **execute_callable_kwargs)
             ^^^^^^^^^^^^^^^^^^^^^^^^^^^^^^^^^^^^^^^^^^^^^^^^^^^^^^^^^^^^^
  File "/home/airflow/.local/lib/python3.12/site-packages/airflow/models/taskinstance.py", line 733, in _execute_callable
    return ExecutionCallableRunner(
           ^^^^^^^^^^^^^^^^^^^^^^^^
  File "/home/airflow/.local/lib/python3.12/site-packages/airflow/utils/operator_helpers.py", line 252, in run
    return self.func(*args, **kwargs)
           ^^^^^^^^^^^^^^^^^^^^^^^^^^
  File "/home/airflow/.local/lib/python3.12/site-packages/airflow/models/baseoperator.py", line 417, in wrapper
    return func(self, *args, **kwargs)
           ^^^^^^^^^^^^^^^^^^^^^^^^^^^
  File "/home/airflow/.local/lib/python3.12/site-packages/airflow/providers/apache/spark/operators/spark_submit.py", line 176, in execute
    self._hook.submit(self.application)
  File "/home/airflow/.local/lib/python3.12/site-packages/airflow/providers/apache/spark/hooks/spark_submit.py", line 560, in submit
    raise AirflowException(
airflow.exceptions.AirflowException: Cannot execute: spark-submit --master spark://spark-master:7077 --num-executors 1 --total-executor-cores 1 --executor-cores 1 --executor-memory 12g --driver-memory 12g --name arrow-spark --verbose --deploy-mode client dags/spark_app/spark_1.py. Error code is: 1.
[2024-12-28T18:25:04.162+0000] {taskinstance.py:1225} INFO - Marking task as FAILED. dag_id=spark_clickhouse_example, task_id=spark_submit_job, run_id=manual__2024-12-28T18:23:56.496287+00:00, execution_date=20241228T182356, start_date=20241228T182357, end_date=20241228T182504
[2024-12-28T18:25:04.174+0000] {taskinstance.py:340} INFO - ::group::Post task execution logs
[2024-12-28T18:25:04.177+0000] {standard_task_runner.py:124} ERROR - Failed to execute job 7 for task spark_submit_job (Cannot execute: spark-submit --master spark://spark-master:7077 --num-executors 1 --total-executor-cores 1 --executor-cores 1 --executor-memory 12g --driver-memory 12g --name arrow-spark --verbose --deploy-mode client dags/spark_app/spark_1.py. Error code is: 1.; 181)
Traceback (most recent call last):
  File "/home/airflow/.local/lib/python3.12/site-packages/airflow/task/task_runner/standard_task_runner.py", line 117, in _start_by_fork
    ret = args.func(args, dag=self.dag)
          ^^^^^^^^^^^^^^^^^^^^^^^^^^^^^
  File "/home/airflow/.local/lib/python3.12/site-packages/airflow/cli/cli_config.py", line 49, in command
    return func(*args, **kwargs)
           ^^^^^^^^^^^^^^^^^^^^^
  File "/home/airflow/.local/lib/python3.12/site-packages/airflow/utils/cli.py", line 116, in wrapper
    return f(*args, **kwargs)
           ^^^^^^^^^^^^^^^^^^
  File "/home/airflow/.local/lib/python3.12/site-packages/airflow/cli/commands/task_command.py", line 483, in task_run
    task_return_code = _run_task_by_selected_method(args, _dag, ti)
                       ^^^^^^^^^^^^^^^^^^^^^^^^^^^^^^^^^^^^^^^^^^^^
  File "/home/airflow/.local/lib/python3.12/site-packages/airflow/cli/commands/task_command.py", line 256, in _run_task_by_selected_method
    return _run_raw_task(args, ti)
           ^^^^^^^^^^^^^^^^^^^^^^^
  File "/home/airflow/.local/lib/python3.12/site-packages/airflow/cli/commands/task_command.py", line 341, in _run_raw_task
    return ti._run_raw_task(
           ^^^^^^^^^^^^^^^^^
  File "/home/airflow/.local/lib/python3.12/site-packages/airflow/utils/session.py", line 97, in wrapper
    return func(*args, session=session, **kwargs)
           ^^^^^^^^^^^^^^^^^^^^^^^^^^^^^^^^^^^^^^
  File "/home/airflow/.local/lib/python3.12/site-packages/airflow/models/taskinstance.py", line 3005, in _run_raw_task
    return _run_raw_task(
           ^^^^^^^^^^^^^^
  File "/home/airflow/.local/lib/python3.12/site-packages/airflow/models/taskinstance.py", line 273, in _run_raw_task
    TaskInstance._execute_task_with_callbacks(
  File "/home/airflow/.local/lib/python3.12/site-packages/airflow/models/taskinstance.py", line 3159, in _execute_task_with_callbacks
    result = self._execute_task(context, task_orig)
             ^^^^^^^^^^^^^^^^^^^^^^^^^^^^^^^^^^^^^^
  File "/home/airflow/.local/lib/python3.12/site-packages/airflow/models/taskinstance.py", line 3183, in _execute_task
    return _execute_task(self, context, task_orig)
           ^^^^^^^^^^^^^^^^^^^^^^^^^^^^^^^^^^^^^^^
  File "/home/airflow/.local/lib/python3.12/site-packages/airflow/models/taskinstance.py", line 767, in _execute_task
    result = _execute_callable(context=context, **execute_callable_kwargs)
             ^^^^^^^^^^^^^^^^^^^^^^^^^^^^^^^^^^^^^^^^^^^^^^^^^^^^^^^^^^^^^
  File "/home/airflow/.local/lib/python3.12/site-packages/airflow/models/taskinstance.py", line 733, in _execute_callable
    return ExecutionCallableRunner(
           ^^^^^^^^^^^^^^^^^^^^^^^^
  File "/home/airflow/.local/lib/python3.12/site-packages/airflow/utils/operator_helpers.py", line 252, in run
    return self.func(*args, **kwargs)
           ^^^^^^^^^^^^^^^^^^^^^^^^^^
  File "/home/airflow/.local/lib/python3.12/site-packages/airflow/models/baseoperator.py", line 417, in wrapper
    return func(self, *args, **kwargs)
           ^^^^^^^^^^^^^^^^^^^^^^^^^^^
  File "/home/airflow/.local/lib/python3.12/site-packages/airflow/providers/apache/spark/operators/spark_submit.py", line 176, in execute
    self._hook.submit(self.application)
  File "/home/airflow/.local/lib/python3.12/site-packages/airflow/providers/apache/spark/hooks/spark_submit.py", line 560, in submit
    raise AirflowException(
airflow.exceptions.AirflowException: Cannot execute: spark-submit --master spark://spark-master:7077 --num-executors 1 --total-executor-cores 1 --executor-cores 1 --executor-memory 12g --driver-memory 12g --name arrow-spark --verbose --deploy-mode client dags/spark_app/spark_1.py. Error code is: 1.
[2024-12-28T18:25:04.194+0000] {local_task_job_runner.py:266} INFO - Task exited with return code 1
[2024-12-28T18:25:04.214+0000] {taskinstance.py:3895} INFO - 0 downstream tasks scheduled from follow-on schedule check
[2024-12-28T18:25:04.217+0000] {local_task_job_runner.py:245} INFO - ::endgroup::
