[2025-01-19T18:08:31.488+0000] {processor.py:186} INFO - Started process (PID=30) to work on /opt/airflow/dags/spark_example.py
[2025-01-19T18:08:31.488+0000] {processor.py:914} INFO - Processing file /opt/airflow/dags/spark_example.py for tasks to queue
[2025-01-19T18:08:31.490+0000] {logging_mixin.py:190} INFO - [2025-01-19T18:08:31.490+0000] {dagbag.py:588} INFO - Filling up the DagBag from /opt/airflow/dags/spark_example.py
[2025-01-19T18:08:31.506+0000] {processor.py:925} INFO - DAG(s) 'spark_example' retrieved from /opt/airflow/dags/spark_example.py
[2025-01-19T18:08:31.555+0000] {logging_mixin.py:190} INFO - [2025-01-19T18:08:31.555+0000] {dag.py:3239} INFO - Sync 1 DAGs
[2025-01-19T18:08:31.587+0000] {logging_mixin.py:190} INFO - [2025-01-19T18:08:31.587+0000] {dag.py:4180} INFO - Setting next_dagrun for spark_example to None, run_after=None
[2025-01-19T18:08:31.615+0000] {processor.py:208} INFO - Processing /opt/airflow/dags/spark_example.py took 0.133 seconds
[2025-01-19T18:09:02.197+0000] {processor.py:186} INFO - Started process (PID=38) to work on /opt/airflow/dags/spark_example.py
[2025-01-19T18:09:02.198+0000] {processor.py:914} INFO - Processing file /opt/airflow/dags/spark_example.py for tasks to queue
[2025-01-19T18:09:02.199+0000] {logging_mixin.py:190} INFO - [2025-01-19T18:09:02.199+0000] {dagbag.py:588} INFO - Filling up the DagBag from /opt/airflow/dags/spark_example.py
[2025-01-19T18:09:02.205+0000] {processor.py:925} INFO - DAG(s) 'spark_example' retrieved from /opt/airflow/dags/spark_example.py
[2025-01-19T18:09:02.226+0000] {logging_mixin.py:190} INFO - [2025-01-19T18:09:02.226+0000] {dag.py:3239} INFO - Sync 1 DAGs
[2025-01-19T18:09:02.238+0000] {logging_mixin.py:190} INFO - [2025-01-19T18:09:02.238+0000] {dag.py:4180} INFO - Setting next_dagrun for spark_example to None, run_after=None
[2025-01-19T18:09:02.253+0000] {processor.py:208} INFO - Processing /opt/airflow/dags/spark_example.py took 0.061 seconds
[2025-01-19T18:09:32.598+0000] {processor.py:186} INFO - Started process (PID=47) to work on /opt/airflow/dags/spark_example.py
[2025-01-19T18:09:32.599+0000] {processor.py:914} INFO - Processing file /opt/airflow/dags/spark_example.py for tasks to queue
[2025-01-19T18:09:32.600+0000] {logging_mixin.py:190} INFO - [2025-01-19T18:09:32.600+0000] {dagbag.py:588} INFO - Filling up the DagBag from /opt/airflow/dags/spark_example.py
[2025-01-19T18:09:32.606+0000] {processor.py:925} INFO - DAG(s) 'spark_example' retrieved from /opt/airflow/dags/spark_example.py
[2025-01-19T18:09:32.627+0000] {logging_mixin.py:190} INFO - [2025-01-19T18:09:32.627+0000] {dag.py:3239} INFO - Sync 1 DAGs
[2025-01-19T18:09:32.639+0000] {logging_mixin.py:190} INFO - [2025-01-19T18:09:32.639+0000] {dag.py:4180} INFO - Setting next_dagrun for spark_example to None, run_after=None
[2025-01-19T18:09:32.654+0000] {processor.py:208} INFO - Processing /opt/airflow/dags/spark_example.py took 0.061 seconds
[2025-01-19T18:10:03.096+0000] {processor.py:186} INFO - Started process (PID=56) to work on /opt/airflow/dags/spark_example.py
[2025-01-19T18:10:03.097+0000] {processor.py:914} INFO - Processing file /opt/airflow/dags/spark_example.py for tasks to queue
[2025-01-19T18:10:03.099+0000] {logging_mixin.py:190} INFO - [2025-01-19T18:10:03.099+0000] {dagbag.py:588} INFO - Filling up the DagBag from /opt/airflow/dags/spark_example.py
[2025-01-19T18:10:03.106+0000] {processor.py:925} INFO - DAG(s) 'spark_example' retrieved from /opt/airflow/dags/spark_example.py
[2025-01-19T18:10:03.134+0000] {logging_mixin.py:190} INFO - [2025-01-19T18:10:03.134+0000] {dag.py:3239} INFO - Sync 1 DAGs
[2025-01-19T18:10:03.150+0000] {logging_mixin.py:190} INFO - [2025-01-19T18:10:03.150+0000] {dag.py:4180} INFO - Setting next_dagrun for spark_example to None, run_after=None
[2025-01-19T18:10:03.168+0000] {processor.py:208} INFO - Processing /opt/airflow/dags/spark_example.py took 0.078 seconds
