[2025-01-18T19:12:37.846+0000] {local_task_job_runner.py:123} INFO - ::group::Pre task execution logs
[2025-01-18T19:12:37.861+0000] {taskinstance.py:2613} INFO - Dependencies all met for dep_context=non-requeueable deps ti=<TaskInstance: spark_clickhouse_example.spark_submit_job manual__2025-01-18T19:12:36.132419+00:00 [queued]>
[2025-01-18T19:12:37.870+0000] {taskinstance.py:2613} INFO - Dependencies all met for dep_context=requeueable deps ti=<TaskInstance: spark_clickhouse_example.spark_submit_job manual__2025-01-18T19:12:36.132419+00:00 [queued]>
[2025-01-18T19:12:37.870+0000] {taskinstance.py:2866} INFO - Starting attempt 1 of 1
[2025-01-18T19:12:37.883+0000] {taskinstance.py:2889} INFO - Executing <Task(SparkSubmitOperator): spark_submit_job> on 2025-01-18 19:12:36.132419+00:00
[2025-01-18T19:12:37.891+0000] {warnings.py:112} WARNING - /home/***/.local/lib/python3.12/site-packages/***/task/task_runner/standard_task_runner.py:70: DeprecationWarning: This process (pid=96) is multi-threaded, use of fork() may lead to deadlocks in the child.
  pid = os.fork()

[2025-01-18T19:12:37.892+0000] {standard_task_runner.py:72} INFO - Started process 97 to run task
[2025-01-18T19:12:37.891+0000] {standard_task_runner.py:104} INFO - Running: ['***', 'tasks', 'run', 'spark_clickhouse_example', 'spark_submit_job', 'manual__2025-01-18T19:12:36.132419+00:00', '--job-id', '42', '--raw', '--subdir', 'DAGS_FOLDER/test_spark_clickhouse.py', '--cfg-path', '/tmp/tmpvfzsbl7r']
[2025-01-18T19:12:37.892+0000] {standard_task_runner.py:105} INFO - Job 42: Subtask spark_submit_job
[2025-01-18T19:12:37.925+0000] {task_command.py:467} INFO - Running <TaskInstance: spark_clickhouse_example.spark_submit_job manual__2025-01-18T19:12:36.132419+00:00 [running]> on host 471d7521a401
[2025-01-18T19:12:37.999+0000] {taskinstance.py:3132} INFO - Exporting env vars: AIRFLOW_CTX_DAG_OWNER='TKO' AIRFLOW_CTX_DAG_ID='spark_clickhouse_example' AIRFLOW_CTX_TASK_ID='spark_submit_job' AIRFLOW_CTX_EXECUTION_DATE='2025-01-18T19:12:36.132419+00:00' AIRFLOW_CTX_TRY_NUMBER='1' AIRFLOW_CTX_DAG_RUN_ID='manual__2025-01-18T19:12:36.132419+00:00'
[2025-01-18T19:12:38.000+0000] {taskinstance.py:731} INFO - ::endgroup::
[2025-01-18T19:12:38.009+0000] {base.py:84} INFO - Retrieving connection 'spark'
[2025-01-18T19:12:38.010+0000] {spark_submit.py:327} ERROR - Failed to decode base64 keytab: Incorrect padding
[2025-01-18T19:12:38.011+0000] {spark_submit.py:304} INFO - Could not load connection string spark, defaulting to spark://spark-master:7077
[2025-01-18T19:12:38.013+0000] {spark_submit.py:473} INFO - Spark-Submit cmd: spark-submit --master spark://spark-master:7077 --num-executors 1 --total-executor-cores 1 --executor-cores 1 --executor-memory 12g --driver-memory 12g --name arrow-spark --verbose --deploy-mode client dags/spark_app/spark_1.py
[2025-01-18T19:12:40.525+0000] {spark_submit.py:634} INFO - Using properties file: null
[2025-01-18T19:12:40.651+0000] {spark_submit.py:634} INFO - Parsed arguments:
[2025-01-18T19:12:40.652+0000] {spark_submit.py:634} INFO - master                  spark://spark-master:7077
[2025-01-18T19:12:40.652+0000] {spark_submit.py:634} INFO - remote                  null
[2025-01-18T19:12:40.652+0000] {spark_submit.py:634} INFO - deployMode              client
[2025-01-18T19:12:40.652+0000] {spark_submit.py:634} INFO - executorMemory          12g
[2025-01-18T19:12:40.653+0000] {spark_submit.py:634} INFO - executorCores           1
[2025-01-18T19:12:40.653+0000] {spark_submit.py:634} INFO - totalExecutorCores      1
[2025-01-18T19:12:40.653+0000] {spark_submit.py:634} INFO - propertiesFile          null
[2025-01-18T19:12:40.653+0000] {spark_submit.py:634} INFO - driverMemory            12g
[2025-01-18T19:12:40.653+0000] {spark_submit.py:634} INFO - driverCores             null
[2025-01-18T19:12:40.654+0000] {spark_submit.py:634} INFO - driverExtraClassPath    null
[2025-01-18T19:12:40.654+0000] {spark_submit.py:634} INFO - driverExtraLibraryPath  null
[2025-01-18T19:12:40.654+0000] {spark_submit.py:634} INFO - driverExtraJavaOptions  null
[2025-01-18T19:12:40.654+0000] {spark_submit.py:634} INFO - supervise               false
[2025-01-18T19:12:40.654+0000] {spark_submit.py:634} INFO - queue                   null
[2025-01-18T19:12:40.654+0000] {spark_submit.py:634} INFO - numExecutors            1
[2025-01-18T19:12:40.655+0000] {spark_submit.py:634} INFO - files                   null
[2025-01-18T19:12:40.655+0000] {spark_submit.py:634} INFO - pyFiles                 null
[2025-01-18T19:12:40.655+0000] {spark_submit.py:634} INFO - archives                null
[2025-01-18T19:12:40.655+0000] {spark_submit.py:634} INFO - mainClass               null
[2025-01-18T19:12:40.655+0000] {spark_submit.py:634} INFO - primaryResource         file:/opt/***/dags/spark_app/spark_1.py
[2025-01-18T19:12:40.656+0000] {spark_submit.py:634} INFO - name                    arrow-spark
[2025-01-18T19:12:40.656+0000] {spark_submit.py:634} INFO - childArgs               []
[2025-01-18T19:12:40.656+0000] {spark_submit.py:634} INFO - jars                    null
[2025-01-18T19:12:40.656+0000] {spark_submit.py:634} INFO - packages                null
[2025-01-18T19:12:40.656+0000] {spark_submit.py:634} INFO - packagesExclusions      null
[2025-01-18T19:12:40.656+0000] {spark_submit.py:634} INFO - repositories            null
[2025-01-18T19:12:40.657+0000] {spark_submit.py:634} INFO - verbose                 true
[2025-01-18T19:12:40.657+0000] {spark_submit.py:634} INFO - 
[2025-01-18T19:12:40.657+0000] {spark_submit.py:634} INFO - Spark properties used, including those specified through
[2025-01-18T19:12:40.657+0000] {spark_submit.py:634} INFO - --conf and those from the properties file null:
[2025-01-18T19:12:40.657+0000] {spark_submit.py:634} INFO - (spark.driver.memory,12g)
[2025-01-18T19:12:40.657+0000] {spark_submit.py:634} INFO - 
[2025-01-18T19:12:40.658+0000] {spark_submit.py:634} INFO - 
[2025-01-18T19:12:41.071+0000] {spark_submit.py:634} INFO - Main class:
[2025-01-18T19:12:41.071+0000] {spark_submit.py:634} INFO - org.apache.spark.deploy.PythonRunner
[2025-01-18T19:12:41.072+0000] {spark_submit.py:634} INFO - Arguments:
[2025-01-18T19:12:41.072+0000] {spark_submit.py:634} INFO - file:/opt/***/dags/spark_app/spark_1.py
[2025-01-18T19:12:41.072+0000] {spark_submit.py:634} INFO - null
[2025-01-18T19:12:41.074+0000] {spark_submit.py:634} INFO - Spark config:
[2025-01-18T19:12:41.074+0000] {spark_submit.py:634} INFO - (spark.app.name,arrow-spark)
[2025-01-18T19:12:41.074+0000] {spark_submit.py:634} INFO - (spark.app.submitTime,1737227561055)
[2025-01-18T19:12:41.075+0000] {spark_submit.py:634} INFO - (spark.cores.max,1)
[2025-01-18T19:12:41.075+0000] {spark_submit.py:634} INFO - (spark.driver.memory,12g)
[2025-01-18T19:12:41.075+0000] {spark_submit.py:634} INFO - (spark.executor.cores,1)
[2025-01-18T19:12:41.075+0000] {spark_submit.py:634} INFO - (spark.executor.memory,12g)
[2025-01-18T19:12:41.075+0000] {spark_submit.py:634} INFO - (spark.master,spark://spark-master:7077)
[2025-01-18T19:12:41.076+0000] {spark_submit.py:634} INFO - (spark.submit.deployMode,client)
[2025-01-18T19:12:41.076+0000] {spark_submit.py:634} INFO - (spark.submit.pyFiles,)
[2025-01-18T19:12:41.076+0000] {spark_submit.py:634} INFO - Classpath elements:
[2025-01-18T19:12:41.076+0000] {spark_submit.py:634} INFO - 
[2025-01-18T19:12:41.076+0000] {spark_submit.py:634} INFO - 
[2025-01-18T19:12:41.077+0000] {spark_submit.py:634} INFO - 
[2025-01-18T19:12:42.245+0000] {spark_submit.py:634} INFO - 25/01/18 19:12:42 INFO SparkContext: Running Spark version 3.5.4
[2025-01-18T19:12:42.247+0000] {spark_submit.py:634} INFO - 25/01/18 19:12:42 INFO SparkContext: OS info Linux, 5.10.0-33-cloud-amd64, amd64
[2025-01-18T19:12:42.247+0000] {spark_submit.py:634} INFO - 25/01/18 19:12:42 INFO SparkContext: Java version 17.0.13
[2025-01-18T19:12:42.331+0000] {spark_submit.py:634} INFO - 25/01/18 19:12:42 WARN NativeCodeLoader: Unable to load native-hadoop library for your platform... using builtin-java classes where applicable
[2025-01-18T19:12:42.461+0000] {spark_submit.py:634} INFO - 25/01/18 19:12:42 INFO ResourceUtils: ==============================================================
[2025-01-18T19:12:42.462+0000] {spark_submit.py:634} INFO - 25/01/18 19:12:42 INFO ResourceUtils: No custom resources configured for spark.driver.
[2025-01-18T19:12:42.462+0000] {spark_submit.py:634} INFO - 25/01/18 19:12:42 INFO ResourceUtils: ==============================================================
[2025-01-18T19:12:42.462+0000] {spark_submit.py:634} INFO - 25/01/18 19:12:42 INFO SparkContext: Submitted application: ExampleJob111
[2025-01-18T19:12:42.488+0000] {spark_submit.py:634} INFO - 25/01/18 19:12:42 INFO ResourceProfile: Default ResourceProfile created, executor resources: Map(cores -> name: cores, amount: 1, script: , vendor: , memory -> name: memory, amount: 12288, script: , vendor: , offHeap -> name: offHeap, amount: 0, script: , vendor: ), task resources: Map(cpus -> name: cpus, amount: 1.0)
[2025-01-18T19:12:42.497+0000] {spark_submit.py:634} INFO - 25/01/18 19:12:42 INFO ResourceProfile: Limiting resource is cpus at 1 tasks per executor
[2025-01-18T19:12:42.499+0000] {spark_submit.py:634} INFO - 25/01/18 19:12:42 INFO ResourceProfileManager: Added ResourceProfile id: 0
[2025-01-18T19:12:42.574+0000] {spark_submit.py:634} INFO - 25/01/18 19:12:42 INFO SecurityManager: Changing view acls to: default
[2025-01-18T19:12:42.574+0000] {spark_submit.py:634} INFO - 25/01/18 19:12:42 INFO SecurityManager: Changing modify acls to: default
[2025-01-18T19:12:42.574+0000] {spark_submit.py:634} INFO - 25/01/18 19:12:42 INFO SecurityManager: Changing view acls groups to:
[2025-01-18T19:12:42.575+0000] {spark_submit.py:634} INFO - 25/01/18 19:12:42 INFO SecurityManager: Changing modify acls groups to:
[2025-01-18T19:12:42.575+0000] {spark_submit.py:634} INFO - 25/01/18 19:12:42 INFO SecurityManager: SecurityManager: authentication disabled; ui acls disabled; users with view permissions: default; groups with view permissions: EMPTY; users with modify permissions: default; groups with modify permissions: EMPTY
[2025-01-18T19:12:42.868+0000] {spark_submit.py:634} INFO - 25/01/18 19:12:42 INFO Utils: Successfully started service 'sparkDriver' on port 34177.
[2025-01-18T19:12:42.914+0000] {spark_submit.py:634} INFO - 25/01/18 19:12:42 INFO SparkEnv: Registering MapOutputTracker
[2025-01-18T19:12:42.966+0000] {spark_submit.py:634} INFO - 25/01/18 19:12:42 INFO SparkEnv: Registering BlockManagerMaster
[2025-01-18T19:12:42.992+0000] {spark_submit.py:634} INFO - 25/01/18 19:12:42 INFO BlockManagerMasterEndpoint: Using org.apache.spark.storage.DefaultTopologyMapper for getting topology information
[2025-01-18T19:12:42.993+0000] {spark_submit.py:634} INFO - 25/01/18 19:12:42 INFO BlockManagerMasterEndpoint: BlockManagerMasterEndpoint up
[2025-01-18T19:12:42.998+0000] {spark_submit.py:634} INFO - 25/01/18 19:12:42 INFO SparkEnv: Registering BlockManagerMasterHeartbeat
[2025-01-18T19:12:43.032+0000] {spark_submit.py:634} INFO - 25/01/18 19:12:43 INFO DiskBlockManager: Created local directory at /tmp/blockmgr-cfc05dc8-ed07-4eef-9598-4a4ac3e1cccd
[2025-01-18T19:12:43.049+0000] {spark_submit.py:634} INFO - 25/01/18 19:12:43 INFO MemoryStore: MemoryStore started with capacity 7.0 GiB
[2025-01-18T19:12:43.063+0000] {spark_submit.py:634} INFO - 25/01/18 19:12:43 INFO SparkEnv: Registering OutputCommitCoordinator
[2025-01-18T19:12:43.237+0000] {spark_submit.py:634} INFO - 25/01/18 19:12:43 INFO JettyUtils: Start Jetty 0.0.0.0:4040 for SparkUI
[2025-01-18T19:12:43.297+0000] {spark_submit.py:634} INFO - 25/01/18 19:12:43 INFO Utils: Successfully started service 'SparkUI' on port 4040.
[2025-01-18T19:12:43.468+0000] {spark_submit.py:634} INFO - 25/01/18 19:12:43 INFO StandaloneAppClient$ClientEndpoint: Connecting to master spark://spark-master:7077...
[2025-01-18T19:12:43.513+0000] {spark_submit.py:634} INFO - 25/01/18 19:12:43 INFO TransportClientFactory: Successfully created connection to spark-master/172.18.0.8:7077 after 26 ms (0 ms spent in bootstraps)
[2025-01-18T19:12:43.661+0000] {spark_submit.py:634} INFO - 25/01/18 19:12:43 INFO StandaloneSchedulerBackend: Connected to Spark cluster with app ID app-20250118191243-0000
[2025-01-18T19:12:43.678+0000] {spark_submit.py:634} INFO - 25/01/18 19:12:43 INFO Utils: Successfully started service 'org.apache.spark.network.netty.NettyBlockTransferService' on port 44243.
[2025-01-18T19:12:43.679+0000] {spark_submit.py:634} INFO - 25/01/18 19:12:43 INFO NettyBlockTransferService: Server created on 471d7521a401:44243
[2025-01-18T19:12:43.681+0000] {spark_submit.py:634} INFO - 25/01/18 19:12:43 INFO BlockManager: Using org.apache.spark.storage.RandomBlockReplicationPolicy for block replication policy
[2025-01-18T19:12:43.689+0000] {spark_submit.py:634} INFO - 25/01/18 19:12:43 INFO BlockManagerMaster: Registering BlockManager BlockManagerId(driver, 471d7521a401, 44243, None)
[2025-01-18T19:12:43.693+0000] {spark_submit.py:634} INFO - 25/01/18 19:12:43 INFO BlockManagerMasterEndpoint: Registering block manager 471d7521a401:44243 with 7.0 GiB RAM, BlockManagerId(driver, 471d7521a401, 44243, None)
[2025-01-18T19:12:43.695+0000] {spark_submit.py:634} INFO - 25/01/18 19:12:43 INFO BlockManagerMaster: Registered BlockManager BlockManagerId(driver, 471d7521a401, 44243, None)
[2025-01-18T19:12:43.697+0000] {spark_submit.py:634} INFO - 25/01/18 19:12:43 INFO BlockManager: Initialized BlockManager: BlockManagerId(driver, 471d7521a401, 44243, None)
[2025-01-18T19:12:43.739+0000] {spark_submit.py:634} INFO - 25/01/18 19:12:43 INFO StandaloneAppClient$ClientEndpoint: Executor added: app-20250118191243-0000/0 on worker-20250118191013-172.18.0.9-45481 (172.18.0.9:45481) with 1 core(s)
[2025-01-18T19:12:43.740+0000] {spark_submit.py:634} INFO - 25/01/18 19:12:43 INFO StandaloneSchedulerBackend: Granted executor ID app-20250118191243-0000/0 on hostPort 172.18.0.9:45481 with 1 core(s), 12.0 GiB RAM
[2025-01-18T19:12:43.923+0000] {spark_submit.py:634} INFO - 25/01/18 19:12:43 INFO StandaloneAppClient$ClientEndpoint: Executor updated: app-20250118191243-0000/0 is now RUNNING
[2025-01-18T19:12:44.032+0000] {spark_submit.py:634} INFO - 25/01/18 19:12:44 INFO StandaloneSchedulerBackend: SchedulerBackend is ready for scheduling beginning after reached minRegisteredResourcesRatio: 0.0
[2025-01-18T19:12:45.116+0000] {spark_submit.py:634} INFO - 25/01/18 19:12:45 INFO SharedState: Setting hive.metastore.warehouse.dir ('null') to the value of spark.sql.warehouse.dir.
[2025-01-18T19:12:45.139+0000] {spark_submit.py:634} INFO - 25/01/18 19:12:45 INFO SharedState: Warehouse path is 'file:/opt/***/spark-warehouse'.
[2025-01-18T19:12:46.484+0000] {spark_submit.py:634} INFO - 25/01/18 19:12:46 INFO StandaloneSchedulerBackend$StandaloneDriverEndpoint: Registered executor NettyRpcEndpointRef(spark-client://Executor) (172.18.0.9:39478) with ID 0,  ResourceProfileId 0
[2025-01-18T19:12:46.586+0000] {spark_submit.py:634} INFO - 25/01/18 19:12:46 INFO BlockManagerMasterEndpoint: Registering block manager 172.18.0.9:42869 with 7.0 GiB RAM, BlockManagerId(0, 172.18.0.9, 42869, None)
[2025-01-18T19:12:47.957+0000] {spark_submit.py:634} INFO - 25/01/18 19:12:47 INFO FileOutputCommitter: File Output Committer Algorithm version is 1
[2025-01-18T19:12:47.958+0000] {spark_submit.py:634} INFO - 25/01/18 19:12:47 INFO FileOutputCommitter: FileOutputCommitter skip cleanup _temporary folders under output directory:false, ignore cleanup failures: false
[2025-01-18T19:12:47.959+0000] {spark_submit.py:634} INFO - 25/01/18 19:12:47 INFO SQLHadoopMapReduceCommitProtocol: Using output committer class org.apache.hadoop.mapreduce.lib.output.FileOutputCommitter
[2025-01-18T19:12:48.228+0000] {spark_submit.py:634} INFO - 25/01/18 19:12:48 INFO CodeGenerator: Code generated in 200.021273 ms
[2025-01-18T19:12:48.250+0000] {spark_submit.py:634} INFO - 25/01/18 19:12:48 INFO SparkContext: Starting job: csv at NativeMethodAccessorImpl.java:0
[2025-01-18T19:12:48.259+0000] {spark_submit.py:634} INFO - 25/01/18 19:12:48 INFO DAGScheduler: Got job 0 (csv at NativeMethodAccessorImpl.java:0) with 2 output partitions
[2025-01-18T19:12:48.259+0000] {spark_submit.py:634} INFO - 25/01/18 19:12:48 INFO DAGScheduler: Final stage: ResultStage 0 (csv at NativeMethodAccessorImpl.java:0)
[2025-01-18T19:12:48.260+0000] {spark_submit.py:634} INFO - 25/01/18 19:12:48 INFO DAGScheduler: Parents of final stage: List()
[2025-01-18T19:12:48.260+0000] {spark_submit.py:634} INFO - 25/01/18 19:12:48 INFO DAGScheduler: Missing parents: List()
[2025-01-18T19:12:48.262+0000] {spark_submit.py:634} INFO - 25/01/18 19:12:48 INFO DAGScheduler: Submitting ResultStage 0 (MapPartitionsRDD[6] at csv at NativeMethodAccessorImpl.java:0), which has no missing parents
[2025-01-18T19:12:48.374+0000] {spark_submit.py:634} INFO - 25/01/18 19:12:48 INFO MemoryStore: Block broadcast_0 stored as values in memory (estimated size 214.9 KiB, free 7.0 GiB)
[2025-01-18T19:12:48.400+0000] {spark_submit.py:634} INFO - 25/01/18 19:12:48 INFO MemoryStore: Block broadcast_0_piece0 stored as bytes in memory (estimated size 78.4 KiB, free 7.0 GiB)
[2025-01-18T19:12:48.401+0000] {spark_submit.py:634} INFO - 25/01/18 19:12:48 INFO BlockManagerInfo: Added broadcast_0_piece0 in memory on 471d7521a401:44243 (size: 78.4 KiB, free: 7.0 GiB)
[2025-01-18T19:12:48.404+0000] {spark_submit.py:634} INFO - 25/01/18 19:12:48 INFO SparkContext: Created broadcast 0 from broadcast at DAGScheduler.scala:1585
[2025-01-18T19:12:48.417+0000] {spark_submit.py:634} INFO - 25/01/18 19:12:48 INFO DAGScheduler: Submitting 2 missing tasks from ResultStage 0 (MapPartitionsRDD[6] at csv at NativeMethodAccessorImpl.java:0) (first 15 tasks are for partitions Vector(0, 1))
[2025-01-18T19:12:48.418+0000] {spark_submit.py:634} INFO - 25/01/18 19:12:48 INFO TaskSchedulerImpl: Adding task set 0.0 with 2 tasks resource profile 0
[2025-01-18T19:12:48.438+0000] {spark_submit.py:634} INFO - 25/01/18 19:12:48 INFO TaskSetManager: Starting task 0.0 in stage 0.0 (TID 0) (172.18.0.9, executor 0, partition 0, PROCESS_LOCAL, 9020 bytes)
[2025-01-18T19:12:48.676+0000] {spark_submit.py:634} INFO - 25/01/18 19:12:48 INFO BlockManagerInfo: Added broadcast_0_piece0 in memory on 172.18.0.9:42869 (size: 78.4 KiB, free: 7.0 GiB)
[2025-01-18T19:12:50.620+0000] {spark_submit.py:634} INFO - 25/01/18 19:12:50 INFO TaskSetManager: Starting task 1.0 in stage 0.0 (TID 1) (172.18.0.9, executor 0, partition 1, PROCESS_LOCAL, 9057 bytes)
[2025-01-18T19:12:50.630+0000] {spark_submit.py:634} INFO - 25/01/18 19:12:50 INFO TaskSetManager: Finished task 0.0 in stage 0.0 (TID 0) in 2198 ms on 172.18.0.9 (executor 0) (1/2)
[2025-01-18T19:12:50.644+0000] {spark_submit.py:634} INFO - 25/01/18 19:12:50 INFO PythonAccumulatorV2: Connected to AccumulatorServer at host: 127.0.0.1 port: 56155
[2025-01-18T19:12:50.769+0000] {spark_submit.py:634} INFO - 25/01/18 19:12:50 INFO TaskSetManager: Finished task 1.0 in stage 0.0 (TID 1) in 153 ms on 172.18.0.9 (executor 0) (2/2)
[2025-01-18T19:12:50.770+0000] {spark_submit.py:634} INFO - 25/01/18 19:12:50 INFO TaskSchedulerImpl: Removed TaskSet 0.0, whose tasks have all completed, from pool
[2025-01-18T19:12:50.771+0000] {spark_submit.py:634} INFO - 25/01/18 19:12:50 INFO DAGScheduler: ResultStage 0 (csv at NativeMethodAccessorImpl.java:0) finished in 2.497 s
[2025-01-18T19:12:50.774+0000] {spark_submit.py:634} INFO - 25/01/18 19:12:50 INFO DAGScheduler: Job 0 is finished. Cancelling potential speculative or zombie tasks for this job
[2025-01-18T19:12:50.774+0000] {spark_submit.py:634} INFO - 25/01/18 19:12:50 INFO TaskSchedulerImpl: Killing all running tasks in stage 0: Stage finished
[2025-01-18T19:12:50.776+0000] {spark_submit.py:634} INFO - 25/01/18 19:12:50 INFO DAGScheduler: Job 0 finished: csv at NativeMethodAccessorImpl.java:0, took 2.524951 s
[2025-01-18T19:12:50.778+0000] {spark_submit.py:634} INFO - 25/01/18 19:12:50 INFO FileFormatWriter: Start to commit write Job 20625426-d73a-4dda-aac5-6e41be875615.
[2025-01-18T19:12:50.799+0000] {spark_submit.py:634} INFO - 25/01/18 19:12:50 INFO FileFormatWriter: Write Job 20625426-d73a-4dda-aac5-6e41be875615 committed. Elapsed time: 20 ms.
[2025-01-18T19:12:50.803+0000] {spark_submit.py:634} INFO - 25/01/18 19:12:50 INFO FileFormatWriter: Finished processing stats for write job 20625426-d73a-4dda-aac5-6e41be875615.
[2025-01-18T19:12:50.857+0000] {spark_submit.py:634} INFO - 25/01/18 19:12:50 INFO InMemoryFileIndex: It took 17 ms to list leaf files for 1 paths.
[2025-01-18T19:12:50.897+0000] {spark_submit.py:634} INFO - 25/01/18 19:12:50 INFO InMemoryFileIndex: It took 1 ms to list leaf files for 1 paths.
[2025-01-18T19:12:51.624+0000] {spark_submit.py:634} INFO - 25/01/18 19:12:51 INFO BlockManagerInfo: Removed broadcast_0_piece0 on 471d7521a401:44243 in memory (size: 78.4 KiB, free: 7.0 GiB)
[2025-01-18T19:12:51.638+0000] {spark_submit.py:634} INFO - 25/01/18 19:12:51 INFO BlockManagerInfo: Removed broadcast_0_piece0 on 172.18.0.9:42869 in memory (size: 78.4 KiB, free: 7.0 GiB)
[2025-01-18T19:12:51.884+0000] {spark_submit.py:634} INFO - 25/01/18 19:12:51 INFO FileSourceStrategy: Pushed Filters:
[2025-01-18T19:12:51.886+0000] {spark_submit.py:634} INFO - 25/01/18 19:12:51 INFO FileSourceStrategy: Post-Scan Filters: (length(trim(value#6, None)) > 0)
[2025-01-18T19:12:51.927+0000] {spark_submit.py:634} INFO - 25/01/18 19:12:51 INFO CodeGenerator: Code generated in 13.094653 ms
[2025-01-18T19:12:51.944+0000] {spark_submit.py:634} INFO - 25/01/18 19:12:51 INFO MemoryStore: Block broadcast_1 stored as values in memory (estimated size 200.3 KiB, free 7.0 GiB)
[2025-01-18T19:12:51.955+0000] {spark_submit.py:634} INFO - 25/01/18 19:12:51 INFO MemoryStore: Block broadcast_1_piece0 stored as bytes in memory (estimated size 34.4 KiB, free 7.0 GiB)
[2025-01-18T19:12:51.955+0000] {spark_submit.py:634} INFO - 25/01/18 19:12:51 INFO BlockManagerInfo: Added broadcast_1_piece0 in memory on 471d7521a401:44243 (size: 34.4 KiB, free: 7.0 GiB)
[2025-01-18T19:12:51.956+0000] {spark_submit.py:634} INFO - 25/01/18 19:12:51 INFO SparkContext: Created broadcast 1 from csv at NativeMethodAccessorImpl.java:0
[2025-01-18T19:12:51.966+0000] {spark_submit.py:634} INFO - 25/01/18 19:12:51 INFO FileSourceScanExec: Planning scan with bin packing, max size: 4194304 bytes, open cost is considered as scanning 4194304 bytes.
[2025-01-18T19:12:52.007+0000] {spark_submit.py:634} INFO - 25/01/18 19:12:52 INFO SparkContext: Starting job: csv at NativeMethodAccessorImpl.java:0
[2025-01-18T19:12:52.008+0000] {spark_submit.py:634} INFO - 25/01/18 19:12:52 INFO DAGScheduler: Got job 1 (csv at NativeMethodAccessorImpl.java:0) with 1 output partitions
[2025-01-18T19:12:52.008+0000] {spark_submit.py:634} INFO - 25/01/18 19:12:52 INFO DAGScheduler: Final stage: ResultStage 1 (csv at NativeMethodAccessorImpl.java:0)
[2025-01-18T19:12:52.009+0000] {spark_submit.py:634} INFO - 25/01/18 19:12:52 INFO DAGScheduler: Parents of final stage: List()
[2025-01-18T19:12:52.009+0000] {spark_submit.py:634} INFO - 25/01/18 19:12:52 INFO DAGScheduler: Missing parents: List()
[2025-01-18T19:12:52.009+0000] {spark_submit.py:634} INFO - 25/01/18 19:12:52 INFO DAGScheduler: Submitting ResultStage 1 (MapPartitionsRDD[10] at csv at NativeMethodAccessorImpl.java:0), which has no missing parents
[2025-01-18T19:12:52.025+0000] {spark_submit.py:634} INFO - 25/01/18 19:12:52 INFO MemoryStore: Block broadcast_2 stored as values in memory (estimated size 13.5 KiB, free 7.0 GiB)
[2025-01-18T19:12:52.027+0000] {spark_submit.py:634} INFO - 25/01/18 19:12:52 INFO MemoryStore: Block broadcast_2_piece0 stored as bytes in memory (estimated size 6.4 KiB, free 7.0 GiB)
[2025-01-18T19:12:52.028+0000] {spark_submit.py:634} INFO - 25/01/18 19:12:52 INFO BlockManagerInfo: Added broadcast_2_piece0 in memory on 471d7521a401:44243 (size: 6.4 KiB, free: 7.0 GiB)
[2025-01-18T19:12:52.029+0000] {spark_submit.py:634} INFO - 25/01/18 19:12:52 INFO SparkContext: Created broadcast 2 from broadcast at DAGScheduler.scala:1585
[2025-01-18T19:12:52.030+0000] {spark_submit.py:634} INFO - 25/01/18 19:12:52 INFO DAGScheduler: Submitting 1 missing tasks from ResultStage 1 (MapPartitionsRDD[10] at csv at NativeMethodAccessorImpl.java:0) (first 15 tasks are for partitions Vector(0))
[2025-01-18T19:12:52.030+0000] {spark_submit.py:634} INFO - 25/01/18 19:12:52 INFO TaskSchedulerImpl: Adding task set 1.0 with 1 tasks resource profile 0
[2025-01-18T19:12:52.033+0000] {spark_submit.py:634} INFO - 25/01/18 19:12:52 INFO TaskSetManager: Starting task 0.0 in stage 1.0 (TID 2) (172.18.0.9, executor 0, partition 0, PROCESS_LOCAL, 9602 bytes)
[2025-01-18T19:12:52.059+0000] {spark_submit.py:634} INFO - 25/01/18 19:12:52 INFO BlockManagerInfo: Added broadcast_2_piece0 in memory on 172.18.0.9:42869 (size: 6.4 KiB, free: 7.0 GiB)
[2025-01-18T19:12:52.302+0000] {spark_submit.py:634} INFO - 25/01/18 19:12:52 INFO BlockManagerInfo: Added broadcast_1_piece0 in memory on 172.18.0.9:42869 (size: 34.4 KiB, free: 7.0 GiB)
[2025-01-18T19:12:52.399+0000] {spark_submit.py:634} INFO - 25/01/18 19:12:52 INFO TaskSetManager: Finished task 0.0 in stage 1.0 (TID 2) in 368 ms on 172.18.0.9 (executor 0) (1/1)
[2025-01-18T19:12:52.400+0000] {spark_submit.py:634} INFO - 25/01/18 19:12:52 INFO TaskSchedulerImpl: Removed TaskSet 1.0, whose tasks have all completed, from pool
[2025-01-18T19:12:52.400+0000] {spark_submit.py:634} INFO - 25/01/18 19:12:52 INFO DAGScheduler: ResultStage 1 (csv at NativeMethodAccessorImpl.java:0) finished in 0.389 s
[2025-01-18T19:12:52.401+0000] {spark_submit.py:634} INFO - 25/01/18 19:12:52 INFO DAGScheduler: Job 1 is finished. Cancelling potential speculative or zombie tasks for this job
[2025-01-18T19:12:52.401+0000] {spark_submit.py:634} INFO - 25/01/18 19:12:52 INFO TaskSchedulerImpl: Killing all running tasks in stage 1: Stage finished
[2025-01-18T19:12:52.401+0000] {spark_submit.py:634} INFO - 25/01/18 19:12:52 INFO DAGScheduler: Job 1 finished: csv at NativeMethodAccessorImpl.java:0, took 0.393803 s
[2025-01-18T19:12:52.420+0000] {spark_submit.py:634} INFO - 25/01/18 19:12:52 INFO CodeGenerator: Code generated in 10.715774 ms
[2025-01-18T19:12:52.460+0000] {spark_submit.py:634} INFO - 25/01/18 19:12:52 INFO FileSourceStrategy: Pushed Filters:
[2025-01-18T19:12:52.460+0000] {spark_submit.py:634} INFO - 25/01/18 19:12:52 INFO FileSourceStrategy: Post-Scan Filters:
[2025-01-18T19:12:52.468+0000] {spark_submit.py:634} INFO - 25/01/18 19:12:52 INFO MemoryStore: Block broadcast_3 stored as values in memory (estimated size 200.3 KiB, free 7.0 GiB)
[2025-01-18T19:12:52.478+0000] {spark_submit.py:634} INFO - 25/01/18 19:12:52 INFO MemoryStore: Block broadcast_3_piece0 stored as bytes in memory (estimated size 34.4 KiB, free 7.0 GiB)
[2025-01-18T19:12:52.479+0000] {spark_submit.py:634} INFO - 25/01/18 19:12:52 INFO BlockManagerInfo: Added broadcast_3_piece0 in memory on 471d7521a401:44243 (size: 34.4 KiB, free: 7.0 GiB)
[2025-01-18T19:12:52.480+0000] {spark_submit.py:634} INFO - 25/01/18 19:12:52 INFO SparkContext: Created broadcast 3 from csv at NativeMethodAccessorImpl.java:0
[2025-01-18T19:12:52.481+0000] {spark_submit.py:634} INFO - 25/01/18 19:12:52 INFO FileSourceScanExec: Planning scan with bin packing, max size: 4194304 bytes, open cost is considered as scanning 4194304 bytes.
[2025-01-18T19:12:52.521+0000] {spark_submit.py:634} INFO - 25/01/18 19:12:52 INFO SparkContext: Starting job: csv at NativeMethodAccessorImpl.java:0
[2025-01-18T19:12:52.522+0000] {spark_submit.py:634} INFO - 25/01/18 19:12:52 INFO DAGScheduler: Got job 2 (csv at NativeMethodAccessorImpl.java:0) with 1 output partitions
[2025-01-18T19:12:52.522+0000] {spark_submit.py:634} INFO - 25/01/18 19:12:52 INFO DAGScheduler: Final stage: ResultStage 2 (csv at NativeMethodAccessorImpl.java:0)
[2025-01-18T19:12:52.522+0000] {spark_submit.py:634} INFO - 25/01/18 19:12:52 INFO DAGScheduler: Parents of final stage: List()
[2025-01-18T19:12:52.523+0000] {spark_submit.py:634} INFO - 25/01/18 19:12:52 INFO DAGScheduler: Missing parents: List()
[2025-01-18T19:12:52.523+0000] {spark_submit.py:634} INFO - 25/01/18 19:12:52 INFO DAGScheduler: Submitting ResultStage 2 (MapPartitionsRDD[16] at csv at NativeMethodAccessorImpl.java:0), which has no missing parents
[2025-01-18T19:12:52.536+0000] {spark_submit.py:634} INFO - 25/01/18 19:12:52 INFO MemoryStore: Block broadcast_4 stored as values in memory (estimated size 27.7 KiB, free 7.0 GiB)
[2025-01-18T19:12:52.538+0000] {spark_submit.py:634} INFO - 25/01/18 19:12:52 INFO MemoryStore: Block broadcast_4_piece0 stored as bytes in memory (estimated size 12.8 KiB, free 7.0 GiB)
[2025-01-18T19:12:52.538+0000] {spark_submit.py:634} INFO - 25/01/18 19:12:52 INFO BlockManagerInfo: Added broadcast_4_piece0 in memory on 471d7521a401:44243 (size: 12.8 KiB, free: 7.0 GiB)
[2025-01-18T19:12:52.539+0000] {spark_submit.py:634} INFO - 25/01/18 19:12:52 INFO SparkContext: Created broadcast 4 from broadcast at DAGScheduler.scala:1585
[2025-01-18T19:12:52.540+0000] {spark_submit.py:634} INFO - 25/01/18 19:12:52 INFO DAGScheduler: Submitting 1 missing tasks from ResultStage 2 (MapPartitionsRDD[16] at csv at NativeMethodAccessorImpl.java:0) (first 15 tasks are for partitions Vector(0))
[2025-01-18T19:12:52.540+0000] {spark_submit.py:634} INFO - 25/01/18 19:12:52 INFO TaskSchedulerImpl: Adding task set 2.0 with 1 tasks resource profile 0
[2025-01-18T19:12:52.541+0000] {spark_submit.py:634} INFO - 25/01/18 19:12:52 INFO TaskSetManager: Starting task 0.0 in stage 2.0 (TID 3) (172.18.0.9, executor 0, partition 0, PROCESS_LOCAL, 9602 bytes)
[2025-01-18T19:12:52.558+0000] {spark_submit.py:634} INFO - 25/01/18 19:12:52 INFO BlockManagerInfo: Added broadcast_4_piece0 in memory on 172.18.0.9:42869 (size: 12.8 KiB, free: 7.0 GiB)
[2025-01-18T19:12:53.586+0000] {spark_submit.py:634} INFO - 25/01/18 19:12:53 INFO BlockManagerInfo: Added broadcast_3_piece0 in memory on 172.18.0.9:42869 (size: 34.4 KiB, free: 7.0 GiB)
[2025-01-18T19:12:53.644+0000] {spark_submit.py:634} INFO - 25/01/18 19:12:53 INFO TaskSetManager: Finished task 0.0 in stage 2.0 (TID 3) in 1103 ms on 172.18.0.9 (executor 0) (1/1)
[2025-01-18T19:12:53.645+0000] {spark_submit.py:634} INFO - 25/01/18 19:12:53 INFO TaskSchedulerImpl: Removed TaskSet 2.0, whose tasks have all completed, from pool
[2025-01-18T19:12:53.645+0000] {spark_submit.py:634} INFO - 25/01/18 19:12:53 INFO DAGScheduler: ResultStage 2 (csv at NativeMethodAccessorImpl.java:0) finished in 1.121 s
[2025-01-18T19:12:53.646+0000] {spark_submit.py:634} INFO - 25/01/18 19:12:53 INFO DAGScheduler: Job 2 is finished. Cancelling potential speculative or zombie tasks for this job
[2025-01-18T19:12:53.646+0000] {spark_submit.py:634} INFO - 25/01/18 19:12:53 INFO TaskSchedulerImpl: Killing all running tasks in stage 2: Stage finished
[2025-01-18T19:12:53.647+0000] {spark_submit.py:634} INFO - 25/01/18 19:12:53 INFO DAGScheduler: Job 2 finished: csv at NativeMethodAccessorImpl.java:0, took 1.125725 s
[2025-01-18T19:12:53.675+0000] {spark_submit.py:634} INFO - 25/01/18 19:12:53 INFO FileSourceStrategy: Pushed Filters:
[2025-01-18T19:12:53.675+0000] {spark_submit.py:634} INFO - 25/01/18 19:12:53 INFO FileSourceStrategy: Post-Scan Filters:
[2025-01-18T19:12:53.711+0000] {spark_submit.py:634} INFO - 25/01/18 19:12:53 INFO CodeGenerator: Code generated in 10.579431 ms
[2025-01-18T19:12:53.715+0000] {spark_submit.py:634} INFO - 25/01/18 19:12:53 INFO MemoryStore: Block broadcast_5 stored as values in memory (estimated size 200.2 KiB, free 7.0 GiB)
[2025-01-18T19:12:53.738+0000] {spark_submit.py:634} INFO - 25/01/18 19:12:53 INFO BlockManagerInfo: Removed broadcast_3_piece0 on 172.18.0.9:42869 in memory (size: 34.4 KiB, free: 7.0 GiB)
[2025-01-18T19:12:53.738+0000] {spark_submit.py:634} INFO - 25/01/18 19:12:53 INFO BlockManagerInfo: Removed broadcast_3_piece0 on 471d7521a401:44243 in memory (size: 34.4 KiB, free: 7.0 GiB)
[2025-01-18T19:12:53.739+0000] {spark_submit.py:634} INFO - 25/01/18 19:12:53 INFO MemoryStore: Block broadcast_5_piece0 stored as bytes in memory (estimated size 34.4 KiB, free 7.0 GiB)
[2025-01-18T19:12:53.740+0000] {spark_submit.py:634} INFO - 25/01/18 19:12:53 INFO BlockManagerInfo: Added broadcast_5_piece0 in memory on 471d7521a401:44243 (size: 34.4 KiB, free: 7.0 GiB)
[2025-01-18T19:12:53.744+0000] {spark_submit.py:634} INFO - 25/01/18 19:12:53 INFO SparkContext: Created broadcast 5 from showString at NativeMethodAccessorImpl.java:0
[2025-01-18T19:12:53.747+0000] {spark_submit.py:634} INFO - 25/01/18 19:12:53 INFO FileSourceScanExec: Planning scan with bin packing, max size: 4194304 bytes, open cost is considered as scanning 4194304 bytes.
[2025-01-18T19:12:53.755+0000] {spark_submit.py:634} INFO - 25/01/18 19:12:53 INFO BlockManagerInfo: Removed broadcast_4_piece0 on 471d7521a401:44243 in memory (size: 12.8 KiB, free: 7.0 GiB)
[2025-01-18T19:12:53.756+0000] {spark_submit.py:634} INFO - 25/01/18 19:12:53 INFO BlockManagerInfo: Removed broadcast_4_piece0 on 172.18.0.9:42869 in memory (size: 12.8 KiB, free: 7.0 GiB)
[2025-01-18T19:12:53.759+0000] {spark_submit.py:634} INFO - 25/01/18 19:12:53 INFO SparkContext: Starting job: showString at NativeMethodAccessorImpl.java:0
[2025-01-18T19:12:53.761+0000] {spark_submit.py:634} INFO - 25/01/18 19:12:53 INFO DAGScheduler: Got job 3 (showString at NativeMethodAccessorImpl.java:0) with 1 output partitions
[2025-01-18T19:12:53.761+0000] {spark_submit.py:634} INFO - 25/01/18 19:12:53 INFO DAGScheduler: Final stage: ResultStage 3 (showString at NativeMethodAccessorImpl.java:0)
[2025-01-18T19:12:53.761+0000] {spark_submit.py:634} INFO - 25/01/18 19:12:53 INFO DAGScheduler: Parents of final stage: List()
[2025-01-18T19:12:53.761+0000] {spark_submit.py:634} INFO - 25/01/18 19:12:53 INFO DAGScheduler: Missing parents: List()
[2025-01-18T19:12:53.761+0000] {spark_submit.py:634} INFO - 25/01/18 19:12:53 INFO DAGScheduler: Submitting ResultStage 3 (MapPartitionsRDD[20] at showString at NativeMethodAccessorImpl.java:0), which has no missing parents
[2025-01-18T19:12:53.764+0000] {spark_submit.py:634} INFO - 25/01/18 19:12:53 INFO MemoryStore: Block broadcast_6 stored as values in memory (estimated size 15.2 KiB, free 7.0 GiB)
[2025-01-18T19:12:53.766+0000] {spark_submit.py:634} INFO - 25/01/18 19:12:53 INFO MemoryStore: Block broadcast_6_piece0 stored as bytes in memory (estimated size 7.5 KiB, free 7.0 GiB)
[2025-01-18T19:12:53.766+0000] {spark_submit.py:634} INFO - 25/01/18 19:12:53 INFO BlockManagerInfo: Added broadcast_6_piece0 in memory on 471d7521a401:44243 (size: 7.5 KiB, free: 7.0 GiB)
[2025-01-18T19:12:53.767+0000] {spark_submit.py:634} INFO - 25/01/18 19:12:53 INFO SparkContext: Created broadcast 6 from broadcast at DAGScheduler.scala:1585
[2025-01-18T19:12:53.768+0000] {spark_submit.py:634} INFO - 25/01/18 19:12:53 INFO DAGScheduler: Submitting 1 missing tasks from ResultStage 3 (MapPartitionsRDD[20] at showString at NativeMethodAccessorImpl.java:0) (first 15 tasks are for partitions Vector(0))
[2025-01-18T19:12:53.768+0000] {spark_submit.py:634} INFO - 25/01/18 19:12:53 INFO TaskSchedulerImpl: Adding task set 3.0 with 1 tasks resource profile 0
[2025-01-18T19:12:53.769+0000] {spark_submit.py:634} INFO - 25/01/18 19:12:53 INFO TaskSetManager: Starting task 0.0 in stage 3.0 (TID 4) (172.18.0.9, executor 0, partition 0, PROCESS_LOCAL, 9602 bytes)
[2025-01-18T19:12:53.777+0000] {spark_submit.py:634} INFO - 25/01/18 19:12:53 INFO BlockManagerInfo: Removed broadcast_1_piece0 on 471d7521a401:44243 in memory (size: 34.4 KiB, free: 7.0 GiB)
[2025-01-18T19:12:53.781+0000] {spark_submit.py:634} INFO - 25/01/18 19:12:53 INFO BlockManagerInfo: Removed broadcast_1_piece0 on 172.18.0.9:42869 in memory (size: 34.4 KiB, free: 7.0 GiB)
[2025-01-18T19:12:53.785+0000] {spark_submit.py:634} INFO - 25/01/18 19:12:53 INFO BlockManagerInfo: Added broadcast_6_piece0 in memory on 172.18.0.9:42869 (size: 7.5 KiB, free: 7.0 GiB)
[2025-01-18T19:12:53.789+0000] {spark_submit.py:634} INFO - 25/01/18 19:12:53 INFO BlockManagerInfo: Removed broadcast_2_piece0 on 471d7521a401:44243 in memory (size: 6.4 KiB, free: 7.0 GiB)
[2025-01-18T19:12:53.791+0000] {spark_submit.py:634} INFO - 25/01/18 19:12:53 INFO BlockManagerInfo: Removed broadcast_2_piece0 on 172.18.0.9:42869 in memory (size: 6.4 KiB, free: 7.0 GiB)
[2025-01-18T19:12:53.827+0000] {spark_submit.py:634} INFO - 25/01/18 19:12:53 INFO BlockManagerInfo: Added broadcast_5_piece0 in memory on 172.18.0.9:42869 (size: 34.4 KiB, free: 7.0 GiB)
[2025-01-18T19:12:53.887+0000] {spark_submit.py:634} INFO - 25/01/18 19:12:53 INFO TaskSetManager: Finished task 0.0 in stage 3.0 (TID 4) in 117 ms on 172.18.0.9 (executor 0) (1/1)
[2025-01-18T19:12:53.888+0000] {spark_submit.py:634} INFO - 25/01/18 19:12:53 INFO TaskSchedulerImpl: Removed TaskSet 3.0, whose tasks have all completed, from pool
[2025-01-18T19:12:53.888+0000] {spark_submit.py:634} INFO - 25/01/18 19:12:53 INFO DAGScheduler: ResultStage 3 (showString at NativeMethodAccessorImpl.java:0) finished in 0.125 s
[2025-01-18T19:12:53.888+0000] {spark_submit.py:634} INFO - 25/01/18 19:12:53 INFO DAGScheduler: Job 3 is finished. Cancelling potential speculative or zombie tasks for this job
[2025-01-18T19:12:53.889+0000] {spark_submit.py:634} INFO - 25/01/18 19:12:53 INFO TaskSchedulerImpl: Killing all running tasks in stage 3: Stage finished
[2025-01-18T19:12:53.891+0000] {spark_submit.py:634} INFO - 25/01/18 19:12:53 INFO DAGScheduler: Job 3 finished: showString at NativeMethodAccessorImpl.java:0, took 0.129186 s
[2025-01-18T19:12:53.904+0000] {spark_submit.py:634} INFO - 25/01/18 19:12:53 INFO CodeGenerator: Code generated in 10.190774 ms
[2025-01-18T19:12:53.909+0000] {spark_submit.py:634} INFO - +-------+-----+
[2025-01-18T19:12:53.910+0000] {spark_submit.py:634} INFO - |   Name|Value|
[2025-01-18T19:12:53.910+0000] {spark_submit.py:634} INFO - +-------+-----+
[2025-01-18T19:12:53.910+0000] {spark_submit.py:634} INFO - |  Alice|    1|
[2025-01-18T19:12:53.910+0000] {spark_submit.py:634} INFO - |    Bob|    2|
[2025-01-18T19:12:53.910+0000] {spark_submit.py:634} INFO - |Charlie|    3|
[2025-01-18T19:12:53.910+0000] {spark_submit.py:634} INFO - +-------+-----+
[2025-01-18T19:12:53.911+0000] {spark_submit.py:634} INFO - 
[2025-01-18T19:12:53.927+0000] {spark_submit.py:634} INFO - 25/01/18 19:12:53 INFO FileSourceStrategy: Pushed Filters:
[2025-01-18T19:12:53.928+0000] {spark_submit.py:634} INFO - 25/01/18 19:12:53 INFO FileSourceStrategy: Post-Scan Filters:
[2025-01-18T19:12:53.942+0000] {spark_submit.py:634} INFO - 25/01/18 19:12:53 INFO MemoryStore: Block broadcast_7 stored as values in memory (estimated size 200.2 KiB, free 7.0 GiB)
[2025-01-18T19:12:53.949+0000] {spark_submit.py:634} INFO - 25/01/18 19:12:53 INFO MemoryStore: Block broadcast_7_piece0 stored as bytes in memory (estimated size 34.4 KiB, free 7.0 GiB)
[2025-01-18T19:12:53.950+0000] {spark_submit.py:634} INFO - 25/01/18 19:12:53 INFO BlockManagerInfo: Added broadcast_7_piece0 in memory on 471d7521a401:44243 (size: 34.4 KiB, free: 7.0 GiB)
[2025-01-18T19:12:53.951+0000] {spark_submit.py:634} INFO - 25/01/18 19:12:53 INFO SparkContext: Created broadcast 7 from showString at NativeMethodAccessorImpl.java:0
[2025-01-18T19:12:53.952+0000] {spark_submit.py:634} INFO - 25/01/18 19:12:53 INFO FileSourceScanExec: Planning scan with bin packing, max size: 4194304 bytes, open cost is considered as scanning 4194304 bytes.
[2025-01-18T19:12:53.960+0000] {spark_submit.py:634} INFO - 25/01/18 19:12:53 INFO SparkContext: Starting job: showString at NativeMethodAccessorImpl.java:0
[2025-01-18T19:12:53.960+0000] {spark_submit.py:634} INFO - 25/01/18 19:12:53 INFO DAGScheduler: Got job 4 (showString at NativeMethodAccessorImpl.java:0) with 1 output partitions
[2025-01-18T19:12:53.961+0000] {spark_submit.py:634} INFO - 25/01/18 19:12:53 INFO DAGScheduler: Final stage: ResultStage 4 (showString at NativeMethodAccessorImpl.java:0)
[2025-01-18T19:12:53.961+0000] {spark_submit.py:634} INFO - 25/01/18 19:12:53 INFO DAGScheduler: Parents of final stage: List()
[2025-01-18T19:12:53.961+0000] {spark_submit.py:634} INFO - 25/01/18 19:12:53 INFO DAGScheduler: Missing parents: List()
[2025-01-18T19:12:53.961+0000] {spark_submit.py:634} INFO - 25/01/18 19:12:53 INFO DAGScheduler: Submitting ResultStage 4 (MapPartitionsRDD[24] at showString at NativeMethodAccessorImpl.java:0), which has no missing parents
[2025-01-18T19:12:53.963+0000] {spark_submit.py:634} INFO - 25/01/18 19:12:53 INFO MemoryStore: Block broadcast_8 stored as values in memory (estimated size 15.2 KiB, free 7.0 GiB)
[2025-01-18T19:12:53.964+0000] {spark_submit.py:634} INFO - 25/01/18 19:12:53 INFO MemoryStore: Block broadcast_8_piece0 stored as bytes in memory (estimated size 7.4 KiB, free 7.0 GiB)
[2025-01-18T19:12:53.965+0000] {spark_submit.py:634} INFO - 25/01/18 19:12:53 INFO BlockManagerInfo: Added broadcast_8_piece0 in memory on 471d7521a401:44243 (size: 7.4 KiB, free: 7.0 GiB)
[2025-01-18T19:12:53.965+0000] {spark_submit.py:634} INFO - 25/01/18 19:12:53 INFO SparkContext: Created broadcast 8 from broadcast at DAGScheduler.scala:1585
[2025-01-18T19:12:53.966+0000] {spark_submit.py:634} INFO - 25/01/18 19:12:53 INFO DAGScheduler: Submitting 1 missing tasks from ResultStage 4 (MapPartitionsRDD[24] at showString at NativeMethodAccessorImpl.java:0) (first 15 tasks are for partitions Vector(0))
[2025-01-18T19:12:53.966+0000] {spark_submit.py:634} INFO - 25/01/18 19:12:53 INFO TaskSchedulerImpl: Adding task set 4.0 with 1 tasks resource profile 0
[2025-01-18T19:12:53.967+0000] {spark_submit.py:634} INFO - 25/01/18 19:12:53 INFO TaskSetManager: Starting task 0.0 in stage 4.0 (TID 5) (172.18.0.9, executor 0, partition 0, PROCESS_LOCAL, 9602 bytes)
[2025-01-18T19:12:53.982+0000] {spark_submit.py:634} INFO - 25/01/18 19:12:53 INFO BlockManagerInfo: Added broadcast_8_piece0 in memory on 172.18.0.9:42869 (size: 7.4 KiB, free: 7.0 GiB)
[2025-01-18T19:12:54.001+0000] {spark_submit.py:634} INFO - 25/01/18 19:12:54 INFO BlockManagerInfo: Added broadcast_7_piece0 in memory on 172.18.0.9:42869 (size: 34.4 KiB, free: 7.0 GiB)
[2025-01-18T19:12:54.023+0000] {spark_submit.py:634} INFO - 25/01/18 19:12:54 INFO TaskSetManager: Finished task 0.0 in stage 4.0 (TID 5) in 54 ms on 172.18.0.9 (executor 0) (1/1)
[2025-01-18T19:12:54.023+0000] {spark_submit.py:634} INFO - 25/01/18 19:12:54 INFO TaskSchedulerImpl: Removed TaskSet 4.0, whose tasks have all completed, from pool
[2025-01-18T19:12:54.023+0000] {spark_submit.py:634} INFO - 25/01/18 19:12:54 INFO DAGScheduler: ResultStage 4 (showString at NativeMethodAccessorImpl.java:0) finished in 0.060 s
[2025-01-18T19:12:54.023+0000] {spark_submit.py:634} INFO - 25/01/18 19:12:54 INFO DAGScheduler: Job 4 is finished. Cancelling potential speculative or zombie tasks for this job
[2025-01-18T19:12:54.024+0000] {spark_submit.py:634} INFO - 25/01/18 19:12:54 INFO TaskSchedulerImpl: Killing all running tasks in stage 4: Stage finished
[2025-01-18T19:12:54.024+0000] {spark_submit.py:634} INFO - 25/01/18 19:12:54 INFO DAGScheduler: Job 4 finished: showString at NativeMethodAccessorImpl.java:0, took 0.063061 s
[2025-01-18T19:12:54.027+0000] {spark_submit.py:634} INFO - +-------+-----+
[2025-01-18T19:12:54.028+0000] {spark_submit.py:634} INFO - |   Name|Value|
[2025-01-18T19:12:54.028+0000] {spark_submit.py:634} INFO - +-------+-----+
[2025-01-18T19:12:54.028+0000] {spark_submit.py:634} INFO - |  Alice|    1|
[2025-01-18T19:12:54.028+0000] {spark_submit.py:634} INFO - |    Bob|    2|
[2025-01-18T19:12:54.028+0000] {spark_submit.py:634} INFO - |Charlie|    3|
[2025-01-18T19:12:54.028+0000] {spark_submit.py:634} INFO - +-------+-----+
[2025-01-18T19:12:54.029+0000] {spark_submit.py:634} INFO - 
[2025-01-18T19:12:54.310+0000] {spark_submit.py:634} INFO - 25/01/18 19:12:54 INFO FileSourceStrategy: Pushed Filters:
[2025-01-18T19:12:54.310+0000] {spark_submit.py:634} INFO - 25/01/18 19:12:54 INFO FileSourceStrategy: Post-Scan Filters:
[2025-01-18T19:12:54.317+0000] {spark_submit.py:634} INFO - 25/01/18 19:12:54 INFO MemoryStore: Block broadcast_9 stored as values in memory (estimated size 200.2 KiB, free 7.0 GiB)
[2025-01-18T19:12:54.332+0000] {spark_submit.py:634} INFO - 25/01/18 19:12:54 INFO BlockManagerInfo: Removed broadcast_7_piece0 on 471d7521a401:44243 in memory (size: 34.4 KiB, free: 7.0 GiB)
[2025-01-18T19:12:54.336+0000] {spark_submit.py:634} INFO - 25/01/18 19:12:54 INFO MemoryStore: Block broadcast_9_piece0 stored as bytes in memory (estimated size 34.4 KiB, free 7.0 GiB)
[2025-01-18T19:12:54.336+0000] {spark_submit.py:634} INFO - 25/01/18 19:12:54 INFO BlockManagerInfo: Removed broadcast_7_piece0 on 172.18.0.9:42869 in memory (size: 34.4 KiB, free: 7.0 GiB)
[2025-01-18T19:12:54.339+0000] {spark_submit.py:634} INFO - 25/01/18 19:12:54 INFO BlockManagerInfo: Added broadcast_9_piece0 in memory on 471d7521a401:44243 (size: 34.4 KiB, free: 7.0 GiB)
[2025-01-18T19:12:54.340+0000] {spark_submit.py:634} INFO - 25/01/18 19:12:54 INFO SparkContext: Created broadcast 9 from toPandas at /opt/***/dags/spark_app/spark_1.py:16
[2025-01-18T19:12:54.340+0000] {spark_submit.py:634} INFO - 25/01/18 19:12:54 INFO FileSourceScanExec: Planning scan with bin packing, max size: 4194304 bytes, open cost is considered as scanning 4194304 bytes.
[2025-01-18T19:12:54.348+0000] {spark_submit.py:634} INFO - 25/01/18 19:12:54 INFO BlockManagerInfo: Removed broadcast_6_piece0 on 471d7521a401:44243 in memory (size: 7.5 KiB, free: 7.0 GiB)
[2025-01-18T19:12:54.349+0000] {spark_submit.py:634} INFO - 25/01/18 19:12:54 INFO SparkContext: Starting job: toPandas at /opt/***/dags/spark_app/spark_1.py:16
[2025-01-18T19:12:54.350+0000] {spark_submit.py:634} INFO - 25/01/18 19:12:54 INFO DAGScheduler: Got job 5 (toPandas at /opt/***/dags/spark_app/spark_1.py:16) with 1 output partitions
[2025-01-18T19:12:54.351+0000] {spark_submit.py:634} INFO - 25/01/18 19:12:54 INFO DAGScheduler: Final stage: ResultStage 5 (toPandas at /opt/***/dags/spark_app/spark_1.py:16)
[2025-01-18T19:12:54.351+0000] {spark_submit.py:634} INFO - 25/01/18 19:12:54 INFO DAGScheduler: Parents of final stage: List()
[2025-01-18T19:12:54.351+0000] {spark_submit.py:634} INFO - 25/01/18 19:12:54 INFO DAGScheduler: Missing parents: List()
[2025-01-18T19:12:54.351+0000] {spark_submit.py:634} INFO - 25/01/18 19:12:54 INFO DAGScheduler: Submitting ResultStage 5 (MapPartitionsRDD[27] at toPandas at /opt/***/dags/spark_app/spark_1.py:16), which has no missing parents
[2025-01-18T19:12:54.356+0000] {spark_submit.py:634} INFO - 25/01/18 19:12:54 INFO MemoryStore: Block broadcast_10 stored as values in memory (estimated size 11.8 KiB, free 7.0 GiB)
[2025-01-18T19:12:54.357+0000] {spark_submit.py:634} INFO - 25/01/18 19:12:54 INFO MemoryStore: Block broadcast_10_piece0 stored as bytes in memory (estimated size 6.2 KiB, free 7.0 GiB)
[2025-01-18T19:12:54.360+0000] {spark_submit.py:634} INFO - 25/01/18 19:12:54 INFO BlockManagerInfo: Added broadcast_10_piece0 in memory on 471d7521a401:44243 (size: 6.2 KiB, free: 7.0 GiB)
[2025-01-18T19:12:54.360+0000] {spark_submit.py:634} INFO - 25/01/18 19:12:54 INFO SparkContext: Created broadcast 10 from broadcast at DAGScheduler.scala:1585
[2025-01-18T19:12:54.361+0000] {spark_submit.py:634} INFO - 25/01/18 19:12:54 INFO BlockManagerInfo: Removed broadcast_6_piece0 on 172.18.0.9:42869 in memory (size: 7.5 KiB, free: 7.0 GiB)
[2025-01-18T19:12:54.361+0000] {spark_submit.py:634} INFO - 25/01/18 19:12:54 INFO DAGScheduler: Submitting 1 missing tasks from ResultStage 5 (MapPartitionsRDD[27] at toPandas at /opt/***/dags/spark_app/spark_1.py:16) (first 15 tasks are for partitions Vector(0))
[2025-01-18T19:12:54.361+0000] {spark_submit.py:634} INFO - 25/01/18 19:12:54 INFO TaskSchedulerImpl: Adding task set 5.0 with 1 tasks resource profile 0
[2025-01-18T19:12:54.361+0000] {spark_submit.py:634} INFO - 25/01/18 19:12:54 INFO TaskSetManager: Starting task 0.0 in stage 5.0 (TID 6) (172.18.0.9, executor 0, partition 0, PROCESS_LOCAL, 9602 bytes)
[2025-01-18T19:12:54.390+0000] {spark_submit.py:634} INFO - 25/01/18 19:12:54 INFO BlockManagerInfo: Added broadcast_10_piece0 in memory on 172.18.0.9:42869 (size: 6.2 KiB, free: 7.0 GiB)
[2025-01-18T19:12:54.399+0000] {spark_submit.py:634} INFO - 25/01/18 19:12:54 INFO BlockManagerInfo: Removed broadcast_5_piece0 on 471d7521a401:44243 in memory (size: 34.4 KiB, free: 7.0 GiB)
[2025-01-18T19:12:54.409+0000] {spark_submit.py:634} INFO - 25/01/18 19:12:54 INFO BlockManagerInfo: Removed broadcast_5_piece0 on 172.18.0.9:42869 in memory (size: 34.4 KiB, free: 7.0 GiB)
[2025-01-18T19:12:54.420+0000] {spark_submit.py:634} INFO - 25/01/18 19:12:54 INFO BlockManagerInfo: Added broadcast_9_piece0 in memory on 172.18.0.9:42869 (size: 34.4 KiB, free: 7.0 GiB)
[2025-01-18T19:12:54.444+0000] {spark_submit.py:634} INFO - 25/01/18 19:12:54 INFO TaskSetManager: Finished task 0.0 in stage 5.0 (TID 6) in 83 ms on 172.18.0.9 (executor 0) (1/1)
[2025-01-18T19:12:54.444+0000] {spark_submit.py:634} INFO - 25/01/18 19:12:54 INFO TaskSchedulerImpl: Removed TaskSet 5.0, whose tasks have all completed, from pool
[2025-01-18T19:12:54.445+0000] {spark_submit.py:634} INFO - 25/01/18 19:12:54 INFO DAGScheduler: ResultStage 5 (toPandas at /opt/***/dags/spark_app/spark_1.py:16) finished in 0.091 s
[2025-01-18T19:12:54.445+0000] {spark_submit.py:634} INFO - 25/01/18 19:12:54 INFO DAGScheduler: Job 5 is finished. Cancelling potential speculative or zombie tasks for this job
[2025-01-18T19:12:54.445+0000] {spark_submit.py:634} INFO - 25/01/18 19:12:54 INFO TaskSchedulerImpl: Killing all running tasks in stage 5: Stage finished
[2025-01-18T19:12:54.446+0000] {spark_submit.py:634} INFO - 25/01/18 19:12:54 INFO DAGScheduler: Job 5 finished: toPandas at /opt/***/dags/spark_app/spark_1.py:16, took 0.095811 s
[2025-01-18T19:12:54.448+0000] {spark_submit.py:634} INFO - 25/01/18 19:12:54 INFO BlockManagerInfo: Removed broadcast_8_piece0 on 471d7521a401:44243 in memory (size: 7.4 KiB, free: 7.0 GiB)
[2025-01-18T19:12:54.459+0000] {spark_submit.py:634} INFO - 25/01/18 19:12:54 INFO BlockManagerInfo: Removed broadcast_8_piece0 on 172.18.0.9:42869 in memory (size: 7.4 KiB, free: 7.0 GiB)
[2025-01-18T19:12:54.490+0000] {spark_submit.py:634} INFO - 25/01/18 19:12:54 INFO SparkContext: SparkContext is stopping with exitCode 0.
[2025-01-18T19:12:54.499+0000] {spark_submit.py:634} INFO - 25/01/18 19:12:54 INFO SparkUI: Stopped Spark web UI at http://471d7521a401:4040
[2025-01-18T19:12:54.501+0000] {spark_submit.py:634} INFO - 25/01/18 19:12:54 INFO StandaloneSchedulerBackend: Shutting down all executors
[2025-01-18T19:12:54.501+0000] {spark_submit.py:634} INFO - 25/01/18 19:12:54 INFO StandaloneSchedulerBackend$StandaloneDriverEndpoint: Asking each executor to shut down
[2025-01-18T19:12:54.538+0000] {spark_submit.py:634} INFO - 25/01/18 19:12:54 INFO MapOutputTrackerMasterEndpoint: MapOutputTrackerMasterEndpoint stopped!
[2025-01-18T19:12:54.567+0000] {spark_submit.py:634} INFO - 25/01/18 19:12:54 INFO MemoryStore: MemoryStore cleared
[2025-01-18T19:12:54.567+0000] {spark_submit.py:634} INFO - 25/01/18 19:12:54 INFO BlockManager: BlockManager stopped
[2025-01-18T19:12:54.574+0000] {spark_submit.py:634} INFO - 25/01/18 19:12:54 INFO BlockManagerMaster: BlockManagerMaster stopped
[2025-01-18T19:12:54.576+0000] {spark_submit.py:634} INFO - 25/01/18 19:12:54 INFO OutputCommitCoordinator$OutputCommitCoordinatorEndpoint: OutputCommitCoordinator stopped!
[2025-01-18T19:12:54.585+0000] {spark_submit.py:634} INFO - 25/01/18 19:12:54 INFO SparkContext: Successfully stopped SparkContext
[2025-01-18T19:12:54.892+0000] {spark_submit.py:634} INFO - 25/01/18 19:12:54 INFO ShutdownHookManager: Shutdown hook called
[2025-01-18T19:12:54.893+0000] {spark_submit.py:634} INFO - 25/01/18 19:12:54 INFO ShutdownHookManager: Deleting directory /tmp/spark-c11bd8ff-d477-499f-ad23-2d1e3f6b4a7c
[2025-01-18T19:12:54.896+0000] {spark_submit.py:634} INFO - 25/01/18 19:12:54 INFO ShutdownHookManager: Deleting directory /tmp/spark-d50c1753-fbe5-48b0-b0a1-a1f35bc21d74/pyspark-821daf64-897e-4581-82fa-2fdd880f844e
[2025-01-18T19:12:54.899+0000] {spark_submit.py:634} INFO - 25/01/18 19:12:54 INFO ShutdownHookManager: Deleting directory /tmp/spark-d50c1753-fbe5-48b0-b0a1-a1f35bc21d74
[2025-01-18T19:12:54.935+0000] {taskinstance.py:340} INFO - ::group::Post task execution logs
[2025-01-18T19:12:54.936+0000] {taskinstance.py:352} INFO - Marking task as SUCCESS. dag_id=spark_clickhouse_example, task_id=spark_submit_job, run_id=manual__2025-01-18T19:12:36.132419+00:00, execution_date=20250118T191236, start_date=20250118T191237, end_date=20250118T191254
[2025-01-18T19:12:54.988+0000] {local_task_job_runner.py:266} INFO - Task exited with return code 0
[2025-01-18T19:12:55.004+0000] {taskinstance.py:3895} INFO - 1 downstream tasks scheduled from follow-on schedule check
[2025-01-18T19:12:55.006+0000] {local_task_job_runner.py:245} INFO - ::endgroup::
