[2025-02-04T19:44:58.876+0000] {processor.py:186} INFO - Started process (PID=30) to work on /opt/airflow/dags/spark_example.py
[2025-02-04T19:44:58.877+0000] {processor.py:914} INFO - Processing file /opt/airflow/dags/spark_example.py for tasks to queue
[2025-02-04T19:44:58.879+0000] {logging_mixin.py:190} INFO - [2025-02-04T19:44:58.879+0000] {dagbag.py:588} INFO - Filling up the DagBag from /opt/airflow/dags/spark_example.py
[2025-02-04T19:44:58.891+0000] {processor.py:925} INFO - DAG(s) 'spark_example' retrieved from /opt/airflow/dags/spark_example.py
[2025-02-04T19:44:58.922+0000] {logging_mixin.py:190} INFO - [2025-02-04T19:44:58.921+0000] {dag.py:3239} INFO - Sync 1 DAGs
[2025-02-04T19:44:58.943+0000] {logging_mixin.py:190} INFO - [2025-02-04T19:44:58.942+0000] {dag.py:4180} INFO - Setting next_dagrun for spark_example to None, run_after=None
[2025-02-04T19:44:58.979+0000] {processor.py:208} INFO - Processing /opt/airflow/dags/spark_example.py took 0.121 seconds
[2025-02-04T19:45:29.531+0000] {processor.py:186} INFO - Started process (PID=38) to work on /opt/airflow/dags/spark_example.py
[2025-02-04T19:45:29.534+0000] {processor.py:914} INFO - Processing file /opt/airflow/dags/spark_example.py for tasks to queue
[2025-02-04T19:45:29.536+0000] {logging_mixin.py:190} INFO - [2025-02-04T19:45:29.536+0000] {dagbag.py:588} INFO - Filling up the DagBag from /opt/airflow/dags/spark_example.py
[2025-02-04T19:45:29.541+0000] {processor.py:925} INFO - DAG(s) 'spark_example' retrieved from /opt/airflow/dags/spark_example.py
[2025-02-04T19:45:29.565+0000] {logging_mixin.py:190} INFO - [2025-02-04T19:45:29.565+0000] {dag.py:3239} INFO - Sync 1 DAGs
[2025-02-04T19:45:29.576+0000] {logging_mixin.py:190} INFO - [2025-02-04T19:45:29.576+0000] {dag.py:4180} INFO - Setting next_dagrun for spark_example to None, run_after=None
[2025-02-04T19:45:29.590+0000] {processor.py:208} INFO - Processing /opt/airflow/dags/spark_example.py took 0.063 seconds
[2025-02-04T19:45:59.865+0000] {processor.py:186} INFO - Started process (PID=47) to work on /opt/airflow/dags/spark_example.py
[2025-02-04T19:45:59.865+0000] {processor.py:914} INFO - Processing file /opt/airflow/dags/spark_example.py for tasks to queue
[2025-02-04T19:45:59.867+0000] {logging_mixin.py:190} INFO - [2025-02-04T19:45:59.866+0000] {dagbag.py:588} INFO - Filling up the DagBag from /opt/airflow/dags/spark_example.py
[2025-02-04T19:45:59.872+0000] {processor.py:925} INFO - DAG(s) 'spark_example' retrieved from /opt/airflow/dags/spark_example.py
[2025-02-04T19:45:59.896+0000] {logging_mixin.py:190} INFO - [2025-02-04T19:45:59.896+0000] {dag.py:3239} INFO - Sync 1 DAGs
[2025-02-04T19:45:59.911+0000] {logging_mixin.py:190} INFO - [2025-02-04T19:45:59.911+0000] {dag.py:4180} INFO - Setting next_dagrun for spark_example to None, run_after=None
[2025-02-04T19:45:59.928+0000] {processor.py:208} INFO - Processing /opt/airflow/dags/spark_example.py took 0.068 seconds
[2025-02-04T19:46:30.325+0000] {processor.py:186} INFO - Started process (PID=56) to work on /opt/airflow/dags/spark_example.py
[2025-02-04T19:46:30.326+0000] {processor.py:914} INFO - Processing file /opt/airflow/dags/spark_example.py for tasks to queue
[2025-02-04T19:46:30.327+0000] {logging_mixin.py:190} INFO - [2025-02-04T19:46:30.327+0000] {dagbag.py:588} INFO - Filling up the DagBag from /opt/airflow/dags/spark_example.py
[2025-02-04T19:46:30.333+0000] {processor.py:925} INFO - DAG(s) 'spark_example' retrieved from /opt/airflow/dags/spark_example.py
[2025-02-04T19:46:30.352+0000] {logging_mixin.py:190} INFO - [2025-02-04T19:46:30.352+0000] {dag.py:3239} INFO - Sync 1 DAGs
[2025-02-04T19:46:30.364+0000] {logging_mixin.py:190} INFO - [2025-02-04T19:46:30.363+0000] {dag.py:4180} INFO - Setting next_dagrun for spark_example to None, run_after=None
[2025-02-04T19:46:30.380+0000] {processor.py:208} INFO - Processing /opt/airflow/dags/spark_example.py took 0.059 seconds
[2025-02-04T19:47:00.777+0000] {processor.py:186} INFO - Started process (PID=65) to work on /opt/airflow/dags/spark_example.py
[2025-02-04T19:47:00.779+0000] {processor.py:914} INFO - Processing file /opt/airflow/dags/spark_example.py for tasks to queue
[2025-02-04T19:47:00.780+0000] {logging_mixin.py:190} INFO - [2025-02-04T19:47:00.780+0000] {dagbag.py:588} INFO - Filling up the DagBag from /opt/airflow/dags/spark_example.py
[2025-02-04T19:47:00.786+0000] {processor.py:925} INFO - DAG(s) 'spark_example' retrieved from /opt/airflow/dags/spark_example.py
[2025-02-04T19:47:00.810+0000] {logging_mixin.py:190} INFO - [2025-02-04T19:47:00.810+0000] {dag.py:3239} INFO - Sync 1 DAGs
[2025-02-04T19:47:00.826+0000] {logging_mixin.py:190} INFO - [2025-02-04T19:47:00.826+0000] {dag.py:4180} INFO - Setting next_dagrun for spark_example to None, run_after=None
[2025-02-04T19:47:00.954+0000] {processor.py:208} INFO - Processing /opt/airflow/dags/spark_example.py took 0.181 seconds
[2025-02-04T19:47:31.233+0000] {processor.py:186} INFO - Started process (PID=74) to work on /opt/airflow/dags/spark_example.py
[2025-02-04T19:47:31.234+0000] {processor.py:914} INFO - Processing file /opt/airflow/dags/spark_example.py for tasks to queue
[2025-02-04T19:47:31.235+0000] {logging_mixin.py:190} INFO - [2025-02-04T19:47:31.235+0000] {dagbag.py:588} INFO - Filling up the DagBag from /opt/airflow/dags/spark_example.py
[2025-02-04T19:47:31.241+0000] {processor.py:925} INFO - DAG(s) 'spark_example' retrieved from /opt/airflow/dags/spark_example.py
[2025-02-04T19:47:31.260+0000] {logging_mixin.py:190} INFO - [2025-02-04T19:47:31.260+0000] {dag.py:3239} INFO - Sync 1 DAGs
[2025-02-04T19:47:31.381+0000] {logging_mixin.py:190} INFO - [2025-02-04T19:47:31.381+0000] {dag.py:4180} INFO - Setting next_dagrun for spark_example to None, run_after=None
[2025-02-04T19:47:31.395+0000] {processor.py:208} INFO - Processing /opt/airflow/dags/spark_example.py took 0.166 seconds
[2025-02-04T19:48:01.674+0000] {processor.py:186} INFO - Started process (PID=83) to work on /opt/airflow/dags/spark_example.py
[2025-02-04T19:48:01.680+0000] {processor.py:914} INFO - Processing file /opt/airflow/dags/spark_example.py for tasks to queue
[2025-02-04T19:48:01.682+0000] {logging_mixin.py:190} INFO - [2025-02-04T19:48:01.681+0000] {dagbag.py:588} INFO - Filling up the DagBag from /opt/airflow/dags/spark_example.py
[2025-02-04T19:48:01.687+0000] {processor.py:925} INFO - DAG(s) 'spark_example' retrieved from /opt/airflow/dags/spark_example.py
[2025-02-04T19:48:01.835+0000] {logging_mixin.py:190} INFO - [2025-02-04T19:48:01.835+0000] {dag.py:3239} INFO - Sync 1 DAGs
[2025-02-04T19:48:01.845+0000] {logging_mixin.py:190} INFO - [2025-02-04T19:48:01.845+0000] {dag.py:4180} INFO - Setting next_dagrun for spark_example to None, run_after=None
[2025-02-04T19:48:01.859+0000] {processor.py:208} INFO - Processing /opt/airflow/dags/spark_example.py took 0.189 seconds
[2025-02-04T19:48:32.189+0000] {processor.py:186} INFO - Started process (PID=92) to work on /opt/airflow/dags/spark_example.py
[2025-02-04T19:48:32.190+0000] {processor.py:914} INFO - Processing file /opt/airflow/dags/spark_example.py for tasks to queue
[2025-02-04T19:48:32.191+0000] {logging_mixin.py:190} INFO - [2025-02-04T19:48:32.191+0000] {dagbag.py:588} INFO - Filling up the DagBag from /opt/airflow/dags/spark_example.py
[2025-02-04T19:48:32.196+0000] {processor.py:925} INFO - DAG(s) 'spark_example' retrieved from /opt/airflow/dags/spark_example.py
[2025-02-04T19:48:32.220+0000] {logging_mixin.py:190} INFO - [2025-02-04T19:48:32.220+0000] {dag.py:3239} INFO - Sync 1 DAGs
[2025-02-04T19:48:32.236+0000] {logging_mixin.py:190} INFO - [2025-02-04T19:48:32.235+0000] {dag.py:4180} INFO - Setting next_dagrun for spark_example to None, run_after=None
[2025-02-04T19:48:32.252+0000] {processor.py:208} INFO - Processing /opt/airflow/dags/spark_example.py took 0.069 seconds
[2025-02-04T19:49:02.548+0000] {processor.py:186} INFO - Started process (PID=101) to work on /opt/airflow/dags/spark_example.py
[2025-02-04T19:49:02.550+0000] {processor.py:914} INFO - Processing file /opt/airflow/dags/spark_example.py for tasks to queue
[2025-02-04T19:49:02.551+0000] {logging_mixin.py:190} INFO - [2025-02-04T19:49:02.551+0000] {dagbag.py:588} INFO - Filling up the DagBag from /opt/airflow/dags/spark_example.py
[2025-02-04T19:49:02.557+0000] {processor.py:925} INFO - DAG(s) 'spark_example' retrieved from /opt/airflow/dags/spark_example.py
[2025-02-04T19:49:02.576+0000] {logging_mixin.py:190} INFO - [2025-02-04T19:49:02.576+0000] {dag.py:3239} INFO - Sync 1 DAGs
[2025-02-04T19:49:02.588+0000] {logging_mixin.py:190} INFO - [2025-02-04T19:49:02.588+0000] {dag.py:4180} INFO - Setting next_dagrun for spark_example to None, run_after=None
[2025-02-04T19:49:02.603+0000] {processor.py:208} INFO - Processing /opt/airflow/dags/spark_example.py took 0.060 seconds
[2025-02-04T19:49:32.933+0000] {processor.py:186} INFO - Started process (PID=110) to work on /opt/airflow/dags/spark_example.py
[2025-02-04T19:49:32.934+0000] {processor.py:914} INFO - Processing file /opt/airflow/dags/spark_example.py for tasks to queue
[2025-02-04T19:49:32.936+0000] {logging_mixin.py:190} INFO - [2025-02-04T19:49:32.935+0000] {dagbag.py:588} INFO - Filling up the DagBag from /opt/airflow/dags/spark_example.py
[2025-02-04T19:49:32.941+0000] {processor.py:925} INFO - DAG(s) 'spark_example' retrieved from /opt/airflow/dags/spark_example.py
[2025-02-04T19:49:32.961+0000] {logging_mixin.py:190} INFO - [2025-02-04T19:49:32.961+0000] {dag.py:3239} INFO - Sync 1 DAGs
[2025-02-04T19:49:32.977+0000] {logging_mixin.py:190} INFO - [2025-02-04T19:49:32.977+0000] {dag.py:4180} INFO - Setting next_dagrun for spark_example to None, run_after=None
[2025-02-04T19:49:32.991+0000] {processor.py:208} INFO - Processing /opt/airflow/dags/spark_example.py took 0.062 seconds
[2025-02-04T19:50:03.288+0000] {processor.py:186} INFO - Started process (PID=119) to work on /opt/airflow/dags/spark_example.py
[2025-02-04T19:50:03.289+0000] {processor.py:914} INFO - Processing file /opt/airflow/dags/spark_example.py for tasks to queue
[2025-02-04T19:50:03.291+0000] {logging_mixin.py:190} INFO - [2025-02-04T19:50:03.291+0000] {dagbag.py:588} INFO - Filling up the DagBag from /opt/airflow/dags/spark_example.py
[2025-02-04T19:50:03.297+0000] {processor.py:925} INFO - DAG(s) 'spark_example' retrieved from /opt/airflow/dags/spark_example.py
[2025-02-04T19:50:03.316+0000] {logging_mixin.py:190} INFO - [2025-02-04T19:50:03.316+0000] {dag.py:3239} INFO - Sync 1 DAGs
[2025-02-04T19:50:03.328+0000] {logging_mixin.py:190} INFO - [2025-02-04T19:50:03.328+0000] {dag.py:4180} INFO - Setting next_dagrun for spark_example to None, run_after=None
[2025-02-04T19:50:03.342+0000] {processor.py:208} INFO - Processing /opt/airflow/dags/spark_example.py took 0.060 seconds
[2025-02-04T19:50:33.691+0000] {processor.py:186} INFO - Started process (PID=128) to work on /opt/airflow/dags/spark_example.py
[2025-02-04T19:50:33.692+0000] {processor.py:914} INFO - Processing file /opt/airflow/dags/spark_example.py for tasks to queue
[2025-02-04T19:50:33.694+0000] {logging_mixin.py:190} INFO - [2025-02-04T19:50:33.694+0000] {dagbag.py:588} INFO - Filling up the DagBag from /opt/airflow/dags/spark_example.py
[2025-02-04T19:50:33.702+0000] {processor.py:925} INFO - DAG(s) 'spark_example' retrieved from /opt/airflow/dags/spark_example.py
[2025-02-04T19:50:33.728+0000] {logging_mixin.py:190} INFO - [2025-02-04T19:50:33.728+0000] {dag.py:3239} INFO - Sync 1 DAGs
[2025-02-04T19:50:33.745+0000] {logging_mixin.py:190} INFO - [2025-02-04T19:50:33.745+0000] {dag.py:4180} INFO - Setting next_dagrun for spark_example to None, run_after=None
[2025-02-04T19:50:33.763+0000] {processor.py:208} INFO - Processing /opt/airflow/dags/spark_example.py took 0.078 seconds
[2025-02-04T19:51:04.039+0000] {processor.py:186} INFO - Started process (PID=137) to work on /opt/airflow/dags/spark_example.py
[2025-02-04T19:51:04.040+0000] {processor.py:914} INFO - Processing file /opt/airflow/dags/spark_example.py for tasks to queue
[2025-02-04T19:51:04.042+0000] {logging_mixin.py:190} INFO - [2025-02-04T19:51:04.041+0000] {dagbag.py:588} INFO - Filling up the DagBag from /opt/airflow/dags/spark_example.py
[2025-02-04T19:51:04.047+0000] {processor.py:925} INFO - DAG(s) 'spark_example' retrieved from /opt/airflow/dags/spark_example.py
[2025-02-04T19:51:04.067+0000] {logging_mixin.py:190} INFO - [2025-02-04T19:51:04.067+0000] {dag.py:3239} INFO - Sync 1 DAGs
[2025-02-04T19:51:04.078+0000] {logging_mixin.py:190} INFO - [2025-02-04T19:51:04.078+0000] {dag.py:4180} INFO - Setting next_dagrun for spark_example to None, run_after=None
[2025-02-04T19:51:04.093+0000] {processor.py:208} INFO - Processing /opt/airflow/dags/spark_example.py took 0.058 seconds
[2025-02-04T19:51:34.373+0000] {processor.py:186} INFO - Started process (PID=146) to work on /opt/airflow/dags/spark_example.py
[2025-02-04T19:51:34.373+0000] {processor.py:914} INFO - Processing file /opt/airflow/dags/spark_example.py for tasks to queue
[2025-02-04T19:51:34.375+0000] {logging_mixin.py:190} INFO - [2025-02-04T19:51:34.374+0000] {dagbag.py:588} INFO - Filling up the DagBag from /opt/airflow/dags/spark_example.py
[2025-02-04T19:51:34.380+0000] {processor.py:925} INFO - DAG(s) 'spark_example' retrieved from /opt/airflow/dags/spark_example.py
[2025-02-04T19:51:34.400+0000] {logging_mixin.py:190} INFO - [2025-02-04T19:51:34.400+0000] {dag.py:3239} INFO - Sync 1 DAGs
[2025-02-04T19:51:34.413+0000] {logging_mixin.py:190} INFO - [2025-02-04T19:51:34.412+0000] {dag.py:4180} INFO - Setting next_dagrun for spark_example to None, run_after=None
[2025-02-04T19:51:34.427+0000] {processor.py:208} INFO - Processing /opt/airflow/dags/spark_example.py took 0.059 seconds
[2025-02-04T19:52:04.710+0000] {processor.py:186} INFO - Started process (PID=156) to work on /opt/airflow/dags/spark_example.py
[2025-02-04T19:52:04.711+0000] {processor.py:914} INFO - Processing file /opt/airflow/dags/spark_example.py for tasks to queue
[2025-02-04T19:52:04.713+0000] {logging_mixin.py:190} INFO - [2025-02-04T19:52:04.713+0000] {dagbag.py:588} INFO - Filling up the DagBag from /opt/airflow/dags/spark_example.py
[2025-02-04T19:52:04.719+0000] {processor.py:925} INFO - DAG(s) 'spark_example' retrieved from /opt/airflow/dags/spark_example.py
[2025-02-04T19:52:04.739+0000] {logging_mixin.py:190} INFO - [2025-02-04T19:52:04.739+0000] {dag.py:3239} INFO - Sync 1 DAGs
[2025-02-04T19:52:04.750+0000] {logging_mixin.py:190} INFO - [2025-02-04T19:52:04.750+0000] {dag.py:4180} INFO - Setting next_dagrun for spark_example to None, run_after=None
[2025-02-04T19:52:04.765+0000] {processor.py:208} INFO - Processing /opt/airflow/dags/spark_example.py took 0.059 seconds
[2025-02-04T19:52:35.044+0000] {processor.py:186} INFO - Started process (PID=165) to work on /opt/airflow/dags/spark_example.py
[2025-02-04T19:52:35.045+0000] {processor.py:914} INFO - Processing file /opt/airflow/dags/spark_example.py for tasks to queue
[2025-02-04T19:52:35.047+0000] {logging_mixin.py:190} INFO - [2025-02-04T19:52:35.046+0000] {dagbag.py:588} INFO - Filling up the DagBag from /opt/airflow/dags/spark_example.py
[2025-02-04T19:52:35.052+0000] {processor.py:925} INFO - DAG(s) 'spark_example' retrieved from /opt/airflow/dags/spark_example.py
[2025-02-04T19:52:35.075+0000] {logging_mixin.py:190} INFO - [2025-02-04T19:52:35.075+0000] {dag.py:3239} INFO - Sync 1 DAGs
[2025-02-04T19:52:35.087+0000] {logging_mixin.py:190} INFO - [2025-02-04T19:52:35.087+0000] {dag.py:4180} INFO - Setting next_dagrun for spark_example to None, run_after=None
[2025-02-04T19:52:35.101+0000] {processor.py:208} INFO - Processing /opt/airflow/dags/spark_example.py took 0.061 seconds
[2025-02-04T19:53:05.392+0000] {processor.py:186} INFO - Started process (PID=174) to work on /opt/airflow/dags/spark_example.py
[2025-02-04T19:53:05.393+0000] {processor.py:914} INFO - Processing file /opt/airflow/dags/spark_example.py for tasks to queue
[2025-02-04T19:53:05.394+0000] {logging_mixin.py:190} INFO - [2025-02-04T19:53:05.394+0000] {dagbag.py:588} INFO - Filling up the DagBag from /opt/airflow/dags/spark_example.py
[2025-02-04T19:53:05.400+0000] {processor.py:925} INFO - DAG(s) 'spark_example' retrieved from /opt/airflow/dags/spark_example.py
[2025-02-04T19:53:05.424+0000] {logging_mixin.py:190} INFO - [2025-02-04T19:53:05.423+0000] {dag.py:3239} INFO - Sync 1 DAGs
[2025-02-04T19:53:05.439+0000] {logging_mixin.py:190} INFO - [2025-02-04T19:53:05.439+0000] {dag.py:4180} INFO - Setting next_dagrun for spark_example to None, run_after=None
[2025-02-04T19:53:05.455+0000] {processor.py:208} INFO - Processing /opt/airflow/dags/spark_example.py took 0.069 seconds
[2025-02-04T19:53:35.748+0000] {processor.py:186} INFO - Started process (PID=183) to work on /opt/airflow/dags/spark_example.py
[2025-02-04T19:53:35.749+0000] {processor.py:914} INFO - Processing file /opt/airflow/dags/spark_example.py for tasks to queue
[2025-02-04T19:53:35.751+0000] {logging_mixin.py:190} INFO - [2025-02-04T19:53:35.751+0000] {dagbag.py:588} INFO - Filling up the DagBag from /opt/airflow/dags/spark_example.py
[2025-02-04T19:53:35.756+0000] {processor.py:925} INFO - DAG(s) 'spark_example' retrieved from /opt/airflow/dags/spark_example.py
[2025-02-04T19:53:35.776+0000] {logging_mixin.py:190} INFO - [2025-02-04T19:53:35.776+0000] {dag.py:3239} INFO - Sync 1 DAGs
[2025-02-04T19:53:35.787+0000] {logging_mixin.py:190} INFO - [2025-02-04T19:53:35.787+0000] {dag.py:4180} INFO - Setting next_dagrun for spark_example to None, run_after=None
[2025-02-04T19:53:35.801+0000] {processor.py:208} INFO - Processing /opt/airflow/dags/spark_example.py took 0.058 seconds
[2025-02-04T19:54:06.083+0000] {processor.py:186} INFO - Started process (PID=192) to work on /opt/airflow/dags/spark_example.py
[2025-02-04T19:54:06.083+0000] {processor.py:914} INFO - Processing file /opt/airflow/dags/spark_example.py for tasks to queue
[2025-02-04T19:54:06.085+0000] {logging_mixin.py:190} INFO - [2025-02-04T19:54:06.085+0000] {dagbag.py:588} INFO - Filling up the DagBag from /opt/airflow/dags/spark_example.py
[2025-02-04T19:54:06.091+0000] {processor.py:925} INFO - DAG(s) 'spark_example' retrieved from /opt/airflow/dags/spark_example.py
[2025-02-04T19:54:06.114+0000] {logging_mixin.py:190} INFO - [2025-02-04T19:54:06.114+0000] {dag.py:3239} INFO - Sync 1 DAGs
[2025-02-04T19:54:06.130+0000] {logging_mixin.py:190} INFO - [2025-02-04T19:54:06.130+0000] {dag.py:4180} INFO - Setting next_dagrun for spark_example to None, run_after=None
[2025-02-04T19:54:06.147+0000] {processor.py:208} INFO - Processing /opt/airflow/dags/spark_example.py took 0.069 seconds
[2025-02-04T19:54:36.433+0000] {processor.py:186} INFO - Started process (PID=201) to work on /opt/airflow/dags/spark_example.py
[2025-02-04T19:54:36.435+0000] {processor.py:914} INFO - Processing file /opt/airflow/dags/spark_example.py for tasks to queue
[2025-02-04T19:54:36.436+0000] {logging_mixin.py:190} INFO - [2025-02-04T19:54:36.436+0000] {dagbag.py:588} INFO - Filling up the DagBag from /opt/airflow/dags/spark_example.py
[2025-02-04T19:54:36.442+0000] {processor.py:925} INFO - DAG(s) 'spark_example' retrieved from /opt/airflow/dags/spark_example.py
[2025-02-04T19:54:36.466+0000] {logging_mixin.py:190} INFO - [2025-02-04T19:54:36.466+0000] {dag.py:3239} INFO - Sync 1 DAGs
[2025-02-04T19:54:36.481+0000] {logging_mixin.py:190} INFO - [2025-02-04T19:54:36.481+0000] {dag.py:4180} INFO - Setting next_dagrun for spark_example to None, run_after=None
[2025-02-04T19:54:36.498+0000] {processor.py:208} INFO - Processing /opt/airflow/dags/spark_example.py took 0.070 seconds
[2025-02-04T19:55:06.796+0000] {processor.py:186} INFO - Started process (PID=210) to work on /opt/airflow/dags/spark_example.py
[2025-02-04T19:55:06.797+0000] {processor.py:914} INFO - Processing file /opt/airflow/dags/spark_example.py for tasks to queue
[2025-02-04T19:55:06.799+0000] {logging_mixin.py:190} INFO - [2025-02-04T19:55:06.798+0000] {dagbag.py:588} INFO - Filling up the DagBag from /opt/airflow/dags/spark_example.py
[2025-02-04T19:55:06.804+0000] {processor.py:925} INFO - DAG(s) 'spark_example' retrieved from /opt/airflow/dags/spark_example.py
[2025-02-04T19:55:06.828+0000] {logging_mixin.py:190} INFO - [2025-02-04T19:55:06.828+0000] {dag.py:3239} INFO - Sync 1 DAGs
[2025-02-04T19:55:06.843+0000] {logging_mixin.py:190} INFO - [2025-02-04T19:55:06.843+0000] {dag.py:4180} INFO - Setting next_dagrun for spark_example to None, run_after=None
[2025-02-04T19:55:06.860+0000] {processor.py:208} INFO - Processing /opt/airflow/dags/spark_example.py took 0.068 seconds
[2025-02-04T19:55:37.144+0000] {processor.py:186} INFO - Started process (PID=219) to work on /opt/airflow/dags/spark_example.py
[2025-02-04T19:55:37.146+0000] {processor.py:914} INFO - Processing file /opt/airflow/dags/spark_example.py for tasks to queue
[2025-02-04T19:55:37.147+0000] {logging_mixin.py:190} INFO - [2025-02-04T19:55:37.147+0000] {dagbag.py:588} INFO - Filling up the DagBag from /opt/airflow/dags/spark_example.py
[2025-02-04T19:55:37.153+0000] {processor.py:925} INFO - DAG(s) 'spark_example' retrieved from /opt/airflow/dags/spark_example.py
[2025-02-04T19:55:37.172+0000] {logging_mixin.py:190} INFO - [2025-02-04T19:55:37.172+0000] {dag.py:3239} INFO - Sync 1 DAGs
[2025-02-04T19:55:37.184+0000] {logging_mixin.py:190} INFO - [2025-02-04T19:55:37.183+0000] {dag.py:4180} INFO - Setting next_dagrun for spark_example to None, run_after=None
[2025-02-04T19:55:37.198+0000] {processor.py:208} INFO - Processing /opt/airflow/dags/spark_example.py took 0.058 seconds
[2025-02-04T19:56:07.476+0000] {processor.py:186} INFO - Started process (PID=228) to work on /opt/airflow/dags/spark_example.py
[2025-02-04T19:56:07.477+0000] {processor.py:914} INFO - Processing file /opt/airflow/dags/spark_example.py for tasks to queue
[2025-02-04T19:56:07.479+0000] {logging_mixin.py:190} INFO - [2025-02-04T19:56:07.479+0000] {dagbag.py:588} INFO - Filling up the DagBag from /opt/airflow/dags/spark_example.py
[2025-02-04T19:56:07.486+0000] {processor.py:925} INFO - DAG(s) 'spark_example' retrieved from /opt/airflow/dags/spark_example.py
[2025-02-04T19:56:07.507+0000] {logging_mixin.py:190} INFO - [2025-02-04T19:56:07.507+0000] {dag.py:3239} INFO - Sync 1 DAGs
[2025-02-04T19:56:07.519+0000] {logging_mixin.py:190} INFO - [2025-02-04T19:56:07.519+0000] {dag.py:4180} INFO - Setting next_dagrun for spark_example to None, run_after=None
[2025-02-04T19:56:07.533+0000] {processor.py:208} INFO - Processing /opt/airflow/dags/spark_example.py took 0.063 seconds
[2025-02-04T19:56:37.814+0000] {processor.py:186} INFO - Started process (PID=237) to work on /opt/airflow/dags/spark_example.py
[2025-02-04T19:56:37.815+0000] {processor.py:914} INFO - Processing file /opt/airflow/dags/spark_example.py for tasks to queue
[2025-02-04T19:56:37.817+0000] {logging_mixin.py:190} INFO - [2025-02-04T19:56:37.817+0000] {dagbag.py:588} INFO - Filling up the DagBag from /opt/airflow/dags/spark_example.py
[2025-02-04T19:56:37.823+0000] {processor.py:925} INFO - DAG(s) 'spark_example' retrieved from /opt/airflow/dags/spark_example.py
[2025-02-04T19:56:37.847+0000] {logging_mixin.py:190} INFO - [2025-02-04T19:56:37.846+0000] {dag.py:3239} INFO - Sync 1 DAGs
[2025-02-04T19:56:37.862+0000] {logging_mixin.py:190} INFO - [2025-02-04T19:56:37.862+0000] {dag.py:4180} INFO - Setting next_dagrun for spark_example to None, run_after=None
[2025-02-04T19:56:37.879+0000] {processor.py:208} INFO - Processing /opt/airflow/dags/spark_example.py took 0.069 seconds
[2025-02-04T19:57:08.168+0000] {processor.py:186} INFO - Started process (PID=246) to work on /opt/airflow/dags/spark_example.py
[2025-02-04T19:57:08.168+0000] {processor.py:914} INFO - Processing file /opt/airflow/dags/spark_example.py for tasks to queue
[2025-02-04T19:57:08.170+0000] {logging_mixin.py:190} INFO - [2025-02-04T19:57:08.170+0000] {dagbag.py:588} INFO - Filling up the DagBag from /opt/airflow/dags/spark_example.py
[2025-02-04T19:57:08.176+0000] {processor.py:925} INFO - DAG(s) 'spark_example' retrieved from /opt/airflow/dags/spark_example.py
[2025-02-04T19:57:08.195+0000] {logging_mixin.py:190} INFO - [2025-02-04T19:57:08.195+0000] {dag.py:3239} INFO - Sync 1 DAGs
[2025-02-04T19:57:08.207+0000] {logging_mixin.py:190} INFO - [2025-02-04T19:57:08.207+0000] {dag.py:4180} INFO - Setting next_dagrun for spark_example to None, run_after=None
[2025-02-04T19:57:08.222+0000] {processor.py:208} INFO - Processing /opt/airflow/dags/spark_example.py took 0.059 seconds
[2025-02-04T19:57:38.499+0000] {processor.py:186} INFO - Started process (PID=255) to work on /opt/airflow/dags/spark_example.py
[2025-02-04T19:57:38.501+0000] {processor.py:914} INFO - Processing file /opt/airflow/dags/spark_example.py for tasks to queue
[2025-02-04T19:57:38.502+0000] {logging_mixin.py:190} INFO - [2025-02-04T19:57:38.502+0000] {dagbag.py:588} INFO - Filling up the DagBag from /opt/airflow/dags/spark_example.py
[2025-02-04T19:57:38.508+0000] {processor.py:925} INFO - DAG(s) 'spark_example' retrieved from /opt/airflow/dags/spark_example.py
[2025-02-04T19:57:38.527+0000] {logging_mixin.py:190} INFO - [2025-02-04T19:57:38.527+0000] {dag.py:3239} INFO - Sync 1 DAGs
[2025-02-04T19:57:38.539+0000] {logging_mixin.py:190} INFO - [2025-02-04T19:57:38.539+0000] {dag.py:4180} INFO - Setting next_dagrun for spark_example to None, run_after=None
[2025-02-04T19:57:38.553+0000] {processor.py:208} INFO - Processing /opt/airflow/dags/spark_example.py took 0.059 seconds
[2025-02-04T19:58:08.893+0000] {processor.py:186} INFO - Started process (PID=264) to work on /opt/airflow/dags/spark_example.py
[2025-02-04T19:58:08.894+0000] {processor.py:914} INFO - Processing file /opt/airflow/dags/spark_example.py for tasks to queue
[2025-02-04T19:58:08.895+0000] {logging_mixin.py:190} INFO - [2025-02-04T19:58:08.895+0000] {dagbag.py:588} INFO - Filling up the DagBag from /opt/airflow/dags/spark_example.py
[2025-02-04T19:58:08.903+0000] {processor.py:925} INFO - DAG(s) 'spark_example' retrieved from /opt/airflow/dags/spark_example.py
[2025-02-04T19:58:08.928+0000] {logging_mixin.py:190} INFO - [2025-02-04T19:58:08.928+0000] {dag.py:3239} INFO - Sync 1 DAGs
[2025-02-04T19:58:08.943+0000] {logging_mixin.py:190} INFO - [2025-02-04T19:58:08.943+0000] {dag.py:4180} INFO - Setting next_dagrun for spark_example to None, run_after=None
[2025-02-04T19:58:08.957+0000] {processor.py:208} INFO - Processing /opt/airflow/dags/spark_example.py took 0.070 seconds
[2025-02-04T19:58:39.246+0000] {processor.py:186} INFO - Started process (PID=278) to work on /opt/airflow/dags/spark_example.py
[2025-02-04T19:58:39.252+0000] {processor.py:914} INFO - Processing file /opt/airflow/dags/spark_example.py for tasks to queue
[2025-02-04T19:58:39.254+0000] {logging_mixin.py:190} INFO - [2025-02-04T19:58:39.253+0000] {dagbag.py:588} INFO - Filling up the DagBag from /opt/airflow/dags/spark_example.py
[2025-02-04T19:58:39.261+0000] {processor.py:925} INFO - DAG(s) 'spark_example' retrieved from /opt/airflow/dags/spark_example.py
[2025-02-04T19:58:39.287+0000] {logging_mixin.py:190} INFO - [2025-02-04T19:58:39.287+0000] {dag.py:3239} INFO - Sync 1 DAGs
[2025-02-04T19:58:39.303+0000] {logging_mixin.py:190} INFO - [2025-02-04T19:58:39.303+0000] {dag.py:4180} INFO - Setting next_dagrun for spark_example to None, run_after=None
[2025-02-04T19:58:39.321+0000] {processor.py:208} INFO - Processing /opt/airflow/dags/spark_example.py took 0.081 seconds
[2025-02-04T19:59:09.617+0000] {processor.py:186} INFO - Started process (PID=287) to work on /opt/airflow/dags/spark_example.py
[2025-02-04T19:59:09.618+0000] {processor.py:914} INFO - Processing file /opt/airflow/dags/spark_example.py for tasks to queue
[2025-02-04T19:59:09.620+0000] {logging_mixin.py:190} INFO - [2025-02-04T19:59:09.619+0000] {dagbag.py:588} INFO - Filling up the DagBag from /opt/airflow/dags/spark_example.py
[2025-02-04T19:59:09.625+0000] {processor.py:925} INFO - DAG(s) 'spark_example' retrieved from /opt/airflow/dags/spark_example.py
[2025-02-04T19:59:09.649+0000] {logging_mixin.py:190} INFO - [2025-02-04T19:59:09.649+0000] {dag.py:3239} INFO - Sync 1 DAGs
[2025-02-04T19:59:09.664+0000] {logging_mixin.py:190} INFO - [2025-02-04T19:59:09.664+0000] {dag.py:4180} INFO - Setting next_dagrun for spark_example to None, run_after=None
[2025-02-04T19:59:09.681+0000] {processor.py:208} INFO - Processing /opt/airflow/dags/spark_example.py took 0.068 seconds
[2025-02-04T19:59:39.986+0000] {processor.py:186} INFO - Started process (PID=296) to work on /opt/airflow/dags/spark_example.py
[2025-02-04T19:59:39.987+0000] {processor.py:914} INFO - Processing file /opt/airflow/dags/spark_example.py for tasks to queue
[2025-02-04T19:59:39.989+0000] {logging_mixin.py:190} INFO - [2025-02-04T19:59:39.989+0000] {dagbag.py:588} INFO - Filling up the DagBag from /opt/airflow/dags/spark_example.py
[2025-02-04T19:59:39.995+0000] {processor.py:925} INFO - DAG(s) 'spark_example' retrieved from /opt/airflow/dags/spark_example.py
[2025-02-04T19:59:40.016+0000] {logging_mixin.py:190} INFO - [2025-02-04T19:59:40.016+0000] {dag.py:3239} INFO - Sync 1 DAGs
[2025-02-04T19:59:40.030+0000] {logging_mixin.py:190} INFO - [2025-02-04T19:59:40.030+0000] {dag.py:4180} INFO - Setting next_dagrun for spark_example to None, run_after=None
[2025-02-04T19:59:40.046+0000] {processor.py:208} INFO - Processing /opt/airflow/dags/spark_example.py took 0.066 seconds
[2025-02-04T20:00:10.394+0000] {processor.py:186} INFO - Started process (PID=305) to work on /opt/airflow/dags/spark_example.py
[2025-02-04T20:00:10.395+0000] {processor.py:914} INFO - Processing file /opt/airflow/dags/spark_example.py for tasks to queue
[2025-02-04T20:00:10.397+0000] {logging_mixin.py:190} INFO - [2025-02-04T20:00:10.396+0000] {dagbag.py:588} INFO - Filling up the DagBag from /opt/airflow/dags/spark_example.py
[2025-02-04T20:00:10.402+0000] {processor.py:925} INFO - DAG(s) 'spark_example' retrieved from /opt/airflow/dags/spark_example.py
[2025-02-04T20:00:10.422+0000] {logging_mixin.py:190} INFO - [2025-02-04T20:00:10.421+0000] {dag.py:3239} INFO - Sync 1 DAGs
[2025-02-04T20:00:10.433+0000] {logging_mixin.py:190} INFO - [2025-02-04T20:00:10.433+0000] {dag.py:4180} INFO - Setting next_dagrun for spark_example to None, run_after=None
[2025-02-04T20:00:10.448+0000] {processor.py:208} INFO - Processing /opt/airflow/dags/spark_example.py took 0.058 seconds
[2025-02-04T20:00:40.731+0000] {processor.py:186} INFO - Started process (PID=314) to work on /opt/airflow/dags/spark_example.py
[2025-02-04T20:00:40.732+0000] {processor.py:914} INFO - Processing file /opt/airflow/dags/spark_example.py for tasks to queue
[2025-02-04T20:00:40.734+0000] {logging_mixin.py:190} INFO - [2025-02-04T20:00:40.734+0000] {dagbag.py:588} INFO - Filling up the DagBag from /opt/airflow/dags/spark_example.py
[2025-02-04T20:00:40.740+0000] {processor.py:925} INFO - DAG(s) 'spark_example' retrieved from /opt/airflow/dags/spark_example.py
[2025-02-04T20:00:40.764+0000] {logging_mixin.py:190} INFO - [2025-02-04T20:00:40.764+0000] {dag.py:3239} INFO - Sync 1 DAGs
[2025-02-04T20:00:40.779+0000] {logging_mixin.py:190} INFO - [2025-02-04T20:00:40.779+0000] {dag.py:4180} INFO - Setting next_dagrun for spark_example to None, run_after=None
[2025-02-04T20:00:40.796+0000] {processor.py:208} INFO - Processing /opt/airflow/dags/spark_example.py took 0.070 seconds
[2025-02-04T20:01:11.096+0000] {processor.py:186} INFO - Started process (PID=323) to work on /opt/airflow/dags/spark_example.py
[2025-02-04T20:01:11.096+0000] {processor.py:914} INFO - Processing file /opt/airflow/dags/spark_example.py for tasks to queue
[2025-02-04T20:01:11.098+0000] {logging_mixin.py:190} INFO - [2025-02-04T20:01:11.098+0000] {dagbag.py:588} INFO - Filling up the DagBag from /opt/airflow/dags/spark_example.py
[2025-02-04T20:01:11.105+0000] {processor.py:925} INFO - DAG(s) 'spark_example' retrieved from /opt/airflow/dags/spark_example.py
[2025-02-04T20:01:11.130+0000] {logging_mixin.py:190} INFO - [2025-02-04T20:01:11.130+0000] {dag.py:3239} INFO - Sync 1 DAGs
[2025-02-04T20:01:11.144+0000] {logging_mixin.py:190} INFO - [2025-02-04T20:01:11.144+0000] {dag.py:4180} INFO - Setting next_dagrun for spark_example to None, run_after=None
[2025-02-04T20:01:11.161+0000] {processor.py:208} INFO - Processing /opt/airflow/dags/spark_example.py took 0.070 seconds
