[2024-12-14T20:22:42.302+0000] {local_task_job_runner.py:123} INFO - ::group::Pre task execution logs
[2024-12-14T20:22:42.317+0000] {taskinstance.py:2613} INFO - Dependencies all met for dep_context=non-requeueable deps ti=<TaskInstance: spark_example.spark_submit_job manual__2024-12-14T20:22:41.655371+00:00 [queued]>
[2024-12-14T20:22:42.323+0000] {taskinstance.py:2613} INFO - Dependencies all met for dep_context=requeueable deps ti=<TaskInstance: spark_example.spark_submit_job manual__2024-12-14T20:22:41.655371+00:00 [queued]>
[2024-12-14T20:22:42.323+0000] {taskinstance.py:2866} INFO - Starting attempt 1 of 1
[2024-12-14T20:22:42.334+0000] {taskinstance.py:2889} INFO - Executing <Task(SparkSubmitOperator): spark_submit_job> on 2024-12-14 20:22:41.655371+00:00
[2024-12-14T20:22:42.341+0000] {warnings.py:112} WARNING - /home/***/.local/lib/python3.12/site-packages/***/task/task_runner/standard_task_runner.py:70: DeprecationWarning: This process (pid=493) is multi-threaded, use of fork() may lead to deadlocks in the child.
  pid = os.fork()

[2024-12-14T20:22:42.342+0000] {standard_task_runner.py:72} INFO - Started process 494 to run task
[2024-12-14T20:22:42.343+0000] {standard_task_runner.py:104} INFO - Running: ['***', 'tasks', 'run', 'spark_example', 'spark_submit_job', 'manual__2024-12-14T20:22:41.655371+00:00', '--job-id', '110', '--raw', '--subdir', 'DAGS_FOLDER/spark_example.py', '--cfg-path', '/tmp/tmp1g1g1tjx']
[2024-12-14T20:22:42.344+0000] {standard_task_runner.py:105} INFO - Job 110: Subtask spark_submit_job
[2024-12-14T20:22:42.379+0000] {task_command.py:467} INFO - Running <TaskInstance: spark_example.spark_submit_job manual__2024-12-14T20:22:41.655371+00:00 [running]> on host 8c88515bb343
[2024-12-14T20:22:42.439+0000] {taskinstance.py:3132} INFO - Exporting env vars: AIRFLOW_CTX_DAG_OWNER='Smalch' AIRFLOW_CTX_DAG_ID='spark_example' AIRFLOW_CTX_TASK_ID='spark_submit_job' AIRFLOW_CTX_EXECUTION_DATE='2024-12-14T20:22:41.655371+00:00' AIRFLOW_CTX_TRY_NUMBER='1' AIRFLOW_CTX_DAG_RUN_ID='manual__2024-12-14T20:22:41.655371+00:00'
[2024-12-14T20:22:42.440+0000] {taskinstance.py:731} INFO - ::endgroup::
[2024-12-14T20:22:42.448+0000] {base.py:84} INFO - Retrieving connection 'spark'
[2024-12-14T20:22:42.449+0000] {spark_submit.py:473} INFO - Spark-Submit cmd: spark-submit --master spark://spark-master:7077 --num-executors 1 --total-executor-cores 1 --executor-cores 1 --executor-memory 12g --driver-memory 12g --name arrow-spark --verbose --deploy-mode client dags/spark_app/spark_1.py
[2024-12-14T20:22:43.765+0000] {spark_submit.py:634} INFO - Using properties file: null
[2024-12-14T20:22:43.866+0000] {spark_submit.py:634} INFO - Parsed arguments:
[2024-12-14T20:22:43.866+0000] {spark_submit.py:634} INFO - master                  spark://spark-master:7077
[2024-12-14T20:22:43.866+0000] {spark_submit.py:634} INFO - remote                  null
[2024-12-14T20:22:43.867+0000] {spark_submit.py:634} INFO - deployMode              client
[2024-12-14T20:22:43.867+0000] {spark_submit.py:634} INFO - executorMemory          12g
[2024-12-14T20:22:43.867+0000] {spark_submit.py:634} INFO - executorCores           1
[2024-12-14T20:22:43.867+0000] {spark_submit.py:634} INFO - totalExecutorCores      1
[2024-12-14T20:22:43.867+0000] {spark_submit.py:634} INFO - propertiesFile          null
[2024-12-14T20:22:43.868+0000] {spark_submit.py:634} INFO - driverMemory            12g
[2024-12-14T20:22:43.868+0000] {spark_submit.py:634} INFO - driverCores             null
[2024-12-14T20:22:43.868+0000] {spark_submit.py:634} INFO - driverExtraClassPath    null
[2024-12-14T20:22:43.868+0000] {spark_submit.py:634} INFO - driverExtraLibraryPath  null
[2024-12-14T20:22:43.868+0000] {spark_submit.py:634} INFO - driverExtraJavaOptions  null
[2024-12-14T20:22:43.869+0000] {spark_submit.py:634} INFO - supervise               false
[2024-12-14T20:22:43.869+0000] {spark_submit.py:634} INFO - queue                   null
[2024-12-14T20:22:43.869+0000] {spark_submit.py:634} INFO - numExecutors            1
[2024-12-14T20:22:43.869+0000] {spark_submit.py:634} INFO - files                   null
[2024-12-14T20:22:43.869+0000] {spark_submit.py:634} INFO - pyFiles                 null
[2024-12-14T20:22:43.870+0000] {spark_submit.py:634} INFO - archives                null
[2024-12-14T20:22:43.870+0000] {spark_submit.py:634} INFO - mainClass               null
[2024-12-14T20:22:43.870+0000] {spark_submit.py:634} INFO - primaryResource         file:/opt/***/dags/spark_app/spark_1.py
[2024-12-14T20:22:43.870+0000] {spark_submit.py:634} INFO - name                    arrow-spark
[2024-12-14T20:22:43.871+0000] {spark_submit.py:634} INFO - childArgs               []
[2024-12-14T20:22:43.871+0000] {spark_submit.py:634} INFO - jars                    null
[2024-12-14T20:22:43.871+0000] {spark_submit.py:634} INFO - packages                null
[2024-12-14T20:22:43.871+0000] {spark_submit.py:634} INFO - packagesExclusions      null
[2024-12-14T20:22:43.872+0000] {spark_submit.py:634} INFO - repositories            null
[2024-12-14T20:22:43.872+0000] {spark_submit.py:634} INFO - verbose                 true
[2024-12-14T20:22:43.872+0000] {spark_submit.py:634} INFO - 
[2024-12-14T20:22:43.872+0000] {spark_submit.py:634} INFO - Spark properties used, including those specified through
[2024-12-14T20:22:43.872+0000] {spark_submit.py:634} INFO - --conf and those from the properties file null:
[2024-12-14T20:22:43.873+0000] {spark_submit.py:634} INFO - (spark.driver.memory,12g)
[2024-12-14T20:22:43.873+0000] {spark_submit.py:634} INFO - 
[2024-12-14T20:22:43.873+0000] {spark_submit.py:634} INFO - 
[2024-12-14T20:22:44.104+0000] {spark_submit.py:634} INFO - Main class:
[2024-12-14T20:22:44.105+0000] {spark_submit.py:634} INFO - org.apache.spark.deploy.PythonRunner
[2024-12-14T20:22:44.105+0000] {spark_submit.py:634} INFO - Arguments:
[2024-12-14T20:22:44.105+0000] {spark_submit.py:634} INFO - file:/opt/***/dags/spark_app/spark_1.py
[2024-12-14T20:22:44.106+0000] {spark_submit.py:634} INFO - null
[2024-12-14T20:22:44.110+0000] {spark_submit.py:634} INFO - Spark config:
[2024-12-14T20:22:44.111+0000] {spark_submit.py:634} INFO - (spark.app.name,arrow-spark)
[2024-12-14T20:22:44.111+0000] {spark_submit.py:634} INFO - (spark.app.submitTime,1734207764081)
[2024-12-14T20:22:44.111+0000] {spark_submit.py:634} INFO - (spark.cores.max,1)
[2024-12-14T20:22:44.111+0000] {spark_submit.py:634} INFO - (spark.driver.memory,12g)
[2024-12-14T20:22:44.112+0000] {spark_submit.py:634} INFO - (spark.executor.cores,1)
[2024-12-14T20:22:44.112+0000] {spark_submit.py:634} INFO - (spark.executor.memory,12g)
[2024-12-14T20:22:44.112+0000] {spark_submit.py:634} INFO - (spark.master,spark://spark-master:7077)
[2024-12-14T20:22:44.112+0000] {spark_submit.py:634} INFO - (spark.submit.deployMode,client)
[2024-12-14T20:22:44.112+0000] {spark_submit.py:634} INFO - (spark.submit.pyFiles,)
[2024-12-14T20:22:44.113+0000] {spark_submit.py:634} INFO - Classpath elements:
[2024-12-14T20:22:44.113+0000] {spark_submit.py:634} INFO - 
[2024-12-14T20:22:44.114+0000] {spark_submit.py:634} INFO - 
[2024-12-14T20:22:44.114+0000] {spark_submit.py:634} INFO - 
[2024-12-14T20:22:45.224+0000] {spark_submit.py:634} INFO - 24/12/14 20:22:45 INFO SparkContext: Running Spark version 3.5.3
[2024-12-14T20:22:45.225+0000] {spark_submit.py:634} INFO - 24/12/14 20:22:45 INFO SparkContext: OS info Linux, 5.10.0-33-cloud-amd64, amd64
[2024-12-14T20:22:45.226+0000] {spark_submit.py:634} INFO - 24/12/14 20:22:45 INFO SparkContext: Java version 17.0.13
[2024-12-14T20:22:45.278+0000] {spark_submit.py:634} INFO - 24/12/14 20:22:45 WARN NativeCodeLoader: Unable to load native-hadoop library for your platform... using builtin-java classes where applicable
[2024-12-14T20:22:45.369+0000] {spark_submit.py:634} INFO - 24/12/14 20:22:45 INFO ResourceUtils: ==============================================================
[2024-12-14T20:22:45.370+0000] {spark_submit.py:634} INFO - 24/12/14 20:22:45 INFO ResourceUtils: No custom resources configured for spark.driver.
[2024-12-14T20:22:45.370+0000] {spark_submit.py:634} INFO - 24/12/14 20:22:45 INFO ResourceUtils: ==============================================================
[2024-12-14T20:22:45.371+0000] {spark_submit.py:634} INFO - 24/12/14 20:22:45 INFO SparkContext: Submitted application: ExampleJob111
[2024-12-14T20:22:45.393+0000] {spark_submit.py:634} INFO - 24/12/14 20:22:45 INFO ResourceProfile: Default ResourceProfile created, executor resources: Map(cores -> name: cores, amount: 1, script: , vendor: , memory -> name: memory, amount: 12288, script: , vendor: , offHeap -> name: offHeap, amount: 0, script: , vendor: ), task resources: Map(cpus -> name: cpus, amount: 1.0)
[2024-12-14T20:22:45.403+0000] {spark_submit.py:634} INFO - 24/12/14 20:22:45 INFO ResourceProfile: Limiting resource is cpus at 1 tasks per executor
[2024-12-14T20:22:45.404+0000] {spark_submit.py:634} INFO - 24/12/14 20:22:45 INFO ResourceProfileManager: Added ResourceProfile id: 0
[2024-12-14T20:22:45.452+0000] {spark_submit.py:634} INFO - 24/12/14 20:22:45 INFO SecurityManager: Changing view acls to: default
[2024-12-14T20:22:45.453+0000] {spark_submit.py:634} INFO - 24/12/14 20:22:45 INFO SecurityManager: Changing modify acls to: default
[2024-12-14T20:22:45.453+0000] {spark_submit.py:634} INFO - 24/12/14 20:22:45 INFO SecurityManager: Changing view acls groups to:
[2024-12-14T20:22:45.454+0000] {spark_submit.py:634} INFO - 24/12/14 20:22:45 INFO SecurityManager: Changing modify acls groups to:
[2024-12-14T20:22:45.454+0000] {spark_submit.py:634} INFO - 24/12/14 20:22:45 INFO SecurityManager: SecurityManager: authentication disabled; ui acls disabled; users with view permissions: default; groups with view permissions: EMPTY; users with modify permissions: default; groups with modify permissions: EMPTY
[2024-12-14T20:22:45.685+0000] {spark_submit.py:634} INFO - 24/12/14 20:22:45 INFO Utils: Successfully started service 'sparkDriver' on port 46509.
[2024-12-14T20:22:45.712+0000] {spark_submit.py:634} INFO - 24/12/14 20:22:45 INFO SparkEnv: Registering MapOutputTracker
[2024-12-14T20:22:45.746+0000] {spark_submit.py:634} INFO - 24/12/14 20:22:45 INFO SparkEnv: Registering BlockManagerMaster
[2024-12-14T20:22:45.764+0000] {spark_submit.py:634} INFO - 24/12/14 20:22:45 INFO BlockManagerMasterEndpoint: Using org.apache.spark.storage.DefaultTopologyMapper for getting topology information
[2024-12-14T20:22:45.765+0000] {spark_submit.py:634} INFO - 24/12/14 20:22:45 INFO BlockManagerMasterEndpoint: BlockManagerMasterEndpoint up
[2024-12-14T20:22:45.768+0000] {spark_submit.py:634} INFO - 24/12/14 20:22:45 INFO SparkEnv: Registering BlockManagerMasterHeartbeat
[2024-12-14T20:22:45.785+0000] {spark_submit.py:634} INFO - 24/12/14 20:22:45 INFO DiskBlockManager: Created local directory at /tmp/blockmgr-7db5aa2f-bb80-4925-a013-4217fa4bb0b0
[2024-12-14T20:22:45.797+0000] {spark_submit.py:634} INFO - 24/12/14 20:22:45 INFO MemoryStore: MemoryStore started with capacity 7.0 GiB
[2024-12-14T20:22:45.812+0000] {spark_submit.py:634} INFO - 24/12/14 20:22:45 INFO SparkEnv: Registering OutputCommitCoordinator
[2024-12-14T20:22:45.936+0000] {spark_submit.py:634} INFO - 24/12/14 20:22:45 INFO JettyUtils: Start Jetty 0.0.0.0:4040 for SparkUI
[2024-12-14T20:22:45.991+0000] {spark_submit.py:634} INFO - 24/12/14 20:22:45 INFO Utils: Successfully started service 'SparkUI' on port 4040.
[2024-12-14T20:22:46.128+0000] {spark_submit.py:634} INFO - 24/12/14 20:22:46 INFO StandaloneAppClient$ClientEndpoint: Connecting to master spark://spark-master:7077...
[2024-12-14T20:22:46.175+0000] {spark_submit.py:634} INFO - 24/12/14 20:22:46 INFO TransportClientFactory: Successfully created connection to spark-master/172.19.0.2:7077 after 26 ms (0 ms spent in bootstraps)
[2024-12-14T20:22:46.316+0000] {spark_submit.py:634} INFO - 24/12/14 20:22:46 INFO StandaloneSchedulerBackend: Connected to Spark cluster with app ID app-20241214202246-0000
[2024-12-14T20:22:46.323+0000] {spark_submit.py:634} INFO - 24/12/14 20:22:46 INFO Utils: Successfully started service 'org.apache.spark.network.netty.NettyBlockTransferService' on port 40463.
[2024-12-14T20:22:46.323+0000] {spark_submit.py:634} INFO - 24/12/14 20:22:46 INFO NettyBlockTransferService: Server created on 8c88515bb343:40463
[2024-12-14T20:22:46.325+0000] {spark_submit.py:634} INFO - 24/12/14 20:22:46 INFO BlockManager: Using org.apache.spark.storage.RandomBlockReplicationPolicy for block replication policy
[2024-12-14T20:22:46.332+0000] {spark_submit.py:634} INFO - 24/12/14 20:22:46 INFO BlockManagerMaster: Registering BlockManager BlockManagerId(driver, 8c88515bb343, 40463, None)
[2024-12-14T20:22:46.336+0000] {spark_submit.py:634} INFO - 24/12/14 20:22:46 INFO BlockManagerMasterEndpoint: Registering block manager 8c88515bb343:40463 with 7.0 GiB RAM, BlockManagerId(driver, 8c88515bb343, 40463, None)
[2024-12-14T20:22:46.338+0000] {spark_submit.py:634} INFO - 24/12/14 20:22:46 INFO BlockManagerMaster: Registered BlockManager BlockManagerId(driver, 8c88515bb343, 40463, None)
[2024-12-14T20:22:46.352+0000] {spark_submit.py:634} INFO - 24/12/14 20:22:46 INFO BlockManager: Initialized BlockManager: BlockManagerId(driver, 8c88515bb343, 40463, None)
[2024-12-14T20:22:46.354+0000] {spark_submit.py:634} INFO - 24/12/14 20:22:46 INFO StandaloneAppClient$ClientEndpoint: Executor added: app-20241214202246-0000/0 on worker-20241214200051-172.19.0.5-36131 (172.19.0.5:36131) with 1 core(s)
[2024-12-14T20:22:46.356+0000] {spark_submit.py:634} INFO - 24/12/14 20:22:46 INFO StandaloneSchedulerBackend: Granted executor ID app-20241214202246-0000/0 on hostPort 172.19.0.5:36131 with 1 core(s), 12.0 GiB RAM
[2024-12-14T20:22:46.521+0000] {spark_submit.py:634} INFO - 24/12/14 20:22:46 INFO StandaloneAppClient$ClientEndpoint: Executor updated: app-20241214202246-0000/0 is now RUNNING
[2024-12-14T20:22:46.605+0000] {spark_submit.py:634} INFO - 24/12/14 20:22:46 INFO StandaloneSchedulerBackend: SchedulerBackend is ready for scheduling beginning after reached minRegisteredResourcesRatio: 0.0
[2024-12-14T20:22:48.602+0000] {spark_submit.py:634} INFO - 24/12/14 20:22:48 INFO SharedState: Setting hive.metastore.warehouse.dir ('null') to the value of spark.sql.warehouse.dir.
[2024-12-14T20:22:48.609+0000] {spark_submit.py:634} INFO - 24/12/14 20:22:48 INFO SharedState: Warehouse path is 'file:/opt/***/spark-warehouse'.
[2024-12-14T20:22:49.689+0000] {spark_submit.py:634} INFO - 24/12/14 20:22:49 INFO StandaloneSchedulerBackend$StandaloneDriverEndpoint: Registered executor NettyRpcEndpointRef(spark-client://Executor) (172.19.0.5:50390) with ID 0,  ResourceProfileId 0
[2024-12-14T20:22:49.799+0000] {spark_submit.py:634} INFO - 24/12/14 20:22:49 INFO BlockManagerMasterEndpoint: Registering block manager 172.19.0.5:43707 with 7.0 GiB RAM, BlockManagerId(0, 172.19.0.5, 43707, None)
[2024-12-14T20:22:51.217+0000] {spark_submit.py:634} INFO - 24/12/14 20:22:51 INFO CodeGenerator: Code generated in 178.302036 ms
[2024-12-14T20:22:51.274+0000] {spark_submit.py:634} INFO - 24/12/14 20:22:51 INFO SparkContext: Starting job: toPandas at /opt/***/dags/spark_app/spark_1.py:7
[2024-12-14T20:22:51.288+0000] {spark_submit.py:634} INFO - 24/12/14 20:22:51 INFO DAGScheduler: Got job 0 (toPandas at /opt/***/dags/spark_app/spark_1.py:7) with 2 output partitions
[2024-12-14T20:22:51.289+0000] {spark_submit.py:634} INFO - 24/12/14 20:22:51 INFO DAGScheduler: Final stage: ResultStage 0 (toPandas at /opt/***/dags/spark_app/spark_1.py:7)
[2024-12-14T20:22:51.289+0000] {spark_submit.py:634} INFO - 24/12/14 20:22:51 INFO DAGScheduler: Parents of final stage: List()
[2024-12-14T20:22:51.290+0000] {spark_submit.py:634} INFO - 24/12/14 20:22:51 INFO DAGScheduler: Missing parents: List()
[2024-12-14T20:22:51.294+0000] {spark_submit.py:634} INFO - 24/12/14 20:22:51 INFO DAGScheduler: Submitting ResultStage 0 (MapPartitionsRDD[6] at toPandas at /opt/***/dags/spark_app/spark_1.py:7), which has no missing parents
[2024-12-14T20:22:51.377+0000] {spark_submit.py:634} INFO - 24/12/14 20:22:51 INFO MemoryStore: Block broadcast_0 stored as values in memory (estimated size 12.5 KiB, free 7.0 GiB)
[2024-12-14T20:22:51.405+0000] {spark_submit.py:634} INFO - 24/12/14 20:22:51 INFO MemoryStore: Block broadcast_0_piece0 stored as bytes in memory (estimated size 6.6 KiB, free 7.0 GiB)
[2024-12-14T20:22:51.408+0000] {spark_submit.py:634} INFO - 24/12/14 20:22:51 INFO BlockManagerInfo: Added broadcast_0_piece0 in memory on 8c88515bb343:40463 (size: 6.6 KiB, free: 7.0 GiB)
[2024-12-14T20:22:51.412+0000] {spark_submit.py:634} INFO - 24/12/14 20:22:51 INFO SparkContext: Created broadcast 0 from broadcast at DAGScheduler.scala:1585
[2024-12-14T20:22:51.426+0000] {spark_submit.py:634} INFO - 24/12/14 20:22:51 INFO DAGScheduler: Submitting 2 missing tasks from ResultStage 0 (MapPartitionsRDD[6] at toPandas at /opt/***/dags/spark_app/spark_1.py:7) (first 15 tasks are for partitions Vector(0, 1))
[2024-12-14T20:22:51.427+0000] {spark_submit.py:634} INFO - 24/12/14 20:22:51 INFO TaskSchedulerImpl: Adding task set 0.0 with 2 tasks resource profile 0
[2024-12-14T20:22:51.452+0000] {spark_submit.py:634} INFO - 24/12/14 20:22:51 INFO TaskSetManager: Starting task 0.0 in stage 0.0 (TID 0) (172.19.0.5, executor 0, partition 0, PROCESS_LOCAL, 9020 bytes)
[2024-12-14T20:22:51.680+0000] {spark_submit.py:634} INFO - 24/12/14 20:22:51 INFO BlockManagerInfo: Added broadcast_0_piece0 in memory on 172.19.0.5:43707 (size: 6.6 KiB, free: 7.0 GiB)
[2024-12-14T20:22:53.012+0000] {spark_submit.py:634} INFO - 24/12/14 20:22:53 INFO TaskSetManager: Starting task 1.0 in stage 0.0 (TID 1) (172.19.0.5, executor 0, partition 1, PROCESS_LOCAL, 9057 bytes)
[2024-12-14T20:22:53.020+0000] {spark_submit.py:634} INFO - 24/12/14 20:22:53 INFO TaskSetManager: Finished task 0.0 in stage 0.0 (TID 0) in 1576 ms on 172.19.0.5 (executor 0) (1/2)
[2024-12-14T20:22:53.026+0000] {spark_submit.py:634} INFO - 24/12/14 20:22:53 INFO PythonAccumulatorV2: Connected to AccumulatorServer at host: 127.0.0.1 port: 32931
[2024-12-14T20:22:53.135+0000] {spark_submit.py:634} INFO - 24/12/14 20:22:53 INFO TaskSetManager: Finished task 1.0 in stage 0.0 (TID 1) in 124 ms on 172.19.0.5 (executor 0) (2/2)
[2024-12-14T20:22:53.137+0000] {spark_submit.py:634} INFO - 24/12/14 20:22:53 INFO TaskSchedulerImpl: Removed TaskSet 0.0, whose tasks have all completed, from pool
[2024-12-14T20:22:53.138+0000] {spark_submit.py:634} INFO - 24/12/14 20:22:53 INFO DAGScheduler: ResultStage 0 (toPandas at /opt/***/dags/spark_app/spark_1.py:7) finished in 1.805 s
[2024-12-14T20:22:53.141+0000] {spark_submit.py:634} INFO - 24/12/14 20:22:53 INFO DAGScheduler: Job 0 is finished. Cancelling potential speculative or zombie tasks for this job
[2024-12-14T20:22:53.141+0000] {spark_submit.py:634} INFO - 24/12/14 20:22:53 INFO TaskSchedulerImpl: Killing all running tasks in stage 0: Stage finished
[2024-12-14T20:22:53.143+0000] {spark_submit.py:634} INFO - 24/12/14 20:22:53 INFO DAGScheduler: Job 0 finished: toPandas at /opt/***/dags/spark_app/spark_1.py:7, took 1.868531 s
[2024-12-14T20:22:53.285+0000] {spark_submit.py:634} INFO - 24/12/14 20:22:53 INFO InMemoryFileIndex: It took 14 ms to list leaf files for 1 paths.
[2024-12-14T20:22:53.335+0000] {spark_submit.py:634} INFO - 24/12/14 20:22:53 INFO InMemoryFileIndex: It took 2 ms to list leaf files for 1 paths.
[2024-12-14T20:22:54.098+0000] {spark_submit.py:634} INFO - 24/12/14 20:22:54 INFO BlockManagerInfo: Removed broadcast_0_piece0 on 172.19.0.5:43707 in memory (size: 6.6 KiB, free: 7.0 GiB)
[2024-12-14T20:22:54.098+0000] {spark_submit.py:634} INFO - 24/12/14 20:22:54 INFO BlockManagerInfo: Removed broadcast_0_piece0 on 8c88515bb343:40463 in memory (size: 6.6 KiB, free: 7.0 GiB)
[2024-12-14T20:22:54.265+0000] {spark_submit.py:634} INFO - 24/12/14 20:22:54 INFO FileSourceStrategy: Pushed Filters:
[2024-12-14T20:22:54.266+0000] {spark_submit.py:634} INFO - 24/12/14 20:22:54 INFO FileSourceStrategy: Post-Scan Filters: (length(trim(value#4, None)) > 0)
[2024-12-14T20:22:54.311+0000] {spark_submit.py:634} INFO - 24/12/14 20:22:54 INFO CodeGenerator: Code generated in 14.122989 ms
[2024-12-14T20:22:54.326+0000] {spark_submit.py:634} INFO - 24/12/14 20:22:54 INFO MemoryStore: Block broadcast_1 stored as values in memory (estimated size 200.3 KiB, free 7.0 GiB)
[2024-12-14T20:22:54.346+0000] {spark_submit.py:634} INFO - 24/12/14 20:22:54 INFO MemoryStore: Block broadcast_1_piece0 stored as bytes in memory (estimated size 34.4 KiB, free 7.0 GiB)
[2024-12-14T20:22:54.347+0000] {spark_submit.py:634} INFO - 24/12/14 20:22:54 INFO BlockManagerInfo: Added broadcast_1_piece0 in memory on 8c88515bb343:40463 (size: 34.4 KiB, free: 7.0 GiB)
[2024-12-14T20:22:54.348+0000] {spark_submit.py:634} INFO - 24/12/14 20:22:54 INFO SparkContext: Created broadcast 1 from csv at NativeMethodAccessorImpl.java:0
[2024-12-14T20:22:54.356+0000] {spark_submit.py:634} INFO - 24/12/14 20:22:54 INFO FileSourceScanExec: Planning scan with bin packing, max size: 4194304 bytes, open cost is considered as scanning 4194304 bytes.
[2024-12-14T20:22:54.385+0000] {spark_submit.py:634} INFO - 24/12/14 20:22:54 INFO SparkContext: Starting job: csv at NativeMethodAccessorImpl.java:0
[2024-12-14T20:22:54.386+0000] {spark_submit.py:634} INFO - 24/12/14 20:22:54 INFO DAGScheduler: Got job 1 (csv at NativeMethodAccessorImpl.java:0) with 1 output partitions
[2024-12-14T20:22:54.387+0000] {spark_submit.py:634} INFO - 24/12/14 20:22:54 INFO DAGScheduler: Final stage: ResultStage 1 (csv at NativeMethodAccessorImpl.java:0)
[2024-12-14T20:22:54.387+0000] {spark_submit.py:634} INFO - 24/12/14 20:22:54 INFO DAGScheduler: Parents of final stage: List()
[2024-12-14T20:22:54.387+0000] {spark_submit.py:634} INFO - 24/12/14 20:22:54 INFO DAGScheduler: Missing parents: List()
[2024-12-14T20:22:54.387+0000] {spark_submit.py:634} INFO - 24/12/14 20:22:54 INFO DAGScheduler: Submitting ResultStage 1 (MapPartitionsRDD[10] at csv at NativeMethodAccessorImpl.java:0), which has no missing parents
[2024-12-14T20:22:54.409+0000] {spark_submit.py:634} INFO - 24/12/14 20:22:54 INFO MemoryStore: Block broadcast_2 stored as values in memory (estimated size 13.5 KiB, free 7.0 GiB)
[2024-12-14T20:22:54.412+0000] {spark_submit.py:634} INFO - 24/12/14 20:22:54 INFO MemoryStore: Block broadcast_2_piece0 stored as bytes in memory (estimated size 6.4 KiB, free 7.0 GiB)
[2024-12-14T20:22:54.413+0000] {spark_submit.py:634} INFO - 24/12/14 20:22:54 INFO BlockManagerInfo: Added broadcast_2_piece0 in memory on 8c88515bb343:40463 (size: 6.4 KiB, free: 7.0 GiB)
[2024-12-14T20:22:54.413+0000] {spark_submit.py:634} INFO - 24/12/14 20:22:54 INFO SparkContext: Created broadcast 2 from broadcast at DAGScheduler.scala:1585
[2024-12-14T20:22:54.414+0000] {spark_submit.py:634} INFO - 24/12/14 20:22:54 INFO DAGScheduler: Submitting 1 missing tasks from ResultStage 1 (MapPartitionsRDD[10] at csv at NativeMethodAccessorImpl.java:0) (first 15 tasks are for partitions Vector(0))
[2024-12-14T20:22:54.414+0000] {spark_submit.py:634} INFO - 24/12/14 20:22:54 INFO TaskSchedulerImpl: Adding task set 1.0 with 1 tasks resource profile 0
[2024-12-14T20:22:54.417+0000] {spark_submit.py:634} INFO - 24/12/14 20:22:54 INFO TaskSetManager: Starting task 0.0 in stage 1.0 (TID 2) (172.19.0.5, executor 0, partition 0, PROCESS_LOCAL, 9602 bytes)
[2024-12-14T20:22:54.438+0000] {spark_submit.py:634} INFO - 24/12/14 20:22:54 INFO BlockManagerInfo: Added broadcast_2_piece0 in memory on 172.19.0.5:43707 (size: 6.4 KiB, free: 7.0 GiB)
[2024-12-14T20:22:54.599+0000] {spark_submit.py:634} INFO - 24/12/14 20:22:54 INFO BlockManagerInfo: Added broadcast_1_piece0 in memory on 172.19.0.5:43707 (size: 34.4 KiB, free: 7.0 GiB)
[2024-12-14T20:22:54.718+0000] {spark_submit.py:634} INFO - 24/12/14 20:22:54 INFO TaskSetManager: Finished task 0.0 in stage 1.0 (TID 2) in 302 ms on 172.19.0.5 (executor 0) (1/1)
[2024-12-14T20:22:54.718+0000] {spark_submit.py:634} INFO - 24/12/14 20:22:54 INFO TaskSchedulerImpl: Removed TaskSet 1.0, whose tasks have all completed, from pool
[2024-12-14T20:22:54.719+0000] {spark_submit.py:634} INFO - 24/12/14 20:22:54 INFO DAGScheduler: ResultStage 1 (csv at NativeMethodAccessorImpl.java:0) finished in 0.328 s
[2024-12-14T20:22:54.719+0000] {spark_submit.py:634} INFO - 24/12/14 20:22:54 INFO DAGScheduler: Job 1 is finished. Cancelling potential speculative or zombie tasks for this job
[2024-12-14T20:22:54.719+0000] {spark_submit.py:634} INFO - 24/12/14 20:22:54 INFO TaskSchedulerImpl: Killing all running tasks in stage 1: Stage finished
[2024-12-14T20:22:54.720+0000] {spark_submit.py:634} INFO - 24/12/14 20:22:54 INFO DAGScheduler: Job 1 finished: csv at NativeMethodAccessorImpl.java:0, took 0.334257 s
[2024-12-14T20:22:54.735+0000] {spark_submit.py:634} INFO - 24/12/14 20:22:54 INFO CodeGenerator: Code generated in 8.399248 ms
[2024-12-14T20:22:54.767+0000] {spark_submit.py:634} INFO - 24/12/14 20:22:54 INFO FileSourceStrategy: Pushed Filters:
[2024-12-14T20:22:54.767+0000] {spark_submit.py:634} INFO - 24/12/14 20:22:54 INFO FileSourceStrategy: Post-Scan Filters:
[2024-12-14T20:22:54.774+0000] {spark_submit.py:634} INFO - 24/12/14 20:22:54 INFO MemoryStore: Block broadcast_3 stored as values in memory (estimated size 200.3 KiB, free 7.0 GiB)
[2024-12-14T20:22:54.785+0000] {spark_submit.py:634} INFO - 24/12/14 20:22:54 INFO MemoryStore: Block broadcast_3_piece0 stored as bytes in memory (estimated size 34.4 KiB, free 7.0 GiB)
[2024-12-14T20:22:54.786+0000] {spark_submit.py:634} INFO - 24/12/14 20:22:54 INFO BlockManagerInfo: Added broadcast_3_piece0 in memory on 8c88515bb343:40463 (size: 34.4 KiB, free: 7.0 GiB)
[2024-12-14T20:22:54.787+0000] {spark_submit.py:634} INFO - 24/12/14 20:22:54 INFO SparkContext: Created broadcast 3 from csv at NativeMethodAccessorImpl.java:0
[2024-12-14T20:22:54.788+0000] {spark_submit.py:634} INFO - 24/12/14 20:22:54 INFO FileSourceScanExec: Planning scan with bin packing, max size: 4194304 bytes, open cost is considered as scanning 4194304 bytes.
[2024-12-14T20:22:54.836+0000] {spark_submit.py:634} INFO - 24/12/14 20:22:54 INFO SparkContext: Starting job: csv at NativeMethodAccessorImpl.java:0
[2024-12-14T20:22:54.838+0000] {spark_submit.py:634} INFO - 24/12/14 20:22:54 INFO DAGScheduler: Got job 2 (csv at NativeMethodAccessorImpl.java:0) with 1 output partitions
[2024-12-14T20:22:54.838+0000] {spark_submit.py:634} INFO - 24/12/14 20:22:54 INFO DAGScheduler: Final stage: ResultStage 2 (csv at NativeMethodAccessorImpl.java:0)
[2024-12-14T20:22:54.838+0000] {spark_submit.py:634} INFO - 24/12/14 20:22:54 INFO DAGScheduler: Parents of final stage: List()
[2024-12-14T20:22:54.839+0000] {spark_submit.py:634} INFO - 24/12/14 20:22:54 INFO DAGScheduler: Missing parents: List()
[2024-12-14T20:22:54.839+0000] {spark_submit.py:634} INFO - 24/12/14 20:22:54 INFO DAGScheduler: Submitting ResultStage 2 (MapPartitionsRDD[16] at csv at NativeMethodAccessorImpl.java:0), which has no missing parents
[2024-12-14T20:22:54.856+0000] {spark_submit.py:634} INFO - 24/12/14 20:22:54 INFO MemoryStore: Block broadcast_4 stored as values in memory (estimated size 27.7 KiB, free 7.0 GiB)
[2024-12-14T20:22:54.858+0000] {spark_submit.py:634} INFO - 24/12/14 20:22:54 INFO MemoryStore: Block broadcast_4_piece0 stored as bytes in memory (estimated size 12.7 KiB, free 7.0 GiB)
[2024-12-14T20:22:54.860+0000] {spark_submit.py:634} INFO - 24/12/14 20:22:54 INFO BlockManagerInfo: Added broadcast_4_piece0 in memory on 8c88515bb343:40463 (size: 12.7 KiB, free: 7.0 GiB)
[2024-12-14T20:22:54.861+0000] {spark_submit.py:634} INFO - 24/12/14 20:22:54 INFO SparkContext: Created broadcast 4 from broadcast at DAGScheduler.scala:1585
[2024-12-14T20:22:54.862+0000] {spark_submit.py:634} INFO - 24/12/14 20:22:54 INFO DAGScheduler: Submitting 1 missing tasks from ResultStage 2 (MapPartitionsRDD[16] at csv at NativeMethodAccessorImpl.java:0) (first 15 tasks are for partitions Vector(0))
[2024-12-14T20:22:54.862+0000] {spark_submit.py:634} INFO - 24/12/14 20:22:54 INFO TaskSchedulerImpl: Adding task set 2.0 with 1 tasks resource profile 0
[2024-12-14T20:22:54.863+0000] {spark_submit.py:634} INFO - 24/12/14 20:22:54 INFO TaskSetManager: Starting task 0.0 in stage 2.0 (TID 3) (172.19.0.5, executor 0, partition 0, PROCESS_LOCAL, 9602 bytes)
[2024-12-14T20:22:54.898+0000] {spark_submit.py:634} INFO - 24/12/14 20:22:54 INFO BlockManagerInfo: Added broadcast_4_piece0 in memory on 172.19.0.5:43707 (size: 12.7 KiB, free: 7.0 GiB)
[2024-12-14T20:22:55.900+0000] {spark_submit.py:634} INFO - 24/12/14 20:22:55 INFO BlockManagerInfo: Added broadcast_3_piece0 in memory on 172.19.0.5:43707 (size: 34.4 KiB, free: 7.0 GiB)
[2024-12-14T20:22:55.983+0000] {spark_submit.py:634} INFO - 24/12/14 20:22:55 INFO TaskSetManager: Finished task 0.0 in stage 2.0 (TID 3) in 1120 ms on 172.19.0.5 (executor 0) (1/1)
[2024-12-14T20:22:55.985+0000] {spark_submit.py:634} INFO - 24/12/14 20:22:55 INFO DAGScheduler: ResultStage 2 (csv at NativeMethodAccessorImpl.java:0) finished in 1.145 s
[2024-12-14T20:22:55.987+0000] {spark_submit.py:634} INFO - 24/12/14 20:22:55 INFO DAGScheduler: Job 2 is finished. Cancelling potential speculative or zombie tasks for this job
[2024-12-14T20:22:55.988+0000] {spark_submit.py:634} INFO - 24/12/14 20:22:55 INFO TaskSchedulerImpl: Removed TaskSet 2.0, whose tasks have all completed, from pool
[2024-12-14T20:22:55.989+0000] {spark_submit.py:634} INFO - 24/12/14 20:22:55 INFO TaskSchedulerImpl: Killing all running tasks in stage 2: Stage finished
[2024-12-14T20:22:55.990+0000] {spark_submit.py:634} INFO - 24/12/14 20:22:55 INFO DAGScheduler: Job 2 finished: csv at NativeMethodAccessorImpl.java:0, took 1.152998 s
[2024-12-14T20:22:56.031+0000] {spark_submit.py:634} INFO - 24/12/14 20:22:56 INFO FileSourceStrategy: Pushed Filters:
[2024-12-14T20:22:56.032+0000] {spark_submit.py:634} INFO - 24/12/14 20:22:56 INFO FileSourceStrategy: Post-Scan Filters:
[2024-12-14T20:22:56.083+0000] {spark_submit.py:634} INFO - 24/12/14 20:22:56 INFO CodeGenerator: Code generated in 11.063014 ms
[2024-12-14T20:22:56.087+0000] {spark_submit.py:634} INFO - 24/12/14 20:22:56 INFO MemoryStore: Block broadcast_5 stored as values in memory (estimated size 200.2 KiB, free 7.0 GiB)
[2024-12-14T20:22:56.097+0000] {spark_submit.py:634} INFO - 24/12/14 20:22:56 INFO MemoryStore: Block broadcast_5_piece0 stored as bytes in memory (estimated size 34.4 KiB, free 7.0 GiB)
[2024-12-14T20:22:56.098+0000] {spark_submit.py:634} INFO - 24/12/14 20:22:56 INFO BlockManagerInfo: Added broadcast_5_piece0 in memory on 8c88515bb343:40463 (size: 34.4 KiB, free: 7.0 GiB)
[2024-12-14T20:22:56.099+0000] {spark_submit.py:634} INFO - 24/12/14 20:22:56 INFO SparkContext: Created broadcast 5 from showString at NativeMethodAccessorImpl.java:0
[2024-12-14T20:22:56.104+0000] {spark_submit.py:634} INFO - 24/12/14 20:22:56 INFO FileSourceScanExec: Planning scan with bin packing, max size: 4194304 bytes, open cost is considered as scanning 4194304 bytes.
[2024-12-14T20:22:56.115+0000] {spark_submit.py:634} INFO - 24/12/14 20:22:56 INFO SparkContext: Starting job: showString at NativeMethodAccessorImpl.java:0
[2024-12-14T20:22:56.117+0000] {spark_submit.py:634} INFO - 24/12/14 20:22:56 INFO DAGScheduler: Got job 3 (showString at NativeMethodAccessorImpl.java:0) with 1 output partitions
[2024-12-14T20:22:56.117+0000] {spark_submit.py:634} INFO - 24/12/14 20:22:56 INFO DAGScheduler: Final stage: ResultStage 3 (showString at NativeMethodAccessorImpl.java:0)
[2024-12-14T20:22:56.117+0000] {spark_submit.py:634} INFO - 24/12/14 20:22:56 INFO DAGScheduler: Parents of final stage: List()
[2024-12-14T20:22:56.118+0000] {spark_submit.py:634} INFO - 24/12/14 20:22:56 INFO DAGScheduler: Missing parents: List()
[2024-12-14T20:22:56.118+0000] {spark_submit.py:634} INFO - 24/12/14 20:22:56 INFO DAGScheduler: Submitting ResultStage 3 (MapPartitionsRDD[20] at showString at NativeMethodAccessorImpl.java:0), which has no missing parents
[2024-12-14T20:22:56.124+0000] {spark_submit.py:634} INFO - 24/12/14 20:22:56 INFO MemoryStore: Block broadcast_6 stored as values in memory (estimated size 15.2 KiB, free 7.0 GiB)
[2024-12-14T20:22:56.142+0000] {spark_submit.py:634} INFO - 24/12/14 20:22:56 INFO MemoryStore: Block broadcast_6_piece0 stored as bytes in memory (estimated size 7.5 KiB, free 7.0 GiB)
[2024-12-14T20:22:56.145+0000] {spark_submit.py:634} INFO - 24/12/14 20:22:56 INFO BlockManagerInfo: Added broadcast_6_piece0 in memory on 8c88515bb343:40463 (size: 7.5 KiB, free: 7.0 GiB)
[2024-12-14T20:22:56.151+0000] {spark_submit.py:634} INFO - 24/12/14 20:22:56 INFO SparkContext: Created broadcast 6 from broadcast at DAGScheduler.scala:1585
[2024-12-14T20:22:56.152+0000] {spark_submit.py:634} INFO - 24/12/14 20:22:56 INFO DAGScheduler: Submitting 1 missing tasks from ResultStage 3 (MapPartitionsRDD[20] at showString at NativeMethodAccessorImpl.java:0) (first 15 tasks are for partitions Vector(0))
[2024-12-14T20:22:56.152+0000] {spark_submit.py:634} INFO - 24/12/14 20:22:56 INFO TaskSchedulerImpl: Adding task set 3.0 with 1 tasks resource profile 0
[2024-12-14T20:22:56.152+0000] {spark_submit.py:634} INFO - 24/12/14 20:22:56 INFO TaskSetManager: Starting task 0.0 in stage 3.0 (TID 4) (172.19.0.5, executor 0, partition 0, PROCESS_LOCAL, 9602 bytes)
[2024-12-14T20:22:56.157+0000] {spark_submit.py:634} INFO - 24/12/14 20:22:56 INFO BlockManagerInfo: Removed broadcast_3_piece0 on 8c88515bb343:40463 in memory (size: 34.4 KiB, free: 7.0 GiB)
[2024-12-14T20:22:56.170+0000] {spark_submit.py:634} INFO - 24/12/14 20:22:56 INFO BlockManagerInfo: Removed broadcast_3_piece0 on 172.19.0.5:43707 in memory (size: 34.4 KiB, free: 7.0 GiB)
[2024-12-14T20:22:56.182+0000] {spark_submit.py:634} INFO - 24/12/14 20:22:56 INFO BlockManagerInfo: Added broadcast_6_piece0 in memory on 172.19.0.5:43707 (size: 7.5 KiB, free: 7.0 GiB)
[2024-12-14T20:22:56.214+0000] {spark_submit.py:634} INFO - 24/12/14 20:22:56 INFO BlockManagerInfo: Removed broadcast_2_piece0 on 8c88515bb343:40463 in memory (size: 6.4 KiB, free: 7.0 GiB)
[2024-12-14T20:22:56.231+0000] {spark_submit.py:634} INFO - 24/12/14 20:22:56 INFO BlockManagerInfo: Removed broadcast_2_piece0 on 172.19.0.5:43707 in memory (size: 6.4 KiB, free: 7.0 GiB)
[2024-12-14T20:22:56.251+0000] {spark_submit.py:634} INFO - 24/12/14 20:22:56 INFO BlockManagerInfo: Added broadcast_5_piece0 in memory on 172.19.0.5:43707 (size: 34.4 KiB, free: 7.0 GiB)
[2024-12-14T20:22:56.255+0000] {spark_submit.py:634} INFO - 24/12/14 20:22:56 INFO BlockManagerInfo: Removed broadcast_4_piece0 on 8c88515bb343:40463 in memory (size: 12.7 KiB, free: 7.0 GiB)
[2024-12-14T20:22:56.260+0000] {spark_submit.py:634} INFO - 24/12/14 20:22:56 INFO BlockManagerInfo: Removed broadcast_4_piece0 on 172.19.0.5:43707 in memory (size: 12.7 KiB, free: 7.0 GiB)
[2024-12-14T20:22:56.295+0000] {spark_submit.py:634} INFO - 24/12/14 20:22:56 INFO BlockManagerInfo: Removed broadcast_1_piece0 on 8c88515bb343:40463 in memory (size: 34.4 KiB, free: 7.0 GiB)
[2024-12-14T20:22:56.298+0000] {spark_submit.py:634} INFO - 24/12/14 20:22:56 INFO BlockManagerInfo: Removed broadcast_1_piece0 on 172.19.0.5:43707 in memory (size: 34.4 KiB, free: 7.0 GiB)
[2024-12-14T20:22:56.327+0000] {spark_submit.py:634} INFO - 24/12/14 20:22:56 INFO TaskSetManager: Finished task 0.0 in stage 3.0 (TID 4) in 175 ms on 172.19.0.5 (executor 0) (1/1)
[2024-12-14T20:22:56.327+0000] {spark_submit.py:634} INFO - 24/12/14 20:22:56 INFO TaskSchedulerImpl: Removed TaskSet 3.0, whose tasks have all completed, from pool
[2024-12-14T20:22:56.331+0000] {spark_submit.py:634} INFO - 24/12/14 20:22:56 INFO DAGScheduler: ResultStage 3 (showString at NativeMethodAccessorImpl.java:0) finished in 0.210 s
[2024-12-14T20:22:56.331+0000] {spark_submit.py:634} INFO - 24/12/14 20:22:56 INFO DAGScheduler: Job 3 is finished. Cancelling potential speculative or zombie tasks for this job
[2024-12-14T20:22:56.332+0000] {spark_submit.py:634} INFO - 24/12/14 20:22:56 INFO TaskSchedulerImpl: Killing all running tasks in stage 3: Stage finished
[2024-12-14T20:22:56.332+0000] {spark_submit.py:634} INFO - 24/12/14 20:22:56 INFO DAGScheduler: Job 3 finished: showString at NativeMethodAccessorImpl.java:0, took 0.212976 s
[2024-12-14T20:22:56.345+0000] {spark_submit.py:634} INFO - 24/12/14 20:22:56 INFO CodeGenerator: Code generated in 10.739383 ms
[2024-12-14T20:22:56.350+0000] {spark_submit.py:634} INFO - +-------+-----+
[2024-12-14T20:22:56.351+0000] {spark_submit.py:634} INFO - |   Name|Value|
[2024-12-14T20:22:56.351+0000] {spark_submit.py:634} INFO - +-------+-----+
[2024-12-14T20:22:56.351+0000] {spark_submit.py:634} INFO - |  Alice|    1|
[2024-12-14T20:22:56.351+0000] {spark_submit.py:634} INFO - |    Bob|    2|
[2024-12-14T20:22:56.351+0000] {spark_submit.py:634} INFO - |Charlie|    3|
[2024-12-14T20:22:56.352+0000] {spark_submit.py:634} INFO - +-------+-----+
[2024-12-14T20:22:56.352+0000] {spark_submit.py:634} INFO - 
[2024-12-14T20:22:56.359+0000] {spark_submit.py:634} INFO - 24/12/14 20:22:56 INFO FileSourceStrategy: Pushed Filters:
[2024-12-14T20:22:56.359+0000] {spark_submit.py:634} INFO - 24/12/14 20:22:56 INFO FileSourceStrategy: Post-Scan Filters:
[2024-12-14T20:22:56.366+0000] {spark_submit.py:634} INFO - 24/12/14 20:22:56 INFO MemoryStore: Block broadcast_7 stored as values in memory (estimated size 200.2 KiB, free 7.0 GiB)
[2024-12-14T20:22:56.391+0000] {spark_submit.py:634} INFO - 24/12/14 20:22:56 INFO MemoryStore: Block broadcast_7_piece0 stored as bytes in memory (estimated size 34.4 KiB, free 7.0 GiB)
[2024-12-14T20:22:56.391+0000] {spark_submit.py:634} INFO - 24/12/14 20:22:56 INFO BlockManagerInfo: Added broadcast_7_piece0 in memory on 8c88515bb343:40463 (size: 34.4 KiB, free: 7.0 GiB)
[2024-12-14T20:22:56.393+0000] {spark_submit.py:634} INFO - 24/12/14 20:22:56 INFO SparkContext: Created broadcast 7 from toPandas at /opt/***/dags/spark_app/spark_1.py:16
[2024-12-14T20:22:56.394+0000] {spark_submit.py:634} INFO - 24/12/14 20:22:56 INFO FileSourceScanExec: Planning scan with bin packing, max size: 4194304 bytes, open cost is considered as scanning 4194304 bytes.
[2024-12-14T20:22:56.404+0000] {spark_submit.py:634} INFO - 24/12/14 20:22:56 INFO SparkContext: Starting job: toPandas at /opt/***/dags/spark_app/spark_1.py:16
[2024-12-14T20:22:56.405+0000] {spark_submit.py:634} INFO - 24/12/14 20:22:56 INFO DAGScheduler: Got job 4 (toPandas at /opt/***/dags/spark_app/spark_1.py:16) with 1 output partitions
[2024-12-14T20:22:56.405+0000] {spark_submit.py:634} INFO - 24/12/14 20:22:56 INFO DAGScheduler: Final stage: ResultStage 4 (toPandas at /opt/***/dags/spark_app/spark_1.py:16)
[2024-12-14T20:22:56.406+0000] {spark_submit.py:634} INFO - 24/12/14 20:22:56 INFO DAGScheduler: Parents of final stage: List()
[2024-12-14T20:22:56.406+0000] {spark_submit.py:634} INFO - 24/12/14 20:22:56 INFO DAGScheduler: Missing parents: List()
[2024-12-14T20:22:56.406+0000] {spark_submit.py:634} INFO - 24/12/14 20:22:56 INFO DAGScheduler: Submitting ResultStage 4 (MapPartitionsRDD[23] at toPandas at /opt/***/dags/spark_app/spark_1.py:16), which has no missing parents
[2024-12-14T20:22:56.408+0000] {spark_submit.py:634} INFO - 24/12/14 20:22:56 INFO MemoryStore: Block broadcast_8 stored as values in memory (estimated size 11.8 KiB, free 7.0 GiB)
[2024-12-14T20:22:56.410+0000] {spark_submit.py:634} INFO - 24/12/14 20:22:56 INFO MemoryStore: Block broadcast_8_piece0 stored as bytes in memory (estimated size 6.2 KiB, free 7.0 GiB)
[2024-12-14T20:22:56.411+0000] {spark_submit.py:634} INFO - 24/12/14 20:22:56 INFO BlockManagerInfo: Added broadcast_8_piece0 in memory on 8c88515bb343:40463 (size: 6.2 KiB, free: 7.0 GiB)
[2024-12-14T20:22:56.414+0000] {spark_submit.py:634} INFO - 24/12/14 20:22:56 INFO SparkContext: Created broadcast 8 from broadcast at DAGScheduler.scala:1585
[2024-12-14T20:22:56.415+0000] {spark_submit.py:634} INFO - 24/12/14 20:22:56 INFO DAGScheduler: Submitting 1 missing tasks from ResultStage 4 (MapPartitionsRDD[23] at toPandas at /opt/***/dags/spark_app/spark_1.py:16) (first 15 tasks are for partitions Vector(0))
[2024-12-14T20:22:56.415+0000] {spark_submit.py:634} INFO - 24/12/14 20:22:56 INFO TaskSchedulerImpl: Adding task set 4.0 with 1 tasks resource profile 0
[2024-12-14T20:22:56.416+0000] {spark_submit.py:634} INFO - 24/12/14 20:22:56 INFO TaskSetManager: Starting task 0.0 in stage 4.0 (TID 5) (172.19.0.5, executor 0, partition 0, PROCESS_LOCAL, 9602 bytes)
[2024-12-14T20:22:56.439+0000] {spark_submit.py:634} INFO - 24/12/14 20:22:56 INFO BlockManagerInfo: Added broadcast_8_piece0 in memory on 172.19.0.5:43707 (size: 6.2 KiB, free: 7.0 GiB)
[2024-12-14T20:22:56.458+0000] {spark_submit.py:634} INFO - 24/12/14 20:22:56 INFO BlockManagerInfo: Added broadcast_7_piece0 in memory on 172.19.0.5:43707 (size: 34.4 KiB, free: 7.0 GiB)
[2024-12-14T20:22:56.509+0000] {spark_submit.py:634} INFO - 24/12/14 20:22:56 INFO TaskSetManager: Finished task 0.0 in stage 4.0 (TID 5) in 95 ms on 172.19.0.5 (executor 0) (1/1)
[2024-12-14T20:22:56.509+0000] {spark_submit.py:634} INFO - 24/12/14 20:22:56 INFO TaskSchedulerImpl: Removed TaskSet 4.0, whose tasks have all completed, from pool
[2024-12-14T20:22:56.510+0000] {spark_submit.py:634} INFO - 24/12/14 20:22:56 INFO DAGScheduler: ResultStage 4 (toPandas at /opt/***/dags/spark_app/spark_1.py:16) finished in 0.102 s
[2024-12-14T20:22:56.510+0000] {spark_submit.py:634} INFO - 24/12/14 20:22:56 INFO DAGScheduler: Job 4 is finished. Cancelling potential speculative or zombie tasks for this job
[2024-12-14T20:22:56.510+0000] {spark_submit.py:634} INFO - 24/12/14 20:22:56 INFO TaskSchedulerImpl: Killing all running tasks in stage 4: Stage finished
[2024-12-14T20:22:56.511+0000] {spark_submit.py:634} INFO - 24/12/14 20:22:56 INFO DAGScheduler: Job 4 finished: toPandas at /opt/***/dags/spark_app/spark_1.py:16, took 0.106479 s
[2024-12-14T20:22:56.527+0000] {spark_submit.py:634} INFO - 24/12/14 20:22:56 INFO SparkContext: SparkContext is stopping with exitCode 0.
[2024-12-14T20:22:56.536+0000] {spark_submit.py:634} INFO - 24/12/14 20:22:56 INFO SparkUI: Stopped Spark web UI at http://8c88515bb343:4040
[2024-12-14T20:22:56.539+0000] {spark_submit.py:634} INFO - 24/12/14 20:22:56 INFO StandaloneSchedulerBackend: Shutting down all executors
[2024-12-14T20:22:56.540+0000] {spark_submit.py:634} INFO - 24/12/14 20:22:56 INFO StandaloneSchedulerBackend$StandaloneDriverEndpoint: Asking each executor to shut down
[2024-12-14T20:22:56.562+0000] {spark_submit.py:634} INFO - 24/12/14 20:22:56 INFO MapOutputTrackerMasterEndpoint: MapOutputTrackerMasterEndpoint stopped!
[2024-12-14T20:22:56.603+0000] {spark_submit.py:634} INFO - 24/12/14 20:22:56 INFO MemoryStore: MemoryStore cleared
[2024-12-14T20:22:56.604+0000] {spark_submit.py:634} INFO - 24/12/14 20:22:56 INFO BlockManager: BlockManager stopped
[2024-12-14T20:22:56.607+0000] {spark_submit.py:634} INFO - 24/12/14 20:22:56 INFO BlockManagerMaster: BlockManagerMaster stopped
[2024-12-14T20:22:56.611+0000] {spark_submit.py:634} INFO - 24/12/14 20:22:56 INFO OutputCommitCoordinator$OutputCommitCoordinatorEndpoint: OutputCommitCoordinator stopped!
[2024-12-14T20:22:56.624+0000] {spark_submit.py:634} INFO - 24/12/14 20:22:56 INFO SparkContext: Successfully stopped SparkContext
[2024-12-14T20:22:57.250+0000] {spark_submit.py:634} INFO - 24/12/14 20:22:57 INFO ShutdownHookManager: Shutdown hook called
[2024-12-14T20:22:57.251+0000] {spark_submit.py:634} INFO - 24/12/14 20:22:57 INFO ShutdownHookManager: Deleting directory /tmp/spark-0f0f9fb3-3e4f-475d-ad6e-8624b4a8693e/pyspark-dda13a34-19df-48e6-b1ef-99a0f7a6dced
[2024-12-14T20:22:57.254+0000] {spark_submit.py:634} INFO - 24/12/14 20:22:57 INFO ShutdownHookManager: Deleting directory /tmp/spark-0f0f9fb3-3e4f-475d-ad6e-8624b4a8693e
[2024-12-14T20:22:57.257+0000] {spark_submit.py:634} INFO - 24/12/14 20:22:57 INFO ShutdownHookManager: Deleting directory /tmp/spark-445e262f-8fd6-40c1-8e1c-81b8a86ca482
[2024-12-14T20:22:57.296+0000] {taskinstance.py:340} INFO - ::group::Post task execution logs
[2024-12-14T20:22:57.296+0000] {taskinstance.py:352} INFO - Marking task as SUCCESS. dag_id=spark_example, task_id=spark_submit_job, run_id=manual__2024-12-14T20:22:41.655371+00:00, execution_date=20241214T202241, start_date=20241214T202242, end_date=20241214T202257
[2024-12-14T20:22:57.343+0000] {local_task_job_runner.py:266} INFO - Task exited with return code 0
[2024-12-14T20:22:57.347+0000] {standard_task_runner.py:217} INFO - Process not found (most likely exited), stop collecting metrics
[2024-12-14T20:22:57.356+0000] {taskinstance.py:3895} INFO - 0 downstream tasks scheduled from follow-on schedule check
[2024-12-14T20:22:57.358+0000] {local_task_job_runner.py:245} INFO - ::endgroup::
