[2025-01-18T20:20:16.287+0000] {local_task_job_runner.py:123} INFO - ::group::Pre task execution logs
[2025-01-18T20:20:16.301+0000] {taskinstance.py:2613} INFO - Dependencies all met for dep_context=non-requeueable deps ti=<TaskInstance: spark_clickhouse_example.spark_submit_job manual__2025-01-18T20:20:15.266435+00:00 [queued]>
[2025-01-18T20:20:16.308+0000] {taskinstance.py:2613} INFO - Dependencies all met for dep_context=requeueable deps ti=<TaskInstance: spark_clickhouse_example.spark_submit_job manual__2025-01-18T20:20:15.266435+00:00 [queued]>
[2025-01-18T20:20:16.309+0000] {taskinstance.py:2866} INFO - Starting attempt 1 of 1
[2025-01-18T20:20:16.321+0000] {taskinstance.py:2889} INFO - Executing <Task(SparkSubmitOperator): spark_submit_job> on 2025-01-18 20:20:15.266435+00:00
[2025-01-18T20:20:16.328+0000] {warnings.py:112} WARNING - /home/***/.local/lib/python3.12/site-packages/***/task/task_runner/standard_task_runner.py:70: DeprecationWarning: This process (pid=54) is multi-threaded, use of fork() may lead to deadlocks in the child.
  pid = os.fork()

[2025-01-18T20:20:16.329+0000] {standard_task_runner.py:72} INFO - Started process 56 to run task
[2025-01-18T20:20:16.330+0000] {standard_task_runner.py:104} INFO - Running: ['***', 'tasks', 'run', 'spark_clickhouse_example', 'spark_submit_job', 'manual__2025-01-18T20:20:15.266435+00:00', '--job-id', '82', '--raw', '--subdir', 'DAGS_FOLDER/test_spark_clickhouse.py', '--cfg-path', '/tmp/tmp2zhqi6ji']
[2025-01-18T20:20:16.331+0000] {standard_task_runner.py:105} INFO - Job 82: Subtask spark_submit_job
[2025-01-18T20:20:16.367+0000] {task_command.py:467} INFO - Running <TaskInstance: spark_clickhouse_example.spark_submit_job manual__2025-01-18T20:20:15.266435+00:00 [running]> on host 31d2404a3840
[2025-01-18T20:20:16.442+0000] {taskinstance.py:3132} INFO - Exporting env vars: AIRFLOW_CTX_DAG_OWNER='TKO' AIRFLOW_CTX_DAG_ID='spark_clickhouse_example' AIRFLOW_CTX_TASK_ID='spark_submit_job' AIRFLOW_CTX_EXECUTION_DATE='2025-01-18T20:20:15.266435+00:00' AIRFLOW_CTX_TRY_NUMBER='1' AIRFLOW_CTX_DAG_RUN_ID='manual__2025-01-18T20:20:15.266435+00:00'
[2025-01-18T20:20:16.443+0000] {taskinstance.py:731} INFO - ::endgroup::
[2025-01-18T20:20:16.451+0000] {base.py:84} INFO - Retrieving connection 'spark'
[2025-01-18T20:20:16.452+0000] {spark_submit.py:327} ERROR - Failed to decode base64 keytab: Incorrect padding
[2025-01-18T20:20:16.453+0000] {spark_submit.py:304} INFO - Could not load connection string spark, defaulting to spark://spark-master:7077
[2025-01-18T20:20:16.455+0000] {spark_submit.py:473} INFO - Spark-Submit cmd: spark-submit --master spark://spark-master:7077 --packages com.clickhouse.spark:clickhouse-spark-runtime-3.5_2.12:0.8.1,com.clickhouse:clickhouse-jdbc:0.7.0,com.clickhouse:clickhouse-client:0.7.0,com.clickhouse:clickhouse-http-client:0.7.0,org.apache.httpcomponents.client5:httpclient5:5.3.1 --executor-memory 12g --driver-memory 12g --name arrow-spark --verbose --deploy-mode client dags/spark_app/spark_1.py
[2025-01-18T20:20:17.574+0000] {spark_submit.py:634} INFO - Using properties file: null
[2025-01-18T20:20:17.658+0000] {spark_submit.py:634} INFO - Parsed arguments:
[2025-01-18T20:20:17.658+0000] {spark_submit.py:634} INFO - master                  spark://spark-master:7077
[2025-01-18T20:20:17.659+0000] {spark_submit.py:634} INFO - remote                  null
[2025-01-18T20:20:17.659+0000] {spark_submit.py:634} INFO - deployMode              client
[2025-01-18T20:20:17.659+0000] {spark_submit.py:634} INFO - executorMemory          12g
[2025-01-18T20:20:17.659+0000] {spark_submit.py:634} INFO - executorCores           null
[2025-01-18T20:20:17.659+0000] {spark_submit.py:634} INFO - totalExecutorCores      null
[2025-01-18T20:20:17.660+0000] {spark_submit.py:634} INFO - propertiesFile          null
[2025-01-18T20:20:17.660+0000] {spark_submit.py:634} INFO - driverMemory            12g
[2025-01-18T20:20:17.660+0000] {spark_submit.py:634} INFO - driverCores             null
[2025-01-18T20:20:17.660+0000] {spark_submit.py:634} INFO - driverExtraClassPath    null
[2025-01-18T20:20:17.660+0000] {spark_submit.py:634} INFO - driverExtraLibraryPath  null
[2025-01-18T20:20:17.661+0000] {spark_submit.py:634} INFO - driverExtraJavaOptions  null
[2025-01-18T20:20:17.661+0000] {spark_submit.py:634} INFO - supervise               false
[2025-01-18T20:20:17.661+0000] {spark_submit.py:634} INFO - queue                   null
[2025-01-18T20:20:17.661+0000] {spark_submit.py:634} INFO - numExecutors            null
[2025-01-18T20:20:17.661+0000] {spark_submit.py:634} INFO - files                   null
[2025-01-18T20:20:17.661+0000] {spark_submit.py:634} INFO - pyFiles                 null
[2025-01-18T20:20:17.662+0000] {spark_submit.py:634} INFO - archives                null
[2025-01-18T20:20:17.662+0000] {spark_submit.py:634} INFO - mainClass               null
[2025-01-18T20:20:17.662+0000] {spark_submit.py:634} INFO - primaryResource         file:/opt/***/dags/spark_app/spark_1.py
[2025-01-18T20:20:17.662+0000] {spark_submit.py:634} INFO - name                    arrow-spark
[2025-01-18T20:20:17.662+0000] {spark_submit.py:634} INFO - childArgs               []
[2025-01-18T20:20:17.663+0000] {spark_submit.py:634} INFO - jars                    null
[2025-01-18T20:20:17.663+0000] {spark_submit.py:634} INFO - packages                com.clickhouse.spark:clickhouse-spark-runtime-3.5_2.12:0.8.1,com.clickhouse:clickhouse-jdbc:0.7.0,com.clickhouse:clickhouse-client:0.7.0,com.clickhouse:clickhouse-http-client:0.7.0,org.apache.httpcomponents.client5:httpclient5:5.3.1
[2025-01-18T20:20:17.663+0000] {spark_submit.py:634} INFO - packagesExclusions      null
[2025-01-18T20:20:17.663+0000] {spark_submit.py:634} INFO - repositories            null
[2025-01-18T20:20:17.663+0000] {spark_submit.py:634} INFO - verbose                 true
[2025-01-18T20:20:17.664+0000] {spark_submit.py:634} INFO - 
[2025-01-18T20:20:17.664+0000] {spark_submit.py:634} INFO - Spark properties used, including those specified through
[2025-01-18T20:20:17.664+0000] {spark_submit.py:634} INFO - --conf and those from the properties file null:
[2025-01-18T20:20:17.664+0000] {spark_submit.py:634} INFO - (spark.driver.memory,12g)
[2025-01-18T20:20:17.664+0000] {spark_submit.py:634} INFO - 
[2025-01-18T20:20:17.664+0000] {spark_submit.py:634} INFO - 
[2025-01-18T20:20:17.756+0000] {spark_submit.py:634} INFO - :: loading settings :: url = jar:file:/home/***/.local/lib/python3.12/site-packages/pyspark/jars/ivy-2.5.1.jar!/org/apache/ivy/core/settings/ivysettings.xml
[2025-01-18T20:20:17.813+0000] {spark_submit.py:634} INFO - Ivy Default Cache set to: /home/***/.ivy2/cache
[2025-01-18T20:20:17.813+0000] {spark_submit.py:634} INFO - The jars for the packages stored in: /home/***/.ivy2/jars
[2025-01-18T20:20:17.816+0000] {spark_submit.py:634} INFO - com.clickhouse.spark#clickhouse-spark-runtime-3.5_2.12 added as a dependency
[2025-01-18T20:20:17.817+0000] {spark_submit.py:634} INFO - com.clickhouse#clickhouse-jdbc added as a dependency
[2025-01-18T20:20:17.817+0000] {spark_submit.py:634} INFO - com.clickhouse#clickhouse-client added as a dependency
[2025-01-18T20:20:17.817+0000] {spark_submit.py:634} INFO - com.clickhouse#clickhouse-http-client added as a dependency
[2025-01-18T20:20:17.817+0000] {spark_submit.py:634} INFO - org.apache.httpcomponents.client5#httpclient5 added as a dependency
[2025-01-18T20:20:17.818+0000] {spark_submit.py:634} INFO - :: resolving dependencies :: org.apache.spark#spark-submit-parent-75468f6c-66c8-4034-9b08-39eeea330b5b;1.0
[2025-01-18T20:20:17.819+0000] {spark_submit.py:634} INFO - confs: [default]
[2025-01-18T20:20:17.917+0000] {spark_submit.py:634} INFO - found com.clickhouse.spark#clickhouse-spark-runtime-3.5_2.12;0.8.1 in central
[2025-01-18T20:20:17.941+0000] {spark_submit.py:634} INFO - found com.clickhouse#clickhouse-jdbc;0.7.0 in central
[2025-01-18T20:20:17.964+0000] {spark_submit.py:634} INFO - found com.clickhouse#clickhouse-client;0.7.0 in central
[2025-01-18T20:20:17.985+0000] {spark_submit.py:634} INFO - found com.clickhouse#clickhouse-data;0.7.0 in central
[2025-01-18T20:20:18.009+0000] {spark_submit.py:634} INFO - found com.clickhouse#clickhouse-http-client;0.7.0 in central
[2025-01-18T20:20:18.037+0000] {spark_submit.py:634} INFO - found org.apache.httpcomponents.client5#httpclient5;5.3.1 in central
[2025-01-18T20:20:18.059+0000] {spark_submit.py:634} INFO - found org.apache.httpcomponents.core5#httpcore5;5.2.4 in central
[2025-01-18T20:20:18.079+0000] {spark_submit.py:634} INFO - found org.apache.httpcomponents.core5#httpcore5-h2;5.2.4 in central
[2025-01-18T20:20:18.096+0000] {spark_submit.py:634} INFO - found org.slf4j#slf4j-api;1.7.36 in central
[2025-01-18T20:20:18.121+0000] {spark_submit.py:634} INFO - :: resolution report :: resolve 289ms :: artifacts dl 13ms
[2025-01-18T20:20:18.121+0000] {spark_submit.py:634} INFO - :: modules in use:
[2025-01-18T20:20:18.121+0000] {spark_submit.py:634} INFO - com.clickhouse#clickhouse-client;0.7.0 from central in [default]
[2025-01-18T20:20:18.121+0000] {spark_submit.py:634} INFO - com.clickhouse#clickhouse-data;0.7.0 from central in [default]
[2025-01-18T20:20:18.122+0000] {spark_submit.py:634} INFO - com.clickhouse#clickhouse-http-client;0.7.0 from central in [default]
[2025-01-18T20:20:18.122+0000] {spark_submit.py:634} INFO - com.clickhouse#clickhouse-jdbc;0.7.0 from central in [default]
[2025-01-18T20:20:18.122+0000] {spark_submit.py:634} INFO - com.clickhouse.spark#clickhouse-spark-runtime-3.5_2.12;0.8.1 from central in [default]
[2025-01-18T20:20:18.122+0000] {spark_submit.py:634} INFO - org.apache.httpcomponents.client5#httpclient5;5.3.1 from central in [default]
[2025-01-18T20:20:18.122+0000] {spark_submit.py:634} INFO - org.apache.httpcomponents.core5#httpcore5;5.2.4 from central in [default]
[2025-01-18T20:20:18.123+0000] {spark_submit.py:634} INFO - org.apache.httpcomponents.core5#httpcore5-h2;5.2.4 from central in [default]
[2025-01-18T20:20:18.123+0000] {spark_submit.py:634} INFO - org.slf4j#slf4j-api;1.7.36 from central in [default]
[2025-01-18T20:20:18.123+0000] {spark_submit.py:634} INFO - :: evicted modules:
[2025-01-18T20:20:18.123+0000] {spark_submit.py:634} INFO - com.clickhouse#clickhouse-http-client;0.7.0-SNAPSHOT by [com.clickhouse#clickhouse-http-client;0.7.0] in [default]
[2025-01-18T20:20:18.123+0000] {spark_submit.py:634} INFO - ---------------------------------------------------------------------
[2025-01-18T20:20:18.123+0000] {spark_submit.py:634} INFO - |                  |            modules            ||   artifacts   |
[2025-01-18T20:20:18.124+0000] {spark_submit.py:634} INFO - |       conf       | number| search|dwnlded|evicted|| number|dwnlded|
[2025-01-18T20:20:18.124+0000] {spark_submit.py:634} INFO - ---------------------------------------------------------------------
[2025-01-18T20:20:18.124+0000] {spark_submit.py:634} INFO - |      default     |   10  |   0   |   0   |   1   ||   9   |   0   |
[2025-01-18T20:20:18.124+0000] {spark_submit.py:634} INFO - ---------------------------------------------------------------------
[2025-01-18T20:20:18.127+0000] {spark_submit.py:634} INFO - :: retrieving :: org.apache.spark#spark-submit-parent-75468f6c-66c8-4034-9b08-39eeea330b5b
[2025-01-18T20:20:18.127+0000] {spark_submit.py:634} INFO - confs: [default]
[2025-01-18T20:20:18.135+0000] {spark_submit.py:634} INFO - 0 artifacts copied, 9 already retrieved (0kB/8ms)
[2025-01-18T20:20:18.323+0000] {spark_submit.py:634} INFO - 25/01/18 20:20:18 WARN NativeCodeLoader: Unable to load native-hadoop library for your platform... using builtin-java classes where applicable
[2025-01-18T20:20:18.490+0000] {spark_submit.py:634} INFO - Main class:
[2025-01-18T20:20:18.491+0000] {spark_submit.py:634} INFO - org.apache.spark.deploy.PythonRunner
[2025-01-18T20:20:18.491+0000] {spark_submit.py:634} INFO - Arguments:
[2025-01-18T20:20:18.491+0000] {spark_submit.py:634} INFO - file:/opt/***/dags/spark_app/spark_1.py
[2025-01-18T20:20:18.492+0000] {spark_submit.py:634} INFO - file:///home/***/.ivy2/jars/com.clickhouse.spark_clickhouse-spark-runtime-3.5_2.12-0.8.1.jar,file:///home/***/.ivy2/jars/com.clickhouse_clickhouse-jdbc-0.7.0.jar,file:///home/***/.ivy2/jars/com.clickhouse_clickhouse-client-0.7.0.jar,file:///home/***/.ivy2/jars/com.clickhouse_clickhouse-http-client-0.7.0.jar,file:///home/***/.ivy2/jars/org.apache.httpcomponents.client5_httpclient5-5.3.1.jar,file:///home/***/.ivy2/jars/com.clickhouse_clickhouse-data-0.7.0.jar,file:///home/***/.ivy2/jars/org.apache.httpcomponents.core5_httpcore5-5.2.4.jar,file:///home/***/.ivy2/jars/org.apache.httpcomponents.core5_httpcore5-h2-5.2.4.jar,file:///home/***/.ivy2/jars/org.slf4j_slf4j-api-1.7.36.jar
[2025-01-18T20:20:18.494+0000] {spark_submit.py:634} INFO - Spark config:
[2025-01-18T20:20:18.494+0000] {spark_submit.py:634} INFO - (spark.app.name,arrow-spark)
[2025-01-18T20:20:18.494+0000] {spark_submit.py:634} INFO - (spark.app.submitTime,1737231618476)
[2025-01-18T20:20:18.495+0000] {spark_submit.py:634} INFO - (spark.driver.memory,12g)
[2025-01-18T20:20:18.495+0000] {spark_submit.py:634} INFO - (spark.executor.memory,12g)
[2025-01-18T20:20:18.495+0000] {spark_submit.py:634} INFO - (spark.files,file:///home/***/.ivy2/jars/com.clickhouse.spark_clickhouse-spark-runtime-3.5_2.12-0.8.1.jar,file:///home/***/.ivy2/jars/com.clickhouse_clickhouse-jdbc-0.7.0.jar,file:///home/***/.ivy2/jars/com.clickhouse_clickhouse-client-0.7.0.jar,file:///home/***/.ivy2/jars/com.clickhouse_clickhouse-http-client-0.7.0.jar,file:///home/***/.ivy2/jars/org.apache.httpcomponents.client5_httpclient5-5.3.1.jar,file:///home/***/.ivy2/jars/com.clickhouse_clickhouse-data-0.7.0.jar,file:///home/***/.ivy2/jars/org.apache.httpcomponents.core5_httpcore5-5.2.4.jar,file:///home/***/.ivy2/jars/org.apache.httpcomponents.core5_httpcore5-h2-5.2.4.jar,file:///home/***/.ivy2/jars/org.slf4j_slf4j-api-1.7.36.jar)
[2025-01-18T20:20:18.495+0000] {spark_submit.py:634} INFO - (spark.jars,file:///home/***/.ivy2/jars/com.clickhouse.spark_clickhouse-spark-runtime-3.5_2.12-0.8.1.jar,file:///home/***/.ivy2/jars/com.clickhouse_clickhouse-jdbc-0.7.0.jar,file:///home/***/.ivy2/jars/com.clickhouse_clickhouse-client-0.7.0.jar,file:///home/***/.ivy2/jars/com.clickhouse_clickhouse-http-client-0.7.0.jar,file:///home/***/.ivy2/jars/org.apache.httpcomponents.client5_httpclient5-5.3.1.jar,file:///home/***/.ivy2/jars/com.clickhouse_clickhouse-data-0.7.0.jar,file:///home/***/.ivy2/jars/org.apache.httpcomponents.core5_httpcore5-5.2.4.jar,file:///home/***/.ivy2/jars/org.apache.httpcomponents.core5_httpcore5-h2-5.2.4.jar,file:///home/***/.ivy2/jars/org.slf4j_slf4j-api-1.7.36.jar)
[2025-01-18T20:20:18.496+0000] {spark_submit.py:634} INFO - (spark.master,spark://spark-master:7077)
[2025-01-18T20:20:18.496+0000] {spark_submit.py:634} INFO - (spark.repl.local.jars,file:///home/***/.ivy2/jars/com.clickhouse.spark_clickhouse-spark-runtime-3.5_2.12-0.8.1.jar,file:///home/***/.ivy2/jars/com.clickhouse_clickhouse-jdbc-0.7.0.jar,file:///home/***/.ivy2/jars/com.clickhouse_clickhouse-client-0.7.0.jar,file:///home/***/.ivy2/jars/com.clickhouse_clickhouse-http-client-0.7.0.jar,file:///home/***/.ivy2/jars/org.apache.httpcomponents.client5_httpclient5-5.3.1.jar,file:///home/***/.ivy2/jars/com.clickhouse_clickhouse-data-0.7.0.jar,file:///home/***/.ivy2/jars/org.apache.httpcomponents.core5_httpcore5-5.2.4.jar,file:///home/***/.ivy2/jars/org.apache.httpcomponents.core5_httpcore5-h2-5.2.4.jar,file:///home/***/.ivy2/jars/org.slf4j_slf4j-api-1.7.36.jar)
[2025-01-18T20:20:18.496+0000] {spark_submit.py:634} INFO - (spark.submit.deployMode,client)
[2025-01-18T20:20:18.496+0000] {spark_submit.py:634} INFO - (spark.submit.pyFiles,/home/***/.ivy2/jars/com.clickhouse.spark_clickhouse-spark-runtime-3.5_2.12-0.8.1.jar,/home/***/.ivy2/jars/com.clickhouse_clickhouse-jdbc-0.7.0.jar,/home/***/.ivy2/jars/com.clickhouse_clickhouse-client-0.7.0.jar,/home/***/.ivy2/jars/com.clickhouse_clickhouse-http-client-0.7.0.jar,/home/***/.ivy2/jars/org.apache.httpcomponents.client5_httpclient5-5.3.1.jar,/home/***/.ivy2/jars/com.clickhouse_clickhouse-data-0.7.0.jar,/home/***/.ivy2/jars/org.apache.httpcomponents.core5_httpcore5-5.2.4.jar,/home/***/.ivy2/jars/org.apache.httpcomponents.core5_httpcore5-h2-5.2.4.jar,/home/***/.ivy2/jars/org.slf4j_slf4j-api-1.7.36.jar)
[2025-01-18T20:20:18.497+0000] {spark_submit.py:634} INFO - Classpath elements:
[2025-01-18T20:20:18.497+0000] {spark_submit.py:634} INFO - file:///home/***/.ivy2/jars/com.clickhouse.spark_clickhouse-spark-runtime-3.5_2.12-0.8.1.jar
[2025-01-18T20:20:18.497+0000] {spark_submit.py:634} INFO - file:///home/***/.ivy2/jars/com.clickhouse_clickhouse-jdbc-0.7.0.jar
[2025-01-18T20:20:18.497+0000] {spark_submit.py:634} INFO - file:///home/***/.ivy2/jars/com.clickhouse_clickhouse-client-0.7.0.jar
[2025-01-18T20:20:18.498+0000] {spark_submit.py:634} INFO - file:///home/***/.ivy2/jars/com.clickhouse_clickhouse-http-client-0.7.0.jar
[2025-01-18T20:20:18.498+0000] {spark_submit.py:634} INFO - file:///home/***/.ivy2/jars/org.apache.httpcomponents.client5_httpclient5-5.3.1.jar
[2025-01-18T20:20:18.498+0000] {spark_submit.py:634} INFO - file:///home/***/.ivy2/jars/com.clickhouse_clickhouse-data-0.7.0.jar
[2025-01-18T20:20:18.498+0000] {spark_submit.py:634} INFO - file:///home/***/.ivy2/jars/org.apache.httpcomponents.core5_httpcore5-5.2.4.jar
[2025-01-18T20:20:18.498+0000] {spark_submit.py:634} INFO - file:///home/***/.ivy2/jars/org.apache.httpcomponents.core5_httpcore5-h2-5.2.4.jar
[2025-01-18T20:20:18.499+0000] {spark_submit.py:634} INFO - file:///home/***/.ivy2/jars/org.slf4j_slf4j-api-1.7.36.jar
[2025-01-18T20:20:18.499+0000] {spark_submit.py:634} INFO - 
[2025-01-18T20:20:18.499+0000] {spark_submit.py:634} INFO - 
[2025-01-18T20:20:19.568+0000] {spark_submit.py:634} INFO - 25/01/18 20:20:19 INFO SparkContext: Running Spark version 3.5.4
[2025-01-18T20:20:19.569+0000] {spark_submit.py:634} INFO - 25/01/18 20:20:19 INFO SparkContext: OS info Linux, 5.10.0-33-cloud-amd64, amd64
[2025-01-18T20:20:19.569+0000] {spark_submit.py:634} INFO - 25/01/18 20:20:19 INFO SparkContext: Java version 17.0.13
[2025-01-18T20:20:19.585+0000] {spark_submit.py:634} INFO - 25/01/18 20:20:19 INFO ResourceUtils: ==============================================================
[2025-01-18T20:20:19.586+0000] {spark_submit.py:634} INFO - 25/01/18 20:20:19 INFO ResourceUtils: No custom resources configured for spark.driver.
[2025-01-18T20:20:19.586+0000] {spark_submit.py:634} INFO - 25/01/18 20:20:19 INFO ResourceUtils: ==============================================================
[2025-01-18T20:20:19.587+0000] {spark_submit.py:634} INFO - 25/01/18 20:20:19 INFO SparkContext: Submitted application: arrow-spark
[2025-01-18T20:20:19.606+0000] {spark_submit.py:634} INFO - 25/01/18 20:20:19 INFO ResourceProfile: Default ResourceProfile created, executor resources: Map(memory -> name: memory, amount: 12288, script: , vendor: , offHeap -> name: offHeap, amount: 0, script: , vendor: ), task resources: Map(cpus -> name: cpus, amount: 1.0)
[2025-01-18T20:20:19.615+0000] {spark_submit.py:634} INFO - 25/01/18 20:20:19 INFO ResourceProfile: Limiting resource is cpu
[2025-01-18T20:20:19.616+0000] {spark_submit.py:634} INFO - 25/01/18 20:20:19 INFO ResourceProfileManager: Added ResourceProfile id: 0
[2025-01-18T20:20:19.655+0000] {spark_submit.py:634} INFO - 25/01/18 20:20:19 INFO SecurityManager: Changing view acls to: default
[2025-01-18T20:20:19.656+0000] {spark_submit.py:634} INFO - 25/01/18 20:20:19 INFO SecurityManager: Changing modify acls to: default
[2025-01-18T20:20:19.656+0000] {spark_submit.py:634} INFO - 25/01/18 20:20:19 INFO SecurityManager: Changing view acls groups to:
[2025-01-18T20:20:19.657+0000] {spark_submit.py:634} INFO - 25/01/18 20:20:19 INFO SecurityManager: Changing modify acls groups to:
[2025-01-18T20:20:19.657+0000] {spark_submit.py:634} INFO - 25/01/18 20:20:19 INFO SecurityManager: SecurityManager: authentication disabled; ui acls disabled; users with view permissions: default; groups with view permissions: EMPTY; users with modify permissions: default; groups with modify permissions: EMPTY
[2025-01-18T20:20:19.820+0000] {spark_submit.py:634} INFO - 25/01/18 20:20:19 INFO Utils: Successfully started service 'sparkDriver' on port 33105.
[2025-01-18T20:20:19.844+0000] {spark_submit.py:634} INFO - 25/01/18 20:20:19 INFO SparkEnv: Registering MapOutputTracker
[2025-01-18T20:20:19.892+0000] {spark_submit.py:634} INFO - 25/01/18 20:20:19 INFO SparkEnv: Registering BlockManagerMaster
[2025-01-18T20:20:19.906+0000] {spark_submit.py:634} INFO - 25/01/18 20:20:19 INFO BlockManagerMasterEndpoint: Using org.apache.spark.storage.DefaultTopologyMapper for getting topology information
[2025-01-18T20:20:19.906+0000] {spark_submit.py:634} INFO - 25/01/18 20:20:19 INFO BlockManagerMasterEndpoint: BlockManagerMasterEndpoint up
[2025-01-18T20:20:19.909+0000] {spark_submit.py:634} INFO - 25/01/18 20:20:19 INFO SparkEnv: Registering BlockManagerMasterHeartbeat
[2025-01-18T20:20:19.921+0000] {spark_submit.py:634} INFO - 25/01/18 20:20:19 INFO DiskBlockManager: Created local directory at /tmp/blockmgr-41e4f047-038d-4d5f-b44b-10ba922bfbc5
[2025-01-18T20:20:19.931+0000] {spark_submit.py:634} INFO - 25/01/18 20:20:19 INFO MemoryStore: MemoryStore started with capacity 7.0 GiB
[2025-01-18T20:20:19.941+0000] {spark_submit.py:634} INFO - 25/01/18 20:20:19 INFO SparkEnv: Registering OutputCommitCoordinator
[2025-01-18T20:20:20.029+0000] {spark_submit.py:634} INFO - 25/01/18 20:20:20 INFO JettyUtils: Start Jetty 0.0.0.0:4040 for SparkUI
[2025-01-18T20:20:20.083+0000] {spark_submit.py:634} INFO - 25/01/18 20:20:20 INFO Utils: Successfully started service 'SparkUI' on port 4040.
[2025-01-18T20:20:20.114+0000] {spark_submit.py:634} INFO - 25/01/18 20:20:20 INFO SparkContext: Added JAR file:///home/***/.ivy2/jars/com.clickhouse.spark_clickhouse-spark-runtime-3.5_2.12-0.8.1.jar at spark://31d2404a3840:33105/jars/com.clickhouse.spark_clickhouse-spark-runtime-3.5_2.12-0.8.1.jar with timestamp 1737231619563
[2025-01-18T20:20:20.114+0000] {spark_submit.py:634} INFO - 25/01/18 20:20:20 INFO SparkContext: Added JAR file:///home/***/.ivy2/jars/com.clickhouse_clickhouse-jdbc-0.7.0.jar at spark://31d2404a3840:33105/jars/com.clickhouse_clickhouse-jdbc-0.7.0.jar with timestamp 1737231619563
[2025-01-18T20:20:20.115+0000] {spark_submit.py:634} INFO - 25/01/18 20:20:20 INFO SparkContext: Added JAR file:///home/***/.ivy2/jars/com.clickhouse_clickhouse-client-0.7.0.jar at spark://31d2404a3840:33105/jars/com.clickhouse_clickhouse-client-0.7.0.jar with timestamp 1737231619563
[2025-01-18T20:20:20.115+0000] {spark_submit.py:634} INFO - 25/01/18 20:20:20 INFO SparkContext: Added JAR file:///home/***/.ivy2/jars/com.clickhouse_clickhouse-http-client-0.7.0.jar at spark://31d2404a3840:33105/jars/com.clickhouse_clickhouse-http-client-0.7.0.jar with timestamp 1737231619563
[2025-01-18T20:20:20.115+0000] {spark_submit.py:634} INFO - 25/01/18 20:20:20 INFO SparkContext: Added JAR file:///home/***/.ivy2/jars/org.apache.httpcomponents.client5_httpclient5-5.3.1.jar at spark://31d2404a3840:33105/jars/org.apache.httpcomponents.client5_httpclient5-5.3.1.jar with timestamp 1737231619563
[2025-01-18T20:20:20.115+0000] {spark_submit.py:634} INFO - 25/01/18 20:20:20 INFO SparkContext: Added JAR file:///home/***/.ivy2/jars/com.clickhouse_clickhouse-data-0.7.0.jar at spark://31d2404a3840:33105/jars/com.clickhouse_clickhouse-data-0.7.0.jar with timestamp 1737231619563
[2025-01-18T20:20:20.116+0000] {spark_submit.py:634} INFO - 25/01/18 20:20:20 INFO SparkContext: Added JAR file:///home/***/.ivy2/jars/org.apache.httpcomponents.core5_httpcore5-5.2.4.jar at spark://31d2404a3840:33105/jars/org.apache.httpcomponents.core5_httpcore5-5.2.4.jar with timestamp 1737231619563
[2025-01-18T20:20:20.116+0000] {spark_submit.py:634} INFO - 25/01/18 20:20:20 INFO SparkContext: Added JAR file:///home/***/.ivy2/jars/org.apache.httpcomponents.core5_httpcore5-h2-5.2.4.jar at spark://31d2404a3840:33105/jars/org.apache.httpcomponents.core5_httpcore5-h2-5.2.4.jar with timestamp 1737231619563
[2025-01-18T20:20:20.116+0000] {spark_submit.py:634} INFO - 25/01/18 20:20:20 INFO SparkContext: Added JAR file:///home/***/.ivy2/jars/org.slf4j_slf4j-api-1.7.36.jar at spark://31d2404a3840:33105/jars/org.slf4j_slf4j-api-1.7.36.jar with timestamp 1737231619563
[2025-01-18T20:20:20.118+0000] {spark_submit.py:634} INFO - 25/01/18 20:20:20 INFO SparkContext: Added file file:///home/***/.ivy2/jars/com.clickhouse.spark_clickhouse-spark-runtime-3.5_2.12-0.8.1.jar at spark://31d2404a3840:33105/files/com.clickhouse.spark_clickhouse-spark-runtime-3.5_2.12-0.8.1.jar with timestamp 1737231619563
[2025-01-18T20:20:20.119+0000] {spark_submit.py:634} INFO - 25/01/18 20:20:20 INFO Utils: Copying /home/***/.ivy2/jars/com.clickhouse.spark_clickhouse-spark-runtime-3.5_2.12-0.8.1.jar to /tmp/spark-d310eacc-e753-4003-a7f6-d4d6f1b6f5a1/userFiles-2afa5028-1345-4ee1-be53-8c637b08239e/com.clickhouse.spark_clickhouse-spark-runtime-3.5_2.12-0.8.1.jar
[2025-01-18T20:20:20.130+0000] {spark_submit.py:634} INFO - 25/01/18 20:20:20 INFO SparkContext: Added file file:///home/***/.ivy2/jars/com.clickhouse_clickhouse-jdbc-0.7.0.jar at spark://31d2404a3840:33105/files/com.clickhouse_clickhouse-jdbc-0.7.0.jar with timestamp 1737231619563
[2025-01-18T20:20:20.130+0000] {spark_submit.py:634} INFO - 25/01/18 20:20:20 INFO Utils: Copying /home/***/.ivy2/jars/com.clickhouse_clickhouse-jdbc-0.7.0.jar to /tmp/spark-d310eacc-e753-4003-a7f6-d4d6f1b6f5a1/userFiles-2afa5028-1345-4ee1-be53-8c637b08239e/com.clickhouse_clickhouse-jdbc-0.7.0.jar
[2025-01-18T20:20:20.136+0000] {spark_submit.py:634} INFO - 25/01/18 20:20:20 INFO SparkContext: Added file file:///home/***/.ivy2/jars/com.clickhouse_clickhouse-client-0.7.0.jar at spark://31d2404a3840:33105/files/com.clickhouse_clickhouse-client-0.7.0.jar with timestamp 1737231619563
[2025-01-18T20:20:20.137+0000] {spark_submit.py:634} INFO - 25/01/18 20:20:20 INFO Utils: Copying /home/***/.ivy2/jars/com.clickhouse_clickhouse-client-0.7.0.jar to /tmp/spark-d310eacc-e753-4003-a7f6-d4d6f1b6f5a1/userFiles-2afa5028-1345-4ee1-be53-8c637b08239e/com.clickhouse_clickhouse-client-0.7.0.jar
[2025-01-18T20:20:20.141+0000] {spark_submit.py:634} INFO - 25/01/18 20:20:20 INFO SparkContext: Added file file:///home/***/.ivy2/jars/com.clickhouse_clickhouse-http-client-0.7.0.jar at spark://31d2404a3840:33105/files/com.clickhouse_clickhouse-http-client-0.7.0.jar with timestamp 1737231619563
[2025-01-18T20:20:20.142+0000] {spark_submit.py:634} INFO - 25/01/18 20:20:20 INFO Utils: Copying /home/***/.ivy2/jars/com.clickhouse_clickhouse-http-client-0.7.0.jar to /tmp/spark-d310eacc-e753-4003-a7f6-d4d6f1b6f5a1/userFiles-2afa5028-1345-4ee1-be53-8c637b08239e/com.clickhouse_clickhouse-http-client-0.7.0.jar
[2025-01-18T20:20:20.145+0000] {spark_submit.py:634} INFO - 25/01/18 20:20:20 INFO SparkContext: Added file file:///home/***/.ivy2/jars/org.apache.httpcomponents.client5_httpclient5-5.3.1.jar at spark://31d2404a3840:33105/files/org.apache.httpcomponents.client5_httpclient5-5.3.1.jar with timestamp 1737231619563
[2025-01-18T20:20:20.146+0000] {spark_submit.py:634} INFO - 25/01/18 20:20:20 INFO Utils: Copying /home/***/.ivy2/jars/org.apache.httpcomponents.client5_httpclient5-5.3.1.jar to /tmp/spark-d310eacc-e753-4003-a7f6-d4d6f1b6f5a1/userFiles-2afa5028-1345-4ee1-be53-8c637b08239e/org.apache.httpcomponents.client5_httpclient5-5.3.1.jar
[2025-01-18T20:20:20.149+0000] {spark_submit.py:634} INFO - 25/01/18 20:20:20 INFO SparkContext: Added file file:///home/***/.ivy2/jars/com.clickhouse_clickhouse-data-0.7.0.jar at spark://31d2404a3840:33105/files/com.clickhouse_clickhouse-data-0.7.0.jar with timestamp 1737231619563
[2025-01-18T20:20:20.149+0000] {spark_submit.py:634} INFO - 25/01/18 20:20:20 INFO Utils: Copying /home/***/.ivy2/jars/com.clickhouse_clickhouse-data-0.7.0.jar to /tmp/spark-d310eacc-e753-4003-a7f6-d4d6f1b6f5a1/userFiles-2afa5028-1345-4ee1-be53-8c637b08239e/com.clickhouse_clickhouse-data-0.7.0.jar
[2025-01-18T20:20:20.153+0000] {spark_submit.py:634} INFO - 25/01/18 20:20:20 INFO SparkContext: Added file file:///home/***/.ivy2/jars/org.apache.httpcomponents.core5_httpcore5-5.2.4.jar at spark://31d2404a3840:33105/files/org.apache.httpcomponents.core5_httpcore5-5.2.4.jar with timestamp 1737231619563
[2025-01-18T20:20:20.153+0000] {spark_submit.py:634} INFO - 25/01/18 20:20:20 INFO Utils: Copying /home/***/.ivy2/jars/org.apache.httpcomponents.core5_httpcore5-5.2.4.jar to /tmp/spark-d310eacc-e753-4003-a7f6-d4d6f1b6f5a1/userFiles-2afa5028-1345-4ee1-be53-8c637b08239e/org.apache.httpcomponents.core5_httpcore5-5.2.4.jar
[2025-01-18T20:20:20.157+0000] {spark_submit.py:634} INFO - 25/01/18 20:20:20 INFO SparkContext: Added file file:///home/***/.ivy2/jars/org.apache.httpcomponents.core5_httpcore5-h2-5.2.4.jar at spark://31d2404a3840:33105/files/org.apache.httpcomponents.core5_httpcore5-h2-5.2.4.jar with timestamp 1737231619563
[2025-01-18T20:20:20.158+0000] {spark_submit.py:634} INFO - 25/01/18 20:20:20 INFO Utils: Copying /home/***/.ivy2/jars/org.apache.httpcomponents.core5_httpcore5-h2-5.2.4.jar to /tmp/spark-d310eacc-e753-4003-a7f6-d4d6f1b6f5a1/userFiles-2afa5028-1345-4ee1-be53-8c637b08239e/org.apache.httpcomponents.core5_httpcore5-h2-5.2.4.jar
[2025-01-18T20:20:20.161+0000] {spark_submit.py:634} INFO - 25/01/18 20:20:20 INFO SparkContext: Added file file:///home/***/.ivy2/jars/org.slf4j_slf4j-api-1.7.36.jar at spark://31d2404a3840:33105/files/org.slf4j_slf4j-api-1.7.36.jar with timestamp 1737231619563
[2025-01-18T20:20:20.161+0000] {spark_submit.py:634} INFO - 25/01/18 20:20:20 INFO Utils: Copying /home/***/.ivy2/jars/org.slf4j_slf4j-api-1.7.36.jar to /tmp/spark-d310eacc-e753-4003-a7f6-d4d6f1b6f5a1/userFiles-2afa5028-1345-4ee1-be53-8c637b08239e/org.slf4j_slf4j-api-1.7.36.jar
[2025-01-18T20:20:20.233+0000] {spark_submit.py:634} INFO - 25/01/18 20:20:20 INFO StandaloneAppClient$ClientEndpoint: Connecting to master spark://spark-master:7077...
[2025-01-18T20:20:20.279+0000] {spark_submit.py:634} INFO - 25/01/18 20:20:20 INFO TransportClientFactory: Successfully created connection to spark-master/172.18.0.3:7077 after 23 ms (0 ms spent in bootstraps)
[2025-01-18T20:20:20.394+0000] {spark_submit.py:634} INFO - 25/01/18 20:20:20 INFO StandaloneSchedulerBackend: Connected to Spark cluster with app ID app-20250118202020-0000
[2025-01-18T20:20:20.400+0000] {spark_submit.py:634} INFO - 25/01/18 20:20:20 INFO Utils: Successfully started service 'org.apache.spark.network.netty.NettyBlockTransferService' on port 45511.
[2025-01-18T20:20:20.400+0000] {spark_submit.py:634} INFO - 25/01/18 20:20:20 INFO NettyBlockTransferService: Server created on 31d2404a3840:45511
[2025-01-18T20:20:20.401+0000] {spark_submit.py:634} INFO - 25/01/18 20:20:20 INFO BlockManager: Using org.apache.spark.storage.RandomBlockReplicationPolicy for block replication policy
[2025-01-18T20:20:20.406+0000] {spark_submit.py:634} INFO - 25/01/18 20:20:20 INFO BlockManagerMaster: Registering BlockManager BlockManagerId(driver, 31d2404a3840, 45511, None)
[2025-01-18T20:20:20.409+0000] {spark_submit.py:634} INFO - 25/01/18 20:20:20 INFO BlockManagerMasterEndpoint: Registering block manager 31d2404a3840:45511 with 7.0 GiB RAM, BlockManagerId(driver, 31d2404a3840, 45511, None)
[2025-01-18T20:20:20.413+0000] {spark_submit.py:634} INFO - 25/01/18 20:20:20 INFO BlockManagerMaster: Registered BlockManager BlockManagerId(driver, 31d2404a3840, 45511, None)
[2025-01-18T20:20:20.420+0000] {spark_submit.py:634} INFO - 25/01/18 20:20:20 INFO BlockManager: Initialized BlockManager: BlockManagerId(driver, 31d2404a3840, 45511, None)
[2025-01-18T20:20:20.427+0000] {spark_submit.py:634} INFO - 25/01/18 20:20:20 INFO StandaloneAppClient$ClientEndpoint: Executor added: app-20250118202020-0000/0 on worker-20250118201925-172.18.0.5-36237 (172.18.0.5:36237) with 4 core(s)
[2025-01-18T20:20:20.428+0000] {spark_submit.py:634} INFO - 25/01/18 20:20:20 INFO StandaloneSchedulerBackend: Granted executor ID app-20250118202020-0000/0 on hostPort 172.18.0.5:36237 with 4 core(s), 12.0 GiB RAM
[2025-01-18T20:20:20.673+0000] {spark_submit.py:634} INFO - 25/01/18 20:20:20 INFO StandaloneAppClient$ClientEndpoint: Executor updated: app-20250118202020-0000/0 is now RUNNING
[2025-01-18T20:20:20.710+0000] {spark_submit.py:634} INFO - 25/01/18 20:20:20 INFO StandaloneSchedulerBackend: SchedulerBackend is ready for scheduling beginning after reached minRegisteredResourcesRatio: 0.0
[2025-01-18T20:20:20.903+0000] {spark_submit.py:634} INFO - 25/01/18 20:20:20 INFO SharedState: Setting hive.metastore.warehouse.dir ('null') to the value of spark.sql.warehouse.dir.
[2025-01-18T20:20:20.927+0000] {spark_submit.py:634} INFO - Traceback (most recent call last):
[2025-01-18T20:20:20.928+0000] {spark_submit.py:634} INFO - File "/opt/***/dags/spark_app/spark_1.py", line 46, in <module>
[2025-01-18T20:20:20.928+0000] {spark_submit.py:634} INFO - run()
[2025-01-18T20:20:20.928+0000] {spark_submit.py:634} INFO - File "/opt/***/dags/spark_app/spark_1.py", line 24, in run
[2025-01-18T20:20:20.929+0000] {spark_submit.py:634} INFO - spark.sql("use clickhouse")
[2025-01-18T20:20:20.929+0000] {spark_submit.py:634} INFO - File "/home/***/.local/lib/python3.12/site-packages/pyspark/python/lib/pyspark.zip/pyspark/sql/session.py", line 1631, in sql
[2025-01-18T20:20:20.929+0000] {spark_submit.py:634} INFO - File "/home/***/.local/lib/python3.12/site-packages/pyspark/python/lib/py4j-0.10.9.7-src.zip/py4j/java_gateway.py", line 1322, in __call__
[2025-01-18T20:20:20.929+0000] {spark_submit.py:634} INFO - File "/home/***/.local/lib/python3.12/site-packages/pyspark/python/lib/pyspark.zip/pyspark/errors/exceptions/captured.py", line 185, in deco
[2025-01-18T20:20:20.951+0000] {spark_submit.py:634} INFO - pyspark.errors.exceptions.captured.IllegalArgumentException25/01/18 20:20:20 INFO SharedState: Setting hive.metastore.warehouse.dir ('null') to the value of spark.sql.warehouse.dir.
[2025-01-18T20:20:20.964+0000] {spark_submit.py:634} INFO - : The value of property spark.sql.catalog.clickhouse.user must not be null
[2025-01-18T20:20:20.964+0000] {spark_submit.py:634} INFO - 
[2025-01-18T20:20:20.965+0000] {spark_submit.py:634} INFO - JVM stacktrace:
[2025-01-18T20:20:20.965+0000] {spark_submit.py:634} INFO - java.lang.IllegalArgumentException: The value of property spark.sql.catalog.clickhouse.user must not be null
[2025-01-18T20:20:20.965+0000] {spark_submit.py:634} INFO - at org.apache.hadoop.thirdparty.com.google.common.base.Preconditions.checkArgument(Preconditions.java:219)
[2025-01-18T20:20:20.965+0000] {spark_submit.py:634} INFO - at org.apache.hadoop.conf.Configuration.set(Configuration.java:1403)
[2025-01-18T20:20:20.965+0000] {spark_submit.py:634} INFO - at org.apache.hadoop.conf.Configuration.set(Configuration.java:1384)
[2025-01-18T20:20:20.966+0000] {spark_submit.py:634} INFO - at org.apache.spark.sql.internal.SharedState.$anonfun$x$1$2(SharedState.scala:77)
[2025-01-18T20:20:20.966+0000] {spark_submit.py:634} INFO - at scala.collection.immutable.HashMap$HashMap1.foreach(HashMap.scala:400)
[2025-01-18T20:20:20.966+0000] {spark_submit.py:634} INFO - at scala.collection.immutable.HashMap$HashTrieMap.foreach(HashMap.scala:728)
[2025-01-18T20:20:20.966+0000] {spark_submit.py:634} INFO - at org.apache.spark.sql.internal.SharedState.<init>(SharedState.scala:69)
[2025-01-18T20:20:20.966+0000] {spark_submit.py:634} INFO - at org.apache.spark.sql.SparkSession.$anonfun$sharedState$1(SparkSession.scala:143)
[2025-01-18T20:20:20.966+0000] {spark_submit.py:634} INFO - at scala.Option.getOrElse(Option.scala:189)
[2025-01-18T20:20:20.966+0000] {spark_submit.py:634} INFO - at org.apache.spark.sql.SparkSession.sharedState$lzycompute(SparkSession.scala:143)
[2025-01-18T20:20:20.967+0000] {spark_submit.py:634} INFO - at org.apache.spark.sql.SparkSession.sharedState(SparkSession.scala:142)
[2025-01-18T20:20:20.967+0000] {spark_submit.py:634} INFO - at org.apache.spark.sql.SparkSession.$anonfun$sessionState$2(SparkSession.scala:162)
[2025-01-18T20:20:20.967+0000] {spark_submit.py:634} INFO - at scala.Option.getOrElse(Option.scala:189)
[2025-01-18T20:20:20.967+0000] {spark_submit.py:634} INFO - at org.apache.spark.sql.SparkSession.sessionState$lzycompute(SparkSession.scala:160)
[2025-01-18T20:20:20.967+0000] {spark_submit.py:634} INFO - at org.apache.spark.sql.SparkSession.sessionState(SparkSession.scala:157)
[2025-01-18T20:20:20.967+0000] {spark_submit.py:634} INFO - at org.apache.spark.sql.SparkSession.$anonfun$sql$2(SparkSession.scala:631)
[2025-01-18T20:20:20.968+0000] {spark_submit.py:634} INFO - at org.apache.spark.sql.catalyst.QueryPlanningTracker.measurePhase(QueryPlanningTracker.scala:138)
[2025-01-18T20:20:20.968+0000] {spark_submit.py:634} INFO - at org.apache.spark.sql.SparkSession.$anonfun$sql$1(SparkSession.scala:630)
[2025-01-18T20:20:20.968+0000] {spark_submit.py:634} INFO - at org.apache.spark.sql.SparkSession.withActive(SparkSession.scala:900)
[2025-01-18T20:20:20.968+0000] {spark_submit.py:634} INFO - at org.apache.spark.sql.SparkSession.sql(SparkSession.scala:629)
[2025-01-18T20:20:20.968+0000] {spark_submit.py:634} INFO - at org.apache.spark.sql.SparkSession.sql(SparkSession.scala:659)
[2025-01-18T20:20:20.968+0000] {spark_submit.py:634} INFO - at java.base/jdk.internal.reflect.NativeMethodAccessorImpl.invoke0(Native Method)
[2025-01-18T20:20:20.969+0000] {spark_submit.py:634} INFO - at java.base/jdk.internal.reflect.NativeMethodAccessorImpl.invoke(NativeMethodAccessorImpl.java:77)
[2025-01-18T20:20:20.969+0000] {spark_submit.py:634} INFO - at java.base/jdk.internal.reflect.DelegatingMethodAccessorImpl.invoke(DelegatingMethodAccessorImpl.java:43)
[2025-01-18T20:20:20.969+0000] {spark_submit.py:634} INFO - at java.base/java.lang.reflect.Method.invoke(Method.java:569)
[2025-01-18T20:20:20.969+0000] {spark_submit.py:634} INFO - at py4j.reflection.MethodInvoker.invoke(MethodInvoker.java:244)
[2025-01-18T20:20:20.969+0000] {spark_submit.py:634} INFO - at py4j.reflection.ReflectionEngine.invoke(ReflectionEngine.java:374)
[2025-01-18T20:20:20.969+0000] {spark_submit.py:634} INFO - at py4j.Gateway.invoke(Gateway.java:282)
[2025-01-18T20:20:20.969+0000] {spark_submit.py:634} INFO - at py4j.commands.AbstractCommand.invokeMethod(AbstractCommand.java:132)
[2025-01-18T20:20:20.970+0000] {spark_submit.py:634} INFO - at py4j.commands.CallCommand.execute(CallCommand.java:79)
[2025-01-18T20:20:20.970+0000] {spark_submit.py:634} INFO - at py4j.ClientServerConnection.waitForCommands(ClientServerConnection.java:182)
[2025-01-18T20:20:20.970+0000] {spark_submit.py:634} INFO - at py4j.ClientServerConnection.run(ClientServerConnection.java:106)
[2025-01-18T20:20:20.970+0000] {spark_submit.py:634} INFO - at java.base/java.lang.Thread.run(Thread.java:840)
[2025-01-18T20:20:20.970+0000] {spark_submit.py:634} INFO - 
[2025-01-18T20:20:21.015+0000] {spark_submit.py:634} INFO - 25/01/18 20:20:21 INFO SparkContext: Invoking stop() from shutdown hook
[2025-01-18T20:20:21.016+0000] {spark_submit.py:634} INFO - 25/01/18 20:20:21 INFO SparkContext: SparkContext is stopping with exitCode 0.
[2025-01-18T20:20:21.031+0000] {spark_submit.py:634} INFO - 25/01/18 20:20:21 INFO SparkUI: Stopped Spark web UI at http://31d2404a3840:4040
[2025-01-18T20:20:21.032+0000] {spark_submit.py:634} INFO - 25/01/18 20:20:21 INFO StandaloneSchedulerBackend: Shutting down all executors
[2025-01-18T20:20:21.039+0000] {spark_submit.py:634} INFO - 25/01/18 20:20:21 INFO StandaloneSchedulerBackend$StandaloneDriverEndpoint: Asking each executor to shut down
[2025-01-18T20:20:21.099+0000] {spark_submit.py:634} INFO - 25/01/18 20:20:21 INFO MapOutputTrackerMasterEndpoint: MapOutputTrackerMasterEndpoint stopped!
[2025-01-18T20:20:21.111+0000] {spark_submit.py:634} INFO - 25/01/18 20:20:21 INFO MemoryStore: MemoryStore cleared
[2025-01-18T20:20:21.112+0000] {spark_submit.py:634} INFO - 25/01/18 20:20:21 INFO BlockManager: BlockManager stopped
[2025-01-18T20:20:21.116+0000] {spark_submit.py:634} INFO - 25/01/18 20:20:21 INFO BlockManagerMaster: BlockManagerMaster stopped
[2025-01-18T20:20:21.118+0000] {spark_submit.py:634} INFO - 25/01/18 20:20:21 INFO OutputCommitCoordinator$OutputCommitCoordinatorEndpoint: OutputCommitCoordinator stopped!
[2025-01-18T20:20:21.141+0000] {spark_submit.py:634} INFO - 25/01/18 20:20:21 INFO SparkContext: Successfully stopped SparkContext
[2025-01-18T20:20:21.141+0000] {spark_submit.py:634} INFO - 25/01/18 20:20:21 INFO ShutdownHookManager: Shutdown hook called
[2025-01-18T20:20:21.142+0000] {spark_submit.py:634} INFO - 25/01/18 20:20:21 INFO ShutdownHookManager: Deleting directory /tmp/spark-d310eacc-e753-4003-a7f6-d4d6f1b6f5a1/pyspark-ec75ea60-497e-403e-b4e6-72795552f9a0
[2025-01-18T20:20:21.145+0000] {spark_submit.py:634} INFO - 25/01/18 20:20:21 INFO ShutdownHookManager: Deleting directory /tmp/spark-d310eacc-e753-4003-a7f6-d4d6f1b6f5a1
[2025-01-18T20:20:21.148+0000] {spark_submit.py:634} INFO - 25/01/18 20:20:21 INFO ShutdownHookManager: Deleting directory /tmp/spark-50403679-5ba5-426c-9fc9-9477901982ba
[2025-01-18T20:20:21.181+0000] {taskinstance.py:3311} ERROR - Task failed with exception
Traceback (most recent call last):
  File "/home/airflow/.local/lib/python3.12/site-packages/airflow/models/taskinstance.py", line 767, in _execute_task
    result = _execute_callable(context=context, **execute_callable_kwargs)
             ^^^^^^^^^^^^^^^^^^^^^^^^^^^^^^^^^^^^^^^^^^^^^^^^^^^^^^^^^^^^^
  File "/home/airflow/.local/lib/python3.12/site-packages/airflow/models/taskinstance.py", line 733, in _execute_callable
    return ExecutionCallableRunner(
           ^^^^^^^^^^^^^^^^^^^^^^^^
  File "/home/airflow/.local/lib/python3.12/site-packages/airflow/utils/operator_helpers.py", line 252, in run
    return self.func(*args, **kwargs)
           ^^^^^^^^^^^^^^^^^^^^^^^^^^
  File "/home/airflow/.local/lib/python3.12/site-packages/airflow/models/baseoperator.py", line 417, in wrapper
    return func(self, *args, **kwargs)
           ^^^^^^^^^^^^^^^^^^^^^^^^^^^
  File "/home/airflow/.local/lib/python3.12/site-packages/airflow/providers/apache/spark/operators/spark_submit.py", line 176, in execute
    self._hook.submit(self.application)
  File "/home/airflow/.local/lib/python3.12/site-packages/airflow/providers/apache/spark/hooks/spark_submit.py", line 560, in submit
    raise AirflowException(
airflow.exceptions.AirflowException: Cannot execute: spark-submit --master spark://spark-master:7077 --packages com.clickhouse.spark:clickhouse-spark-runtime-3.5_2.12:0.8.1,com.clickhouse:clickhouse-jdbc:0.7.0,com.clickhouse:clickhouse-client:0.7.0,com.clickhouse:clickhouse-http-client:0.7.0,org.apache.httpcomponents.client5:httpclient5:5.3.1 --executor-memory 12g --driver-memory 12g --name arrow-spark --verbose --deploy-mode client dags/spark_app/spark_1.py. Error code is: 1.
[2025-01-18T20:20:21.184+0000] {taskinstance.py:1225} INFO - Marking task as FAILED. dag_id=spark_clickhouse_example, task_id=spark_submit_job, run_id=manual__2025-01-18T20:20:15.266435+00:00, execution_date=20250118T202015, start_date=20250118T202016, end_date=20250118T202021
[2025-01-18T20:20:21.193+0000] {taskinstance.py:340} INFO - ::group::Post task execution logs
[2025-01-18T20:20:21.193+0000] {standard_task_runner.py:124} ERROR - Failed to execute job 82 for task spark_submit_job (Cannot execute: spark-submit --master spark://spark-master:7077 --packages com.clickhouse.spark:clickhouse-spark-runtime-3.5_2.12:0.8.1,com.clickhouse:clickhouse-jdbc:0.7.0,com.clickhouse:clickhouse-client:0.7.0,com.clickhouse:clickhouse-http-client:0.7.0,org.apache.httpcomponents.client5:httpclient5:5.3.1 --executor-memory 12g --driver-memory 12g --name arrow-spark --verbose --deploy-mode client dags/spark_app/spark_1.py. Error code is: 1.; 56)
Traceback (most recent call last):
  File "/home/airflow/.local/lib/python3.12/site-packages/airflow/task/task_runner/standard_task_runner.py", line 117, in _start_by_fork
    ret = args.func(args, dag=self.dag)
          ^^^^^^^^^^^^^^^^^^^^^^^^^^^^^
  File "/home/airflow/.local/lib/python3.12/site-packages/airflow/cli/cli_config.py", line 49, in command
    return func(*args, **kwargs)
           ^^^^^^^^^^^^^^^^^^^^^
  File "/home/airflow/.local/lib/python3.12/site-packages/airflow/utils/cli.py", line 116, in wrapper
    return f(*args, **kwargs)
           ^^^^^^^^^^^^^^^^^^
  File "/home/airflow/.local/lib/python3.12/site-packages/airflow/cli/commands/task_command.py", line 483, in task_run
    task_return_code = _run_task_by_selected_method(args, _dag, ti)
                       ^^^^^^^^^^^^^^^^^^^^^^^^^^^^^^^^^^^^^^^^^^^^
  File "/home/airflow/.local/lib/python3.12/site-packages/airflow/cli/commands/task_command.py", line 256, in _run_task_by_selected_method
    return _run_raw_task(args, ti)
           ^^^^^^^^^^^^^^^^^^^^^^^
  File "/home/airflow/.local/lib/python3.12/site-packages/airflow/cli/commands/task_command.py", line 341, in _run_raw_task
    return ti._run_raw_task(
           ^^^^^^^^^^^^^^^^^
  File "/home/airflow/.local/lib/python3.12/site-packages/airflow/utils/session.py", line 97, in wrapper
    return func(*args, session=session, **kwargs)
           ^^^^^^^^^^^^^^^^^^^^^^^^^^^^^^^^^^^^^^
  File "/home/airflow/.local/lib/python3.12/site-packages/airflow/models/taskinstance.py", line 3005, in _run_raw_task
    return _run_raw_task(
           ^^^^^^^^^^^^^^
  File "/home/airflow/.local/lib/python3.12/site-packages/airflow/models/taskinstance.py", line 273, in _run_raw_task
    TaskInstance._execute_task_with_callbacks(
  File "/home/airflow/.local/lib/python3.12/site-packages/airflow/models/taskinstance.py", line 3159, in _execute_task_with_callbacks
    result = self._execute_task(context, task_orig)
             ^^^^^^^^^^^^^^^^^^^^^^^^^^^^^^^^^^^^^^
  File "/home/airflow/.local/lib/python3.12/site-packages/airflow/models/taskinstance.py", line 3183, in _execute_task
    return _execute_task(self, context, task_orig)
           ^^^^^^^^^^^^^^^^^^^^^^^^^^^^^^^^^^^^^^^
  File "/home/airflow/.local/lib/python3.12/site-packages/airflow/models/taskinstance.py", line 767, in _execute_task
    result = _execute_callable(context=context, **execute_callable_kwargs)
             ^^^^^^^^^^^^^^^^^^^^^^^^^^^^^^^^^^^^^^^^^^^^^^^^^^^^^^^^^^^^^
  File "/home/airflow/.local/lib/python3.12/site-packages/airflow/models/taskinstance.py", line 733, in _execute_callable
    return ExecutionCallableRunner(
           ^^^^^^^^^^^^^^^^^^^^^^^^
  File "/home/airflow/.local/lib/python3.12/site-packages/airflow/utils/operator_helpers.py", line 252, in run
    return self.func(*args, **kwargs)
           ^^^^^^^^^^^^^^^^^^^^^^^^^^
  File "/home/airflow/.local/lib/python3.12/site-packages/airflow/models/baseoperator.py", line 417, in wrapper
    return func(self, *args, **kwargs)
           ^^^^^^^^^^^^^^^^^^^^^^^^^^^
  File "/home/airflow/.local/lib/python3.12/site-packages/airflow/providers/apache/spark/operators/spark_submit.py", line 176, in execute
    self._hook.submit(self.application)
  File "/home/airflow/.local/lib/python3.12/site-packages/airflow/providers/apache/spark/hooks/spark_submit.py", line 560, in submit
    raise AirflowException(
airflow.exceptions.AirflowException: Cannot execute: spark-submit --master spark://spark-master:7077 --packages com.clickhouse.spark:clickhouse-spark-runtime-3.5_2.12:0.8.1,com.clickhouse:clickhouse-jdbc:0.7.0,com.clickhouse:clickhouse-client:0.7.0,com.clickhouse:clickhouse-http-client:0.7.0,org.apache.httpcomponents.client5:httpclient5:5.3.1 --executor-memory 12g --driver-memory 12g --name arrow-spark --verbose --deploy-mode client dags/spark_app/spark_1.py. Error code is: 1.
[2025-01-18T20:20:21.212+0000] {local_task_job_runner.py:266} INFO - Task exited with return code 1
[2025-01-18T20:20:21.230+0000] {taskinstance.py:3895} INFO - 0 downstream tasks scheduled from follow-on schedule check
[2025-01-18T20:20:21.233+0000] {local_task_job_runner.py:245} INFO - ::endgroup::
