[2024-12-23T18:04:38.321+0000] {local_task_job_runner.py:123} INFO - ::group::Pre task execution logs
[2024-12-23T18:04:38.333+0000] {taskinstance.py:2613} INFO - Dependencies all met for dep_context=non-requeueable deps ti=<TaskInstance: spark_clickhouse_example.spark_submit_job manual__2024-12-23T18:04:36.420410+00:00 [queued]>
[2024-12-23T18:04:38.339+0000] {taskinstance.py:2613} INFO - Dependencies all met for dep_context=requeueable deps ti=<TaskInstance: spark_clickhouse_example.spark_submit_job manual__2024-12-23T18:04:36.420410+00:00 [queued]>
[2024-12-23T18:04:38.340+0000] {taskinstance.py:2866} INFO - Starting attempt 1 of 1
[2024-12-23T18:04:38.349+0000] {taskinstance.py:2889} INFO - Executing <Task(SparkSubmitOperator): spark_submit_job> on 2024-12-23 18:04:36.420410+00:00
[2024-12-23T18:04:38.355+0000] {warnings.py:112} WARNING - /home/***/.local/lib/python3.12/site-packages/***/task/task_runner/standard_task_runner.py:70: DeprecationWarning: This process (pid=786) is multi-threaded, use of fork() may lead to deadlocks in the child.
  pid = os.fork()

[2024-12-23T18:04:38.356+0000] {standard_task_runner.py:72} INFO - Started process 787 to run task
[2024-12-23T18:04:38.357+0000] {standard_task_runner.py:104} INFO - Running: ['***', 'tasks', 'run', 'spark_clickhouse_example', 'spark_submit_job', 'manual__2024-12-23T18:04:36.420410+00:00', '--job-id', '3', '--raw', '--subdir', 'DAGS_FOLDER/test_spark_clickhouse.py', '--cfg-path', '/tmp/tmpcodl9sxk']
[2024-12-23T18:04:38.358+0000] {standard_task_runner.py:105} INFO - Job 3: Subtask spark_submit_job
[2024-12-23T18:04:38.389+0000] {task_command.py:467} INFO - Running <TaskInstance: spark_clickhouse_example.spark_submit_job manual__2024-12-23T18:04:36.420410+00:00 [running]> on host 471d7521a401
[2024-12-23T18:04:38.449+0000] {taskinstance.py:3132} INFO - Exporting env vars: AIRFLOW_CTX_DAG_OWNER='TKO' AIRFLOW_CTX_DAG_ID='spark_clickhouse_example' AIRFLOW_CTX_TASK_ID='spark_submit_job' AIRFLOW_CTX_EXECUTION_DATE='2024-12-23T18:04:36.420410+00:00' AIRFLOW_CTX_TRY_NUMBER='1' AIRFLOW_CTX_DAG_RUN_ID='manual__2024-12-23T18:04:36.420410+00:00'
[2024-12-23T18:04:38.450+0000] {taskinstance.py:731} INFO - ::endgroup::
[2024-12-23T18:04:38.460+0000] {base.py:84} INFO - Retrieving connection 'spark'
[2024-12-23T18:04:38.461+0000] {spark_submit.py:327} ERROR - Failed to decode base64 keytab: Incorrect padding
[2024-12-23T18:04:38.462+0000] {spark_submit.py:304} INFO - Could not load connection string spark, defaulting to spark://spark-master:7077
[2024-12-23T18:04:38.463+0000] {spark_submit.py:473} INFO - Spark-Submit cmd: spark-submit --master spark://spark-master:7077 --num-executors 1 --total-executor-cores 1 --executor-cores 1 --executor-memory 12g --driver-memory 12g --name arrow-spark --verbose --deploy-mode client dags/spark_app/spark_1.py
[2024-12-23T18:04:39.554+0000] {spark_submit.py:634} INFO - Using properties file: null
[2024-12-23T18:04:39.645+0000] {spark_submit.py:634} INFO - Parsed arguments:
[2024-12-23T18:04:39.645+0000] {spark_submit.py:634} INFO - master                  spark://spark-master:7077
[2024-12-23T18:04:39.645+0000] {spark_submit.py:634} INFO - remote                  null
[2024-12-23T18:04:39.645+0000] {spark_submit.py:634} INFO - deployMode              client
[2024-12-23T18:04:39.646+0000] {spark_submit.py:634} INFO - executorMemory          12g
[2024-12-23T18:04:39.646+0000] {spark_submit.py:634} INFO - executorCores           1
[2024-12-23T18:04:39.646+0000] {spark_submit.py:634} INFO - totalExecutorCores      1
[2024-12-23T18:04:39.646+0000] {spark_submit.py:634} INFO - propertiesFile          null
[2024-12-23T18:04:39.646+0000] {spark_submit.py:634} INFO - driverMemory            12g
[2024-12-23T18:04:39.647+0000] {spark_submit.py:634} INFO - driverCores             null
[2024-12-23T18:04:39.647+0000] {spark_submit.py:634} INFO - driverExtraClassPath    null
[2024-12-23T18:04:39.647+0000] {spark_submit.py:634} INFO - driverExtraLibraryPath  null
[2024-12-23T18:04:39.647+0000] {spark_submit.py:634} INFO - driverExtraJavaOptions  null
[2024-12-23T18:04:39.647+0000] {spark_submit.py:634} INFO - supervise               false
[2024-12-23T18:04:39.647+0000] {spark_submit.py:634} INFO - queue                   null
[2024-12-23T18:04:39.648+0000] {spark_submit.py:634} INFO - numExecutors            1
[2024-12-23T18:04:39.648+0000] {spark_submit.py:634} INFO - files                   null
[2024-12-23T18:04:39.648+0000] {spark_submit.py:634} INFO - pyFiles                 null
[2024-12-23T18:04:39.648+0000] {spark_submit.py:634} INFO - archives                null
[2024-12-23T18:04:39.648+0000] {spark_submit.py:634} INFO - mainClass               null
[2024-12-23T18:04:39.648+0000] {spark_submit.py:634} INFO - primaryResource         file:/opt/***/dags/spark_app/spark_1.py
[2024-12-23T18:04:39.649+0000] {spark_submit.py:634} INFO - name                    arrow-spark
[2024-12-23T18:04:39.649+0000] {spark_submit.py:634} INFO - childArgs               []
[2024-12-23T18:04:39.649+0000] {spark_submit.py:634} INFO - jars                    null
[2024-12-23T18:04:39.649+0000] {spark_submit.py:634} INFO - packages                null
[2024-12-23T18:04:39.649+0000] {spark_submit.py:634} INFO - packagesExclusions      null
[2024-12-23T18:04:39.650+0000] {spark_submit.py:634} INFO - repositories            null
[2024-12-23T18:04:39.650+0000] {spark_submit.py:634} INFO - verbose                 true
[2024-12-23T18:04:39.650+0000] {spark_submit.py:634} INFO - 
[2024-12-23T18:04:39.650+0000] {spark_submit.py:634} INFO - Spark properties used, including those specified through
[2024-12-23T18:04:39.650+0000] {spark_submit.py:634} INFO - --conf and those from the properties file null:
[2024-12-23T18:04:39.650+0000] {spark_submit.py:634} INFO - (spark.driver.memory,12g)
[2024-12-23T18:04:39.651+0000] {spark_submit.py:634} INFO - 
[2024-12-23T18:04:39.651+0000] {spark_submit.py:634} INFO - 
[2024-12-23T18:04:39.853+0000] {spark_submit.py:634} INFO - Main class:
[2024-12-23T18:04:39.853+0000] {spark_submit.py:634} INFO - org.apache.spark.deploy.PythonRunner
[2024-12-23T18:04:39.853+0000] {spark_submit.py:634} INFO - Arguments:
[2024-12-23T18:04:39.854+0000] {spark_submit.py:634} INFO - file:/opt/***/dags/spark_app/spark_1.py
[2024-12-23T18:04:39.854+0000] {spark_submit.py:634} INFO - null
[2024-12-23T18:04:39.856+0000] {spark_submit.py:634} INFO - Spark config:
[2024-12-23T18:04:39.856+0000] {spark_submit.py:634} INFO - (spark.app.name,arrow-spark)
[2024-12-23T18:04:39.856+0000] {spark_submit.py:634} INFO - (spark.app.submitTime,1734977079837)
[2024-12-23T18:04:39.856+0000] {spark_submit.py:634} INFO - (spark.cores.max,1)
[2024-12-23T18:04:39.857+0000] {spark_submit.py:634} INFO - (spark.driver.memory,12g)
[2024-12-23T18:04:39.857+0000] {spark_submit.py:634} INFO - (spark.executor.cores,1)
[2024-12-23T18:04:39.857+0000] {spark_submit.py:634} INFO - (spark.executor.memory,12g)
[2024-12-23T18:04:39.857+0000] {spark_submit.py:634} INFO - (spark.master,spark://spark-master:7077)
[2024-12-23T18:04:39.857+0000] {spark_submit.py:634} INFO - (spark.submit.deployMode,client)
[2024-12-23T18:04:39.857+0000] {spark_submit.py:634} INFO - (spark.submit.pyFiles,)
[2024-12-23T18:04:39.858+0000] {spark_submit.py:634} INFO - Classpath elements:
[2024-12-23T18:04:39.858+0000] {spark_submit.py:634} INFO - 
[2024-12-23T18:04:39.858+0000] {spark_submit.py:634} INFO - 
[2024-12-23T18:04:39.858+0000] {spark_submit.py:634} INFO - 
[2024-12-23T18:04:40.884+0000] {spark_submit.py:634} INFO - 24/12/23 18:04:40 INFO SparkContext: Running Spark version 3.5.4
[2024-12-23T18:04:40.885+0000] {spark_submit.py:634} INFO - 24/12/23 18:04:40 INFO SparkContext: OS info Linux, 5.10.0-33-cloud-amd64, amd64
[2024-12-23T18:04:40.886+0000] {spark_submit.py:634} INFO - 24/12/23 18:04:40 INFO SparkContext: Java version 17.0.13
[2024-12-23T18:04:40.928+0000] {spark_submit.py:634} INFO - 24/12/23 18:04:40 WARN NativeCodeLoader: Unable to load native-hadoop library for your platform... using builtin-java classes where applicable
[2024-12-23T18:04:41.008+0000] {spark_submit.py:634} INFO - 24/12/23 18:04:41 INFO ResourceUtils: ==============================================================
[2024-12-23T18:04:41.008+0000] {spark_submit.py:634} INFO - 24/12/23 18:04:41 INFO ResourceUtils: No custom resources configured for spark.driver.
[2024-12-23T18:04:41.009+0000] {spark_submit.py:634} INFO - 24/12/23 18:04:41 INFO ResourceUtils: ==============================================================
[2024-12-23T18:04:41.009+0000] {spark_submit.py:634} INFO - 24/12/23 18:04:41 INFO SparkContext: Submitted application: ExampleJob111
[2024-12-23T18:04:41.024+0000] {spark_submit.py:634} INFO - 24/12/23 18:04:41 INFO ResourceProfile: Default ResourceProfile created, executor resources: Map(cores -> name: cores, amount: 1, script: , vendor: , memory -> name: memory, amount: 12288, script: , vendor: , offHeap -> name: offHeap, amount: 0, script: , vendor: ), task resources: Map(cpus -> name: cpus, amount: 1.0)
[2024-12-23T18:04:41.032+0000] {spark_submit.py:634} INFO - 24/12/23 18:04:41 INFO ResourceProfile: Limiting resource is cpus at 1 tasks per executor
[2024-12-23T18:04:41.034+0000] {spark_submit.py:634} INFO - 24/12/23 18:04:41 INFO ResourceProfileManager: Added ResourceProfile id: 0
[2024-12-23T18:04:41.075+0000] {spark_submit.py:634} INFO - 24/12/23 18:04:41 INFO SecurityManager: Changing view acls to: default
[2024-12-23T18:04:41.076+0000] {spark_submit.py:634} INFO - 24/12/23 18:04:41 INFO SecurityManager: Changing modify acls to: default
[2024-12-23T18:04:41.077+0000] {spark_submit.py:634} INFO - 24/12/23 18:04:41 INFO SecurityManager: Changing view acls groups to:
[2024-12-23T18:04:41.077+0000] {spark_submit.py:634} INFO - 24/12/23 18:04:41 INFO SecurityManager: Changing modify acls groups to:
[2024-12-23T18:04:41.078+0000] {spark_submit.py:634} INFO - 24/12/23 18:04:41 INFO SecurityManager: SecurityManager: authentication disabled; ui acls disabled; users with view permissions: default; groups with view permissions: EMPTY; users with modify permissions: default; groups with modify permissions: EMPTY
[2024-12-23T18:04:41.283+0000] {spark_submit.py:634} INFO - 24/12/23 18:04:41 INFO Utils: Successfully started service 'sparkDriver' on port 33873.
[2024-12-23T18:04:41.306+0000] {spark_submit.py:634} INFO - 24/12/23 18:04:41 INFO SparkEnv: Registering MapOutputTracker
[2024-12-23T18:04:41.332+0000] {spark_submit.py:634} INFO - 24/12/23 18:04:41 INFO SparkEnv: Registering BlockManagerMaster
[2024-12-23T18:04:41.347+0000] {spark_submit.py:634} INFO - 24/12/23 18:04:41 INFO BlockManagerMasterEndpoint: Using org.apache.spark.storage.DefaultTopologyMapper for getting topology information
[2024-12-23T18:04:41.347+0000] {spark_submit.py:634} INFO - 24/12/23 18:04:41 INFO BlockManagerMasterEndpoint: BlockManagerMasterEndpoint up
[2024-12-23T18:04:41.351+0000] {spark_submit.py:634} INFO - 24/12/23 18:04:41 INFO SparkEnv: Registering BlockManagerMasterHeartbeat
[2024-12-23T18:04:41.365+0000] {spark_submit.py:634} INFO - 24/12/23 18:04:41 INFO DiskBlockManager: Created local directory at /tmp/blockmgr-555a569f-7bea-4319-bb23-2c5e88d438e7
[2024-12-23T18:04:41.374+0000] {spark_submit.py:634} INFO - 24/12/23 18:04:41 INFO MemoryStore: MemoryStore started with capacity 7.0 GiB
[2024-12-23T18:04:41.384+0000] {spark_submit.py:634} INFO - 24/12/23 18:04:41 INFO SparkEnv: Registering OutputCommitCoordinator
[2024-12-23T18:04:41.463+0000] {spark_submit.py:634} INFO - 24/12/23 18:04:41 INFO JettyUtils: Start Jetty 0.0.0.0:4040 for SparkUI
[2024-12-23T18:04:41.498+0000] {spark_submit.py:634} INFO - 24/12/23 18:04:41 INFO Utils: Successfully started service 'SparkUI' on port 4040.
[2024-12-23T18:04:41.639+0000] {spark_submit.py:634} INFO - 24/12/23 18:04:41 INFO StandaloneAppClient$ClientEndpoint: Connecting to master spark://spark-master:7077...
[2024-12-23T18:04:41.684+0000] {spark_submit.py:634} INFO - 24/12/23 18:04:41 INFO TransportClientFactory: Successfully created connection to spark-master/172.18.0.4:7077 after 24 ms (0 ms spent in bootstraps)
[2024-12-23T18:04:41.813+0000] {spark_submit.py:634} INFO - 24/12/23 18:04:41 INFO StandaloneSchedulerBackend: Connected to Spark cluster with app ID app-20241223180441-0000
[2024-12-23T18:04:41.820+0000] {spark_submit.py:634} INFO - 24/12/23 18:04:41 INFO Utils: Successfully started service 'org.apache.spark.network.netty.NettyBlockTransferService' on port 43093.
[2024-12-23T18:04:41.820+0000] {spark_submit.py:634} INFO - 24/12/23 18:04:41 INFO NettyBlockTransferService: Server created on 471d7521a401:43093
[2024-12-23T18:04:41.821+0000] {spark_submit.py:634} INFO - 24/12/23 18:04:41 INFO BlockManager: Using org.apache.spark.storage.RandomBlockReplicationPolicy for block replication policy
[2024-12-23T18:04:41.827+0000] {spark_submit.py:634} INFO - 24/12/23 18:04:41 INFO BlockManagerMaster: Registering BlockManager BlockManagerId(driver, 471d7521a401, 43093, None)
[2024-12-23T18:04:41.831+0000] {spark_submit.py:634} INFO - 24/12/23 18:04:41 INFO BlockManagerMasterEndpoint: Registering block manager 471d7521a401:43093 with 7.0 GiB RAM, BlockManagerId(driver, 471d7521a401, 43093, None)
[2024-12-23T18:04:41.832+0000] {spark_submit.py:634} INFO - 24/12/23 18:04:41 INFO BlockManagerMaster: Registered BlockManager BlockManagerId(driver, 471d7521a401, 43093, None)
[2024-12-23T18:04:41.839+0000] {spark_submit.py:634} INFO - 24/12/23 18:04:41 INFO BlockManager: Initialized BlockManager: BlockManagerId(driver, 471d7521a401, 43093, None)
[2024-12-23T18:04:41.855+0000] {spark_submit.py:634} INFO - 24/12/23 18:04:41 INFO StandaloneAppClient$ClientEndpoint: Executor added: app-20241223180441-0000/0 on worker-20241223170707-172.18.0.5-40913 (172.18.0.5:40913) with 1 core(s)
[2024-12-23T18:04:41.855+0000] {spark_submit.py:634} INFO - 24/12/23 18:04:41 INFO StandaloneSchedulerBackend: Granted executor ID app-20241223180441-0000/0 on hostPort 172.18.0.5:40913 with 1 core(s), 12.0 GiB RAM
[2024-12-23T18:04:42.098+0000] {spark_submit.py:634} INFO - 24/12/23 18:04:42 INFO StandaloneAppClient$ClientEndpoint: Executor updated: app-20241223180441-0000/0 is now RUNNING
[2024-12-23T18:04:42.128+0000] {spark_submit.py:634} INFO - 24/12/23 18:04:42 INFO StandaloneSchedulerBackend: SchedulerBackend is ready for scheduling beginning after reached minRegisteredResourcesRatio: 0.0
[2024-12-23T18:04:44.030+0000] {spark_submit.py:634} INFO - 24/12/23 18:04:44 INFO SharedState: Setting hive.metastore.warehouse.dir ('null') to the value of spark.sql.warehouse.dir.
[2024-12-23T18:04:44.036+0000] {spark_submit.py:634} INFO - 24/12/23 18:04:44 INFO SharedState: Warehouse path is 'file:/opt/***/spark-warehouse'.
[2024-12-23T18:04:45.422+0000] {spark_submit.py:634} INFO - 24/12/23 18:04:45 INFO StandaloneSchedulerBackend$StandaloneDriverEndpoint: Registered executor NettyRpcEndpointRef(spark-client://Executor) (172.18.0.5:44430) with ID 0,  ResourceProfileId 0
[2024-12-23T18:04:45.574+0000] {spark_submit.py:634} INFO - 24/12/23 18:04:45 INFO BlockManagerMasterEndpoint: Registering block manager 172.18.0.5:39675 with 7.0 GiB RAM, BlockManagerId(0, 172.18.0.5, 39675, None)
[2024-12-23T18:04:47.045+0000] {spark_submit.py:634} INFO - 24/12/23 18:04:47 INFO CodeGenerator: Code generated in 171.768411 ms
[2024-12-23T18:04:47.100+0000] {spark_submit.py:634} INFO - 24/12/23 18:04:47 INFO SparkContext: Starting job: toPandas at /opt/***/dags/spark_app/spark_1.py:7
[2024-12-23T18:04:47.112+0000] {spark_submit.py:634} INFO - 24/12/23 18:04:47 INFO DAGScheduler: Got job 0 (toPandas at /opt/***/dags/spark_app/spark_1.py:7) with 2 output partitions
[2024-12-23T18:04:47.113+0000] {spark_submit.py:634} INFO - 24/12/23 18:04:47 INFO DAGScheduler: Final stage: ResultStage 0 (toPandas at /opt/***/dags/spark_app/spark_1.py:7)
[2024-12-23T18:04:47.113+0000] {spark_submit.py:634} INFO - 24/12/23 18:04:47 INFO DAGScheduler: Parents of final stage: List()
[2024-12-23T18:04:47.114+0000] {spark_submit.py:634} INFO - 24/12/23 18:04:47 INFO DAGScheduler: Missing parents: List()
[2024-12-23T18:04:47.132+0000] {spark_submit.py:634} INFO - 24/12/23 18:04:47 INFO DAGScheduler: Submitting ResultStage 0 (MapPartitionsRDD[6] at toPandas at /opt/***/dags/spark_app/spark_1.py:7), which has no missing parents
[2024-12-23T18:04:47.202+0000] {spark_submit.py:634} INFO - 24/12/23 18:04:47 INFO MemoryStore: Block broadcast_0 stored as values in memory (estimated size 12.5 KiB, free 7.0 GiB)
[2024-12-23T18:04:47.226+0000] {spark_submit.py:634} INFO - 24/12/23 18:04:47 INFO MemoryStore: Block broadcast_0_piece0 stored as bytes in memory (estimated size 6.6 KiB, free 7.0 GiB)
[2024-12-23T18:04:47.229+0000] {spark_submit.py:634} INFO - 24/12/23 18:04:47 INFO BlockManagerInfo: Added broadcast_0_piece0 in memory on 471d7521a401:43093 (size: 6.6 KiB, free: 7.0 GiB)
[2024-12-23T18:04:47.231+0000] {spark_submit.py:634} INFO - 24/12/23 18:04:47 INFO SparkContext: Created broadcast 0 from broadcast at DAGScheduler.scala:1585
[2024-12-23T18:04:47.245+0000] {spark_submit.py:634} INFO - 24/12/23 18:04:47 INFO DAGScheduler: Submitting 2 missing tasks from ResultStage 0 (MapPartitionsRDD[6] at toPandas at /opt/***/dags/spark_app/spark_1.py:7) (first 15 tasks are for partitions Vector(0, 1))
[2024-12-23T18:04:47.246+0000] {spark_submit.py:634} INFO - 24/12/23 18:04:47 INFO TaskSchedulerImpl: Adding task set 0.0 with 2 tasks resource profile 0
[2024-12-23T18:04:47.269+0000] {spark_submit.py:634} INFO - 24/12/23 18:04:47 INFO TaskSetManager: Starting task 0.0 in stage 0.0 (TID 0) (172.18.0.5, executor 0, partition 0, PROCESS_LOCAL, 9020 bytes)
[2024-12-23T18:04:47.556+0000] {spark_submit.py:634} INFO - 24/12/23 18:04:47 INFO BlockManagerInfo: Added broadcast_0_piece0 in memory on 172.18.0.5:39675 (size: 6.6 KiB, free: 7.0 GiB)
[2024-12-23T18:04:49.099+0000] {spark_submit.py:634} INFO - 24/12/23 18:04:49 INFO TaskSetManager: Starting task 1.0 in stage 0.0 (TID 1) (172.18.0.5, executor 0, partition 1, PROCESS_LOCAL, 9057 bytes)
[2024-12-23T18:04:49.106+0000] {spark_submit.py:634} INFO - 24/12/23 18:04:49 INFO TaskSetManager: Finished task 0.0 in stage 0.0 (TID 0) in 1846 ms on 172.18.0.5 (executor 0) (1/2)
[2024-12-23T18:04:49.112+0000] {spark_submit.py:634} INFO - 24/12/23 18:04:49 INFO PythonAccumulatorV2: Connected to AccumulatorServer at host: 127.0.0.1 port: 44581
[2024-12-23T18:04:49.204+0000] {spark_submit.py:634} INFO - 24/12/23 18:04:49 INFO TaskSetManager: Finished task 1.0 in stage 0.0 (TID 1) in 106 ms on 172.18.0.5 (executor 0) (2/2)
[2024-12-23T18:04:49.205+0000] {spark_submit.py:634} INFO - 24/12/23 18:04:49 INFO TaskSchedulerImpl: Removed TaskSet 0.0, whose tasks have all completed, from pool
[2024-12-23T18:04:49.206+0000] {spark_submit.py:634} INFO - 24/12/23 18:04:49 INFO DAGScheduler: ResultStage 0 (toPandas at /opt/***/dags/spark_app/spark_1.py:7) finished in 2.055 s
[2024-12-23T18:04:49.209+0000] {spark_submit.py:634} INFO - 24/12/23 18:04:49 INFO DAGScheduler: Job 0 is finished. Cancelling potential speculative or zombie tasks for this job
[2024-12-23T18:04:49.209+0000] {spark_submit.py:634} INFO - 24/12/23 18:04:49 INFO TaskSchedulerImpl: Killing all running tasks in stage 0: Stage finished
[2024-12-23T18:04:49.211+0000] {spark_submit.py:634} INFO - 24/12/23 18:04:49 INFO DAGScheduler: Job 0 finished: toPandas at /opt/***/dags/spark_app/spark_1.py:7, took 2.110901 s
[2024-12-23T18:04:49.253+0000] {spark_submit.py:634} INFO - Traceback (most recent call last):
[2024-12-23T18:04:49.253+0000] {spark_submit.py:634} INFO - File "/opt/***/dags/spark_app/spark_1.py", line 23, in <module>
[2024-12-23T18:04:49.253+0000] {spark_submit.py:634} INFO - run()
[2024-12-23T18:04:49.253+0000] {spark_submit.py:634} INFO - File "/opt/***/dags/spark_app/spark_1.py", line 7, in run
[2024-12-23T18:04:49.254+0000] {spark_submit.py:634} INFO - df.toPandas().to_csv("/opt/***/test/df_test.csv", index=False)
[2024-12-23T18:04:49.254+0000] {spark_submit.py:634} INFO - File "/home/***/.local/lib/python3.12/site-packages/pandas/core/generic.py", line 3902, in to_csv
[2024-12-23T18:04:49.254+0000] {spark_submit.py:634} INFO - return DataFrameRenderer(formatter).to_csv(
[2024-12-23T18:04:49.254+0000] {spark_submit.py:634} INFO - ^^^^^^^^^^^^^^^^^^^^^^^^^^^^^^^^^^^^
[2024-12-23T18:04:49.254+0000] {spark_submit.py:634} INFO - File "/home/***/.local/lib/python3.12/site-packages/pandas/io/formats/format.py", line 1152, in to_csv
[2024-12-23T18:04:49.254+0000] {spark_submit.py:634} INFO - csv_formatter.save()
[2024-12-23T18:04:49.255+0000] {spark_submit.py:634} INFO - File "/home/***/.local/lib/python3.12/site-packages/pandas/io/formats/csvs.py", line 247, in save
[2024-12-23T18:04:49.255+0000] {spark_submit.py:634} INFO - with get_handle(
[2024-12-23T18:04:49.255+0000] {spark_submit.py:634} INFO - ^^^^^^^^^^^
[2024-12-23T18:04:49.255+0000] {spark_submit.py:634} INFO - File "/home/***/.local/lib/python3.12/site-packages/pandas/io/common.py", line 739, in get_handle
[2024-12-23T18:04:49.256+0000] {spark_submit.py:634} INFO - check_parent_directory(str(handle))
[2024-12-23T18:04:49.256+0000] {spark_submit.py:634} INFO - File "/home/***/.local/lib/python3.12/site-packages/pandas/io/common.py", line 604, in check_parent_directory
[2024-12-23T18:04:49.256+0000] {spark_submit.py:634} INFO - raise OSError(rf"Cannot save file into a non-existent directory: '{parent}'")
[2024-12-23T18:04:49.256+0000] {spark_submit.py:634} INFO - OSError: Cannot save file into a non-existent directory: '/opt/***/test'
[2024-12-23T18:04:49.368+0000] {spark_submit.py:634} INFO - 24/12/23 18:04:49 INFO SparkContext: Invoking stop() from shutdown hook
[2024-12-23T18:04:49.368+0000] {spark_submit.py:634} INFO - 24/12/23 18:04:49 INFO SparkContext: SparkContext is stopping with exitCode 0.
[2024-12-23T18:04:49.375+0000] {spark_submit.py:634} INFO - 24/12/23 18:04:49 INFO SparkUI: Stopped Spark web UI at http://471d7521a401:4040
[2024-12-23T18:04:49.377+0000] {spark_submit.py:634} INFO - 24/12/23 18:04:49 INFO StandaloneSchedulerBackend: Shutting down all executors
[2024-12-23T18:04:49.378+0000] {spark_submit.py:634} INFO - 24/12/23 18:04:49 INFO StandaloneSchedulerBackend$StandaloneDriverEndpoint: Asking each executor to shut down
[2024-12-23T18:04:49.404+0000] {spark_submit.py:634} INFO - 24/12/23 18:04:49 INFO MapOutputTrackerMasterEndpoint: MapOutputTrackerMasterEndpoint stopped!
[2024-12-23T18:04:49.460+0000] {spark_submit.py:634} INFO - 24/12/23 18:04:49 INFO MemoryStore: MemoryStore cleared
[2024-12-23T18:04:49.460+0000] {spark_submit.py:634} INFO - 24/12/23 18:04:49 INFO BlockManager: BlockManager stopped
[2024-12-23T18:04:49.468+0000] {spark_submit.py:634} INFO - 24/12/23 18:04:49 INFO BlockManagerMaster: BlockManagerMaster stopped
[2024-12-23T18:04:49.469+0000] {spark_submit.py:634} INFO - 24/12/23 18:04:49 INFO OutputCommitCoordinator$OutputCommitCoordinatorEndpoint: OutputCommitCoordinator stopped!
[2024-12-23T18:04:49.490+0000] {spark_submit.py:634} INFO - 24/12/23 18:04:49 INFO SparkContext: Successfully stopped SparkContext
[2024-12-23T18:04:49.490+0000] {spark_submit.py:634} INFO - 24/12/23 18:04:49 INFO ShutdownHookManager: Shutdown hook called
[2024-12-23T18:04:49.490+0000] {spark_submit.py:634} INFO - 24/12/23 18:04:49 INFO ShutdownHookManager: Deleting directory /tmp/spark-8dcacea3-c485-4079-ae05-a5c9b2b89a7a/pyspark-a600c477-5ff6-4602-89f5-3793aaae1ee4
[2024-12-23T18:04:49.490+0000] {spark_submit.py:634} INFO - 24/12/23 18:04:49 INFO ShutdownHookManager: Deleting directory /tmp/spark-80ffee35-5858-4c0d-ba98-43aafd91406c
[2024-12-23T18:04:49.492+0000] {spark_submit.py:634} INFO - 24/12/23 18:04:49 INFO ShutdownHookManager: Deleting directory /tmp/spark-8dcacea3-c485-4079-ae05-a5c9b2b89a7a
[2024-12-23T18:04:49.537+0000] {taskinstance.py:3311} ERROR - Task failed with exception
Traceback (most recent call last):
  File "/home/airflow/.local/lib/python3.12/site-packages/airflow/models/taskinstance.py", line 767, in _execute_task
    result = _execute_callable(context=context, **execute_callable_kwargs)
             ^^^^^^^^^^^^^^^^^^^^^^^^^^^^^^^^^^^^^^^^^^^^^^^^^^^^^^^^^^^^^
  File "/home/airflow/.local/lib/python3.12/site-packages/airflow/models/taskinstance.py", line 733, in _execute_callable
    return ExecutionCallableRunner(
           ^^^^^^^^^^^^^^^^^^^^^^^^
  File "/home/airflow/.local/lib/python3.12/site-packages/airflow/utils/operator_helpers.py", line 252, in run
    return self.func(*args, **kwargs)
           ^^^^^^^^^^^^^^^^^^^^^^^^^^
  File "/home/airflow/.local/lib/python3.12/site-packages/airflow/models/baseoperator.py", line 417, in wrapper
    return func(self, *args, **kwargs)
           ^^^^^^^^^^^^^^^^^^^^^^^^^^^
  File "/home/airflow/.local/lib/python3.12/site-packages/airflow/providers/apache/spark/operators/spark_submit.py", line 176, in execute
    self._hook.submit(self.application)
  File "/home/airflow/.local/lib/python3.12/site-packages/airflow/providers/apache/spark/hooks/spark_submit.py", line 560, in submit
    raise AirflowException(
airflow.exceptions.AirflowException: Cannot execute: spark-submit --master spark://spark-master:7077 --num-executors 1 --total-executor-cores 1 --executor-cores 1 --executor-memory 12g --driver-memory 12g --name arrow-spark --verbose --deploy-mode client dags/spark_app/spark_1.py. Error code is: 1.
[2024-12-23T18:04:49.540+0000] {taskinstance.py:1225} INFO - Marking task as FAILED. dag_id=spark_clickhouse_example, task_id=spark_submit_job, run_id=manual__2024-12-23T18:04:36.420410+00:00, execution_date=20241223T180436, start_date=20241223T180438, end_date=20241223T180449
[2024-12-23T18:04:49.549+0000] {taskinstance.py:340} INFO - ::group::Post task execution logs
[2024-12-23T18:04:49.550+0000] {standard_task_runner.py:124} ERROR - Failed to execute job 3 for task spark_submit_job (Cannot execute: spark-submit --master spark://spark-master:7077 --num-executors 1 --total-executor-cores 1 --executor-cores 1 --executor-memory 12g --driver-memory 12g --name arrow-spark --verbose --deploy-mode client dags/spark_app/spark_1.py. Error code is: 1.; 787)
Traceback (most recent call last):
  File "/home/airflow/.local/lib/python3.12/site-packages/airflow/task/task_runner/standard_task_runner.py", line 117, in _start_by_fork
    ret = args.func(args, dag=self.dag)
          ^^^^^^^^^^^^^^^^^^^^^^^^^^^^^
  File "/home/airflow/.local/lib/python3.12/site-packages/airflow/cli/cli_config.py", line 49, in command
    return func(*args, **kwargs)
           ^^^^^^^^^^^^^^^^^^^^^
  File "/home/airflow/.local/lib/python3.12/site-packages/airflow/utils/cli.py", line 116, in wrapper
    return f(*args, **kwargs)
           ^^^^^^^^^^^^^^^^^^
  File "/home/airflow/.local/lib/python3.12/site-packages/airflow/cli/commands/task_command.py", line 483, in task_run
    task_return_code = _run_task_by_selected_method(args, _dag, ti)
                       ^^^^^^^^^^^^^^^^^^^^^^^^^^^^^^^^^^^^^^^^^^^^
  File "/home/airflow/.local/lib/python3.12/site-packages/airflow/cli/commands/task_command.py", line 256, in _run_task_by_selected_method
    return _run_raw_task(args, ti)
           ^^^^^^^^^^^^^^^^^^^^^^^
  File "/home/airflow/.local/lib/python3.12/site-packages/airflow/cli/commands/task_command.py", line 341, in _run_raw_task
    return ti._run_raw_task(
           ^^^^^^^^^^^^^^^^^
  File "/home/airflow/.local/lib/python3.12/site-packages/airflow/utils/session.py", line 97, in wrapper
    return func(*args, session=session, **kwargs)
           ^^^^^^^^^^^^^^^^^^^^^^^^^^^^^^^^^^^^^^
  File "/home/airflow/.local/lib/python3.12/site-packages/airflow/models/taskinstance.py", line 3005, in _run_raw_task
    return _run_raw_task(
           ^^^^^^^^^^^^^^
  File "/home/airflow/.local/lib/python3.12/site-packages/airflow/models/taskinstance.py", line 273, in _run_raw_task
    TaskInstance._execute_task_with_callbacks(
  File "/home/airflow/.local/lib/python3.12/site-packages/airflow/models/taskinstance.py", line 3159, in _execute_task_with_callbacks
    result = self._execute_task(context, task_orig)
             ^^^^^^^^^^^^^^^^^^^^^^^^^^^^^^^^^^^^^^
  File "/home/airflow/.local/lib/python3.12/site-packages/airflow/models/taskinstance.py", line 3183, in _execute_task
    return _execute_task(self, context, task_orig)
           ^^^^^^^^^^^^^^^^^^^^^^^^^^^^^^^^^^^^^^^
  File "/home/airflow/.local/lib/python3.12/site-packages/airflow/models/taskinstance.py", line 767, in _execute_task
    result = _execute_callable(context=context, **execute_callable_kwargs)
             ^^^^^^^^^^^^^^^^^^^^^^^^^^^^^^^^^^^^^^^^^^^^^^^^^^^^^^^^^^^^^
  File "/home/airflow/.local/lib/python3.12/site-packages/airflow/models/taskinstance.py", line 733, in _execute_callable
    return ExecutionCallableRunner(
           ^^^^^^^^^^^^^^^^^^^^^^^^
  File "/home/airflow/.local/lib/python3.12/site-packages/airflow/utils/operator_helpers.py", line 252, in run
    return self.func(*args, **kwargs)
           ^^^^^^^^^^^^^^^^^^^^^^^^^^
  File "/home/airflow/.local/lib/python3.12/site-packages/airflow/models/baseoperator.py", line 417, in wrapper
    return func(self, *args, **kwargs)
           ^^^^^^^^^^^^^^^^^^^^^^^^^^^
  File "/home/airflow/.local/lib/python3.12/site-packages/airflow/providers/apache/spark/operators/spark_submit.py", line 176, in execute
    self._hook.submit(self.application)
  File "/home/airflow/.local/lib/python3.12/site-packages/airflow/providers/apache/spark/hooks/spark_submit.py", line 560, in submit
    raise AirflowException(
airflow.exceptions.AirflowException: Cannot execute: spark-submit --master spark://spark-master:7077 --num-executors 1 --total-executor-cores 1 --executor-cores 1 --executor-memory 12g --driver-memory 12g --name arrow-spark --verbose --deploy-mode client dags/spark_app/spark_1.py. Error code is: 1.
[2024-12-23T18:04:49.590+0000] {local_task_job_runner.py:266} INFO - Task exited with return code 1
[2024-12-23T18:04:49.601+0000] {taskinstance.py:3895} INFO - 0 downstream tasks scheduled from follow-on schedule check
[2024-12-23T18:04:49.602+0000] {local_task_job_runner.py:245} INFO - ::endgroup::
