[2024-12-23T18:10:45.964+0000] {local_task_job_runner.py:123} INFO - ::group::Pre task execution logs
[2024-12-23T18:10:45.980+0000] {taskinstance.py:2613} INFO - Dependencies all met for dep_context=non-requeueable deps ti=<TaskInstance: spark_clickhouse_example.spark_submit_job manual__2024-12-23T18:04:36.420410+00:00 [queued]>
[2024-12-23T18:10:45.987+0000] {taskinstance.py:2613} INFO - Dependencies all met for dep_context=requeueable deps ti=<TaskInstance: spark_clickhouse_example.spark_submit_job manual__2024-12-23T18:04:36.420410+00:00 [queued]>
[2024-12-23T18:10:45.987+0000] {taskinstance.py:2866} INFO - Starting attempt 2 of 2
[2024-12-23T18:10:45.998+0000] {taskinstance.py:2889} INFO - Executing <Task(SparkSubmitOperator): spark_submit_job> on 2024-12-23 18:04:36.420410+00:00
[2024-12-23T18:10:46.004+0000] {warnings.py:112} WARNING - /home/***/.local/lib/python3.12/site-packages/***/task/task_runner/standard_task_runner.py:70: DeprecationWarning: This process (pid=1011) is multi-threaded, use of fork() may lead to deadlocks in the child.
  pid = os.fork()

[2024-12-23T18:10:46.005+0000] {standard_task_runner.py:72} INFO - Started process 1012 to run task
[2024-12-23T18:10:46.006+0000] {standard_task_runner.py:104} INFO - Running: ['***', 'tasks', 'run', 'spark_clickhouse_example', 'spark_submit_job', 'manual__2024-12-23T18:04:36.420410+00:00', '--job-id', '4', '--raw', '--subdir', 'DAGS_FOLDER/test_spark_clickhouse.py', '--cfg-path', '/tmp/tmp3u2ikx3r']
[2024-12-23T18:10:46.007+0000] {standard_task_runner.py:105} INFO - Job 4: Subtask spark_submit_job
[2024-12-23T18:10:46.038+0000] {task_command.py:467} INFO - Running <TaskInstance: spark_clickhouse_example.spark_submit_job manual__2024-12-23T18:04:36.420410+00:00 [running]> on host 471d7521a401
[2024-12-23T18:10:46.092+0000] {taskinstance.py:3132} INFO - Exporting env vars: AIRFLOW_CTX_DAG_OWNER='TKO' AIRFLOW_CTX_DAG_ID='spark_clickhouse_example' AIRFLOW_CTX_TASK_ID='spark_submit_job' AIRFLOW_CTX_EXECUTION_DATE='2024-12-23T18:04:36.420410+00:00' AIRFLOW_CTX_TRY_NUMBER='2' AIRFLOW_CTX_DAG_RUN_ID='manual__2024-12-23T18:04:36.420410+00:00'
[2024-12-23T18:10:46.092+0000] {taskinstance.py:731} INFO - ::endgroup::
[2024-12-23T18:10:46.099+0000] {base.py:84} INFO - Retrieving connection 'spark'
[2024-12-23T18:10:46.100+0000] {spark_submit.py:327} ERROR - Failed to decode base64 keytab: Incorrect padding
[2024-12-23T18:10:46.101+0000] {spark_submit.py:304} INFO - Could not load connection string spark, defaulting to spark://spark-master:7077
[2024-12-23T18:10:46.102+0000] {spark_submit.py:473} INFO - Spark-Submit cmd: spark-submit --master spark://spark-master:7077 --num-executors 1 --total-executor-cores 1 --executor-cores 1 --executor-memory 12g --driver-memory 12g --name arrow-spark --verbose --deploy-mode client dags/spark_app/spark_1.py
[2024-12-23T18:10:47.167+0000] {spark_submit.py:634} INFO - Using properties file: null
[2024-12-23T18:10:47.253+0000] {spark_submit.py:634} INFO - Parsed arguments:
[2024-12-23T18:10:47.254+0000] {spark_submit.py:634} INFO - master                  spark://spark-master:7077
[2024-12-23T18:10:47.254+0000] {spark_submit.py:634} INFO - remote                  null
[2024-12-23T18:10:47.254+0000] {spark_submit.py:634} INFO - deployMode              client
[2024-12-23T18:10:47.254+0000] {spark_submit.py:634} INFO - executorMemory          12g
[2024-12-23T18:10:47.254+0000] {spark_submit.py:634} INFO - executorCores           1
[2024-12-23T18:10:47.254+0000] {spark_submit.py:634} INFO - totalExecutorCores      1
[2024-12-23T18:10:47.255+0000] {spark_submit.py:634} INFO - propertiesFile          null
[2024-12-23T18:10:47.255+0000] {spark_submit.py:634} INFO - driverMemory            12g
[2024-12-23T18:10:47.255+0000] {spark_submit.py:634} INFO - driverCores             null
[2024-12-23T18:10:47.255+0000] {spark_submit.py:634} INFO - driverExtraClassPath    null
[2024-12-23T18:10:47.255+0000] {spark_submit.py:634} INFO - driverExtraLibraryPath  null
[2024-12-23T18:10:47.256+0000] {spark_submit.py:634} INFO - driverExtraJavaOptions  null
[2024-12-23T18:10:47.256+0000] {spark_submit.py:634} INFO - supervise               false
[2024-12-23T18:10:47.256+0000] {spark_submit.py:634} INFO - queue                   null
[2024-12-23T18:10:47.256+0000] {spark_submit.py:634} INFO - numExecutors            1
[2024-12-23T18:10:47.256+0000] {spark_submit.py:634} INFO - files                   null
[2024-12-23T18:10:47.256+0000] {spark_submit.py:634} INFO - pyFiles                 null
[2024-12-23T18:10:47.256+0000] {spark_submit.py:634} INFO - archives                null
[2024-12-23T18:10:47.256+0000] {spark_submit.py:634} INFO - mainClass               null
[2024-12-23T18:10:47.256+0000] {spark_submit.py:634} INFO - primaryResource         file:/opt/***/dags/spark_app/spark_1.py
[2024-12-23T18:10:47.257+0000] {spark_submit.py:634} INFO - name                    arrow-spark
[2024-12-23T18:10:47.257+0000] {spark_submit.py:634} INFO - childArgs               []
[2024-12-23T18:10:47.257+0000] {spark_submit.py:634} INFO - jars                    null
[2024-12-23T18:10:47.257+0000] {spark_submit.py:634} INFO - packages                null
[2024-12-23T18:10:47.257+0000] {spark_submit.py:634} INFO - packagesExclusions      null
[2024-12-23T18:10:47.257+0000] {spark_submit.py:634} INFO - repositories            null
[2024-12-23T18:10:47.257+0000] {spark_submit.py:634} INFO - verbose                 true
[2024-12-23T18:10:47.257+0000] {spark_submit.py:634} INFO - 
[2024-12-23T18:10:47.257+0000] {spark_submit.py:634} INFO - Spark properties used, including those specified through
[2024-12-23T18:10:47.258+0000] {spark_submit.py:634} INFO - --conf and those from the properties file null:
[2024-12-23T18:10:47.258+0000] {spark_submit.py:634} INFO - (spark.driver.memory,12g)
[2024-12-23T18:10:47.258+0000] {spark_submit.py:634} INFO - 
[2024-12-23T18:10:47.258+0000] {spark_submit.py:634} INFO - 
[2024-12-23T18:10:47.451+0000] {spark_submit.py:634} INFO - Main class:
[2024-12-23T18:10:47.452+0000] {spark_submit.py:634} INFO - org.apache.spark.deploy.PythonRunner
[2024-12-23T18:10:47.452+0000] {spark_submit.py:634} INFO - Arguments:
[2024-12-23T18:10:47.452+0000] {spark_submit.py:634} INFO - file:/opt/***/dags/spark_app/spark_1.py
[2024-12-23T18:10:47.452+0000] {spark_submit.py:634} INFO - null
[2024-12-23T18:10:47.454+0000] {spark_submit.py:634} INFO - Spark config:
[2024-12-23T18:10:47.454+0000] {spark_submit.py:634} INFO - (spark.app.name,arrow-spark)
[2024-12-23T18:10:47.455+0000] {spark_submit.py:634} INFO - (spark.app.submitTime,1734977447436)
[2024-12-23T18:10:47.455+0000] {spark_submit.py:634} INFO - (spark.cores.max,1)
[2024-12-23T18:10:47.455+0000] {spark_submit.py:634} INFO - (spark.driver.memory,12g)
[2024-12-23T18:10:47.455+0000] {spark_submit.py:634} INFO - (spark.executor.cores,1)
[2024-12-23T18:10:47.455+0000] {spark_submit.py:634} INFO - (spark.executor.memory,12g)
[2024-12-23T18:10:47.456+0000] {spark_submit.py:634} INFO - (spark.master,spark://spark-master:7077)
[2024-12-23T18:10:47.456+0000] {spark_submit.py:634} INFO - (spark.submit.deployMode,client)
[2024-12-23T18:10:47.456+0000] {spark_submit.py:634} INFO - (spark.submit.pyFiles,)
[2024-12-23T18:10:47.456+0000] {spark_submit.py:634} INFO - Classpath elements:
[2024-12-23T18:10:47.456+0000] {spark_submit.py:634} INFO - 
[2024-12-23T18:10:47.456+0000] {spark_submit.py:634} INFO - 
[2024-12-23T18:10:47.457+0000] {spark_submit.py:634} INFO - 
[2024-12-23T18:10:48.533+0000] {spark_submit.py:634} INFO - 24/12/23 18:10:48 INFO SparkContext: Running Spark version 3.5.4
[2024-12-23T18:10:48.535+0000] {spark_submit.py:634} INFO - 24/12/23 18:10:48 INFO SparkContext: OS info Linux, 5.10.0-33-cloud-amd64, amd64
[2024-12-23T18:10:48.535+0000] {spark_submit.py:634} INFO - 24/12/23 18:10:48 INFO SparkContext: Java version 17.0.13
[2024-12-23T18:10:48.579+0000] {spark_submit.py:634} INFO - 24/12/23 18:10:48 WARN NativeCodeLoader: Unable to load native-hadoop library for your platform... using builtin-java classes where applicable
[2024-12-23T18:10:48.652+0000] {spark_submit.py:634} INFO - 24/12/23 18:10:48 INFO ResourceUtils: ==============================================================
[2024-12-23T18:10:48.652+0000] {spark_submit.py:634} INFO - 24/12/23 18:10:48 INFO ResourceUtils: No custom resources configured for spark.driver.
[2024-12-23T18:10:48.653+0000] {spark_submit.py:634} INFO - 24/12/23 18:10:48 INFO ResourceUtils: ==============================================================
[2024-12-23T18:10:48.653+0000] {spark_submit.py:634} INFO - 24/12/23 18:10:48 INFO SparkContext: Submitted application: ExampleJob111
[2024-12-23T18:10:48.670+0000] {spark_submit.py:634} INFO - 24/12/23 18:10:48 INFO ResourceProfile: Default ResourceProfile created, executor resources: Map(cores -> name: cores, amount: 1, script: , vendor: , memory -> name: memory, amount: 12288, script: , vendor: , offHeap -> name: offHeap, amount: 0, script: , vendor: ), task resources: Map(cpus -> name: cpus, amount: 1.0)
[2024-12-23T18:10:48.680+0000] {spark_submit.py:634} INFO - 24/12/23 18:10:48 INFO ResourceProfile: Limiting resource is cpus at 1 tasks per executor
[2024-12-23T18:10:48.682+0000] {spark_submit.py:634} INFO - 24/12/23 18:10:48 INFO ResourceProfileManager: Added ResourceProfile id: 0
[2024-12-23T18:10:48.720+0000] {spark_submit.py:634} INFO - 24/12/23 18:10:48 INFO SecurityManager: Changing view acls to: default
[2024-12-23T18:10:48.721+0000] {spark_submit.py:634} INFO - 24/12/23 18:10:48 INFO SecurityManager: Changing modify acls to: default
[2024-12-23T18:10:48.721+0000] {spark_submit.py:634} INFO - 24/12/23 18:10:48 INFO SecurityManager: Changing view acls groups to:
[2024-12-23T18:10:48.722+0000] {spark_submit.py:634} INFO - 24/12/23 18:10:48 INFO SecurityManager: Changing modify acls groups to:
[2024-12-23T18:10:48.722+0000] {spark_submit.py:634} INFO - 24/12/23 18:10:48 INFO SecurityManager: SecurityManager: authentication disabled; ui acls disabled; users with view permissions: default; groups with view permissions: EMPTY; users with modify permissions: default; groups with modify permissions: EMPTY
[2024-12-23T18:10:48.908+0000] {spark_submit.py:634} INFO - 24/12/23 18:10:48 INFO Utils: Successfully started service 'sparkDriver' on port 38801.
[2024-12-23T18:10:48.929+0000] {spark_submit.py:634} INFO - 24/12/23 18:10:48 INFO SparkEnv: Registering MapOutputTracker
[2024-12-23T18:10:48.959+0000] {spark_submit.py:634} INFO - 24/12/23 18:10:48 INFO SparkEnv: Registering BlockManagerMaster
[2024-12-23T18:10:48.974+0000] {spark_submit.py:634} INFO - 24/12/23 18:10:48 INFO BlockManagerMasterEndpoint: Using org.apache.spark.storage.DefaultTopologyMapper for getting topology information
[2024-12-23T18:10:48.975+0000] {spark_submit.py:634} INFO - 24/12/23 18:10:48 INFO BlockManagerMasterEndpoint: BlockManagerMasterEndpoint up
[2024-12-23T18:10:48.978+0000] {spark_submit.py:634} INFO - 24/12/23 18:10:48 INFO SparkEnv: Registering BlockManagerMasterHeartbeat
[2024-12-23T18:10:48.994+0000] {spark_submit.py:634} INFO - 24/12/23 18:10:48 INFO DiskBlockManager: Created local directory at /tmp/blockmgr-fb712edd-3502-4238-8ec6-b91ccc3763d1
[2024-12-23T18:10:49.006+0000] {spark_submit.py:634} INFO - 24/12/23 18:10:49 INFO MemoryStore: MemoryStore started with capacity 7.0 GiB
[2024-12-23T18:10:49.018+0000] {spark_submit.py:634} INFO - 24/12/23 18:10:49 INFO SparkEnv: Registering OutputCommitCoordinator
[2024-12-23T18:10:49.118+0000] {spark_submit.py:634} INFO - 24/12/23 18:10:49 INFO JettyUtils: Start Jetty 0.0.0.0:4040 for SparkUI
[2024-12-23T18:10:49.157+0000] {spark_submit.py:634} INFO - 24/12/23 18:10:49 INFO Utils: Successfully started service 'SparkUI' on port 4040.
[2024-12-23T18:10:49.303+0000] {spark_submit.py:634} INFO - 24/12/23 18:10:49 INFO StandaloneAppClient$ClientEndpoint: Connecting to master spark://spark-master:7077...
[2024-12-23T18:10:49.345+0000] {spark_submit.py:634} INFO - 24/12/23 18:10:49 INFO TransportClientFactory: Successfully created connection to spark-master/172.18.0.4:7077 after 20 ms (0 ms spent in bootstraps)
[2024-12-23T18:10:49.418+0000] {spark_submit.py:634} INFO - 24/12/23 18:10:49 INFO StandaloneSchedulerBackend: Connected to Spark cluster with app ID app-20241223181049-0001
[2024-12-23T18:10:49.430+0000] {spark_submit.py:634} INFO - 24/12/23 18:10:49 INFO StandaloneAppClient$ClientEndpoint: Executor added: app-20241223181049-0001/0 on worker-20241223170707-172.18.0.5-40913 (172.18.0.5:40913) with 1 core(s)
[2024-12-23T18:10:49.431+0000] {spark_submit.py:634} INFO - 24/12/23 18:10:49 INFO Utils: Successfully started service 'org.apache.spark.network.netty.NettyBlockTransferService' on port 36483.
[2024-12-23T18:10:49.431+0000] {spark_submit.py:634} INFO - 24/12/23 18:10:49 INFO NettyBlockTransferService: Server created on 471d7521a401:36483
[2024-12-23T18:10:49.431+0000] {spark_submit.py:634} INFO - 24/12/23 18:10:49 INFO StandaloneSchedulerBackend: Granted executor ID app-20241223181049-0001/0 on hostPort 172.18.0.5:40913 with 1 core(s), 12.0 GiB RAM
[2024-12-23T18:10:49.433+0000] {spark_submit.py:634} INFO - 24/12/23 18:10:49 INFO BlockManager: Using org.apache.spark.storage.RandomBlockReplicationPolicy for block replication policy
[2024-12-23T18:10:49.438+0000] {spark_submit.py:634} INFO - 24/12/23 18:10:49 INFO BlockManagerMaster: Registering BlockManager BlockManagerId(driver, 471d7521a401, 36483, None)
[2024-12-23T18:10:49.443+0000] {spark_submit.py:634} INFO - 24/12/23 18:10:49 INFO BlockManagerMasterEndpoint: Registering block manager 471d7521a401:36483 with 7.0 GiB RAM, BlockManagerId(driver, 471d7521a401, 36483, None)
[2024-12-23T18:10:49.443+0000] {spark_submit.py:634} INFO - 24/12/23 18:10:49 INFO BlockManagerMaster: Registered BlockManager BlockManagerId(driver, 471d7521a401, 36483, None)
[2024-12-23T18:10:49.446+0000] {spark_submit.py:634} INFO - 24/12/23 18:10:49 INFO BlockManager: Initialized BlockManager: BlockManagerId(driver, 471d7521a401, 36483, None)
[2024-12-23T18:10:49.499+0000] {spark_submit.py:634} INFO - 24/12/23 18:10:49 INFO StandaloneAppClient$ClientEndpoint: Executor updated: app-20241223181049-0001/0 is now RUNNING
[2024-12-23T18:10:49.719+0000] {spark_submit.py:634} INFO - 24/12/23 18:10:49 INFO StandaloneSchedulerBackend: SchedulerBackend is ready for scheduling beginning after reached minRegisteredResourcesRatio: 0.0
[2024-12-23T18:10:50.467+0000] {spark_submit.py:634} INFO - 24/12/23 18:10:50 INFO SharedState: Setting hive.metastore.warehouse.dir ('null') to the value of spark.sql.warehouse.dir.
[2024-12-23T18:10:50.483+0000] {spark_submit.py:634} INFO - 24/12/23 18:10:50 INFO SharedState: Warehouse path is 'file:/opt/***/spark-warehouse'.
[2024-12-23T18:10:52.561+0000] {spark_submit.py:634} INFO - 24/12/23 18:10:52 INFO StandaloneSchedulerBackend$StandaloneDriverEndpoint: Registered executor NettyRpcEndpointRef(spark-client://Executor) (172.18.0.5:58816) with ID 0,  ResourceProfileId 0
[2024-12-23T18:10:52.658+0000] {spark_submit.py:634} INFO - 24/12/23 18:10:52 INFO BlockManagerMasterEndpoint: Registering block manager 172.18.0.5:45419 with 7.0 GiB RAM, BlockManagerId(0, 172.18.0.5, 45419, None)
[2024-12-23T18:10:53.232+0000] {spark_submit.py:634} INFO - 24/12/23 18:10:53 INFO CodeGenerator: Code generated in 162.067917 ms
[2024-12-23T18:10:53.295+0000] {spark_submit.py:634} INFO - 24/12/23 18:10:53 INFO SparkContext: Starting job: toPandas at /opt/***/dags/spark_app/spark_1.py:7
[2024-12-23T18:10:53.308+0000] {spark_submit.py:634} INFO - 24/12/23 18:10:53 INFO DAGScheduler: Got job 0 (toPandas at /opt/***/dags/spark_app/spark_1.py:7) with 2 output partitions
[2024-12-23T18:10:53.308+0000] {spark_submit.py:634} INFO - 24/12/23 18:10:53 INFO DAGScheduler: Final stage: ResultStage 0 (toPandas at /opt/***/dags/spark_app/spark_1.py:7)
[2024-12-23T18:10:53.309+0000] {spark_submit.py:634} INFO - 24/12/23 18:10:53 INFO DAGScheduler: Parents of final stage: List()
[2024-12-23T18:10:53.310+0000] {spark_submit.py:634} INFO - 24/12/23 18:10:53 INFO DAGScheduler: Missing parents: List()
[2024-12-23T18:10:53.313+0000] {spark_submit.py:634} INFO - 24/12/23 18:10:53 INFO DAGScheduler: Submitting ResultStage 0 (MapPartitionsRDD[6] at toPandas at /opt/***/dags/spark_app/spark_1.py:7), which has no missing parents
[2024-12-23T18:10:53.362+0000] {spark_submit.py:634} INFO - 24/12/23 18:10:53 INFO MemoryStore: Block broadcast_0 stored as values in memory (estimated size 12.5 KiB, free 7.0 GiB)
[2024-12-23T18:10:53.385+0000] {spark_submit.py:634} INFO - 24/12/23 18:10:53 INFO MemoryStore: Block broadcast_0_piece0 stored as bytes in memory (estimated size 6.6 KiB, free 7.0 GiB)
[2024-12-23T18:10:53.388+0000] {spark_submit.py:634} INFO - 24/12/23 18:10:53 INFO BlockManagerInfo: Added broadcast_0_piece0 in memory on 471d7521a401:36483 (size: 6.6 KiB, free: 7.0 GiB)
[2024-12-23T18:10:53.392+0000] {spark_submit.py:634} INFO - 24/12/23 18:10:53 INFO SparkContext: Created broadcast 0 from broadcast at DAGScheduler.scala:1585
[2024-12-23T18:10:53.404+0000] {spark_submit.py:634} INFO - 24/12/23 18:10:53 INFO DAGScheduler: Submitting 2 missing tasks from ResultStage 0 (MapPartitionsRDD[6] at toPandas at /opt/***/dags/spark_app/spark_1.py:7) (first 15 tasks are for partitions Vector(0, 1))
[2024-12-23T18:10:53.405+0000] {spark_submit.py:634} INFO - 24/12/23 18:10:53 INFO TaskSchedulerImpl: Adding task set 0.0 with 2 tasks resource profile 0
[2024-12-23T18:10:53.428+0000] {spark_submit.py:634} INFO - 24/12/23 18:10:53 INFO TaskSetManager: Starting task 0.0 in stage 0.0 (TID 0) (172.18.0.5, executor 0, partition 0, PROCESS_LOCAL, 9020 bytes)
[2024-12-23T18:10:53.659+0000] {spark_submit.py:634} INFO - 24/12/23 18:10:53 INFO BlockManagerInfo: Added broadcast_0_piece0 in memory on 172.18.0.5:45419 (size: 6.6 KiB, free: 7.0 GiB)
[2024-12-23T18:10:54.908+0000] {spark_submit.py:634} INFO - 24/12/23 18:10:54 INFO TaskSetManager: Starting task 1.0 in stage 0.0 (TID 1) (172.18.0.5, executor 0, partition 1, PROCESS_LOCAL, 9057 bytes)
[2024-12-23T18:10:54.920+0000] {spark_submit.py:634} INFO - 24/12/23 18:10:54 INFO TaskSetManager: Finished task 0.0 in stage 0.0 (TID 0) in 1496 ms on 172.18.0.5 (executor 0) (1/2)
[2024-12-23T18:10:54.920+0000] {spark_submit.py:634} INFO - 24/12/23 18:10:54 INFO PythonAccumulatorV2: Connected to AccumulatorServer at host: 127.0.0.1 port: 34895
[2024-12-23T18:10:55.013+0000] {spark_submit.py:634} INFO - 24/12/23 18:10:55 INFO TaskSetManager: Finished task 1.0 in stage 0.0 (TID 1) in 106 ms on 172.18.0.5 (executor 0) (2/2)
[2024-12-23T18:10:55.015+0000] {spark_submit.py:634} INFO - 24/12/23 18:10:55 INFO DAGScheduler: ResultStage 0 (toPandas at /opt/***/dags/spark_app/spark_1.py:7) finished in 1.693 s
[2024-12-23T18:10:55.018+0000] {spark_submit.py:634} INFO - 24/12/23 18:10:55 INFO DAGScheduler: Job 0 is finished. Cancelling potential speculative or zombie tasks for this job
[2024-12-23T18:10:55.018+0000] {spark_submit.py:634} INFO - 24/12/23 18:10:55 INFO TaskSchedulerImpl: Removed TaskSet 0.0, whose tasks have all completed, from pool
[2024-12-23T18:10:55.019+0000] {spark_submit.py:634} INFO - 24/12/23 18:10:55 INFO TaskSchedulerImpl: Killing all running tasks in stage 0: Stage finished
[2024-12-23T18:10:55.021+0000] {spark_submit.py:634} INFO - 24/12/23 18:10:55 INFO DAGScheduler: Job 0 finished: toPandas at /opt/***/dags/spark_app/spark_1.py:7, took 1.724881 s
[2024-12-23T18:10:55.056+0000] {spark_submit.py:634} INFO - Traceback (most recent call last):
[2024-12-23T18:10:55.056+0000] {spark_submit.py:634} INFO - File "/opt/***/dags/spark_app/spark_1.py", line 23, in <module>
[2024-12-23T18:10:55.057+0000] {spark_submit.py:634} INFO - run()
[2024-12-23T18:10:55.057+0000] {spark_submit.py:634} INFO - File "/opt/***/dags/spark_app/spark_1.py", line 7, in run
[2024-12-23T18:10:55.057+0000] {spark_submit.py:634} INFO - df.toPandas().to_csv("/opt/***/test/df_test.csv", index=False)
[2024-12-23T18:10:55.057+0000] {spark_submit.py:634} INFO - File "/home/***/.local/lib/python3.12/site-packages/pandas/core/generic.py", line 3902, in to_csv
[2024-12-23T18:10:55.057+0000] {spark_submit.py:634} INFO - return DataFrameRenderer(formatter).to_csv(
[2024-12-23T18:10:55.058+0000] {spark_submit.py:634} INFO - ^^^^^^^^^^^^^^^^^^^^^^^^^^^^^^^^^^^^
[2024-12-23T18:10:55.058+0000] {spark_submit.py:634} INFO - File "/home/***/.local/lib/python3.12/site-packages/pandas/io/formats/format.py", line 1152, in to_csv
[2024-12-23T18:10:55.058+0000] {spark_submit.py:634} INFO - csv_formatter.save()
[2024-12-23T18:10:55.058+0000] {spark_submit.py:634} INFO - File "/home/***/.local/lib/python3.12/site-packages/pandas/io/formats/csvs.py", line 247, in save
[2024-12-23T18:10:55.058+0000] {spark_submit.py:634} INFO - with get_handle(
[2024-12-23T18:10:55.059+0000] {spark_submit.py:634} INFO - ^^^^^^^^^^^
[2024-12-23T18:10:55.059+0000] {spark_submit.py:634} INFO - File "/home/***/.local/lib/python3.12/site-packages/pandas/io/common.py", line 739, in get_handle
[2024-12-23T18:10:55.059+0000] {spark_submit.py:634} INFO - check_parent_directory(str(handle))
[2024-12-23T18:10:55.059+0000] {spark_submit.py:634} INFO - File "/home/***/.local/lib/python3.12/site-packages/pandas/io/common.py", line 604, in check_parent_directory
[2024-12-23T18:10:55.059+0000] {spark_submit.py:634} INFO - raise OSError(rf"Cannot save file into a non-existent directory: '{parent}'")
[2024-12-23T18:10:55.059+0000] {spark_submit.py:634} INFO - OSError: Cannot save file into a non-existent directory: '/opt/***/test'
[2024-12-23T18:10:55.150+0000] {spark_submit.py:634} INFO - 24/12/23 18:10:55 INFO SparkContext: Invoking stop() from shutdown hook
[2024-12-23T18:10:55.151+0000] {spark_submit.py:634} INFO - 24/12/23 18:10:55 INFO SparkContext: SparkContext is stopping with exitCode 0.
[2024-12-23T18:10:55.158+0000] {spark_submit.py:634} INFO - 24/12/23 18:10:55 INFO SparkUI: Stopped Spark web UI at http://471d7521a401:4040
[2024-12-23T18:10:55.160+0000] {spark_submit.py:634} INFO - 24/12/23 18:10:55 INFO StandaloneSchedulerBackend: Shutting down all executors
[2024-12-23T18:10:55.160+0000] {spark_submit.py:634} INFO - 24/12/23 18:10:55 INFO StandaloneSchedulerBackend$StandaloneDriverEndpoint: Asking each executor to shut down
[2024-12-23T18:10:55.186+0000] {spark_submit.py:634} INFO - 24/12/23 18:10:55 INFO MapOutputTrackerMasterEndpoint: MapOutputTrackerMasterEndpoint stopped!
[2024-12-23T18:10:55.205+0000] {spark_submit.py:634} INFO - 24/12/23 18:10:55 INFO MemoryStore: MemoryStore cleared
[2024-12-23T18:10:55.206+0000] {spark_submit.py:634} INFO - 24/12/23 18:10:55 INFO BlockManager: BlockManager stopped
[2024-12-23T18:10:55.209+0000] {spark_submit.py:634} INFO - 24/12/23 18:10:55 INFO BlockManagerMaster: BlockManagerMaster stopped
[2024-12-23T18:10:55.211+0000] {spark_submit.py:634} INFO - 24/12/23 18:10:55 INFO OutputCommitCoordinator$OutputCommitCoordinatorEndpoint: OutputCommitCoordinator stopped!
[2024-12-23T18:10:55.233+0000] {spark_submit.py:634} INFO - 24/12/23 18:10:55 INFO SparkContext: Successfully stopped SparkContext
[2024-12-23T18:10:55.233+0000] {spark_submit.py:634} INFO - 24/12/23 18:10:55 INFO ShutdownHookManager: Shutdown hook called
[2024-12-23T18:10:55.234+0000] {spark_submit.py:634} INFO - 24/12/23 18:10:55 INFO ShutdownHookManager: Deleting directory /tmp/spark-699c12a6-452c-486f-86a5-52235452f2dd
[2024-12-23T18:10:55.238+0000] {spark_submit.py:634} INFO - 24/12/23 18:10:55 INFO ShutdownHookManager: Deleting directory /tmp/spark-615eaa9b-38cd-4add-9eea-2fc46ef1644c
[2024-12-23T18:10:55.245+0000] {spark_submit.py:634} INFO - 24/12/23 18:10:55 INFO ShutdownHookManager: Deleting directory /tmp/spark-699c12a6-452c-486f-86a5-52235452f2dd/pyspark-68147486-adee-44da-8c77-8766ec69d9a0
[2024-12-23T18:10:55.297+0000] {taskinstance.py:3311} ERROR - Task failed with exception
Traceback (most recent call last):
  File "/home/airflow/.local/lib/python3.12/site-packages/airflow/models/taskinstance.py", line 767, in _execute_task
    result = _execute_callable(context=context, **execute_callable_kwargs)
             ^^^^^^^^^^^^^^^^^^^^^^^^^^^^^^^^^^^^^^^^^^^^^^^^^^^^^^^^^^^^^
  File "/home/airflow/.local/lib/python3.12/site-packages/airflow/models/taskinstance.py", line 733, in _execute_callable
    return ExecutionCallableRunner(
           ^^^^^^^^^^^^^^^^^^^^^^^^
  File "/home/airflow/.local/lib/python3.12/site-packages/airflow/utils/operator_helpers.py", line 252, in run
    return self.func(*args, **kwargs)
           ^^^^^^^^^^^^^^^^^^^^^^^^^^
  File "/home/airflow/.local/lib/python3.12/site-packages/airflow/models/baseoperator.py", line 417, in wrapper
    return func(self, *args, **kwargs)
           ^^^^^^^^^^^^^^^^^^^^^^^^^^^
  File "/home/airflow/.local/lib/python3.12/site-packages/airflow/providers/apache/spark/operators/spark_submit.py", line 176, in execute
    self._hook.submit(self.application)
  File "/home/airflow/.local/lib/python3.12/site-packages/airflow/providers/apache/spark/hooks/spark_submit.py", line 560, in submit
    raise AirflowException(
airflow.exceptions.AirflowException: Cannot execute: spark-submit --master spark://spark-master:7077 --num-executors 1 --total-executor-cores 1 --executor-cores 1 --executor-memory 12g --driver-memory 12g --name arrow-spark --verbose --deploy-mode client dags/spark_app/spark_1.py. Error code is: 1.
[2024-12-23T18:10:55.300+0000] {taskinstance.py:1225} INFO - Marking task as FAILED. dag_id=spark_clickhouse_example, task_id=spark_submit_job, run_id=manual__2024-12-23T18:04:36.420410+00:00, execution_date=20241223T180436, start_date=20241223T181045, end_date=20241223T181055
[2024-12-23T18:10:55.309+0000] {taskinstance.py:340} INFO - ::group::Post task execution logs
[2024-12-23T18:10:55.309+0000] {standard_task_runner.py:124} ERROR - Failed to execute job 4 for task spark_submit_job (Cannot execute: spark-submit --master spark://spark-master:7077 --num-executors 1 --total-executor-cores 1 --executor-cores 1 --executor-memory 12g --driver-memory 12g --name arrow-spark --verbose --deploy-mode client dags/spark_app/spark_1.py. Error code is: 1.; 1012)
Traceback (most recent call last):
  File "/home/airflow/.local/lib/python3.12/site-packages/airflow/task/task_runner/standard_task_runner.py", line 117, in _start_by_fork
    ret = args.func(args, dag=self.dag)
          ^^^^^^^^^^^^^^^^^^^^^^^^^^^^^
  File "/home/airflow/.local/lib/python3.12/site-packages/airflow/cli/cli_config.py", line 49, in command
    return func(*args, **kwargs)
           ^^^^^^^^^^^^^^^^^^^^^
  File "/home/airflow/.local/lib/python3.12/site-packages/airflow/utils/cli.py", line 116, in wrapper
    return f(*args, **kwargs)
           ^^^^^^^^^^^^^^^^^^
  File "/home/airflow/.local/lib/python3.12/site-packages/airflow/cli/commands/task_command.py", line 483, in task_run
    task_return_code = _run_task_by_selected_method(args, _dag, ti)
                       ^^^^^^^^^^^^^^^^^^^^^^^^^^^^^^^^^^^^^^^^^^^^
  File "/home/airflow/.local/lib/python3.12/site-packages/airflow/cli/commands/task_command.py", line 256, in _run_task_by_selected_method
    return _run_raw_task(args, ti)
           ^^^^^^^^^^^^^^^^^^^^^^^
  File "/home/airflow/.local/lib/python3.12/site-packages/airflow/cli/commands/task_command.py", line 341, in _run_raw_task
    return ti._run_raw_task(
           ^^^^^^^^^^^^^^^^^
  File "/home/airflow/.local/lib/python3.12/site-packages/airflow/utils/session.py", line 97, in wrapper
    return func(*args, session=session, **kwargs)
           ^^^^^^^^^^^^^^^^^^^^^^^^^^^^^^^^^^^^^^
  File "/home/airflow/.local/lib/python3.12/site-packages/airflow/models/taskinstance.py", line 3005, in _run_raw_task
    return _run_raw_task(
           ^^^^^^^^^^^^^^
  File "/home/airflow/.local/lib/python3.12/site-packages/airflow/models/taskinstance.py", line 273, in _run_raw_task
    TaskInstance._execute_task_with_callbacks(
  File "/home/airflow/.local/lib/python3.12/site-packages/airflow/models/taskinstance.py", line 3159, in _execute_task_with_callbacks
    result = self._execute_task(context, task_orig)
             ^^^^^^^^^^^^^^^^^^^^^^^^^^^^^^^^^^^^^^
  File "/home/airflow/.local/lib/python3.12/site-packages/airflow/models/taskinstance.py", line 3183, in _execute_task
    return _execute_task(self, context, task_orig)
           ^^^^^^^^^^^^^^^^^^^^^^^^^^^^^^^^^^^^^^^
  File "/home/airflow/.local/lib/python3.12/site-packages/airflow/models/taskinstance.py", line 767, in _execute_task
    result = _execute_callable(context=context, **execute_callable_kwargs)
             ^^^^^^^^^^^^^^^^^^^^^^^^^^^^^^^^^^^^^^^^^^^^^^^^^^^^^^^^^^^^^
  File "/home/airflow/.local/lib/python3.12/site-packages/airflow/models/taskinstance.py", line 733, in _execute_callable
    return ExecutionCallableRunner(
           ^^^^^^^^^^^^^^^^^^^^^^^^
  File "/home/airflow/.local/lib/python3.12/site-packages/airflow/utils/operator_helpers.py", line 252, in run
    return self.func(*args, **kwargs)
           ^^^^^^^^^^^^^^^^^^^^^^^^^^
  File "/home/airflow/.local/lib/python3.12/site-packages/airflow/models/baseoperator.py", line 417, in wrapper
    return func(self, *args, **kwargs)
           ^^^^^^^^^^^^^^^^^^^^^^^^^^^
  File "/home/airflow/.local/lib/python3.12/site-packages/airflow/providers/apache/spark/operators/spark_submit.py", line 176, in execute
    self._hook.submit(self.application)
  File "/home/airflow/.local/lib/python3.12/site-packages/airflow/providers/apache/spark/hooks/spark_submit.py", line 560, in submit
    raise AirflowException(
airflow.exceptions.AirflowException: Cannot execute: spark-submit --master spark://spark-master:7077 --num-executors 1 --total-executor-cores 1 --executor-cores 1 --executor-memory 12g --driver-memory 12g --name arrow-spark --verbose --deploy-mode client dags/spark_app/spark_1.py. Error code is: 1.
[2024-12-23T18:10:55.331+0000] {local_task_job_runner.py:266} INFO - Task exited with return code 1
[2024-12-23T18:10:55.347+0000] {taskinstance.py:3895} INFO - 0 downstream tasks scheduled from follow-on schedule check
[2024-12-23T18:10:55.350+0000] {local_task_job_runner.py:245} INFO - ::endgroup::
