[2025-01-13T20:23:11.442+0000] {processor.py:186} INFO - Started process (PID=30) to work on /opt/airflow/dags/spark_example.py
[2025-01-13T20:23:11.443+0000] {processor.py:914} INFO - Processing file /opt/airflow/dags/spark_example.py for tasks to queue
[2025-01-13T20:23:11.445+0000] {logging_mixin.py:190} INFO - [2025-01-13T20:23:11.445+0000] {dagbag.py:588} INFO - Filling up the DagBag from /opt/airflow/dags/spark_example.py
[2025-01-13T20:23:11.468+0000] {processor.py:925} INFO - DAG(s) 'spark_example' retrieved from /opt/airflow/dags/spark_example.py
[2025-01-13T20:23:11.505+0000] {logging_mixin.py:190} INFO - [2025-01-13T20:23:11.505+0000] {dag.py:3239} INFO - Sync 1 DAGs
[2025-01-13T20:23:11.526+0000] {logging_mixin.py:190} INFO - [2025-01-13T20:23:11.526+0000] {dag.py:4180} INFO - Setting next_dagrun for spark_example to None, run_after=None
[2025-01-13T20:23:11.548+0000] {processor.py:208} INFO - Processing /opt/airflow/dags/spark_example.py took 0.124 seconds
[2025-01-13T20:23:42.168+0000] {processor.py:186} INFO - Started process (PID=39) to work on /opt/airflow/dags/spark_example.py
[2025-01-13T20:23:42.168+0000] {processor.py:914} INFO - Processing file /opt/airflow/dags/spark_example.py for tasks to queue
[2025-01-13T20:23:42.170+0000] {logging_mixin.py:190} INFO - [2025-01-13T20:23:42.170+0000] {dagbag.py:588} INFO - Filling up the DagBag from /opt/airflow/dags/spark_example.py
[2025-01-13T20:23:42.175+0000] {processor.py:925} INFO - DAG(s) 'spark_example' retrieved from /opt/airflow/dags/spark_example.py
[2025-01-13T20:23:42.198+0000] {logging_mixin.py:190} INFO - [2025-01-13T20:23:42.198+0000] {dag.py:3239} INFO - Sync 1 DAGs
[2025-01-13T20:23:42.210+0000] {logging_mixin.py:190} INFO - [2025-01-13T20:23:42.210+0000] {dag.py:4180} INFO - Setting next_dagrun for spark_example to None, run_after=None
[2025-01-13T20:23:42.224+0000] {processor.py:208} INFO - Processing /opt/airflow/dags/spark_example.py took 0.061 seconds
[2025-01-13T20:24:12.518+0000] {processor.py:186} INFO - Started process (PID=48) to work on /opt/airflow/dags/spark_example.py
[2025-01-13T20:24:12.519+0000] {processor.py:914} INFO - Processing file /opt/airflow/dags/spark_example.py for tasks to queue
[2025-01-13T20:24:12.521+0000] {logging_mixin.py:190} INFO - [2025-01-13T20:24:12.520+0000] {dagbag.py:588} INFO - Filling up the DagBag from /opt/airflow/dags/spark_example.py
[2025-01-13T20:24:12.527+0000] {processor.py:925} INFO - DAG(s) 'spark_example' retrieved from /opt/airflow/dags/spark_example.py
[2025-01-13T20:24:12.548+0000] {logging_mixin.py:190} INFO - [2025-01-13T20:24:12.548+0000] {dag.py:3239} INFO - Sync 1 DAGs
[2025-01-13T20:24:12.561+0000] {logging_mixin.py:190} INFO - [2025-01-13T20:24:12.560+0000] {dag.py:4180} INFO - Setting next_dagrun for spark_example to None, run_after=None
[2025-01-13T20:24:12.576+0000] {processor.py:208} INFO - Processing /opt/airflow/dags/spark_example.py took 0.063 seconds
[2025-01-13T20:24:42.872+0000] {processor.py:186} INFO - Started process (PID=57) to work on /opt/airflow/dags/spark_example.py
[2025-01-13T20:24:42.873+0000] {processor.py:914} INFO - Processing file /opt/airflow/dags/spark_example.py for tasks to queue
[2025-01-13T20:24:42.874+0000] {logging_mixin.py:190} INFO - [2025-01-13T20:24:42.874+0000] {dagbag.py:588} INFO - Filling up the DagBag from /opt/airflow/dags/spark_example.py
[2025-01-13T20:24:42.880+0000] {processor.py:925} INFO - DAG(s) 'spark_example' retrieved from /opt/airflow/dags/spark_example.py
[2025-01-13T20:24:42.904+0000] {logging_mixin.py:190} INFO - [2025-01-13T20:24:42.904+0000] {dag.py:3239} INFO - Sync 1 DAGs
[2025-01-13T20:24:42.919+0000] {logging_mixin.py:190} INFO - [2025-01-13T20:24:42.919+0000] {dag.py:4180} INFO - Setting next_dagrun for spark_example to None, run_after=None
[2025-01-13T20:24:42.936+0000] {processor.py:208} INFO - Processing /opt/airflow/dags/spark_example.py took 0.068 seconds
[2025-01-13T20:25:13.369+0000] {processor.py:186} INFO - Started process (PID=66) to work on /opt/airflow/dags/spark_example.py
[2025-01-13T20:25:13.371+0000] {processor.py:914} INFO - Processing file /opt/airflow/dags/spark_example.py for tasks to queue
[2025-01-13T20:25:13.373+0000] {logging_mixin.py:190} INFO - [2025-01-13T20:25:13.372+0000] {dagbag.py:588} INFO - Filling up the DagBag from /opt/airflow/dags/spark_example.py
[2025-01-13T20:25:13.378+0000] {processor.py:925} INFO - DAG(s) 'spark_example' retrieved from /opt/airflow/dags/spark_example.py
[2025-01-13T20:25:13.402+0000] {logging_mixin.py:190} INFO - [2025-01-13T20:25:13.402+0000] {dag.py:3239} INFO - Sync 1 DAGs
[2025-01-13T20:25:13.417+0000] {logging_mixin.py:190} INFO - [2025-01-13T20:25:13.417+0000] {dag.py:4180} INFO - Setting next_dagrun for spark_example to None, run_after=None
[2025-01-13T20:25:13.433+0000] {processor.py:208} INFO - Processing /opt/airflow/dags/spark_example.py took 0.068 seconds
[2025-01-13T20:25:43.870+0000] {processor.py:186} INFO - Started process (PID=75) to work on /opt/airflow/dags/spark_example.py
[2025-01-13T20:25:43.870+0000] {processor.py:914} INFO - Processing file /opt/airflow/dags/spark_example.py for tasks to queue
[2025-01-13T20:25:43.872+0000] {logging_mixin.py:190} INFO - [2025-01-13T20:25:43.872+0000] {dagbag.py:588} INFO - Filling up the DagBag from /opt/airflow/dags/spark_example.py
[2025-01-13T20:25:43.877+0000] {processor.py:925} INFO - DAG(s) 'spark_example' retrieved from /opt/airflow/dags/spark_example.py
[2025-01-13T20:25:43.902+0000] {logging_mixin.py:190} INFO - [2025-01-13T20:25:43.902+0000] {dag.py:3239} INFO - Sync 1 DAGs
[2025-01-13T20:25:43.917+0000] {logging_mixin.py:190} INFO - [2025-01-13T20:25:43.917+0000] {dag.py:4180} INFO - Setting next_dagrun for spark_example to None, run_after=None
[2025-01-13T20:25:44.061+0000] {processor.py:208} INFO - Processing /opt/airflow/dags/spark_example.py took 0.196 seconds
[2025-01-13T20:26:14.373+0000] {processor.py:186} INFO - Started process (PID=84) to work on /opt/airflow/dags/spark_example.py
[2025-01-13T20:26:14.375+0000] {processor.py:914} INFO - Processing file /opt/airflow/dags/spark_example.py for tasks to queue
[2025-01-13T20:26:14.377+0000] {logging_mixin.py:190} INFO - [2025-01-13T20:26:14.376+0000] {dagbag.py:588} INFO - Filling up the DagBag from /opt/airflow/dags/spark_example.py
[2025-01-13T20:26:14.382+0000] {processor.py:925} INFO - DAG(s) 'spark_example' retrieved from /opt/airflow/dags/spark_example.py
[2025-01-13T20:26:14.406+0000] {logging_mixin.py:190} INFO - [2025-01-13T20:26:14.405+0000] {dag.py:3239} INFO - Sync 1 DAGs
[2025-01-13T20:26:14.541+0000] {logging_mixin.py:190} INFO - [2025-01-13T20:26:14.541+0000] {dag.py:4180} INFO - Setting next_dagrun for spark_example to None, run_after=None
[2025-01-13T20:26:14.555+0000] {processor.py:208} INFO - Processing /opt/airflow/dags/spark_example.py took 0.186 seconds
[2025-01-13T20:26:44.848+0000] {processor.py:186} INFO - Started process (PID=93) to work on /opt/airflow/dags/spark_example.py
[2025-01-13T20:26:44.849+0000] {processor.py:914} INFO - Processing file /opt/airflow/dags/spark_example.py for tasks to queue
[2025-01-13T20:26:44.850+0000] {logging_mixin.py:190} INFO - [2025-01-13T20:26:44.850+0000] {dagbag.py:588} INFO - Filling up the DagBag from /opt/airflow/dags/spark_example.py
[2025-01-13T20:26:44.855+0000] {processor.py:925} INFO - DAG(s) 'spark_example' retrieved from /opt/airflow/dags/spark_example.py
[2025-01-13T20:26:44.999+0000] {logging_mixin.py:190} INFO - [2025-01-13T20:26:44.999+0000] {dag.py:3239} INFO - Sync 1 DAGs
[2025-01-13T20:26:45.010+0000] {logging_mixin.py:190} INFO - [2025-01-13T20:26:45.010+0000] {dag.py:4180} INFO - Setting next_dagrun for spark_example to None, run_after=None
[2025-01-13T20:26:45.024+0000] {processor.py:208} INFO - Processing /opt/airflow/dags/spark_example.py took 0.180 seconds
[2025-01-13T20:27:15.317+0000] {processor.py:186} INFO - Started process (PID=102) to work on /opt/airflow/dags/spark_example.py
[2025-01-13T20:27:15.318+0000] {processor.py:914} INFO - Processing file /opt/airflow/dags/spark_example.py for tasks to queue
[2025-01-13T20:27:15.320+0000] {logging_mixin.py:190} INFO - [2025-01-13T20:27:15.319+0000] {dagbag.py:588} INFO - Filling up the DagBag from /opt/airflow/dags/spark_example.py
[2025-01-13T20:27:15.451+0000] {processor.py:925} INFO - DAG(s) 'spark_example' retrieved from /opt/airflow/dags/spark_example.py
[2025-01-13T20:27:15.472+0000] {logging_mixin.py:190} INFO - [2025-01-13T20:27:15.472+0000] {dag.py:3239} INFO - Sync 1 DAGs
[2025-01-13T20:27:15.486+0000] {logging_mixin.py:190} INFO - [2025-01-13T20:27:15.485+0000] {dag.py:4180} INFO - Setting next_dagrun for spark_example to None, run_after=None
[2025-01-13T20:27:15.500+0000] {processor.py:208} INFO - Processing /opt/airflow/dags/spark_example.py took 0.188 seconds
[2025-01-13T20:27:45.802+0000] {processor.py:186} INFO - Started process (PID=111) to work on /opt/airflow/dags/spark_example.py
[2025-01-13T20:27:45.802+0000] {processor.py:914} INFO - Processing file /opt/airflow/dags/spark_example.py for tasks to queue
[2025-01-13T20:27:45.804+0000] {logging_mixin.py:190} INFO - [2025-01-13T20:27:45.803+0000] {dagbag.py:588} INFO - Filling up the DagBag from /opt/airflow/dags/spark_example.py
[2025-01-13T20:27:45.809+0000] {processor.py:925} INFO - DAG(s) 'spark_example' retrieved from /opt/airflow/dags/spark_example.py
[2025-01-13T20:27:45.829+0000] {logging_mixin.py:190} INFO - [2025-01-13T20:27:45.829+0000] {dag.py:3239} INFO - Sync 1 DAGs
[2025-01-13T20:27:45.840+0000] {logging_mixin.py:190} INFO - [2025-01-13T20:27:45.840+0000] {dag.py:4180} INFO - Setting next_dagrun for spark_example to None, run_after=None
[2025-01-13T20:27:45.855+0000] {processor.py:208} INFO - Processing /opt/airflow/dags/spark_example.py took 0.058 seconds
[2025-01-13T20:28:16.166+0000] {processor.py:186} INFO - Started process (PID=120) to work on /opt/airflow/dags/spark_example.py
[2025-01-13T20:28:16.167+0000] {processor.py:914} INFO - Processing file /opt/airflow/dags/spark_example.py for tasks to queue
[2025-01-13T20:28:16.169+0000] {logging_mixin.py:190} INFO - [2025-01-13T20:28:16.169+0000] {dagbag.py:588} INFO - Filling up the DagBag from /opt/airflow/dags/spark_example.py
[2025-01-13T20:28:16.174+0000] {processor.py:925} INFO - DAG(s) 'spark_example' retrieved from /opt/airflow/dags/spark_example.py
[2025-01-13T20:28:16.198+0000] {logging_mixin.py:190} INFO - [2025-01-13T20:28:16.198+0000] {dag.py:3239} INFO - Sync 1 DAGs
[2025-01-13T20:28:16.214+0000] {logging_mixin.py:190} INFO - [2025-01-13T20:28:16.213+0000] {dag.py:4180} INFO - Setting next_dagrun for spark_example to None, run_after=None
[2025-01-13T20:28:16.230+0000] {processor.py:208} INFO - Processing /opt/airflow/dags/spark_example.py took 0.069 seconds
[2025-01-13T20:28:46.549+0000] {processor.py:186} INFO - Started process (PID=129) to work on /opt/airflow/dags/spark_example.py
[2025-01-13T20:28:46.549+0000] {processor.py:914} INFO - Processing file /opt/airflow/dags/spark_example.py for tasks to queue
[2025-01-13T20:28:46.551+0000] {logging_mixin.py:190} INFO - [2025-01-13T20:28:46.551+0000] {dagbag.py:588} INFO - Filling up the DagBag from /opt/airflow/dags/spark_example.py
[2025-01-13T20:28:46.558+0000] {processor.py:925} INFO - DAG(s) 'spark_example' retrieved from /opt/airflow/dags/spark_example.py
[2025-01-13T20:28:46.583+0000] {logging_mixin.py:190} INFO - [2025-01-13T20:28:46.583+0000] {dag.py:3239} INFO - Sync 1 DAGs
[2025-01-13T20:28:46.600+0000] {logging_mixin.py:190} INFO - [2025-01-13T20:28:46.600+0000] {dag.py:4180} INFO - Setting next_dagrun for spark_example to None, run_after=None
[2025-01-13T20:28:46.618+0000] {processor.py:208} INFO - Processing /opt/airflow/dags/spark_example.py took 0.076 seconds
[2025-01-13T20:29:17.008+0000] {processor.py:186} INFO - Started process (PID=138) to work on /opt/airflow/dags/spark_example.py
[2025-01-13T20:29:17.009+0000] {processor.py:914} INFO - Processing file /opt/airflow/dags/spark_example.py for tasks to queue
[2025-01-13T20:29:17.011+0000] {logging_mixin.py:190} INFO - [2025-01-13T20:29:17.011+0000] {dagbag.py:588} INFO - Filling up the DagBag from /opt/airflow/dags/spark_example.py
[2025-01-13T20:29:17.018+0000] {processor.py:925} INFO - DAG(s) 'spark_example' retrieved from /opt/airflow/dags/spark_example.py
[2025-01-13T20:29:17.044+0000] {logging_mixin.py:190} INFO - [2025-01-13T20:29:17.044+0000] {dag.py:3239} INFO - Sync 1 DAGs
[2025-01-13T20:29:17.061+0000] {logging_mixin.py:190} INFO - [2025-01-13T20:29:17.061+0000] {dag.py:4180} INFO - Setting next_dagrun for spark_example to None, run_after=None
[2025-01-13T20:29:17.079+0000] {processor.py:208} INFO - Processing /opt/airflow/dags/spark_example.py took 0.079 seconds
[2025-01-13T20:29:47.444+0000] {processor.py:186} INFO - Started process (PID=147) to work on /opt/airflow/dags/spark_example.py
[2025-01-13T20:29:47.444+0000] {processor.py:914} INFO - Processing file /opt/airflow/dags/spark_example.py for tasks to queue
[2025-01-13T20:29:47.446+0000] {logging_mixin.py:190} INFO - [2025-01-13T20:29:47.445+0000] {dagbag.py:588} INFO - Filling up the DagBag from /opt/airflow/dags/spark_example.py
[2025-01-13T20:29:47.451+0000] {processor.py:925} INFO - DAG(s) 'spark_example' retrieved from /opt/airflow/dags/spark_example.py
[2025-01-13T20:29:47.471+0000] {logging_mixin.py:190} INFO - [2025-01-13T20:29:47.471+0000] {dag.py:3239} INFO - Sync 1 DAGs
[2025-01-13T20:29:47.486+0000] {logging_mixin.py:190} INFO - [2025-01-13T20:29:47.486+0000] {dag.py:4180} INFO - Setting next_dagrun for spark_example to None, run_after=None
[2025-01-13T20:29:47.505+0000] {processor.py:208} INFO - Processing /opt/airflow/dags/spark_example.py took 0.066 seconds
[2025-01-13T20:30:17.810+0000] {processor.py:186} INFO - Started process (PID=156) to work on /opt/airflow/dags/spark_example.py
[2025-01-13T20:30:17.811+0000] {processor.py:914} INFO - Processing file /opt/airflow/dags/spark_example.py for tasks to queue
[2025-01-13T20:30:17.813+0000] {logging_mixin.py:190} INFO - [2025-01-13T20:30:17.813+0000] {dagbag.py:588} INFO - Filling up the DagBag from /opt/airflow/dags/spark_example.py
[2025-01-13T20:30:17.818+0000] {processor.py:925} INFO - DAG(s) 'spark_example' retrieved from /opt/airflow/dags/spark_example.py
[2025-01-13T20:30:17.838+0000] {logging_mixin.py:190} INFO - [2025-01-13T20:30:17.838+0000] {dag.py:3239} INFO - Sync 1 DAGs
[2025-01-13T20:30:17.850+0000] {logging_mixin.py:190} INFO - [2025-01-13T20:30:17.849+0000] {dag.py:4180} INFO - Setting next_dagrun for spark_example to None, run_after=None
[2025-01-13T20:30:17.864+0000] {processor.py:208} INFO - Processing /opt/airflow/dags/spark_example.py took 0.059 seconds
[2025-01-13T20:30:48.167+0000] {processor.py:186} INFO - Started process (PID=165) to work on /opt/airflow/dags/spark_example.py
[2025-01-13T20:30:48.168+0000] {processor.py:914} INFO - Processing file /opt/airflow/dags/spark_example.py for tasks to queue
[2025-01-13T20:30:48.169+0000] {logging_mixin.py:190} INFO - [2025-01-13T20:30:48.169+0000] {dagbag.py:588} INFO - Filling up the DagBag from /opt/airflow/dags/spark_example.py
[2025-01-13T20:30:48.175+0000] {processor.py:925} INFO - DAG(s) 'spark_example' retrieved from /opt/airflow/dags/spark_example.py
[2025-01-13T20:30:48.199+0000] {logging_mixin.py:190} INFO - [2025-01-13T20:30:48.199+0000] {dag.py:3239} INFO - Sync 1 DAGs
[2025-01-13T20:30:48.211+0000] {logging_mixin.py:190} INFO - [2025-01-13T20:30:48.210+0000] {dag.py:4180} INFO - Setting next_dagrun for spark_example to None, run_after=None
[2025-01-13T20:30:48.225+0000] {processor.py:208} INFO - Processing /opt/airflow/dags/spark_example.py took 0.063 seconds
[2025-01-13T20:31:18.529+0000] {processor.py:186} INFO - Started process (PID=174) to work on /opt/airflow/dags/spark_example.py
[2025-01-13T20:31:18.531+0000] {processor.py:914} INFO - Processing file /opt/airflow/dags/spark_example.py for tasks to queue
[2025-01-13T20:31:18.533+0000] {logging_mixin.py:190} INFO - [2025-01-13T20:31:18.533+0000] {dagbag.py:588} INFO - Filling up the DagBag from /opt/airflow/dags/spark_example.py
[2025-01-13T20:31:18.538+0000] {processor.py:925} INFO - DAG(s) 'spark_example' retrieved from /opt/airflow/dags/spark_example.py
[2025-01-13T20:31:18.562+0000] {logging_mixin.py:190} INFO - [2025-01-13T20:31:18.562+0000] {dag.py:3239} INFO - Sync 1 DAGs
[2025-01-13T20:31:18.579+0000] {logging_mixin.py:190} INFO - [2025-01-13T20:31:18.579+0000] {dag.py:4180} INFO - Setting next_dagrun for spark_example to None, run_after=None
[2025-01-13T20:31:18.596+0000] {processor.py:208} INFO - Processing /opt/airflow/dags/spark_example.py took 0.072 seconds
[2025-01-13T20:31:48.910+0000] {processor.py:186} INFO - Started process (PID=183) to work on /opt/airflow/dags/spark_example.py
[2025-01-13T20:31:48.910+0000] {processor.py:914} INFO - Processing file /opt/airflow/dags/spark_example.py for tasks to queue
[2025-01-13T20:31:48.912+0000] {logging_mixin.py:190} INFO - [2025-01-13T20:31:48.911+0000] {dagbag.py:588} INFO - Filling up the DagBag from /opt/airflow/dags/spark_example.py
[2025-01-13T20:31:48.917+0000] {processor.py:925} INFO - DAG(s) 'spark_example' retrieved from /opt/airflow/dags/spark_example.py
[2025-01-13T20:31:48.940+0000] {logging_mixin.py:190} INFO - [2025-01-13T20:31:48.940+0000] {dag.py:3239} INFO - Sync 1 DAGs
[2025-01-13T20:31:48.952+0000] {logging_mixin.py:190} INFO - [2025-01-13T20:31:48.952+0000] {dag.py:4180} INFO - Setting next_dagrun for spark_example to None, run_after=None
[2025-01-13T20:31:48.966+0000] {processor.py:208} INFO - Processing /opt/airflow/dags/spark_example.py took 0.062 seconds
[2025-01-13T20:32:19.272+0000] {processor.py:186} INFO - Started process (PID=192) to work on /opt/airflow/dags/spark_example.py
[2025-01-13T20:32:19.274+0000] {processor.py:914} INFO - Processing file /opt/airflow/dags/spark_example.py for tasks to queue
[2025-01-13T20:32:19.275+0000] {logging_mixin.py:190} INFO - [2025-01-13T20:32:19.275+0000] {dagbag.py:588} INFO - Filling up the DagBag from /opt/airflow/dags/spark_example.py
[2025-01-13T20:32:19.281+0000] {processor.py:925} INFO - DAG(s) 'spark_example' retrieved from /opt/airflow/dags/spark_example.py
[2025-01-13T20:32:19.305+0000] {logging_mixin.py:190} INFO - [2025-01-13T20:32:19.304+0000] {dag.py:3239} INFO - Sync 1 DAGs
[2025-01-13T20:32:19.317+0000] {logging_mixin.py:190} INFO - [2025-01-13T20:32:19.317+0000] {dag.py:4180} INFO - Setting next_dagrun for spark_example to None, run_after=None
[2025-01-13T20:32:19.332+0000] {processor.py:208} INFO - Processing /opt/airflow/dags/spark_example.py took 0.065 seconds
[2025-01-13T20:32:49.633+0000] {processor.py:186} INFO - Started process (PID=201) to work on /opt/airflow/dags/spark_example.py
[2025-01-13T20:32:49.635+0000] {processor.py:914} INFO - Processing file /opt/airflow/dags/spark_example.py for tasks to queue
[2025-01-13T20:32:49.637+0000] {logging_mixin.py:190} INFO - [2025-01-13T20:32:49.637+0000] {dagbag.py:588} INFO - Filling up the DagBag from /opt/airflow/dags/spark_example.py
[2025-01-13T20:32:49.642+0000] {processor.py:925} INFO - DAG(s) 'spark_example' retrieved from /opt/airflow/dags/spark_example.py
[2025-01-13T20:32:49.667+0000] {logging_mixin.py:190} INFO - [2025-01-13T20:32:49.666+0000] {dag.py:3239} INFO - Sync 1 DAGs
[2025-01-13T20:32:49.684+0000] {logging_mixin.py:190} INFO - [2025-01-13T20:32:49.684+0000] {dag.py:4180} INFO - Setting next_dagrun for spark_example to None, run_after=None
[2025-01-13T20:32:49.705+0000] {processor.py:208} INFO - Processing /opt/airflow/dags/spark_example.py took 0.077 seconds
[2025-01-13T20:33:20.063+0000] {processor.py:186} INFO - Started process (PID=217) to work on /opt/airflow/dags/spark_example.py
[2025-01-13T20:33:20.064+0000] {processor.py:914} INFO - Processing file /opt/airflow/dags/spark_example.py for tasks to queue
[2025-01-13T20:33:20.065+0000] {logging_mixin.py:190} INFO - [2025-01-13T20:33:20.065+0000] {dagbag.py:588} INFO - Filling up the DagBag from /opt/airflow/dags/spark_example.py
[2025-01-13T20:33:20.071+0000] {processor.py:925} INFO - DAG(s) 'spark_example' retrieved from /opt/airflow/dags/spark_example.py
[2025-01-13T20:33:20.092+0000] {logging_mixin.py:190} INFO - [2025-01-13T20:33:20.091+0000] {dag.py:3239} INFO - Sync 1 DAGs
[2025-01-13T20:33:20.103+0000] {logging_mixin.py:190} INFO - [2025-01-13T20:33:20.103+0000] {dag.py:4180} INFO - Setting next_dagrun for spark_example to None, run_after=None
[2025-01-13T20:33:20.118+0000] {processor.py:208} INFO - Processing /opt/airflow/dags/spark_example.py took 0.059 seconds
[2025-01-13T20:33:50.414+0000] {processor.py:186} INFO - Started process (PID=226) to work on /opt/airflow/dags/spark_example.py
[2025-01-13T20:33:50.415+0000] {processor.py:914} INFO - Processing file /opt/airflow/dags/spark_example.py for tasks to queue
[2025-01-13T20:33:50.417+0000] {logging_mixin.py:190} INFO - [2025-01-13T20:33:50.417+0000] {dagbag.py:588} INFO - Filling up the DagBag from /opt/airflow/dags/spark_example.py
[2025-01-13T20:33:50.423+0000] {processor.py:925} INFO - DAG(s) 'spark_example' retrieved from /opt/airflow/dags/spark_example.py
[2025-01-13T20:33:50.443+0000] {logging_mixin.py:190} INFO - [2025-01-13T20:33:50.443+0000] {dag.py:3239} INFO - Sync 1 DAGs
[2025-01-13T20:33:50.456+0000] {logging_mixin.py:190} INFO - [2025-01-13T20:33:50.456+0000] {dag.py:4180} INFO - Setting next_dagrun for spark_example to None, run_after=None
[2025-01-13T20:33:50.471+0000] {processor.py:208} INFO - Processing /opt/airflow/dags/spark_example.py took 0.061 seconds
[2025-01-13T20:34:20.767+0000] {processor.py:186} INFO - Started process (PID=235) to work on /opt/airflow/dags/spark_example.py
[2025-01-13T20:34:20.768+0000] {processor.py:914} INFO - Processing file /opt/airflow/dags/spark_example.py for tasks to queue
[2025-01-13T20:34:20.769+0000] {logging_mixin.py:190} INFO - [2025-01-13T20:34:20.769+0000] {dagbag.py:588} INFO - Filling up the DagBag from /opt/airflow/dags/spark_example.py
[2025-01-13T20:34:20.775+0000] {processor.py:925} INFO - DAG(s) 'spark_example' retrieved from /opt/airflow/dags/spark_example.py
[2025-01-13T20:34:20.796+0000] {logging_mixin.py:190} INFO - [2025-01-13T20:34:20.796+0000] {dag.py:3239} INFO - Sync 1 DAGs
[2025-01-13T20:34:20.808+0000] {logging_mixin.py:190} INFO - [2025-01-13T20:34:20.808+0000] {dag.py:4180} INFO - Setting next_dagrun for spark_example to None, run_after=None
[2025-01-13T20:34:20.823+0000] {processor.py:208} INFO - Processing /opt/airflow/dags/spark_example.py took 0.061 seconds
[2025-01-13T20:34:51.143+0000] {processor.py:186} INFO - Started process (PID=245) to work on /opt/airflow/dags/spark_example.py
[2025-01-13T20:34:51.145+0000] {processor.py:914} INFO - Processing file /opt/airflow/dags/spark_example.py for tasks to queue
[2025-01-13T20:34:51.148+0000] {logging_mixin.py:190} INFO - [2025-01-13T20:34:51.146+0000] {dagbag.py:588} INFO - Filling up the DagBag from /opt/airflow/dags/spark_example.py
[2025-01-13T20:34:51.157+0000] {processor.py:925} INFO - DAG(s) 'spark_example' retrieved from /opt/airflow/dags/spark_example.py
[2025-01-13T20:34:51.181+0000] {logging_mixin.py:190} INFO - [2025-01-13T20:34:51.181+0000] {dag.py:3239} INFO - Sync 1 DAGs
[2025-01-13T20:34:51.196+0000] {logging_mixin.py:190} INFO - [2025-01-13T20:34:51.196+0000] {dag.py:4180} INFO - Setting next_dagrun for spark_example to None, run_after=None
[2025-01-13T20:34:51.214+0000] {processor.py:208} INFO - Processing /opt/airflow/dags/spark_example.py took 0.077 seconds
[2025-01-13T20:35:21.631+0000] {processor.py:186} INFO - Started process (PID=254) to work on /opt/airflow/dags/spark_example.py
[2025-01-13T20:35:21.631+0000] {processor.py:914} INFO - Processing file /opt/airflow/dags/spark_example.py for tasks to queue
[2025-01-13T20:35:21.634+0000] {logging_mixin.py:190} INFO - [2025-01-13T20:35:21.633+0000] {dagbag.py:588} INFO - Filling up the DagBag from /opt/airflow/dags/spark_example.py
[2025-01-13T20:35:21.639+0000] {processor.py:925} INFO - DAG(s) 'spark_example' retrieved from /opt/airflow/dags/spark_example.py
[2025-01-13T20:35:21.659+0000] {logging_mixin.py:190} INFO - [2025-01-13T20:35:21.659+0000] {dag.py:3239} INFO - Sync 1 DAGs
[2025-01-13T20:35:21.671+0000] {logging_mixin.py:190} INFO - [2025-01-13T20:35:21.670+0000] {dag.py:4180} INFO - Setting next_dagrun for spark_example to None, run_after=None
[2025-01-13T20:35:21.685+0000] {processor.py:208} INFO - Processing /opt/airflow/dags/spark_example.py took 0.059 seconds
