[2024-12-28T19:26:05.688+0000] {local_task_job_runner.py:123} INFO - ::group::Pre task execution logs
[2024-12-28T19:26:05.701+0000] {taskinstance.py:2613} INFO - Dependencies all met for dep_context=non-requeueable deps ti=<TaskInstance: spark_clickhouse_example.ch_list_count_rows_start_of_month manual__2024-12-28T19:25:49.153882+00:00 [queued]>
[2024-12-28T19:26:05.708+0000] {taskinstance.py:2613} INFO - Dependencies all met for dep_context=requeueable deps ti=<TaskInstance: spark_clickhouse_example.ch_list_count_rows_start_of_month manual__2024-12-28T19:25:49.153882+00:00 [queued]>
[2024-12-28T19:26:05.708+0000] {taskinstance.py:2866} INFO - Starting attempt 1 of 1
[2024-12-28T19:26:05.718+0000] {taskinstance.py:2889} INFO - Executing <Task(ClickHouseOperatorExtended): ch_list_count_rows_start_of_month> on 2024-12-28 19:25:49.153882+00:00
[2024-12-28T19:26:05.725+0000] {warnings.py:112} WARNING - /home/***/.local/lib/python3.12/site-packages/***/task/task_runner/standard_task_runner.py:70: DeprecationWarning: This process (pid=1773) is multi-threaded, use of fork() may lead to deadlocks in the child.
  pid = os.fork()

[2024-12-28T19:26:05.726+0000] {standard_task_runner.py:72} INFO - Started process 1774 to run task
[2024-12-28T19:26:05.727+0000] {standard_task_runner.py:104} INFO - Running: ['***', 'tasks', 'run', 'spark_clickhouse_example', 'ch_list_count_rows_start_of_month', 'manual__2024-12-28T19:25:49.153882+00:00', '--job-id', '13', '--raw', '--subdir', 'DAGS_FOLDER/test_spark_clickhouse.py', '--cfg-path', '/tmp/tmpi2b11lo1']
[2024-12-28T19:26:05.728+0000] {standard_task_runner.py:105} INFO - Job 13: Subtask ch_list_count_rows_start_of_month
[2024-12-28T19:26:05.759+0000] {task_command.py:467} INFO - Running <TaskInstance: spark_clickhouse_example.ch_list_count_rows_start_of_month manual__2024-12-28T19:25:49.153882+00:00 [running]> on host 471d7521a401
[2024-12-28T19:26:05.813+0000] {taskinstance.py:3132} INFO - Exporting env vars: AIRFLOW_CTX_DAG_OWNER='TKO' AIRFLOW_CTX_DAG_ID='spark_clickhouse_example' AIRFLOW_CTX_TASK_ID='ch_list_count_rows_start_of_month' AIRFLOW_CTX_EXECUTION_DATE='2024-12-28T19:25:49.153882+00:00' AIRFLOW_CTX_TRY_NUMBER='1' AIRFLOW_CTX_DAG_RUN_ID='manual__2024-12-28T19:25:49.153882+00:00'
[2024-12-28T19:26:05.814+0000] {taskinstance.py:731} INFO - ::endgroup::
[2024-12-28T19:26:05.820+0000] {base.py:84} INFO - Retrieving connection 'clickhouse'
[2024-12-28T19:26:05.821+0000] {clickhouse.py:79} INFO - SELECT now() as version
[2024-12-28T19:26:06.190+0000] {taskinstance.py:340} INFO - ::group::Post task execution logs
[2024-12-28T19:26:06.191+0000] {taskinstance.py:352} INFO - Marking task as SUCCESS. dag_id=spark_clickhouse_example, task_id=ch_list_count_rows_start_of_month, run_id=manual__2024-12-28T19:25:49.153882+00:00, execution_date=20241228T192549, start_date=20241228T192605, end_date=20241228T192606
[2024-12-28T19:26:06.220+0000] {local_task_job_runner.py:266} INFO - Task exited with return code 0
[2024-12-28T19:26:06.232+0000] {taskinstance.py:3895} INFO - 0 downstream tasks scheduled from follow-on schedule check
[2024-12-28T19:26:06.233+0000] {local_task_job_runner.py:245} INFO - ::endgroup::
