[2024-12-14T20:26:08.016+0000] {local_task_job_runner.py:123} INFO - ::group::Pre task execution logs
[2024-12-14T20:26:08.029+0000] {taskinstance.py:2613} INFO - Dependencies all met for dep_context=non-requeueable deps ti=<TaskInstance: spark_example.spark_submit_job manual__2024-12-14T20:25:08.594387+00:00 [queued]>
[2024-12-14T20:26:08.035+0000] {taskinstance.py:2613} INFO - Dependencies all met for dep_context=requeueable deps ti=<TaskInstance: spark_example.spark_submit_job manual__2024-12-14T20:25:08.594387+00:00 [queued]>
[2024-12-14T20:26:08.036+0000] {taskinstance.py:2866} INFO - Starting attempt 2 of 2
[2024-12-14T20:26:08.046+0000] {taskinstance.py:2889} INFO - Executing <Task(SparkSubmitOperator): spark_submit_job> on 2024-12-14 20:25:08.594387+00:00
[2024-12-14T20:26:08.053+0000] {warnings.py:112} WARNING - /home/***/.local/lib/python3.12/site-packages/***/task/task_runner/standard_task_runner.py:70: DeprecationWarning: This process (pid=939) is multi-threaded, use of fork() may lead to deadlocks in the child.
  pid = os.fork()

[2024-12-14T20:26:08.054+0000] {standard_task_runner.py:72} INFO - Started process 940 to run task
[2024-12-14T20:26:08.055+0000] {standard_task_runner.py:104} INFO - Running: ['***', 'tasks', 'run', 'spark_example', 'spark_submit_job', 'manual__2024-12-14T20:25:08.594387+00:00', '--job-id', '112', '--raw', '--subdir', 'DAGS_FOLDER/spark_example.py', '--cfg-path', '/tmp/tmpbowibqvh']
[2024-12-14T20:26:08.055+0000] {standard_task_runner.py:105} INFO - Job 112: Subtask spark_submit_job
[2024-12-14T20:26:08.087+0000] {task_command.py:467} INFO - Running <TaskInstance: spark_example.spark_submit_job manual__2024-12-14T20:25:08.594387+00:00 [running]> on host 8c88515bb343
[2024-12-14T20:26:08.153+0000] {taskinstance.py:3132} INFO - Exporting env vars: AIRFLOW_CTX_DAG_OWNER='Smalch' AIRFLOW_CTX_DAG_ID='spark_example' AIRFLOW_CTX_TASK_ID='spark_submit_job' AIRFLOW_CTX_EXECUTION_DATE='2024-12-14T20:25:08.594387+00:00' AIRFLOW_CTX_TRY_NUMBER='2' AIRFLOW_CTX_DAG_RUN_ID='manual__2024-12-14T20:25:08.594387+00:00'
[2024-12-14T20:26:08.154+0000] {taskinstance.py:731} INFO - ::endgroup::
[2024-12-14T20:26:08.162+0000] {base.py:84} INFO - Retrieving connection 'spark'
[2024-12-14T20:26:08.163+0000] {spark_submit.py:473} INFO - Spark-Submit cmd: spark-submit --master spark://spark-master:7077 --num-executors 1 --total-executor-cores 1 --executor-cores 1 --executor-memory 12g --driver-memory 12g --name arrow-spark --verbose --deploy-mode client dags/spark_app/spark_1.py
[2024-12-14T20:26:09.482+0000] {spark_submit.py:634} INFO - Using properties file: null
[2024-12-14T20:26:09.606+0000] {spark_submit.py:634} INFO - Parsed arguments:
[2024-12-14T20:26:09.606+0000] {spark_submit.py:634} INFO - master                  spark://spark-master:7077
[2024-12-14T20:26:09.606+0000] {spark_submit.py:634} INFO - remote                  null
[2024-12-14T20:26:09.607+0000] {spark_submit.py:634} INFO - deployMode              client
[2024-12-14T20:26:09.607+0000] {spark_submit.py:634} INFO - executorMemory          12g
[2024-12-14T20:26:09.607+0000] {spark_submit.py:634} INFO - executorCores           1
[2024-12-14T20:26:09.607+0000] {spark_submit.py:634} INFO - totalExecutorCores      1
[2024-12-14T20:26:09.607+0000] {spark_submit.py:634} INFO - propertiesFile          null
[2024-12-14T20:26:09.608+0000] {spark_submit.py:634} INFO - driverMemory            12g
[2024-12-14T20:26:09.608+0000] {spark_submit.py:634} INFO - driverCores             null
[2024-12-14T20:26:09.608+0000] {spark_submit.py:634} INFO - driverExtraClassPath    null
[2024-12-14T20:26:09.608+0000] {spark_submit.py:634} INFO - driverExtraLibraryPath  null
[2024-12-14T20:26:09.608+0000] {spark_submit.py:634} INFO - driverExtraJavaOptions  null
[2024-12-14T20:26:09.609+0000] {spark_submit.py:634} INFO - supervise               false
[2024-12-14T20:26:09.609+0000] {spark_submit.py:634} INFO - queue                   null
[2024-12-14T20:26:09.609+0000] {spark_submit.py:634} INFO - numExecutors            1
[2024-12-14T20:26:09.609+0000] {spark_submit.py:634} INFO - files                   null
[2024-12-14T20:26:09.609+0000] {spark_submit.py:634} INFO - pyFiles                 null
[2024-12-14T20:26:09.609+0000] {spark_submit.py:634} INFO - archives                null
[2024-12-14T20:26:09.610+0000] {spark_submit.py:634} INFO - mainClass               null
[2024-12-14T20:26:09.610+0000] {spark_submit.py:634} INFO - primaryResource         file:/opt/***/dags/spark_app/spark_1.py
[2024-12-14T20:26:09.610+0000] {spark_submit.py:634} INFO - name                    arrow-spark
[2024-12-14T20:26:09.610+0000] {spark_submit.py:634} INFO - childArgs               []
[2024-12-14T20:26:09.610+0000] {spark_submit.py:634} INFO - jars                    null
[2024-12-14T20:26:09.611+0000] {spark_submit.py:634} INFO - packages                null
[2024-12-14T20:26:09.611+0000] {spark_submit.py:634} INFO - packagesExclusions      null
[2024-12-14T20:26:09.611+0000] {spark_submit.py:634} INFO - repositories            null
[2024-12-14T20:26:09.611+0000] {spark_submit.py:634} INFO - verbose                 true
[2024-12-14T20:26:09.611+0000] {spark_submit.py:634} INFO - 
[2024-12-14T20:26:09.611+0000] {spark_submit.py:634} INFO - Spark properties used, including those specified through
[2024-12-14T20:26:09.612+0000] {spark_submit.py:634} INFO - --conf and those from the properties file null:
[2024-12-14T20:26:09.612+0000] {spark_submit.py:634} INFO - (spark.driver.memory,12g)
[2024-12-14T20:26:09.612+0000] {spark_submit.py:634} INFO - 
[2024-12-14T20:26:09.612+0000] {spark_submit.py:634} INFO - 
[2024-12-14T20:26:09.866+0000] {spark_submit.py:634} INFO - Main class:
[2024-12-14T20:26:09.867+0000] {spark_submit.py:634} INFO - org.apache.spark.deploy.PythonRunner
[2024-12-14T20:26:09.867+0000] {spark_submit.py:634} INFO - Arguments:
[2024-12-14T20:26:09.867+0000] {spark_submit.py:634} INFO - file:/opt/***/dags/spark_app/spark_1.py
[2024-12-14T20:26:09.867+0000] {spark_submit.py:634} INFO - null
[2024-12-14T20:26:09.869+0000] {spark_submit.py:634} INFO - Spark config:
[2024-12-14T20:26:09.870+0000] {spark_submit.py:634} INFO - (spark.app.name,arrow-spark)
[2024-12-14T20:26:09.870+0000] {spark_submit.py:634} INFO - (spark.app.submitTime,1734207969850)
[2024-12-14T20:26:09.870+0000] {spark_submit.py:634} INFO - (spark.cores.max,1)
[2024-12-14T20:26:09.870+0000] {spark_submit.py:634} INFO - (spark.driver.memory,12g)
[2024-12-14T20:26:09.871+0000] {spark_submit.py:634} INFO - (spark.executor.cores,1)
[2024-12-14T20:26:09.871+0000] {spark_submit.py:634} INFO - (spark.executor.memory,12g)
[2024-12-14T20:26:09.871+0000] {spark_submit.py:634} INFO - (spark.master,spark://spark-master:7077)
[2024-12-14T20:26:09.871+0000] {spark_submit.py:634} INFO - (spark.submit.deployMode,client)
[2024-12-14T20:26:09.871+0000] {spark_submit.py:634} INFO - (spark.submit.pyFiles,)
[2024-12-14T20:26:09.872+0000] {spark_submit.py:634} INFO - Classpath elements:
[2024-12-14T20:26:09.872+0000] {spark_submit.py:634} INFO - 
[2024-12-14T20:26:09.872+0000] {spark_submit.py:634} INFO - 
[2024-12-14T20:26:09.872+0000] {spark_submit.py:634} INFO - 
[2024-12-14T20:26:10.997+0000] {spark_submit.py:634} INFO - 24/12/14 20:26:10 INFO SparkContext: Running Spark version 3.5.3
[2024-12-14T20:26:10.999+0000] {spark_submit.py:634} INFO - 24/12/14 20:26:10 INFO SparkContext: OS info Linux, 5.10.0-33-cloud-amd64, amd64
[2024-12-14T20:26:10.999+0000] {spark_submit.py:634} INFO - 24/12/14 20:26:10 INFO SparkContext: Java version 17.0.13
[2024-12-14T20:26:11.060+0000] {spark_submit.py:634} INFO - 24/12/14 20:26:11 WARN NativeCodeLoader: Unable to load native-hadoop library for your platform... using builtin-java classes where applicable
[2024-12-14T20:26:11.204+0000] {spark_submit.py:634} INFO - 24/12/14 20:26:11 INFO ResourceUtils: ==============================================================
[2024-12-14T20:26:11.205+0000] {spark_submit.py:634} INFO - 24/12/14 20:26:11 INFO ResourceUtils: No custom resources configured for spark.driver.
[2024-12-14T20:26:11.205+0000] {spark_submit.py:634} INFO - 24/12/14 20:26:11 INFO ResourceUtils: ==============================================================
[2024-12-14T20:26:11.206+0000] {spark_submit.py:634} INFO - 24/12/14 20:26:11 INFO SparkContext: Submitted application: ExampleJob111
[2024-12-14T20:26:11.227+0000] {spark_submit.py:634} INFO - 24/12/14 20:26:11 INFO ResourceProfile: Default ResourceProfile created, executor resources: Map(cores -> name: cores, amount: 1, script: , vendor: , memory -> name: memory, amount: 12288, script: , vendor: , offHeap -> name: offHeap, amount: 0, script: , vendor: ), task resources: Map(cpus -> name: cpus, amount: 1.0)
[2024-12-14T20:26:11.238+0000] {spark_submit.py:634} INFO - 24/12/14 20:26:11 INFO ResourceProfile: Limiting resource is cpus at 1 tasks per executor
[2024-12-14T20:26:11.241+0000] {spark_submit.py:634} INFO - 24/12/14 20:26:11 INFO ResourceProfileManager: Added ResourceProfile id: 0
[2024-12-14T20:26:11.294+0000] {spark_submit.py:634} INFO - 24/12/14 20:26:11 INFO SecurityManager: Changing view acls to: default
[2024-12-14T20:26:11.295+0000] {spark_submit.py:634} INFO - 24/12/14 20:26:11 INFO SecurityManager: Changing modify acls to: default
[2024-12-14T20:26:11.295+0000] {spark_submit.py:634} INFO - 24/12/14 20:26:11 INFO SecurityManager: Changing view acls groups to:
[2024-12-14T20:26:11.296+0000] {spark_submit.py:634} INFO - 24/12/14 20:26:11 INFO SecurityManager: Changing modify acls groups to:
[2024-12-14T20:26:11.296+0000] {spark_submit.py:634} INFO - 24/12/14 20:26:11 INFO SecurityManager: SecurityManager: authentication disabled; ui acls disabled; users with view permissions: default; groups with view permissions: EMPTY; users with modify permissions: default; groups with modify permissions: EMPTY
[2024-12-14T20:26:11.496+0000] {spark_submit.py:634} INFO - 24/12/14 20:26:11 INFO Utils: Successfully started service 'sparkDriver' on port 44171.
[2024-12-14T20:26:11.526+0000] {spark_submit.py:634} INFO - 24/12/14 20:26:11 INFO SparkEnv: Registering MapOutputTracker
[2024-12-14T20:26:11.559+0000] {spark_submit.py:634} INFO - 24/12/14 20:26:11 INFO SparkEnv: Registering BlockManagerMaster
[2024-12-14T20:26:11.576+0000] {spark_submit.py:634} INFO - 24/12/14 20:26:11 INFO BlockManagerMasterEndpoint: Using org.apache.spark.storage.DefaultTopologyMapper for getting topology information
[2024-12-14T20:26:11.576+0000] {spark_submit.py:634} INFO - 24/12/14 20:26:11 INFO BlockManagerMasterEndpoint: BlockManagerMasterEndpoint up
[2024-12-14T20:26:11.580+0000] {spark_submit.py:634} INFO - 24/12/14 20:26:11 INFO SparkEnv: Registering BlockManagerMasterHeartbeat
[2024-12-14T20:26:11.598+0000] {spark_submit.py:634} INFO - 24/12/14 20:26:11 INFO DiskBlockManager: Created local directory at /tmp/blockmgr-b364ef9d-f167-482b-9ecc-7e1b2558b7f4
[2024-12-14T20:26:11.612+0000] {spark_submit.py:634} INFO - 24/12/14 20:26:11 INFO MemoryStore: MemoryStore started with capacity 7.0 GiB
[2024-12-14T20:26:11.626+0000] {spark_submit.py:634} INFO - 24/12/14 20:26:11 INFO SparkEnv: Registering OutputCommitCoordinator
[2024-12-14T20:26:11.732+0000] {spark_submit.py:634} INFO - 24/12/14 20:26:11 INFO JettyUtils: Start Jetty 0.0.0.0:4040 for SparkUI
[2024-12-14T20:26:11.778+0000] {spark_submit.py:634} INFO - 24/12/14 20:26:11 INFO Utils: Successfully started service 'SparkUI' on port 4040.
[2024-12-14T20:26:11.908+0000] {spark_submit.py:634} INFO - 24/12/14 20:26:11 INFO StandaloneAppClient$ClientEndpoint: Connecting to master spark://spark-master:7077...
[2024-12-14T20:26:11.950+0000] {spark_submit.py:634} INFO - 24/12/14 20:26:11 INFO TransportClientFactory: Successfully created connection to spark-master/172.19.0.2:7077 after 24 ms (0 ms spent in bootstraps)
[2024-12-14T20:26:12.030+0000] {spark_submit.py:634} INFO - 24/12/14 20:26:12 INFO StandaloneSchedulerBackend: Connected to Spark cluster with app ID app-20241214202612-0002
[2024-12-14T20:26:12.031+0000] {spark_submit.py:634} INFO - 24/12/14 20:26:12 INFO StandaloneAppClient$ClientEndpoint: Executor added: app-20241214202612-0002/0 on worker-20241214200051-172.19.0.5-36131 (172.19.0.5:36131) with 1 core(s)
[2024-12-14T20:26:12.039+0000] {spark_submit.py:634} INFO - 24/12/14 20:26:12 INFO StandaloneSchedulerBackend: Granted executor ID app-20241214202612-0002/0 on hostPort 172.19.0.5:36131 with 1 core(s), 12.0 GiB RAM
[2024-12-14T20:26:12.049+0000] {spark_submit.py:634} INFO - 24/12/14 20:26:12 INFO Utils: Successfully started service 'org.apache.spark.network.netty.NettyBlockTransferService' on port 35605.
[2024-12-14T20:26:12.050+0000] {spark_submit.py:634} INFO - 24/12/14 20:26:12 INFO NettyBlockTransferService: Server created on 8c88515bb343:35605
[2024-12-14T20:26:12.050+0000] {spark_submit.py:634} INFO - 24/12/14 20:26:12 INFO BlockManager: Using org.apache.spark.storage.RandomBlockReplicationPolicy for block replication policy
[2024-12-14T20:26:12.058+0000] {spark_submit.py:634} INFO - 24/12/14 20:26:12 INFO BlockManagerMaster: Registering BlockManager BlockManagerId(driver, 8c88515bb343, 35605, None)
[2024-12-14T20:26:12.064+0000] {spark_submit.py:634} INFO - 24/12/14 20:26:12 INFO BlockManagerMasterEndpoint: Registering block manager 8c88515bb343:35605 with 7.0 GiB RAM, BlockManagerId(driver, 8c88515bb343, 35605, None)
[2024-12-14T20:26:12.067+0000] {spark_submit.py:634} INFO - 24/12/14 20:26:12 INFO BlockManagerMaster: Registered BlockManager BlockManagerId(driver, 8c88515bb343, 35605, None)
[2024-12-14T20:26:12.069+0000] {spark_submit.py:634} INFO - 24/12/14 20:26:12 INFO BlockManager: Initialized BlockManager: BlockManagerId(driver, 8c88515bb343, 35605, None)
[2024-12-14T20:26:12.078+0000] {spark_submit.py:634} INFO - 24/12/14 20:26:12 INFO StandaloneAppClient$ClientEndpoint: Executor updated: app-20241214202612-0002/0 is now RUNNING
[2024-12-14T20:26:12.356+0000] {spark_submit.py:634} INFO - 24/12/14 20:26:12 INFO StandaloneSchedulerBackend: SchedulerBackend is ready for scheduling beginning after reached minRegisteredResourcesRatio: 0.0
[2024-12-14T20:26:13.133+0000] {spark_submit.py:634} INFO - 24/12/14 20:26:13 INFO SharedState: Setting hive.metastore.warehouse.dir ('null') to the value of spark.sql.warehouse.dir.
[2024-12-14T20:26:13.150+0000] {spark_submit.py:634} INFO - 24/12/14 20:26:13 INFO SharedState: Warehouse path is 'file:/opt/***/spark-warehouse'.
[2024-12-14T20:26:15.425+0000] {spark_submit.py:634} INFO - 24/12/14 20:26:15 INFO StandaloneSchedulerBackend$StandaloneDriverEndpoint: Registered executor NettyRpcEndpointRef(spark-client://Executor) (172.19.0.5:46378) with ID 0,  ResourceProfileId 0
[2024-12-14T20:26:15.544+0000] {spark_submit.py:634} INFO - 24/12/14 20:26:15 INFO BlockManagerMasterEndpoint: Registering block manager 172.19.0.5:36119 with 7.0 GiB RAM, BlockManagerId(0, 172.19.0.5, 36119, None)
[2024-12-14T20:26:16.221+0000] {spark_submit.py:634} INFO - 24/12/14 20:26:16 INFO CodeGenerator: Code generated in 190.376053 ms
[2024-12-14T20:26:16.295+0000] {spark_submit.py:634} INFO - 24/12/14 20:26:16 INFO SparkContext: Starting job: toPandas at /opt/***/dags/spark_app/spark_1.py:7
[2024-12-14T20:26:16.309+0000] {spark_submit.py:634} INFO - 24/12/14 20:26:16 INFO DAGScheduler: Got job 0 (toPandas at /opt/***/dags/spark_app/spark_1.py:7) with 2 output partitions
[2024-12-14T20:26:16.310+0000] {spark_submit.py:634} INFO - 24/12/14 20:26:16 INFO DAGScheduler: Final stage: ResultStage 0 (toPandas at /opt/***/dags/spark_app/spark_1.py:7)
[2024-12-14T20:26:16.311+0000] {spark_submit.py:634} INFO - 24/12/14 20:26:16 INFO DAGScheduler: Parents of final stage: List()
[2024-12-14T20:26:16.313+0000] {spark_submit.py:634} INFO - 24/12/14 20:26:16 INFO DAGScheduler: Missing parents: List()
[2024-12-14T20:26:16.333+0000] {spark_submit.py:634} INFO - 24/12/14 20:26:16 INFO DAGScheduler: Submitting ResultStage 0 (MapPartitionsRDD[6] at toPandas at /opt/***/dags/spark_app/spark_1.py:7), which has no missing parents
[2024-12-14T20:26:16.393+0000] {spark_submit.py:634} INFO - 24/12/14 20:26:16 INFO MemoryStore: Block broadcast_0 stored as values in memory (estimated size 12.5 KiB, free 7.0 GiB)
[2024-12-14T20:26:16.421+0000] {spark_submit.py:634} INFO - 24/12/14 20:26:16 INFO MemoryStore: Block broadcast_0_piece0 stored as bytes in memory (estimated size 6.6 KiB, free 7.0 GiB)
[2024-12-14T20:26:16.425+0000] {spark_submit.py:634} INFO - 24/12/14 20:26:16 INFO BlockManagerInfo: Added broadcast_0_piece0 in memory on 8c88515bb343:35605 (size: 6.6 KiB, free: 7.0 GiB)
[2024-12-14T20:26:16.428+0000] {spark_submit.py:634} INFO - 24/12/14 20:26:16 INFO SparkContext: Created broadcast 0 from broadcast at DAGScheduler.scala:1585
[2024-12-14T20:26:16.454+0000] {spark_submit.py:634} INFO - 24/12/14 20:26:16 INFO DAGScheduler: Submitting 2 missing tasks from ResultStage 0 (MapPartitionsRDD[6] at toPandas at /opt/***/dags/spark_app/spark_1.py:7) (first 15 tasks are for partitions Vector(0, 1))
[2024-12-14T20:26:16.456+0000] {spark_submit.py:634} INFO - 24/12/14 20:26:16 INFO TaskSchedulerImpl: Adding task set 0.0 with 2 tasks resource profile 0
[2024-12-14T20:26:16.483+0000] {spark_submit.py:634} INFO - 24/12/14 20:26:16 INFO TaskSetManager: Starting task 0.0 in stage 0.0 (TID 0) (172.19.0.5, executor 0, partition 0, PROCESS_LOCAL, 9020 bytes)
[2024-12-14T20:26:16.740+0000] {spark_submit.py:634} INFO - 24/12/14 20:26:16 INFO BlockManagerInfo: Added broadcast_0_piece0 in memory on 172.19.0.5:36119 (size: 6.6 KiB, free: 7.0 GiB)
[2024-12-14T20:26:18.194+0000] {spark_submit.py:634} INFO - 24/12/14 20:26:18 INFO TaskSetManager: Starting task 1.0 in stage 0.0 (TID 1) (172.19.0.5, executor 0, partition 1, PROCESS_LOCAL, 9057 bytes)
[2024-12-14T20:26:18.208+0000] {spark_submit.py:634} INFO - 24/12/14 20:26:18 INFO TaskSetManager: Finished task 0.0 in stage 0.0 (TID 0) in 1735 ms on 172.19.0.5 (executor 0) (1/2)
[2024-12-14T20:26:18.214+0000] {spark_submit.py:634} INFO - 24/12/14 20:26:18 INFO PythonAccumulatorV2: Connected to AccumulatorServer at host: 127.0.0.1 port: 40797
[2024-12-14T20:26:18.347+0000] {spark_submit.py:634} INFO - 24/12/14 20:26:18 INFO TaskSetManager: Finished task 1.0 in stage 0.0 (TID 1) in 154 ms on 172.19.0.5 (executor 0) (2/2)
[2024-12-14T20:26:18.348+0000] {spark_submit.py:634} INFO - 24/12/14 20:26:18 INFO TaskSchedulerImpl: Removed TaskSet 0.0, whose tasks have all completed, from pool
[2024-12-14T20:26:18.349+0000] {spark_submit.py:634} INFO - 24/12/14 20:26:18 INFO DAGScheduler: ResultStage 0 (toPandas at /opt/***/dags/spark_app/spark_1.py:7) finished in 2.005 s
[2024-12-14T20:26:18.353+0000] {spark_submit.py:634} INFO - 24/12/14 20:26:18 INFO DAGScheduler: Job 0 is finished. Cancelling potential speculative or zombie tasks for this job
[2024-12-14T20:26:18.353+0000] {spark_submit.py:634} INFO - 24/12/14 20:26:18 INFO TaskSchedulerImpl: Killing all running tasks in stage 0: Stage finished
[2024-12-14T20:26:18.355+0000] {spark_submit.py:634} INFO - 24/12/14 20:26:18 INFO DAGScheduler: Job 0 finished: toPandas at /opt/***/dags/spark_app/spark_1.py:7, took 2.060085 s
[2024-12-14T20:26:18.510+0000] {spark_submit.py:634} INFO - 24/12/14 20:26:18 INFO InMemoryFileIndex: It took 13 ms to list leaf files for 1 paths.
[2024-12-14T20:26:18.553+0000] {spark_submit.py:634} INFO - 24/12/14 20:26:18 INFO InMemoryFileIndex: It took 1 ms to list leaf files for 1 paths.
[2024-12-14T20:26:19.449+0000] {spark_submit.py:634} INFO - 24/12/14 20:26:19 INFO BlockManagerInfo: Removed broadcast_0_piece0 on 8c88515bb343:35605 in memory (size: 6.6 KiB, free: 7.0 GiB)
[2024-12-14T20:26:19.456+0000] {spark_submit.py:634} INFO - 24/12/14 20:26:19 INFO BlockManagerInfo: Removed broadcast_0_piece0 on 172.19.0.5:36119 in memory (size: 6.6 KiB, free: 7.0 GiB)
[2024-12-14T20:26:19.635+0000] {spark_submit.py:634} INFO - 24/12/14 20:26:19 INFO FileSourceStrategy: Pushed Filters:
[2024-12-14T20:26:19.636+0000] {spark_submit.py:634} INFO - 24/12/14 20:26:19 INFO FileSourceStrategy: Post-Scan Filters: (length(trim(value#4, None)) > 0)
[2024-12-14T20:26:19.680+0000] {spark_submit.py:634} INFO - 24/12/14 20:26:19 INFO CodeGenerator: Code generated in 13.48613 ms
[2024-12-14T20:26:19.696+0000] {spark_submit.py:634} INFO - 24/12/14 20:26:19 INFO MemoryStore: Block broadcast_1 stored as values in memory (estimated size 200.3 KiB, free 7.0 GiB)
[2024-12-14T20:26:19.716+0000] {spark_submit.py:634} INFO - 24/12/14 20:26:19 INFO MemoryStore: Block broadcast_1_piece0 stored as bytes in memory (estimated size 34.4 KiB, free 7.0 GiB)
[2024-12-14T20:26:19.717+0000] {spark_submit.py:634} INFO - 24/12/14 20:26:19 INFO BlockManagerInfo: Added broadcast_1_piece0 in memory on 8c88515bb343:35605 (size: 34.4 KiB, free: 7.0 GiB)
[2024-12-14T20:26:19.718+0000] {spark_submit.py:634} INFO - 24/12/14 20:26:19 INFO SparkContext: Created broadcast 1 from csv at NativeMethodAccessorImpl.java:0
[2024-12-14T20:26:19.727+0000] {spark_submit.py:634} INFO - 24/12/14 20:26:19 INFO FileSourceScanExec: Planning scan with bin packing, max size: 4194304 bytes, open cost is considered as scanning 4194304 bytes.
[2024-12-14T20:26:19.757+0000] {spark_submit.py:634} INFO - 24/12/14 20:26:19 INFO SparkContext: Starting job: csv at NativeMethodAccessorImpl.java:0
[2024-12-14T20:26:19.758+0000] {spark_submit.py:634} INFO - 24/12/14 20:26:19 INFO DAGScheduler: Got job 1 (csv at NativeMethodAccessorImpl.java:0) with 1 output partitions
[2024-12-14T20:26:19.758+0000] {spark_submit.py:634} INFO - 24/12/14 20:26:19 INFO DAGScheduler: Final stage: ResultStage 1 (csv at NativeMethodAccessorImpl.java:0)
[2024-12-14T20:26:19.758+0000] {spark_submit.py:634} INFO - 24/12/14 20:26:19 INFO DAGScheduler: Parents of final stage: List()
[2024-12-14T20:26:19.759+0000] {spark_submit.py:634} INFO - 24/12/14 20:26:19 INFO DAGScheduler: Missing parents: List()
[2024-12-14T20:26:19.759+0000] {spark_submit.py:634} INFO - 24/12/14 20:26:19 INFO DAGScheduler: Submitting ResultStage 1 (MapPartitionsRDD[10] at csv at NativeMethodAccessorImpl.java:0), which has no missing parents
[2024-12-14T20:26:19.778+0000] {spark_submit.py:634} INFO - 24/12/14 20:26:19 INFO MemoryStore: Block broadcast_2 stored as values in memory (estimated size 13.5 KiB, free 7.0 GiB)
[2024-12-14T20:26:19.781+0000] {spark_submit.py:634} INFO - 24/12/14 20:26:19 INFO MemoryStore: Block broadcast_2_piece0 stored as bytes in memory (estimated size 6.4 KiB, free 7.0 GiB)
[2024-12-14T20:26:19.782+0000] {spark_submit.py:634} INFO - 24/12/14 20:26:19 INFO BlockManagerInfo: Added broadcast_2_piece0 in memory on 8c88515bb343:35605 (size: 6.4 KiB, free: 7.0 GiB)
[2024-12-14T20:26:19.783+0000] {spark_submit.py:634} INFO - 24/12/14 20:26:19 INFO SparkContext: Created broadcast 2 from broadcast at DAGScheduler.scala:1585
[2024-12-14T20:26:19.784+0000] {spark_submit.py:634} INFO - 24/12/14 20:26:19 INFO DAGScheduler: Submitting 1 missing tasks from ResultStage 1 (MapPartitionsRDD[10] at csv at NativeMethodAccessorImpl.java:0) (first 15 tasks are for partitions Vector(0))
[2024-12-14T20:26:19.784+0000] {spark_submit.py:634} INFO - 24/12/14 20:26:19 INFO TaskSchedulerImpl: Adding task set 1.0 with 1 tasks resource profile 0
[2024-12-14T20:26:19.788+0000] {spark_submit.py:634} INFO - 24/12/14 20:26:19 INFO TaskSetManager: Starting task 0.0 in stage 1.0 (TID 2) (172.19.0.5, executor 0, partition 0, PROCESS_LOCAL, 9602 bytes)
[2024-12-14T20:26:19.815+0000] {spark_submit.py:634} INFO - 24/12/14 20:26:19 INFO BlockManagerInfo: Added broadcast_2_piece0 in memory on 172.19.0.5:36119 (size: 6.4 KiB, free: 7.0 GiB)
[2024-12-14T20:26:19.997+0000] {spark_submit.py:634} INFO - 24/12/14 20:26:19 INFO BlockManagerInfo: Added broadcast_1_piece0 in memory on 172.19.0.5:36119 (size: 34.4 KiB, free: 7.0 GiB)
[2024-12-14T20:26:20.126+0000] {spark_submit.py:634} INFO - 24/12/14 20:26:20 INFO TaskSetManager: Finished task 0.0 in stage 1.0 (TID 2) in 341 ms on 172.19.0.5 (executor 0) (1/1)
[2024-12-14T20:26:20.127+0000] {spark_submit.py:634} INFO - 24/12/14 20:26:20 INFO TaskSchedulerImpl: Removed TaskSet 1.0, whose tasks have all completed, from pool
[2024-12-14T20:26:20.128+0000] {spark_submit.py:634} INFO - 24/12/14 20:26:20 INFO DAGScheduler: ResultStage 1 (csv at NativeMethodAccessorImpl.java:0) finished in 0.366 s
[2024-12-14T20:26:20.128+0000] {spark_submit.py:634} INFO - 24/12/14 20:26:20 INFO DAGScheduler: Job 1 is finished. Cancelling potential speculative or zombie tasks for this job
[2024-12-14T20:26:20.128+0000] {spark_submit.py:634} INFO - 24/12/14 20:26:20 INFO TaskSchedulerImpl: Killing all running tasks in stage 1: Stage finished
[2024-12-14T20:26:20.129+0000] {spark_submit.py:634} INFO - 24/12/14 20:26:20 INFO DAGScheduler: Job 1 finished: csv at NativeMethodAccessorImpl.java:0, took 0.371734 s
[2024-12-14T20:26:20.148+0000] {spark_submit.py:634} INFO - 24/12/14 20:26:20 INFO CodeGenerator: Code generated in 11.318934 ms
[2024-12-14T20:26:20.176+0000] {spark_submit.py:634} INFO - 24/12/14 20:26:20 INFO FileSourceStrategy: Pushed Filters:
[2024-12-14T20:26:20.176+0000] {spark_submit.py:634} INFO - 24/12/14 20:26:20 INFO FileSourceStrategy: Post-Scan Filters:
[2024-12-14T20:26:20.181+0000] {spark_submit.py:634} INFO - 24/12/14 20:26:20 INFO MemoryStore: Block broadcast_3 stored as values in memory (estimated size 200.3 KiB, free 7.0 GiB)
[2024-12-14T20:26:20.191+0000] {spark_submit.py:634} INFO - 24/12/14 20:26:20 INFO MemoryStore: Block broadcast_3_piece0 stored as bytes in memory (estimated size 34.4 KiB, free 7.0 GiB)
[2024-12-14T20:26:20.191+0000] {spark_submit.py:634} INFO - 24/12/14 20:26:20 INFO BlockManagerInfo: Added broadcast_3_piece0 in memory on 8c88515bb343:35605 (size: 34.4 KiB, free: 7.0 GiB)
[2024-12-14T20:26:20.192+0000] {spark_submit.py:634} INFO - 24/12/14 20:26:20 INFO SparkContext: Created broadcast 3 from csv at NativeMethodAccessorImpl.java:0
[2024-12-14T20:26:20.193+0000] {spark_submit.py:634} INFO - 24/12/14 20:26:20 INFO FileSourceScanExec: Planning scan with bin packing, max size: 4194304 bytes, open cost is considered as scanning 4194304 bytes.
[2024-12-14T20:26:20.231+0000] {spark_submit.py:634} INFO - 24/12/14 20:26:20 INFO SparkContext: Starting job: csv at NativeMethodAccessorImpl.java:0
[2024-12-14T20:26:20.232+0000] {spark_submit.py:634} INFO - 24/12/14 20:26:20 INFO DAGScheduler: Got job 2 (csv at NativeMethodAccessorImpl.java:0) with 1 output partitions
[2024-12-14T20:26:20.233+0000] {spark_submit.py:634} INFO - 24/12/14 20:26:20 INFO DAGScheduler: Final stage: ResultStage 2 (csv at NativeMethodAccessorImpl.java:0)
[2024-12-14T20:26:20.233+0000] {spark_submit.py:634} INFO - 24/12/14 20:26:20 INFO DAGScheduler: Parents of final stage: List()
[2024-12-14T20:26:20.233+0000] {spark_submit.py:634} INFO - 24/12/14 20:26:20 INFO DAGScheduler: Missing parents: List()
[2024-12-14T20:26:20.233+0000] {spark_submit.py:634} INFO - 24/12/14 20:26:20 INFO DAGScheduler: Submitting ResultStage 2 (MapPartitionsRDD[16] at csv at NativeMethodAccessorImpl.java:0), which has no missing parents
[2024-12-14T20:26:20.248+0000] {spark_submit.py:634} INFO - 24/12/14 20:26:20 INFO MemoryStore: Block broadcast_4 stored as values in memory (estimated size 27.7 KiB, free 7.0 GiB)
[2024-12-14T20:26:20.250+0000] {spark_submit.py:634} INFO - 24/12/14 20:26:20 INFO MemoryStore: Block broadcast_4_piece0 stored as bytes in memory (estimated size 12.7 KiB, free 7.0 GiB)
[2024-12-14T20:26:20.251+0000] {spark_submit.py:634} INFO - 24/12/14 20:26:20 INFO BlockManagerInfo: Added broadcast_4_piece0 in memory on 8c88515bb343:35605 (size: 12.7 KiB, free: 7.0 GiB)
[2024-12-14T20:26:20.252+0000] {spark_submit.py:634} INFO - 24/12/14 20:26:20 INFO SparkContext: Created broadcast 4 from broadcast at DAGScheduler.scala:1585
[2024-12-14T20:26:20.253+0000] {spark_submit.py:634} INFO - 24/12/14 20:26:20 INFO DAGScheduler: Submitting 1 missing tasks from ResultStage 2 (MapPartitionsRDD[16] at csv at NativeMethodAccessorImpl.java:0) (first 15 tasks are for partitions Vector(0))
[2024-12-14T20:26:20.253+0000] {spark_submit.py:634} INFO - 24/12/14 20:26:20 INFO TaskSchedulerImpl: Adding task set 2.0 with 1 tasks resource profile 0
[2024-12-14T20:26:20.254+0000] {spark_submit.py:634} INFO - 24/12/14 20:26:20 INFO TaskSetManager: Starting task 0.0 in stage 2.0 (TID 3) (172.19.0.5, executor 0, partition 0, PROCESS_LOCAL, 9602 bytes)
[2024-12-14T20:26:20.294+0000] {spark_submit.py:634} INFO - 24/12/14 20:26:20 INFO BlockManagerInfo: Added broadcast_4_piece0 in memory on 172.19.0.5:36119 (size: 12.7 KiB, free: 7.0 GiB)
[2024-12-14T20:26:21.283+0000] {spark_submit.py:634} INFO - 24/12/14 20:26:21 INFO BlockManagerInfo: Added broadcast_3_piece0 in memory on 172.19.0.5:36119 (size: 34.4 KiB, free: 7.0 GiB)
[2024-12-14T20:26:21.361+0000] {spark_submit.py:634} INFO - 24/12/14 20:26:21 INFO TaskSetManager: Finished task 0.0 in stage 2.0 (TID 3) in 1106 ms on 172.19.0.5 (executor 0) (1/1)
[2024-12-14T20:26:21.361+0000] {spark_submit.py:634} INFO - 24/12/14 20:26:21 INFO TaskSchedulerImpl: Removed TaskSet 2.0, whose tasks have all completed, from pool
[2024-12-14T20:26:21.362+0000] {spark_submit.py:634} INFO - 24/12/14 20:26:21 INFO DAGScheduler: ResultStage 2 (csv at NativeMethodAccessorImpl.java:0) finished in 1.127 s
[2024-12-14T20:26:21.362+0000] {spark_submit.py:634} INFO - 24/12/14 20:26:21 INFO DAGScheduler: Job 2 is finished. Cancelling potential speculative or zombie tasks for this job
[2024-12-14T20:26:21.362+0000] {spark_submit.py:634} INFO - 24/12/14 20:26:21 INFO TaskSchedulerImpl: Killing all running tasks in stage 2: Stage finished
[2024-12-14T20:26:21.368+0000] {spark_submit.py:634} INFO - 24/12/14 20:26:21 INFO DAGScheduler: Job 2 finished: csv at NativeMethodAccessorImpl.java:0, took 1.136173 s
[2024-12-14T20:26:21.411+0000] {spark_submit.py:634} INFO - 24/12/14 20:26:21 INFO FileSourceStrategy: Pushed Filters:
[2024-12-14T20:26:21.411+0000] {spark_submit.py:634} INFO - 24/12/14 20:26:21 INFO FileSourceStrategy: Post-Scan Filters:
[2024-12-14T20:26:21.446+0000] {spark_submit.py:634} INFO - 24/12/14 20:26:21 INFO CodeGenerator: Code generated in 8.740258 ms
[2024-12-14T20:26:21.449+0000] {spark_submit.py:634} INFO - 24/12/14 20:26:21 INFO MemoryStore: Block broadcast_5 stored as values in memory (estimated size 200.2 KiB, free 7.0 GiB)
[2024-12-14T20:26:21.457+0000] {spark_submit.py:634} INFO - 24/12/14 20:26:21 INFO MemoryStore: Block broadcast_5_piece0 stored as bytes in memory (estimated size 34.5 KiB, free 7.0 GiB)
[2024-12-14T20:26:21.459+0000] {spark_submit.py:634} INFO - 24/12/14 20:26:21 INFO BlockManagerInfo: Added broadcast_5_piece0 in memory on 8c88515bb343:35605 (size: 34.5 KiB, free: 7.0 GiB)
[2024-12-14T20:26:21.459+0000] {spark_submit.py:634} INFO - 24/12/14 20:26:21 INFO SparkContext: Created broadcast 5 from showString at NativeMethodAccessorImpl.java:0
[2024-12-14T20:26:21.464+0000] {spark_submit.py:634} INFO - 24/12/14 20:26:21 INFO FileSourceScanExec: Planning scan with bin packing, max size: 4194304 bytes, open cost is considered as scanning 4194304 bytes.
[2024-12-14T20:26:21.472+0000] {spark_submit.py:634} INFO - 24/12/14 20:26:21 INFO SparkContext: Starting job: showString at NativeMethodAccessorImpl.java:0
[2024-12-14T20:26:21.473+0000] {spark_submit.py:634} INFO - 24/12/14 20:26:21 INFO DAGScheduler: Got job 3 (showString at NativeMethodAccessorImpl.java:0) with 1 output partitions
[2024-12-14T20:26:21.474+0000] {spark_submit.py:634} INFO - 24/12/14 20:26:21 INFO DAGScheduler: Final stage: ResultStage 3 (showString at NativeMethodAccessorImpl.java:0)
[2024-12-14T20:26:21.474+0000] {spark_submit.py:634} INFO - 24/12/14 20:26:21 INFO DAGScheduler: Parents of final stage: List()
[2024-12-14T20:26:21.474+0000] {spark_submit.py:634} INFO - 24/12/14 20:26:21 INFO DAGScheduler: Missing parents: List()
[2024-12-14T20:26:21.474+0000] {spark_submit.py:634} INFO - 24/12/14 20:26:21 INFO DAGScheduler: Submitting ResultStage 3 (MapPartitionsRDD[20] at showString at NativeMethodAccessorImpl.java:0), which has no missing parents
[2024-12-14T20:26:21.477+0000] {spark_submit.py:634} INFO - 24/12/14 20:26:21 INFO MemoryStore: Block broadcast_6 stored as values in memory (estimated size 15.2 KiB, free 7.0 GiB)
[2024-12-14T20:26:21.495+0000] {spark_submit.py:634} INFO - 24/12/14 20:26:21 INFO MemoryStore: Block broadcast_6_piece0 stored as bytes in memory (estimated size 7.5 KiB, free 7.0 GiB)
[2024-12-14T20:26:21.495+0000] {spark_submit.py:634} INFO - 24/12/14 20:26:21 INFO BlockManagerInfo: Added broadcast_6_piece0 in memory on 8c88515bb343:35605 (size: 7.5 KiB, free: 7.0 GiB)
[2024-12-14T20:26:21.495+0000] {spark_submit.py:634} INFO - 24/12/14 20:26:21 INFO SparkContext: Created broadcast 6 from broadcast at DAGScheduler.scala:1585
[2024-12-14T20:26:21.502+0000] {spark_submit.py:634} INFO - 24/12/14 20:26:21 INFO DAGScheduler: Submitting 1 missing tasks from ResultStage 3 (MapPartitionsRDD[20] at showString at NativeMethodAccessorImpl.java:0) (first 15 tasks are for partitions Vector(0))
[2024-12-14T20:26:21.502+0000] {spark_submit.py:634} INFO - 24/12/14 20:26:21 INFO TaskSchedulerImpl: Adding task set 3.0 with 1 tasks resource profile 0
[2024-12-14T20:26:21.502+0000] {spark_submit.py:634} INFO - 24/12/14 20:26:21 INFO BlockManagerInfo: Removed broadcast_1_piece0 on 172.19.0.5:36119 in memory (size: 34.4 KiB, free: 7.0 GiB)
[2024-12-14T20:26:21.503+0000] {spark_submit.py:634} INFO - 24/12/14 20:26:21 INFO TaskSetManager: Starting task 0.0 in stage 3.0 (TID 4) (172.19.0.5, executor 0, partition 0, PROCESS_LOCAL, 9602 bytes)
[2024-12-14T20:26:21.504+0000] {spark_submit.py:634} INFO - 24/12/14 20:26:21 INFO BlockManagerInfo: Removed broadcast_1_piece0 on 8c88515bb343:35605 in memory (size: 34.4 KiB, free: 7.0 GiB)
[2024-12-14T20:26:21.532+0000] {spark_submit.py:634} INFO - 24/12/14 20:26:21 INFO BlockManagerInfo: Removed broadcast_4_piece0 on 8c88515bb343:35605 in memory (size: 12.7 KiB, free: 7.0 GiB)
[2024-12-14T20:26:21.536+0000] {spark_submit.py:634} INFO - 24/12/14 20:26:21 INFO BlockManagerInfo: Added broadcast_6_piece0 in memory on 172.19.0.5:36119 (size: 7.5 KiB, free: 7.0 GiB)
[2024-12-14T20:26:21.536+0000] {spark_submit.py:634} INFO - 24/12/14 20:26:21 INFO BlockManagerInfo: Removed broadcast_4_piece0 on 172.19.0.5:36119 in memory (size: 12.7 KiB, free: 7.0 GiB)
[2024-12-14T20:26:21.546+0000] {spark_submit.py:634} INFO - 24/12/14 20:26:21 INFO BlockManagerInfo: Removed broadcast_3_piece0 on 8c88515bb343:35605 in memory (size: 34.4 KiB, free: 7.0 GiB)
[2024-12-14T20:26:21.550+0000] {spark_submit.py:634} INFO - 24/12/14 20:26:21 INFO BlockManagerInfo: Removed broadcast_3_piece0 on 172.19.0.5:36119 in memory (size: 34.4 KiB, free: 7.0 GiB)
[2024-12-14T20:26:21.567+0000] {spark_submit.py:634} INFO - 24/12/14 20:26:21 INFO BlockManagerInfo: Removed broadcast_2_piece0 on 8c88515bb343:35605 in memory (size: 6.4 KiB, free: 7.0 GiB)
[2024-12-14T20:26:21.571+0000] {spark_submit.py:634} INFO - 24/12/14 20:26:21 INFO BlockManagerInfo: Removed broadcast_2_piece0 on 172.19.0.5:36119 in memory (size: 6.4 KiB, free: 7.0 GiB)
[2024-12-14T20:26:21.588+0000] {spark_submit.py:634} INFO - 24/12/14 20:26:21 INFO BlockManagerInfo: Added broadcast_5_piece0 in memory on 172.19.0.5:36119 (size: 34.5 KiB, free: 7.0 GiB)
[2024-12-14T20:26:21.637+0000] {spark_submit.py:634} INFO - 24/12/14 20:26:21 INFO TaskSetManager: Finished task 0.0 in stage 3.0 (TID 4) in 135 ms on 172.19.0.5 (executor 0) (1/1)
[2024-12-14T20:26:21.637+0000] {spark_submit.py:634} INFO - 24/12/14 20:26:21 INFO TaskSchedulerImpl: Removed TaskSet 3.0, whose tasks have all completed, from pool
[2024-12-14T20:26:21.638+0000] {spark_submit.py:634} INFO - 24/12/14 20:26:21 INFO DAGScheduler: ResultStage 3 (showString at NativeMethodAccessorImpl.java:0) finished in 0.162 s
[2024-12-14T20:26:21.638+0000] {spark_submit.py:634} INFO - 24/12/14 20:26:21 INFO DAGScheduler: Job 3 is finished. Cancelling potential speculative or zombie tasks for this job
[2024-12-14T20:26:21.638+0000] {spark_submit.py:634} INFO - 24/12/14 20:26:21 INFO TaskSchedulerImpl: Killing all running tasks in stage 3: Stage finished
[2024-12-14T20:26:21.639+0000] {spark_submit.py:634} INFO - 24/12/14 20:26:21 INFO DAGScheduler: Job 3 finished: showString at NativeMethodAccessorImpl.java:0, took 0.165820 s
[2024-12-14T20:26:21.653+0000] {spark_submit.py:634} INFO - 24/12/14 20:26:21 INFO CodeGenerator: Code generated in 10.091638 ms
[2024-12-14T20:26:21.658+0000] {spark_submit.py:634} INFO - +-------+-----+
[2024-12-14T20:26:21.659+0000] {spark_submit.py:634} INFO - |   Name|Value|
[2024-12-14T20:26:21.659+0000] {spark_submit.py:634} INFO - +-------+-----+
[2024-12-14T20:26:21.659+0000] {spark_submit.py:634} INFO - |  Alice|    1|
[2024-12-14T20:26:21.659+0000] {spark_submit.py:634} INFO - |    Bob|    2|
[2024-12-14T20:26:21.659+0000] {spark_submit.py:634} INFO - |Charlie|    3|
[2024-12-14T20:26:21.660+0000] {spark_submit.py:634} INFO - +-------+-----+
[2024-12-14T20:26:21.660+0000] {spark_submit.py:634} INFO - 
[2024-12-14T20:26:21.680+0000] {spark_submit.py:634} INFO - 24/12/14 20:26:21 INFO FileSourceStrategy: Pushed Filters:
[2024-12-14T20:26:21.681+0000] {spark_submit.py:634} INFO - 24/12/14 20:26:21 INFO FileSourceStrategy: Post-Scan Filters:
[2024-12-14T20:26:21.697+0000] {spark_submit.py:634} INFO - 24/12/14 20:26:21 INFO MemoryStore: Block broadcast_7 stored as values in memory (estimated size 200.2 KiB, free 7.0 GiB)
[2024-12-14T20:26:21.708+0000] {spark_submit.py:634} INFO - 24/12/14 20:26:21 INFO MemoryStore: Block broadcast_7_piece0 stored as bytes in memory (estimated size 34.5 KiB, free 7.0 GiB)
[2024-12-14T20:26:21.709+0000] {spark_submit.py:634} INFO - 24/12/14 20:26:21 INFO BlockManagerInfo: Added broadcast_7_piece0 in memory on 8c88515bb343:35605 (size: 34.5 KiB, free: 7.0 GiB)
[2024-12-14T20:26:21.710+0000] {spark_submit.py:634} INFO - 24/12/14 20:26:21 INFO SparkContext: Created broadcast 7 from showString at NativeMethodAccessorImpl.java:0
[2024-12-14T20:26:21.712+0000] {spark_submit.py:634} INFO - 24/12/14 20:26:21 INFO FileSourceScanExec: Planning scan with bin packing, max size: 4194304 bytes, open cost is considered as scanning 4194304 bytes.
[2024-12-14T20:26:21.721+0000] {spark_submit.py:634} INFO - 24/12/14 20:26:21 INFO SparkContext: Starting job: showString at NativeMethodAccessorImpl.java:0
[2024-12-14T20:26:21.722+0000] {spark_submit.py:634} INFO - 24/12/14 20:26:21 INFO DAGScheduler: Got job 4 (showString at NativeMethodAccessorImpl.java:0) with 1 output partitions
[2024-12-14T20:26:21.722+0000] {spark_submit.py:634} INFO - 24/12/14 20:26:21 INFO DAGScheduler: Final stage: ResultStage 4 (showString at NativeMethodAccessorImpl.java:0)
[2024-12-14T20:26:21.722+0000] {spark_submit.py:634} INFO - 24/12/14 20:26:21 INFO DAGScheduler: Parents of final stage: List()
[2024-12-14T20:26:21.723+0000] {spark_submit.py:634} INFO - 24/12/14 20:26:21 INFO DAGScheduler: Missing parents: List()
[2024-12-14T20:26:21.723+0000] {spark_submit.py:634} INFO - 24/12/14 20:26:21 INFO DAGScheduler: Submitting ResultStage 4 (MapPartitionsRDD[24] at showString at NativeMethodAccessorImpl.java:0), which has no missing parents
[2024-12-14T20:26:21.725+0000] {spark_submit.py:634} INFO - 24/12/14 20:26:21 INFO MemoryStore: Block broadcast_8 stored as values in memory (estimated size 15.2 KiB, free 7.0 GiB)
[2024-12-14T20:26:21.726+0000] {spark_submit.py:634} INFO - 24/12/14 20:26:21 INFO MemoryStore: Block broadcast_8_piece0 stored as bytes in memory (estimated size 7.5 KiB, free 7.0 GiB)
[2024-12-14T20:26:21.727+0000] {spark_submit.py:634} INFO - 24/12/14 20:26:21 INFO BlockManagerInfo: Added broadcast_8_piece0 in memory on 8c88515bb343:35605 (size: 7.5 KiB, free: 7.0 GiB)
[2024-12-14T20:26:21.727+0000] {spark_submit.py:634} INFO - 24/12/14 20:26:21 INFO SparkContext: Created broadcast 8 from broadcast at DAGScheduler.scala:1585
[2024-12-14T20:26:21.728+0000] {spark_submit.py:634} INFO - 24/12/14 20:26:21 INFO DAGScheduler: Submitting 1 missing tasks from ResultStage 4 (MapPartitionsRDD[24] at showString at NativeMethodAccessorImpl.java:0) (first 15 tasks are for partitions Vector(0))
[2024-12-14T20:26:21.728+0000] {spark_submit.py:634} INFO - 24/12/14 20:26:21 INFO TaskSchedulerImpl: Adding task set 4.0 with 1 tasks resource profile 0
[2024-12-14T20:26:21.729+0000] {spark_submit.py:634} INFO - 24/12/14 20:26:21 INFO TaskSetManager: Starting task 0.0 in stage 4.0 (TID 5) (172.19.0.5, executor 0, partition 0, PROCESS_LOCAL, 9602 bytes)
[2024-12-14T20:26:21.742+0000] {spark_submit.py:634} INFO - 24/12/14 20:26:21 INFO BlockManagerInfo: Added broadcast_8_piece0 in memory on 172.19.0.5:36119 (size: 7.5 KiB, free: 7.0 GiB)
[2024-12-14T20:26:21.758+0000] {spark_submit.py:634} INFO - 24/12/14 20:26:21 INFO BlockManagerInfo: Added broadcast_7_piece0 in memory on 172.19.0.5:36119 (size: 34.5 KiB, free: 7.0 GiB)
[2024-12-14T20:26:21.781+0000] {spark_submit.py:634} INFO - 24/12/14 20:26:21 INFO TaskSetManager: Finished task 0.0 in stage 4.0 (TID 5) in 51 ms on 172.19.0.5 (executor 0) (1/1)
[2024-12-14T20:26:21.781+0000] {spark_submit.py:634} INFO - 24/12/14 20:26:21 INFO TaskSchedulerImpl: Removed TaskSet 4.0, whose tasks have all completed, from pool
[2024-12-14T20:26:21.782+0000] {spark_submit.py:634} INFO - 24/12/14 20:26:21 INFO DAGScheduler: ResultStage 4 (showString at NativeMethodAccessorImpl.java:0) finished in 0.058 s
[2024-12-14T20:26:21.782+0000] {spark_submit.py:634} INFO - 24/12/14 20:26:21 INFO DAGScheduler: Job 4 is finished. Cancelling potential speculative or zombie tasks for this job
[2024-12-14T20:26:21.782+0000] {spark_submit.py:634} INFO - 24/12/14 20:26:21 INFO TaskSchedulerImpl: Killing all running tasks in stage 4: Stage finished
[2024-12-14T20:26:21.782+0000] {spark_submit.py:634} INFO - 24/12/14 20:26:21 INFO DAGScheduler: Job 4 finished: showString at NativeMethodAccessorImpl.java:0, took 0.061186 s
[2024-12-14T20:26:21.788+0000] {spark_submit.py:634} INFO - +-------+-----+
[2024-12-14T20:26:21.788+0000] {spark_submit.py:634} INFO - |   Name|Value|
[2024-12-14T20:26:21.789+0000] {spark_submit.py:634} INFO - +-------+-----+
[2024-12-14T20:26:21.789+0000] {spark_submit.py:634} INFO - |  Alice|    1|
[2024-12-14T20:26:21.789+0000] {spark_submit.py:634} INFO - |    Bob|    2|
[2024-12-14T20:26:21.789+0000] {spark_submit.py:634} INFO - |Charlie|    3|
[2024-12-14T20:26:21.789+0000] {spark_submit.py:634} INFO - +-------+-----+
[2024-12-14T20:26:21.789+0000] {spark_submit.py:634} INFO - 
[2024-12-14T20:26:21.793+0000] {spark_submit.py:634} INFO - 24/12/14 20:26:21 INFO FileSourceStrategy: Pushed Filters:
[2024-12-14T20:26:21.794+0000] {spark_submit.py:634} INFO - 24/12/14 20:26:21 INFO FileSourceStrategy: Post-Scan Filters:
[2024-12-14T20:26:21.799+0000] {spark_submit.py:634} INFO - 24/12/14 20:26:21 INFO MemoryStore: Block broadcast_9 stored as values in memory (estimated size 200.2 KiB, free 7.0 GiB)
[2024-12-14T20:26:21.809+0000] {spark_submit.py:634} INFO - 24/12/14 20:26:21 INFO MemoryStore: Block broadcast_9_piece0 stored as bytes in memory (estimated size 34.5 KiB, free 7.0 GiB)
[2024-12-14T20:26:21.810+0000] {spark_submit.py:634} INFO - 24/12/14 20:26:21 INFO BlockManagerInfo: Added broadcast_9_piece0 in memory on 8c88515bb343:35605 (size: 34.5 KiB, free: 7.0 GiB)
[2024-12-14T20:26:21.810+0000] {spark_submit.py:634} INFO - 24/12/14 20:26:21 INFO SparkContext: Created broadcast 9 from toPandas at /opt/***/dags/spark_app/spark_1.py:16
[2024-12-14T20:26:21.812+0000] {spark_submit.py:634} INFO - 24/12/14 20:26:21 INFO FileSourceScanExec: Planning scan with bin packing, max size: 4194304 bytes, open cost is considered as scanning 4194304 bytes.
[2024-12-14T20:26:21.822+0000] {spark_submit.py:634} INFO - 24/12/14 20:26:21 INFO SparkContext: Starting job: toPandas at /opt/***/dags/spark_app/spark_1.py:16
[2024-12-14T20:26:21.823+0000] {spark_submit.py:634} INFO - 24/12/14 20:26:21 INFO DAGScheduler: Got job 5 (toPandas at /opt/***/dags/spark_app/spark_1.py:16) with 1 output partitions
[2024-12-14T20:26:21.824+0000] {spark_submit.py:634} INFO - 24/12/14 20:26:21 INFO DAGScheduler: Final stage: ResultStage 5 (toPandas at /opt/***/dags/spark_app/spark_1.py:16)
[2024-12-14T20:26:21.824+0000] {spark_submit.py:634} INFO - 24/12/14 20:26:21 INFO DAGScheduler: Parents of final stage: List()
[2024-12-14T20:26:21.824+0000] {spark_submit.py:634} INFO - 24/12/14 20:26:21 INFO DAGScheduler: Missing parents: List()
[2024-12-14T20:26:21.824+0000] {spark_submit.py:634} INFO - 24/12/14 20:26:21 INFO DAGScheduler: Submitting ResultStage 5 (MapPartitionsRDD[27] at toPandas at /opt/***/dags/spark_app/spark_1.py:16), which has no missing parents
[2024-12-14T20:26:21.827+0000] {spark_submit.py:634} INFO - 24/12/14 20:26:21 INFO MemoryStore: Block broadcast_10 stored as values in memory (estimated size 11.8 KiB, free 7.0 GiB)
[2024-12-14T20:26:21.847+0000] {spark_submit.py:634} INFO - 24/12/14 20:26:21 INFO MemoryStore: Block broadcast_10_piece0 stored as bytes in memory (estimated size 6.2 KiB, free 7.0 GiB)
[2024-12-14T20:26:21.848+0000] {spark_submit.py:634} INFO - 24/12/14 20:26:21 INFO BlockManagerInfo: Added broadcast_10_piece0 in memory on 8c88515bb343:35605 (size: 6.2 KiB, free: 7.0 GiB)
[2024-12-14T20:26:21.849+0000] {spark_submit.py:634} INFO - 24/12/14 20:26:21 INFO SparkContext: Created broadcast 10 from broadcast at DAGScheduler.scala:1585
[2024-12-14T20:26:21.849+0000] {spark_submit.py:634} INFO - 24/12/14 20:26:21 INFO DAGScheduler: Submitting 1 missing tasks from ResultStage 5 (MapPartitionsRDD[27] at toPandas at /opt/***/dags/spark_app/spark_1.py:16) (first 15 tasks are for partitions Vector(0))
[2024-12-14T20:26:21.850+0000] {spark_submit.py:634} INFO - 24/12/14 20:26:21 INFO TaskSchedulerImpl: Adding task set 5.0 with 1 tasks resource profile 0
[2024-12-14T20:26:21.851+0000] {spark_submit.py:634} INFO - 24/12/14 20:26:21 INFO BlockManagerInfo: Removed broadcast_8_piece0 on 172.19.0.5:36119 in memory (size: 7.5 KiB, free: 7.0 GiB)
[2024-12-14T20:26:21.851+0000] {spark_submit.py:634} INFO - 24/12/14 20:26:21 INFO TaskSetManager: Starting task 0.0 in stage 5.0 (TID 6) (172.19.0.5, executor 0, partition 0, PROCESS_LOCAL, 9602 bytes)
[2024-12-14T20:26:21.853+0000] {spark_submit.py:634} INFO - 24/12/14 20:26:21 INFO BlockManagerInfo: Removed broadcast_8_piece0 on 8c88515bb343:35605 in memory (size: 7.5 KiB, free: 7.0 GiB)
[2024-12-14T20:26:21.865+0000] {spark_submit.py:634} INFO - 24/12/14 20:26:21 INFO BlockManagerInfo: Removed broadcast_5_piece0 on 8c88515bb343:35605 in memory (size: 34.5 KiB, free: 7.0 GiB)
[2024-12-14T20:26:21.872+0000] {spark_submit.py:634} INFO - 24/12/14 20:26:21 INFO BlockManagerInfo: Removed broadcast_5_piece0 on 172.19.0.5:36119 in memory (size: 34.5 KiB, free: 7.0 GiB)
[2024-12-14T20:26:21.873+0000] {spark_submit.py:634} INFO - 24/12/14 20:26:21 INFO BlockManagerInfo: Added broadcast_10_piece0 in memory on 172.19.0.5:36119 (size: 6.2 KiB, free: 7.0 GiB)
[2024-12-14T20:26:21.884+0000] {spark_submit.py:634} INFO - 24/12/14 20:26:21 INFO BlockManagerInfo: Removed broadcast_6_piece0 on 8c88515bb343:35605 in memory (size: 7.5 KiB, free: 7.0 GiB)
[2024-12-14T20:26:21.885+0000] {spark_submit.py:634} INFO - 24/12/14 20:26:21 INFO BlockManagerInfo: Removed broadcast_6_piece0 on 172.19.0.5:36119 in memory (size: 7.5 KiB, free: 7.0 GiB)
[2024-12-14T20:26:21.890+0000] {spark_submit.py:634} INFO - 24/12/14 20:26:21 INFO BlockManagerInfo: Removed broadcast_7_piece0 on 8c88515bb343:35605 in memory (size: 34.5 KiB, free: 7.0 GiB)
[2024-12-14T20:26:21.893+0000] {spark_submit.py:634} INFO - 24/12/14 20:26:21 INFO BlockManagerInfo: Removed broadcast_7_piece0 on 172.19.0.5:36119 in memory (size: 34.5 KiB, free: 7.0 GiB)
[2024-12-14T20:26:21.893+0000] {spark_submit.py:634} INFO - 24/12/14 20:26:21 INFO BlockManagerInfo: Added broadcast_9_piece0 in memory on 172.19.0.5:36119 (size: 34.5 KiB, free: 7.0 GiB)
[2024-12-14T20:26:21.925+0000] {spark_submit.py:634} INFO - 24/12/14 20:26:21 INFO TaskSetManager: Finished task 0.0 in stage 5.0 (TID 6) in 74 ms on 172.19.0.5 (executor 0) (1/1)
[2024-12-14T20:26:21.925+0000] {spark_submit.py:634} INFO - 24/12/14 20:26:21 INFO TaskSchedulerImpl: Removed TaskSet 5.0, whose tasks have all completed, from pool
[2024-12-14T20:26:21.925+0000] {spark_submit.py:634} INFO - 24/12/14 20:26:21 INFO DAGScheduler: ResultStage 5 (toPandas at /opt/***/dags/spark_app/spark_1.py:16) finished in 0.100 s
[2024-12-14T20:26:21.926+0000] {spark_submit.py:634} INFO - 24/12/14 20:26:21 INFO DAGScheduler: Job 5 is finished. Cancelling potential speculative or zombie tasks for this job
[2024-12-14T20:26:21.926+0000] {spark_submit.py:634} INFO - 24/12/14 20:26:21 INFO TaskSchedulerImpl: Killing all running tasks in stage 5: Stage finished
[2024-12-14T20:26:21.926+0000] {spark_submit.py:634} INFO - 24/12/14 20:26:21 INFO DAGScheduler: Job 5 finished: toPandas at /opt/***/dags/spark_app/spark_1.py:16, took 0.103716 s
[2024-12-14T20:26:21.937+0000] {spark_submit.py:634} INFO - 24/12/14 20:26:21 INFO SparkContext: SparkContext is stopping with exitCode 0.
[2024-12-14T20:26:21.944+0000] {spark_submit.py:634} INFO - 24/12/14 20:26:21 INFO SparkUI: Stopped Spark web UI at http://8c88515bb343:4040
[2024-12-14T20:26:21.946+0000] {spark_submit.py:634} INFO - 24/12/14 20:26:21 INFO StandaloneSchedulerBackend: Shutting down all executors
[2024-12-14T20:26:21.949+0000] {spark_submit.py:634} INFO - 24/12/14 20:26:21 INFO StandaloneSchedulerBackend$StandaloneDriverEndpoint: Asking each executor to shut down
[2024-12-14T20:26:21.973+0000] {spark_submit.py:634} INFO - 24/12/14 20:26:21 INFO MapOutputTrackerMasterEndpoint: MapOutputTrackerMasterEndpoint stopped!
[2024-12-14T20:26:22.002+0000] {spark_submit.py:634} INFO - 24/12/14 20:26:22 INFO MemoryStore: MemoryStore cleared
[2024-12-14T20:26:22.003+0000] {spark_submit.py:634} INFO - 24/12/14 20:26:22 INFO BlockManager: BlockManager stopped
[2024-12-14T20:26:22.014+0000] {spark_submit.py:634} INFO - 24/12/14 20:26:22 INFO BlockManagerMaster: BlockManagerMaster stopped
[2024-12-14T20:26:22.016+0000] {spark_submit.py:634} INFO - 24/12/14 20:26:22 INFO OutputCommitCoordinator$OutputCommitCoordinatorEndpoint: OutputCommitCoordinator stopped!
[2024-12-14T20:26:22.028+0000] {spark_submit.py:634} INFO - 24/12/14 20:26:22 INFO SparkContext: Successfully stopped SparkContext
[2024-12-14T20:26:22.454+0000] {spark_submit.py:634} INFO - 24/12/14 20:26:22 INFO ShutdownHookManager: Shutdown hook called
[2024-12-14T20:26:22.455+0000] {spark_submit.py:634} INFO - 24/12/14 20:26:22 INFO ShutdownHookManager: Deleting directory /tmp/spark-149f6576-612b-4672-8384-608358271f7a
[2024-12-14T20:26:22.458+0000] {spark_submit.py:634} INFO - 24/12/14 20:26:22 INFO ShutdownHookManager: Deleting directory /tmp/spark-149f6576-612b-4672-8384-608358271f7a/pyspark-b7569862-93c4-4a68-8f6a-928e40384f75
[2024-12-14T20:26:22.461+0000] {spark_submit.py:634} INFO - 24/12/14 20:26:22 INFO ShutdownHookManager: Deleting directory /tmp/spark-1b490013-cd37-4c05-b665-4a81ef5ae119
[2024-12-14T20:26:22.501+0000] {taskinstance.py:340} INFO - ::group::Post task execution logs
[2024-12-14T20:26:22.502+0000] {taskinstance.py:352} INFO - Marking task as SUCCESS. dag_id=spark_example, task_id=spark_submit_job, run_id=manual__2024-12-14T20:25:08.594387+00:00, execution_date=20241214T202508, start_date=20241214T202608, end_date=20241214T202622
[2024-12-14T20:26:22.520+0000] {local_task_job_runner.py:266} INFO - Task exited with return code 0
[2024-12-14T20:26:22.532+0000] {taskinstance.py:3895} INFO - 0 downstream tasks scheduled from follow-on schedule check
[2024-12-14T20:26:22.533+0000] {local_task_job_runner.py:245} INFO - ::endgroup::
